238K available
Compiling RH109.PRG
RH109.PRG(11)  Warning C1004  Ambiguous reference, assuming memvar: 'CTIPOVAL'
RH109.PRG(13)  Warning C1003  Ambiguous reference: 'CTIPOVAL'
RH109.PRG(13)  Warning C1004  Ambiguous reference, assuming memvar: 'CTIPOVAL'
RH109.PRG(15)  Warning C1003  Ambiguous reference: 'CTIPOVAL'
RH109.PRG(16)  Warning C1003  Ambiguous reference: 'SITUACAO'
RH109.PRG(16)  Warning C1003  Ambiguous reference: 'FILIAL'
RH109.PRG(22)  Warning C1003  Ambiguous reference: 'CODIGO'
RH109.PRG(63)  Warning C1004  Ambiguous reference, assuming memvar: 'XNIVEL'
RH109.PRG(66)  Warning C1004  Ambiguous reference, assuming memvar: 'XNIVEL'
RH109.PRG(66)  Warning C1004  Ambiguous reference, assuming memvar: 'XNIVEL'
RH109.PRG(67)  Warning C1004  Ambiguous reference, assuming memvar: 'XNIVEL'
RH109.PRG(67)  Warning C1004  Ambiguous reference, assuming memvar: 'XNIVEL'
RH109.PRG(68)  Warning C1004  Ambiguous reference, assuming memvar: 'XNIVEL'
RH109.PRG(68)  Warning C1004  Ambiguous reference, assuming memvar: 'XNIVEL'
RH109.PRG(78)  Warning C1004  Ambiguous reference, assuming memvar: 'XNIVEL'
RH109.PRG(79)  Warning C1004  Ambiguous reference, assuming memvar: 'XFLAG'
RH109.PRG(83)  Warning C1003  Ambiguous reference: 'XNIVEL'
RH109.PRG(83)  Warning C1003  Ambiguous reference: 'XNIVEL'
RH109.PRG(84)  Warning C1003  Ambiguous reference: 'XNIVEL'
RH109.PRG(85)  Warning C1001  RETURN statement with no value in function
RH109.PRG(86)  Warning C1003  Ambiguous reference: 'XFLAG'
RH109.PRG(86)  Warning C1004  Ambiguous reference, assuming memvar: 'XNIVEL'
RH109.PRG(86)  Warning C1004  Ambiguous reference, assuming memvar: 'XNIVEL'
RH109.PRG(86)  Warning C1004  Ambiguous reference, assuming memvar: 'XNIVEL'
RH109.PRG(86)  Warning C1004  Ambiguous reference, assuming memvar: 'XNIVEL'
RH109.PRG(100) Warning C1001  RETURN statement with no value in function
RH109.PRG(115) Warning C1004  Ambiguous reference, assuming memvar: 'XNIVEL'
RH109.PRG(118) Warning C1004  Ambiguous reference, assuming memvar: 'XNIVEL'
RH109.PRG(118) Warning C1004  Ambiguous reference, assuming memvar: 'XNIVEL'
RH109.PRG(119) Warning C1004  Ambiguous reference, assuming memvar: 'XNIVEL'
RH109.PRG(119) Warning C1004  Ambiguous reference, assuming memvar: 'XNIVEL'
RH109.PRG(120) Warning C1004  Ambiguous reference, assuming memvar: 'XNIVEL'
RH109.PRG(120) Warning C1004  Ambiguous reference, assuming memvar: 'XNIVEL'
RH109.PRG(121) Warning C1004  Ambiguous reference, assuming memvar: 'XNIVEL'
RH109.PRG(121) Warning C1004  Ambiguous reference, assuming memvar: 'XNIVEL'
RH109.PRG(130) Warning C1004  Ambiguous reference, assuming memvar: 'XNIVEL'
RH109.PRG(131) Warning C1004  Ambiguous reference, assuming memvar: 'XFLAG'
RH109.PRG(135) Warning C1003  Ambiguous reference: 'XNIVEL'
RH109.PRG(135) Warning C1003  Ambiguous reference: 'XNIVEL'
RH109.PRG(136) Warning C1003  Ambiguous reference: 'XNIVEL'
RH109.PRG(137) Warning C1001  RETURN statement with no value in function
RH109.PRG(138) Warning C1003  Ambiguous reference: 'XFLAG'
RH109.PRG(138) Warning C1004  Ambiguous reference, assuming memvar: 'XNIVEL'
RH109.PRG(138) Warning C1004  Ambiguous reference, assuming memvar: 'XNIVEL'
RH109.PRG(138) Warning C1004  Ambiguous reference, assuming memvar: 'XNIVEL'
RH109.PRG(138) Warning C1004  Ambiguous reference, assuming memvar: 'XNIVEL'
RH109.PRG(153) Warning C1001  RETURN statement with no value in function
47 warnings                
Code size 1542, Symbols 576, Constants 570
