238K available
Compiling RH101.PRG
RH101.PRG(15)  Warning C1004  Ambiguous reference, assuming memvar: 'CADIC'
RH101.PRG(16)  Warning C1004  Ambiguous reference, assuming memvar: 'NDIAS_CTR'
RH101.PRG(17)  Warning C1004  Ambiguous reference, assuming memvar: 'SBLOCO_AA'
RH101.PRG(37)  Warning C1003  Ambiguous reference: 'COPCAO'
RH101.PRG(37)  Warning C1004  Ambiguous reference, assuming memvar: 'COPCAO'
RH101.PRG(38)  Warning C1003  Ambiguous reference: 'COPCAO'
RH101.PRG(39)  Warning C1003  Ambiguous reference: 'COPCAO'
RH101.PRG(40)  Warning C1003  Ambiguous reference: 'COPCAO'
RH101.PRG(40)  Warning C1003  Ambiguous reference: 'XUSRA'
RH101.PRG(42)  Warning C1003  Ambiguous reference: 'COPCAO'
RH101.PRG(52)  Warning C1003  Ambiguous reference: 'ANOMES'
RH101.PRG(52)  Warning C1003  Ambiguous reference: 'XANOMES'
RH101.PRG(54)  Warning C1004  Ambiguous reference, assuming memvar: 'CADIC'
RH101.PRG(60)  Warning C1004  Ambiguous reference, assuming memvar: 'NBOT'
RH101.PRG(60)  Warning C1004  Ambiguous reference, assuming memvar: 'NTOP'
RH101.PRG(66)  Warning C1004  Ambiguous reference, assuming memvar: 'NTOP'
RH101.PRG(69)  Warning C1004  Ambiguous reference, assuming memvar: 'NBOT'
RH101.PRG(87)  Warning C1003  Ambiguous reference: 'NTOP'
RH101.PRG(87)  Warning C1003  Ambiguous reference: 'NBOT'
RH101.PRG(95)  Warning C1004  Ambiguous reference, assuming memvar: 'CADIC'
RH101.PRG(108) Warning C1003  Ambiguous reference: 'SITUACAO'
RH101.PRG(121) Warning C1004  Ambiguous reference, assuming memvar: 'AEDICAO3'
RH101.PRG(121) Warning C1004  Ambiguous reference, assuming memvar: 'AEDICAO2'
RH101.PRG(121) Warning C1004  Ambiguous reference, assuming memvar: 'AEDICAO1'
RH101.PRG(122) Warning C1004  Ambiguous reference, assuming memvar: 'AEDICAO6'
RH101.PRG(122) Warning C1004  Ambiguous reference, assuming memvar: 'AEDICAO5'
RH101.PRG(122) Warning C1004  Ambiguous reference, assuming memvar: 'AEDICAO4'
RH101.PRG(125) Warning C1004  Ambiguous reference, assuming memvar: 'AHIST'
RH101.PRG(136) Warning C1003  Ambiguous reference: 'COPCAO'
RH101.PRG(137) Warning C1003  Ambiguous reference: 'FNOME'
RH101.PRG(137) Warning C1003  Ambiguous reference: 'XNIVEL'
RH101.PRG(137) Warning C1003  Ambiguous reference: 'XNIVEL'
RH101.PRG(137) Warning C1003  Ambiguous reference: 'XFLAG'
RH101.PRG(137) Warning C1003  Ambiguous reference: 'FNOME'
RH101.PRG(137) Warning C1003  Ambiguous reference: 'XNIVEL'
RH101.PRG(137) Warning C1004  Ambiguous reference, assuming memvar: 'BESCAPE'
RH101.PRG(139) Warning C1003  Ambiguous reference: 'XNIVEL'
RH101.PRG(139) Warning C1003  Ambiguous reference: 'XFLAG'
RH101.PRG(139) Warning C1004  Ambiguous reference, assuming memvar: 'BESCAPE'
RH101.PRG(142) Warning C1004  Ambiguous reference, assuming memvar: 'LCONF'
RH101.PRG(150) Warning C1003  Ambiguous reference: 'COPCAO'
RH101.PRG(150) Warning C1001  RETURN statement with no value in function
RH101.PRG(154) Warning C1003  Ambiguous reference: 'COPCAO'
RH101.PRG(154) Warning C1001  RETURN statement with no value in function
RH101.PRG(165) Warning C1003  Ambiguous reference: 'COPCAO'
RH101.PRG(185) Warning C1004  Ambiguous reference, assuming memvar: 'CVETOR_ATUAL'
RH101.PRG(186) Warning C1004  Ambiguous reference, assuming memvar: 'NTECLA_ALT'
RH101.PRG(187) Warning C1004  Ambiguous reference, assuming memvar: 'NCTRL_TELA'
RH101.PRG(188) Warning C1004  Ambiguous reference, assuming memvar: 'XFLAG'
RH101.PRG(192) Warning C1003  Ambiguous reference: 'NCTRL_TELA'
RH101.PRG(192) Warning C1003  Ambiguous reference: 'NCTRL_TELA'
RH101.PRG(194) Warning C1003  Ambiguous reference: 'XFLAG'
RH101.PRG(195) Warning C1003  Ambiguous reference: 'CVETOR_ATUAL'
RH101.PRG(195) Warning C1003  Ambiguous reference: 'NCTRL_TELA'
RH101.PRG(195) Warning C1004  Ambiguous reference, assuming memvar: 'XNIVEL'
RH101.PRG(197) Warning C1003  Ambiguous reference: 'NCTRL_TELA'
RH101.PRG(197) Warning C1004  Ambiguous reference, assuming memvar: 'XNIVEL'
RH101.PRG(198) Warning C1004  Ambiguous reference, assuming memvar: 'XNIVEL'
RH101.PRG(198) Warning C1004  Ambiguous reference, assuming memvar: 'XNIVEL'
RH101.PRG(201) Warning C1004  Ambiguous reference, assuming memvar: 'XFLAG'
RH101.PRG(202) Warning C1003  Ambiguous reference: 'NCTRL_TELA'
RH101.PRG(202) Warning C1004  Ambiguous reference, assuming memvar: 'CVETOR_ATUAL'
RH101.PRG(206) Warning C1003  Ambiguous reference: 'XNIVEL'
RH101.PRG(206) Warning C1003  Ambiguous reference: 'XNIVEL'
RH101.PRG(206) Warning C1004  Ambiguous reference, assuming memvar: 'CVETOR_ATUAL'
RH101.PRG(207) Warning C1004  Ambiguous reference, assuming memvar: 'CVETOR_ATUAL'
RH101.PRG(207) Warning C1003  Ambiguous reference: 'XNIVEL'
RH101.PRG(209) Warning C1003  Ambiguous reference: 'BESCAPE'
RH101.PRG(209) Warning C1003  Ambiguous reference: 'NCTRL_TELA'
RH101.PRG(212) Warning C1001  RETURN statement with no value in function
RH101.PRG(215) Warning C1003  Ambiguous reference: 'NTECLA_ALT'
RH101.PRG(215) Warning C1003  Ambiguous reference: 'COPCAO'
RH101.PRG(216) Warning C1004  Ambiguous reference, assuming memvar: 'LCONF'
RH101.PRG(220) Warning C1003  Ambiguous reference: 'NTECLA_ALT'
RH101.PRG(221) Warning C1003  Ambiguous reference: 'NTECLA_ALT'
RH101.PRG(225) Warning C1004  Ambiguous reference, assuming memvar: 'CVETOR_ATUAL'
RH101.PRG(225) Warning C1003  Ambiguous reference: 'XNIVEL'
RH101.PRG(229) Warning C1003  Ambiguous reference: 'XFLAG'
RH101.PRG(229) Warning C1004  Ambiguous reference, assuming memvar: 'XNIVEL'
RH101.PRG(229) Warning C1004  Ambiguous reference, assuming memvar: 'XNIVEL'
RH101.PRG(229) Warning C1004  Ambiguous reference, assuming memvar: 'XNIVEL'
RH101.PRG(229) Warning C1004  Ambiguous reference, assuming memvar: 'XNIVEL'
RH101.PRG(232) Warning C1003  Ambiguous reference: 'NTECLA_ALT'
RH101.PRG(234) Warning C1003  Ambiguous reference: 'NTECLA_ALT'
RH101.PRG(235) Warning C1003  Ambiguous reference: 'NTECLA_ALT'
RH101.PRG(235) Warning C1004  Ambiguous reference, assuming memvar: 'NCTRL_TELA'
RH101.PRG(236) Warning C1004  Ambiguous reference, assuming memvar: 'NTECLA_ALT'
RH101.PRG(238) Warning C1003  Ambiguous reference: 'XFLAG'
RH101.PRG(238) Warning C1004  Ambiguous reference, assuming memvar: 'NCTRL_TELA'
RH101.PRG(238) Warning C1004  Ambiguous reference, assuming memvar: 'NCTRL_TELA'
RH101.PRG(238) Warning C1004  Ambiguous reference, assuming memvar: 'NCTRL_TELA'
RH101.PRG(238) Warning C1004  Ambiguous reference, assuming memvar: 'NCTRL_TELA'
RH101.PRG(245) Warning C1003  Ambiguous reference: 'LCONF'
RH101.PRG(245) Warning C1003  Ambiguous reference: 'COPCAO'
RH101.PRG(249) Warning C1001  RETURN statement with no value in function
RH101.PRG(260) Warning C1004  Ambiguous reference, assuming memvar: 'FMATRICULA'
RH101.PRG(266) Warning C1003  Ambiguous reference: 'XANOMES'
RH101.PRG(266) Warning C1004  Ambiguous reference, assuming memvar: 'FANOMES'
RH101.PRG(280) Warning C1003  Ambiguous reference: 'XDATASYS'
RH101.PRG(280) Warning C1003  Ambiguous reference: 'XDATA_ATUAL'
RH101.PRG(283) Warning C1003  Ambiguous reference: 'XANOMES'
RH101.PRG(284) Warning C1003  Ambiguous reference: 'XANOMES'
RH101.PRG(287) Warning C1003  Ambiguous reference: 'XANOMES'
RH101.PRG(299) Warning C1003  Ambiguous reference: 'FMATRICULA'
RH101.PRG(344) Warning C1003  Ambiguous reference: 'AHIST'
RH101.PRG(345) Warning C1004  Ambiguous reference, assuming memvar: 'AHIST'
RH101.PRG(345) Warning C1004  Ambiguous reference, assuming memvar: 'CFIELD'
RH101.PRG(346) Warning C1004  Ambiguous reference, assuming memvar: 'AHIST'
RH101.PRG(346) Warning C1004  Ambiguous reference, assuming memvar: 'CVARIA'
RH101.PRG(348) Warning C1004  Ambiguous reference, assuming memvar: 'CFIELD'
RH101.PRG(348) Warning C1004  Ambiguous reference, assuming memvar: 'CVARIA'
RH101.PRG(350) Warning C1003  Ambiguous reference: 'FMATRICULA'
RH101.PRG(351) Warning C1004  Ambiguous reference, assuming memvar: 'AHIST'
RH101.PRG(356) Warning C1004  Ambiguous reference, assuming memvar: 'CVARIA'
RH101.PRG(357) Warning C1004  Ambiguous reference, assuming memvar: 'CVARIA'
RH101.PRG(358) Warning C1004  Ambiguous reference, assuming memvar: 'CVARIA'
RH101.PRG(368) Warning C1003  Ambiguous reference: 'AHIST'
RH101.PRG(369) Warning C1004  Ambiguous reference, assuming memvar: 'AHIST'
RH101.PRG(369) Warning C1004  Ambiguous reference, assuming memvar: 'CFIELD'
RH101.PRG(370) Warning C1004  Ambiguous reference, assuming memvar: 'AHIST'
RH101.PRG(370) Warning C1004  Ambiguous reference, assuming memvar: 'CVARIA'
RH101.PRG(372) Warning C1004  Ambiguous reference, assuming memvar: 'CFIELD'
RH101.PRG(372) Warning C1004  Ambiguous reference, assuming memvar: 'CVARIA'
RH101.PRG(374) Warning C1004  Ambiguous reference, assuming memvar: 'AHIST'
RH101.PRG(381) Warning C1003  Ambiguous reference: 'FMATRICULA'
RH101.PRG(382) Warning C1004  Ambiguous reference, assuming memvar: 'AHIST'
RH101.PRG(388) Warning C1004  Ambiguous reference, assuming memvar: 'CVARIA'
RH101.PRG(389) Warning C1004  Ambiguous reference, assuming memvar: 'CVARIA'
RH101.PRG(390) Warning C1004  Ambiguous reference, assuming memvar: 'CVARIA'
RH101.PRG(401) Warning C1001  RETURN statement with no value in function
RH101.PRG(407) Warning C1003  Ambiguous reference: 'FCARGO'
RH101.PRG(407) Warning C1003  Ambiguous reference: 'COPCAO'
RH101.PRG(409) Warning C1004  Ambiguous reference, assuming memvar: 'FSALARIO'
RH101.PRG(412) Warning C1001  RETURN statement with no value in function
RH101.PRG(419) Warning C1003  Ambiguous reference: 'COPCAO'
RH101.PRG(427) Warning C1003  Ambiguous reference: 'XFLAG'
RH101.PRG(432) Warning C1004  Ambiguous reference, assuming memvar: 'XNIVEL'
RH101.PRG(447) Warning C1003  Ambiguous reference: 'COPCAO'
RH101.PRG(448) Warning C1003  Ambiguous reference: 'XNIVEL'
RH101.PRG(448) Warning C1003  Ambiguous reference: 'FMATRICULA'
RH101.PRG(448) Warning C1004  Ambiguous reference, assuming memvar: 'FMATRICULA'
RH101.PRG(449) Warning C1003  Ambiguous reference: 'FMATRICULA'
RH101.PRG(454) Warning C1003  Ambiguous reference: 'FCATEGORIA'
RH101.PRG(455) Warning C1003  Ambiguous reference: 'XNIVEL'
RH101.PRG(455) Warning C1003  Ambiguous reference: 'FCATEGORIA'
RH101.PRG(457) Warning C1003  Ambiguous reference: 'FVINCULO'
RH101.PRG(459) Warning C1003  Ambiguous reference: 'XNIVEL'
RH101.PRG(459) Warning C1003  Ambiguous reference: 'FVINCULO'
RH101.PRG(461) Warning C1003  Ambiguous reference: 'FTURNO'
RH101.PRG(462) Warning C1003  Ambiguous reference: 'XNIVEL'
RH101.PRG(462) Warning C1003  Ambiguous reference: 'FTURNO'
RH101.PRG(464) Warning C1003  Ambiguous reference: 'FSEXO'
RH101.PRG(465) Warning C1003  Ambiguous reference: 'XNIVEL'
RH101.PRG(465) Warning C1003  Ambiguous reference: 'FSEXO'
RH101.PRG(467) Warning C1003  Ambiguous reference: 'FEST_CIVIL'
RH101.PRG(468) Warning C1003  Ambiguous reference: 'XNIVEL'
RH101.PRG(468) Warning C1003  Ambiguous reference: 'FEST_CIVIL'
RH101.PRG(470) Warning C1003  Ambiguous reference: 'FINSTRUCAO'
RH101.PRG(471) Warning C1003  Ambiguous reference: 'XNIVEL'
RH101.PRG(471) Warning C1003  Ambiguous reference: 'FINSTRUCAO'
RH101.PRG(473) Warning C1003  Ambiguous reference: 'FCARGO'
RH101.PRG(473) Warning C1004  Ambiguous reference, assuming memvar: 'NINVERT'
RH101.PRG(474) Warning C1003  Ambiguous reference: 'NINVERT'
RH101.PRG(474) Warning C1004  Ambiguous reference, assuming memvar: 'NQUANTI'
RH101.PRG(475) Warning C1003  Ambiguous reference: 'NQUANTI'
RH101.PRG(475) Warning C1003  Ambiguous reference: 'NINVERT'
RH101.PRG(475) Warning C1004  Ambiguous reference, assuming memvar: 'NCARGO'
RH101.PRG(476) Warning C1003  Ambiguous reference: 'XNIVEL'
RH101.PRG(476) Warning C1003  Ambiguous reference: 'NCARGO'
RH101.PRG(476) Warning C1004  Ambiguous reference, assuming memvar: 'FCARGO'
RH101.PRG(477) Warning C1003  Ambiguous reference: 'FCARGO'
RH101.PRG(478) Warning C1003  Ambiguous reference: 'XNIVEL'
RH101.PRG(483) Warning C1003  Ambiguous reference: 'FCARGO'
RH101.PRG(483) Warning C1004  Ambiguous reference, assuming memvar: 'FULT_CARGO'
RH101.PRG(485) Warning C1003  Ambiguous reference: 'FCBO'
RH101.PRG(486) Warning C1003  Ambiguous reference: 'XNIVEL'
RH101.PRG(492) Warning C1003  Ambiguous reference: 'XANOMES'
RH101.PRG(492) Warning C1003  Ambiguous reference: 'FGRPS'
RH101.PRG(493) Warning C1003  Ambiguous reference: 'XNIVEL'
RH101.PRG(499) Warning C1003  Ambiguous reference: 'FFILIAL'
RH101.PRG(500) Warning C1003  Ambiguous reference: 'XNIVEL'
RH101.PRG(518) Warning C1003  Ambiguous reference: 'FCCUSTO'
RH101.PRG(520) Warning C1003  Ambiguous reference: 'FCCUSTO'
RH101.PRG(524) Warning C1003  Ambiguous reference: 'XNIVEL'
RH101.PRG(530) Warning C1003  Ambiguous reference: 'FDEPTO'
RH101.PRG(531) Warning C1003  Ambiguous reference: 'FDEPTO'
RH101.PRG(532) Warning C1003  Ambiguous reference: 'XNIVEL'
RH101.PRG(539) Warning C1003  Ambiguous reference: 'FSIND_COD'
RH101.PRG(540) Warning C1003  Ambiguous reference: 'XNIVEL'
RH101.PRG(548) Warning C1003  Ambiguous reference: 'FESPECIFICA'
RH101.PRG(551) Warning C1003  Ambiguous reference: 'XNIVEL'
RH101.PRG(551) Warning C1003  Ambiguous reference: 'FESPECIFICA'
RH101.PRG(554) Warning C1003  Ambiguous reference: 'FDATA_ADM'
RH101.PRG(555) Warning C1003  Ambiguous reference: 'COPCAO'
RH101.PRG(556) Warning C1003  Ambiguous reference: 'FDATA_ADM'
RH101.PRG(556) Warning C1004  Ambiguous reference, assuming memvar: 'FEXAME_MED'
RH101.PRG(556) Warning C1004  Ambiguous reference, assuming memvar: 'FFGTS_DAT'
RH101.PRG(557) Warning C1003  Ambiguous reference: 'FDATA_ADM'
RH101.PRG(557) Warning C1003  Ambiguous reference: 'FDATA_ADM'
RH101.PRG(562) Warning C1003  Ambiguous reference: 'FDATA_ADM'
RH101.PRG(562) Warning C1004  Ambiguous reference, assuming memvar: 'FPI_FERIAS'
RH101.PRG(563) Warning C1003  Ambiguous reference: 'FDATA_ADM'
RH101.PRG(563) Warning C1004  Ambiguous reference, assuming memvar: 'FPF_FERIAS'
RH101.PRG(564) Warning C1003  Ambiguous reference: 'FDATA_ADM'
RH101.PRG(564) Warning C1004  Ambiguous reference, assuming memvar: 'FDI_FERIAS'
RH101.PRG(565) Warning C1003  Ambiguous reference: 'FDATA_ADM'
RH101.PRG(565) Warning C1004  Ambiguous reference, assuming memvar: 'FDF_FERIAS'
RH101.PRG(566) Warning C1003  Ambiguous reference: 'FDATA_ADM'
RH101.PRG(566) Warning C1004  Ambiguous reference, assuming memvar: 'FAI_FERIAS'
RH101.PRG(567) Warning C1003  Ambiguous reference: 'FDATA_ADM'
RH101.PRG(567) Warning C1004  Ambiguous reference, assuming memvar: 'FAF_FERIAS'
RH101.PRG(568) Warning C1003  Ambiguous reference: 'FVINCULO'
RH101.PRG(569) Warning C1003  Ambiguous reference: 'NDIAS_CTR'
RH101.PRG(571) Warning C1003  Ambiguous reference: 'FDATA_ADM'
RH101.PRG(571) Warning C1003  Ambiguous reference: 'NDIAS_CTR'
RH101.PRG(571) Warning C1004  Ambiguous reference, assuming memvar: 'FDATA_RCTR'
RH101.PRG(572) Warning C1003  Ambiguous reference: 'COPCAO'
RH101.PRG(573) Warning C1003  Ambiguous reference: 'FDATA_RCTR'
RH101.PRG(573) Warning C1003  Ambiguous reference: 'NDIAS_CTR'
RH101.PRG(573) Warning C1004  Ambiguous reference, assuming memvar: 'FDATA_FCTR'
RH101.PRG(576) Warning C1003  Ambiguous reference: 'FDATA_RCTR'
RH101.PRG(577) Warning C1003  Ambiguous reference: 'FDATA_FCTR'
RH101.PRG(586) Warning C1003  Ambiguous reference: 'FIDT_CGM'
RH101.PRG(587) Warning C1003  Ambiguous reference: 'XNIVEL'
RH101.PRG(590) Warning C1003  Ambiguous reference: 'FCP_CGM'
RH101.PRG(591) Warning C1003  Ambiguous reference: 'XNIVEL'
RH101.PRG(594) Warning C1003  Ambiguous reference: 'FRES_SIT'
RH101.PRG(595) Warning C1003  Ambiguous reference: 'XNIVEL'
RH101.PRG(595) Warning C1003  Ambiguous reference: 'FRES_SIT'
RH101.PRG(597) Warning C1003  Ambiguous reference: 'FHAB_CGM'
RH101.PRG(598) Warning C1003  Ambiguous reference: 'XNIVEL'
RH101.PRG(601) Warning C1003  Ambiguous reference: 'FTE_CGM'
RH101.PRG(602) Warning C1003  Ambiguous reference: 'XNIVEL'
RH101.PRG(609) Warning C1003  Ambiguous reference: 'FCPF_NUM'
RH101.PRG(614) Warning C1003  Ambiguous reference: 'FNAC_PAI'
RH101.PRG(615) Warning C1003  Ambiguous reference: 'XNIVEL'
RH101.PRG(615) Warning C1003  Ambiguous reference: 'FNAC_PAI'
RH101.PRG(617) Warning C1003  Ambiguous reference: 'FNAC_MAE'
RH101.PRG(618) Warning C1003  Ambiguous reference: 'XNIVEL'
RH101.PRG(618) Warning C1003  Ambiguous reference: 'FNAC_MAE'
RH101.PRG(620) Warning C1003  Ambiguous reference: 'FFGTS_BAN'
RH101.PRG(621) Warning C1003  Ambiguous reference: 'XNIVEL'
RH101.PRG(624) Warning C1003  Ambiguous reference: 'FCSAL_BAN'
RH101.PRG(625) Warning C1003  Ambiguous reference: 'XNIVEL'
RH101.PRG(628) Warning C1003  Ambiguous reference: 'FMODAL_PAG'
RH101.PRG(630) Warning C1003  Ambiguous reference: 'XNIVEL'
RH101.PRG(630) Warning C1003  Ambiguous reference: 'FMODAL_PAG'
RH101.PRG(632) Warning C1003  Ambiguous reference: 'FPIS_TIP'
RH101.PRG(633) Warning C1003  Ambiguous reference: 'XNIVEL'
RH101.PRG(633) Warning C1003  Ambiguous reference: 'FPIS_TIP'
RH101.PRG(635) Warning C1003  Ambiguous reference: 'FPIS_NUM'
RH101.PRG(644) Warning C1003  Ambiguous reference: 'FPIS_BAN'
RH101.PRG(645) Warning C1003  Ambiguous reference: 'XNIVEL'
RH101.PRG(652) Warning C1003  Ambiguous reference: 'FRESID_CGM'
RH101.PRG(653) Warning C1003  Ambiguous reference: 'XNIVEL'
RH101.PRG(656) Warning C1003  Ambiguous reference: 'FSEXO'
RH101.PRG(657) Warning C1003  Ambiguous reference: 'XNIVEL'
RH101.PRG(657) Warning C1003  Ambiguous reference: 'FSEXO'
RH101.PRG(659) Warning C1003  Ambiguous reference: 'FEST_CIVIL'
RH101.PRG(660) Warning C1003  Ambiguous reference: 'XNIVEL'
RH101.PRG(660) Warning C1003  Ambiguous reference: 'FEST_CIVIL'
RH101.PRG(662) Warning C1003  Ambiguous reference: 'FINSTRUCAO'
RH101.PRG(663) Warning C1003  Ambiguous reference: 'XNIVEL'
RH101.PRG(663) Warning C1003  Ambiguous reference: 'FINSTRUCAO'
RH101.PRG(665) Warning C1003  Ambiguous reference: 'FNACIONAL'
RH101.PRG(666) Warning C1003  Ambiguous reference: 'XNIVEL'
RH101.PRG(666) Warning C1003  Ambiguous reference: 'FNACIONAL'
RH101.PRG(668) Warning C1003  Ambiguous reference: 'FNC_CGM'
RH101.PRG(669) Warning C1003  Ambiguous reference: 'XNIVEL'
RH101.PRG(672) Warning C1003  Ambiguous reference: 'FNAT_CGM'
RH101.PRG(673) Warning C1003  Ambiguous reference: 'XNIVEL'
RH101.PRG(681) Warning C1003  Ambiguous reference: 'FDATA_NASC'
RH101.PRG(686) Warning C1003  Ambiguous reference: 'FCTP_ETI'
RH101.PRG(687) Warning C1003  Ambiguous reference: 'XNIVEL'
RH101.PRG(687) Warning C1003  Ambiguous reference: 'FCTP_ETI'
RH101.PRG(694) Warning C1003  Ambiguous reference: 'FSANGUE'
RH101.PRG(695) Warning C1003  Ambiguous reference: 'XNIVEL'
RH101.PRG(695) Warning C1003  Ambiguous reference: 'FSANGUE'
RH101.PRG(697) Warning C1003  Ambiguous reference: 'FMAODEOBRA'
RH101.PRG(698) Warning C1003  Ambiguous reference: 'XNIVEL'
RH101.PRG(698) Warning C1003  Ambiguous reference: 'FMAODEOBRA'
RH101.PRG(700) Warning C1003  Ambiguous reference: 'FPRIM_ADM'
RH101.PRG(701) Warning C1003  Ambiguous reference: 'XNIVEL'
RH101.PRG(701) Warning C1003  Ambiguous reference: 'FPRIM_ADM'
RH101.PRG(703) Warning C1003  Ambiguous reference: 'FTRANSF'
RH101.PRG(704) Warning C1003  Ambiguous reference: 'XNIVEL'
RH101.PRG(704) Warning C1003  Ambiguous reference: 'FTRANSF'
RH101.PRG(706) Warning C1003  Ambiguous reference: 'FTRANSF'
RH101.PRG(706) Warning C1003  Ambiguous reference: 'FDATA_TRANS'
RH101.PRG(708) Warning C1003  Ambiguous reference: 'FESTAB_PROV'
RH101.PRG(709) Warning C1003  Ambiguous reference: 'XNIVEL'
RH101.PRG(709) Warning C1003  Ambiguous reference: 'FESTAB_PROV'
RH101.PRG(711) Warning C1003  Ambiguous reference: 'FTIPO_PGTO'
RH101.PRG(712) Warning C1003  Ambiguous reference: 'XNIVEL'
RH101.PRG(712) Warning C1003  Ambiguous reference: 'FTIPO_PGTO'
RH101.PRG(714) Warning C1003  Ambiguous reference: 'FVALE_TRANS'
RH101.PRG(715) Warning C1003  Ambiguous reference: 'XNIVEL'
RH101.PRG(715) Warning C1003  Ambiguous reference: 'FVALE_TRANS'
RH101.PRG(717) Warning C1003  Ambiguous reference: 'FAPOSENTADO'
RH101.PRG(718) Warning C1003  Ambiguous reference: 'XNIVEL'
RH101.PRG(718) Warning C1003  Ambiguous reference: 'FAPOSENTADO'
RH101.PRG(719) Warning C1003  Ambiguous reference: 'FULT_CARGO'
RH101.PRG(721) Warning C1003  Ambiguous reference: 'FDT_AFAST'
RH101.PRG(733) Warning C1001  RETURN statement with no value in function
RH101.PRG(737) Warning C1003  Ambiguous reference: 'MATRICULA'
RH101.PRG(738) Warning C1003  Ambiguous reference: 'MATRICULA'
RH101.PRG(739) Warning C1003  Ambiguous reference: 'MATRICULA'
RH101.PRG(762) Warning C1004  Ambiguous reference, assuming memvar: 'XFLAG'
RH101.PRG(769) Warning C1003  Ambiguous reference: 'COPCAO'
RH101.PRG(823) Warning C1003  Ambiguous reference: 'FMATRICULA'
RH101.PRG(824) Warning C1003  Ambiguous reference: 'FNOME'
RH101.PRG(825) Warning C1003  Ambiguous reference: 'FMAT_ASS'
RH101.PRG(832) Warning C1004  Ambiguous reference, assuming memvar: 'NTECLA_ALT'
RH101.PRG(833) Warning C1001  RETURN statement with no value in function
RH101.PRG(839) Warning C1004  Ambiguous reference, assuming memvar: 'NTECLA_ALT'
RH101.PRG(846) Warning C1003  Ambiguous reference: 'COPCAO'
RH101.PRG(850) Warning C1004  Ambiguous reference, assuming memvar: 'FTIPO_PGTO'
RH101.PRG(851) Warning C1004  Ambiguous reference, assuming memvar: 'FAPOSENTADO'
RH101.PRG(852) Warning C1004  Ambiguous reference, assuming memvar: 'FVALE_TRANS'
RH101.PRG(853) Warning C1004  Ambiguous reference, assuming memvar: 'FVINCULO'
RH101.PRG(854) Warning C1004  Ambiguous reference, assuming memvar: 'FPRIM_ADM'
RH101.PRG(855) Warning C1004  Ambiguous reference, assuming memvar: 'FFGTS_TAX'
RH101.PRG(856) Warning C1004  Ambiguous reference, assuming memvar: 'FTRANSF'
RH101.PRG(863) Warning C1001  RETURN statement with no value in function
RH101.PRG(870) Warning C1004  Ambiguous reference, assuming memvar: 'SBLOCO_B'
RH101.PRG(871) Warning C1004  Ambiguous reference, assuming memvar: 'SBLOCO_G'
RH101.PRG(872) Warning C1004  Ambiguous reference, assuming memvar: 'SBLOCO_I'
RH101.PRG(873) Warning C1004  Ambiguous reference, assuming memvar: 'SBLOCO_J'
RH101.PRG(874) Warning C1004  Ambiguous reference, assuming memvar: 'SBLOCO_K'
RH101.PRG(875) Warning C1004  Ambiguous reference, assuming memvar: 'SBLOCO_M'
RH101.PRG(876) Warning C1004  Ambiguous reference, assuming memvar: 'SBLOCO_N'
RH101.PRG(877) Warning C1004  Ambiguous reference, assuming memvar: 'SBLOCO_O'
RH101.PRG(878) Warning C1004  Ambiguous reference, assuming memvar: 'SBLOCO_Q'
RH101.PRG(879) Warning C1004  Ambiguous reference, assuming memvar: 'SBLOCO_R'
RH101.PRG(880) Warning C1004  Ambiguous reference, assuming memvar: 'SBLOCO_S'
RH101.PRG(881) Warning C1004  Ambiguous reference, assuming memvar: 'SBLOCO_T'
RH101.PRG(882) Warning C1004  Ambiguous reference, assuming memvar: 'SBLOCO_U'
RH101.PRG(883) Warning C1004  Ambiguous reference, assuming memvar: 'SBLOCO_AA'
RH101.PRG(892) Warning C1003  Ambiguous reference: 'AEDICAO1'
RH101.PRG(892) Warning C1003  Ambiguous reference: 'FMATRICULA'
RH101.PRG(892) Warning C1003  Ambiguous reference: 'COPCAO'
RH101.PRG(894) Warning C1003  Ambiguous reference: 'AEDICAO1'
RH101.PRG(894) Warning C1003  Ambiguous reference: 'FNOME'
RH101.PRG(895) Warning C1003  Ambiguous reference: 'AEDICAO1'
RH101.PRG(895) Warning C1003  Ambiguous reference: 'FMAT_ASS'
RH101.PRG(896) Warning C1003  Ambiguous reference: 'AEDICAO1'
RH101.PRG(896) Warning C1003  Ambiguous reference: 'FCATEGORIA'
RH101.PRG(896) Warning C1003  Ambiguous reference: 'SBLOCO_K'
RH101.PRG(897) Warning C1003  Ambiguous reference: 'AEDICAO1'
RH101.PRG(897) Warning C1003  Ambiguous reference: 'FVINCULO'
RH101.PRG(897) Warning C1003  Ambiguous reference: 'SBLOCO_N'
RH101.PRG(898) Warning C1003  Ambiguous reference: 'AEDICAO1'
RH101.PRG(898) Warning C1003  Ambiguous reference: 'FTURNO'
RH101.PRG(898) Warning C1003  Ambiguous reference: 'SBLOCO_M'
RH101.PRG(899) Warning C1003  Ambiguous reference: 'AEDICAO1'
RH101.PRG(899) Warning C1003  Ambiguous reference: 'FSEXO'
RH101.PRG(899) Warning C1003  Ambiguous reference: 'SBLOCO_Q'
RH101.PRG(900) Warning C1003  Ambiguous reference: 'AEDICAO1'
RH101.PRG(900) Warning C1003  Ambiguous reference: 'FEST_CIVIL'
RH101.PRG(900) Warning C1003  Ambiguous reference: 'SBLOCO_I'
RH101.PRG(901) Warning C1003  Ambiguous reference: 'AEDICAO1'
RH101.PRG(901) Warning C1003  Ambiguous reference: 'FINSTRUCAO'
RH101.PRG(901) Warning C1003  Ambiguous reference: 'SBLOCO_J'
RH101.PRG(902) Warning C1003  Ambiguous reference: 'AEDICAO1'
RH101.PRG(902) Warning C1003  Ambiguous reference: 'FESPECIFICA'
RH101.PRG(902) Warning C1003  Ambiguous reference: 'SBLOCO_AA'
RH101.PRG(903) Warning C1003  Ambiguous reference: 'AEDICAO1'
RH101.PRG(903) Warning C1003  Ambiguous reference: 'FCARGO'
RH101.PRG(904) Warning C1003  Ambiguous reference: 'AEDICAO1'
RH101.PRG(905) Warning C1003  Ambiguous reference: 'AEDICAO1'
RH101.PRG(905) Warning C1003  Ambiguous reference: 'FCBO'
RH101.PRG(906) Warning C1003  Ambiguous reference: 'AEDICAO1'
RH101.PRG(907) Warning C1003  Ambiguous reference: 'AEDICAO1'
RH101.PRG(907) Warning C1003  Ambiguous reference: 'FGRPS'
RH101.PRG(908) Warning C1003  Ambiguous reference: 'AEDICAO1'
RH101.PRG(909) Warning C1003  Ambiguous reference: 'AEDICAO1'
RH101.PRG(909) Warning C1003  Ambiguous reference: 'FFILIAL'
RH101.PRG(910) Warning C1003  Ambiguous reference: 'AEDICAO1'
RH101.PRG(912) Warning C1003  Ambiguous reference: 'AEDICAO1'
RH101.PRG(912) Warning C1003  Ambiguous reference: 'FCCUSTO'
RH101.PRG(913) Warning C1003  Ambiguous reference: 'AEDICAO1'
RH101.PRG(914) Warning C1003  Ambiguous reference: 'AEDICAO1'
RH101.PRG(914) Warning C1003  Ambiguous reference: 'FDEPTO'
RH101.PRG(915) Warning C1003  Ambiguous reference: 'AEDICAO1'
RH101.PRG(916) Warning C1003  Ambiguous reference: 'AEDICAO1'
RH101.PRG(916) Warning C1003  Ambiguous reference: 'FSIND_COD'
RH101.PRG(917) Warning C1003  Ambiguous reference: 'AEDICAO1'
RH101.PRG(918) Warning C1003  Ambiguous reference: 'AEDICAO1'
RH101.PRG(918) Warning C1003  Ambiguous reference: 'FDATA_ADM'
RH101.PRG(921) Warning C1003  Ambiguous reference: 'AEDICAO2'
RH101.PRG(921) Warning C1003  Ambiguous reference: 'FIDT_NUM'
RH101.PRG(922) Warning C1003  Ambiguous reference: 'AEDICAO2'
RH101.PRG(922) Warning C1003  Ambiguous reference: 'FIDT_DAT'
RH101.PRG(923) Warning C1003  Ambiguous reference: 'AEDICAO2'
RH101.PRG(923) Warning C1003  Ambiguous reference: 'FIDT_EMI'
RH101.PRG(924) Warning C1003  Ambiguous reference: 'AEDICAO2'
RH101.PRG(924) Warning C1003  Ambiguous reference: 'FIDT_CGM'
RH101.PRG(925) Warning C1003  Ambiguous reference: 'AEDICAO2'
RH101.PRG(926) Warning C1003  Ambiguous reference: 'AEDICAO2'
RH101.PRG(926) Warning C1003  Ambiguous reference: 'FIDT_VIA'
RH101.PRG(927) Warning C1003  Ambiguous reference: 'AEDICAO2'
RH101.PRG(927) Warning C1003  Ambiguous reference: 'FCP_NUM'
RH101.PRG(928) Warning C1003  Ambiguous reference: 'AEDICAO2'
RH101.PRG(928) Warning C1003  Ambiguous reference: 'FCP_SERIE'
RH101.PRG(929) Warning C1003  Ambiguous reference: 'AEDICAO2'
RH101.PRG(929) Warning C1003  Ambiguous reference: 'FCP_EMIS'
RH101.PRG(930) Warning C1003  Ambiguous reference: 'AEDICAO2'
RH101.PRG(930) Warning C1003  Ambiguous reference: 'FCP_PAGINA'
RH101.PRG(931) Warning C1003  Ambiguous reference: 'AEDICAO2'
RH101.PRG(931) Warning C1003  Ambiguous reference: 'FCP_CGM'
RH101.PRG(932) Warning C1003  Ambiguous reference: 'AEDICAO2'
RH101.PRG(933) Warning C1003  Ambiguous reference: 'AEDICAO2'
RH101.PRG(933) Warning C1003  Ambiguous reference: 'FRES_NUM'
RH101.PRG(934) Warning C1003  Ambiguous reference: 'AEDICAO2'
RH101.PRG(934) Warning C1003  Ambiguous reference: 'FRES_REG'
RH101.PRG(935) Warning C1003  Ambiguous reference: 'AEDICAO2'
RH101.PRG(935) Warning C1003  Ambiguous reference: 'FRES_CIR'
RH101.PRG(936) Warning C1003  Ambiguous reference: 'AEDICAO2'
RH101.PRG(936) Warning C1003  Ambiguous reference: 'FRES_SIT'
RH101.PRG(936) Warning C1003  Ambiguous reference: 'SBLOCO_B'
RH101.PRG(937) Warning C1003  Ambiguous reference: 'AEDICAO2'
RH101.PRG(937) Warning C1003  Ambiguous reference: 'FHAB_NUM'
RH101.PRG(938) Warning C1003  Ambiguous reference: 'AEDICAO2'
RH101.PRG(938) Warning C1003  Ambiguous reference: 'FHAB_CAT'
RH101.PRG(939) Warning C1003  Ambiguous reference: 'AEDICAO2'
RH101.PRG(939) Warning C1003  Ambiguous reference: 'FHAB_DAT'
RH101.PRG(940) Warning C1003  Ambiguous reference: 'AEDICAO2'
RH101.PRG(940) Warning C1003  Ambiguous reference: 'FHAB_CGM'
RH101.PRG(941) Warning C1003  Ambiguous reference: 'AEDICAO2'
RH101.PRG(942) Warning C1003  Ambiguous reference: 'AEDICAO2'
RH101.PRG(942) Warning C1003  Ambiguous reference: 'FTE_NUM'
RH101.PRG(943) Warning C1003  Ambiguous reference: 'AEDICAO2'
RH101.PRG(943) Warning C1003  Ambiguous reference: 'FTE_ZON'
RH101.PRG(944) Warning C1003  Ambiguous reference: 'AEDICAO2'
RH101.PRG(944) Warning C1003  Ambiguous reference: 'FTE_SEC'
RH101.PRG(945) Warning C1003  Ambiguous reference: 'AEDICAO2'
RH101.PRG(945) Warning C1003  Ambiguous reference: 'FTE_CGM'
RH101.PRG(946) Warning C1003  Ambiguous reference: 'AEDICAO2'
RH101.PRG(949) Warning C1003  Ambiguous reference: 'AEDICAO3'
RH101.PRG(949) Warning C1003  Ambiguous reference: 'FCPF_NUM'
RH101.PRG(950) Warning C1003  Ambiguous reference: 'AEDICAO3'
RH101.PRG(950) Warning C1003  Ambiguous reference: 'FNOME_PAI'
RH101.PRG(951) Warning C1003  Ambiguous reference: 'AEDICAO3'
RH101.PRG(951) Warning C1003  Ambiguous reference: 'FNAC_PAI'
RH101.PRG(951) Warning C1003  Ambiguous reference: 'SBLOCO_T'
RH101.PRG(952) Warning C1003  Ambiguous reference: 'AEDICAO3'
RH101.PRG(952) Warning C1003  Ambiguous reference: 'FNOME_MAE'
RH101.PRG(953) Warning C1003  Ambiguous reference: 'AEDICAO3'
RH101.PRG(953) Warning C1003  Ambiguous reference: 'FNAC_MAE'
RH101.PRG(953) Warning C1003  Ambiguous reference: 'SBLOCO_T'
RH101.PRG(954) Warning C1003  Ambiguous reference: 'AEDICAO3'
RH101.PRG(954) Warning C1003  Ambiguous reference: 'FFGTS_DAT'
RH101.PRG(955) Warning C1003  Ambiguous reference: 'AEDICAO3'
RH101.PRG(955) Warning C1003  Ambiguous reference: 'FFGTS_TAX'
RH101.PRG(956) Warning C1003  Ambiguous reference: 'AEDICAO3'
RH101.PRG(956) Warning C1003  Ambiguous reference: 'FFGTS_NUM'
RH101.PRG(957) Warning C1003  Ambiguous reference: 'AEDICAO3'
RH101.PRG(957) Warning C1003  Ambiguous reference: 'FFGTS_BAN'
RH101.PRG(958) Warning C1003  Ambiguous reference: 'AEDICAO3'
RH101.PRG(959) Warning C1003  Ambiguous reference: 'AEDICAO3'
RH101.PRG(959) Warning C1003  Ambiguous reference: 'FCSAL_DAT'
RH101.PRG(960) Warning C1003  Ambiguous reference: 'AEDICAO3'
RH101.PRG(960) Warning C1003  Ambiguous reference: 'FCSAL_NUM'
RH101.PRG(961) Warning C1003  Ambiguous reference: 'AEDICAO3'
RH101.PRG(961) Warning C1003  Ambiguous reference: 'FCSAL_BAN'
RH101.PRG(962) Warning C1003  Ambiguous reference: 'AEDICAO3'
RH101.PRG(963) Warning C1003  Ambiguous reference: 'AEDICAO3'
RH101.PRG(963) Warning C1003  Ambiguous reference: 'FMODAL_PAG'
RH101.PRG(963) Warning C1003  Ambiguous reference: 'SBLOCO_U'
RH101.PRG(964) Warning C1003  Ambiguous reference: 'AEDICAO3'
RH101.PRG(964) Warning C1003  Ambiguous reference: 'FPIS_DAT'
RH101.PRG(965) Warning C1003  Ambiguous reference: 'AEDICAO3'
RH101.PRG(965) Warning C1003  Ambiguous reference: 'FPIS_NUM'
RH101.PRG(966) Warning C1003  Ambiguous reference: 'AEDICAO3'
RH101.PRG(966) Warning C1003  Ambiguous reference: 'FPIS_BAN'
RH101.PRG(967) Warning C1003  Ambiguous reference: 'AEDICAO3'
RH101.PRG(970) Warning C1003  Ambiguous reference: 'AEDICAO4'
RH101.PRG(970) Warning C1003  Ambiguous reference: 'FENDERECO'
RH101.PRG(971) Warning C1003  Ambiguous reference: 'AEDICAO4'
RH101.PRG(971) Warning C1003  Ambiguous reference: 'FBAIRRO'
RH101.PRG(972) Warning C1003  Ambiguous reference: 'AEDICAO4'
RH101.PRG(972) Warning C1003  Ambiguous reference: 'FCEP'
RH101.PRG(973) Warning C1003  Ambiguous reference: 'AEDICAO4'
RH101.PRG(973) Warning C1003  Ambiguous reference: 'FRESID_CGM'
RH101.PRG(974) Warning C1003  Ambiguous reference: 'AEDICAO4'
RH101.PRG(975) Warning C1003  Ambiguous reference: 'AEDICAO4'
RH101.PRG(975) Warning C1003  Ambiguous reference: 'FDDD'
RH101.PRG(976) Warning C1003  Ambiguous reference: 'AEDICAO4'
RH101.PRG(976) Warning C1003  Ambiguous reference: 'FTELEFONE'
RH101.PRG(977) Warning C1003  Ambiguous reference: 'AEDICAO4'
RH101.PRG(977) Warning C1003  Ambiguous reference: 'FNACIONAL'
RH101.PRG(977) Warning C1003  Ambiguous reference: 'SBLOCO_T'
RH101.PRG(978) Warning C1003  Ambiguous reference: 'AEDICAO4'
RH101.PRG(978) Warning C1003  Ambiguous reference: 'FNAT_CGM'
RH101.PRG(979) Warning C1003  Ambiguous reference: 'AEDICAO4'
RH101.PRG(980) Warning C1003  Ambiguous reference: 'AEDICAO4'
RH101.PRG(980) Warning C1003  Ambiguous reference: 'FNC_CGM'
RH101.PRG(981) Warning C1003  Ambiguous reference: 'AEDICAO4'
RH101.PRG(982) Warning C1003  Ambiguous reference: 'AEDICAO4'
RH101.PRG(982) Warning C1003  Ambiguous reference: 'FNC_DAT'
RH101.PRG(983) Warning C1003  Ambiguous reference: 'AEDICAO4'
RH101.PRG(983) Warning C1003  Ambiguous reference: 'FNC_19'
RH101.PRG(986) Warning C1003  Ambiguous reference: 'AEDICAO5'
RH101.PRG(986) Warning C1003  Ambiguous reference: 'FDATA_NASC'
RH101.PRG(987) Warning C1003  Ambiguous reference: 'AEDICAO5'
RH101.PRG(987) Warning C1003  Ambiguous reference: 'FHOR_TRAB'
RH101.PRG(988) Warning C1003  Ambiguous reference: 'AEDICAO5'
RH101.PRG(988) Warning C1003  Ambiguous reference: 'FHOR_SEMA'
RH101.PRG(989) Warning C1003  Ambiguous reference: 'AEDICAO5'
RH101.PRG(989) Warning C1003  Ambiguous reference: 'FHENTRADA'
RH101.PRG(990) Warning C1003  Ambiguous reference: 'AEDICAO5'
RH101.PRG(990) Warning C1003  Ambiguous reference: 'FHINTERVALO'
RH101.PRG(991) Warning C1003  Ambiguous reference: 'AEDICAO5'
RH101.PRG(991) Warning C1003  Ambiguous reference: 'FHSAIDA'
RH101.PRG(992) Warning C1003  Ambiguous reference: 'AEDICAO5'
RH101.PRG(992) Warning C1003  Ambiguous reference: 'FHSABADO'
RH101.PRG(993) Warning C1003  Ambiguous reference: 'AEDICAO5'
RH101.PRG(993) Warning C1003  Ambiguous reference: 'FDESCANSO'
RH101.PRG(994) Warning C1003  Ambiguous reference: 'AEDICAO5'
RH101.PRG(994) Warning C1003  Ambiguous reference: 'FEXAME_MED'
RH101.PRG(995) Warning C1003  Ambiguous reference: 'AEDICAO5'
RH101.PRG(995) Warning C1003  Ambiguous reference: 'FDATA_INSS'
RH101.PRG(996) Warning C1003  Ambiguous reference: 'AEDICAO5'
RH101.PRG(996) Warning C1003  Ambiguous reference: 'FCTP_ETI'
RH101.PRG(996) Warning C1003  Ambiguous reference: 'XSN'
RH101.PRG(997) Warning C1003  Ambiguous reference: 'AEDICAO5'
RH101.PRG(997) Warning C1003  Ambiguous reference: 'FCTP_QUA'
RH101.PRG(998) Warning C1003  Ambiguous reference: 'AEDICAO5'
RH101.PRG(998) Warning C1003  Ambiguous reference: 'FCTP_NUM'
RH101.PRG(1001)    Warning C1003  Ambiguous reference: 'AEDICAO6'
RH101.PRG(1001)    Warning C1003  Ambiguous reference: 'FSANGUE'
RH101.PRG(1001)    Warning C1003  Ambiguous reference: 'SBLOCO_O'
RH101.PRG(1002)    Warning C1003  Ambiguous reference: 'AEDICAO6'
RH101.PRG(1002)    Warning C1003  Ambiguous reference: 'FMAODEOBRA'
RH101.PRG(1002)    Warning C1003  Ambiguous reference: 'SBLOCO_R'
RH101.PRG(1003)    Warning C1003  Ambiguous reference: 'AEDICAO6'
RH101.PRG(1003)    Warning C1003  Ambiguous reference: 'FESTAB_PROV'
RH101.PRG(1003)    Warning C1003  Ambiguous reference: 'SBLOCO_S'
RH101.PRG(1004)    Warning C1003  Ambiguous reference: 'AEDICAO6'
RH101.PRG(1004)    Warning C1003  Ambiguous reference: 'FESTAB_DOC'
RH101.PRG(1005)    Warning C1003  Ambiguous reference: 'AEDICAO6'
RH101.PRG(1005)    Warning C1003  Ambiguous reference: 'FESTAB_DAT'
RH101.PRG(1006)    Warning C1003  Ambiguous reference: 'AEDICAO6'
RH101.PRG(1006)    Warning C1003  Ambiguous reference: 'FPRIM_ADM'
RH101.PRG(1006)    Warning C1003  Ambiguous reference: 'XSN'
RH101.PRG(1007)    Warning C1003  Ambiguous reference: 'AEDICAO6'
RH101.PRG(1007)    Warning C1003  Ambiguous reference: 'FTRANSF'
RH101.PRG(1007)    Warning C1003  Ambiguous reference: 'XSN'
RH101.PRG(1008)    Warning C1003  Ambiguous reference: 'AEDICAO6'
RH101.PRG(1008)    Warning C1003  Ambiguous reference: 'FDATA_TRANS'
RH101.PRG(1009)    Warning C1003  Ambiguous reference: 'AEDICAO6'
RH101.PRG(1009)    Warning C1003  Ambiguous reference: 'FTIPO_PGTO'
RH101.PRG(1009)    Warning C1003  Ambiguous reference: 'SBLOCO_G'
RH101.PRG(1010)    Warning C1003  Ambiguous reference: 'AEDICAO6'
RH101.PRG(1010)    Warning C1003  Ambiguous reference: 'FVALE_TRANS'
RH101.PRG(1010)    Warning C1003  Ambiguous reference: 'XSN'
RH101.PRG(1011)    Warning C1003  Ambiguous reference: 'AEDICAO6'
RH101.PRG(1011)    Warning C1003  Ambiguous reference: 'FAPOSENTADO'
RH101.PRG(1011)    Warning C1003  Ambiguous reference: 'XSN'
RH101.PRG(1012)    Warning C1003  Ambiguous reference: 'AEDICAO6'
RH101.PRG(1012)    Warning C1003  Ambiguous reference: 'FOBS'
RH101.PRG(1014)    Warning C1003  Ambiguous reference: 'AEDICAO6'
RH101.PRG(1014)    Warning C1003  Ambiguous reference: 'COPCAO'
RH101.PRG(1014)    Warning C1004  Ambiguous reference, assuming memvar: 'LCONF'
RH101.PRG(1023)    Warning C1003  Ambiguous reference: 'FMATRICULA'
RH101.PRG(1024)    Warning C1003  Ambiguous reference: 'FNOME'
RH101.PRG(1025)    Warning C1003  Ambiguous reference: 'FMAT_ASS'
RH101.PRG(1026)    Warning C1003  Ambiguous reference: 'FCATEGORIA'
RH101.PRG(1028)    Warning C1003  Ambiguous reference: 'FVINCULO'
RH101.PRG(1029)    Warning C1003  Ambiguous reference: 'FTURNO'
RH101.PRG(1030)    Warning C1003  Ambiguous reference: 'FSEXO'
RH101.PRG(1031)    Warning C1003  Ambiguous reference: 'FEST_CIVIL'
RH101.PRG(1032)    Warning C1003  Ambiguous reference: 'FINSTRUCAO'
RH101.PRG(1036)    Warning C1003  Ambiguous reference: 'FCARGO'
RH101.PRG(1036)    Warning C1003  Ambiguous reference: 'FCARGO'
RH101.PRG(1038)    Warning C1003  Ambiguous reference: 'FCBO'
RH101.PRG(1038)    Warning C1003  Ambiguous reference: 'FCBO'
RH101.PRG(1040)    Warning C1003  Ambiguous reference: 'FGRPS'
RH101.PRG(1040)    Warning C1003  Ambiguous reference: 'XANOMES'
RH101.PRG(1040)    Warning C1003  Ambiguous reference: 'FGRPS'
RH101.PRG(1042)    Warning C1003  Ambiguous reference: 'FFILIAL'
RH101.PRG(1042)    Warning C1003  Ambiguous reference: 'FFILIAL'
RH101.PRG(1045)    Warning C1003  Ambiguous reference: 'FCCUSTO'
RH101.PRG(1045)    Warning C1003  Ambiguous reference: 'FCCUSTO'
RH101.PRG(1047)    Warning C1003  Ambiguous reference: 'FDEPTO'
RH101.PRG(1047)    Warning C1003  Ambiguous reference: 'FDEPTO'
RH101.PRG(1049)    Warning C1003  Ambiguous reference: 'FSIND_COD'
RH101.PRG(1049)    Warning C1003  Ambiguous reference: 'FSIND_COD'
RH101.PRG(1052)    Warning C1003  Ambiguous reference: 'FDATA_ADM'
RH101.PRG(1054)    Warning C1003  Ambiguous reference: 'FVINCULO'
RH101.PRG(1055)    Warning C1003  Ambiguous reference: 'FDATA_RCTR'
RH101.PRG(1056)    Warning C1003  Ambiguous reference: 'FDATA_RCTR'
RH101.PRG(1056)    Warning C1003  Ambiguous reference: 'FDATA_ADM'
RH101.PRG(1056)    Warning C1004  Ambiguous reference, assuming memvar: 'NDIAS_CTR'
RH101.PRG(1061)    Warning C1003  Ambiguous reference: 'FDATA_RCTR'
RH101.PRG(1062)    Warning C1003  Ambiguous reference: 'FDATA_FCTR'
RH101.PRG(1072)    Warning C1003  Ambiguous reference: 'FIDT_NUM'
RH101.PRG(1073)    Warning C1003  Ambiguous reference: 'FIDT_DAT'
RH101.PRG(1074)    Warning C1003  Ambiguous reference: 'FIDT_EMI'
RH101.PRG(1075)    Warning C1003  Ambiguous reference: 'FIDT_CGM'
RH101.PRG(1075)    Warning C1003  Ambiguous reference: 'FIDT_CGM'
RH101.PRG(1077)    Warning C1003  Ambiguous reference: 'FIDT_VIA'
RH101.PRG(1078)    Warning C1003  Ambiguous reference: 'FCP_NUM'
RH101.PRG(1079)    Warning C1003  Ambiguous reference: 'FCP_SERIE'
RH101.PRG(1080)    Warning C1003  Ambiguous reference: 'FCP_EMIS'
RH101.PRG(1081)    Warning C1003  Ambiguous reference: 'FCP_PAGINA'
RH101.PRG(1082)    Warning C1003  Ambiguous reference: 'FCP_CGM'
RH101.PRG(1082)    Warning C1003  Ambiguous reference: 'FCP_CGM'
RH101.PRG(1084)    Warning C1003  Ambiguous reference: 'FRES_NUM'
RH101.PRG(1085)    Warning C1003  Ambiguous reference: 'FRES_REG'
RH101.PRG(1086)    Warning C1003  Ambiguous reference: 'FRES_CIR'
RH101.PRG(1087)    Warning C1003  Ambiguous reference: 'FRES_SIT'
RH101.PRG(1088)    Warning C1003  Ambiguous reference: 'FHAB_NUM'
RH101.PRG(1089)    Warning C1003  Ambiguous reference: 'FHAB_CAT'
RH101.PRG(1090)    Warning C1003  Ambiguous reference: 'FHAB_DAT'
RH101.PRG(1091)    Warning C1003  Ambiguous reference: 'FHAB_CGM'
RH101.PRG(1091)    Warning C1003  Ambiguous reference: 'FHAB_CGM'
RH101.PRG(1093)    Warning C1003  Ambiguous reference: 'FTE_NUM'
RH101.PRG(1094)    Warning C1003  Ambiguous reference: 'FTE_ZON'
RH101.PRG(1095)    Warning C1003  Ambiguous reference: 'FTE_SEC'
RH101.PRG(1096)    Warning C1003  Ambiguous reference: 'FTE_CGM'
RH101.PRG(1096)    Warning C1003  Ambiguous reference: 'FTE_CGM'
RH101.PRG(1105)    Warning C1003  Ambiguous reference: 'FCPF_NUM'
RH101.PRG(1106)    Warning C1003  Ambiguous reference: 'FNOME_PAI'
RH101.PRG(1107)    Warning C1003  Ambiguous reference: 'FNAC_PAI'
RH101.PRG(1108)    Warning C1003  Ambiguous reference: 'FNOME_MAE'
RH101.PRG(1109)    Warning C1003  Ambiguous reference: 'FNAC_MAE'
RH101.PRG(1110)    Warning C1003  Ambiguous reference: 'FFGTS_DAT'
RH101.PRG(1111)    Warning C1003  Ambiguous reference: 'FFGTS_TAX'
RH101.PRG(1112)    Warning C1003  Ambiguous reference: 'FFGTS_NUM'
RH101.PRG(1113)    Warning C1003  Ambiguous reference: 'FFGTS_BAN'
RH101.PRG(1113)    Warning C1003  Ambiguous reference: 'FFGTS_BAN'
RH101.PRG(1115)    Warning C1003  Ambiguous reference: 'FCSAL_DAT'
RH101.PRG(1116)    Warning C1003  Ambiguous reference: 'FCSAL_NUM'
RH101.PRG(1117)    Warning C1003  Ambiguous reference: 'FCSAL_BAN'
RH101.PRG(1117)    Warning C1003  Ambiguous reference: 'FCSAL_BAN'
RH101.PRG(1120)    Warning C1003  Ambiguous reference: 'FMODAL_PAG'
RH101.PRG(1121)    Warning C1003  Ambiguous reference: 'FPIS_DAT'
RH101.PRG(1122)    Warning C1003  Ambiguous reference: 'FPIS_NUM'
RH101.PRG(1123)    Warning C1003  Ambiguous reference: 'FPIS_BAN'
RH101.PRG(1123)    Warning C1003  Ambiguous reference: 'FPIS_BAN'
RH101.PRG(1132)    Warning C1003  Ambiguous reference: 'FENDERECO'
RH101.PRG(1133)    Warning C1003  Ambiguous reference: 'FBAIRRO'
RH101.PRG(1134)    Warning C1003  Ambiguous reference: 'FCEP'
RH101.PRG(1135)    Warning C1003  Ambiguous reference: 'FRESID_CGM'
RH101.PRG(1135)    Warning C1003  Ambiguous reference: 'FRESID_CGM'
RH101.PRG(1137)    Warning C1003  Ambiguous reference: 'FDDD'
RH101.PRG(1138)    Warning C1003  Ambiguous reference: 'FTELEFONE'
RH101.PRG(1139)    Warning C1003  Ambiguous reference: 'FNACIONAL'
RH101.PRG(1140)    Warning C1003  Ambiguous reference: 'FNAT_CGM'
RH101.PRG(1140)    Warning C1003  Ambiguous reference: 'FNAT_CGM'
RH101.PRG(1142)    Warning C1003  Ambiguous reference: 'FNC_CGM'
RH101.PRG(1142)    Warning C1003  Ambiguous reference: 'FNC_CGM'
RH101.PRG(1144)    Warning C1003  Ambiguous reference: 'FNC_DAT'
RH101.PRG(1145)    Warning C1003  Ambiguous reference: 'FNC_19'
RH101.PRG(1153)    Warning C1003  Ambiguous reference: 'FDATA_NASC'
RH101.PRG(1154)    Warning C1003  Ambiguous reference: 'FHOR_TRAB'
RH101.PRG(1155)    Warning C1003  Ambiguous reference: 'FHOR_SEMA'
RH101.PRG(1156)    Warning C1003  Ambiguous reference: 'FHENTRADA'
RH101.PRG(1157)    Warning C1003  Ambiguous reference: 'FHINTERVALO'
RH101.PRG(1158)    Warning C1003  Ambiguous reference: 'FHSAIDA'
RH101.PRG(1159)    Warning C1003  Ambiguous reference: 'FHSABADO'
RH101.PRG(1160)    Warning C1003  Ambiguous reference: 'FDESCANSO'
RH101.PRG(1161)    Warning C1003  Ambiguous reference: 'FEXAME_MED'
RH101.PRG(1162)    Warning C1003  Ambiguous reference: 'FDATA_INSS'
RH101.PRG(1163)    Warning C1003  Ambiguous reference: 'FCTP_ETI'
RH101.PRG(1164)    Warning C1003  Ambiguous reference: 'FCTP_QUA'
RH101.PRG(1165)    Warning C1003  Ambiguous reference: 'FCTP_NUM'
RH101.PRG(1173)    Warning C1003  Ambiguous reference: 'FSANGUE'
RH101.PRG(1174)    Warning C1003  Ambiguous reference: 'FMAODEOBRA'
RH101.PRG(1175)    Warning C1003  Ambiguous reference: 'FESTAB_PROV'
RH101.PRG(1176)    Warning C1003  Ambiguous reference: 'FESTAB_DOC'
RH101.PRG(1177)    Warning C1003  Ambiguous reference: 'FESTAB_DAT'
RH101.PRG(1178)    Warning C1003  Ambiguous reference: 'FPRIM_ADM'
RH101.PRG(1179)    Warning C1003  Ambiguous reference: 'FTRANSF'
RH101.PRG(1180)    Warning C1003  Ambiguous reference: 'FDATA_TRANS'
RH101.PRG(1181)    Warning C1003  Ambiguous reference: 'FTIPO_PGTO'
RH101.PRG(1182)    Warning C1003  Ambiguous reference: 'FVALE_TRANS'
RH101.PRG(1183)    Warning C1003  Ambiguous reference: 'FAPOSENTADO'
RH101.PRG(1187)    Warning C1003  Ambiguous reference: 'FOBS'
680 warnings                
Code size 16806, Symbols 4448, Constants 8042
