238K available
Compiling RH107.PRG
RH107.PRG(22)  Warning C1003  Ambiguous reference: 'COPCAO'
RH107.PRG(22)  Warning C1004  Ambiguous reference, assuming memvar: 'COPCAO'
RH107.PRG(23)  Warning C1003  Ambiguous reference: 'COPCAO'
RH107.PRG(23)  Warning C1003  Ambiguous reference: 'XUSRA'
RH107.PRG(25)  Warning C1003  Ambiguous reference: 'COPCAO'
RH107.PRG(38)  Warning C1003  Ambiguous reference: 'FCODIGO'
RH107.PRG(38)  Warning C1003  Ambiguous reference: 'XNIVEL'
RH107.PRG(38)  Warning C1003  Ambiguous reference: 'XFLAG'
RH107.PRG(38)  Warning C1003  Ambiguous reference: 'FCODIGO'
RH107.PRG(38)  Warning C1003  Ambiguous reference: 'XNIVEL'
RH107.PRG(38)  Warning C1003  Ambiguous reference: 'XNIVEL'
RH107.PRG(38)  Warning C1003  Ambiguous reference: 'COPCAO'
RH107.PRG(38)  Warning C1003  Ambiguous reference: 'XFLAG'
RH107.PRG(42)  Warning C1003  Ambiguous reference: 'COPCAO'
RH107.PRG(43)  Warning C1004  Ambiguous reference, assuming memvar: 'XNIVEL'
RH107.PRG(44)  Warning C1004  Ambiguous reference, assuming memvar: 'XNIVEL'
RH107.PRG(44)  Warning C1004  Ambiguous reference, assuming memvar: 'XNIVEL'
RH107.PRG(45)  Warning C1004  Ambiguous reference, assuming memvar: 'XNIVEL'
RH107.PRG(45)  Warning C1004  Ambiguous reference, assuming memvar: 'XNIVEL'
RH107.PRG(46)  Warning C1004  Ambiguous reference, assuming memvar: 'XNIVEL'
RH107.PRG(46)  Warning C1004  Ambiguous reference, assuming memvar: 'XNIVEL'
RH107.PRG(47)  Warning C1004  Ambiguous reference, assuming memvar: 'XNIVEL'
RH107.PRG(47)  Warning C1004  Ambiguous reference, assuming memvar: 'XNIVEL'
RH107.PRG(48)  Warning C1004  Ambiguous reference, assuming memvar: 'XNIVEL'
RH107.PRG(48)  Warning C1004  Ambiguous reference, assuming memvar: 'XNIVEL'
RH107.PRG(49)  Warning C1004  Ambiguous reference, assuming memvar: 'XNIVEL'
RH107.PRG(49)  Warning C1004  Ambiguous reference, assuming memvar: 'XNIVEL'
RH107.PRG(50)  Warning C1004  Ambiguous reference, assuming memvar: 'XNIVEL'
RH107.PRG(50)  Warning C1004  Ambiguous reference, assuming memvar: 'XNIVEL'
RH107.PRG(51)  Warning C1004  Ambiguous reference, assuming memvar: 'XNIVEL'
RH107.PRG(51)  Warning C1004  Ambiguous reference, assuming memvar: 'XNIVEL'
RH107.PRG(52)  Warning C1004  Ambiguous reference, assuming memvar: 'XNIVEL'
RH107.PRG(52)  Warning C1004  Ambiguous reference, assuming memvar: 'XNIVEL'
RH107.PRG(53)  Warning C1004  Ambiguous reference, assuming memvar: 'XNIVEL'
RH107.PRG(53)  Warning C1004  Ambiguous reference, assuming memvar: 'XNIVEL'
RH107.PRG(54)  Warning C1004  Ambiguous reference, assuming memvar: 'XNIVEL'
RH107.PRG(54)  Warning C1004  Ambiguous reference, assuming memvar: 'XNIVEL'
RH107.PRG(55)  Warning C1004  Ambiguous reference, assuming memvar: 'XNIVEL'
RH107.PRG(55)  Warning C1004  Ambiguous reference, assuming memvar: 'XNIVEL'
RH107.PRG(56)  Warning C1004  Ambiguous reference, assuming memvar: 'XNIVEL'
RH107.PRG(56)  Warning C1004  Ambiguous reference, assuming memvar: 'XNIVEL'
RH107.PRG(57)  Warning C1004  Ambiguous reference, assuming memvar: 'XNIVEL'
RH107.PRG(57)  Warning C1004  Ambiguous reference, assuming memvar: 'XNIVEL'
RH107.PRG(62)  Warning C1003  Ambiguous reference: 'COPCAO'
RH107.PRG(62)  Warning C1001  RETURN statement with no value in function
RH107.PRG(63)  Warning C1003  Ambiguous reference: 'COPCAO'
RH107.PRG(63)  Warning C1001  RETURN statement with no value in function
RH107.PRG(67)  Warning C1003  Ambiguous reference: 'FCODIGO'
RH107.PRG(67)  Warning C1003  Ambiguous reference: 'COPCAO'
RH107.PRG(68)  Warning C1003  Ambiguous reference: 'FDESCRICAO'
RH107.PRG(69)  Warning C1003  Ambiguous reference: 'FCNPJ'
RH107.PRG(70)  Warning C1003  Ambiguous reference: 'FCOD_ENTID'
RH107.PRG(71)  Warning C1003  Ambiguous reference: 'FCONTATO'
RH107.PRG(72)  Warning C1003  Ambiguous reference: 'FPISO'
RH107.PRG(73)  Warning C1003  Ambiguous reference: 'FENDERECO'
RH107.PRG(74)  Warning C1003  Ambiguous reference: 'FBAIRRO'
RH107.PRG(75)  Warning C1003  Ambiguous reference: 'FCEP'
RH107.PRG(76)  Warning C1003  Ambiguous reference: 'FCGM'
RH107.PRG(78)  Warning C1003  Ambiguous reference: 'FDDD'
RH107.PRG(79)  Warning C1003  Ambiguous reference: 'FTELEFONE'
RH107.PRG(80)  Warning C1003  Ambiguous reference: 'FDATA_BASE'
RH107.PRG(81)  Warning C1003  Ambiguous reference: 'COPCAO'
RH107.PRG(86)  Warning C1003  Ambiguous reference: 'COPCAO'
RH107.PRG(87)  Warning C1004  Ambiguous reference, assuming memvar: 'XNIVEL'
RH107.PRG(88)  Warning C1004  Ambiguous reference, assuming memvar: 'XFLAG'
RH107.PRG(92)  Warning C1003  Ambiguous reference: 'XNIVEL'
RH107.PRG(92)  Warning C1003  Ambiguous reference: 'XNIVEL'
RH107.PRG(93)  Warning C1003  Ambiguous reference: 'XNIVEL'
RH107.PRG(94)  Warning C1001  RETURN statement with no value in function
RH107.PRG(95)  Warning C1003  Ambiguous reference: 'XNIVEL'
RH107.PRG(96)  Warning C1003  Ambiguous reference: 'XFLAG'
RH107.PRG(96)  Warning C1004  Ambiguous reference, assuming memvar: 'XNIVEL'
RH107.PRG(96)  Warning C1004  Ambiguous reference, assuming memvar: 'XNIVEL'
RH107.PRG(96)  Warning C1004  Ambiguous reference, assuming memvar: 'XNIVEL'
RH107.PRG(96)  Warning C1004  Ambiguous reference, assuming memvar: 'XNIVEL'
RH107.PRG(101) Warning C1001  RETURN statement with no value in function
RH107.PRG(103) Warning C1003  Ambiguous reference: 'COPCAO'
RH107.PRG(107) Warning C1003  Ambiguous reference: 'COPCAO'
RH107.PRG(110) Warning C1001  RETURN statement with no value in function
RH107.PRG(118) Warning C1003  Ambiguous reference: 'COPCAO'
RH107.PRG(119) Warning C1003  Ambiguous reference: 'FCODIGO'
RH107.PRG(124) Warning C1003  Ambiguous reference: 'FCGM'
RH107.PRG(128) Warning C1003  Ambiguous reference: 'XNIVEL'
RH107.PRG(144) Warning C1001  RETURN statement with no value in function
84 warnings                
Code size 1958, Symbols 1040, Constants 506
