312K available
Compiling RH102.PRG
RH102.PRG(23)  Warning C1003  Ambiguous reference: 'COPCAO'
RH102.PRG(23)  Warning C1004  Ambiguous reference, assuming memvar: 'COPCAO'
RH102.PRG(25)  Warning C1003  Ambiguous reference: 'COPCAO'
RH102.PRG(25)  Warning C1003  Ambiguous reference: 'XUSRA'
RH102.PRG(27)  Warning C1004  Ambiguous reference, assuming memvar: 'SBLOCO_AA'
RH102.PRG(28)  Warning C1003  Ambiguous reference: 'COPCAO'
RH102.PRG(43)  Warning C1003  Ambiguous reference: 'FCODIGO'
RH102.PRG(43)  Warning C1003  Ambiguous reference: 'XNIVEL'
RH102.PRG(43)  Warning C1003  Ambiguous reference: 'XFLAG'
RH102.PRG(43)  Warning C1003  Ambiguous reference: 'FCODIGO'
RH102.PRG(43)  Warning C1003  Ambiguous reference: 'XNIVEL'
RH102.PRG(43)  Warning C1003  Ambiguous reference: 'XNIVEL'
RH102.PRG(43)  Warning C1003  Ambiguous reference: 'COPCAO'
RH102.PRG(43)  Warning C1003  Ambiguous reference: 'XFLAG'
RH102.PRG(47)  Warning C1003  Ambiguous reference: 'COPCAO'
RH102.PRG(48)  Warning C1004  Ambiguous reference, assuming memvar: 'XNIVEL'
RH102.PRG(49)  Warning C1004  Ambiguous reference, assuming memvar: 'XNIVEL'
RH102.PRG(49)  Warning C1004  Ambiguous reference, assuming memvar: 'XNIVEL'
RH102.PRG(50)  Warning C1004  Ambiguous reference, assuming memvar: 'XNIVEL'
RH102.PRG(50)  Warning C1004  Ambiguous reference, assuming memvar: 'XNIVEL'
RH102.PRG(50)  Warning C1003  Ambiguous reference: 'DESCRICAO'
RH102.PRG(51)  Warning C1004  Ambiguous reference, assuming memvar: 'XNIVEL'
RH102.PRG(51)  Warning C1004  Ambiguous reference, assuming memvar: 'XNIVEL'
RH102.PRG(52)  Warning C1004  Ambiguous reference, assuming memvar: 'XNIVEL'
RH102.PRG(52)  Warning C1004  Ambiguous reference, assuming memvar: 'XNIVEL'
RH102.PRG(53)  Warning C1004  Ambiguous reference, assuming memvar: 'XNIVEL'
RH102.PRG(53)  Warning C1004  Ambiguous reference, assuming memvar: 'XNIVEL'
RH102.PRG(54)  Warning C1004  Ambiguous reference, assuming memvar: 'XNIVEL'
RH102.PRG(54)  Warning C1004  Ambiguous reference, assuming memvar: 'XNIVEL'
RH102.PRG(56)  Warning C1004  Ambiguous reference, assuming memvar: 'XNIVEL'
RH102.PRG(56)  Warning C1004  Ambiguous reference, assuming memvar: 'XNIVEL'
RH102.PRG(61)  Warning C1003  Ambiguous reference: 'COPCAO'
RH102.PRG(61)  Warning C1001  RETURN statement with no value in function
RH102.PRG(62)  Warning C1003  Ambiguous reference: 'COPCAO'
RH102.PRG(62)  Warning C1001  RETURN statement with no value in function
RH102.PRG(66)  Warning C1003  Ambiguous reference: 'FCODIGO'
RH102.PRG(66)  Warning C1003  Ambiguous reference: 'COPCAO'
RH102.PRG(67)  Warning C1003  Ambiguous reference: 'FDESCRICAO'
RH102.PRG(68)  Warning C1003  Ambiguous reference: 'FSALARIO'
RH102.PRG(69)  Warning C1003  Ambiguous reference: 'FSALARIOB'
RH102.PRG(70)  Warning C1003  Ambiguous reference: 'FVLR_ADIANT'
RH102.PRG(71)  Warning C1003  Ambiguous reference: 'FESPECIFICA'
RH102.PRG(71)  Warning C1003  Ambiguous reference: 'SBLOCO_AA'
RH102.PRG(73)  Warning C1003  Ambiguous reference: 'COPCAO'
RH102.PRG(79)  Warning C1003  Ambiguous reference: 'COPCAO'
RH102.PRG(80)  Warning C1004  Ambiguous reference, assuming memvar: 'XNIVEL'
RH102.PRG(81)  Warning C1004  Ambiguous reference, assuming memvar: 'XFLAG'
RH102.PRG(85)  Warning C1003  Ambiguous reference: 'XNIVEL'
RH102.PRG(85)  Warning C1003  Ambiguous reference: 'XNIVEL'
RH102.PRG(86)  Warning C1003  Ambiguous reference: 'XNIVEL'
RH102.PRG(88)  Warning C1001  RETURN statement with no value in function
RH102.PRG(90)  Warning C1003  Ambiguous reference: 'XNIVEL'
RH102.PRG(92)  Warning C1003  Ambiguous reference: 'XFLAG'
RH102.PRG(92)  Warning C1004  Ambiguous reference, assuming memvar: 'XNIVEL'
RH102.PRG(92)  Warning C1004  Ambiguous reference, assuming memvar: 'XNIVEL'
RH102.PRG(92)  Warning C1004  Ambiguous reference, assuming memvar: 'XNIVEL'
RH102.PRG(92)  Warning C1004  Ambiguous reference, assuming memvar: 'XNIVEL'
RH102.PRG(97)  Warning C1001  RETURN statement with no value in function
RH102.PRG(99)  Warning C1003  Ambiguous reference: 'COPCAO'
RH102.PRG(103) Warning C1003  Ambiguous reference: 'COPCAO'
RH102.PRG(106) Warning C1001  RETURN statement with no value in function
RH102.PRG(114) Warning C1003  Ambiguous reference: 'COPCAO'
RH102.PRG(115) Warning C1003  Ambiguous reference: 'FCODIGO'
RH102.PRG(115) Warning C1004  Ambiguous reference, assuming memvar: 'NINVERT'
RH102.PRG(116) Warning C1003  Ambiguous reference: 'NINVERT'
RH102.PRG(116) Warning C1004  Ambiguous reference, assuming memvar: 'NQUANTI'
RH102.PRG(117) Warning C1003  Ambiguous reference: 'NQUANTI'
RH102.PRG(117) Warning C1003  Ambiguous reference: 'NINVERT'
RH102.PRG(117) Warning C1004  Ambiguous reference, assuming memvar: 'NCODIGO'
RH102.PRG(118) Warning C1003  Ambiguous reference: 'XNIVEL'
RH102.PRG(118) Warning C1003  Ambiguous reference: 'NCODIGO'
RH102.PRG(118) Warning C1004  Ambiguous reference, assuming memvar: 'FCODIGO'
RH102.PRG(120) Warning C1003  Ambiguous reference: 'FCODIGO'
RH102.PRG(127) Warning C1003  Ambiguous reference: 'FESPECIFICA'
RH102.PRG(129) Warning C1003  Ambiguous reference: 'XNIVEL'
RH102.PRG(129) Warning C1003  Ambiguous reference: 'FESPECIFICA'
RH102.PRG(131) Warning C1003  Ambiguous reference: 'XNIVEL'
RH102.PRG(131) Warning C1003  Ambiguous reference: 'FESPECIFICA'
RH102.PRG(147) Warning C1001  RETURN statement with no value in function
79 warnings                
Code size 1628, Symbols 848, Constants 1188
