312K available
Compiling RH106.PRG
RH106.PRG(13)  Warning C1003  Ambiguous reference: 'ANOMES'
RH106.PRG(13)  Warning C1003  Ambiguous reference: 'XANOMES'
RH106.PRG(27)  Warning C1003  Ambiguous reference: 'COPCAO'
RH106.PRG(27)  Warning C1004  Ambiguous reference, assuming memvar: 'COPCAO'
RH106.PRG(28)  Warning C1003  Ambiguous reference: 'COPCAO'
RH106.PRG(28)  Warning C1003  Ambiguous reference: 'XUSRA'
RH106.PRG(30)  Warning C1003  Ambiguous reference: 'COPCAO'
RH106.PRG(43)  Warning C1003  Ambiguous reference: 'FCODIGO'
RH106.PRG(43)  Warning C1003  Ambiguous reference: 'XNIVEL'
RH106.PRG(43)  Warning C1003  Ambiguous reference: 'XFLAG'
RH106.PRG(43)  Warning C1003  Ambiguous reference: 'FCODIGO'
RH106.PRG(43)  Warning C1003  Ambiguous reference: 'XNIVEL'
RH106.PRG(43)  Warning C1003  Ambiguous reference: 'XNIVEL'
RH106.PRG(43)  Warning C1003  Ambiguous reference: 'COPCAO'
RH106.PRG(43)  Warning C1003  Ambiguous reference: 'XFLAG'
RH106.PRG(47)  Warning C1003  Ambiguous reference: 'COPCAO'
RH106.PRG(48)  Warning C1004  Ambiguous reference, assuming memvar: 'XNIVEL'
RH106.PRG(49)  Warning C1004  Ambiguous reference, assuming memvar: 'XNIVEL'
RH106.PRG(49)  Warning C1004  Ambiguous reference, assuming memvar: 'XNIVEL'
RH106.PRG(50)  Warning C1004  Ambiguous reference, assuming memvar: 'XNIVEL'
RH106.PRG(50)  Warning C1004  Ambiguous reference, assuming memvar: 'XNIVEL'
RH106.PRG(51)  Warning C1004  Ambiguous reference, assuming memvar: 'XNIVEL'
RH106.PRG(51)  Warning C1004  Ambiguous reference, assuming memvar: 'XNIVEL'
RH106.PRG(52)  Warning C1004  Ambiguous reference, assuming memvar: 'XNIVEL'
RH106.PRG(52)  Warning C1004  Ambiguous reference, assuming memvar: 'XNIVEL'
RH106.PRG(53)  Warning C1004  Ambiguous reference, assuming memvar: 'XNIVEL'
RH106.PRG(53)  Warning C1004  Ambiguous reference, assuming memvar: 'XNIVEL'
RH106.PRG(54)  Warning C1004  Ambiguous reference, assuming memvar: 'XNIVEL'
RH106.PRG(54)  Warning C1004  Ambiguous reference, assuming memvar: 'XNIVEL'
RH106.PRG(55)  Warning C1004  Ambiguous reference, assuming memvar: 'XNIVEL'
RH106.PRG(55)  Warning C1004  Ambiguous reference, assuming memvar: 'XNIVEL'
RH106.PRG(56)  Warning C1004  Ambiguous reference, assuming memvar: 'XNIVEL'
RH106.PRG(56)  Warning C1004  Ambiguous reference, assuming memvar: 'XNIVEL'
RH106.PRG(57)  Warning C1004  Ambiguous reference, assuming memvar: 'XNIVEL'
RH106.PRG(57)  Warning C1004  Ambiguous reference, assuming memvar: 'XNIVEL'
RH106.PRG(58)  Warning C1004  Ambiguous reference, assuming memvar: 'XNIVEL'
RH106.PRG(58)  Warning C1004  Ambiguous reference, assuming memvar: 'XNIVEL'
RH106.PRG(59)  Warning C1004  Ambiguous reference, assuming memvar: 'XNIVEL'
RH106.PRG(59)  Warning C1004  Ambiguous reference, assuming memvar: 'XNIVEL'
RH106.PRG(60)  Warning C1004  Ambiguous reference, assuming memvar: 'XNIVEL'
RH106.PRG(60)  Warning C1004  Ambiguous reference, assuming memvar: 'XNIVEL'
RH106.PRG(61)  Warning C1004  Ambiguous reference, assuming memvar: 'XNIVEL'
RH106.PRG(61)  Warning C1004  Ambiguous reference, assuming memvar: 'XNIVEL'
RH106.PRG(62)  Warning C1004  Ambiguous reference, assuming memvar: 'XNIVEL'
RH106.PRG(62)  Warning C1004  Ambiguous reference, assuming memvar: 'XNIVEL'
RH106.PRG(63)  Warning C1004  Ambiguous reference, assuming memvar: 'XNIVEL'
RH106.PRG(63)  Warning C1004  Ambiguous reference, assuming memvar: 'XNIVEL'
RH106.PRG(64)  Warning C1004  Ambiguous reference, assuming memvar: 'XNIVEL'
RH106.PRG(64)  Warning C1004  Ambiguous reference, assuming memvar: 'XNIVEL'
RH106.PRG(65)  Warning C1004  Ambiguous reference, assuming memvar: 'XNIVEL'
RH106.PRG(65)  Warning C1004  Ambiguous reference, assuming memvar: 'XNIVEL'
RH106.PRG(66)  Warning C1004  Ambiguous reference, assuming memvar: 'XNIVEL'
RH106.PRG(66)  Warning C1004  Ambiguous reference, assuming memvar: 'XNIVEL'
RH106.PRG(67)  Warning C1004  Ambiguous reference, assuming memvar: 'XNIVEL'
RH106.PRG(67)  Warning C1004  Ambiguous reference, assuming memvar: 'XNIVEL'
RH106.PRG(68)  Warning C1004  Ambiguous reference, assuming memvar: 'XNIVEL'
RH106.PRG(68)  Warning C1004  Ambiguous reference, assuming memvar: 'XNIVEL'
RH106.PRG(69)  Warning C1004  Ambiguous reference, assuming memvar: 'XNIVEL'
RH106.PRG(69)  Warning C1004  Ambiguous reference, assuming memvar: 'XNIVEL'
RH106.PRG(70)  Warning C1004  Ambiguous reference, assuming memvar: 'XNIVEL'
RH106.PRG(70)  Warning C1004  Ambiguous reference, assuming memvar: 'XNIVEL'
RH106.PRG(71)  Warning C1004  Ambiguous reference, assuming memvar: 'XNIVEL'
RH106.PRG(71)  Warning C1004  Ambiguous reference, assuming memvar: 'XNIVEL'
RH106.PRG(72)  Warning C1004  Ambiguous reference, assuming memvar: 'XNIVEL'
RH106.PRG(72)  Warning C1004  Ambiguous reference, assuming memvar: 'XNIVEL'
RH106.PRG(73)  Warning C1004  Ambiguous reference, assuming memvar: 'XNIVEL'
RH106.PRG(73)  Warning C1004  Ambiguous reference, assuming memvar: 'XNIVEL'
RH106.PRG(74)  Warning C1004  Ambiguous reference, assuming memvar: 'XNIVEL'
RH106.PRG(74)  Warning C1004  Ambiguous reference, assuming memvar: 'XNIVEL'
RH106.PRG(75)  Warning C1004  Ambiguous reference, assuming memvar: 'XNIVEL'
RH106.PRG(75)  Warning C1004  Ambiguous reference, assuming memvar: 'XNIVEL'
RH106.PRG(76)  Warning C1004  Ambiguous reference, assuming memvar: 'XNIVEL'
RH106.PRG(76)  Warning C1004  Ambiguous reference, assuming memvar: 'XNIVEL'
RH106.PRG(77)  Warning C1004  Ambiguous reference, assuming memvar: 'XNIVEL'
RH106.PRG(77)  Warning C1004  Ambiguous reference, assuming memvar: 'XNIVEL'
RH106.PRG(78)  Warning C1004  Ambiguous reference, assuming memvar: 'XNIVEL'
RH106.PRG(78)  Warning C1004  Ambiguous reference, assuming memvar: 'XNIVEL'
RH106.PRG(79)  Warning C1004  Ambiguous reference, assuming memvar: 'XNIVEL'
RH106.PRG(79)  Warning C1004  Ambiguous reference, assuming memvar: 'XNIVEL'
RH106.PRG(80)  Warning C1004  Ambiguous reference, assuming memvar: 'XNIVEL'
RH106.PRG(80)  Warning C1004  Ambiguous reference, assuming memvar: 'XNIVEL'
RH106.PRG(81)  Warning C1004  Ambiguous reference, assuming memvar: 'XNIVEL'
RH106.PRG(81)  Warning C1004  Ambiguous reference, assuming memvar: 'XNIVEL'
RH106.PRG(89)  Warning C1003  Ambiguous reference: 'COPCAO'
RH106.PRG(89)  Warning C1001  RETURN statement with no value in function
RH106.PRG(90)  Warning C1003  Ambiguous reference: 'COPCAO'
RH106.PRG(90)  Warning C1001  RETURN statement with no value in function
RH106.PRG(94)  Warning C1003  Ambiguous reference: 'FCODIGO'
RH106.PRG(94)  Warning C1003  Ambiguous reference: 'COPCAO'
RH106.PRG(95)  Warning C1003  Ambiguous reference: 'FDESCRICAO'
RH106.PRG(96)  Warning C1003  Ambiguous reference: 'FCOD_FPAS'
RH106.PRG(97)  Warning C1003  Ambiguous reference: 'FCOD_TERC'
RH106.PRG(98)  Warning C1003  Ambiguous reference: 'FCOD_SAT'
RH106.PRG(99)  Warning C1003  Ambiguous reference: 'FCOD_GPS'
RH106.PRG(100) Warning C1003  Ambiguous reference: 'FPERC_FILAN'
RH106.PRG(102) Warning C1003  Ambiguous reference: 'FENDERECO'
RH106.PRG(103) Warning C1003  Ambiguous reference: 'FBAIRRO'
RH106.PRG(104) Warning C1003  Ambiguous reference: 'FTELEFONE'
RH106.PRG(105) Warning C1003  Ambiguous reference: 'FCGM'
RH106.PRG(107) Warning C1003  Ambiguous reference: 'FCEP'
RH106.PRG(108) Warning C1003  Ambiguous reference: 'FCGC'
RH106.PRG(109) Warning C1003  Ambiguous reference: 'FCEI'
RH106.PRG(110) Warning C1003  Ambiguous reference: 'FTERC_01'
RH106.PRG(111) Warning C1003  Ambiguous reference: 'FTERC_02'
RH106.PRG(112) Warning C1003  Ambiguous reference: 'FTERC_03'
RH106.PRG(113) Warning C1003  Ambiguous reference: 'FTERC_04'
RH106.PRG(114) Warning C1003  Ambiguous reference: 'FTERC_05'
RH106.PRG(115) Warning C1003  Ambiguous reference: 'FTERC_06'
RH106.PRG(116) Warning C1003  Ambiguous reference: 'FTERC_07'
RH106.PRG(117) Warning C1003  Ambiguous reference: 'FTERC_08'
RH106.PRG(118) Warning C1003  Ambiguous reference: 'FTERC_09'
RH106.PRG(119) Warning C1003  Ambiguous reference: 'FTERC_10'
RH106.PRG(120) Warning C1003  Ambiguous reference: 'FTERC_11'
RH106.PRG(121) Warning C1003  Ambiguous reference: 'FPERC_TERC'
RH106.PRG(122) Warning C1003  Ambiguous reference: 'FPERC_EMPR'
RH106.PRG(123) Warning C1003  Ambiguous reference: 'FPERC_ACID'
RH106.PRG(124) Warning C1003  Ambiguous reference: 'FPERC_PROL'
RH106.PRG(125) Warning C1003  Ambiguous reference: 'FPERC_AUTO'
RH106.PRG(126) Warning C1003  Ambiguous reference: 'FMENSA_1'
RH106.PRG(127) Warning C1003  Ambiguous reference: 'FMENSA_2'
RH106.PRG(128) Warning C1003  Ambiguous reference: 'COPCAO'
RH106.PRG(133) Warning C1003  Ambiguous reference: 'COPCAO'
RH106.PRG(134) Warning C1004  Ambiguous reference, assuming memvar: 'XNIVEL'
RH106.PRG(135) Warning C1004  Ambiguous reference, assuming memvar: 'XFLAG'
RH106.PRG(139) Warning C1003  Ambiguous reference: 'XNIVEL'
RH106.PRG(139) Warning C1003  Ambiguous reference: 'XNIVEL'
RH106.PRG(140) Warning C1003  Ambiguous reference: 'XNIVEL'
RH106.PRG(141) Warning C1001  RETURN statement with no value in function
RH106.PRG(142) Warning C1003  Ambiguous reference: 'XNIVEL'
RH106.PRG(143) Warning C1003  Ambiguous reference: 'XFLAG'
RH106.PRG(143) Warning C1004  Ambiguous reference, assuming memvar: 'XNIVEL'
RH106.PRG(143) Warning C1004  Ambiguous reference, assuming memvar: 'XNIVEL'
RH106.PRG(143) Warning C1004  Ambiguous reference, assuming memvar: 'XNIVEL'
RH106.PRG(143) Warning C1004  Ambiguous reference, assuming memvar: 'XNIVEL'
RH106.PRG(148) Warning C1001  RETURN statement with no value in function
RH106.PRG(150) Warning C1003  Ambiguous reference: 'COPCAO'
RH106.PRG(151) Warning C1003  Ambiguous reference: 'XANOMES'
RH106.PRG(151) Warning C1004  Ambiguous reference, assuming memvar: 'FANOMES'
RH106.PRG(155) Warning C1003  Ambiguous reference: 'COPCAO'
RH106.PRG(158) Warning C1001  RETURN statement with no value in function
RH106.PRG(167) Warning C1003  Ambiguous reference: 'COPCAO'
RH106.PRG(168) Warning C1003  Ambiguous reference: 'XANOMES'
RH106.PRG(168) Warning C1003  Ambiguous reference: 'FCODIGO'
RH106.PRG(173) Warning C1003  Ambiguous reference: 'FCGM'
RH106.PRG(177) Warning C1003  Ambiguous reference: 'XNIVEL'
RH106.PRG(179) Warning C1003  Ambiguous reference: 'FCOD_FPAS'
RH106.PRG(185) Warning C1003  Ambiguous reference: 'FTERC_01'
RH106.PRG(185) Warning C1003  Ambiguous reference: 'FTERC_02'
RH106.PRG(185) Warning C1003  Ambiguous reference: 'FTERC_03'
RH106.PRG(185) Warning C1003  Ambiguous reference: 'FTERC_04'
RH106.PRG(185) Warning C1003  Ambiguous reference: 'FTERC_05'
RH106.PRG(186) Warning C1003  Ambiguous reference: 'FTERC_06'
RH106.PRG(186) Warning C1003  Ambiguous reference: 'FTERC_07'
RH106.PRG(186) Warning C1003  Ambiguous reference: 'FTERC_08'
RH106.PRG(186) Warning C1003  Ambiguous reference: 'FTERC_09'
RH106.PRG(186) Warning C1003  Ambiguous reference: 'FTERC_10'
RH106.PRG(186) Warning C1003  Ambiguous reference: 'FTERC_11'
RH106.PRG(188) Warning C1004  Ambiguous reference, assuming memvar: 'FPERC_TERC'
RH106.PRG(204) Warning C1001  RETURN statement with no value in function
159 warnings                
Code size 3382, Symbols 1776, Constants 1050
