312K available
Compiling RH104.PRG
RH104.PRG(14)  Warning C1003  Ambiguous reference: 'ANOMES'
RH104.PRG(14)  Warning C1003  Ambiguous reference: 'XANOMES'
RH104.PRG(29)  Warning C1003  Ambiguous reference: 'COPCAO'
RH104.PRG(29)  Warning C1004  Ambiguous reference, assuming memvar: 'COPCAO'
RH104.PRG(30)  Warning C1003  Ambiguous reference: 'COPCAO'
RH104.PRG(30)  Warning C1003  Ambiguous reference: 'XUSRA'
RH104.PRG(32)  Warning C1003  Ambiguous reference: 'COPCAO'
RH104.PRG(45)  Warning C1003  Ambiguous reference: 'FCODIGO'
RH104.PRG(45)  Warning C1003  Ambiguous reference: 'XNIVEL'
RH104.PRG(45)  Warning C1003  Ambiguous reference: 'XFLAG'
RH104.PRG(45)  Warning C1003  Ambiguous reference: 'XNIVEL'
RH104.PRG(45)  Warning C1003  Ambiguous reference: 'COPCAO'
RH104.PRG(45)  Warning C1003  Ambiguous reference: 'XFLAG'
RH104.PRG(49)  Warning C1003  Ambiguous reference: 'COPCAO'
RH104.PRG(50)  Warning C1004  Ambiguous reference, assuming memvar: 'XNIVEL'
RH104.PRG(51)  Warning C1004  Ambiguous reference, assuming memvar: 'XNIVEL'
RH104.PRG(51)  Warning C1004  Ambiguous reference, assuming memvar: 'XNIVEL'
RH104.PRG(52)  Warning C1004  Ambiguous reference, assuming memvar: 'XNIVEL'
RH104.PRG(52)  Warning C1004  Ambiguous reference, assuming memvar: 'XNIVEL'
RH104.PRG(53)  Warning C1004  Ambiguous reference, assuming memvar: 'XNIVEL'
RH104.PRG(53)  Warning C1004  Ambiguous reference, assuming memvar: 'XNIVEL'
RH104.PRG(58)  Warning C1003  Ambiguous reference: 'COPCAO'
RH104.PRG(58)  Warning C1001  RETURN statement with no value in function
RH104.PRG(59)  Warning C1003  Ambiguous reference: 'COPCAO'
RH104.PRG(59)  Warning C1001  RETURN statement with no value in function
RH104.PRG(64)  Warning C1003  Ambiguous reference: 'FDESCRICAO'
RH104.PRG(65)  Warning C1003  Ambiguous reference: 'FVALOR'
RH104.PRG(66)  Warning C1003  Ambiguous reference: 'COPCAO'
RH104.PRG(71)  Warning C1003  Ambiguous reference: 'COPCAO'
RH104.PRG(72)  Warning C1004  Ambiguous reference, assuming memvar: 'XNIVEL'
RH104.PRG(73)  Warning C1004  Ambiguous reference, assuming memvar: 'XFLAG'
RH104.PRG(75)  Warning C1003  Ambiguous reference: 'COPCAO'
RH104.PRG(76)  Warning C1004  Ambiguous reference, assuming memvar: 'FCODIGO'
RH104.PRG(81)  Warning C1003  Ambiguous reference: 'XNIVEL'
RH104.PRG(81)  Warning C1003  Ambiguous reference: 'XNIVEL'
RH104.PRG(82)  Warning C1003  Ambiguous reference: 'XNIVEL'
RH104.PRG(83)  Warning C1001  RETURN statement with no value in function
RH104.PRG(84)  Warning C1003  Ambiguous reference: 'XNIVEL'
RH104.PRG(85)  Warning C1003  Ambiguous reference: 'XFLAG'
RH104.PRG(85)  Warning C1004  Ambiguous reference, assuming memvar: 'XNIVEL'
RH104.PRG(85)  Warning C1004  Ambiguous reference, assuming memvar: 'XNIVEL'
RH104.PRG(85)  Warning C1004  Ambiguous reference, assuming memvar: 'XNIVEL'
RH104.PRG(85)  Warning C1004  Ambiguous reference, assuming memvar: 'XNIVEL'
RH104.PRG(90)  Warning C1001  RETURN statement with no value in function
RH104.PRG(92)  Warning C1003  Ambiguous reference: 'COPCAO'
RH104.PRG(93)  Warning C1003  Ambiguous reference: 'XANOMES'
RH104.PRG(93)  Warning C1004  Ambiguous reference, assuming memvar: 'FANOMES'
RH104.PRG(98)  Warning C1003  Ambiguous reference: 'FCODIGO'
RH104.PRG(101) Warning C1003  Ambiguous reference: 'COPCAO'
RH104.PRG(104) Warning C1001  RETURN statement with no value in function
RH104.PRG(111) Warning C1003  Ambiguous reference: 'XFLAG'
RH104.PRG(113) Warning C1003  Ambiguous reference: 'XNIVEL'
RH104.PRG(113) Warning C1003  Ambiguous reference: 'COPCAO'
RH104.PRG(114) Warning C1003  Ambiguous reference: 'XNIVEL'
RH104.PRG(114) Warning C1003  Ambiguous reference: 'FCODIGO'
RH104.PRG(131) Warning C1001  RETURN statement with no value in function
56 warnings                
Code size 1297, Symbols 752, Constants 319
