238K available
Compiling RH113.PRG
RH113.PRG(23)  Warning C1003  Ambiguous reference: 'COPCAO'
RH113.PRG(23)  Warning C1004  Ambiguous reference, assuming memvar: 'COPCAO'
RH113.PRG(24)  Warning C1003  Ambiguous reference: 'COPCAO'
RH113.PRG(24)  Warning C1003  Ambiguous reference: 'XUSRA'
RH113.PRG(26)  Warning C1003  Ambiguous reference: 'COPCAO'
RH113.PRG(39)  Warning C1003  Ambiguous reference: 'FCODIGO'
RH113.PRG(39)  Warning C1003  Ambiguous reference: 'XNIVEL'
RH113.PRG(39)  Warning C1003  Ambiguous reference: 'XFLAG'
RH113.PRG(39)  Warning C1003  Ambiguous reference: 'FCODIGO'
RH113.PRG(39)  Warning C1003  Ambiguous reference: 'XNIVEL'
RH113.PRG(39)  Warning C1003  Ambiguous reference: 'XNIVEL'
RH113.PRG(39)  Warning C1003  Ambiguous reference: 'COPCAO'
RH113.PRG(39)  Warning C1003  Ambiguous reference: 'XFLAG'
RH113.PRG(43)  Warning C1003  Ambiguous reference: 'COPCAO'
RH113.PRG(44)  Warning C1004  Ambiguous reference, assuming memvar: 'XNIVEL'
RH113.PRG(45)  Warning C1004  Ambiguous reference, assuming memvar: 'XNIVEL'
RH113.PRG(45)  Warning C1004  Ambiguous reference, assuming memvar: 'XNIVEL'
RH113.PRG(46)  Warning C1004  Ambiguous reference, assuming memvar: 'XNIVEL'
RH113.PRG(46)  Warning C1004  Ambiguous reference, assuming memvar: 'XNIVEL'
RH113.PRG(51)  Warning C1003  Ambiguous reference: 'COPCAO'
RH113.PRG(51)  Warning C1001  RETURN statement with no value in function
RH113.PRG(52)  Warning C1003  Ambiguous reference: 'COPCAO'
RH113.PRG(52)  Warning C1001  RETURN statement with no value in function
RH113.PRG(56)  Warning C1003  Ambiguous reference: 'FCODIGO'
RH113.PRG(56)  Warning C1003  Ambiguous reference: 'COPCAO'
RH113.PRG(57)  Warning C1003  Ambiguous reference: 'FDESCRICAO'
RH113.PRG(58)  Warning C1003  Ambiguous reference: 'COPCAO'
RH113.PRG(63)  Warning C1003  Ambiguous reference: 'COPCAO'
RH113.PRG(64)  Warning C1004  Ambiguous reference, assuming memvar: 'XNIVEL'
RH113.PRG(65)  Warning C1004  Ambiguous reference, assuming memvar: 'XFLAG'
RH113.PRG(69)  Warning C1003  Ambiguous reference: 'XNIVEL'
RH113.PRG(69)  Warning C1003  Ambiguous reference: 'XNIVEL'
RH113.PRG(70)  Warning C1003  Ambiguous reference: 'XNIVEL'
RH113.PRG(71)  Warning C1001  RETURN statement with no value in function
RH113.PRG(72)  Warning C1003  Ambiguous reference: 'XNIVEL'
RH113.PRG(73)  Warning C1003  Ambiguous reference: 'XFLAG'
RH113.PRG(73)  Warning C1004  Ambiguous reference, assuming memvar: 'XNIVEL'
RH113.PRG(73)  Warning C1004  Ambiguous reference, assuming memvar: 'XNIVEL'
RH113.PRG(73)  Warning C1004  Ambiguous reference, assuming memvar: 'XNIVEL'
RH113.PRG(73)  Warning C1004  Ambiguous reference, assuming memvar: 'XNIVEL'
RH113.PRG(78)  Warning C1001  RETURN statement with no value in function
RH113.PRG(80)  Warning C1003  Ambiguous reference: 'COPCAO'
RH113.PRG(84)  Warning C1003  Ambiguous reference: 'COPCAO'
RH113.PRG(87)  Warning C1001  RETURN statement with no value in function
RH113.PRG(95)  Warning C1003  Ambiguous reference: 'COPCAO'
RH113.PRG(96)  Warning C1003  Ambiguous reference: 'FCODIGO'
RH113.PRG(115) Warning C1001  RETURN statement with no value in function
47 warnings                
Code size 1164, Symbols 656, Constants 292
