178K available
Compiling RH115.PRG
RH115.PRG(23)  Warning C1003  Ambiguous reference: 'COPCAO'
RH115.PRG(23)  Warning C1004  Ambiguous reference, assuming memvar: 'COPCAO'
RH115.PRG(25)  Warning C1003  Ambiguous reference: 'COPCAO'
RH115.PRG(25)  Warning C1003  Ambiguous reference: 'XUSRA'
RH115.PRG(27)  Warning C1003  Ambiguous reference: 'COPCAO'
RH115.PRG(42)  Warning C1003  Ambiguous reference: 'FCODIGO'
RH115.PRG(42)  Warning C1003  Ambiguous reference: 'XNIVEL'
RH115.PRG(42)  Warning C1003  Ambiguous reference: 'XFLAG'
RH115.PRG(42)  Warning C1003  Ambiguous reference: 'FCODIGO'
RH115.PRG(42)  Warning C1003  Ambiguous reference: 'XNIVEL'
RH115.PRG(42)  Warning C1003  Ambiguous reference: 'XNIVEL'
RH115.PRG(42)  Warning C1003  Ambiguous reference: 'COPCAO'
RH115.PRG(42)  Warning C1003  Ambiguous reference: 'XFLAG'
RH115.PRG(46)  Warning C1003  Ambiguous reference: 'COPCAO'
RH115.PRG(47)  Warning C1004  Ambiguous reference, assuming memvar: 'XNIVEL'
RH115.PRG(48)  Warning C1004  Ambiguous reference, assuming memvar: 'XNIVEL'
RH115.PRG(48)  Warning C1004  Ambiguous reference, assuming memvar: 'XNIVEL'
RH115.PRG(49)  Warning C1004  Ambiguous reference, assuming memvar: 'XNIVEL'
RH115.PRG(49)  Warning C1004  Ambiguous reference, assuming memvar: 'XNIVEL'
RH115.PRG(50)  Warning C1004  Ambiguous reference, assuming memvar: 'XNIVEL'
RH115.PRG(50)  Warning C1004  Ambiguous reference, assuming memvar: 'XNIVEL'
RH115.PRG(51)  Warning C1004  Ambiguous reference, assuming memvar: 'XNIVEL'
RH115.PRG(51)  Warning C1004  Ambiguous reference, assuming memvar: 'XNIVEL'
RH115.PRG(52)  Warning C1004  Ambiguous reference, assuming memvar: 'XNIVEL'
RH115.PRG(52)  Warning C1004  Ambiguous reference, assuming memvar: 'XNIVEL'
RH115.PRG(53)  Warning C1004  Ambiguous reference, assuming memvar: 'XNIVEL'
RH115.PRG(53)  Warning C1004  Ambiguous reference, assuming memvar: 'XNIVEL'
RH115.PRG(54)  Warning C1004  Ambiguous reference, assuming memvar: 'XNIVEL'
RH115.PRG(54)  Warning C1004  Ambiguous reference, assuming memvar: 'XNIVEL'
RH115.PRG(59)  Warning C1003  Ambiguous reference: 'COPCAO'
RH115.PRG(59)  Warning C1001  RETURN statement with no value in function
RH115.PRG(60)  Warning C1003  Ambiguous reference: 'COPCAO'
RH115.PRG(60)  Warning C1001  RETURN statement with no value in function
RH115.PRG(64)  Warning C1003  Ambiguous reference: 'FCODIGO'
RH115.PRG(64)  Warning C1003  Ambiguous reference: 'COPCAO'
RH115.PRG(65)  Warning C1003  Ambiguous reference: 'FBENEF'
RH115.PRG(66)  Warning C1003  Ambiguous reference: 'FESPEC1'
RH115.PRG(67)  Warning C1003  Ambiguous reference: 'FESPEC2'
RH115.PRG(68)  Warning C1003  Ambiguous reference: 'FESPEC3'
RH115.PRG(69)  Warning C1003  Ambiguous reference: 'FESPEC4'
RH115.PRG(70)  Warning C1003  Ambiguous reference: 'FESPEC5'
RH115.PRG(72)  Warning C1003  Ambiguous reference: 'COPCAO'
RH115.PRG(77)  Warning C1003  Ambiguous reference: 'COPCAO'
RH115.PRG(78)  Warning C1004  Ambiguous reference, assuming memvar: 'XNIVEL'
RH115.PRG(79)  Warning C1004  Ambiguous reference, assuming memvar: 'XFLAG'
RH115.PRG(83)  Warning C1003  Ambiguous reference: 'XNIVEL'
RH115.PRG(83)  Warning C1003  Ambiguous reference: 'XNIVEL'
RH115.PRG(84)  Warning C1003  Ambiguous reference: 'XNIVEL'
RH115.PRG(86)  Warning C1001  RETURN statement with no value in function
RH115.PRG(88)  Warning C1003  Ambiguous reference: 'XNIVEL'
RH115.PRG(90)  Warning C1003  Ambiguous reference: 'XFLAG'
RH115.PRG(90)  Warning C1004  Ambiguous reference, assuming memvar: 'XNIVEL'
RH115.PRG(90)  Warning C1004  Ambiguous reference, assuming memvar: 'XNIVEL'
RH115.PRG(90)  Warning C1004  Ambiguous reference, assuming memvar: 'XNIVEL'
RH115.PRG(90)  Warning C1004  Ambiguous reference, assuming memvar: 'XNIVEL'
RH115.PRG(95)  Warning C1001  RETURN statement with no value in function
RH115.PRG(97)  Warning C1003  Ambiguous reference: 'COPCAO'
RH115.PRG(101) Warning C1003  Ambiguous reference: 'COPCAO'
RH115.PRG(104) Warning C1001  RETURN statement with no value in function
RH115.PRG(114) Warning C1003  Ambiguous reference: 'COPCAO'
RH115.PRG(137) Warning C1001  RETURN statement with no value in function
61 warnings                
Code size 1396, Symbols 784, Constants 332
