238K available
Compiling RH114.PRG
RH114.PRG(10)  Warning C1003  Ambiguous reference: 'MATRICULA'
RH114.PRG(28)  Warning C1003  Ambiguous reference: 'COPCAO'
RH114.PRG(28)  Warning C1004  Ambiguous reference, assuming memvar: 'COPCAO'
RH114.PRG(29)  Warning C1003  Ambiguous reference: 'COPCAO'
RH114.PRG(29)  Warning C1003  Ambiguous reference: 'XUSRA'
RH114.PRG(32)  Warning C1003  Ambiguous reference: 'COPCAO'
RH114.PRG(37)  Warning C1003  Ambiguous reference: 'COPCAO'
RH114.PRG(52)  Warning C1003  Ambiguous reference: 'FMATRICULA'
RH114.PRG(52)  Warning C1003  Ambiguous reference: 'XNIVEL'
RH114.PRG(52)  Warning C1003  Ambiguous reference: 'XFLAG'
RH114.PRG(52)  Warning C1003  Ambiguous reference: 'FMATRICULA'
RH114.PRG(52)  Warning C1003  Ambiguous reference: 'XNIVEL'
RH114.PRG(52)  Warning C1003  Ambiguous reference: 'XNIVEL'
RH114.PRG(52)  Warning C1003  Ambiguous reference: 'COPCAO'
RH114.PRG(52)  Warning C1003  Ambiguous reference: 'XFLAG'
RH114.PRG(56)  Warning C1003  Ambiguous reference: 'COPCAO'
RH114.PRG(57)  Warning C1004  Ambiguous reference, assuming memvar: 'XNIVEL'
RH114.PRG(58)  Warning C1004  Ambiguous reference, assuming memvar: 'XNIVEL'
RH114.PRG(58)  Warning C1004  Ambiguous reference, assuming memvar: 'XNIVEL'
RH114.PRG(59)  Warning C1004  Ambiguous reference, assuming memvar: 'XNIVEL'
RH114.PRG(59)  Warning C1004  Ambiguous reference, assuming memvar: 'XNIVEL'
RH114.PRG(60)  Warning C1004  Ambiguous reference, assuming memvar: 'XNIVEL'
RH114.PRG(60)  Warning C1004  Ambiguous reference, assuming memvar: 'XNIVEL'
RH114.PRG(61)  Warning C1004  Ambiguous reference, assuming memvar: 'XNIVEL'
RH114.PRG(61)  Warning C1004  Ambiguous reference, assuming memvar: 'XNIVEL'
RH114.PRG(62)  Warning C1004  Ambiguous reference, assuming memvar: 'XNIVEL'
RH114.PRG(62)  Warning C1004  Ambiguous reference, assuming memvar: 'XNIVEL'
RH114.PRG(67)  Warning C1003  Ambiguous reference: 'COPCAO'
RH114.PRG(67)  Warning C1001  RETURN statement with no value in function
RH114.PRG(68)  Warning C1003  Ambiguous reference: 'COPCAO'
RH114.PRG(68)  Warning C1001  RETURN statement with no value in function
RH114.PRG(72)  Warning C1003  Ambiguous reference: 'FMATRICULA'
RH114.PRG(72)  Warning C1003  Ambiguous reference: 'COPCAO'
RH114.PRG(74)  Warning C1003  Ambiguous reference: 'FDATA'
RH114.PRG(75)  Warning C1003  Ambiguous reference: 'FHORAENT'
RH114.PRG(76)  Warning C1003  Ambiguous reference: 'FHORASAI'
RH114.PRG(78)  Warning C1003  Ambiguous reference: 'COPCAO'
RH114.PRG(83)  Warning C1003  Ambiguous reference: 'COPCAO'
RH114.PRG(84)  Warning C1004  Ambiguous reference, assuming memvar: 'XNIVEL'
RH114.PRG(85)  Warning C1004  Ambiguous reference, assuming memvar: 'XFLAG'
RH114.PRG(89)  Warning C1003  Ambiguous reference: 'XNIVEL'
RH114.PRG(89)  Warning C1003  Ambiguous reference: 'XNIVEL'
RH114.PRG(90)  Warning C1003  Ambiguous reference: 'XNIVEL'
RH114.PRG(91)  Warning C1001  RETURN statement with no value in function
RH114.PRG(92)  Warning C1003  Ambiguous reference: 'XNIVEL'
RH114.PRG(93)  Warning C1003  Ambiguous reference: 'XFLAG'
RH114.PRG(93)  Warning C1004  Ambiguous reference, assuming memvar: 'XNIVEL'
RH114.PRG(93)  Warning C1004  Ambiguous reference, assuming memvar: 'XNIVEL'
RH114.PRG(93)  Warning C1004  Ambiguous reference, assuming memvar: 'XNIVEL'
RH114.PRG(93)  Warning C1004  Ambiguous reference, assuming memvar: 'XNIVEL'
RH114.PRG(98)  Warning C1001  RETURN statement with no value in function
RH114.PRG(100) Warning C1003  Ambiguous reference: 'COPCAO'
RH114.PRG(104) Warning C1003  Ambiguous reference: 'COPCAO'
RH114.PRG(107) Warning C1001  RETURN statement with no value in function
RH114.PRG(115) Warning C1003  Ambiguous reference: 'COPCAO'
RH114.PRG(116) Warning C1003  Ambiguous reference: 'FCODIGO'
RH114.PRG(116) Warning C1004  Ambiguous reference, assuming memvar: 'NINVERT'
RH114.PRG(117) Warning C1003  Ambiguous reference: 'NINVERT'
RH114.PRG(117) Warning C1004  Ambiguous reference, assuming memvar: 'NQUANTI'
RH114.PRG(118) Warning C1003  Ambiguous reference: 'NQUANTI'
RH114.PRG(118) Warning C1003  Ambiguous reference: 'NINVERT'
RH114.PRG(118) Warning C1004  Ambiguous reference, assuming memvar: 'NCODIGO'
RH114.PRG(119) Warning C1003  Ambiguous reference: 'XNIVEL'
RH114.PRG(119) Warning C1003  Ambiguous reference: 'NCODIGO'
RH114.PRG(119) Warning C1004  Ambiguous reference, assuming memvar: 'FCODIGO'
RH114.PRG(120) Warning C1003  Ambiguous reference: 'FCODIGO'
RH114.PRG(125) Warning C1003  Ambiguous reference: 'FESPECIFICA'
RH114.PRG(126) Warning C1003  Ambiguous reference: 'XNIVEL'
RH114.PRG(126) Warning C1003  Ambiguous reference: 'FESPECIFICA'
RH114.PRG(128) Warning C1003  Ambiguous reference: 'XNIVEL'
RH114.PRG(128) Warning C1003  Ambiguous reference: 'FESPECIFICA'
RH114.PRG(144) Warning C1001  RETURN statement with no value in function
72 warnings                
Code size 1816, Symbols 960, Constants 792
