238K available
Compiling RH121.PRG
RH121.PRG(31)  Warning C1003  Ambiguous reference: 'COPCAO'
RH121.PRG(31)  Warning C1004  Ambiguous reference, assuming memvar: 'COPCAO'
RH121.PRG(32)  Warning C1003  Ambiguous reference: 'COPCAO'
RH121.PRG(32)  Warning C1003  Ambiguous reference: 'XUSRA'
RH121.PRG(34)  Warning C1003  Ambiguous reference: 'COPCAO'
RH121.PRG(47)  Warning C1003  Ambiguous reference: 'FEVENTO'
RH121.PRG(47)  Warning C1003  Ambiguous reference: 'XNIVEL'
RH121.PRG(47)  Warning C1003  Ambiguous reference: 'XFLAG'
RH121.PRG(47)  Warning C1003  Ambiguous reference: 'FDESCRICAO'
RH121.PRG(47)  Warning C1003  Ambiguous reference: 'XNIVEL'
RH121.PRG(47)  Warning C1003  Ambiguous reference: 'XNIVEL'
RH121.PRG(47)  Warning C1003  Ambiguous reference: 'COPCAO'
RH121.PRG(47)  Warning C1003  Ambiguous reference: 'XFLAG'
RH121.PRG(48)  Warning C1004  Ambiguous reference, assuming memvar: 'SBLOCO1'
RH121.PRG(49)  Warning C1004  Ambiguous reference, assuming memvar: 'SBLOCO2'
RH121.PRG(50)  Warning C1004  Ambiguous reference, assuming memvar: 'SBLOCO3'
RH121.PRG(51)  Warning C1004  Ambiguous reference, assuming memvar: 'SBLOCO4'
RH121.PRG(55)  Warning C1003  Ambiguous reference: 'COPCAO'
RH121.PRG(56)  Warning C1004  Ambiguous reference, assuming memvar: 'XNIVEL'
RH121.PRG(57)  Warning C1004  Ambiguous reference, assuming memvar: 'XNIVEL'
RH121.PRG(57)  Warning C1004  Ambiguous reference, assuming memvar: 'XNIVEL'
RH121.PRG(58)  Warning C1004  Ambiguous reference, assuming memvar: 'XNIVEL'
RH121.PRG(58)  Warning C1004  Ambiguous reference, assuming memvar: 'XNIVEL'
RH121.PRG(59)  Warning C1004  Ambiguous reference, assuming memvar: 'XNIVEL'
RH121.PRG(59)  Warning C1004  Ambiguous reference, assuming memvar: 'XNIVEL'
RH121.PRG(60)  Warning C1004  Ambiguous reference, assuming memvar: 'XNIVEL'
RH121.PRG(60)  Warning C1004  Ambiguous reference, assuming memvar: 'XNIVEL'
RH121.PRG(61)  Warning C1004  Ambiguous reference, assuming memvar: 'XNIVEL'
RH121.PRG(61)  Warning C1004  Ambiguous reference, assuming memvar: 'XNIVEL'
RH121.PRG(62)  Warning C1004  Ambiguous reference, assuming memvar: 'XNIVEL'
RH121.PRG(62)  Warning C1004  Ambiguous reference, assuming memvar: 'XNIVEL'
RH121.PRG(63)  Warning C1004  Ambiguous reference, assuming memvar: 'XNIVEL'
RH121.PRG(63)  Warning C1004  Ambiguous reference, assuming memvar: 'XNIVEL'
RH121.PRG(64)  Warning C1004  Ambiguous reference, assuming memvar: 'XNIVEL'
RH121.PRG(64)  Warning C1004  Ambiguous reference, assuming memvar: 'XNIVEL'
RH121.PRG(65)  Warning C1004  Ambiguous reference, assuming memvar: 'XNIVEL'
RH121.PRG(65)  Warning C1004  Ambiguous reference, assuming memvar: 'XNIVEL'
RH121.PRG(66)  Warning C1004  Ambiguous reference, assuming memvar: 'XNIVEL'
RH121.PRG(66)  Warning C1004  Ambiguous reference, assuming memvar: 'XNIVEL'
RH121.PRG(67)  Warning C1004  Ambiguous reference, assuming memvar: 'XNIVEL'
RH121.PRG(67)  Warning C1004  Ambiguous reference, assuming memvar: 'XNIVEL'
RH121.PRG(68)  Warning C1004  Ambiguous reference, assuming memvar: 'XNIVEL'
RH121.PRG(68)  Warning C1004  Ambiguous reference, assuming memvar: 'XNIVEL'
RH121.PRG(69)  Warning C1004  Ambiguous reference, assuming memvar: 'XNIVEL'
RH121.PRG(69)  Warning C1004  Ambiguous reference, assuming memvar: 'XNIVEL'
RH121.PRG(70)  Warning C1004  Ambiguous reference, assuming memvar: 'XNIVEL'
RH121.PRG(70)  Warning C1004  Ambiguous reference, assuming memvar: 'XNIVEL'
RH121.PRG(71)  Warning C1004  Ambiguous reference, assuming memvar: 'XNIVEL'
RH121.PRG(71)  Warning C1004  Ambiguous reference, assuming memvar: 'XNIVEL'
RH121.PRG(72)  Warning C1004  Ambiguous reference, assuming memvar: 'XNIVEL'
RH121.PRG(72)  Warning C1004  Ambiguous reference, assuming memvar: 'XNIVEL'
RH121.PRG(73)  Warning C1004  Ambiguous reference, assuming memvar: 'XNIVEL'
RH121.PRG(73)  Warning C1004  Ambiguous reference, assuming memvar: 'XNIVEL'
RH121.PRG(74)  Warning C1004  Ambiguous reference, assuming memvar: 'XNIVEL'
RH121.PRG(74)  Warning C1004  Ambiguous reference, assuming memvar: 'XNIVEL'
RH121.PRG(75)  Warning C1004  Ambiguous reference, assuming memvar: 'XNIVEL'
RH121.PRG(75)  Warning C1004  Ambiguous reference, assuming memvar: 'XNIVEL'
RH121.PRG(76)  Warning C1004  Ambiguous reference, assuming memvar: 'XNIVEL'
RH121.PRG(76)  Warning C1004  Ambiguous reference, assuming memvar: 'XNIVEL'
RH121.PRG(81)  Warning C1003  Ambiguous reference: 'COPCAO'
RH121.PRG(81)  Warning C1001  RETURN statement with no value in function
RH121.PRG(82)  Warning C1003  Ambiguous reference: 'COPCAO'
RH121.PRG(82)  Warning C1001  RETURN statement with no value in function
RH121.PRG(86)  Warning C1003  Ambiguous reference: 'FEVENTO'
RH121.PRG(86)  Warning C1003  Ambiguous reference: 'COPCAO'
RH121.PRG(87)  Warning C1003  Ambiguous reference: 'FDESCRICAO'
RH121.PRG(88)  Warning C1003  Ambiguous reference: 'FFORMULA'
RH121.PRG(90)  Warning C1003  Ambiguous reference: 'FTIPO'
RH121.PRG(90)  Warning C1003  Ambiguous reference: 'SBLOCO1'
RH121.PRG(91)  Warning C1003  Ambiguous reference: 'FFINALIDADE'
RH121.PRG(91)  Warning C1003  Ambiguous reference: 'SBLOCO2'
RH121.PRG(92)  Warning C1003  Ambiguous reference: 'FVALOR'
RH121.PRG(93)  Warning C1003  Ambiguous reference: 'FEDICAO'
RH121.PRG(94)  Warning C1003  Ambiguous reference: 'FLEGAL_IRRF'
RH121.PRG(95)  Warning C1003  Ambiguous reference: 'FLEGAL_INSS'
RH121.PRG(96)  Warning C1003  Ambiguous reference: 'FLEGAL_FGTS'
RH121.PRG(97)  Warning C1003  Ambiguous reference: 'FINSSMS'
RH121.PRG(97)  Warning C1003  Ambiguous reference: 'XSN'
RH121.PRG(98)  Warning C1003  Ambiguous reference: 'FINSSFR'
RH121.PRG(98)  Warning C1003  Ambiguous reference: 'XSN'
RH121.PRG(99)  Warning C1003  Ambiguous reference: 'FIRRFMS'
RH121.PRG(99)  Warning C1003  Ambiguous reference: 'XSN'
RH121.PRG(100) Warning C1003  Ambiguous reference: 'FIRRFFR'
RH121.PRG(100) Warning C1003  Ambiguous reference: 'XSN'
RH121.PRG(101) Warning C1003  Ambiguous reference: 'FFGTSMS'
RH121.PRG(101) Warning C1003  Ambiguous reference: 'XSN'
RH121.PRG(102) Warning C1003  Ambiguous reference: 'FFGTSFR'
RH121.PRG(102) Warning C1003  Ambiguous reference: 'XSN'
RH121.PRG(103) Warning C1003  Ambiguous reference: 'FSALFAM'
RH121.PRG(103) Warning C1003  Ambiguous reference: 'XSN'
RH121.PRG(104) Warning C1003  Ambiguous reference: 'FSINDIC'
RH121.PRG(104) Warning C1003  Ambiguous reference: 'XSN'
RH121.PRG(105) Warning C1003  Ambiguous reference: 'FRAIS'
RH121.PRG(105) Warning C1003  Ambiguous reference: 'XSN'
RH121.PRG(106) Warning C1003  Ambiguous reference: 'COPCAO'
RH121.PRG(111) Warning C1003  Ambiguous reference: 'COPCAO'
RH121.PRG(112) Warning C1004  Ambiguous reference, assuming memvar: 'XNIVEL'
RH121.PRG(113) Warning C1004  Ambiguous reference, assuming memvar: 'XFLAG'
RH121.PRG(117) Warning C1003  Ambiguous reference: 'XNIVEL'
RH121.PRG(117) Warning C1003  Ambiguous reference: 'XNIVEL'
RH121.PRG(118) Warning C1003  Ambiguous reference: 'XNIVEL'
RH121.PRG(119) Warning C1001  RETURN statement with no value in function
RH121.PRG(120) Warning C1003  Ambiguous reference: 'XNIVEL'
RH121.PRG(121) Warning C1003  Ambiguous reference: 'XFLAG'
RH121.PRG(121) Warning C1004  Ambiguous reference, assuming memvar: 'XNIVEL'
RH121.PRG(121) Warning C1004  Ambiguous reference, assuming memvar: 'XNIVEL'
RH121.PRG(121) Warning C1004  Ambiguous reference, assuming memvar: 'XNIVEL'
RH121.PRG(121) Warning C1004  Ambiguous reference, assuming memvar: 'XNIVEL'
RH121.PRG(126) Warning C1001  RETURN statement with no value in function
RH121.PRG(128) Warning C1003  Ambiguous reference: 'COPCAO'
RH121.PRG(132) Warning C1003  Ambiguous reference: 'COPCAO'
RH121.PRG(135) Warning C1001  RETURN statement with no value in function
RH121.PRG(143) Warning C1003  Ambiguous reference: 'COPCAO'
RH121.PRG(144) Warning C1003  Ambiguous reference: 'FEVENTO'
RH121.PRG(150) Warning C1003  Ambiguous reference: 'FEVENTO'
RH121.PRG(154) Warning C1004  Ambiguous reference, assuming memvar: 'FEDICAO'
RH121.PRG(156) Warning C1003  Ambiguous reference: 'FFORMULA'
RH121.PRG(157) Warning C1003  Ambiguous reference: 'FFORMULA'
RH121.PRG(161) Warning C1003  Ambiguous reference: 'XNIVEL'
RH121.PRG(165) Warning C1003  Ambiguous reference: 'FTIPO'
RH121.PRG(169) Warning C1003  Ambiguous reference: 'XNIVEL'
RH121.PRG(169) Warning C1003  Ambiguous reference: 'FTIPO'
RH121.PRG(170) Warning C1003  Ambiguous reference: 'FTIPO'
RH121.PRG(172) Warning C1003  Ambiguous reference: 'FFINALIDADE'
RH121.PRG(176) Warning C1003  Ambiguous reference: 'XNIVEL'
RH121.PRG(176) Warning C1003  Ambiguous reference: 'FFINALIDADE'
RH121.PRG(178) Warning C1003  Ambiguous reference: 'XNIVEL'
RH121.PRG(178) Warning C1003  Ambiguous reference: 'FSALFAM'
RH121.PRG(180) Warning C1003  Ambiguous reference: 'XNIVEL'
RH121.PRG(180) Warning C1003  Ambiguous reference: 'FINSSMS'
RH121.PRG(182) Warning C1003  Ambiguous reference: 'XNIVEL'
RH121.PRG(182) Warning C1003  Ambiguous reference: 'FINSSFR'
RH121.PRG(184) Warning C1003  Ambiguous reference: 'XNIVEL'
RH121.PRG(184) Warning C1003  Ambiguous reference: 'FIRRFMS'
RH121.PRG(186) Warning C1003  Ambiguous reference: 'XNIVEL'
RH121.PRG(186) Warning C1003  Ambiguous reference: 'FIRRFFR'
RH121.PRG(188) Warning C1003  Ambiguous reference: 'XNIVEL'
RH121.PRG(188) Warning C1003  Ambiguous reference: 'FFGTSMS'
RH121.PRG(190) Warning C1003  Ambiguous reference: 'XNIVEL'
RH121.PRG(190) Warning C1003  Ambiguous reference: 'FFGTSFR'
RH121.PRG(192) Warning C1003  Ambiguous reference: 'XNIVEL'
RH121.PRG(192) Warning C1003  Ambiguous reference: 'FSINDIC'
RH121.PRG(194) Warning C1003  Ambiguous reference: 'XNIVEL'
RH121.PRG(194) Warning C1003  Ambiguous reference: 'FRAIS'
RH121.PRG(210) Warning C1001  RETURN statement with no value in function
RH121.PRG(224) Warning C1003  Ambiguous reference: 'SBLOCO3'
RH121.PRG(230) Warning C1003  Ambiguous reference: 'FCOMBINA'
RH121.PRG(231) Warning C1003  Ambiguous reference: 'FCOMBINA'
RH121.PRG(233) Warning C1003  Ambiguous reference: 'FCOMBINA'
RH121.PRG(234) Warning C1003  Ambiguous reference: 'FCOMBINA'
RH121.PRG(252) Warning C1004  Ambiguous reference, assuming memvar: 'FCOMBINA'
RH121.PRG(255) Warning C1004  Ambiguous reference, assuming memvar: 'FCOMBINA'
RH121.PRG(255) Warning C1004  Ambiguous reference, assuming memvar: 'FCOMBINA'
RH121.PRG(276) Warning C1004  Ambiguous reference, assuming memvar: 'NROW'
RH121.PRG(289) Warning C1004  Ambiguous reference, assuming memvar: 'NROW'
RH121.PRG(290) Warning C1004  Ambiguous reference, assuming memvar: 'NROW'
RH121.PRG(294) Warning C1003  Ambiguous reference: 'NROW'
RH121.PRG(295) Warning C1003  Ambiguous reference: 'NROW'
RH121.PRG(296) Warning C1003  Ambiguous reference: 'NROW'
RH121.PRG(302) Warning C1003  Ambiguous reference: 'COPCAO'
RH121.PRG(338) Warning C1003  Ambiguous reference: 'COPCAO'
RH121.PRG(345) Warning C1003  Ambiguous reference: 'SBLOCO4'
RH121.PRG(353) Warning C1003  Ambiguous reference: 'COPCAO'
RH121.PRG(355) Warning C1003  Ambiguous reference: 'NROW'
RH121.PRG(362) Warning C1003  Ambiguous reference: 'COPCAO'
RH121.PRG(364) Warning C1003  Ambiguous reference: 'SBLOCO4'
RH121.PRG(380) Warning C1001  RETURN statement with no value in function
RH121.PRG(389) Warning C1003  Ambiguous reference: 'NROW'
RH121.PRG(390) Warning C1003  Ambiguous reference: 'NROW'
RH121.PRG(391) Warning C1004  Ambiguous reference, assuming memvar: 'NROW'
RH121.PRG(391) Warning C1003  Ambiguous reference: 'NROW'
RH121.PRG(393) Warning C1003  Ambiguous reference: 'NROW'
RH121.PRG(394) Warning C1004  Ambiguous reference, assuming memvar: 'NROW'
RH121.PRG(397) Warning C1004  Ambiguous reference, assuming memvar: 'NROW'
RH121.PRG(397) Warning C1004  Ambiguous reference, assuming memvar: 'NROW'
175 warnings                
Code size 5175, Symbols 1904, Constants 1961
