238K available
Compiling RH122.PRG
RH122.PRG(25)  Warning C1003  Ambiguous reference: 'COPCAO'
RH122.PRG(25)  Warning C1004  Ambiguous reference, assuming memvar: 'COPCAO'
RH122.PRG(26)  Warning C1003  Ambiguous reference: 'COPCAO'
RH122.PRG(26)  Warning C1003  Ambiguous reference: 'XUSRA'
RH122.PRG(28)  Warning C1003  Ambiguous reference: 'COPCAO'
RH122.PRG(41)  Warning C1003  Ambiguous reference: 'FCODIGO'
RH122.PRG(41)  Warning C1003  Ambiguous reference: 'XNIVEL'
RH122.PRG(41)  Warning C1003  Ambiguous reference: 'XFLAG'
RH122.PRG(41)  Warning C1003  Ambiguous reference: 'FCODIGO'
RH122.PRG(41)  Warning C1003  Ambiguous reference: 'XNIVEL'
RH122.PRG(41)  Warning C1003  Ambiguous reference: 'XNIVEL'
RH122.PRG(41)  Warning C1003  Ambiguous reference: 'COPCAO'
RH122.PRG(41)  Warning C1003  Ambiguous reference: 'XFLAG'
RH122.PRG(45)  Warning C1003  Ambiguous reference: 'COPCAO'
RH122.PRG(46)  Warning C1004  Ambiguous reference, assuming memvar: 'XNIVEL'
RH122.PRG(47)  Warning C1004  Ambiguous reference, assuming memvar: 'XNIVEL'
RH122.PRG(47)  Warning C1004  Ambiguous reference, assuming memvar: 'XNIVEL'
RH122.PRG(48)  Warning C1004  Ambiguous reference, assuming memvar: 'XNIVEL'
RH122.PRG(48)  Warning C1004  Ambiguous reference, assuming memvar: 'XNIVEL'
RH122.PRG(53)  Warning C1003  Ambiguous reference: 'COPCAO'
RH122.PRG(53)  Warning C1001  RETURN statement with no value in function
RH122.PRG(54)  Warning C1003  Ambiguous reference: 'COPCAO'
RH122.PRG(54)  Warning C1001  RETURN statement with no value in function
RH122.PRG(58)  Warning C1003  Ambiguous reference: 'FCODIGO'
RH122.PRG(58)  Warning C1003  Ambiguous reference: 'COPCAO'
RH122.PRG(59)  Warning C1003  Ambiguous reference: 'FDESCRICAO'
RH122.PRG(61)  Warning C1003  Ambiguous reference: 'COPCAO'
RH122.PRG(66)  Warning C1003  Ambiguous reference: 'COPCAO'
RH122.PRG(67)  Warning C1004  Ambiguous reference, assuming memvar: 'XNIVEL'
RH122.PRG(68)  Warning C1004  Ambiguous reference, assuming memvar: 'XFLAG'
RH122.PRG(72)  Warning C1003  Ambiguous reference: 'XNIVEL'
RH122.PRG(72)  Warning C1003  Ambiguous reference: 'XNIVEL'
RH122.PRG(73)  Warning C1003  Ambiguous reference: 'XNIVEL'
RH122.PRG(74)  Warning C1001  RETURN statement with no value in function
RH122.PRG(75)  Warning C1003  Ambiguous reference: 'XNIVEL'
RH122.PRG(76)  Warning C1003  Ambiguous reference: 'XFLAG'
RH122.PRG(76)  Warning C1004  Ambiguous reference, assuming memvar: 'XNIVEL'
RH122.PRG(76)  Warning C1004  Ambiguous reference, assuming memvar: 'XNIVEL'
RH122.PRG(76)  Warning C1004  Ambiguous reference, assuming memvar: 'XNIVEL'
RH122.PRG(76)  Warning C1004  Ambiguous reference, assuming memvar: 'XNIVEL'
RH122.PRG(81)  Warning C1001  RETURN statement with no value in function
RH122.PRG(83)  Warning C1003  Ambiguous reference: 'COPCAO'
RH122.PRG(87)  Warning C1003  Ambiguous reference: 'COPCAO'
RH122.PRG(90)  Warning C1001  RETURN statement with no value in function
RH122.PRG(98)  Warning C1003  Ambiguous reference: 'COPCAO'
RH122.PRG(99)  Warning C1003  Ambiguous reference: 'FCODIGO'
RH122.PRG(118) Warning C1001  RETURN statement with no value in function
RH122.PRG(145) Warning C1004  Ambiguous reference, assuming memvar: 'FEVENTOS'
RH122.PRG(148) Warning C1004  Ambiguous reference, assuming memvar: 'FEVENTOS'
RH122.PRG(148) Warning C1004  Ambiguous reference, assuming memvar: 'FEVENTOS'
RH122.PRG(164) Warning C1004  Ambiguous reference, assuming memvar: 'NROW'
RH122.PRG(177) Warning C1004  Ambiguous reference, assuming memvar: 'NROW'
RH122.PRG(178) Warning C1004  Ambiguous reference, assuming memvar: 'NROW'
RH122.PRG(182) Warning C1003  Ambiguous reference: 'NROW'
RH122.PRG(183) Warning C1003  Ambiguous reference: 'NROW'
RH122.PRG(184) Warning C1003  Ambiguous reference: 'NROW'
RH122.PRG(190) Warning C1003  Ambiguous reference: 'COPCAO'
RH122.PRG(207) Warning C1003  Ambiguous reference: 'COPCAO'
RH122.PRG(230) Warning C1003  Ambiguous reference: 'COPCAO'
RH122.PRG(246) Warning C1003  Ambiguous reference: 'COPCAO'
RH122.PRG(248) Warning C1003  Ambiguous reference: 'NROW'
RH122.PRG(252) Warning C1003  Ambiguous reference: 'COPCAO'
RH122.PRG(260) Warning C1003  Ambiguous reference: 'COPCAO'
RH122.PRG(280) Warning C1003  Ambiguous reference: 'NROW'
RH122.PRG(281) Warning C1003  Ambiguous reference: 'NROW'
RH122.PRG(282) Warning C1004  Ambiguous reference, assuming memvar: 'NROW'
RH122.PRG(282) Warning C1003  Ambiguous reference: 'NROW'
RH122.PRG(284) Warning C1003  Ambiguous reference: 'NROW'
RH122.PRG(285) Warning C1004  Ambiguous reference, assuming memvar: 'NROW'
RH122.PRG(288) Warning C1004  Ambiguous reference, assuming memvar: 'NROW'
RH122.PRG(288) Warning C1004  Ambiguous reference, assuming memvar: 'NROW'
71 warnings                
Code size 2696, Symbols 1200, Constants 600
