238K available
Compiling RH123.PRG
RH123.PRG(16)  Warning C1003  Ambiguous reference: 'ANOMES'
RH123.PRG(16)  Warning C1003  Ambiguous reference: 'XANOMES'
RH123.PRG(16)  Warning C1003  Ambiguous reference: 'SITUACAO'
RH123.PRG(20)  Warning C1003  Ambiguous reference: 'CVINC'
RH123.PRG(20)  Warning C1004  Ambiguous reference, assuming memvar: 'CVINC'
RH123.PRG(21)  Warning C1003  Ambiguous reference: 'CVINC'
RH123.PRG(30)  Warning C1003  Ambiguous reference: 'XUSRA'
RH123.PRG(31)  Warning C1003  Ambiguous reference: 'XUSRA'
RH123.PRG(34)  Warning C1003  Ambiguous reference: 'CVINC'
RH123.PRG(35)  Warning C1003  Ambiguous reference: 'CVINC'
RH123.PRG(36)  Warning C1003  Ambiguous reference: 'CVINC'
RH123.PRG(37)  Warning C1003  Ambiguous reference: 'CVINC'
RH123.PRG(38)  Warning C1003  Ambiguous reference: 'CVINC'
RH123.PRG(39)  Warning C1003  Ambiguous reference: 'CVINC'
RH123.PRG(42)  Warning C1001  RETURN statement with no value in function
RH123.PRG(57)  Warning C1003  Ambiguous reference: 'KIT_I_MS'
RH123.PRG(57)  Warning C1003  Ambiguous reference: 'KIT_E_MS'
RH123.PRG(57)  Warning C1003  Ambiguous reference: 'KIT_I_FR'
RH123.PRG(57)  Warning C1003  Ambiguous reference: 'KIT_E_FR'
RH123.PRG(57)  Warning C1003  Ambiguous reference: 'KIT_I_AD'
RH123.PRG(57)  Warning C1003  Ambiguous reference: 'KIT_E_AD'
RH123.PRG(57)  Warning C1003  Ambiguous reference: 'KIT_I_DT'
RH123.PRG(57)  Warning C1003  Ambiguous reference: 'KIT_E_DT'
RH123.PRG(64)  Warning C1003  Ambiguous reference: 'COPCAO'
RH123.PRG(64)  Warning C1004  Ambiguous reference, assuming memvar: 'COPCAO'
RH123.PRG(66)  Warning C1003  Ambiguous reference: 'COPCAO'
RH123.PRG(66)  Warning C1003  Ambiguous reference: 'XUSRA'
RH123.PRG(66)  Warning C1003  Ambiguous reference: 'COPCAO'
RH123.PRG(70)  Warning C1003  Ambiguous reference: 'CVINC'
RH123.PRG(71)  Warning C1003  Ambiguous reference: 'XRAZAO'
RH123.PRG(72)  Warning C1003  Ambiguous reference: 'CVINC'
RH123.PRG(72)  Warning C1003  Ambiguous reference: 'CODIGO'
RH123.PRG(73)  Warning C1003  Ambiguous reference: 'DESCRICAO'
RH123.PRG(74)  Warning C1003  Ambiguous reference: 'CVINC'
RH123.PRG(74)  Warning C1003  Ambiguous reference: 'CODIGO'
RH123.PRG(75)  Warning C1003  Ambiguous reference: 'RAZAO'
RH123.PRG(76)  Warning C1003  Ambiguous reference: 'CVINC'
RH123.PRG(76)  Warning C1003  Ambiguous reference: 'CODIGO'
RH123.PRG(77)  Warning C1003  Ambiguous reference: 'DESCRICAO'
RH123.PRG(78)  Warning C1003  Ambiguous reference: 'CVINC'
RH123.PRG(78)  Warning C1003  Ambiguous reference: 'CODIGO'
RH123.PRG(79)  Warning C1003  Ambiguous reference: 'DESCRICAO'
RH123.PRG(80)  Warning C1003  Ambiguous reference: 'CVINC'
RH123.PRG(80)  Warning C1003  Ambiguous reference: 'MATRICULA'
RH123.PRG(100) Warning C1003  Ambiguous reference: 'XNIVEL'
RH123.PRG(100) Warning C1003  Ambiguous reference: 'XFLAG'
RH123.PRG(101) Warning C1003  Ambiguous reference: 'CVINC'
RH123.PRG(101) Warning C1004  Ambiguous reference, assuming memvar: 'CALIAS'
RH123.PRG(105) Warning C1004  Ambiguous reference, assuming memvar: 'XNIVEL'
RH123.PRG(106) Warning C1004  Ambiguous reference, assuming memvar: 'XNIVEL'
RH123.PRG(106) Warning C1004  Ambiguous reference, assuming memvar: 'XNIVEL'
RH123.PRG(106) Warning C1003  Ambiguous reference: 'CALIAS'
RH123.PRG(106) Warning C1003  Ambiguous reference: 'CALIAS'
RH123.PRG(107) Warning C1004  Ambiguous reference, assuming memvar: 'XNIVEL'
RH123.PRG(107) Warning C1004  Ambiguous reference, assuming memvar: 'XNIVEL'
RH123.PRG(108) Warning C1004  Ambiguous reference, assuming memvar: 'XNIVEL'
RH123.PRG(108) Warning C1004  Ambiguous reference, assuming memvar: 'XNIVEL'
RH123.PRG(108) Warning C1003  Ambiguous reference: 'CALIAS'
RH123.PRG(108) Warning C1003  Ambiguous reference: 'CALIAS'
RH123.PRG(109) Warning C1004  Ambiguous reference, assuming memvar: 'XNIVEL'
RH123.PRG(109) Warning C1004  Ambiguous reference, assuming memvar: 'XNIVEL'
RH123.PRG(110) Warning C1004  Ambiguous reference, assuming memvar: 'XNIVEL'
RH123.PRG(110) Warning C1004  Ambiguous reference, assuming memvar: 'XNIVEL'
RH123.PRG(110) Warning C1003  Ambiguous reference: 'CALIAS'
RH123.PRG(110) Warning C1003  Ambiguous reference: 'CALIAS'
RH123.PRG(111) Warning C1004  Ambiguous reference, assuming memvar: 'XNIVEL'
RH123.PRG(111) Warning C1004  Ambiguous reference, assuming memvar: 'XNIVEL'
RH123.PRG(112) Warning C1004  Ambiguous reference, assuming memvar: 'XNIVEL'
RH123.PRG(112) Warning C1004  Ambiguous reference, assuming memvar: 'XNIVEL'
RH123.PRG(112) Warning C1003  Ambiguous reference: 'CALIAS'
RH123.PRG(112) Warning C1003  Ambiguous reference: 'CALIAS'
RH123.PRG(113) Warning C1004  Ambiguous reference, assuming memvar: 'XNIVEL'
RH123.PRG(113) Warning C1004  Ambiguous reference, assuming memvar: 'XNIVEL'
RH123.PRG(114) Warning C1004  Ambiguous reference, assuming memvar: 'XNIVEL'
RH123.PRG(114) Warning C1004  Ambiguous reference, assuming memvar: 'XNIVEL'
RH123.PRG(114) Warning C1003  Ambiguous reference: 'CALIAS'
RH123.PRG(114) Warning C1003  Ambiguous reference: 'CALIAS'
RH123.PRG(115) Warning C1004  Ambiguous reference, assuming memvar: 'XNIVEL'
RH123.PRG(115) Warning C1004  Ambiguous reference, assuming memvar: 'XNIVEL'
RH123.PRG(116) Warning C1004  Ambiguous reference, assuming memvar: 'XNIVEL'
RH123.PRG(116) Warning C1004  Ambiguous reference, assuming memvar: 'XNIVEL'
RH123.PRG(116) Warning C1003  Ambiguous reference: 'CALIAS'
RH123.PRG(116) Warning C1003  Ambiguous reference: 'CALIAS'
RH123.PRG(117) Warning C1004  Ambiguous reference, assuming memvar: 'XNIVEL'
RH123.PRG(117) Warning C1004  Ambiguous reference, assuming memvar: 'XNIVEL'
RH123.PRG(118) Warning C1004  Ambiguous reference, assuming memvar: 'XNIVEL'
RH123.PRG(118) Warning C1004  Ambiguous reference, assuming memvar: 'XNIVEL'
RH123.PRG(118) Warning C1003  Ambiguous reference: 'CALIAS'
RH123.PRG(118) Warning C1003  Ambiguous reference: 'CALIAS'
RH123.PRG(119) Warning C1004  Ambiguous reference, assuming memvar: 'XNIVEL'
RH123.PRG(119) Warning C1004  Ambiguous reference, assuming memvar: 'XNIVEL'
RH123.PRG(120) Warning C1004  Ambiguous reference, assuming memvar: 'XNIVEL'
RH123.PRG(120) Warning C1004  Ambiguous reference, assuming memvar: 'XNIVEL'
RH123.PRG(120) Warning C1003  Ambiguous reference: 'CALIAS'
RH123.PRG(120) Warning C1003  Ambiguous reference: 'CALIAS'
RH123.PRG(121) Warning C1004  Ambiguous reference, assuming memvar: 'XNIVEL'
RH123.PRG(121) Warning C1004  Ambiguous reference, assuming memvar: 'XNIVEL'
RH123.PRG(123) Warning C1003  Ambiguous reference: 'COPCAO'
RH123.PRG(123) Warning C1001  RETURN statement with no value in function
RH123.PRG(127) Warning C1003  Ambiguous reference: 'FKIT_I_MS'
RH123.PRG(129) Warning C1003  Ambiguous reference: 'FKIT_E_MS'
RH123.PRG(131) Warning C1003  Ambiguous reference: 'FKIT_I_FR'
RH123.PRG(133) Warning C1003  Ambiguous reference: 'FKIT_E_FR'
RH123.PRG(135) Warning C1003  Ambiguous reference: 'FKIT_I_AD'
RH123.PRG(137) Warning C1003  Ambiguous reference: 'FKIT_E_AD'
RH123.PRG(139) Warning C1003  Ambiguous reference: 'FKIT_I_DT'
RH123.PRG(141) Warning C1003  Ambiguous reference: 'FKIT_E_DT'
RH123.PRG(147) Warning C1003  Ambiguous reference: 'CALIAS'
RH123.PRG(147) Warning C1004  Ambiguous reference, assuming memvar: 'FKIT_I_MS'
RH123.PRG(148) Warning C1003  Ambiguous reference: 'CALIAS'
RH123.PRG(148) Warning C1004  Ambiguous reference, assuming memvar: 'FKIT_E_MS'
RH123.PRG(149) Warning C1003  Ambiguous reference: 'CALIAS'
RH123.PRG(149) Warning C1004  Ambiguous reference, assuming memvar: 'FKIT_I_FR'
RH123.PRG(150) Warning C1003  Ambiguous reference: 'CALIAS'
RH123.PRG(150) Warning C1004  Ambiguous reference, assuming memvar: 'FKIT_E_FR'
RH123.PRG(151) Warning C1003  Ambiguous reference: 'CALIAS'
RH123.PRG(151) Warning C1004  Ambiguous reference, assuming memvar: 'FKIT_I_AD'
RH123.PRG(152) Warning C1003  Ambiguous reference: 'CALIAS'
RH123.PRG(152) Warning C1004  Ambiguous reference, assuming memvar: 'FKIT_E_AD'
RH123.PRG(153) Warning C1003  Ambiguous reference: 'CALIAS'
RH123.PRG(153) Warning C1004  Ambiguous reference, assuming memvar: 'FKIT_I_DT'
RH123.PRG(154) Warning C1003  Ambiguous reference: 'CALIAS'
RH123.PRG(154) Warning C1004  Ambiguous reference, assuming memvar: 'FKIT_E_DT'
RH123.PRG(156) Warning C1004  Ambiguous reference, assuming memvar: 'XNIVEL'
RH123.PRG(157) Warning C1004  Ambiguous reference, assuming memvar: 'XFLAG'
RH123.PRG(161) Warning C1003  Ambiguous reference: 'XNIVEL'
RH123.PRG(161) Warning C1003  Ambiguous reference: 'XNIVEL'
RH123.PRG(162) Warning C1003  Ambiguous reference: 'XNIVEL'
RH123.PRG(163) Warning C1001  RETURN statement with no value in function
RH123.PRG(164) Warning C1003  Ambiguous reference: 'XNIVEL'
RH123.PRG(165) Warning C1003  Ambiguous reference: 'XFLAG'
RH123.PRG(165) Warning C1004  Ambiguous reference, assuming memvar: 'XNIVEL'
RH123.PRG(165) Warning C1004  Ambiguous reference, assuming memvar: 'XNIVEL'
RH123.PRG(165) Warning C1004  Ambiguous reference, assuming memvar: 'XNIVEL'
RH123.PRG(165) Warning C1004  Ambiguous reference, assuming memvar: 'XNIVEL'
RH123.PRG(170) Warning C1001  RETURN statement with no value in function
RH123.PRG(172) Warning C1003  Ambiguous reference: 'CALIAS'
RH123.PRG(173) Warning C1003  Ambiguous reference: 'FKIT_I_MS'
RH123.PRG(173) Warning C1003  Ambiguous reference: 'CALIAS'
RH123.PRG(174) Warning C1003  Ambiguous reference: 'FKIT_E_MS'
RH123.PRG(174) Warning C1003  Ambiguous reference: 'CALIAS'
RH123.PRG(175) Warning C1003  Ambiguous reference: 'FKIT_I_FR'
RH123.PRG(175) Warning C1003  Ambiguous reference: 'CALIAS'
RH123.PRG(176) Warning C1003  Ambiguous reference: 'FKIT_E_FR'
RH123.PRG(176) Warning C1003  Ambiguous reference: 'CALIAS'
RH123.PRG(177) Warning C1003  Ambiguous reference: 'FKIT_I_AD'
RH123.PRG(177) Warning C1003  Ambiguous reference: 'CALIAS'
RH123.PRG(178) Warning C1003  Ambiguous reference: 'FKIT_E_AD'
RH123.PRG(178) Warning C1003  Ambiguous reference: 'CALIAS'
RH123.PRG(179) Warning C1003  Ambiguous reference: 'FKIT_I_DT'
RH123.PRG(179) Warning C1003  Ambiguous reference: 'CALIAS'
RH123.PRG(180) Warning C1003  Ambiguous reference: 'FKIT_E_DT'
RH123.PRG(180) Warning C1003  Ambiguous reference: 'CALIAS'
RH123.PRG(181) Warning C1003  Ambiguous reference: 'CALIAS'
RH123.PRG(186) Warning C1001  RETURN statement with no value in function
RH123.PRG(197) Warning C1003  Ambiguous reference: 'XNIVEL'
156 warnings                
Code size 2845, Symbols 1072, Constants 1171
