312K available
Compiling RH134.PRG
RH134.PRG(31)  Warning C1001  RETURN statement with no value in function
RH134.PRG(35)  Warning C1001  RETURN statement with no value in function
RH134.PRG(39)  Warning C1001  RETURN statement with no value in function
RH134.PRG(47)  Warning C1003  Ambiguous reference: 'COPCAO'
RH134.PRG(47)  Warning C1004  Ambiguous reference, assuming memvar: 'COPCAO'
RH134.PRG(48)  Warning C1003  Ambiguous reference: 'COPCAO'
RH134.PRG(48)  Warning C1003  Ambiguous reference: 'COPCAO'
RH134.PRG(49)  Warning C1003  Ambiguous reference: 'COPCAO'
RH134.PRG(49)  Warning C1003  Ambiguous reference: 'XUSRA'
RH134.PRG(51)  Warning C1003  Ambiguous reference: 'COPCAO'
RH134.PRG(67)  Warning C1003  Ambiguous reference: 'XNIVEL'
RH134.PRG(67)  Warning C1003  Ambiguous reference: 'FDESCRICAO'
RH134.PRG(67)  Warning C1003  Ambiguous reference: 'XFLAG'
RH134.PRG(71)  Warning C1004  Ambiguous reference, assuming memvar: 'XNIVEL'
RH134.PRG(72)  Warning C1004  Ambiguous reference, assuming memvar: 'XNIVEL'
RH134.PRG(72)  Warning C1004  Ambiguous reference, assuming memvar: 'XNIVEL'
RH134.PRG(73)  Warning C1004  Ambiguous reference, assuming memvar: 'XNIVEL'
RH134.PRG(73)  Warning C1004  Ambiguous reference, assuming memvar: 'XNIVEL'
RH134.PRG(74)  Warning C1003  Ambiguous reference: 'COPCAO'
RH134.PRG(75)  Warning C1004  Ambiguous reference, assuming memvar: 'XNIVEL'
RH134.PRG(75)  Warning C1004  Ambiguous reference, assuming memvar: 'XNIVEL'
RH134.PRG(76)  Warning C1004  Ambiguous reference, assuming memvar: 'XNIVEL'
RH134.PRG(76)  Warning C1004  Ambiguous reference, assuming memvar: 'XNIVEL'
RH134.PRG(77)  Warning C1004  Ambiguous reference, assuming memvar: 'XNIVEL'
RH134.PRG(77)  Warning C1004  Ambiguous reference, assuming memvar: 'XNIVEL'
RH134.PRG(83)  Warning C1003  Ambiguous reference: 'COPCAO'
RH134.PRG(83)  Warning C1001  RETURN statement with no value in function
RH134.PRG(84)  Warning C1003  Ambiguous reference: 'COPCAO'
RH134.PRG(84)  Warning C1001  RETURN statement with no value in function
RH134.PRG(90)  Warning C1003  Ambiguous reference: 'FDESCRICAO'
RH134.PRG(91)  Warning C1003  Ambiguous reference: 'FDATA_OCORR'
RH134.PRG(92)  Warning C1003  Ambiguous reference: 'FHORA_OCORR'
RH134.PRG(93)  Warning C1004  Ambiguous reference, assuming memvar: 'FTEXTO'
RH134.PRG(94)  Warning C1003  Ambiguous reference: 'COPCAO'
RH134.PRG(99)  Warning C1003  Ambiguous reference: 'COPCAO'
RH134.PRG(100) Warning C1004  Ambiguous reference, assuming memvar: 'XNIVEL'
RH134.PRG(101) Warning C1004  Ambiguous reference, assuming memvar: 'XFLAG'
RH134.PRG(105) Warning C1003  Ambiguous reference: 'XNIVEL'
RH134.PRG(105) Warning C1003  Ambiguous reference: 'XNIVEL'
RH134.PRG(106) Warning C1003  Ambiguous reference: 'XNIVEL'
RH134.PRG(107) Warning C1001  RETURN statement with no value in function
RH134.PRG(108) Warning C1003  Ambiguous reference: 'XNIVEL'
RH134.PRG(109) Warning C1003  Ambiguous reference: 'XFLAG'
RH134.PRG(109) Warning C1004  Ambiguous reference, assuming memvar: 'XNIVEL'
RH134.PRG(109) Warning C1004  Ambiguous reference, assuming memvar: 'XNIVEL'
RH134.PRG(109) Warning C1004  Ambiguous reference, assuming memvar: 'XNIVEL'
RH134.PRG(109) Warning C1004  Ambiguous reference, assuming memvar: 'XNIVEL'
RH134.PRG(114) Warning C1001  RETURN statement with no value in function
RH134.PRG(116) Warning C1003  Ambiguous reference: 'COPCAO'
RH134.PRG(117) Warning C1004  Ambiguous reference, assuming memvar: 'FMATRICULA'
RH134.PRG(121) Warning C1003  Ambiguous reference: 'COPCAO'
RH134.PRG(124) Warning C1001  RETURN statement with no value in function
RH134.PRG(145) Warning C1001  RETURN statement with no value in function
RH134.PRG(159) Warning C1003  Ambiguous reference: 'COPCAO'
54 warnings                
Code size 1726, Symbols 880, Constants 498
