238K available
Compiling RH131.PRG
RH131.PRG(12)  Warning C1003  Ambiguous reference: 'ANOMES'
RH131.PRG(12)  Warning C1003  Ambiguous reference: 'XANOMES'
RH131.PRG(35)  Warning C1001  RETURN statement with no value in function
RH131.PRG(39)  Warning C1001  RETURN statement with no value in function
RH131.PRG(43)  Warning C1001  RETURN statement with no value in function
RH131.PRG(51)  Warning C1003  Ambiguous reference: 'COPCAO'
RH131.PRG(51)  Warning C1004  Ambiguous reference, assuming memvar: 'COPCAO'
RH131.PRG(52)  Warning C1003  Ambiguous reference: 'COPCAO'
RH131.PRG(55)  Warning C1003  Ambiguous reference: 'COPCAO'
RH131.PRG(55)  Warning C1003  Ambiguous reference: 'COPCAO'
RH131.PRG(56)  Warning C1003  Ambiguous reference: 'COPCAO'
RH131.PRG(56)  Warning C1003  Ambiguous reference: 'XUSRA'
RH131.PRG(58)  Warning C1003  Ambiguous reference: 'COPCAO'
RH131.PRG(74)  Warning C1003  Ambiguous reference: 'XNIVEL'
RH131.PRG(74)  Warning C1003  Ambiguous reference: 'FNOME'
RH131.PRG(74)  Warning C1003  Ambiguous reference: 'XFLAG'
RH131.PRG(81)  Warning C1004  Ambiguous reference, assuming memvar: 'XNIVEL'
RH131.PRG(82)  Warning C1004  Ambiguous reference, assuming memvar: 'XNIVEL'
RH131.PRG(82)  Warning C1004  Ambiguous reference, assuming memvar: 'XNIVEL'
RH131.PRG(83)  Warning C1004  Ambiguous reference, assuming memvar: 'XNIVEL'
RH131.PRG(83)  Warning C1004  Ambiguous reference, assuming memvar: 'XNIVEL'
RH131.PRG(84)  Warning C1003  Ambiguous reference: 'COPCAO'
RH131.PRG(85)  Warning C1004  Ambiguous reference, assuming memvar: 'XNIVEL'
RH131.PRG(85)  Warning C1004  Ambiguous reference, assuming memvar: 'XNIVEL'
RH131.PRG(86)  Warning C1004  Ambiguous reference, assuming memvar: 'XNIVEL'
RH131.PRG(86)  Warning C1004  Ambiguous reference, assuming memvar: 'XNIVEL'
RH131.PRG(87)  Warning C1004  Ambiguous reference, assuming memvar: 'XNIVEL'
RH131.PRG(87)  Warning C1004  Ambiguous reference, assuming memvar: 'XNIVEL'
RH131.PRG(88)  Warning C1004  Ambiguous reference, assuming memvar: 'XNIVEL'
RH131.PRG(88)  Warning C1004  Ambiguous reference, assuming memvar: 'XNIVEL'
RH131.PRG(89)  Warning C1004  Ambiguous reference, assuming memvar: 'XNIVEL'
RH131.PRG(89)  Warning C1004  Ambiguous reference, assuming memvar: 'XNIVEL'
RH131.PRG(90)  Warning C1004  Ambiguous reference, assuming memvar: 'XNIVEL'
RH131.PRG(90)  Warning C1004  Ambiguous reference, assuming memvar: 'XNIVEL'
RH131.PRG(91)  Warning C1004  Ambiguous reference, assuming memvar: 'XNIVEL'
RH131.PRG(91)  Warning C1004  Ambiguous reference, assuming memvar: 'XNIVEL'
RH131.PRG(92)  Warning C1004  Ambiguous reference, assuming memvar: 'XNIVEL'
RH131.PRG(92)  Warning C1004  Ambiguous reference, assuming memvar: 'XNIVEL'
RH131.PRG(93)  Warning C1004  Ambiguous reference, assuming memvar: 'XNIVEL'
RH131.PRG(93)  Warning C1004  Ambiguous reference, assuming memvar: 'XNIVEL'
RH131.PRG(94)  Warning C1004  Ambiguous reference, assuming memvar: 'XNIVEL'
RH131.PRG(94)  Warning C1004  Ambiguous reference, assuming memvar: 'XNIVEL'
RH131.PRG(95)  Warning C1004  Ambiguous reference, assuming memvar: 'XNIVEL'
RH131.PRG(95)  Warning C1004  Ambiguous reference, assuming memvar: 'XNIVEL'
RH131.PRG(96)  Warning C1004  Ambiguous reference, assuming memvar: 'XNIVEL'
RH131.PRG(96)  Warning C1004  Ambiguous reference, assuming memvar: 'XNIVEL'
RH131.PRG(97)  Warning C1004  Ambiguous reference, assuming memvar: 'XNIVEL'
RH131.PRG(97)  Warning C1004  Ambiguous reference, assuming memvar: 'XNIVEL'
RH131.PRG(98)  Warning C1004  Ambiguous reference, assuming memvar: 'XNIVEL'
RH131.PRG(98)  Warning C1004  Ambiguous reference, assuming memvar: 'XNIVEL'
RH131.PRG(99)  Warning C1004  Ambiguous reference, assuming memvar: 'XNIVEL'
RH131.PRG(99)  Warning C1004  Ambiguous reference, assuming memvar: 'XNIVEL'
RH131.PRG(100) Warning C1004  Ambiguous reference, assuming memvar: 'XNIVEL'
RH131.PRG(100) Warning C1004  Ambiguous reference, assuming memvar: 'XNIVEL'
RH131.PRG(101) Warning C1004  Ambiguous reference, assuming memvar: 'XNIVEL'
RH131.PRG(101) Warning C1004  Ambiguous reference, assuming memvar: 'XNIVEL'
RH131.PRG(102) Warning C1004  Ambiguous reference, assuming memvar: 'XNIVEL'
RH131.PRG(102) Warning C1004  Ambiguous reference, assuming memvar: 'XNIVEL'
RH131.PRG(103) Warning C1004  Ambiguous reference, assuming memvar: 'XNIVEL'
RH131.PRG(103) Warning C1004  Ambiguous reference, assuming memvar: 'XNIVEL'
RH131.PRG(104) Warning C1004  Ambiguous reference, assuming memvar: 'XNIVEL'
RH131.PRG(104) Warning C1004  Ambiguous reference, assuming memvar: 'XNIVEL'
RH131.PRG(105) Warning C1004  Ambiguous reference, assuming memvar: 'XNIVEL'
RH131.PRG(105) Warning C1004  Ambiguous reference, assuming memvar: 'XNIVEL'
RH131.PRG(106) Warning C1004  Ambiguous reference, assuming memvar: 'XNIVEL'
RH131.PRG(106) Warning C1004  Ambiguous reference, assuming memvar: 'XNIVEL'
RH131.PRG(107) Warning C1004  Ambiguous reference, assuming memvar: 'XNIVEL'
RH131.PRG(107) Warning C1004  Ambiguous reference, assuming memvar: 'XNIVEL'
RH131.PRG(112) Warning C1003  Ambiguous reference: 'COPCAO'
RH131.PRG(112) Warning C1001  RETURN statement with no value in function
RH131.PRG(113) Warning C1003  Ambiguous reference: 'COPCAO'
RH131.PRG(113) Warning C1001  RETURN statement with no value in function
RH131.PRG(119) Warning C1003  Ambiguous reference: 'FNOME'
RH131.PRG(120) Warning C1003  Ambiguous reference: 'FDATA_NASC'
RH131.PRG(121) Warning C1003  Ambiguous reference: 'FSEXO'
RH131.PRG(122) Warning C1003  Ambiguous reference: 'FPARENTESCO'
RH131.PRG(123) Warning C1003  Ambiguous reference: 'FINSTRUCAO'
RH131.PRG(124) Warning C1003  Ambiguous reference: 'FNASC_CGM'
RH131.PRG(126) Warning C1003  Ambiguous reference: 'FCPF'
RH131.PRG(127) Warning C1003  Ambiguous reference: 'FRN_NUM'
RH131.PRG(128) Warning C1003  Ambiguous reference: 'FRN_LIV'
RH131.PRG(129) Warning C1003  Ambiguous reference: 'FRN_FOL'
RH131.PRG(130) Warning C1003  Ambiguous reference: 'FRN_DAT'
RH131.PRG(131) Warning C1003  Ambiguous reference: 'FRN_CGM'
RH131.PRG(133) Warning C1003  Ambiguous reference: 'FRN_ENT'
RH131.PRG(134) Warning C1003  Ambiguous reference: 'FINICIO_DEP'
RH131.PRG(135) Warning C1003  Ambiguous reference: 'FSF_DATSUSP'
RH131.PRG(136) Warning C1003  Ambiguous reference: 'FSF_DATREST'
RH131.PRG(137) Warning C1003  Ambiguous reference: 'FBOLSA'
RH131.PRG(137) Warning C1003  Ambiguous reference: 'XSN'
RH131.PRG(138) Warning C1003  Ambiguous reference: 'FIRRF'
RH131.PRG(138) Warning C1003  Ambiguous reference: 'XSN'
RH131.PRG(139) Warning C1003  Ambiguous reference: 'FSAL_FAM'
RH131.PRG(139) Warning C1003  Ambiguous reference: 'XSN'
RH131.PRG(140) Warning C1003  Ambiguous reference: 'FSEG_SAUDE'
RH131.PRG(140) Warning C1003  Ambiguous reference: 'XSN'
RH131.PRG(141) Warning C1003  Ambiguous reference: 'FSEG_VIDA'
RH131.PRG(141) Warning C1003  Ambiguous reference: 'XSN'
RH131.PRG(142) Warning C1003  Ambiguous reference: 'COPCAO'
RH131.PRG(147) Warning C1003  Ambiguous reference: 'COPCAO'
RH131.PRG(148) Warning C1004  Ambiguous reference, assuming memvar: 'XNIVEL'
RH131.PRG(149) Warning C1004  Ambiguous reference, assuming memvar: 'XFLAG'
RH131.PRG(153) Warning C1003  Ambiguous reference: 'XNIVEL'
RH131.PRG(153) Warning C1003  Ambiguous reference: 'XNIVEL'
RH131.PRG(154) Warning C1003  Ambiguous reference: 'XNIVEL'
RH131.PRG(155) Warning C1001  RETURN statement with no value in function
RH131.PRG(156) Warning C1003  Ambiguous reference: 'XNIVEL'
RH131.PRG(157) Warning C1003  Ambiguous reference: 'XFLAG'
RH131.PRG(157) Warning C1004  Ambiguous reference, assuming memvar: 'XNIVEL'
RH131.PRG(157) Warning C1004  Ambiguous reference, assuming memvar: 'XNIVEL'
RH131.PRG(157) Warning C1004  Ambiguous reference, assuming memvar: 'XNIVEL'
RH131.PRG(157) Warning C1004  Ambiguous reference, assuming memvar: 'XNIVEL'
RH131.PRG(162) Warning C1001  RETURN statement with no value in function
RH131.PRG(164) Warning C1003  Ambiguous reference: 'COPCAO'
RH131.PRG(165) Warning C1004  Ambiguous reference, assuming memvar: 'FMATRICULA'
RH131.PRG(169) Warning C1003  Ambiguous reference: 'COPCAO'
RH131.PRG(176) Warning C1001  RETURN statement with no value in function
RH131.PRG(184) Warning C1003  Ambiguous reference: 'COPCAO'
RH131.PRG(185) Warning C1003  Ambiguous reference: 'FNOME'
RH131.PRG(190) Warning C1003  Ambiguous reference: 'FSEXO'
RH131.PRG(191) Warning C1003  Ambiguous reference: 'XNIVEL'
RH131.PRG(191) Warning C1003  Ambiguous reference: 'FSEXO'
RH131.PRG(193) Warning C1003  Ambiguous reference: 'FPARENTESCO'
RH131.PRG(194) Warning C1003  Ambiguous reference: 'XNIVEL'
RH131.PRG(194) Warning C1003  Ambiguous reference: 'FPARENTESCO'
RH131.PRG(196) Warning C1003  Ambiguous reference: 'FINSTRUCAO'
RH131.PRG(197) Warning C1003  Ambiguous reference: 'XNIVEL'
RH131.PRG(197) Warning C1003  Ambiguous reference: 'FINSTRUCAO'
RH131.PRG(199) Warning C1003  Ambiguous reference: 'FNASC_CGM'
RH131.PRG(200) Warning C1003  Ambiguous reference: 'XNIVEL'
RH131.PRG(203) Warning C1003  Ambiguous reference: 'FRN_CGM'
RH131.PRG(204) Warning C1003  Ambiguous reference: 'XNIVEL'
RH131.PRG(207) Warning C1003  Ambiguous reference: 'FBOLSA'
RH131.PRG(208) Warning C1003  Ambiguous reference: 'XNIVEL'
RH131.PRG(208) Warning C1003  Ambiguous reference: 'FBOLSA'
RH131.PRG(210) Warning C1003  Ambiguous reference: 'FIRRF'
RH131.PRG(211) Warning C1003  Ambiguous reference: 'XNIVEL'
RH131.PRG(211) Warning C1003  Ambiguous reference: 'FIRRF'
RH131.PRG(213) Warning C1003  Ambiguous reference: 'FSAL_FAM'
RH131.PRG(214) Warning C1003  Ambiguous reference: 'XNIVEL'
RH131.PRG(214) Warning C1003  Ambiguous reference: 'FSAL_FAM'
RH131.PRG(216) Warning C1003  Ambiguous reference: 'FSEG_SAUDE'
RH131.PRG(217) Warning C1003  Ambiguous reference: 'XNIVEL'
RH131.PRG(217) Warning C1003  Ambiguous reference: 'FSEG_SAUDE'
RH131.PRG(219) Warning C1003  Ambiguous reference: 'FSEG_VIDA'
RH131.PRG(220) Warning C1003  Ambiguous reference: 'XNIVEL'
RH131.PRG(220) Warning C1003  Ambiguous reference: 'FSEG_VIDA'
RH131.PRG(238) Warning C1001  RETURN statement with no value in function
RH131.PRG(276) Warning C1003  Ambiguous reference: 'ANOMES'
RH131.PRG(276) Warning C1003  Ambiguous reference: 'XANOMES'
RH131.PRG(288) Warning C1001  RETURN statement with no value in function
151 warnings                
Code size 4822, Symbols 1776, Constants 1834
