312K available
Compiling RH133.PRG
RH133.PRG(31)  Warning C1001  RETURN statement with no value in function
RH133.PRG(35)  Warning C1001  RETURN statement with no value in function
RH133.PRG(39)  Warning C1001  RETURN statement with no value in function
RH133.PRG(47)  Warning C1003  Ambiguous reference: 'COPCAO'
RH133.PRG(47)  Warning C1004  Ambiguous reference, assuming memvar: 'COPCAO'
RH133.PRG(48)  Warning C1003  Ambiguous reference: 'COPCAO'
RH133.PRG(48)  Warning C1003  Ambiguous reference: 'COPCAO'
RH133.PRG(49)  Warning C1003  Ambiguous reference: 'COPCAO'
RH133.PRG(49)  Warning C1003  Ambiguous reference: 'XUSRA'
RH133.PRG(51)  Warning C1003  Ambiguous reference: 'COPCAO'
RH133.PRG(67)  Warning C1003  Ambiguous reference: 'XNIVEL'
RH133.PRG(67)  Warning C1003  Ambiguous reference: 'FEMPRESA'
RH133.PRG(67)  Warning C1003  Ambiguous reference: 'XFLAG'
RH133.PRG(71)  Warning C1004  Ambiguous reference, assuming memvar: 'XNIVEL'
RH133.PRG(72)  Warning C1004  Ambiguous reference, assuming memvar: 'XNIVEL'
RH133.PRG(72)  Warning C1004  Ambiguous reference, assuming memvar: 'XNIVEL'
RH133.PRG(73)  Warning C1004  Ambiguous reference, assuming memvar: 'XNIVEL'
RH133.PRG(73)  Warning C1004  Ambiguous reference, assuming memvar: 'XNIVEL'
RH133.PRG(74)  Warning C1003  Ambiguous reference: 'COPCAO'
RH133.PRG(75)  Warning C1004  Ambiguous reference, assuming memvar: 'XNIVEL'
RH133.PRG(75)  Warning C1004  Ambiguous reference, assuming memvar: 'XNIVEL'
RH133.PRG(76)  Warning C1004  Ambiguous reference, assuming memvar: 'XNIVEL'
RH133.PRG(76)  Warning C1004  Ambiguous reference, assuming memvar: 'XNIVEL'
RH133.PRG(77)  Warning C1004  Ambiguous reference, assuming memvar: 'XNIVEL'
RH133.PRG(77)  Warning C1004  Ambiguous reference, assuming memvar: 'XNIVEL'
RH133.PRG(78)  Warning C1004  Ambiguous reference, assuming memvar: 'XNIVEL'
RH133.PRG(78)  Warning C1004  Ambiguous reference, assuming memvar: 'XNIVEL'
RH133.PRG(79)  Warning C1004  Ambiguous reference, assuming memvar: 'XNIVEL'
RH133.PRG(79)  Warning C1004  Ambiguous reference, assuming memvar: 'XNIVEL'
RH133.PRG(80)  Warning C1004  Ambiguous reference, assuming memvar: 'XNIVEL'
RH133.PRG(80)  Warning C1004  Ambiguous reference, assuming memvar: 'XNIVEL'
RH133.PRG(81)  Warning C1004  Ambiguous reference, assuming memvar: 'XNIVEL'
RH133.PRG(81)  Warning C1004  Ambiguous reference, assuming memvar: 'XNIVEL'
RH133.PRG(82)  Warning C1004  Ambiguous reference, assuming memvar: 'XNIVEL'
RH133.PRG(82)  Warning C1004  Ambiguous reference, assuming memvar: 'XNIVEL'
RH133.PRG(83)  Warning C1004  Ambiguous reference, assuming memvar: 'XNIVEL'
RH133.PRG(83)  Warning C1004  Ambiguous reference, assuming memvar: 'XNIVEL'
RH133.PRG(84)  Warning C1004  Ambiguous reference, assuming memvar: 'XNIVEL'
RH133.PRG(84)  Warning C1004  Ambiguous reference, assuming memvar: 'XNIVEL'
RH133.PRG(85)  Warning C1004  Ambiguous reference, assuming memvar: 'C_TMP'
RH133.PRG(86)  Warning C1003  Ambiguous reference: 'C_TMP'
RH133.PRG(86)  Warning C1004  Ambiguous reference, assuming memvar: 'C_ANO'
RH133.PRG(87)  Warning C1004  Ambiguous reference, assuming memvar: 'C_TMP'
RH133.PRG(87)  Warning C1003  Ambiguous reference: 'C_ANO'
RH133.PRG(87)  Warning C1004  Ambiguous reference, assuming memvar: 'C_TMP'
RH133.PRG(88)  Warning C1003  Ambiguous reference: 'C_TMP'
RH133.PRG(88)  Warning C1004  Ambiguous reference, assuming memvar: 'C_MES'
RH133.PRG(89)  Warning C1004  Ambiguous reference, assuming memvar: 'C_TMP'
RH133.PRG(89)  Warning C1003  Ambiguous reference: 'C_MES'
RH133.PRG(89)  Warning C1004  Ambiguous reference, assuming memvar: 'C_TMP'
RH133.PRG(90)  Warning C1003  Ambiguous reference: 'C_TMP'
RH133.PRG(90)  Warning C1004  Ambiguous reference, assuming memvar: 'C_DIA'
RH133.PRG(91)  Warning C1004  Ambiguous reference, assuming memvar: 'XNIVEL'
RH133.PRG(91)  Warning C1004  Ambiguous reference, assuming memvar: 'XNIVEL'
RH133.PRG(91)  Warning C1003  Ambiguous reference: 'C_ANO'
RH133.PRG(92)  Warning C1004  Ambiguous reference, assuming memvar: 'XNIVEL'
RH133.PRG(92)  Warning C1004  Ambiguous reference, assuming memvar: 'XNIVEL'
RH133.PRG(92)  Warning C1003  Ambiguous reference: 'C_MES'
RH133.PRG(93)  Warning C1004  Ambiguous reference, assuming memvar: 'XNIVEL'
RH133.PRG(93)  Warning C1004  Ambiguous reference, assuming memvar: 'XNIVEL'
RH133.PRG(93)  Warning C1003  Ambiguous reference: 'C_DIA'
RH133.PRG(94)  Warning C1004  Ambiguous reference, assuming memvar: 'XNIVEL'
RH133.PRG(94)  Warning C1004  Ambiguous reference, assuming memvar: 'XNIVEL'
RH133.PRG(95)  Warning C1004  Ambiguous reference, assuming memvar: 'XNIVEL'
RH133.PRG(95)  Warning C1004  Ambiguous reference, assuming memvar: 'XNIVEL'
RH133.PRG(100) Warning C1003  Ambiguous reference: 'COPCAO'
RH133.PRG(100) Warning C1001  RETURN statement with no value in function
RH133.PRG(101) Warning C1003  Ambiguous reference: 'COPCAO'
RH133.PRG(101) Warning C1001  RETURN statement with no value in function
RH133.PRG(107) Warning C1003  Ambiguous reference: 'FEMPRESA'
RH133.PRG(108) Warning C1003  Ambiguous reference: 'FENDERECO'
RH133.PRG(109) Warning C1003  Ambiguous reference: 'FBAIRRO'
RH133.PRG(110) Warning C1003  Ambiguous reference: 'FCGM_TRAB'
RH133.PRG(112) Warning C1003  Ambiguous reference: 'FCEP'
RH133.PRG(113) Warning C1003  Ambiguous reference: 'FDDD'
RH133.PRG(114) Warning C1003  Ambiguous reference: 'FTELEFONE'
RH133.PRG(115) Warning C1003  Ambiguous reference: 'FADMISSAO'
RH133.PRG(116) Warning C1003  Ambiguous reference: 'FDEMISSAO'
RH133.PRG(120) Warning C1003  Ambiguous reference: 'FATIVIDADE'
RH133.PRG(121) Warning C1003  Ambiguous reference: 'FMOTIVO'
RH133.PRG(122) Warning C1003  Ambiguous reference: 'COPCAO'
RH133.PRG(127) Warning C1003  Ambiguous reference: 'COPCAO'
RH133.PRG(128) Warning C1004  Ambiguous reference, assuming memvar: 'XNIVEL'
RH133.PRG(129) Warning C1004  Ambiguous reference, assuming memvar: 'XFLAG'
RH133.PRG(133) Warning C1003  Ambiguous reference: 'XNIVEL'
RH133.PRG(133) Warning C1003  Ambiguous reference: 'XNIVEL'
RH133.PRG(134) Warning C1003  Ambiguous reference: 'XNIVEL'
RH133.PRG(135) Warning C1001  RETURN statement with no value in function
RH133.PRG(136) Warning C1003  Ambiguous reference: 'XNIVEL'
RH133.PRG(137) Warning C1003  Ambiguous reference: 'XFLAG'
RH133.PRG(137) Warning C1004  Ambiguous reference, assuming memvar: 'XNIVEL'
RH133.PRG(137) Warning C1004  Ambiguous reference, assuming memvar: 'XNIVEL'
RH133.PRG(137) Warning C1004  Ambiguous reference, assuming memvar: 'XNIVEL'
RH133.PRG(137) Warning C1004  Ambiguous reference, assuming memvar: 'XNIVEL'
RH133.PRG(142) Warning C1001  RETURN statement with no value in function
RH133.PRG(144) Warning C1003  Ambiguous reference: 'COPCAO'
RH133.PRG(145) Warning C1004  Ambiguous reference, assuming memvar: 'FMATRICULA'
RH133.PRG(149) Warning C1003  Ambiguous reference: 'COPCAO'
RH133.PRG(152) Warning C1001  RETURN statement with no value in function
RH133.PRG(162) Warning C1003  Ambiguous reference: 'FCGM_TRAB'
RH133.PRG(163) Warning C1003  Ambiguous reference: 'XNIVEL'
RH133.PRG(166) Warning C1003  Ambiguous reference: 'FDEMISSAO'
RH133.PRG(166) Warning C1003  Ambiguous reference: 'FADMISSAO'
RH133.PRG(172) Warning C1003  Ambiguous reference: 'XNIVEL'
RH133.PRG(173) Warning C1003  Ambiguous reference: 'XNIVEL'
RH133.PRG(174) Warning C1003  Ambiguous reference: 'XNIVEL'
RH133.PRG(190) Warning C1001  RETURN statement with no value in function
107 warnings                
Code size 2486, Symbols 1168, Constants 634
