238K available
Compiling RH151.PRG
RH151.PRG(25)  Warning C1003  Ambiguous reference: 'COPCAO'
RH151.PRG(25)  Warning C1004  Ambiguous reference, assuming memvar: 'COPCAO'
RH151.PRG(26)  Warning C1003  Ambiguous reference: 'COPCAO'
RH151.PRG(26)  Warning C1003  Ambiguous reference: 'XUSRA'
RH151.PRG(28)  Warning C1003  Ambiguous reference: 'COPCAO'
RH151.PRG(41)  Warning C1003  Ambiguous reference: 'FCODIGO'
RH151.PRG(41)  Warning C1003  Ambiguous reference: 'XNIVEL'
RH151.PRG(41)  Warning C1003  Ambiguous reference: 'XFLAG'
RH151.PRG(41)  Warning C1003  Ambiguous reference: 'FCODIGO'
RH151.PRG(41)  Warning C1003  Ambiguous reference: 'XNIVEL'
RH151.PRG(41)  Warning C1003  Ambiguous reference: 'XNIVEL'
RH151.PRG(41)  Warning C1003  Ambiguous reference: 'COPCAO'
RH151.PRG(41)  Warning C1003  Ambiguous reference: 'XFLAG'
RH151.PRG(45)  Warning C1003  Ambiguous reference: 'COPCAO'
RH151.PRG(46)  Warning C1004  Ambiguous reference, assuming memvar: 'XNIVEL'
RH151.PRG(47)  Warning C1004  Ambiguous reference, assuming memvar: 'XNIVEL'
RH151.PRG(47)  Warning C1004  Ambiguous reference, assuming memvar: 'XNIVEL'
RH151.PRG(48)  Warning C1004  Ambiguous reference, assuming memvar: 'XNIVEL'
RH151.PRG(48)  Warning C1004  Ambiguous reference, assuming memvar: 'XNIVEL'
RH151.PRG(49)  Warning C1004  Ambiguous reference, assuming memvar: 'XNIVEL'
RH151.PRG(49)  Warning C1004  Ambiguous reference, assuming memvar: 'XNIVEL'
RH151.PRG(50)  Warning C1004  Ambiguous reference, assuming memvar: 'XNIVEL'
RH151.PRG(50)  Warning C1004  Ambiguous reference, assuming memvar: 'XNIVEL'
RH151.PRG(51)  Warning C1004  Ambiguous reference, assuming memvar: 'XNIVEL'
RH151.PRG(51)  Warning C1004  Ambiguous reference, assuming memvar: 'XNIVEL'
RH151.PRG(52)  Warning C1004  Ambiguous reference, assuming memvar: 'XNIVEL'
RH151.PRG(52)  Warning C1004  Ambiguous reference, assuming memvar: 'XNIVEL'
RH151.PRG(53)  Warning C1004  Ambiguous reference, assuming memvar: 'XNIVEL'
RH151.PRG(53)  Warning C1004  Ambiguous reference, assuming memvar: 'XNIVEL'
RH151.PRG(54)  Warning C1004  Ambiguous reference, assuming memvar: 'XNIVEL'
RH151.PRG(54)  Warning C1004  Ambiguous reference, assuming memvar: 'XNIVEL'
RH151.PRG(55)  Warning C1004  Ambiguous reference, assuming memvar: 'XNIVEL'
RH151.PRG(55)  Warning C1004  Ambiguous reference, assuming memvar: 'XNIVEL'
RH151.PRG(56)  Warning C1004  Ambiguous reference, assuming memvar: 'XNIVEL'
RH151.PRG(56)  Warning C1004  Ambiguous reference, assuming memvar: 'XNIVEL'
RH151.PRG(57)  Warning C1004  Ambiguous reference, assuming memvar: 'XNIVEL'
RH151.PRG(57)  Warning C1004  Ambiguous reference, assuming memvar: 'XNIVEL'
RH151.PRG(62)  Warning C1003  Ambiguous reference: 'COPCAO'
RH151.PRG(62)  Warning C1001  RETURN statement with no value in function
RH151.PRG(63)  Warning C1003  Ambiguous reference: 'COPCAO'
RH151.PRG(63)  Warning C1001  RETURN statement with no value in function
RH151.PRG(67)  Warning C1003  Ambiguous reference: 'FCODIGO'
RH151.PRG(67)  Warning C1003  Ambiguous reference: 'COPCAO'
RH151.PRG(68)  Warning C1003  Ambiguous reference: 'FDESCRICAO'
RH151.PRG(69)  Warning C1003  Ambiguous reference: 'FFORMULA'
RH151.PRG(71)  Warning C1003  Ambiguous reference: 'FKIT'
RH151.PRG(73)  Warning C1003  Ambiguous reference: 'FRETORNO'
RH151.PRG(73)  Warning C1003  Ambiguous reference: 'XSN'
RH151.PRG(74)  Warning C1003  Ambiguous reference: 'FCOD_RAIS'
RH151.PRG(75)  Warning C1003  Ambiguous reference: 'FCOD_RE'
RH151.PRG(76)  Warning C1003  Ambiguous reference: 'FCOD_CAGED'
RH151.PRG(77)  Warning C1003  Ambiguous reference: 'FCOD_RETORN'
RH151.PRG(78)  Warning C1003  Ambiguous reference: 'COPCAO'
RH151.PRG(83)  Warning C1003  Ambiguous reference: 'COPCAO'
RH151.PRG(84)  Warning C1004  Ambiguous reference, assuming memvar: 'XNIVEL'
RH151.PRG(85)  Warning C1004  Ambiguous reference, assuming memvar: 'XFLAG'
RH151.PRG(89)  Warning C1003  Ambiguous reference: 'XNIVEL'
RH151.PRG(89)  Warning C1003  Ambiguous reference: 'XNIVEL'
RH151.PRG(90)  Warning C1003  Ambiguous reference: 'XNIVEL'
RH151.PRG(91)  Warning C1001  RETURN statement with no value in function
RH151.PRG(92)  Warning C1003  Ambiguous reference: 'XNIVEL'
RH151.PRG(93)  Warning C1003  Ambiguous reference: 'XFLAG'
RH151.PRG(93)  Warning C1004  Ambiguous reference, assuming memvar: 'XNIVEL'
RH151.PRG(93)  Warning C1004  Ambiguous reference, assuming memvar: 'XNIVEL'
RH151.PRG(93)  Warning C1004  Ambiguous reference, assuming memvar: 'XNIVEL'
RH151.PRG(93)  Warning C1004  Ambiguous reference, assuming memvar: 'XNIVEL'
RH151.PRG(98)  Warning C1001  RETURN statement with no value in function
RH151.PRG(100) Warning C1003  Ambiguous reference: 'COPCAO'
RH151.PRG(104) Warning C1003  Ambiguous reference: 'COPCAO'
RH151.PRG(107) Warning C1001  RETURN statement with no value in function
RH151.PRG(115) Warning C1003  Ambiguous reference: 'COPCAO'
RH151.PRG(116) Warning C1003  Ambiguous reference: 'FCODIGO'
RH151.PRG(121) Warning C1003  Ambiguous reference: 'FFORMULA'
RH151.PRG(122) Warning C1003  Ambiguous reference: 'XNIVEL'
RH151.PRG(128) Warning C1003  Ambiguous reference: 'FKIT'
RH151.PRG(129) Warning C1003  Ambiguous reference: 'XNIVEL'
RH151.PRG(135) Warning C1003  Ambiguous reference: 'XNIVEL'
RH151.PRG(135) Warning C1003  Ambiguous reference: 'FRETORNO'
RH151.PRG(151) Warning C1001  RETURN statement with no value in function
79 warnings                
Code size 1903, Symbols 944, Constants 481
