238K available
Compiling RH170.PRG
RH170.PRG(23)  Warning C1003  Ambiguous reference: 'COPCAO'
RH170.PRG(23)  Warning C1004  Ambiguous reference, assuming memvar: 'COPCAO'
RH170.PRG(24)  Warning C1003  Ambiguous reference: 'COPCAO'
RH170.PRG(24)  Warning C1003  Ambiguous reference: 'XUSRA'
RH170.PRG(26)  Warning C1003  Ambiguous reference: 'COPCAO'
RH170.PRG(41)  Warning C1003  Ambiguous reference: 'FCODIGO'
RH170.PRG(41)  Warning C1003  Ambiguous reference: 'XNIVEL'
RH170.PRG(41)  Warning C1003  Ambiguous reference: 'XFLAG'
RH170.PRG(41)  Warning C1003  Ambiguous reference: 'FCODIGO'
RH170.PRG(41)  Warning C1003  Ambiguous reference: 'XNIVEL'
RH170.PRG(41)  Warning C1003  Ambiguous reference: 'XNIVEL'
RH170.PRG(41)  Warning C1003  Ambiguous reference: 'COPCAO'
RH170.PRG(41)  Warning C1003  Ambiguous reference: 'XFLAG'
RH170.PRG(45)  Warning C1003  Ambiguous reference: 'COPCAO'
RH170.PRG(46)  Warning C1004  Ambiguous reference, assuming memvar: 'XNIVEL'
RH170.PRG(47)  Warning C1004  Ambiguous reference, assuming memvar: 'XNIVEL'
RH170.PRG(47)  Warning C1004  Ambiguous reference, assuming memvar: 'XNIVEL'
RH170.PRG(48)  Warning C1004  Ambiguous reference, assuming memvar: 'XNIVEL'
RH170.PRG(48)  Warning C1004  Ambiguous reference, assuming memvar: 'XNIVEL'
RH170.PRG(49)  Warning C1004  Ambiguous reference, assuming memvar: 'XNIVEL'
RH170.PRG(49)  Warning C1004  Ambiguous reference, assuming memvar: 'XNIVEL'
RH170.PRG(50)  Warning C1004  Ambiguous reference, assuming memvar: 'XNIVEL'
RH170.PRG(50)  Warning C1004  Ambiguous reference, assuming memvar: 'XNIVEL'
RH170.PRG(55)  Warning C1003  Ambiguous reference: 'COPCAO'
RH170.PRG(55)  Warning C1001  RETURN statement with no value in function
RH170.PRG(56)  Warning C1003  Ambiguous reference: 'COPCAO'
RH170.PRG(56)  Warning C1001  RETURN statement with no value in function
RH170.PRG(60)  Warning C1003  Ambiguous reference: 'FCODIGO'
RH170.PRG(61)  Warning C1003  Ambiguous reference: 'FCOD_FUN'
RH170.PRG(63)  Warning C1003  Ambiguous reference: 'FSALARIO'
RH170.PRG(65)  Warning C1003  Ambiguous reference: 'COPCAO'
RH170.PRG(70)  Warning C1003  Ambiguous reference: 'COPCAO'
RH170.PRG(72)  Warning C1004  Ambiguous reference, assuming memvar: 'XNIVEL'
RH170.PRG(73)  Warning C1004  Ambiguous reference, assuming memvar: 'XFLAG'
RH170.PRG(77)  Warning C1003  Ambiguous reference: 'XNIVEL'
RH170.PRG(77)  Warning C1003  Ambiguous reference: 'XNIVEL'
RH170.PRG(78)  Warning C1003  Ambiguous reference: 'XNIVEL'
RH170.PRG(79)  Warning C1001  RETURN statement with no value in function
RH170.PRG(80)  Warning C1003  Ambiguous reference: 'XNIVEL'
RH170.PRG(81)  Warning C1003  Ambiguous reference: 'XFLAG'
RH170.PRG(81)  Warning C1004  Ambiguous reference, assuming memvar: 'XNIVEL'
RH170.PRG(81)  Warning C1004  Ambiguous reference, assuming memvar: 'XNIVEL'
RH170.PRG(81)  Warning C1004  Ambiguous reference, assuming memvar: 'XNIVEL'
RH170.PRG(81)  Warning C1004  Ambiguous reference, assuming memvar: 'XNIVEL'
RH170.PRG(86)  Warning C1001  RETURN statement with no value in function
RH170.PRG(90)  Warning C1003  Ambiguous reference: 'COPCAO'
RH170.PRG(101) Warning C1003  Ambiguous reference: 'COPCAO'
RH170.PRG(103) Warning C1001  RETURN statement with no value in function
RH170.PRG(112) Warning C1003  Ambiguous reference: 'XFLAG'
RH170.PRG(119) Warning C1003  Ambiguous reference: 'COPCAO'
RH170.PRG(120) Warning C1003  Ambiguous reference: 'FCODIGO'
RH170.PRG(125) Warning C1003  Ambiguous reference: 'FCODIGO'
RH170.PRG(132) Warning C1003  Ambiguous reference: 'FCOD_FUN'
RH170.PRG(133) Warning C1003  Ambiguous reference: 'XNIVEL'
RH170.PRG(133) Warning C1003  Ambiguous reference: 'FCOD_FUN'
RH170.PRG(133) Warning C1004  Ambiguous reference, assuming memvar: 'FCOD_FUN'
RH170.PRG(134) Warning C1003  Ambiguous reference: 'FCOD_FUN'
RH170.PRG(142) Warning C1003  Ambiguous reference: 'FCOD_FUN'
RH170.PRG(142) Warning C1003  Ambiguous reference: 'COPCAO'
RH170.PRG(150) Warning C1003  Ambiguous reference: 'XNIVEL'
RH170.PRG(152) Warning C1004  Ambiguous reference, assuming memvar: 'FNOME'
RH170.PRG(170) Warning C1001  RETURN statement with no value in function
62 warnings                
Code size 1563, Symbols 800, Constants 453
