312K available
Compiling RH206.PRG
RH206.PRG(14)  Warning C1004  Ambiguous reference, assuming memvar: 'CAMBIENTE'
RH206.PRG(15)  Warning C1003  Ambiguous reference: 'CAMBIENTE'
RH206.PRG(29)  Warning C1003  Ambiguous reference: 'COPCAO'
RH206.PRG(29)  Warning C1004  Ambiguous reference, assuming memvar: 'COPCAO'
RH206.PRG(30)  Warning C1003  Ambiguous reference: 'COPCAO'
RH206.PRG(30)  Warning C1003  Ambiguous reference: 'XUSRA'
RH206.PRG(32)  Warning C1003  Ambiguous reference: 'COPCAO'
RH206.PRG(45)  Warning C1003  Ambiguous reference: 'FCODIGO'
RH206.PRG(45)  Warning C1003  Ambiguous reference: 'XNIVEL'
RH206.PRG(45)  Warning C1003  Ambiguous reference: 'XFLAG'
RH206.PRG(45)  Warning C1003  Ambiguous reference: 'XNIVEL'
RH206.PRG(45)  Warning C1003  Ambiguous reference: 'COPCAO'
RH206.PRG(45)  Warning C1003  Ambiguous reference: 'XFLAG'
RH206.PRG(49)  Warning C1003  Ambiguous reference: 'COPCAO'
RH206.PRG(50)  Warning C1004  Ambiguous reference, assuming memvar: 'XNIVEL'
RH206.PRG(51)  Warning C1004  Ambiguous reference, assuming memvar: 'XNIVEL'
RH206.PRG(51)  Warning C1004  Ambiguous reference, assuming memvar: 'XNIVEL'
RH206.PRG(52)  Warning C1004  Ambiguous reference, assuming memvar: 'XNIVEL'
RH206.PRG(52)  Warning C1004  Ambiguous reference, assuming memvar: 'XNIVEL'
RH206.PRG(53)  Warning C1004  Ambiguous reference, assuming memvar: 'XNIVEL'
RH206.PRG(53)  Warning C1004  Ambiguous reference, assuming memvar: 'XNIVEL'
RH206.PRG(54)  Warning C1004  Ambiguous reference, assuming memvar: 'XNIVEL'
RH206.PRG(54)  Warning C1004  Ambiguous reference, assuming memvar: 'XNIVEL'
RH206.PRG(55)  Warning C1004  Ambiguous reference, assuming memvar: 'XNIVEL'
RH206.PRG(55)  Warning C1004  Ambiguous reference, assuming memvar: 'XNIVEL'
RH206.PRG(56)  Warning C1004  Ambiguous reference, assuming memvar: 'XNIVEL'
RH206.PRG(56)  Warning C1004  Ambiguous reference, assuming memvar: 'XNIVEL'
RH206.PRG(57)  Warning C1004  Ambiguous reference, assuming memvar: 'XNIVEL'
RH206.PRG(57)  Warning C1004  Ambiguous reference, assuming memvar: 'XNIVEL'
RH206.PRG(58)  Warning C1004  Ambiguous reference, assuming memvar: 'XNIVEL'
RH206.PRG(58)  Warning C1004  Ambiguous reference, assuming memvar: 'XNIVEL'
RH206.PRG(59)  Warning C1004  Ambiguous reference, assuming memvar: 'XNIVEL'
RH206.PRG(59)  Warning C1004  Ambiguous reference, assuming memvar: 'XNIVEL'
RH206.PRG(60)  Warning C1004  Ambiguous reference, assuming memvar: 'XNIVEL'
RH206.PRG(60)  Warning C1004  Ambiguous reference, assuming memvar: 'XNIVEL'
RH206.PRG(61)  Warning C1004  Ambiguous reference, assuming memvar: 'XNIVEL'
RH206.PRG(61)  Warning C1004  Ambiguous reference, assuming memvar: 'XNIVEL'
RH206.PRG(62)  Warning C1004  Ambiguous reference, assuming memvar: 'XNIVEL'
RH206.PRG(62)  Warning C1004  Ambiguous reference, assuming memvar: 'XNIVEL'
RH206.PRG(63)  Warning C1004  Ambiguous reference, assuming memvar: 'XNIVEL'
RH206.PRG(63)  Warning C1004  Ambiguous reference, assuming memvar: 'XNIVEL'
RH206.PRG(64)  Warning C1004  Ambiguous reference, assuming memvar: 'XNIVEL'
RH206.PRG(64)  Warning C1004  Ambiguous reference, assuming memvar: 'XNIVEL'
RH206.PRG(65)  Warning C1004  Ambiguous reference, assuming memvar: 'XNIVEL'
RH206.PRG(65)  Warning C1004  Ambiguous reference, assuming memvar: 'XNIVEL'
RH206.PRG(66)  Warning C1004  Ambiguous reference, assuming memvar: 'XNIVEL'
RH206.PRG(66)  Warning C1004  Ambiguous reference, assuming memvar: 'XNIVEL'
RH206.PRG(67)  Warning C1004  Ambiguous reference, assuming memvar: 'XNIVEL'
RH206.PRG(67)  Warning C1004  Ambiguous reference, assuming memvar: 'XNIVEL'
RH206.PRG(68)  Warning C1004  Ambiguous reference, assuming memvar: 'XNIVEL'
RH206.PRG(68)  Warning C1004  Ambiguous reference, assuming memvar: 'XNIVEL'
RH206.PRG(69)  Warning C1004  Ambiguous reference, assuming memvar: 'XNIVEL'
RH206.PRG(69)  Warning C1004  Ambiguous reference, assuming memvar: 'XNIVEL'
RH206.PRG(70)  Warning C1004  Ambiguous reference, assuming memvar: 'XNIVEL'
RH206.PRG(70)  Warning C1004  Ambiguous reference, assuming memvar: 'XNIVEL'
RH206.PRG(71)  Warning C1004  Ambiguous reference, assuming memvar: 'XNIVEL'
RH206.PRG(71)  Warning C1004  Ambiguous reference, assuming memvar: 'XNIVEL'
RH206.PRG(72)  Warning C1004  Ambiguous reference, assuming memvar: 'XNIVEL'
RH206.PRG(72)  Warning C1004  Ambiguous reference, assuming memvar: 'XNIVEL'
RH206.PRG(73)  Warning C1004  Ambiguous reference, assuming memvar: 'XNIVEL'
RH206.PRG(73)  Warning C1004  Ambiguous reference, assuming memvar: 'XNIVEL'
RH206.PRG(74)  Warning C1004  Ambiguous reference, assuming memvar: 'XNIVEL'
RH206.PRG(74)  Warning C1004  Ambiguous reference, assuming memvar: 'XNIVEL'
RH206.PRG(75)  Warning C1004  Ambiguous reference, assuming memvar: 'XNIVEL'
RH206.PRG(75)  Warning C1004  Ambiguous reference, assuming memvar: 'XNIVEL'
RH206.PRG(76)  Warning C1004  Ambiguous reference, assuming memvar: 'XNIVEL'
RH206.PRG(76)  Warning C1004  Ambiguous reference, assuming memvar: 'XNIVEL'
RH206.PRG(77)  Warning C1004  Ambiguous reference, assuming memvar: 'XNIVEL'
RH206.PRG(77)  Warning C1004  Ambiguous reference, assuming memvar: 'XNIVEL'
RH206.PRG(78)  Warning C1004  Ambiguous reference, assuming memvar: 'XNIVEL'
RH206.PRG(78)  Warning C1004  Ambiguous reference, assuming memvar: 'XNIVEL'
RH206.PRG(79)  Warning C1004  Ambiguous reference, assuming memvar: 'XNIVEL'
RH206.PRG(79)  Warning C1004  Ambiguous reference, assuming memvar: 'XNIVEL'
RH206.PRG(80)  Warning C1004  Ambiguous reference, assuming memvar: 'XNIVEL'
RH206.PRG(80)  Warning C1004  Ambiguous reference, assuming memvar: 'XNIVEL'
RH206.PRG(81)  Warning C1004  Ambiguous reference, assuming memvar: 'XNIVEL'
RH206.PRG(81)  Warning C1004  Ambiguous reference, assuming memvar: 'XNIVEL'
RH206.PRG(82)  Warning C1004  Ambiguous reference, assuming memvar: 'XNIVEL'
RH206.PRG(82)  Warning C1004  Ambiguous reference, assuming memvar: 'XNIVEL'
RH206.PRG(83)  Warning C1004  Ambiguous reference, assuming memvar: 'XNIVEL'
RH206.PRG(83)  Warning C1004  Ambiguous reference, assuming memvar: 'XNIVEL'
RH206.PRG(84)  Warning C1004  Ambiguous reference, assuming memvar: 'XNIVEL'
RH206.PRG(84)  Warning C1004  Ambiguous reference, assuming memvar: 'XNIVEL'
RH206.PRG(85)  Warning C1004  Ambiguous reference, assuming memvar: 'XNIVEL'
RH206.PRG(85)  Warning C1004  Ambiguous reference, assuming memvar: 'XNIVEL'
RH206.PRG(86)  Warning C1004  Ambiguous reference, assuming memvar: 'XNIVEL'
RH206.PRG(86)  Warning C1004  Ambiguous reference, assuming memvar: 'XNIVEL'
RH206.PRG(87)  Warning C1004  Ambiguous reference, assuming memvar: 'XNIVEL'
RH206.PRG(87)  Warning C1004  Ambiguous reference, assuming memvar: 'XNIVEL'
RH206.PRG(88)  Warning C1004  Ambiguous reference, assuming memvar: 'XNIVEL'
RH206.PRG(88)  Warning C1004  Ambiguous reference, assuming memvar: 'XNIVEL'
RH206.PRG(89)  Warning C1004  Ambiguous reference, assuming memvar: 'XNIVEL'
RH206.PRG(89)  Warning C1004  Ambiguous reference, assuming memvar: 'XNIVEL'
RH206.PRG(90)  Warning C1004  Ambiguous reference, assuming memvar: 'XNIVEL'
RH206.PRG(90)  Warning C1004  Ambiguous reference, assuming memvar: 'XNIVEL'
RH206.PRG(91)  Warning C1004  Ambiguous reference, assuming memvar: 'XNIVEL'
RH206.PRG(91)  Warning C1004  Ambiguous reference, assuming memvar: 'XNIVEL'
RH206.PRG(92)  Warning C1004  Ambiguous reference, assuming memvar: 'XNIVEL'
RH206.PRG(92)  Warning C1004  Ambiguous reference, assuming memvar: 'XNIVEL'
RH206.PRG(93)  Warning C1004  Ambiguous reference, assuming memvar: 'XNIVEL'
RH206.PRG(93)  Warning C1004  Ambiguous reference, assuming memvar: 'XNIVEL'
RH206.PRG(94)  Warning C1004  Ambiguous reference, assuming memvar: 'XNIVEL'
RH206.PRG(94)  Warning C1004  Ambiguous reference, assuming memvar: 'XNIVEL'
RH206.PRG(99)  Warning C1003  Ambiguous reference: 'COPCAO'
RH206.PRG(99)  Warning C1001  RETURN statement with no value in function
RH206.PRG(100) Warning C1003  Ambiguous reference: 'COPCAO'
RH206.PRG(100) Warning C1001  RETURN statement with no value in function
RH206.PRG(104) Warning C1003  Ambiguous reference: 'FCODIGO'
RH206.PRG(104) Warning C1003  Ambiguous reference: 'COPCAO'
RH206.PRG(105) Warning C1003  Ambiguous reference: 'FDESCRICAO'
RH206.PRG(107) Warning C1003  Ambiguous reference: 'FCM1'
RH206.PRG(108) Warning C1003  Ambiguous reference: 'FTP1'
RH206.PRG(109) Warning C1003  Ambiguous reference: 'FTM1'
RH206.PRG(110) Warning C1003  Ambiguous reference: 'FDC1'
RH206.PRG(111) Warning C1003  Ambiguous reference: 'FDS1'
RH206.PRG(113) Warning C1003  Ambiguous reference: 'FCM2'
RH206.PRG(114) Warning C1003  Ambiguous reference: 'FTP2'
RH206.PRG(115) Warning C1003  Ambiguous reference: 'FTM2'
RH206.PRG(116) Warning C1003  Ambiguous reference: 'FDC2'
RH206.PRG(117) Warning C1003  Ambiguous reference: 'FDS2'
RH206.PRG(119) Warning C1003  Ambiguous reference: 'FCM3'
RH206.PRG(120) Warning C1003  Ambiguous reference: 'FTP3'
RH206.PRG(121) Warning C1003  Ambiguous reference: 'FTM3'
RH206.PRG(122) Warning C1003  Ambiguous reference: 'FDC3'
RH206.PRG(123) Warning C1003  Ambiguous reference: 'FDS3'
RH206.PRG(125) Warning C1003  Ambiguous reference: 'FCM4'
RH206.PRG(126) Warning C1003  Ambiguous reference: 'FTP4'
RH206.PRG(127) Warning C1003  Ambiguous reference: 'FTM4'
RH206.PRG(128) Warning C1003  Ambiguous reference: 'FDC4'
RH206.PRG(129) Warning C1003  Ambiguous reference: 'FDS4'
RH206.PRG(131) Warning C1003  Ambiguous reference: 'FCM5'
RH206.PRG(132) Warning C1003  Ambiguous reference: 'FTP5'
RH206.PRG(133) Warning C1003  Ambiguous reference: 'FTM5'
RH206.PRG(134) Warning C1003  Ambiguous reference: 'FDC5'
RH206.PRG(135) Warning C1003  Ambiguous reference: 'FDS5'
RH206.PRG(137) Warning C1003  Ambiguous reference: 'FCM6'
RH206.PRG(138) Warning C1003  Ambiguous reference: 'FTP6'
RH206.PRG(139) Warning C1003  Ambiguous reference: 'FTM6'
RH206.PRG(140) Warning C1003  Ambiguous reference: 'FDC6'
RH206.PRG(141) Warning C1003  Ambiguous reference: 'FDS6'
RH206.PRG(143) Warning C1003  Ambiguous reference: 'FFM1'
RH206.PRG(145) Warning C1003  Ambiguous reference: 'FFM2'
RH206.PRG(147) Warning C1003  Ambiguous reference: 'FFM3'
RH206.PRG(149) Warning C1003  Ambiguous reference: 'FFM4'
RH206.PRG(151) Warning C1003  Ambiguous reference: 'FFM5'
RH206.PRG(153) Warning C1003  Ambiguous reference: 'FFM6'
RH206.PRG(156) Warning C1003  Ambiguous reference: 'COPCAO'
RH206.PRG(161) Warning C1003  Ambiguous reference: 'COPCAO'
RH206.PRG(162) Warning C1004  Ambiguous reference, assuming memvar: 'XNIVEL'
RH206.PRG(163) Warning C1004  Ambiguous reference, assuming memvar: 'XFLAG'
RH206.PRG(167) Warning C1003  Ambiguous reference: 'XNIVEL'
RH206.PRG(167) Warning C1003  Ambiguous reference: 'XNIVEL'
RH206.PRG(168) Warning C1003  Ambiguous reference: 'XNIVEL'
RH206.PRG(169) Warning C1001  RETURN statement with no value in function
RH206.PRG(170) Warning C1003  Ambiguous reference: 'XFLAG'
RH206.PRG(171) Warning C1003  Ambiguous reference: 'XNIVEL'
RH206.PRG(173) Warning C1003  Ambiguous reference: 'XNIVEL'
RH206.PRG(175) Warning C1003  Ambiguous reference: 'XFLAG'
RH206.PRG(175) Warning C1004  Ambiguous reference, assuming memvar: 'XNIVEL'
RH206.PRG(175) Warning C1004  Ambiguous reference, assuming memvar: 'XNIVEL'
RH206.PRG(175) Warning C1004  Ambiguous reference, assuming memvar: 'XNIVEL'
RH206.PRG(175) Warning C1004  Ambiguous reference, assuming memvar: 'XNIVEL'
RH206.PRG(180) Warning C1001  RETURN statement with no value in function
RH206.PRG(182) Warning C1003  Ambiguous reference: 'COPCAO'
RH206.PRG(186) Warning C1003  Ambiguous reference: 'COPCAO'
RH206.PRG(189) Warning C1001  RETURN statement with no value in function
RH206.PRG(198) Warning C1003  Ambiguous reference: 'COPCAO'
RH206.PRG(199) Warning C1003  Ambiguous reference: 'FCODIGO'
RH206.PRG(206) Warning C1003  Ambiguous reference: 'XNIVEL'
RH206.PRG(229) Warning C1001  RETURN statement with no value in function
RH206.PRG(254) Warning C1001  RETURN statement with no value in function
RH206.PRG(266) Warning C1001  RETURN statement with no value in function
RH206.PRG(283) Warning C1003  Ambiguous reference: 'M_CAMPO'
RH206.PRG(284) Warning C1003  Ambiguous reference: 'M_TIPO'
RH206.PRG(285) Warning C1003  Ambiguous reference: 'M_TAMANHO'
RH206.PRG(286) Warning C1003  Ambiguous reference: 'M_DECIMAIS'
RH206.PRG(287) Warning C1003  Ambiguous reference: 'M_DESCRICAO'
RH206.PRG(292) Warning C1001  RETURN statement with no value in function
RH206.PRG(338) Warning C1001  RETURN statement with no value in function
RH206.PRG(351) Warning C1001  RETURN statement with no value in function
RH206.PRG(370) Warning C1003  Ambiguous reference: 'P_DRIVE_OU'
RH206.PRG(372) Warning C1001  RETURN statement with no value in function
RH206.PRG(378) Warning C1003  Ambiguous reference: 'XDRV_SIST'
RH206.PRG(381) Warning C1003  Ambiguous reference: 'XDRV_SIST'
RH206.PRG(399) Warning C1003  Ambiguous reference: 'XDRV_SIST'
RH206.PRG(399) Warning C1003  Ambiguous reference: 'XDRV_SIST'
RH206.PRG(401) Warning C1003  Ambiguous reference: 'DRIVE_RR'
RH206.PRG(407) Warning C1003  Ambiguous reference: 'XDRV_SIST'
RH206.PRG(411) Warning C1003  Ambiguous reference: 'P_DRIVE_OU'
RH206.PRG(428) Warning C1003  Ambiguous reference: 'XANOMES'
RH206.PRG(434) Warning C1003  Ambiguous reference: 'XANOMES'
RH206.PRG(456) Warning C1001  RETURN statement with no value in function
RH206.PRG(461) Warning C1001  RETURN statement with no value in function
193 warnings                
Code size 6357, Symbols 2848, Constants 1323
