238K available
Compiling RH202.PRG
RH202.PRG(10)  Warning C1004  Ambiguous reference, assuming memvar: 'CAMBIENTE'
RH202.PRG(12)  Warning C1003  Ambiguous reference: 'CAMBIENTE'
RH202.PRG(14)  Warning C1003  Ambiguous reference: 'ANOMES'
RH202.PRG(14)  Warning C1003  Ambiguous reference: 'XANOMES'
RH202.PRG(34)  Warning C1003  Ambiguous reference: 'CACAO'
RH202.PRG(34)  Warning C1003  Ambiguous reference: 'XNIVEL'
RH202.PRG(34)  Warning C1003  Ambiguous reference: 'XFLAG'
RH202.PRG(34)  Warning C1004  Ambiguous reference, assuming memvar: 'BESCAPE'
RH202.PRG(35)  Warning C1004  Ambiguous reference, assuming memvar: 'SBLOCO1'
RH202.PRG(36)  Warning C1004  Ambiguous reference, assuming memvar: 'SBLOCO2'
RH202.PRG(40)  Warning C1003  Ambiguous reference: 'CACAO'
RH202.PRG(40)  Warning C1003  Ambiguous reference: 'SBLOCO1'
RH202.PRG(41)  Warning C1003  Ambiguous reference: 'CEVENTO'
RH202.PRG(43)  Warning C1003  Ambiguous reference: 'NVALOR'
RH202.PRG(44)  Warning C1003  Ambiguous reference: 'NFRACAO'
RH202.PRG(45)  Warning C1003  Ambiguous reference: 'CFIXA'
RH202.PRG(45)  Warning C1003  Ambiguous reference: 'XSN'
RH202.PRG(46)  Warning C1003  Ambiguous reference: 'CCATEGO'
RH202.PRG(46)  Warning C1003  Ambiguous reference: 'SBLOCO2'
RH202.PRG(47)  Warning C1003  Ambiguous reference: 'CCENTRO'
RH202.PRG(49)  Warning C1003  Ambiguous reference: 'CFILIAL'
RH202.PRG(51)  Warning C1003  Ambiguous reference: 'CCARGO'
RH202.PRG(53)  Warning C1003  Ambiguous reference: 'CCBO'
RH202.PRG(55)  Warning C1003  Ambiguous reference: 'CSINDICAT'
RH202.PRG(57)  Warning C1003  Ambiguous reference: 'CFORMULA'
RH202.PRG(70)  Warning C1003  Ambiguous reference: 'CAMBIENTE'
RH202.PRG(74)  Warning C1003  Ambiguous reference: 'XNIVEL'
RH202.PRG(74)  Warning C1003  Ambiguous reference: 'XNIVEL'
RH202.PRG(75)  Warning C1003  Ambiguous reference: 'XNIVEL'
RH202.PRG(76)  Warning C1003  Ambiguous reference: 'BESCAPE'
RH202.PRG(76)  Warning C1001  RETURN statement with no value in function
RH202.PRG(77)  Warning C1003  Ambiguous reference: 'XFLAG'
RH202.PRG(78)  Warning C1003  Ambiguous reference: 'XNIVEL'
RH202.PRG(80)  Warning C1003  Ambiguous reference: 'XNIVEL'
RH202.PRG(82)  Warning C1003  Ambiguous reference: 'XFLAG'
RH202.PRG(82)  Warning C1004  Ambiguous reference, assuming memvar: 'XNIVEL'
RH202.PRG(82)  Warning C1004  Ambiguous reference, assuming memvar: 'XNIVEL'
RH202.PRG(82)  Warning C1004  Ambiguous reference, assuming memvar: 'XNIVEL'
RH202.PRG(82)  Warning C1004  Ambiguous reference, assuming memvar: 'XNIVEL'
RH202.PRG(90)  Warning C1007  Function does not end with RETURN
RH202.PRG(101) Warning C1003  Ambiguous reference: 'XNIVEL'
RH202.PRG(101) Warning C1003  Ambiguous reference: 'CACAO'
RH202.PRG(103) Warning C1003  Ambiguous reference: 'CEVENTO'
RH202.PRG(107) Warning C1003  Ambiguous reference: 'XNIVEL'
RH202.PRG(108) Warning C1003  Ambiguous reference: 'CACAO'
RH202.PRG(109) Warning C1004  Ambiguous reference, assuming memvar: 'XNIVEL'
RH202.PRG(109) Warning C1004  Ambiguous reference, assuming memvar: 'XNIVEL'
RH202.PRG(112) Warning C1003  Ambiguous reference: 'XNIVEL'
RH202.PRG(112) Warning C1003  Ambiguous reference: 'CCATEGO'
RH202.PRG(114) Warning C1003  Ambiguous reference: 'CCENTRO'
RH202.PRG(115) Warning C1003  Ambiguous reference: 'CCENTRO'
RH202.PRG(119) Warning C1003  Ambiguous reference: 'CCENTRO'
RH202.PRG(124) Warning C1003  Ambiguous reference: 'XNIVEL'
RH202.PRG(124) Warning C1003  Ambiguous reference: 'CCENTRO'
RH202.PRG(126) Warning C1003  Ambiguous reference: 'CFILIAL'
RH202.PRG(127) Warning C1003  Ambiguous reference: 'XNIVEL'
RH202.PRG(129) Warning C1003  Ambiguous reference: 'XNIVEL'
RH202.PRG(132) Warning C1003  Ambiguous reference: 'CCARGO'
RH202.PRG(133) Warning C1003  Ambiguous reference: 'XNIVEL'
RH202.PRG(135) Warning C1003  Ambiguous reference: 'XNIVEL'
RH202.PRG(138) Warning C1003  Ambiguous reference: 'CSINDICAT'
RH202.PRG(139) Warning C1003  Ambiguous reference: 'XNIVEL'
RH202.PRG(141) Warning C1003  Ambiguous reference: 'XNIVEL'
RH202.PRG(144) Warning C1003  Ambiguous reference: 'CCBO'
RH202.PRG(145) Warning C1003  Ambiguous reference: 'XNIVEL'
RH202.PRG(147) Warning C1003  Ambiguous reference: 'XNIVEL'
RH202.PRG(150) Warning C1003  Ambiguous reference: 'CFORMULA'
RH202.PRG(151) Warning C1003  Ambiguous reference: 'XNIVEL'
RH202.PRG(153) Warning C1003  Ambiguous reference: 'XNIVEL'
RH202.PRG(165) Warning C1004  Ambiguous reference, assuming memvar: 'CACAO'
RH202.PRG(166) Warning C1004  Ambiguous reference, assuming memvar: 'CCATEGO'
RH202.PRG(167) Warning C1004  Ambiguous reference, assuming memvar: 'CEVENTO'
RH202.PRG(168) Warning C1004  Ambiguous reference, assuming memvar: 'CCENTRO'
RH202.PRG(169) Warning C1004  Ambiguous reference, assuming memvar: 'CFILIAL'
RH202.PRG(170) Warning C1004  Ambiguous reference, assuming memvar: 'CCARGO'
RH202.PRG(171) Warning C1004  Ambiguous reference, assuming memvar: 'CSINDICAT'
RH202.PRG(172) Warning C1004  Ambiguous reference, assuming memvar: 'CFORMULA'
RH202.PRG(173) Warning C1004  Ambiguous reference, assuming memvar: 'CCBO'
RH202.PRG(174) Warning C1004  Ambiguous reference, assuming memvar: 'NVALOR'
RH202.PRG(175) Warning C1004  Ambiguous reference, assuming memvar: 'NFRACAO'
RH202.PRG(176) Warning C1004  Ambiguous reference, assuming memvar: 'CFIXA'
RH202.PRG(177) Warning C1004  Ambiguous reference, assuming memvar: 'XNIVEL'
RH202.PRG(178) Warning C1004  Ambiguous reference, assuming memvar: 'XFLAG'
RH202.PRG(181) Warning C1003  Ambiguous reference: 'CFIXA'
RH202.PRG(182) Warning C1003  Ambiguous reference: 'XNIVEL'
RH202.PRG(182) Warning C1003  Ambiguous reference: 'CFIXA'
RH202.PRG(197) Warning C1001  RETURN statement with no value in function
RH202.PRG(212) Warning C1003  Ambiguous reference: 'CCATEGO'
RH202.PRG(213) Warning C1003  Ambiguous reference: 'CCATEGO'
RH202.PRG(217) Warning C1003  Ambiguous reference: 'CCENTRO'
RH202.PRG(219) Warning C1003  Ambiguous reference: 'CCENTRO'
RH202.PRG(223) Warning C1003  Ambiguous reference: 'CFILIAL'
RH202.PRG(224) Warning C1003  Ambiguous reference: 'CFILIAL'
RH202.PRG(228) Warning C1003  Ambiguous reference: 'CCARGO'
RH202.PRG(229) Warning C1003  Ambiguous reference: 'CCARGO'
RH202.PRG(233) Warning C1003  Ambiguous reference: 'CSINDICAT'
RH202.PRG(234) Warning C1003  Ambiguous reference: 'CSINDICAT'
RH202.PRG(238) Warning C1003  Ambiguous reference: 'CCBO'
RH202.PRG(239) Warning C1003  Ambiguous reference: 'CCBO'
RH202.PRG(243) Warning C1003  Ambiguous reference: 'CFORMULA'
RH202.PRG(248) Warning C1003  Ambiguous reference: 'CAMBIENTE'
RH202.PRG(248) Warning C1003  Ambiguous reference: 'CAMBIENTE'
RH202.PRG(251) Warning C1003  Ambiguous reference: 'XDATASYS'
RH202.PRG(257) Warning C1003  Ambiguous reference: 'XANOMES'
RH202.PRG(257) Warning C1003  Ambiguous reference: 'CAMBIENTE'
RH202.PRG(257) Warning C1003  Ambiguous reference: 'CEVENTO'
RH202.PRG(259) Warning C1003  Ambiguous reference: 'CACAO'
RH202.PRG(264) Warning C1003  Ambiguous reference: 'XANOMES'
RH202.PRG(266) Warning C1003  Ambiguous reference: 'CAMBIENTE'
RH202.PRG(267) Warning C1003  Ambiguous reference: 'CEVENTO'
RH202.PRG(268) Warning C1003  Ambiguous reference: 'NVALOR'
RH202.PRG(269) Warning C1003  Ambiguous reference: 'NFRACAO'
RH202.PRG(270) Warning C1003  Ambiguous reference: 'CFIXA'
RH202.PRG(290) Warning C1001  RETURN statement with no value in function
114 warnings                
Code size 3043, Symbols 1360, Constants 941
