312K available
Compiling RH205.PRG
RH205.PRG(18)  Warning C1003  Ambiguous reference: 'XDATASYS'
RH205.PRG(18)  Warning C1004  Ambiguous reference, assuming memvar: 'CANOMES'
RH205.PRG(22)  Warning C1004  Ambiguous reference, assuming memvar: 'CAMBIENTE'
RH205.PRG(23)  Warning C1003  Ambiguous reference: 'CAMBIENTE'
RH205.PRG(27)  Warning C1003  Ambiguous reference: 'XANOMES'
RH205.PRG(27)  Warning C1003  Ambiguous reference: 'MATRICULA'
RH205.PRG(27)  Warning C1003  Ambiguous reference: 'CAMBIENTE'
RH205.PRG(27)  Warning C1003  Ambiguous reference: 'CEVENTO'
RH205.PRG(28)  Warning C1003  Ambiguous reference: 'SITUACAO'
RH205.PRG(46)  Warning C1003  Ambiguous reference: 'CAMBIENTE'
RH205.PRG(47)  Warning C1004  Ambiguous reference, assuming memvar: 'CEVENTO'
RH205.PRG(51)  Warning C1003  Ambiguous reference: 'CEVENTO'
RH205.PRG(53)  Warning C1003  Ambiguous reference: 'CEVENTO'
RH205.PRG(54)  Warning C1003  Ambiguous reference: 'CEVENTO'
RH205.PRG(54)  Warning C1004  Ambiguous reference, assuming memvar: 'CEVENTO'
RH205.PRG(58)  Warning C1003  Ambiguous reference: 'CEVENTO'
RH205.PRG(78)  Warning C1001  RETURN statement with no value in function
RH205.PRG(115) Warning C1003  Ambiguous reference: 'COPCAO'
RH205.PRG(115) Warning C1004  Ambiguous reference, assuming memvar: 'COPCAO'
RH205.PRG(119) Warning C1003  Ambiguous reference: 'COPCAO'
RH205.PRG(123) Warning C1003  Ambiguous reference: 'XDATASYS'
RH205.PRG(127) Warning C1003  Ambiguous reference: 'CANOMES'
RH205.PRG(129) Warning C1003  Ambiguous reference: 'CAMBIENTE'
RH205.PRG(130) Warning C1003  Ambiguous reference: 'CEVENTO'
RH205.PRG(137) Warning C1003  Ambiguous reference: 'COPCAO'
RH205.PRG(151) Warning C1003  Ambiguous reference: 'XDATASYS'
RH205.PRG(163) Warning C1003  Ambiguous reference: 'COPCAO'
RH205.PRG(167) Warning C1003  Ambiguous reference: 'XDATASYS'
RH205.PRG(178) Warning C1003  Ambiguous reference: 'COPCAO'
RH205.PRG(187) Warning C1003  Ambiguous reference: 'COPCAO'
30 warnings                
Code size 1445, Symbols 768, Constants 731
