238K available
Compiling RH207.PRG
RH207.PRG(17)  Warning C1004  Ambiguous reference, assuming memvar: 'ABENEF'
RH207.PRG(19)  Warning C1004  Ambiguous reference, assuming memvar: 'CMATRICULA'
RH207.PRG(23)  Warning C1004  Ambiguous reference, assuming memvar: 'CAMBIENTE'
RH207.PRG(25)  Warning C1003  Ambiguous reference: 'CAMBIENTE'
RH207.PRG(43)  Warning C1003  Ambiguous reference: 'CAMBIENTE'
RH207.PRG(44)  Warning C1004  Ambiguous reference, assuming memvar: 'CEVENTO'
RH207.PRG(49)  Warning C1003  Ambiguous reference: 'CEVENTO'
RH207.PRG(51)  Warning C1003  Ambiguous reference: 'CEVENTO'
RH207.PRG(52)  Warning C1003  Ambiguous reference: 'CEVENTO'
RH207.PRG(52)  Warning C1004  Ambiguous reference, assuming memvar: 'CEVENTO'
RH207.PRG(54)  Warning C1003  Ambiguous reference: 'CEVENTO'
RH207.PRG(61)  Warning C1003  Ambiguous reference: 'CEVENTO'
RH207.PRG(69)  Warning C1003  Ambiguous reference: 'EVENTO'
RH207.PRG(69)  Warning C1003  Ambiguous reference: 'CEVENTO'
RH207.PRG(80)  Warning C1001  RETURN statement with no value in function
RH207.PRG(86)  Warning C1004  Ambiguous reference, assuming memvar: 'XVOLTA'
RH207.PRG(86)  Warning C1004  Ambiguous reference, assuming memvar: 'XVOLTA'
RH207.PRG(87)  Warning C1003  Ambiguous reference: 'XVOLTA'
RH207.PRG(97)  Warning C1003  Ambiguous reference: 'COPCAO'
RH207.PRG(97)  Warning C1004  Ambiguous reference, assuming memvar: 'COPCAO'
RH207.PRG(99)  Warning C1003  Ambiguous reference: 'COPCAO'
RH207.PRG(101) Warning C1003  Ambiguous reference: 'COPCAO'
RH207.PRG(115) Warning C1003  Ambiguous reference: 'FMATRICULA'
RH207.PRG(115) Warning C1003  Ambiguous reference: 'XNIVEL'
RH207.PRG(115) Warning C1003  Ambiguous reference: 'XFLAG'
RH207.PRG(115) Warning C1003  Ambiguous reference: 'XNIVEL'
RH207.PRG(115) Warning C1003  Ambiguous reference: 'COPCAO'
RH207.PRG(115) Warning C1003  Ambiguous reference: 'XFLAG'
RH207.PRG(119) Warning C1003  Ambiguous reference: 'COPCAO'
RH207.PRG(120) Warning C1004  Ambiguous reference, assuming memvar: 'XNIVEL'
RH207.PRG(121) Warning C1004  Ambiguous reference, assuming memvar: 'XNIVEL'
RH207.PRG(121) Warning C1004  Ambiguous reference, assuming memvar: 'XNIVEL'
RH207.PRG(122) Warning C1004  Ambiguous reference, assuming memvar: 'XNIVEL'
RH207.PRG(122) Warning C1004  Ambiguous reference, assuming memvar: 'XNIVEL'
RH207.PRG(123) Warning C1004  Ambiguous reference, assuming memvar: 'XNIVEL'
RH207.PRG(123) Warning C1004  Ambiguous reference, assuming memvar: 'XNIVEL'
RH207.PRG(124) Warning C1004  Ambiguous reference, assuming memvar: 'XNIVEL'
RH207.PRG(124) Warning C1004  Ambiguous reference, assuming memvar: 'XNIVEL'
RH207.PRG(125) Warning C1004  Ambiguous reference, assuming memvar: 'XNIVEL'
RH207.PRG(125) Warning C1004  Ambiguous reference, assuming memvar: 'XNIVEL'
RH207.PRG(130) Warning C1003  Ambiguous reference: 'COPCAO'
RH207.PRG(130) Warning C1001  RETURN statement with no value in function
RH207.PRG(131) Warning C1003  Ambiguous reference: 'COPCAO'
RH207.PRG(131) Warning C1001  RETURN statement with no value in function
RH207.PRG(135) Warning C1003  Ambiguous reference: 'FMATRICULA'
RH207.PRG(137) Warning C1003  Ambiguous reference: 'FCENTRO'
RH207.PRG(139) Warning C1003  Ambiguous reference: 'FHORAS'
RH207.PRG(140) Warning C1003  Ambiguous reference: 'COPCAO'
RH207.PRG(145) Warning C1003  Ambiguous reference: 'COPCAO'
RH207.PRG(146) Warning C1004  Ambiguous reference, assuming memvar: 'XNIVEL'
RH207.PRG(147) Warning C1004  Ambiguous reference, assuming memvar: 'XFLAG'
RH207.PRG(151) Warning C1003  Ambiguous reference: 'XNIVEL'
RH207.PRG(151) Warning C1003  Ambiguous reference: 'XNIVEL'
RH207.PRG(152) Warning C1003  Ambiguous reference: 'XNIVEL'
RH207.PRG(153) Warning C1001  RETURN statement with no value in function
RH207.PRG(154) Warning C1003  Ambiguous reference: 'XNIVEL'
RH207.PRG(155) Warning C1003  Ambiguous reference: 'XFLAG'
RH207.PRG(155) Warning C1004  Ambiguous reference, assuming memvar: 'XNIVEL'
RH207.PRG(155) Warning C1004  Ambiguous reference, assuming memvar: 'XNIVEL'
RH207.PRG(155) Warning C1004  Ambiguous reference, assuming memvar: 'XNIVEL'
RH207.PRG(155) Warning C1004  Ambiguous reference, assuming memvar: 'XNIVEL'
RH207.PRG(160) Warning C1001  RETURN statement with no value in function
RH207.PRG(162) Warning C1003  Ambiguous reference: 'COPCAO'
RH207.PRG(163) Warning C1003  Ambiguous reference: 'XANOMES'
RH207.PRG(163) Warning C1004  Ambiguous reference, assuming memvar: 'FANOMES'
RH207.PRG(164) Warning C1003  Ambiguous reference: 'CEVENTO'
RH207.PRG(164) Warning C1004  Ambiguous reference, assuming memvar: 'FEVENTO'
RH207.PRG(165) Warning C1003  Ambiguous reference: 'CAMBIENTE'
RH207.PRG(165) Warning C1004  Ambiguous reference, assuming memvar: 'FAMBIENTE'
RH207.PRG(169) Warning C1003  Ambiguous reference: 'COPCAO'
RH207.PRG(172) Warning C1003  Ambiguous reference: 'FANOMES'
RH207.PRG(172) Warning C1003  Ambiguous reference: 'FMATRICULA'
RH207.PRG(172) Warning C1003  Ambiguous reference: 'CAMBIENTE'
RH207.PRG(172) Warning C1003  Ambiguous reference: 'CEVENTO'
RH207.PRG(174) Warning C1003  Ambiguous reference: 'COPCAO'
RH207.PRG(177) Warning C1003  Ambiguous reference: 'FANOMES'
RH207.PRG(178) Warning C1003  Ambiguous reference: 'FMATRICULA'
RH207.PRG(179) Warning C1003  Ambiguous reference: 'CAMBIENTE'
RH207.PRG(180) Warning C1003  Ambiguous reference: 'CEVENTO'
RH207.PRG(181) Warning C1003  Ambiguous reference: 'FHORAS'
RH207.PRG(184) Warning C1003  Ambiguous reference: 'FHORAS'
RH207.PRG(190) Warning C1001  RETURN statement with no value in function
RH207.PRG(200) Warning C1003  Ambiguous reference: 'FMATRICULA'
RH207.PRG(200) Warning C1004  Ambiguous reference, assuming memvar: 'FMATRICULA'
RH207.PRG(209) Warning C1003  Ambiguous reference: 'XNIVEL'
RH207.PRG(209) Warning C1003  Ambiguous reference: 'FMATRICULA'
RH207.PRG(210) Warning C1003  Ambiguous reference: 'XNIVEL'
RH207.PRG(213) Warning C1003  Ambiguous reference: 'FCENTRO'
RH207.PRG(217) Warning C1003  Ambiguous reference: 'FCENTRO'
RH207.PRG(222) Warning C1003  Ambiguous reference: 'XNIVEL'
RH207.PRG(223) Warning C1003  Ambiguous reference: 'FMATRICULA'
RH207.PRG(223) Warning C1003  Ambiguous reference: 'XANOMES'
RH207.PRG(223) Warning C1003  Ambiguous reference: 'CAMBIENTE'
RH207.PRG(223) Warning C1003  Ambiguous reference: 'FCENTRO'
RH207.PRG(223) Warning C1003  Ambiguous reference: 'COPCAO'
RH207.PRG(228) Warning C1003  Ambiguous reference: 'FHORAS'
RH207.PRG(261) Warning C1001  RETURN statement with no value in function
97 warnings                
Code size 2486, Symbols 1168, Constants 794
