238K available
Compiling RH208.PRG
RH208.PRG(16)  Warning C1003  Ambiguous reference: 'XDATASYS'
RH208.PRG(16)  Warning C1004  Ambiguous reference, assuming memvar: 'CANOMES'
RH208.PRG(17)  Warning C1004  Ambiguous reference, assuming memvar: 'CTOT_MES'
RH208.PRG(18)  Warning C1004  Ambiguous reference, assuming memvar: 'CT_EVENTO'
RH208.PRG(19)  Warning C1004  Ambiguous reference, assuming memvar: 'CT_CENTRO'
RH208.PRG(20)  Warning C1004  Ambiguous reference, assuming memvar: 'CT_TOT_MES'
RH208.PRG(21)  Warning C1004  Ambiguous reference, assuming memvar: 'NMES'
RH208.PRG(22)  Warning C1004  Ambiguous reference, assuming memvar: 'NTOTAL'
RH208.PRG(23)  Warning C1004  Ambiguous reference, assuming memvar: 'LPRIMEIRO_LANCAMENTO'
RH208.PRG(28)  Warning C1003  Ambiguous reference: 'EVENTO'
RH208.PRG(29)  Warning C1003  Ambiguous reference: 'CENTRO'
RH208.PRG(51)  Warning C1004  Ambiguous reference, assuming memvar: 'CMATRICULA'
RH208.PRG(56)  Warning C1003  Ambiguous reference: 'CMATRICULA'
RH208.PRG(57)  Warning C1003  Ambiguous reference: 'CMATRICULA'
RH208.PRG(57)  Warning C1004  Ambiguous reference, assuming memvar: 'CMATRICULA'
RH208.PRG(58)  Warning C1003  Ambiguous reference: 'CMATRICULA'
RH208.PRG(61)  Warning C1003  Ambiguous reference: 'CMATRICULA'
RH208.PRG(66)  Warning C1003  Ambiguous reference: 'XDATASYS'
RH208.PRG(81)  Warning C1003  Ambiguous reference: 'CTOT_MES'
RH208.PRG(87)  Warning C1001  RETURN statement with no value in function
RH208.PRG(95)  Warning C1003  Ambiguous reference: 'XANOMES'
RH208.PRG(95)  Warning C1003  Ambiguous reference: 'CMATRICULA'
RH208.PRG(96)  Warning C1001  RETURN statement with no value in function
RH208.PRG(102) Warning C1003  Ambiguous reference: 'XANOMES'
RH208.PRG(102) Warning C1003  Ambiguous reference: 'CMATRICULA'
RH208.PRG(103) Warning C1001  RETURN statement with no value in function
RH208.PRG(111) Warning C1003  Ambiguous reference: 'COPCAO'
RH208.PRG(111) Warning C1004  Ambiguous reference, assuming memvar: 'COPCAO'
RH208.PRG(113) Warning C1003  Ambiguous reference: 'COPCAO'
RH208.PRG(113) Warning C1003  Ambiguous reference: 'XUSRA'
RH208.PRG(139) Warning C1003  Ambiguous reference: 'NTOTAL'
RH208.PRG(139) Warning C1003  Ambiguous reference: 'CTOT_MES'
RH208.PRG(140) Warning C1003  Ambiguous reference: 'NTOTAL'
RH208.PRG(140) Warning C1003  Ambiguous reference: 'CTOT_MES'
RH208.PRG(155) Warning C1003  Ambiguous reference: 'COPCAO'
RH208.PRG(155) Warning C1004  Ambiguous reference, assuming memvar: 'COPCAO'
RH208.PRG(158) Warning C1003  Ambiguous reference: 'COPCAO'
RH208.PRG(158) Warning C1003  Ambiguous reference: 'XUSRA'
RH208.PRG(177) Warning C1003  Ambiguous reference: 'FEVENTO'
RH208.PRG(177) Warning C1003  Ambiguous reference: 'XNIVEL'
RH208.PRG(177) Warning C1003  Ambiguous reference: 'XFLAG'
RH208.PRG(177) Warning C1003  Ambiguous reference: 'XNIVEL'
RH208.PRG(177) Warning C1003  Ambiguous reference: 'XNIVEL'
RH208.PRG(177) Warning C1003  Ambiguous reference: 'COPCAO'
RH208.PRG(177) Warning C1003  Ambiguous reference: 'XFLAG'
RH208.PRG(181) Warning C1003  Ambiguous reference: 'COPCAO'
RH208.PRG(183) Warning C1004  Ambiguous reference, assuming memvar: 'XNIVEL'
RH208.PRG(184) Warning C1004  Ambiguous reference, assuming memvar: 'XNIVEL'
RH208.PRG(184) Warning C1004  Ambiguous reference, assuming memvar: 'XNIVEL'
RH208.PRG(185) Warning C1004  Ambiguous reference, assuming memvar: 'XNIVEL'
RH208.PRG(185) Warning C1004  Ambiguous reference, assuming memvar: 'XNIVEL'
RH208.PRG(186) Warning C1004  Ambiguous reference, assuming memvar: 'XNIVEL'
RH208.PRG(186) Warning C1004  Ambiguous reference, assuming memvar: 'XNIVEL'
RH208.PRG(187) Warning C1004  Ambiguous reference, assuming memvar: 'XNIVEL'
RH208.PRG(187) Warning C1004  Ambiguous reference, assuming memvar: 'XNIVEL'
RH208.PRG(188) Warning C1004  Ambiguous reference, assuming memvar: 'XNIVEL'
RH208.PRG(188) Warning C1004  Ambiguous reference, assuming memvar: 'XNIVEL'
RH208.PRG(189) Warning C1004  Ambiguous reference, assuming memvar: 'XNIVEL'
RH208.PRG(189) Warning C1004  Ambiguous reference, assuming memvar: 'XNIVEL'
RH208.PRG(195) Warning C1003  Ambiguous reference: 'COPCAO'
RH208.PRG(195) Warning C1001  RETURN statement with no value in function
RH208.PRG(196) Warning C1003  Ambiguous reference: 'COPCAO'
RH208.PRG(196) Warning C1001  RETURN statement with no value in function
RH208.PRG(200) Warning C1003  Ambiguous reference: 'FEVENTO'
RH208.PRG(203) Warning C1003  Ambiguous reference: 'FCENTRO'
RH208.PRG(206) Warning C1003  Ambiguous reference: 'FHORAS'
RH208.PRG(207) Warning C1003  Ambiguous reference: 'FPERCENTUAL'
RH208.PRG(209) Warning C1003  Ambiguous reference: 'COPCAO'
RH208.PRG(217) Warning C1003  Ambiguous reference: 'COPCAO'
RH208.PRG(218) Warning C1003  Ambiguous reference: 'LPRIMEIRO_LANCAMENTO'
RH208.PRG(219) Warning C1003  Ambiguous reference: 'XANOMES'
RH208.PRG(219) Warning C1004  Ambiguous reference, assuming memvar: 'FANOMES'
RH208.PRG(220) Warning C1003  Ambiguous reference: 'CT_EVENTO'
RH208.PRG(220) Warning C1004  Ambiguous reference, assuming memvar: 'FEVENTO'
RH208.PRG(221) Warning C1003  Ambiguous reference: 'CT_CENTRO'
RH208.PRG(221) Warning C1004  Ambiguous reference, assuming memvar: 'FCENTRO'
RH208.PRG(222) Warning C1003  Ambiguous reference: 'CT_TOT_MES'
RH208.PRG(222) Warning C1004  Ambiguous reference, assuming memvar: 'FTOT_MES'
RH208.PRG(223) Warning C1004  Ambiguous reference, assuming memvar: 'FHORAS'
RH208.PRG(224) Warning C1004  Ambiguous reference, assuming memvar: 'FPERCENTUAL'
RH208.PRG(230) Warning C1003  Ambiguous reference: 'COPCAO'
RH208.PRG(234) Warning C1004  Ambiguous reference, assuming memvar: 'XNIVEL'
RH208.PRG(235) Warning C1004  Ambiguous reference, assuming memvar: 'XFLAG'
RH208.PRG(239) Warning C1003  Ambiguous reference: 'XNIVEL'
RH208.PRG(239) Warning C1003  Ambiguous reference: 'XNIVEL'
RH208.PRG(240) Warning C1003  Ambiguous reference: 'XNIVEL'
RH208.PRG(241) Warning C1001  RETURN statement with no value in function
RH208.PRG(242) Warning C1003  Ambiguous reference: 'XNIVEL'
RH208.PRG(243) Warning C1003  Ambiguous reference: 'XFLAG'
RH208.PRG(243) Warning C1004  Ambiguous reference, assuming memvar: 'XNIVEL'
RH208.PRG(243) Warning C1004  Ambiguous reference, assuming memvar: 'XNIVEL'
RH208.PRG(243) Warning C1004  Ambiguous reference, assuming memvar: 'XNIVEL'
RH208.PRG(243) Warning C1004  Ambiguous reference, assuming memvar: 'XNIVEL'
RH208.PRG(246) Warning C1001  RETURN statement with no value in function
RH208.PRG(250) Warning C1003  Ambiguous reference: 'COPCAO'
RH208.PRG(251) Warning C1003  Ambiguous reference: 'COPCAO'
RH208.PRG(252) Warning C1003  Ambiguous reference: 'CMATRICULA'
RH208.PRG(252) Warning C1004  Ambiguous reference, assuming memvar: 'FMATRICULA'
RH208.PRG(253) Warning C1003  Ambiguous reference: 'XANOMES'
RH208.PRG(253) Warning C1004  Ambiguous reference, assuming memvar: 'FANOMES'
RH208.PRG(254) Warning C1003  Ambiguous reference: 'CTOT_MES'
RH208.PRG(254) Warning C1004  Ambiguous reference, assuming memvar: 'FTOT_MES'
RH208.PRG(258) Warning C1003  Ambiguous reference: 'FEVENTO'
RH208.PRG(258) Warning C1004  Ambiguous reference, assuming memvar: 'CT_EVENTO'
RH208.PRG(259) Warning C1003  Ambiguous reference: 'FCENTRO'
RH208.PRG(259) Warning C1004  Ambiguous reference, assuming memvar: 'CT_CENTRO'
RH208.PRG(260) Warning C1003  Ambiguous reference: 'FTOT_MES'
RH208.PRG(260) Warning C1004  Ambiguous reference, assuming memvar: 'CT_TOT_MES'
RH208.PRG(262) Warning C1004  Ambiguous reference, assuming memvar: 'LPRIMEIRO_LANC'
RH208.PRG(266) Warning C1003  Ambiguous reference: 'COPCAO'
RH208.PRG(271) Warning C1003  Ambiguous reference: 'COPCAO'
RH208.PRG(273) Warning C1001  RETURN statement with no value in function
RH208.PRG(288) Warning C1003  Ambiguous reference: 'FEVENTO'
RH208.PRG(293) Warning C1003  Ambiguous reference: 'XNIVEL'
RH208.PRG(295) Warning C1003  Ambiguous reference: 'XANOMES'
RH208.PRG(295) Warning C1004  Ambiguous reference, assuming memvar: 'FANOMES'
RH208.PRG(299) Warning C1003  Ambiguous reference: 'FCENTRO'
RH208.PRG(304) Warning C1003  Ambiguous reference: 'XNIVEL'
RH208.PRG(324) Warning C1001  RETURN statement with no value in function
RH208.PRG(345) Warning C1004  Ambiguous reference, assuming memvar: 'NTOTAL'
RH208.PRG(347) Warning C1003  Ambiguous reference: 'XANOMES'
RH208.PRG(348) Warning C1003  Ambiguous reference: 'XANOMES'
RH208.PRG(349) Warning C1004  Ambiguous reference, assuming memvar: 'NTOTAL'
RH208.PRG(349) Warning C1004  Ambiguous reference, assuming memvar: 'NTOTAL'
RH208.PRG(352) Warning C1001  RETURN statement with no value in function
125 warnings                
Code size 2922, Symbols 1408, Constants 918
