238K available
Compiling RH405.PRG
RH405.PRG(14)  Warning C1003  Ambiguous reference: 'ANOMES'
RH405.PRG(14)  Warning C1003  Ambiguous reference: 'XANOMES'
RH405.PRG(32)  Warning C1003  Ambiguous reference: 'COPCAO'
RH405.PRG(32)  Warning C1004  Ambiguous reference, assuming memvar: 'COPCAO'
RH405.PRG(34)  Warning C1003  Ambiguous reference: 'COPCAO'
RH405.PRG(34)  Warning C1003  Ambiguous reference: 'XUSRA'
RH405.PRG(36)  Warning C1003  Ambiguous reference: 'COPCAO'
RH405.PRG(41)  Warning C1003  Ambiguous reference: 'COPCAO'
RH405.PRG(61)  Warning C1003  Ambiguous reference: 'FBANCO'
RH405.PRG(61)  Warning C1003  Ambiguous reference: 'XNIVEL'
RH405.PRG(61)  Warning C1003  Ambiguous reference: 'XFLAG'
RH405.PRG(61)  Warning C1003  Ambiguous reference: 'FBANCO'
RH405.PRG(61)  Warning C1003  Ambiguous reference: 'XNIVEL'
RH405.PRG(61)  Warning C1003  Ambiguous reference: 'XNIVEL'
RH405.PRG(61)  Warning C1003  Ambiguous reference: 'COPCAO'
RH405.PRG(61)  Warning C1003  Ambiguous reference: 'XFLAG'
RH405.PRG(65)  Warning C1003  Ambiguous reference: 'COPCAO'
RH405.PRG(66)  Warning C1004  Ambiguous reference, assuming memvar: 'XNIVEL'
RH405.PRG(67)  Warning C1004  Ambiguous reference, assuming memvar: 'XNIVEL'
RH405.PRG(67)  Warning C1004  Ambiguous reference, assuming memvar: 'XNIVEL'
RH405.PRG(68)  Warning C1004  Ambiguous reference, assuming memvar: 'XNIVEL'
RH405.PRG(68)  Warning C1004  Ambiguous reference, assuming memvar: 'XNIVEL'
RH405.PRG(73)  Warning C1003  Ambiguous reference: 'COPCAO'
RH405.PRG(73)  Warning C1001  RETURN statement with no value in function
RH405.PRG(74)  Warning C1003  Ambiguous reference: 'COPCAO'
RH405.PRG(74)  Warning C1001  RETURN statement with no value in function
RH405.PRG(78)  Warning C1003  Ambiguous reference: 'FBANCO'
RH405.PRG(79)  Warning C1003  Ambiguous reference: 'FCOD_BANCO'
RH405.PRG(81)  Warning C1003  Ambiguous reference: 'COPCAO'
RH405.PRG(86)  Warning C1003  Ambiguous reference: 'COPCAO'
RH405.PRG(88)  Warning C1004  Ambiguous reference, assuming memvar: 'XNIVEL'
RH405.PRG(89)  Warning C1004  Ambiguous reference, assuming memvar: 'XFLAG'
RH405.PRG(93)  Warning C1003  Ambiguous reference: 'XNIVEL'
RH405.PRG(93)  Warning C1003  Ambiguous reference: 'XNIVEL'
RH405.PRG(94)  Warning C1003  Ambiguous reference: 'XNIVEL'
RH405.PRG(95)  Warning C1001  RETURN statement with no value in function
RH405.PRG(96)  Warning C1003  Ambiguous reference: 'XNIVEL'
RH405.PRG(97)  Warning C1003  Ambiguous reference: 'XFLAG'
RH405.PRG(97)  Warning C1004  Ambiguous reference, assuming memvar: 'XNIVEL'
RH405.PRG(97)  Warning C1004  Ambiguous reference, assuming memvar: 'XNIVEL'
RH405.PRG(97)  Warning C1004  Ambiguous reference, assuming memvar: 'XNIVEL'
RH405.PRG(97)  Warning C1004  Ambiguous reference, assuming memvar: 'XNIVEL'
RH405.PRG(102) Warning C1001  RETURN statement with no value in function
RH405.PRG(104) Warning C1003  Ambiguous reference: 'COPCAO'
RH405.PRG(116) Warning C1003  Ambiguous reference: 'COPCAO'
RH405.PRG(122) Warning C1003  Ambiguous reference: 'COPCAO'
RH405.PRG(124) Warning C1001  RETURN statement with no value in function
RH405.PRG(133) Warning C1003  Ambiguous reference: 'XFLAG'
RH405.PRG(137) Warning C1003  Ambiguous reference: 'FBANCO'
RH405.PRG(156) Warning C1001  RETURN statement with no value in function
RH405.PRG(166) Warning C1003  Ambiguous reference: 'XNIVEL'
RH405.PRG(166) Warning C1003  Ambiguous reference: 'XFLAG'
RH405.PRG(168) Warning C1004  Ambiguous reference, assuming memvar: 'SBLOCO1'
RH405.PRG(169) Warning C1004  Ambiguous reference, assuming memvar: 'SBLOCO2'
RH405.PRG(170) Warning C1004  Ambiguous reference, assuming memvar: 'SBLOCO3'
RH405.PRG(171) Warning C1004  Ambiguous reference, assuming memvar: 'SBLOCO4'
RH405.PRG(173) Warning C1004  Ambiguous reference, assuming memvar: 'AEDICAO'
RH405.PRG(178) Warning C1004  Ambiguous reference, assuming memvar: 'DDATAPG'
RH405.PRG(180) Warning C1004  Ambiguous reference, assuming memvar: 'NNUMARQ'
RH405.PRG(182) Warning C1004  Ambiguous reference, assuming memvar: 'NNUMPIB'
RH405.PRG(184) Warning C1004  Ambiguous reference, assuming memvar: 'LACHOU'
RH405.PRG(188) Warning C1003  Ambiguous reference: 'AEDICAO'
RH405.PRG(188) Warning C1003  Ambiguous reference: 'CTIPO'
RH405.PRG(188) Warning C1003  Ambiguous reference: 'SBLOCO1'
RH405.PRG(189) Warning C1003  Ambiguous reference: 'AEDICAO'
RH405.PRG(189) Warning C1003  Ambiguous reference: 'CMOD'
RH405.PRG(189) Warning C1003  Ambiguous reference: 'SBLOCO2'
RH405.PRG(190) Warning C1003  Ambiguous reference: 'AEDICAO'
RH405.PRG(190) Warning C1003  Ambiguous reference: 'CMESANO'
RH405.PRG(191) Warning C1003  Ambiguous reference: 'AEDICAO'
RH405.PRG(191) Warning C1003  Ambiguous reference: 'CAMBIENTE'
RH405.PRG(191) Warning C1003  Ambiguous reference: 'SBLOCO3'
RH405.PRG(192) Warning C1003  Ambiguous reference: 'AEDICAO'
RH405.PRG(192) Warning C1003  Ambiguous reference: 'CDRIVE'
RH405.PRG(192) Warning C1003  Ambiguous reference: 'SBLOCO4'
RH405.PRG(193) Warning C1003  Ambiguous reference: 'AEDICAO'
RH405.PRG(193) Warning C1003  Ambiguous reference: 'NNUMARQ'
RH405.PRG(194) Warning C1003  Ambiguous reference: 'AEDICAO'
RH405.PRG(194) Warning C1003  Ambiguous reference: 'DDATAPG'
RH405.PRG(195) Warning C1003  Ambiguous reference: 'AEDICAO'
RH405.PRG(195) Warning C1004  Ambiguous reference, assuming memvar: 'LCONF'
RH405.PRG(201) Warning C1004  Ambiguous reference, assuming memvar: 'CDRIVE'
RH405.PRG(202) Warning C1003  Ambiguous reference: 'XDATASYS'
RH405.PRG(202) Warning C1003  Ambiguous reference: 'XDATASYS'
RH405.PRG(202) Warning C1004  Ambiguous reference, assuming memvar: 'CMESANO'
RH405.PRG(203) Warning C1004  Ambiguous reference, assuming memvar: 'DDATAPG'
RH405.PRG(204) Warning C1004  Ambiguous reference, assuming memvar: 'XNIVEL'
RH405.PRG(208) Warning C1003  Ambiguous reference: 'XNIVEL'
RH405.PRG(208) Warning C1003  Ambiguous reference: 'XNIVEL'
RH405.PRG(208) Warning C1003  Ambiguous reference: 'AEDICAO'
RH405.PRG(209) Warning C1004  Ambiguous reference, assuming memvar: 'AEDICAO'
RH405.PRG(209) Warning C1003  Ambiguous reference: 'XNIVEL'
RH405.PRG(210) Warning C1001  RETURN statement with no value in function
RH405.PRG(211) Warning C1004  Ambiguous reference, assuming memvar: 'AEDICAO'
RH405.PRG(211) Warning C1003  Ambiguous reference: 'XNIVEL'
RH405.PRG(212) Warning C1003  Ambiguous reference: 'XFLAG'
RH405.PRG(212) Warning C1004  Ambiguous reference, assuming memvar: 'XNIVEL'
RH405.PRG(212) Warning C1004  Ambiguous reference, assuming memvar: 'XNIVEL'
RH405.PRG(212) Warning C1004  Ambiguous reference, assuming memvar: 'XNIVEL'
RH405.PRG(212) Warning C1004  Ambiguous reference, assuming memvar: 'XNIVEL'
RH405.PRG(215) Warning C1003  Ambiguous reference: 'LCONF'
RH405.PRG(221) Warning C1001  RETURN statement with no value in function
RH405.PRG(229) Warning C1003  Ambiguous reference: 'CTIPO'
RH405.PRG(230) Warning C1003  Ambiguous reference: 'XNIVEL'
RH405.PRG(230) Warning C1003  Ambiguous reference: 'CTIPO'
RH405.PRG(232) Warning C1003  Ambiguous reference: 'CMOD'
RH405.PRG(233) Warning C1003  Ambiguous reference: 'XNIVEL'
RH405.PRG(233) Warning C1003  Ambiguous reference: 'CMOD'
RH405.PRG(235) Warning C1003  Ambiguous reference: 'CMESANO'
RH405.PRG(236) Warning C1003  Ambiguous reference: 'CMESANO'
RH405.PRG(245) Warning C1003  Ambiguous reference: 'DDATAPG'
RH405.PRG(250) Warning C1003  Ambiguous reference: 'XNIVEL'
RH405.PRG(250) Warning C1003  Ambiguous reference: 'CAMBIENTE'
RH405.PRG(252) Warning C1003  Ambiguous reference: 'XNIVEL'
RH405.PRG(252) Warning C1003  Ambiguous reference: 'CDRIVE'
RH405.PRG(252) Warning C1004  Ambiguous reference, assuming memvar: 'CDRIVE'
RH405.PRG(253) Warning C1003  Ambiguous reference: 'CTIPO'
RH405.PRG(254) Warning C1004  Ambiguous reference, assuming memvar: 'XNIVEL'
RH405.PRG(254) Warning C1004  Ambiguous reference, assuming memvar: 'XNIVEL'
RH405.PRG(264) Warning C1004  Ambiguous reference, assuming memvar: 'NTIPO2'
RH405.PRG(265) Warning C1004  Ambiguous reference, assuming memvar: 'NMOD6'
RH405.PRG(265) Warning C1004  Ambiguous reference, assuming memvar: 'NMOD5'
RH405.PRG(265) Warning C1004  Ambiguous reference, assuming memvar: 'NMOD4'
RH405.PRG(265) Warning C1004  Ambiguous reference, assuming memvar: 'NMOD3'
RH405.PRG(265) Warning C1004  Ambiguous reference, assuming memvar: 'NMOD2'
RH405.PRG(267) Warning C1003  Ambiguous reference: 'CMESANO'
RH405.PRG(267) Warning C1003  Ambiguous reference: 'CMESANO'
RH405.PRG(267) Warning C1004  Ambiguous reference, assuming memvar: 'CANOMES'
RH405.PRG(271) Warning C1003  Ambiguous reference: 'XDRV_RH'
RH405.PRG(273) Warning C1001  RETURN statement with no value in function
RH405.PRG(281) Warning C1003  Ambiguous reference: 'XRAZAO'
RH405.PRG(283) Warning C1003  Ambiguous reference: 'NNUMPIB'
RH405.PRG(294) Warning C1003  Ambiguous reference: 'CMOD'
RH405.PRG(299) Warning C1003  Ambiguous reference: 'CTIPO'
RH405.PRG(300) Warning C1003  Ambiguous reference: 'CANOMES'
RH405.PRG(303) Warning C1003  Ambiguous reference: 'CAMBIENTE'
RH405.PRG(305) Warning C1003  Ambiguous reference: 'CAMBIENTE'
RH405.PRG(307) Warning C1003  Ambiguous reference: 'CAMBIENTE'
RH405.PRG(309) Warning C1003  Ambiguous reference: 'CAMBIENTE'
RH405.PRG(324) Warning C1003  Ambiguous reference: 'CTIPO'
RH405.PRG(328) Warning C1003  Ambiguous reference: 'CMESANO'
RH405.PRG(328) Warning C1003  Ambiguous reference: 'CMESANO'
RH405.PRG(329) Warning C1003  Ambiguous reference: 'DDATAPG'
RH405.PRG(340) Warning C1003  Ambiguous reference: 'CTIPO'
RH405.PRG(347) Warning C1004  Ambiguous reference, assuming memvar: 'NMOD3'
RH405.PRG(347) Warning C1004  Ambiguous reference, assuming memvar: 'NMOD3'
RH405.PRG(349) Warning C1004  Ambiguous reference, assuming memvar: 'NMOD4'
RH405.PRG(349) Warning C1004  Ambiguous reference, assuming memvar: 'NMOD4'
RH405.PRG(351) Warning C1004  Ambiguous reference, assuming memvar: 'NMOD5'
RH405.PRG(351) Warning C1004  Ambiguous reference, assuming memvar: 'NMOD5'
RH405.PRG(354) Warning C1004  Ambiguous reference, assuming memvar: 'NTIPO2'
RH405.PRG(354) Warning C1004  Ambiguous reference, assuming memvar: 'NTIPO2'
RH405.PRG(365) Warning C1003  Ambiguous reference: 'NTIPO2'
RH405.PRG(366) Warning C1003  Ambiguous reference: 'NMOD2'
RH405.PRG(366) Warning C1003  Ambiguous reference: 'NMOD3'
RH405.PRG(367) Warning C1003  Ambiguous reference: 'NMOD4'
RH405.PRG(367) Warning C1003  Ambiguous reference: 'NMOD5'
RH405.PRG(368) Warning C1003  Ambiguous reference: 'NMOD6'
RH405.PRG(380) Warning C1003  Ambiguous reference: 'NNUMPIB'
RH405.PRG(384) Warning C1003  Ambiguous reference: 'CDRIVE'
RH405.PRG(385) Warning C1003  Ambiguous reference: 'CDRIVE'
RH405.PRG(385) Warning C1003  Ambiguous reference: 'NNUMARQ'
RH405.PRG(385) Warning C1004  Ambiguous reference, assuming memvar: 'CNOMARQ'
RH405.PRG(387) Warning C1003  Ambiguous reference: 'XDRV_RHX'
RH405.PRG(387) Warning C1003  Ambiguous reference: 'NNUMARQ'
RH405.PRG(387) Warning C1004  Ambiguous reference, assuming memvar: 'CNOMARQ'
RH405.PRG(392) Warning C1003  Ambiguous reference: 'CNOMARQ'
RH405.PRG(396) Warning C1001  RETURN statement with no value in function
RH405.PRG(407) Warning C1003  Ambiguous reference: 'XNIVEL'
RH405.PRG(407) Warning C1003  Ambiguous reference: 'XFLAG'
RH405.PRG(409) Warning C1004  Ambiguous reference, assuming memvar: 'SBLOCO1'
RH405.PRG(410) Warning C1004  Ambiguous reference, assuming memvar: 'SBLOCO2'
RH405.PRG(411) Warning C1004  Ambiguous reference, assuming memvar: 'SBLOCO3'
RH405.PRG(412) Warning C1004  Ambiguous reference, assuming memvar: 'SBLOCO4'
RH405.PRG(414) Warning C1004  Ambiguous reference, assuming memvar: 'AEDICAO'
RH405.PRG(421) Warning C1004  Ambiguous reference, assuming memvar: 'NNUMARQ'
RH405.PRG(423) Warning C1004  Ambiguous reference, assuming memvar: 'LACHOU'
RH405.PRG(430) Warning C1003  Ambiguous reference: 'AEDICAO'
RH405.PRG(430) Warning C1003  Ambiguous reference: 'CCODIGO'
RH405.PRG(431) Warning C1003  Ambiguous reference: 'AEDICAO'
RH405.PRG(431) Warning C1003  Ambiguous reference: 'CAMBIENTE'
RH405.PRG(431) Warning C1003  Ambiguous reference: 'SBLOCO3'
RH405.PRG(432) Warning C1003  Ambiguous reference: 'AEDICAO'
RH405.PRG(432) Warning C1003  Ambiguous reference: 'CTIPO'
RH405.PRG(432) Warning C1003  Ambiguous reference: 'SBLOCO1'
RH405.PRG(433) Warning C1003  Ambiguous reference: 'AEDICAO'
RH405.PRG(433) Warning C1003  Ambiguous reference: 'CCENTRO'
RH405.PRG(434) Warning C1003  Ambiguous reference: 'AEDICAO'
RH405.PRG(435) Warning C1003  Ambiguous reference: 'AEDICAO'
RH405.PRG(435) Warning C1003  Ambiguous reference: 'CCOD_SIND'
RH405.PRG(436) Warning C1003  Ambiguous reference: 'AEDICAO'
RH405.PRG(437) Warning C1003  Ambiguous reference: 'AEDICAO'
RH405.PRG(437) Warning C1003  Ambiguous reference: 'CDT_PGTO'
RH405.PRG(438) Warning C1003  Ambiguous reference: 'AEDICAO'
RH405.PRG(438) Warning C1003  Ambiguous reference: 'CTESTE'
RH405.PRG(438) Warning C1003  Ambiguous reference: 'SBLOCO4'
RH405.PRG(439) Warning C1003  Ambiguous reference: 'AEDICAO'
RH405.PRG(439) Warning C1003  Ambiguous reference: 'CDRIVE'
RH405.PRG(439) Warning C1003  Ambiguous reference: 'SBLOCO2'
RH405.PRG(440) Warning C1003  Ambiguous reference: 'AEDICAO'
RH405.PRG(440) Warning C1003  Ambiguous reference: 'CCAMINHO'
RH405.PRG(441) Warning C1003  Ambiguous reference: 'AEDICAO'
RH405.PRG(441) Warning C1003  Ambiguous reference: 'CNOMARQ'
RH405.PRG(442) Warning C1003  Ambiguous reference: 'AEDICAO'
RH405.PRG(442) Warning C1004  Ambiguous reference, assuming memvar: 'LCONF'
RH405.PRG(448) Warning C1004  Ambiguous reference, assuming memvar: 'CDRIVE'
RH405.PRG(449) Warning C1004  Ambiguous reference, assuming memvar: 'CDT_PGTO'
RH405.PRG(450) Warning C1004  Ambiguous reference, assuming memvar: 'CCODIGO'
RH405.PRG(451) Warning C1004  Ambiguous reference, assuming memvar: 'CCENTRO'
RH405.PRG(452) Warning C1004  Ambiguous reference, assuming memvar: 'CCOD_SIND'
RH405.PRG(453) Warning C1004  Ambiguous reference, assuming memvar: 'CAMBIENTE'
RH405.PRG(454) Warning C1004  Ambiguous reference, assuming memvar: 'XNIVEL'
RH405.PRG(455) Warning C1004  Ambiguous reference, assuming memvar: 'CANOMES'
RH405.PRG(456) Warning C1004  Ambiguous reference, assuming memvar: 'CCAMINHO'
RH405.PRG(460) Warning C1003  Ambiguous reference: 'XNIVEL'
RH405.PRG(460) Warning C1003  Ambiguous reference: 'XNIVEL'
RH405.PRG(460) Warning C1003  Ambiguous reference: 'AEDICAO'
RH405.PRG(461) Warning C1004  Ambiguous reference, assuming memvar: 'AEDICAO'
RH405.PRG(461) Warning C1003  Ambiguous reference: 'XNIVEL'
RH405.PRG(462) Warning C1001  RETURN statement with no value in function
RH405.PRG(463) Warning C1004  Ambiguous reference, assuming memvar: 'AEDICAO'
RH405.PRG(463) Warning C1003  Ambiguous reference: 'XNIVEL'
RH405.PRG(464) Warning C1003  Ambiguous reference: 'XFLAG'
RH405.PRG(464) Warning C1004  Ambiguous reference, assuming memvar: 'XNIVEL'
RH405.PRG(464) Warning C1004  Ambiguous reference, assuming memvar: 'XNIVEL'
RH405.PRG(464) Warning C1004  Ambiguous reference, assuming memvar: 'XNIVEL'
RH405.PRG(464) Warning C1004  Ambiguous reference, assuming memvar: 'XNIVEL'
RH405.PRG(467) Warning C1003  Ambiguous reference: 'LCONF'
RH405.PRG(479) Warning C1001  RETURN statement with no value in function
RH405.PRG(488) Warning C1003  Ambiguous reference: 'XNIVEL'
RH405.PRG(488) Warning C1003  Ambiguous reference: 'CAMBIENTE'
RH405.PRG(491) Warning C1003  Ambiguous reference: 'CTIPO'
RH405.PRG(492) Warning C1003  Ambiguous reference: 'XNIVEL'
RH405.PRG(492) Warning C1003  Ambiguous reference: 'CTIPO'
RH405.PRG(495) Warning C1003  Ambiguous reference: 'CDT_PGTO'
RH405.PRG(499) Warning C1003  Ambiguous reference: 'CDT_PGTO'
RH405.PRG(499) Warning C1004  Ambiguous reference, assuming memvar: 'CANOMES'
RH405.PRG(502) Warning C1003  Ambiguous reference: 'XNIVEL'
RH405.PRG(502) Warning C1003  Ambiguous reference: 'CDRIVE'
RH405.PRG(502) Warning C1004  Ambiguous reference, assuming memvar: 'CDRIVE'
RH405.PRG(505) Warning C1003  Ambiguous reference: 'XNIVEL'
RH405.PRG(505) Warning C1003  Ambiguous reference: 'CTESTE'
RH405.PRG(505) Warning C1004  Ambiguous reference, assuming memvar: 'CTESTE'
RH405.PRG(506) Warning C1003  Ambiguous reference: 'CTESTE'
RH405.PRG(507) Warning C1004  Ambiguous reference, assuming memvar: 'CNOMARQ'
RH405.PRG(509) Warning C1004  Ambiguous reference, assuming memvar: 'CNOMARQ'
RH405.PRG(514) Warning C1003  Ambiguous reference: 'CCENTRO'
RH405.PRG(515) Warning C1003  Ambiguous reference: 'XNIVEL'
RH405.PRG(523) Warning C1003  Ambiguous reference: 'CCOD_SIND'
RH405.PRG(524) Warning C1003  Ambiguous reference: 'CCOD_SIND'
RH405.PRG(525) Warning C1003  Ambiguous reference: 'XNIVEL'
RH405.PRG(547) Warning C1004  Ambiguous reference, assuming memvar: 'CCEF'
RH405.PRG(548) Warning C1004  Ambiguous reference, assuming memvar: 'CCEF'
RH405.PRG(548) Warning C1004  Ambiguous reference, assuming memvar: 'CCEF'
RH405.PRG(549) Warning C1004  Ambiguous reference, assuming memvar: 'CCEF'
RH405.PRG(549) Warning C1004  Ambiguous reference, assuming memvar: 'CCEF'
RH405.PRG(550) Warning C1004  Ambiguous reference, assuming memvar: 'CCEF'
RH405.PRG(550) Warning C1004  Ambiguous reference, assuming memvar: 'CCEF'
RH405.PRG(551) Warning C1004  Ambiguous reference, assuming memvar: 'CCEF'
RH405.PRG(551) Warning C1003  Ambiguous reference: 'NCNPJ'
RH405.PRG(551) Warning C1004  Ambiguous reference, assuming memvar: 'CCEF'
RH405.PRG(552) Warning C1004  Ambiguous reference, assuming memvar: 'CCEF'
RH405.PRG(552) Warning C1003  Ambiguous reference: 'CCNPJ'
RH405.PRG(552) Warning C1004  Ambiguous reference, assuming memvar: 'CCEF'
RH405.PRG(553) Warning C1004  Ambiguous reference, assuming memvar: 'CCEF'
RH405.PRG(553) Warning C1003  Ambiguous reference: 'CCONVENIOBANCO'
RH405.PRG(553) Warning C1004  Ambiguous reference, assuming memvar: 'CCEF'
RH405.PRG(554) Warning C1004  Ambiguous reference, assuming memvar: 'CCEF'
RH405.PRG(554) Warning C1003  Ambiguous reference: 'CTRANSMISSAO'
RH405.PRG(554) Warning C1004  Ambiguous reference, assuming memvar: 'CCEF'
RH405.PRG(555) Warning C1004  Ambiguous reference, assuming memvar: 'CCEF'
RH405.PRG(555) Warning C1003  Ambiguous reference: 'CAMBIENTE'
RH405.PRG(555) Warning C1004  Ambiguous reference, assuming memvar: 'CCEF'
RH405.PRG(556) Warning C1004  Ambiguous reference, assuming memvar: 'CCEF'
RH405.PRG(556) Warning C1004  Ambiguous reference, assuming memvar: 'CCEF'
RH405.PRG(557) Warning C1004  Ambiguous reference, assuming memvar: 'CCEF'
RH405.PRG(557) Warning C1004  Ambiguous reference, assuming memvar: 'CCEF'
RH405.PRG(558) Warning C1004  Ambiguous reference, assuming memvar: 'CCEF'
RH405.PRG(558) Warning C1004  Ambiguous reference, assuming memvar: 'CCEF'
RH405.PRG(559) Warning C1004  Ambiguous reference, assuming memvar: 'CCEF'
RH405.PRG(559) Warning C1004  Ambiguous reference, assuming memvar: 'CCEF'
RH405.PRG(560) Warning C1004  Ambiguous reference, assuming memvar: 'CCEF'
RH405.PRG(560) Warning C1003  Ambiguous reference: 'CAGENCIACC'
RH405.PRG(560) Warning C1004  Ambiguous reference, assuming memvar: 'CCEF'
RH405.PRG(561) Warning C1004  Ambiguous reference, assuming memvar: 'CCEF'
RH405.PRG(561) Warning C1003  Ambiguous reference: 'CDVAGENCIA'
RH405.PRG(561) Warning C1004  Ambiguous reference, assuming memvar: 'CCEF'
RH405.PRG(562) Warning C1004  Ambiguous reference, assuming memvar: 'CCEF'
RH405.PRG(562) Warning C1003  Ambiguous reference: 'COPER'
RH405.PRG(562) Warning C1003  Ambiguous reference: 'CCONTA'
RH405.PRG(562) Warning C1004  Ambiguous reference, assuming memvar: 'CCEF'
RH405.PRG(563) Warning C1004  Ambiguous reference, assuming memvar: 'CCEF'
RH405.PRG(563) Warning C1003  Ambiguous reference: 'CDVCONTA'
RH405.PRG(563) Warning C1004  Ambiguous reference, assuming memvar: 'CCEF'
RH405.PRG(564) Warning C1004  Ambiguous reference, assuming memvar: 'CCEF'
RH405.PRG(564) Warning C1003  Ambiguous reference: 'CDVAGCONTA'
RH405.PRG(564) Warning C1004  Ambiguous reference, assuming memvar: 'CCEF'
RH405.PRG(565) Warning C1004  Ambiguous reference, assuming memvar: 'CCEF'
RH405.PRG(565) Warning C1003  Ambiguous reference: 'CEMPRESA'
RH405.PRG(565) Warning C1004  Ambiguous reference, assuming memvar: 'CCEF'
RH405.PRG(566) Warning C1004  Ambiguous reference, assuming memvar: 'CCEF'
RH405.PRG(566) Warning C1003  Ambiguous reference: 'CBANCO'
RH405.PRG(566) Warning C1004  Ambiguous reference, assuming memvar: 'CCEF'
RH405.PRG(567) Warning C1004  Ambiguous reference, assuming memvar: 'CCEF'
RH405.PRG(567) Warning C1004  Ambiguous reference, assuming memvar: 'CCEF'
RH405.PRG(568) Warning C1004  Ambiguous reference, assuming memvar: 'CCEF'
RH405.PRG(568) Warning C1004  Ambiguous reference, assuming memvar: 'CCEF'
RH405.PRG(569) Warning C1004  Ambiguous reference, assuming memvar: 'CCEF'
RH405.PRG(569) Warning C1003  Ambiguous reference: 'CDATAGER'
RH405.PRG(569) Warning C1004  Ambiguous reference, assuming memvar: 'CCEF'
RH405.PRG(570) Warning C1004  Ambiguous reference, assuming memvar: 'CCEF'
RH405.PRG(570) Warning C1003  Ambiguous reference: 'CHORAGER'
RH405.PRG(570) Warning C1004  Ambiguous reference, assuming memvar: 'CCEF'
RH405.PRG(571) Warning C1004  Ambiguous reference, assuming memvar: 'CCEF'
RH405.PRG(571) Warning C1003  Ambiguous reference: 'NSEQUENCIA'
RH405.PRG(571) Warning C1004  Ambiguous reference, assuming memvar: 'CCEF'
RH405.PRG(572) Warning C1004  Ambiguous reference, assuming memvar: 'CCEF'
RH405.PRG(572) Warning C1004  Ambiguous reference, assuming memvar: 'CCEF'
RH405.PRG(573) Warning C1004  Ambiguous reference, assuming memvar: 'CCEF'
RH405.PRG(573) Warning C1004  Ambiguous reference, assuming memvar: 'CCEF'
RH405.PRG(574) Warning C1004  Ambiguous reference, assuming memvar: 'CCEF'
RH405.PRG(574) Warning C1004  Ambiguous reference, assuming memvar: 'CCEF'
RH405.PRG(575) Warning C1004  Ambiguous reference, assuming memvar: 'CCEF'
RH405.PRG(575) Warning C1004  Ambiguous reference, assuming memvar: 'CCEF'
RH405.PRG(576) Warning C1004  Ambiguous reference, assuming memvar: 'CCEF'
RH405.PRG(576) Warning C1004  Ambiguous reference, assuming memvar: 'CCEF'
RH405.PRG(577) Warning C1004  Ambiguous reference, assuming memvar: 'CCEF'
RH405.PRG(577) Warning C1004  Ambiguous reference, assuming memvar: 'CCEF'
RH405.PRG(578) Warning C1004  Ambiguous reference, assuming memvar: 'CCEF'
RH405.PRG(578) Warning C1004  Ambiguous reference, assuming memvar: 'CCEF'
RH405.PRG(579) Warning C1004  Ambiguous reference, assuming memvar: 'CCEF'
RH405.PRG(579) Warning C1004  Ambiguous reference, assuming memvar: 'CCEF'
RH405.PRG(580) Warning C1004  Ambiguous reference, assuming memvar: 'CCEF'
RH405.PRG(580) Warning C1004  Ambiguous reference, assuming memvar: 'CCEF'
RH405.PRG(585) Warning C1004  Ambiguous reference, assuming memvar: 'CCEF'
RH405.PRG(586) Warning C1004  Ambiguous reference, assuming memvar: 'CCEF'
RH405.PRG(586) Warning C1003  Ambiguous reference: 'CLOTE'
RH405.PRG(586) Warning C1004  Ambiguous reference, assuming memvar: 'CCEF'
RH405.PRG(587) Warning C1004  Ambiguous reference, assuming memvar: 'CCEF'
RH405.PRG(587) Warning C1004  Ambiguous reference, assuming memvar: 'CCEF'
RH405.PRG(588) Warning C1004  Ambiguous reference, assuming memvar: 'CCEF'
RH405.PRG(588) Warning C1004  Ambiguous reference, assuming memvar: 'CCEF'
RH405.PRG(589) Warning C1004  Ambiguous reference, assuming memvar: 'CCEF'
RH405.PRG(589) Warning C1004  Ambiguous reference, assuming memvar: 'CCEF'
RH405.PRG(590) Warning C1004  Ambiguous reference, assuming memvar: 'CCEF'
RH405.PRG(590) Warning C1004  Ambiguous reference, assuming memvar: 'CCEF'
RH405.PRG(591) Warning C1004  Ambiguous reference, assuming memvar: 'CCEF'
RH405.PRG(591) Warning C1004  Ambiguous reference, assuming memvar: 'CCEF'
RH405.PRG(599) Warning C1001  RETURN statement with no value in function
RH405.PRG(603) Warning C1004  Ambiguous reference, assuming memvar: 'NTIPO2'
RH405.PRG(604) Warning C1004  Ambiguous reference, assuming memvar: 'NTOTAL'
RH405.PRG(604) Warning C1004  Ambiguous reference, assuming memvar: 'NMOD6'
RH405.PRG(604) Warning C1004  Ambiguous reference, assuming memvar: 'NMOD5'
RH405.PRG(604) Warning C1004  Ambiguous reference, assuming memvar: 'NMOD4'
RH405.PRG(604) Warning C1004  Ambiguous reference, assuming memvar: 'NMOD3'
RH405.PRG(604) Warning C1004  Ambiguous reference, assuming memvar: 'NMOD2'
RH405.PRG(608) Warning C1003  Ambiguous reference: 'XDRV_RH'
RH405.PRG(610) Warning C1001  RETURN statement with no value in function
RH405.PRG(619) Warning C1003  Ambiguous reference: 'CCODIGO'
RH405.PRG(637) Warning C1003  Ambiguous reference: 'CCOD_SIND'
RH405.PRG(639) Warning C1003  Ambiguous reference: 'CCENTRO'
RH405.PRG(645) Warning C1003  Ambiguous reference: 'CCENTRO'
RH405.PRG(645) Warning C1003  Ambiguous reference: 'CCOD_SIND'
RH405.PRG(651) Warning C1003  Ambiguous reference: 'XANOMES'
RH405.PRG(655) Warning C1003  Ambiguous reference: 'CAMBIENTE'
RH405.PRG(657) Warning C1003  Ambiguous reference: 'CAMBIENTE'
RH405.PRG(659) Warning C1003  Ambiguous reference: 'CAMBIENTE'
RH405.PRG(661) Warning C1003  Ambiguous reference: 'CAMBIENTE'
RH405.PRG(676) Warning C1003  Ambiguous reference: 'CCODIGO'
RH405.PRG(676) Warning C1003  Ambiguous reference: 'CTIPO'
RH405.PRG(677) Warning C1003  Ambiguous reference: 'CDT_PGTO'
RH405.PRG(679) Warning C1003  Ambiguous reference: 'CCODIGO'
RH405.PRG(679) Warning C1003  Ambiguous reference: 'CTIPO'
RH405.PRG(680) Warning C1003  Ambiguous reference: 'CDT_PGTO'
RH405.PRG(687) Warning C1003  Ambiguous reference: 'NTOTAL'
RH405.PRG(687) Warning C1004  Ambiguous reference, assuming memvar: 'NTOTAL'
RH405.PRG(697) Warning C1003  Ambiguous reference: 'CCODIGO'
RH405.PRG(697) Warning C1003  Ambiguous reference: 'NTOTAL'
RH405.PRG(708) Warning C1003  Ambiguous reference: 'CTESTE'
RH405.PRG(710) Warning C1003  Ambiguous reference: 'CDRIVE'
RH405.PRG(710) Warning C1003  Ambiguous reference: 'CCAMINHO'
RH405.PRG(710) Warning C1003  Ambiguous reference: 'CNOMARQ'
RH405.PRG(710) Warning C1004  Ambiguous reference, assuming memvar: 'CNOMARQ'
RH405.PRG(714) Warning C1003  Ambiguous reference: 'CDRIVE'
RH405.PRG(714) Warning C1003  Ambiguous reference: 'CCAMINHO'
RH405.PRG(714) Warning C1003  Ambiguous reference: 'CNOMARQ'
RH405.PRG(714) Warning C1004  Ambiguous reference, assuming memvar: 'CNOMARQ'
RH405.PRG(720) Warning C1003  Ambiguous reference: 'CNOMARQ'
RH405.PRG(724) Warning C1001  RETURN statement with no value in function
389 warnings                
Code size 7346, Symbols 2368, Constants 2142
