238K available
Compiling RH401.PRG
RH401.PRG(16)  Warning C1003  Ambiguous reference: 'XANOMES'
RH401.PRG(16)  Warning C1004  Ambiguous reference, assuming memvar: 'CANOMES'
RH401.PRG(22)  Warning C1004  Ambiguous reference, assuming memvar: 'AFORMULAS'
RH401.PRG(30)  Warning C1004  Ambiguous reference, assuming memvar: 'CAUTO_MS'
RH401.PRG(41)  Warning C1003  Ambiguous reference: 'XPROG'
RH401.PRG(49)  Warning C1004  Ambiguous reference, assuming memvar: 'CMATRICULA'
RH401.PRG(50)  Warning C1004  Ambiguous reference, assuming memvar: 'CCENTRO'
RH401.PRG(51)  Warning C1004  Ambiguous reference, assuming memvar: 'CFILIAL'
RH401.PRG(52)  Warning C1004  Ambiguous reference, assuming memvar: 'CGRUPO'
RH401.PRG(54)  Warning C1004  Ambiguous reference, assuming memvar: 'CAMBIENTE'
RH401.PRG(57)  Warning C1003  Ambiguous reference: 'CAMBIENTE'
RH401.PRG(58)  Warning C1003  Ambiguous reference: 'CAMBIENTE'
RH401.PRG(59)  Warning C1003  Ambiguous reference: 'CAMBIENTE'
RH401.PRG(60)  Warning C1003  Ambiguous reference: 'CAMBIENTE'
RH401.PRG(61)  Warning C1003  Ambiguous reference: 'CAMBIENTE'
RH401.PRG(69)  Warning C1004  Ambiguous reference, assuming memvar: 'CFIM'
RH401.PRG(70)  Warning C1003  Ambiguous reference: 'CCENTRO'
RH401.PRG(71)  Warning C1004  Ambiguous reference, assuming memvar: 'CFIM'
RH401.PRG(72)  Warning C1003  Ambiguous reference: 'CCENTRO'
RH401.PRG(73)  Warning C1003  Ambiguous reference: 'CCENTRO'
RH401.PRG(77)  Warning C1003  Ambiguous reference: 'CCENTRO'
RH401.PRG(87)  Warning C1003  Ambiguous reference: 'CFILIAL'
RH401.PRG(88)  Warning C1004  Ambiguous reference, assuming memvar: 'CFIM'
RH401.PRG(89)  Warning C1003  Ambiguous reference: 'CFILIAL'
RH401.PRG(90)  Warning C1003  Ambiguous reference: 'CFILIAL'
RH401.PRG(101) Warning C1003  Ambiguous reference: 'CGRUPO'
RH401.PRG(102) Warning C1004  Ambiguous reference, assuming memvar: 'CFIM'
RH401.PRG(103) Warning C1003  Ambiguous reference: 'CGRUPO'
RH401.PRG(104) Warning C1003  Ambiguous reference: 'CGRUPO'
RH401.PRG(117) Warning C1003  Ambiguous reference: 'CFIM'
RH401.PRG(122) Warning C1003  Ambiguous reference: 'XPROG'
RH401.PRG(123) Warning C1003  Ambiguous reference: 'ANOMES'
RH401.PRG(123) Warning C1003  Ambiguous reference: 'CANOMES'
RH401.PRG(124) Warning C1003  Ambiguous reference: 'MATRICULA'
RH401.PRG(124) Warning C1003  Ambiguous reference: 'CANOMES'
RH401.PRG(125) Warning C1003  Ambiguous reference: 'EVENTO'
RH401.PRG(128) Warning C1003  Ambiguous reference: 'ANOMES'
RH401.PRG(128) Warning C1003  Ambiguous reference: 'CANOMES'
RH401.PRG(136) Warning C1003  Ambiguous reference: 'CCENTRO'
RH401.PRG(141) Warning C1003  Ambiguous reference: 'CCENTRO'
RH401.PRG(142) Warning C1003  Ambiguous reference: 'CFILIAL'
RH401.PRG(144) Warning C1003  Ambiguous reference: 'CFILIAL'
RH401.PRG(153) Warning C1003  Ambiguous reference: 'CMATRICULA'
RH401.PRG(154) Warning C1004  Ambiguous reference, assuming memvar: 'CMACROLOOP'
RH401.PRG(155) Warning C1003  Ambiguous reference: 'CCENTRO'
RH401.PRG(158) Warning C1004  Ambiguous reference, assuming memvar: 'CMACROLOOP'
RH401.PRG(159) Warning C1003  Ambiguous reference: 'CFILIAL'
RH401.PRG(160) Warning C1004  Ambiguous reference, assuming memvar: 'CMACROLOOP'
RH401.PRG(161) Warning C1003  Ambiguous reference: 'CGRUPO'
RH401.PRG(162) Warning C1004  Ambiguous reference, assuming memvar: 'CMACROLOOP'
RH401.PRG(163) Warning C1003  Ambiguous reference: 'CGRUPO'
RH401.PRG(165) Warning C1004  Ambiguous reference, assuming memvar: 'CMACROLOOP'
RH401.PRG(185) Warning C1003  Ambiguous reference: 'XPROG'
RH401.PRG(186) Warning C1004  Ambiguous reference, assuming memvar: 'CGRUPO'
RH401.PRG(187) Warning C1004  Ambiguous reference, assuming memvar: 'CMACROLOOP'
RH401.PRG(208) Warning C1004  Ambiguous reference, assuming memvar: 'M_REG_ATUAL'
RH401.PRG(209) Warning C1004  Ambiguous reference, assuming memvar: 'M_QUANT_REG'
RH401.PRG(210) Warning C1004  Ambiguous reference, assuming memvar: 'M_TEMPO'
RH401.PRG(212) Warning C1003  Ambiguous reference: 'XANOMES'
RH401.PRG(216) Warning C1004  Ambiguous reference, assuming memvar: 'CMACROLOOP'
RH401.PRG(218) Warning C1003  Ambiguous reference: 'CGRUPO'
RH401.PRG(245) Warning C1003  Ambiguous reference: 'CAMBIENTE'
RH401.PRG(245) Warning C1003  Ambiguous reference: 'XDATASYS'
RH401.PRG(247) Warning C1003  Ambiguous reference: 'CGRUPO'
RH401.PRG(255) Warning C1003  Ambiguous reference: 'CGRUPO'
RH401.PRG(261) Warning C1003  Ambiguous reference: 'XDATASYS'
RH401.PRG(263) Warning C1003  Ambiguous reference: 'CGRUPO'
RH401.PRG(269) Warning C1003  Ambiguous reference: 'CAMBIENTE'
RH401.PRG(271) Warning C1003  Ambiguous reference: 'CGRUPO'
RH401.PRG(279) Warning C1003  Ambiguous reference: 'XPROG'
RH401.PRG(283) Warning C1004  Ambiguous reference, assuming memvar: 'CMATRICULA'
RH401.PRG(285) Warning C1003  Ambiguous reference: 'XPROG'
RH401.PRG(297) Warning C1003  Ambiguous reference: 'CANOMES'
RH401.PRG(309) Warning C1003  Ambiguous reference: 'CGRUPO'
RH401.PRG(317) Warning C1003  Ambiguous reference: 'CAMBIENTE'
RH401.PRG(317) Warning C1003  Ambiguous reference: 'CAMBIENTE'
RH401.PRG(323) Warning C1003  Ambiguous reference: 'CANOMES'
RH401.PRG(323) Warning C1003  Ambiguous reference: 'CAMBIENTE'
RH401.PRG(324) Warning C1004  Ambiguous reference, assuming memvar: 'AEVENT_FUNC'
RH401.PRG(326) Warning C1003  Ambiguous reference: 'CANOMES'
RH401.PRG(326) Warning C1003  Ambiguous reference: 'CAMBIENTE'
RH401.PRG(327) Warning C1003  Ambiguous reference: 'AEVENT_FUNC'
RH401.PRG(331) Warning C1003  Ambiguous reference: 'AEVENT_FUNC'
RH401.PRG(339) Warning C1003  Ambiguous reference: 'AEVENT_FUNC'
RH401.PRG(341) Warning C1004  Ambiguous reference, assuming memvar: 'AEVENT_FUNC'
RH401.PRG(348) Warning C1003  Ambiguous reference: 'XPROG'
RH401.PRG(370) Warning C1004  Ambiguous reference, assuming memvar: 'NTOTFRA'
RH401.PRG(371) Warning C1004  Ambiguous reference, assuming memvar: 'NTOTVAL'
RH401.PRG(372) Warning C1004  Ambiguous reference, assuming memvar: 'NTOTN1'
RH401.PRG(373) Warning C1004  Ambiguous reference, assuming memvar: 'NTOTN2'
RH401.PRG(375) Warning C1003  Ambiguous reference: 'CANOMES'
RH401.PRG(377) Warning C1003  Ambiguous reference: 'CANOMES'
RH401.PRG(379) Warning C1003  Ambiguous reference: 'ANOMES'
RH401.PRG(379) Warning C1003  Ambiguous reference: 'CANOMES'
RH401.PRG(380) Warning C1003  Ambiguous reference: 'CANOMES'
RH401.PRG(381) Warning C1004  Ambiguous reference, assuming memvar: 'NTOTFRA'
RH401.PRG(381) Warning C1004  Ambiguous reference, assuming memvar: 'NTOTFRA'
RH401.PRG(382) Warning C1004  Ambiguous reference, assuming memvar: 'NTOTVAL'
RH401.PRG(382) Warning C1004  Ambiguous reference, assuming memvar: 'NTOTVAL'
RH401.PRG(388) Warning C1004  Ambiguous reference, assuming memvar: 'NTOTFRA'
RH401.PRG(388) Warning C1004  Ambiguous reference, assuming memvar: 'NTOTFRA'
RH401.PRG(389) Warning C1004  Ambiguous reference, assuming memvar: 'NTOTVAL'
RH401.PRG(389) Warning C1004  Ambiguous reference, assuming memvar: 'NTOTVAL'
RH401.PRG(390) Warning C1004  Ambiguous reference, assuming memvar: 'NTOTN1'
RH401.PRG(390) Warning C1004  Ambiguous reference, assuming memvar: 'NTOTN1'
RH401.PRG(391) Warning C1004  Ambiguous reference, assuming memvar: 'NTOTN2'
RH401.PRG(391) Warning C1004  Ambiguous reference, assuming memvar: 'NTOTN2'
RH401.PRG(396) Warning C1003  Ambiguous reference: 'NTOTFRA'
RH401.PRG(397) Warning C1003  Ambiguous reference: 'NTOTVAL'
RH401.PRG(403) Warning C1003  Ambiguous reference: 'CANOMES'
RH401.PRG(405) Warning C1004  Ambiguous reference, assuming memvar: 'CFORMULA'
RH401.PRG(411) Warning C1004  Ambiguous reference, assuming memvar: 'AFORMULAS'
RH401.PRG(411) Warning C1003  Ambiguous reference: 'NMEIO'
RH401.PRG(415) Warning C1003  Ambiguous reference: 'CFORMULA'
RH401.PRG(415) Warning C1004  Ambiguous reference, assuming memvar: 'AFORMULAS'
RH401.PRG(415) Warning C1003  Ambiguous reference: 'NMEIO'
RH401.PRG(427) Warning C1004  Ambiguous reference, assuming memvar: 'CFORMULA'
RH401.PRG(432) Warning C1004  Ambiguous reference, assuming memvar: 'AFORMULAS'
RH401.PRG(432) Warning C1003  Ambiguous reference: 'NMEIO'
RH401.PRG(435) Warning C1003  Ambiguous reference: 'CFORMULA'
RH401.PRG(435) Warning C1004  Ambiguous reference, assuming memvar: 'AFORMULAS'
RH401.PRG(435) Warning C1003  Ambiguous reference: 'NMEIO'
RH401.PRG(463) Warning C1003  Ambiguous reference: 'CGRUPO'
RH401.PRG(482) Warning C1004  Ambiguous reference, assuming memvar: 'NINICIO'
RH401.PRG(483) Warning C1003  Ambiguous reference: 'AFORMULAS'
RH401.PRG(483) Warning C1004  Ambiguous reference, assuming memvar: 'NFINAL'
RH401.PRG(487) Warning C1003  Ambiguous reference: 'NINICIO'
RH401.PRG(487) Warning C1003  Ambiguous reference: 'NFINAL'
RH401.PRG(487) Warning C1004  Ambiguous reference, assuming memvar: 'NMEIO'
RH401.PRG(490) Warning C1004  Ambiguous reference, assuming memvar: 'AFORMULAS'
RH401.PRG(490) Warning C1003  Ambiguous reference: 'NMEIO'
RH401.PRG(490) Warning C1003  Ambiguous reference: 'CFORMULA'
RH401.PRG(491) Warning C1004  Ambiguous reference, assuming memvar: 'AFORMULAS'
RH401.PRG(491) Warning C1003  Ambiguous reference: 'NMEIO'
RH401.PRG(491) Warning C1003  Ambiguous reference: 'CFORMULA'
RH401.PRG(491) Warning C1003  Ambiguous reference: 'NMEIO'
RH401.PRG(491) Warning C1004  Ambiguous reference, assuming memvar: 'NINICIO'
RH401.PRG(492) Warning C1003  Ambiguous reference: 'NMEIO'
RH401.PRG(492) Warning C1004  Ambiguous reference, assuming memvar: 'NFINAL'
RH401.PRG(495) Warning C1003  Ambiguous reference: 'NFINAL'
RH401.PRG(495) Warning C1003  Ambiguous reference: 'NINICIO'
RH401.PRG(496) Warning C1003  Ambiguous reference: 'NINICIO'
RH401.PRG(496) Warning C1003  Ambiguous reference: 'NFINAL'
RH401.PRG(496) Warning C1004  Ambiguous reference, assuming memvar: 'NMEIO'
RH401.PRG(497) Warning C1003  Ambiguous reference: 'AFORMULAS'
RH401.PRG(498) Warning C1003  Ambiguous reference: 'AFORMULAS'
RH401.PRG(498) Warning C1003  Ambiguous reference: 'NMEIO'
RH401.PRG(499) Warning C1003  Ambiguous reference: 'CFORMULA'
RH401.PRG(500) Warning C1003  Ambiguous reference: 'CFORMULA'
RH401.PRG(500) Warning C1004  Ambiguous reference, assuming memvar: 'AFORMULAS'
RH401.PRG(500) Warning C1003  Ambiguous reference: 'NMEIO'
RH401.PRG(502) Warning C1003  Ambiguous reference: 'CFORMULA'
RH401.PRG(502) Warning C1004  Ambiguous reference, assuming memvar: 'AFORMULAS'
RH401.PRG(502) Warning C1003  Ambiguous reference: 'NMEIO'
RH401.PRG(509) Warning C1001  RETURN statement with no value in function
RH401.PRG(517) Warning C1003  Ambiguous reference: 'CFORMULA'
RH401.PRG(518) Warning C1003  Ambiguous reference: 'CFORMULA'
RH401.PRG(524) Warning C1001  RETURN statement with no value in function
RH401.PRG(529) Warning C1003  Ambiguous reference: 'M_TEMPO'
RH401.PRG(529) Warning C1004  Ambiguous reference, assuming memvar: 'C_DECORRIDO'
RH401.PRG(531) Warning C1004  Ambiguous reference, assuming memvar: 'M_REG_ATUAL'
RH401.PRG(531) Warning C1004  Ambiguous reference, assuming memvar: 'M_REG_ATUAL'
RH401.PRG(532) Warning C1003  Ambiguous reference: 'C_DECORRIDO'
RH401.PRG(533) Warning C1001  RETURN statement with no value in function
RH401.PRG(549) Warning C1003  Ambiguous reference: 'XDRV_RHX'
RH401.PRG(550) Warning C1003  Ambiguous reference: 'CANOMES'
RH401.PRG(559) Warning C1003  Ambiguous reference: 'XDRV_RHX'
RH401.PRG(560) Warning C1003  Ambiguous reference: 'CANOMES'
RH401.PRG(569) Warning C1003  Ambiguous reference: 'XDRV_RHX'
RH401.PRG(570) Warning C1003  Ambiguous reference: 'CANOMES'
RH401.PRG(579) Warning C1003  Ambiguous reference: 'XDRV_RHX'
RH401.PRG(580) Warning C1003  Ambiguous reference: 'CANOMES'
RH401.PRG(593) Warning C1004  Ambiguous reference, assuming memvar: 'XPROV'
RH401.PRG(594) Warning C1004  Ambiguous reference, assuming memvar: 'XDESC'
RH401.PRG(599) Warning C1001  RETURN statement with no value in function
RH401.PRG(608) Warning C1003  Ambiguous reference: 'XDATASYS'
RH401.PRG(608) Warning C1004  Ambiguous reference, assuming memvar: 'XANOMES'
RH401.PRG(629) Warning C1003  Ambiguous reference: 'CAMBIENTE'
RH401.PRG(630) Warning C1003  Ambiguous reference: 'CAMBIENTE'
RH401.PRG(631) Warning C1003  Ambiguous reference: 'CAMBIENTE'
RH401.PRG(633) Warning C1003  Ambiguous reference: 'XPROV'
RH401.PRG(634) Warning C1003  Ambiguous reference: 'XDESC'
RH401.PRG(635) Warning C1003  Ambiguous reference: 'XPROV'
RH401.PRG(635) Warning C1003  Ambiguous reference: 'XDESC'
RH401.PRG(645) Warning C1003  Ambiguous reference: 'XPROV'
RH401.PRG(645) Warning C1003  Ambiguous reference: 'XDESC'
RH401.PRG(659) Warning C1003  Ambiguous reference: 'CANOMES'
RH401.PRG(661) Warning C1003  Ambiguous reference: 'CAMBIENTE'
RH401.PRG(666) Warning C1003  Ambiguous reference: 'XDESC'
RH401.PRG(666) Warning C1004  Ambiguous reference, assuming memvar: 'XPROV'
RH401.PRG(669) Warning C1003  Ambiguous reference: 'XPROV'
RH401.PRG(677) Warning C1004  Ambiguous reference, assuming memvar: 'XDESC'
RH401.PRG(677) Warning C1004  Ambiguous reference, assuming memvar: 'XPROV'
RH401.PRG(681) Warning C1001  RETURN statement with no value in function
RH401.PRG(691) Warning C1004  Ambiguous reference, assuming memvar: 'XPROV'
RH401.PRG(691) Warning C1004  Ambiguous reference, assuming memvar: 'XPROV'
RH401.PRG(693) Warning C1004  Ambiguous reference, assuming memvar: 'XDESC'
RH401.PRG(693) Warning C1004  Ambiguous reference, assuming memvar: 'XDESC'
RH401.PRG(703) Warning C1004  Ambiguous reference, assuming memvar: 'XB_INSSMS'
RH401.PRG(703) Warning C1004  Ambiguous reference, assuming memvar: 'XB_INSSMS'
RH401.PRG(704) Warning C1004  Ambiguous reference, assuming memvar: 'XB_IRRFMS'
RH401.PRG(704) Warning C1004  Ambiguous reference, assuming memvar: 'XB_IRRFMS'
RH401.PRG(705) Warning C1004  Ambiguous reference, assuming memvar: 'XB_FGTSMS'
RH401.PRG(705) Warning C1004  Ambiguous reference, assuming memvar: 'XB_FGTSMS'
RH401.PRG(706) Warning C1004  Ambiguous reference, assuming memvar: 'XB_SALFAM'
RH401.PRG(706) Warning C1004  Ambiguous reference, assuming memvar: 'XB_SALFAM'
RH401.PRG(707) Warning C1004  Ambiguous reference, assuming memvar: 'XB_SFIPMS'
RH401.PRG(707) Warning C1004  Ambiguous reference, assuming memvar: 'XB_SFIPMS'
RH401.PRG(711) Warning C1004  Ambiguous reference, assuming memvar: 'XB_INSSFR'
RH401.PRG(711) Warning C1004  Ambiguous reference, assuming memvar: 'XB_INSSFR'
RH401.PRG(712) Warning C1004  Ambiguous reference, assuming memvar: 'XB_IRRFFR'
RH401.PRG(712) Warning C1004  Ambiguous reference, assuming memvar: 'XB_IRRFFR'
RH401.PRG(713) Warning C1004  Ambiguous reference, assuming memvar: 'XB_FGTSFR'
RH401.PRG(713) Warning C1004  Ambiguous reference, assuming memvar: 'XB_FGTSFR'
RH401.PRG(717) Warning C1004  Ambiguous reference, assuming memvar: 'XB_INSSDT'
RH401.PRG(717) Warning C1004  Ambiguous reference, assuming memvar: 'XB_INSSDT'
RH401.PRG(718) Warning C1004  Ambiguous reference, assuming memvar: 'XB_IRRFDT'
RH401.PRG(718) Warning C1004  Ambiguous reference, assuming memvar: 'XB_IRRFDT'
RH401.PRG(719) Warning C1004  Ambiguous reference, assuming memvar: 'XB_FGTSDT'
RH401.PRG(719) Warning C1004  Ambiguous reference, assuming memvar: 'XB_FGTSDT'
RH401.PRG(720) Warning C1004  Ambiguous reference, assuming memvar: 'XB_SFIPDT'
RH401.PRG(720) Warning C1004  Ambiguous reference, assuming memvar: 'XB_SFIPDT'
RH401.PRG(730) Warning C1003  Ambiguous reference: 'CAUTO_MS'
RH401.PRG(730) Warning C1001  RETURN statement with no value in function
RH401.PRG(735) Warning C1003  Ambiguous reference: 'CANOMES'
RH401.PRG(735) Warning C1003  Ambiguous reference: 'CAMBIENTE'
RH401.PRG(738) Warning C1003  Ambiguous reference: 'CANOMES'
RH401.PRG(740) Warning C1003  Ambiguous reference: 'CAMBIENTE'
RH401.PRG(750) Warning C1003  Ambiguous reference: 'CANOMES'
RH401.PRG(750) Warning C1003  Ambiguous reference: 'CAMBIENTE'
RH401.PRG(757) Warning C1001  RETURN statement with no value in function
RH401.PRG(769) Warning C1003  Ambiguous reference: 'CANOMES'
RH401.PRG(769) Warning C1003  Ambiguous reference: 'CAMBIENTE'
RH401.PRG(772) Warning C1003  Ambiguous reference: 'CAMBIENTE'
RH401.PRG(783) Warning C1003  Ambiguous reference: 'CANOMES'
RH401.PRG(786) Warning C1003  Ambiguous reference: 'CANOMES'
RH401.PRG(794) Warning C1003  Ambiguous reference: 'CAMBIENTE'
RH401.PRG(808) Warning C1003  Ambiguous reference: 'CANOMES'
RH401.PRG(816) Warning C1003  Ambiguous reference: 'CANOMES'
RH401.PRG(830) Warning C1003  Ambiguous reference: 'CAMBIENTE'
RH401.PRG(833) Warning C1003  Ambiguous reference: 'CANOMES'
RH401.PRG(835) Warning C1003  Ambiguous reference: 'CANOMES'
RH401.PRG(837) Warning C1003  Ambiguous reference: 'CANOMES'
RH401.PRG(856) Warning C1003  Ambiguous reference: 'CAMBIENTE'
RH401.PRG(856) Warning C1003  Ambiguous reference: 'CANOMES'
RH401.PRG(856) Warning C1003  Ambiguous reference: 'CANOMES'
RH401.PRG(858) Warning C1003  Ambiguous reference: 'CANOMES'
RH401.PRG(869) Warning C1003  Ambiguous reference: 'CAMBIENTE'
RH401.PRG(869) Warning C1003  Ambiguous reference: 'CANOMES'
RH401.PRG(871) Warning C1003  Ambiguous reference: 'CANOMES'
RH401.PRG(881) Warning C1003  Ambiguous reference: 'CAMBIENTE'
RH401.PRG(884) Warning C1003  Ambiguous reference: 'CAMBIENTE'
RH401.PRG(886) Warning C1003  Ambiguous reference: 'CAMBIENTE'
RH401.PRG(901) Warning C1003  Ambiguous reference: 'CAMBIENTE'
RH401.PRG(906) Warning C1003  Ambiguous reference: 'CAMBIENTE'
RH401.PRG(917) Warning C1003  Ambiguous reference: 'CANOMES'
RH401.PRG(918) Warning C1003  Ambiguous reference: 'CANOMES'
RH401.PRG(928) Warning C1003  Ambiguous reference: 'CAMBIENTE'
RH401.PRG(928) Warning C1003  Ambiguous reference: 'CANOMES'
RH401.PRG(930) Warning C1003  Ambiguous reference: 'CANOMES'
RH401.PRG(937) Warning C1001  RETURN statement with no value in function
RH401.PRG(953) Warning C1003  Ambiguous reference: 'CANOMES'
RH401.PRG(954) Warning C1003  Ambiguous reference: 'CANOMES'
RH401.PRG(964) Warning C1001  RETURN statement with no value in function
264 warnings                
Code size 8765, Symbols 3472, Constants 1827
