312K available
Compiling RH411.PRG
RH411.PRG(12)  Warning C1003  Ambiguous reference: 'ANOMES'
RH411.PRG(12)  Warning C1003  Ambiguous reference: 'XANOMES'
RH411.PRG(14)  Warning C1003  Ambiguous reference: 'SITUACAO'
RH411.PRG(42)  Warning C1003  Ambiguous reference: 'COPCAO'
RH411.PRG(42)  Warning C1004  Ambiguous reference, assuming memvar: 'COPCAO'
RH411.PRG(43)  Warning C1003  Ambiguous reference: 'COPCAO'
RH411.PRG(44)  Warning C1003  Ambiguous reference: 'COPCAO'
RH411.PRG(44)  Warning C1003  Ambiguous reference: 'XUSRA'
RH411.PRG(46)  Warning C1003  Ambiguous reference: 'COPCAO'
RH411.PRG(58)  Warning C1003  Ambiguous reference: 'XNIVEL'
RH411.PRG(58)  Warning C1003  Ambiguous reference: 'XFLAG'
RH411.PRG(65)  Warning C1003  Ambiguous reference: 'COPCAO'
RH411.PRG(68)  Warning C1004  Ambiguous reference, assuming memvar: 'XNIVEL'
RH411.PRG(69)  Warning C1004  Ambiguous reference, assuming memvar: 'XNIVEL'
RH411.PRG(69)  Warning C1004  Ambiguous reference, assuming memvar: 'XNIVEL'
RH411.PRG(70)  Warning C1004  Ambiguous reference, assuming memvar: 'XNIVEL'
RH411.PRG(70)  Warning C1004  Ambiguous reference, assuming memvar: 'XNIVEL'
RH411.PRG(71)  Warning C1004  Ambiguous reference, assuming memvar: 'XNIVEL'
RH411.PRG(71)  Warning C1004  Ambiguous reference, assuming memvar: 'XNIVEL'
RH411.PRG(72)  Warning C1004  Ambiguous reference, assuming memvar: 'XNIVEL'
RH411.PRG(72)  Warning C1004  Ambiguous reference, assuming memvar: 'XNIVEL'
RH411.PRG(73)  Warning C1004  Ambiguous reference, assuming memvar: 'XNIVEL'
RH411.PRG(73)  Warning C1004  Ambiguous reference, assuming memvar: 'XNIVEL'
RH411.PRG(78)  Warning C1003  Ambiguous reference: 'COPCAO'
RH411.PRG(78)  Warning C1001  RETURN statement with no value in function
RH411.PRG(82)  Warning C1003  Ambiguous reference: 'FSALARIO'
RH411.PRG(83)  Warning C1003  Ambiguous reference: 'FSALARIOMA'
RH411.PRG(84)  Warning C1003  Ambiguous reference: 'FSALARIOPM'
RH411.PRG(85)  Warning C1003  Ambiguous reference: 'FSALARIOIN'
RH411.PRG(86)  Warning C1003  Ambiguous reference: 'FDATA_AUMEN'
RH411.PRG(87)  Warning C1003  Ambiguous reference: 'COPCAO'
RH411.PRG(91)  Warning C1004  Ambiguous reference, assuming memvar: 'FSALARIO'
RH411.PRG(92)  Warning C1004  Ambiguous reference, assuming memvar: 'FSALARIOMA'
RH411.PRG(93)  Warning C1004  Ambiguous reference, assuming memvar: 'FSALARIOPM'
RH411.PRG(94)  Warning C1004  Ambiguous reference, assuming memvar: 'FSALARIOIN'
RH411.PRG(95)  Warning C1004  Ambiguous reference, assuming memvar: 'FDATA_AUMEN'
RH411.PRG(96)  Warning C1004  Ambiguous reference, assuming memvar: 'XNIVEL'
RH411.PRG(97)  Warning C1004  Ambiguous reference, assuming memvar: 'XFLAG'
RH411.PRG(101) Warning C1003  Ambiguous reference: 'XNIVEL'
RH411.PRG(101) Warning C1003  Ambiguous reference: 'XNIVEL'
RH411.PRG(102) Warning C1003  Ambiguous reference: 'XNIVEL'
RH411.PRG(103) Warning C1001  RETURN statement with no value in function
RH411.PRG(104) Warning C1003  Ambiguous reference: 'XNIVEL'
RH411.PRG(105) Warning C1003  Ambiguous reference: 'XFLAG'
RH411.PRG(105) Warning C1004  Ambiguous reference, assuming memvar: 'XNIVEL'
RH411.PRG(105) Warning C1004  Ambiguous reference, assuming memvar: 'XNIVEL'
RH411.PRG(105) Warning C1004  Ambiguous reference, assuming memvar: 'XNIVEL'
RH411.PRG(105) Warning C1004  Ambiguous reference, assuming memvar: 'XNIVEL'
RH411.PRG(110) Warning C1001  RETURN statement with no value in function
RH411.PRG(113) Warning C1003  Ambiguous reference: 'FSALARIO'
RH411.PRG(114) Warning C1003  Ambiguous reference: 'FSALARIOMA'
RH411.PRG(115) Warning C1003  Ambiguous reference: 'FSALARIOPM'
RH411.PRG(116) Warning C1003  Ambiguous reference: 'FSALARIOIN'
RH411.PRG(117) Warning C1003  Ambiguous reference: 'FDATA_AUMEN'
RH411.PRG(119) Warning C1004  Ambiguous reference, assuming memvar: 'NREGS'
RH411.PRG(124) Warning C1003  Ambiguous reference: 'FSALARIO'
RH411.PRG(125) Warning C1003  Ambiguous reference: 'FSALARIOMA'
RH411.PRG(126) Warning C1003  Ambiguous reference: 'FSALARIOPM'
RH411.PRG(127) Warning C1003  Ambiguous reference: 'FSALARIOIN'
RH411.PRG(128) Warning C1003  Ambiguous reference: 'FDATA_AUMEN'
RH411.PRG(131) Warning C1003  Ambiguous reference: 'ANOMES'
RH411.PRG(131) Warning C1003  Ambiguous reference: 'XANOMES'
RH411.PRG(132) Warning C1003  Ambiguous reference: 'NREGS'
RH411.PRG(141) Warning C1001  RETURN statement with no value in function
RH411.PRG(150) Warning C1003  Ambiguous reference: 'FSALARIO'
RH411.PRG(150) Warning C1003  Ambiguous reference: 'FSALARIO'
66 warnings                
Code size 1684, Symbols 960, Constants 524
