312K available
Compiling RH412.PRG
RH412.PRG(14)  Warning C1003  Ambiguous reference: 'ANOMES'
RH412.PRG(14)  Warning C1003  Ambiguous reference: 'XANOMES'
RH412.PRG(14)  Warning C1003  Ambiguous reference: 'SITUACAO'
RH412.PRG(19)  Warning C1004  Ambiguous reference, assuming memvar: 'CPARM'
RH412.PRG(20)  Warning C1003  Ambiguous reference: 'CPARM'
RH412.PRG(21)  Warning C1003  Ambiguous reference: 'CPARM'
RH412.PRG(21)  Warning C1004  Ambiguous reference, assuming memvar: 'CPARM'
RH412.PRG(22)  Warning C1003  Ambiguous reference: 'CPARM'
RH412.PRG(35)  Warning C1004  Ambiguous reference, assuming memvar: 'APROP'
RH412.PRG(40)  Warning C1003  Ambiguous reference: 'CPARM'
RH412.PRG(42)  Warning C1004  Ambiguous reference, assuming memvar: 'CEXT'
RH412.PRG(45)  Warning C1004  Ambiguous reference, assuming memvar: 'CEXT'
RH412.PRG(49)  Warning C1001  RETURN statement with no value in function
RH412.PRG(62)  Warning C1004  Ambiguous reference, assuming memvar: 'NROW'
RH412.PRG(73)  Warning C1003  Ambiguous reference: 'APROP'
RH412.PRG(74)  Warning C1004  Ambiguous reference, assuming memvar: 'NROW'
RH412.PRG(75)  Warning C1003  Ambiguous reference: 'APROP'
RH412.PRG(75)  Warning C1004  Ambiguous reference, assuming memvar: 'NROW'
RH412.PRG(79)  Warning C1003  Ambiguous reference: 'CPARM'
RH412.PRG(80)  Warning C1004  Ambiguous reference, assuming memvar: 'APROP'
RH412.PRG(80)  Warning C1003  Ambiguous reference: 'NROW'
RH412.PRG(81)  Warning C1004  Ambiguous reference, assuming memvar: 'APROP'
RH412.PRG(81)  Warning C1003  Ambiguous reference: 'NROW'
RH412.PRG(83)  Warning C1004  Ambiguous reference, assuming memvar: 'APROP'
RH412.PRG(83)  Warning C1003  Ambiguous reference: 'NROW'
RH412.PRG(84)  Warning C1004  Ambiguous reference, assuming memvar: 'APROP'
RH412.PRG(84)  Warning C1003  Ambiguous reference: 'NROW'
RH412.PRG(86)  Warning C1004  Ambiguous reference, assuming memvar: 'APROP'
RH412.PRG(86)  Warning C1003  Ambiguous reference: 'NROW'
RH412.PRG(87)  Warning C1004  Ambiguous reference, assuming memvar: 'APROP'
RH412.PRG(87)  Warning C1003  Ambiguous reference: 'NROW'
RH412.PRG(88)  Warning C1004  Ambiguous reference, assuming memvar: 'APROP'
RH412.PRG(88)  Warning C1003  Ambiguous reference: 'NROW'
RH412.PRG(99)  Warning C1003  Ambiguous reference: 'APROP'
RH412.PRG(153) Warning C1003  Ambiguous reference: 'CPARM'
RH412.PRG(154) Warning C1003  Ambiguous reference: 'APROP'
RH412.PRG(154) Warning C1003  Ambiguous reference: 'NROW'
RH412.PRG(155) Warning C1003  Ambiguous reference: 'APROP'
RH412.PRG(155) Warning C1003  Ambiguous reference: 'APROP'
RH412.PRG(156) Warning C1003  Ambiguous reference: 'APROP'
RH412.PRG(156) Warning C1004  Ambiguous reference, assuming memvar: 'APROP'
RH412.PRG(183) Warning C1003  Ambiguous reference: 'CPARM'
RH412.PRG(190) Warning C1003  Ambiguous reference: 'APROP'
RH412.PRG(214) Warning C1004  Ambiguous reference, assuming memvar: 'APROP'
RH412.PRG(236) Warning C1003  Ambiguous reference: 'NROW'
RH412.PRG(237) Warning C1003  Ambiguous reference: 'NROW'
RH412.PRG(238) Warning C1004  Ambiguous reference, assuming memvar: 'NROW'
RH412.PRG(238) Warning C1003  Ambiguous reference: 'NROW'
RH412.PRG(240) Warning C1003  Ambiguous reference: 'NROW'
RH412.PRG(241) Warning C1004  Ambiguous reference, assuming memvar: 'NROW'
RH412.PRG(244) Warning C1004  Ambiguous reference, assuming memvar: 'NROW'
RH412.PRG(244) Warning C1004  Ambiguous reference, assuming memvar: 'NROW'
RH412.PRG(277) Warning C1003  Ambiguous reference: 'APROP'
RH412.PRG(281) Warning C1003  Ambiguous reference: 'CPARM'
RH412.PRG(283) Warning C1004  Ambiguous reference, assuming memvar: 'APROP'
RH412.PRG(284) Warning C1004  Ambiguous reference, assuming memvar: 'APROP'
RH412.PRG(284) Warning C1004  Ambiguous reference, assuming memvar: 'APROP'
RH412.PRG(286) Warning C1004  Ambiguous reference, assuming memvar: 'APROP'
RH412.PRG(300) Warning C1004  Ambiguous reference, assuming memvar: 'APROP'
RH412.PRG(301) Warning C1004  Ambiguous reference, assuming memvar: 'APROP'
RH412.PRG(301) Warning C1004  Ambiguous reference, assuming memvar: 'APROP'
RH412.PRG(304) Warning C1004  Ambiguous reference, assuming memvar: 'APROP'
RH412.PRG(306) Warning C1004  Ambiguous reference, assuming memvar: 'APROP'
RH412.PRG(307) Warning C1004  Ambiguous reference, assuming memvar: 'APROP'
RH412.PRG(311) Warning C1004  Ambiguous reference, assuming memvar: 'APROP'
RH412.PRG(317) Warning C1004  Ambiguous reference, assuming memvar: 'APROP'
RH412.PRG(328) Warning C1003  Ambiguous reference: 'CPARM'
RH412.PRG(336) Warning C1003  Ambiguous reference: 'APROP'
RH412.PRG(339) Warning C1004  Ambiguous reference, assuming memvar: 'APROP'
RH412.PRG(341) Warning C1004  Ambiguous reference, assuming memvar: 'APROP'
RH412.PRG(342) Warning C1004  Ambiguous reference, assuming memvar: 'APROP'
RH412.PRG(379) Warning C1004  Ambiguous reference, assuming memvar: 'ZTMP2'
RH412.PRG(386) Warning C1003  Ambiguous reference: 'APROP'
RH412.PRG(387) Warning C1003  Ambiguous reference: 'APROP'
RH412.PRG(388) Warning C1004  Ambiguous reference, assuming memvar: 'APROP'
RH412.PRG(389) Warning C1004  Ambiguous reference, assuming memvar: 'APROP'
RH412.PRG(389) Warning C1004  Ambiguous reference, assuming memvar: 'APROP'
RH412.PRG(390) Warning C1004  Ambiguous reference, assuming memvar: 'ZTMP2'
RH412.PRG(390) Warning C1004  Ambiguous reference, assuming memvar: 'APROP'
RH412.PRG(390) Warning C1004  Ambiguous reference, assuming memvar: 'ZTMP2'
RH412.PRG(393) Warning C1003  Ambiguous reference: 'ZTMP2'
RH412.PRG(397) Warning C1003  Ambiguous reference: 'APROP'
RH412.PRG(398) Warning C1003  Ambiguous reference: 'APROP'
RH412.PRG(399) Warning C1004  Ambiguous reference, assuming memvar: 'APROP'
RH412.PRG(400) Warning C1004  Ambiguous reference, assuming memvar: 'APROP'
RH412.PRG(404) Warning C1003  Ambiguous reference: 'APROP'
RH412.PRG(418) Warning C1004  Ambiguous reference, assuming memvar: 'APROP'
RH412.PRG(418) Warning C1003  Ambiguous reference: 'NROW'
RH412.PRG(419) Warning C1004  Ambiguous reference, assuming memvar: 'APROP'
RH412.PRG(419) Warning C1003  Ambiguous reference: 'NROW'
RH412.PRG(430) Warning C1004  Ambiguous reference, assuming memvar: 'APROP'
RH412.PRG(430) Warning C1003  Ambiguous reference: 'NROW'
RH412.PRG(431) Warning C1004  Ambiguous reference, assuming memvar: 'APROP'
RH412.PRG(431) Warning C1003  Ambiguous reference: 'NROW'
RH412.PRG(432) Warning C1004  Ambiguous reference, assuming memvar: 'APROP'
RH412.PRG(432) Warning C1003  Ambiguous reference: 'NROW'
RH412.PRG(432) Warning C1004  Ambiguous reference, assuming memvar: 'APROP'
RH412.PRG(432) Warning C1003  Ambiguous reference: 'NROW'
RH412.PRG(433) Warning C1004  Ambiguous reference, assuming memvar: 'APROP'
RH412.PRG(433) Warning C1003  Ambiguous reference: 'NROW'
RH412.PRG(434) Warning C1004  Ambiguous reference, assuming memvar: 'APROP'
RH412.PRG(434) Warning C1003  Ambiguous reference: 'NROW'
RH412.PRG(434) Warning C1004  Ambiguous reference, assuming memvar: 'APROP'
RH412.PRG(434) Warning C1003  Ambiguous reference: 'NROW'
RH412.PRG(434) Warning C1004  Ambiguous reference, assuming memvar: 'APROP'
RH412.PRG(434) Warning C1003  Ambiguous reference: 'NROW'
RH412.PRG(435) Warning C1004  Ambiguous reference, assuming memvar: 'APROP'
RH412.PRG(435) Warning C1003  Ambiguous reference: 'NROW'
RH412.PRG(449) Warning C1003  Ambiguous reference: 'XDRV_RH'
RH412.PRG(449) Warning C1003  Ambiguous reference: 'CEXT'
RH412.PRG(456) Warning C1003  Ambiguous reference: 'APROP'
RH412.PRG(457) Warning C1004  Ambiguous reference, assuming memvar: 'APROP'
RH412.PRG(458) Warning C1004  Ambiguous reference, assuming memvar: 'APROP'
RH412.PRG(459) Warning C1004  Ambiguous reference, assuming memvar: 'APROP'
RH412.PRG(460) Warning C1004  Ambiguous reference, assuming memvar: 'APROP'
RH412.PRG(461) Warning C1004  Ambiguous reference, assuming memvar: 'APROP'
RH412.PRG(470) Warning C1003  Ambiguous reference: 'XDRV_RH'
RH412.PRG(470) Warning C1003  Ambiguous reference: 'CEXT'
RH412.PRG(483) Warning C1004  Ambiguous reference, assuming memvar: 'APROP'
RH412.PRG(484) Warning C1003  Ambiguous reference: 'XDRV_RH'
RH412.PRG(492) Warning C1003  Ambiguous reference: 'APROP'
RH412.PRG(495) Warning C1003  Ambiguous reference: 'APROP'
RH412.PRG(495) Warning C1004  Ambiguous reference, assuming memvar: 'APROP'
RH412.PRG(502) Warning C1003  Ambiguous reference: 'XDRV_RH'
RH412.PRG(502) Warning C1003  Ambiguous reference: 'CEXT'
RH412.PRG(507) Warning C1004  Ambiguous reference, assuming memvar: 'NCONT'
RH412.PRG(507) Warning C1004  Ambiguous reference, assuming memvar: 'NCONT'
RH412.PRG(507) Warning C1004  Ambiguous reference, assuming memvar: 'NCONT'
RH412.PRG(507) Warning C1003  Ambiguous reference: 'NCONT'
RH412.PRG(508) Warning C1003  Ambiguous reference: 'NCONT'
RH412.PRG(517) Warning C1003  Ambiguous reference: 'XDRV_RH'
RH412.PRG(526) Warning C1004  Ambiguous reference, assuming memvar: 'NTOTAL_PROPOSTO'
RH412.PRG(528) Warning C1004  Ambiguous reference, assuming memvar: 'ZTMP2'
RH412.PRG(530) Warning C1001  RETURN statement with no value in function
RH412.PRG(534) Warning C1003  Ambiguous reference: 'APROP'
RH412.PRG(536) Warning C1001  RETURN statement with no value in function
RH412.PRG(540) Warning C1003  Ambiguous reference: 'XPAGINA'
RH412.PRG(543) Warning C1003  Ambiguous reference: 'CPARM'
RH412.PRG(549) Warning C1004  Ambiguous reference, assuming memvar: 'XPAGINA'
RH412.PRG(549) Warning C1004  Ambiguous reference, assuming memvar: 'XPAGINA'
RH412.PRG(554) Warning C1004  Ambiguous reference, assuming memvar: 'APROP'
RH412.PRG(555) Warning C1004  Ambiguous reference, assuming memvar: 'APROP'
RH412.PRG(556) Warning C1004  Ambiguous reference, assuming memvar: 'APROP'
RH412.PRG(557) Warning C1004  Ambiguous reference, assuming memvar: 'APROP'
RH412.PRG(558) Warning C1004  Ambiguous reference, assuming memvar: 'APROP'
RH412.PRG(564) Warning C1003  Ambiguous reference: 'APROP'
RH412.PRG(565) Warning C1004  Ambiguous reference, assuming memvar: 'APROP'
RH412.PRG(566) Warning C1004  Ambiguous reference, assuming memvar: 'APROP'
RH412.PRG(566) Warning C1004  Ambiguous reference, assuming memvar: 'APROP'
RH412.PRG(567) Warning C1004  Ambiguous reference, assuming memvar: 'ZTMP2'
RH412.PRG(567) Warning C1004  Ambiguous reference, assuming memvar: 'APROP'
RH412.PRG(567) Warning C1004  Ambiguous reference, assuming memvar: 'ZTMP2'
RH412.PRG(570) Warning C1003  Ambiguous reference: 'ZTMP2'
RH412.PRG(574) Warning C1003  Ambiguous reference: 'APROP'
RH412.PRG(575) Warning C1004  Ambiguous reference, assuming memvar: 'APROP'
RH412.PRG(576) Warning C1004  Ambiguous reference, assuming memvar: 'NTOTAL_PROPOSTO'
RH412.PRG(576) Warning C1004  Ambiguous reference, assuming memvar: 'APROP'
RH412.PRG(576) Warning C1004  Ambiguous reference, assuming memvar: 'NTOTAL_PROPOSTO'
RH412.PRG(578) Warning C1003  Ambiguous reference: 'NTOTAL_PROPOSTO'
RH412.PRG(584) Warning C1003  Ambiguous reference: 'NTOTAL_PROPOSTO'
RH412.PRG(601) Warning C1003  Ambiguous reference: 'CPARM'
RH412.PRG(603) Warning C1004  Ambiguous reference, assuming memvar: 'CFILTRO'
RH412.PRG(604) Warning C1004  Ambiguous reference, assuming memvar: 'CREAJUSTE'
RH412.PRG(605) Warning C1004  Ambiguous reference, assuming memvar: 'CMATRICULA'
RH412.PRG(606) Warning C1004  Ambiguous reference, assuming memvar: 'CCENTRO'
RH412.PRG(607) Warning C1004  Ambiguous reference, assuming memvar: 'CFILIAL'
RH412.PRG(608) Warning C1004  Ambiguous reference, assuming memvar: 'CCBO'
RH412.PRG(609) Warning C1004  Ambiguous reference, assuming memvar: 'CCARGO'
RH412.PRG(610) Warning C1004  Ambiguous reference, assuming memvar: 'CSIND'
RH412.PRG(612) Warning C1003  Ambiguous reference: 'CPARM'
RH412.PRG(613) Warning C1003  Ambiguous reference: 'CPARM'
RH412.PRG(615) Warning C1003  Ambiguous reference: 'CPARM'
RH412.PRG(616) Warning C1003  Ambiguous reference: 'CMATRICULA'
RH412.PRG(616) Warning C1003  Ambiguous reference: 'CMATRICULA'
RH412.PRG(617) Warning C1003  Ambiguous reference: 'CCENTRO'
RH412.PRG(617) Warning C1003  Ambiguous reference: 'CCENTRO'
RH412.PRG(618) Warning C1003  Ambiguous reference: 'CFILIAL'
RH412.PRG(618) Warning C1003  Ambiguous reference: 'CFILIAL'
RH412.PRG(619) Warning C1003  Ambiguous reference: 'CCBO'
RH412.PRG(619) Warning C1003  Ambiguous reference: 'CCBO'
RH412.PRG(620) Warning C1003  Ambiguous reference: 'CCARGO'
RH412.PRG(620) Warning C1003  Ambiguous reference: 'CCARGO'
RH412.PRG(621) Warning C1003  Ambiguous reference: 'CSIND'
RH412.PRG(621) Warning C1003  Ambiguous reference: 'CSIND'
RH412.PRG(622) Warning C1003  Ambiguous reference: 'CFILTRO'
RH412.PRG(623) Warning C1003  Ambiguous reference: 'CREAJUSTE'
RH412.PRG(625) Warning C1003  Ambiguous reference: 'CCARGO'
RH412.PRG(625) Warning C1003  Ambiguous reference: 'CCARGO'
RH412.PRG(626) Warning C1003  Ambiguous reference: 'CFILTRO'
RH412.PRG(627) Warning C1003  Ambiguous reference: 'CREAJUSTE'
RH412.PRG(630) Warning C1003  Ambiguous reference: 'CPARM'
RH412.PRG(631) Warning C1003  Ambiguous reference: 'XDATASYS'
RH412.PRG(632) Warning C1003  Ambiguous reference: 'CMATRICULA'
RH412.PRG(633) Warning C1001  RETURN statement with no value in function
RH412.PRG(634) Warning C1003  Ambiguous reference: 'CMATRICULA'
RH412.PRG(634) Warning C1003  Ambiguous reference: 'CMATRICULA'
RH412.PRG(634) Warning C1004  Ambiguous reference, assuming memvar: 'CMATRICULA'
RH412.PRG(635) Warning C1003  Ambiguous reference: 'CMATRICULA'
RH412.PRG(636) Warning C1003  Ambiguous reference: 'CMATRICULA'
RH412.PRG(637) Warning C1003  Ambiguous reference: 'CMATRICULA'
RH412.PRG(640) Warning C1003  Ambiguous reference: 'CCENTRO'
RH412.PRG(642) Warning C1003  Ambiguous reference: 'CCENTRO'
RH412.PRG(644) Warning C1003  Ambiguous reference: 'CCENTRO'
RH412.PRG(648) Warning C1003  Ambiguous reference: 'CCENTRO'
RH412.PRG(660) Warning C1003  Ambiguous reference: 'CFILIAL'
RH412.PRG(661) Warning C1001  RETURN statement with no value in function
RH412.PRG(662) Warning C1003  Ambiguous reference: 'CFILIAL'
RH412.PRG(663) Warning C1003  Ambiguous reference: 'CCBO'
RH412.PRG(664) Warning C1001  RETURN statement with no value in function
RH412.PRG(665) Warning C1003  Ambiguous reference: 'CCBO'
RH412.PRG(666) Warning C1003  Ambiguous reference: 'CCARGO'
RH412.PRG(667) Warning C1001  RETURN statement with no value in function
RH412.PRG(668) Warning C1003  Ambiguous reference: 'CCARGO'
RH412.PRG(669) Warning C1003  Ambiguous reference: 'CSIND'
RH412.PRG(670) Warning C1001  RETURN statement with no value in function
RH412.PRG(671) Warning C1003  Ambiguous reference: 'CSIND'
RH412.PRG(673) Warning C1003  Ambiguous reference: 'CCARGO'
RH412.PRG(674) Warning C1001  RETURN statement with no value in function
RH412.PRG(675) Warning C1003  Ambiguous reference: 'CCARGO'
RH412.PRG(679) Warning C1003  Ambiguous reference: 'CPARM'
RH412.PRG(679) Warning C1003  Ambiguous reference: 'CFILTRO'
RH412.PRG(680) Warning C1003  Ambiguous reference: 'CFILTRO'
RH412.PRG(680) Warning C1003  Ambiguous reference: 'CFILTRO'
RH412.PRG(681) Warning C1004  Ambiguous reference, assuming memvar: 'CFILTRO'
RH412.PRG(682) Warning C1003  Ambiguous reference: 'CPARM'
RH412.PRG(684) Warning C1003  Ambiguous reference: 'CFILTRO'
RH412.PRG(690) Warning C1003  Ambiguous reference: 'CPARM'
RH412.PRG(690) Warning C1003  Ambiguous reference: 'CREAJUSTE'
RH412.PRG(691) Warning C1003  Ambiguous reference: 'CREAJUSTE'
RH412.PRG(691) Warning C1003  Ambiguous reference: 'CREAJUSTE'
RH412.PRG(692) Warning C1004  Ambiguous reference, assuming memvar: 'CREAJUSTE'
RH412.PRG(693) Warning C1003  Ambiguous reference: 'CPARM'
RH412.PRG(695) Warning C1003  Ambiguous reference: 'CREAJUSTE'
RH412.PRG(701) Warning C1003  Ambiguous reference: 'CFILTRO'
RH412.PRG(701) Warning C1004  Ambiguous reference, assuming memvar: 'CFILTRO'
RH412.PRG(702) Warning C1003  Ambiguous reference: 'CREAJUSTE'
RH412.PRG(702) Warning C1004  Ambiguous reference, assuming memvar: 'CREAJUSTE'
RH412.PRG(704) Warning C1003  Ambiguous reference: 'CFILTRO'
RH412.PRG(704) Warning C1004  Ambiguous reference, assuming memvar: 'CFILTRO'
RH412.PRG(705) Warning C1003  Ambiguous reference: 'CREAJUSTE'
RH412.PRG(705) Warning C1004  Ambiguous reference, assuming memvar: 'CREAJUSTE'
RH412.PRG(709) Warning C1003  Ambiguous reference: 'CPARM'
RH412.PRG(710) Warning C1003  Ambiguous reference: 'CCARGO'
RH412.PRG(712) Warning C1003  Ambiguous reference: 'CMATRICULA'
RH412.PRG(721) Warning C1003  Ambiguous reference: 'CPARM'
RH412.PRG(724) Warning C1003  Ambiguous reference: 'CPARM'
RH412.PRG(727) Warning C1003  Ambiguous reference: 'CCENTRO'
RH412.PRG(727) Warning C1003  Ambiguous reference: 'CCENTRO'
RH412.PRG(728) Warning C1003  Ambiguous reference: 'CFILIAL'
RH412.PRG(728) Warning C1003  Ambiguous reference: 'CFILIAL'
RH412.PRG(729) Warning C1003  Ambiguous reference: 'CCBO'
RH412.PRG(729) Warning C1003  Ambiguous reference: 'CCBO'
RH412.PRG(730) Warning C1003  Ambiguous reference: 'CCARGO'
RH412.PRG(730) Warning C1003  Ambiguous reference: 'CCARGO'
RH412.PRG(731) Warning C1003  Ambiguous reference: 'CSIND'
RH412.PRG(731) Warning C1003  Ambiguous reference: 'CSIND'
RH412.PRG(733) Warning C1003  Ambiguous reference: 'CCARGO'
RH412.PRG(733) Warning C1003  Ambiguous reference: 'CCARGO'
RH412.PRG(736) Warning C1003  Ambiguous reference: 'CFILTRO'
RH412.PRG(736) Warning C1003  Ambiguous reference: 'CFILTRO'
RH412.PRG(738) Warning C1003  Ambiguous reference: 'CPARM'
RH412.PRG(739) Warning C1003  Ambiguous reference: 'APROP'
RH412.PRG(740) Warning C1003  Ambiguous reference: 'CREAJUSTE'
RH412.PRG(742) Warning C1003  Ambiguous reference: 'APROP'
RH412.PRG(744) Warning C1003  Ambiguous reference: 'APROP'
RH412.PRG(745) Warning C1003  Ambiguous reference: 'CREAJUSTE'
RH412.PRG(747) Warning C1003  Ambiguous reference: 'APROP'
RH412.PRG(752) Warning C1003  Ambiguous reference: 'CPARM'
RH412.PRG(753) Warning C1003  Ambiguous reference: 'CCARGO'
RH412.PRG(755) Warning C1003  Ambiguous reference: 'CMATRICULA'
RH412.PRG(763) Warning C1004  Ambiguous reference, assuming memvar: 'APROP'
RH412.PRG(763) Warning C1003  Ambiguous reference: 'APROP'
RH412.PRG(764) Warning C1003  Ambiguous reference: 'APROP'
RH412.PRG(765) Warning C1003  Ambiguous reference: 'APROP'
RH412.PRG(765) Warning C1003  Ambiguous reference: 'APROP'
275 warnings                
Code size 8185, Symbols 2000, Constants 3031
