312K available
Compiling RH415.PRG
RH415.PRG(12)  Warning C1003  Ambiguous reference: 'ANOMES'
RH415.PRG(12)  Warning C1003  Ambiguous reference: 'XANOMES'
RH415.PRG(44)  Warning C1003  Ambiguous reference: 'COPCAO'
RH415.PRG(44)  Warning C1004  Ambiguous reference, assuming memvar: 'COPCAO'
RH415.PRG(45)  Warning C1003  Ambiguous reference: 'COPCAO'
RH415.PRG(45)  Warning C1003  Ambiguous reference: 'XUSRA'
RH415.PRG(47)  Warning C1003  Ambiguous reference: 'COPCAO'
RH415.PRG(69)  Warning C1004  Ambiguous reference, assuming memvar: 'XNIVEL'
RH415.PRG(71)  Warning C1004  Ambiguous reference, assuming memvar: 'XNIVEL'
RH415.PRG(71)  Warning C1004  Ambiguous reference, assuming memvar: 'XNIVEL'
RH415.PRG(72)  Warning C1004  Ambiguous reference, assuming memvar: 'XNIVEL'
RH415.PRG(72)  Warning C1004  Ambiguous reference, assuming memvar: 'XNIVEL'
RH415.PRG(73)  Warning C1004  Ambiguous reference, assuming memvar: 'XNIVEL'
RH415.PRG(73)  Warning C1004  Ambiguous reference, assuming memvar: 'XNIVEL'
RH415.PRG(74)  Warning C1004  Ambiguous reference, assuming memvar: 'XNIVEL'
RH415.PRG(74)  Warning C1004  Ambiguous reference, assuming memvar: 'XNIVEL'
RH415.PRG(75)  Warning C1004  Ambiguous reference, assuming memvar: 'XNIVEL'
RH415.PRG(75)  Warning C1004  Ambiguous reference, assuming memvar: 'XNIVEL'
RH415.PRG(76)  Warning C1004  Ambiguous reference, assuming memvar: 'XNIVEL'
RH415.PRG(76)  Warning C1004  Ambiguous reference, assuming memvar: 'XNIVEL'
RH415.PRG(79)  Warning C1004  Ambiguous reference, assuming memvar: 'XNIVEL'
RH415.PRG(79)  Warning C1004  Ambiguous reference, assuming memvar: 'XNIVEL'
RH415.PRG(80)  Warning C1004  Ambiguous reference, assuming memvar: 'XNIVEL'
RH415.PRG(80)  Warning C1004  Ambiguous reference, assuming memvar: 'XNIVEL'
RH415.PRG(82)  Warning C1004  Ambiguous reference, assuming memvar: 'XNIVEL'
RH415.PRG(82)  Warning C1004  Ambiguous reference, assuming memvar: 'XNIVEL'
RH415.PRG(83)  Warning C1004  Ambiguous reference, assuming memvar: 'XNIVEL'
RH415.PRG(83)  Warning C1004  Ambiguous reference, assuming memvar: 'XNIVEL'
RH415.PRG(87)  Warning C1004  Ambiguous reference, assuming memvar: 'XNIVEL'
RH415.PRG(87)  Warning C1004  Ambiguous reference, assuming memvar: 'XNIVEL'
RH415.PRG(88)  Warning C1004  Ambiguous reference, assuming memvar: 'XNIVEL'
RH415.PRG(88)  Warning C1004  Ambiguous reference, assuming memvar: 'XNIVEL'
RH415.PRG(90)  Warning C1004  Ambiguous reference, assuming memvar: 'XNIVEL'
RH415.PRG(90)  Warning C1004  Ambiguous reference, assuming memvar: 'XNIVEL'
RH415.PRG(91)  Warning C1004  Ambiguous reference, assuming memvar: 'XNIVEL'
RH415.PRG(91)  Warning C1004  Ambiguous reference, assuming memvar: 'XNIVEL'
RH415.PRG(94)  Warning C1003  Ambiguous reference: 'COPCAO'
RH415.PRG(94)  Warning C1001  RETURN statement with no value in function
RH415.PRG(96)  Warning C1004  Ambiguous reference, assuming memvar: 'XNIVEL'
RH415.PRG(98)  Warning C1001  RETURN statement with no value in function
RH415.PRG(99)  Warning C1003  Ambiguous reference: 'XNIVEL'
RH415.PRG(119) Warning C1004  Ambiguous reference, assuming memvar: 'XNIVEL'
RH415.PRG(119) Warning C1004  Ambiguous reference, assuming memvar: 'XNIVEL'
RH415.PRG(122) Warning C1004  Ambiguous reference, assuming memvar: 'XNIVEL'
RH415.PRG(122) Warning C1004  Ambiguous reference, assuming memvar: 'XNIVEL'
RH415.PRG(126) Warning C1004  Ambiguous reference, assuming memvar: 'XNIVEL'
RH415.PRG(126) Warning C1004  Ambiguous reference, assuming memvar: 'XNIVEL'
RH415.PRG(129) Warning C1003  Ambiguous reference: 'XNIVEL'
RH415.PRG(140) Warning C1004  Ambiguous reference, assuming memvar: 'XNIVEL'
RH415.PRG(140) Warning C1004  Ambiguous reference, assuming memvar: 'XNIVEL'
RH415.PRG(144) Warning C1004  Ambiguous reference, assuming memvar: 'XNIVEL'
RH415.PRG(144) Warning C1004  Ambiguous reference, assuming memvar: 'XNIVEL'
RH415.PRG(155) Warning C1004  Ambiguous reference, assuming memvar: 'XNIVEL'
RH415.PRG(155) Warning C1004  Ambiguous reference, assuming memvar: 'XNIVEL'
RH415.PRG(157) Warning C1004  Ambiguous reference, assuming memvar: 'XNIVEL'
RH415.PRG(157) Warning C1004  Ambiguous reference, assuming memvar: 'XNIVEL'
RH415.PRG(163) Warning C1004  Ambiguous reference, assuming memvar: 'XNIVEL'
RH415.PRG(163) Warning C1004  Ambiguous reference, assuming memvar: 'XNIVEL'
RH415.PRG(165) Warning C1004  Ambiguous reference, assuming memvar: 'XNIVEL'
RH415.PRG(165) Warning C1004  Ambiguous reference, assuming memvar: 'XNIVEL'
RH415.PRG(172) Warning C1003  Ambiguous reference: 'XANOMES'
RH415.PRG(202) Warning C1001  RETURN statement with no value in function
62 warnings                
Code size 2096, Symbols 816, Constants 560
