312K available
Compiling RH432.PRG
RH432.PRG(14)  Warning C1003  Ambiguous reference: 'ANOMES'
RH432.PRG(14)  Warning C1003  Ambiguous reference: 'XANOMES'
RH432.PRG(16)  Warning C1003  Ambiguous reference: 'SITUACAO'
RH432.PRG(56)  Warning C1003  Ambiguous reference: 'COPCAO'
RH432.PRG(56)  Warning C1004  Ambiguous reference, assuming memvar: 'COPCAO'
RH432.PRG(57)  Warning C1003  Ambiguous reference: 'COPCAO'
RH432.PRG(70)  Warning C1003  Ambiguous reference: 'CAF_COD'
RH432.PRG(70)  Warning C1003  Ambiguous reference: 'XNIVEL'
RH432.PRG(70)  Warning C1003  Ambiguous reference: 'XFLAG'
RH432.PRG(70)  Warning C1003  Ambiguous reference: 'CAF_COD'
RH432.PRG(70)  Warning C1004  Ambiguous reference, assuming memvar: 'BESCAPE'
RH432.PRG(72)  Warning C1004  Ambiguous reference, assuming memvar: 'LALTERAR'
RH432.PRG(78)  Warning C1003  Ambiguous reference: 'CAF_COD'
RH432.PRG(84)  Warning C1003  Ambiguous reference: 'DAF_INI'
RH432.PRG(85)  Warning C1003  Ambiguous reference: 'DAF_RET'
RH432.PRG(86)  Warning C1003  Ambiguous reference: 'DINICIO_AV'
RH432.PRG(87)  Warning C1003  Ambiguous reference: 'DFINAL_AV'
RH432.PRG(88)  Warning C1003  Ambiguous reference: 'CCODSAQFGTS'
RH432.PRG(89)  Warning C1003  Ambiguous reference: 'CREADMISSAO'
RH432.PRG(89)  Warning C1003  Ambiguous reference: 'XSN'
RH432.PRG(94)  Warning C1004  Ambiguous reference, assuming memvar: 'XNIVEL'
RH432.PRG(95)  Warning C1004  Ambiguous reference, assuming memvar: 'XFLAG'
RH432.PRG(96)  Warning C1004  Ambiguous reference, assuming memvar: 'CMATRICULA'
RH432.PRG(97)  Warning C1004  Ambiguous reference, assuming memvar: 'CAF_COD'
RH432.PRG(98)  Warning C1004  Ambiguous reference, assuming memvar: 'CCODSAQFGTS'
RH432.PRG(99)  Warning C1004  Ambiguous reference, assuming memvar: 'DAF_INI'
RH432.PRG(100) Warning C1004  Ambiguous reference, assuming memvar: 'DAF_RET'
RH432.PRG(101) Warning C1004  Ambiguous reference, assuming memvar: 'DINICIO_AV'
RH432.PRG(102) Warning C1004  Ambiguous reference, assuming memvar: 'DFINAL_AV'
RH432.PRG(103) Warning C1004  Ambiguous reference, assuming memvar: 'CREADMISSAO'
RH432.PRG(133) Warning C1004  Ambiguous reference, assuming memvar: 'LALTERAR'
RH432.PRG(134) Warning C1004  Ambiguous reference, assuming memvar: 'CAF_COD'
RH432.PRG(135) Warning C1004  Ambiguous reference, assuming memvar: 'DAF_INI'
RH432.PRG(136) Warning C1004  Ambiguous reference, assuming memvar: 'DAF_RET'
RH432.PRG(137) Warning C1004  Ambiguous reference, assuming memvar: 'DINICIO_AV'
RH432.PRG(138) Warning C1004  Ambiguous reference, assuming memvar: 'DFINAL_AV'
RH432.PRG(139) Warning C1004  Ambiguous reference, assuming memvar: 'CCODSAQFGTS'
RH432.PRG(140) Warning C1004  Ambiguous reference, assuming memvar: 'CREADMISSAO'
RH432.PRG(146) Warning C1004  Ambiguous reference, assuming memvar: 'XFLAG'
RH432.PRG(150) Warning C1003  Ambiguous reference: 'XNIVEL'
RH432.PRG(150) Warning C1003  Ambiguous reference: 'XNIVEL'
RH432.PRG(151) Warning C1003  Ambiguous reference: 'XNIVEL'
RH432.PRG(152) Warning C1003  Ambiguous reference: 'BESCAPE'
RH432.PRG(152) Warning C1001  RETURN statement with no value in function
RH432.PRG(153) Warning C1003  Ambiguous reference: 'XNIVEL'
RH432.PRG(154) Warning C1003  Ambiguous reference: 'XFLAG'
RH432.PRG(154) Warning C1004  Ambiguous reference, assuming memvar: 'XNIVEL'
RH432.PRG(154) Warning C1004  Ambiguous reference, assuming memvar: 'XNIVEL'
RH432.PRG(154) Warning C1004  Ambiguous reference, assuming memvar: 'XNIVEL'
RH432.PRG(154) Warning C1004  Ambiguous reference, assuming memvar: 'XNIVEL'
RH432.PRG(161) Warning C1001  RETURN statement with no value in function
RH432.PRG(167) Warning C1003  Ambiguous reference: 'XFLAG'
RH432.PRG(171) Warning C1003  Ambiguous reference: 'CAF_COD'
RH432.PRG(172) Warning C1003  Ambiguous reference: 'XNIVEL'
RH432.PRG(178) Warning C1003  Ambiguous reference: 'XNIVEL'
RH432.PRG(179) Warning C1003  Ambiguous reference: 'XNIVEL'
RH432.PRG(185) Warning C1003  Ambiguous reference: 'XNIVEL'
RH432.PRG(186) Warning C1003  Ambiguous reference: 'XNIVEL'
RH432.PRG(191) Warning C1003  Ambiguous reference: 'LALTERAR'
RH432.PRG(196) Warning C1003  Ambiguous reference: 'DAF_INI'
RH432.PRG(201) Warning C1003  Ambiguous reference: 'DINICIO_AV'
RH432.PRG(202) Warning C1004  Ambiguous reference, assuming memvar: 'XNIVEL'
RH432.PRG(202) Warning C1004  Ambiguous reference, assuming memvar: 'XNIVEL'
RH432.PRG(205) Warning C1003  Ambiguous reference: 'CCODSAQFGTS'
RH432.PRG(206) Warning C1004  Ambiguous reference, assuming memvar: 'CCODSAQFGTS'
RH432.PRG(209) Warning C1003  Ambiguous reference: 'XNIVEL'
RH432.PRG(209) Warning C1003  Ambiguous reference: 'CREADMISSAO'
RH432.PRG(222) Warning C1003  Ambiguous reference: 'LALTERAR'
RH432.PRG(225) Warning C1001  RETURN statement with no value in function
RH432.PRG(240) Warning C1003  Ambiguous reference: 'XANOMES'
RH432.PRG(258) Warning C1003  Ambiguous reference: 'DAF_INI'
RH432.PRG(259) Warning C1003  Ambiguous reference: 'DAF_RET'
RH432.PRG(260) Warning C1003  Ambiguous reference: 'DINICIO_AV'
RH432.PRG(261) Warning C1003  Ambiguous reference: 'DFINAL_AV'
RH432.PRG(262) Warning C1003  Ambiguous reference: 'CCODSAQFGTS'
RH432.PRG(263) Warning C1003  Ambiguous reference: 'CREADMISSAO'
RH432.PRG(264) Warning C1003  Ambiguous reference: 'DAF_INI'
RH432.PRG(271) Warning C1001  RETURN statement with no value in function
78 warnings                
Code size 2873, Symbols 1152, Constants 855
