238K available
Compiling RH444.PRG
RH444.PRG(13)  Warning C1003  Ambiguous reference: 'XDATASYS'
RH444.PRG(13)  Warning C1004  Ambiguous reference, assuming memvar: 'CANOMES'
RH444.PRG(16)  Warning C1003  Ambiguous reference: 'ANOMES'
RH444.PRG(16)  Warning C1003  Ambiguous reference: 'XANOMES'
RH444.PRG(16)  Warning C1003  Ambiguous reference: 'SITUACAO'
RH444.PRG(49)  Warning C1003  Ambiguous reference: 'COPCAO'
RH444.PRG(49)  Warning C1004  Ambiguous reference, assuming memvar: 'COPCAO'
RH444.PRG(50)  Warning C1003  Ambiguous reference: 'COPCAO'
RH444.PRG(68)  Warning C1003  Ambiguous reference: 'DDI_FERIAS'
RH444.PRG(68)  Warning C1003  Ambiguous reference: 'XNIVEL'
RH444.PRG(68)  Warning C1003  Ambiguous reference: 'XFLAG'
RH444.PRG(68)  Warning C1003  Ambiguous reference: 'DDI_FERIAS'
RH444.PRG(68)  Warning C1004  Ambiguous reference, assuming memvar: 'BESCAPE'
RH444.PRG(72)  Warning C1003  Ambiguous reference: 'DI_FERIAS'
RH444.PRG(72)  Warning C1003  Ambiguous reference: 'DF_FERIAS'
RH444.PRG(72)  Warning C1003  Ambiguous reference: 'PI_FERIAS'
RH444.PRG(72)  Warning C1003  Ambiguous reference: 'PF_FERIAS'
RH444.PRG(74)  Warning C1001  RETURN statement with no value in function
RH444.PRG(79)  Warning C1004  Ambiguous reference, assuming memvar: 'DDI_FERIAS'
RH444.PRG(80)  Warning C1004  Ambiguous reference, assuming memvar: 'DDF_FERIAS'
RH444.PRG(81)  Warning C1004  Ambiguous reference, assuming memvar: 'DPI_FERIAS'
RH444.PRG(82)  Warning C1004  Ambiguous reference, assuming memvar: 'DPF_FERIAS'
RH444.PRG(83)  Warning C1004  Ambiguous reference, assuming memvar: 'DBI_FERIAS'
RH444.PRG(84)  Warning C1004  Ambiguous reference, assuming memvar: 'DBF_FERIAS'
RH444.PRG(90)  Warning C1003  Ambiguous reference: 'DDI_FERIAS'
RH444.PRG(91)  Warning C1003  Ambiguous reference: 'DDF_FERIAS'
RH444.PRG(93)  Warning C1003  Ambiguous reference: 'DPI_FERIAS'
RH444.PRG(94)  Warning C1003  Ambiguous reference: 'DPF_FERIAS'
RH444.PRG(95)  Warning C1003  Ambiguous reference: 'DBI_FERIAS'
RH444.PRG(96)  Warning C1003  Ambiguous reference: 'DBF_FERIAS'
RH444.PRG(103) Warning C1004  Ambiguous reference, assuming memvar: 'XNIVEL'
RH444.PRG(104) Warning C1004  Ambiguous reference, assuming memvar: 'XFLAG'
RH444.PRG(105) Warning C1004  Ambiguous reference, assuming memvar: 'NFALTAS'
RH444.PRG(106) Warning C1004  Ambiguous reference, assuming memvar: 'NFALGET'
RH444.PRG(107) Warning C1004  Ambiguous reference, assuming memvar: 'NFERIAS'
RH444.PRG(114) Warning C1003  Ambiguous reference: 'XNIVEL'
RH444.PRG(114) Warning C1003  Ambiguous reference: 'XNIVEL'
RH444.PRG(115) Warning C1003  Ambiguous reference: 'XNIVEL'
RH444.PRG(116) Warning C1003  Ambiguous reference: 'BESCAPE'
RH444.PRG(116) Warning C1001  RETURN statement with no value in function
RH444.PRG(117) Warning C1003  Ambiguous reference: 'XNIVEL'
RH444.PRG(118) Warning C1003  Ambiguous reference: 'XFLAG'
RH444.PRG(118) Warning C1004  Ambiguous reference, assuming memvar: 'XNIVEL'
RH444.PRG(118) Warning C1004  Ambiguous reference, assuming memvar: 'XNIVEL'
RH444.PRG(118) Warning C1004  Ambiguous reference, assuming memvar: 'XNIVEL'
RH444.PRG(118) Warning C1004  Ambiguous reference, assuming memvar: 'XNIVEL'
RH444.PRG(135) Warning C1003  Ambiguous reference: 'DDF_FERIAS'
RH444.PRG(135) Warning C1003  Ambiguous reference: 'DDI_FERIAS'
RH444.PRG(140) Warning C1003  Ambiguous reference: 'DDI_FERIAS'
RH444.PRG(140) Warning C1003  Ambiguous reference: 'DDF_FERIAS'
RH444.PRG(140) Warning C1004  Ambiguous reference, assuming memvar: 'NFALTAS'
RH444.PRG(141) Warning C1004  Ambiguous reference, assuming memvar: 'NFALTAS'
RH444.PRG(141) Warning C1003  Ambiguous reference: 'DDI_FERIAS'
RH444.PRG(141) Warning C1003  Ambiguous reference: 'DDF_FERIAS'
RH444.PRG(141) Warning C1004  Ambiguous reference, assuming memvar: 'NFALTAS'
RH444.PRG(143) Warning C1003  Ambiguous reference: 'NFALTAS'
RH444.PRG(143) Warning C1004  Ambiguous reference, assuming memvar: 'NFALGET'
RH444.PRG(145) Warning C1003  Ambiguous reference: 'NFALGET'
RH444.PRG(147) Warning C1003  Ambiguous reference: 'NFALGET'
RH444.PRG(147) Warning C1003  Ambiguous reference: 'NFALTAS'
RH444.PRG(148) Warning C1003  Ambiguous reference: 'NFALGET'
RH444.PRG(148) Warning C1004  Ambiguous reference, assuming memvar: 'NFALTAS'
RH444.PRG(151) Warning C1003  Ambiguous reference: 'NFALTAS'
RH444.PRG(154) Warning C1003  Ambiguous reference: 'NFALTAS'
RH444.PRG(155) Warning C1003  Ambiguous reference: 'DPF_FERIAS'
RH444.PRG(155) Warning C1003  Ambiguous reference: 'DPI_FERIAS'
RH444.PRG(155) Warning C1004  Ambiguous reference, assuming memvar: 'NFERIAS'
RH444.PRG(156) Warning C1003  Ambiguous reference: 'NFALTAS'
RH444.PRG(156) Warning C1003  Ambiguous reference: 'NFALTAS'
RH444.PRG(157) Warning C1004  Ambiguous reference, assuming memvar: 'NFERIAS'
RH444.PRG(158) Warning C1003  Ambiguous reference: 'NFALTAS'
RH444.PRG(158) Warning C1003  Ambiguous reference: 'NFALTAS'
RH444.PRG(159) Warning C1004  Ambiguous reference, assuming memvar: 'NFERIAS'
RH444.PRG(160) Warning C1003  Ambiguous reference: 'NFALTAS'
RH444.PRG(160) Warning C1003  Ambiguous reference: 'NFALTAS'
RH444.PRG(161) Warning C1004  Ambiguous reference, assuming memvar: 'NFERIAS'
RH444.PRG(164) Warning C1003  Ambiguous reference: 'XNIVEL'
RH444.PRG(164) Warning C1003  Ambiguous reference: 'NFERIAS'
RH444.PRG(166) Warning C1003  Ambiguous reference: 'NFALTAS'
RH444.PRG(167) Warning C1003  Ambiguous reference: 'DPI_FERIAS'
RH444.PRG(167) Warning C1003  Ambiguous reference: 'NFERIAS'
RH444.PRG(167) Warning C1004  Ambiguous reference, assuming memvar: 'DPF_FERIAS'
RH444.PRG(168) Warning C1003  Ambiguous reference: 'XNIVEL'
RH444.PRG(168) Warning C1003  Ambiguous reference: 'DPF_FERIAS'
RH444.PRG(172) Warning C1003  Ambiguous reference: 'DPF_FERIAS'
RH444.PRG(172) Warning C1003  Ambiguous reference: 'DPI_FERIAS'
RH444.PRG(178) Warning C1003  Ambiguous reference: 'DBI_FERIAS'
RH444.PRG(179) Warning C1003  Ambiguous reference: 'XFLAG'
RH444.PRG(180) Warning C1004  Ambiguous reference, assuming memvar: 'XNIVEL'
RH444.PRG(180) Warning C1004  Ambiguous reference, assuming memvar: 'XNIVEL'
RH444.PRG(182) Warning C1003  Ambiguous reference: 'NFALTAS'
RH444.PRG(183) Warning C1003  Ambiguous reference: 'DPF_FERIAS'
RH444.PRG(183) Warning C1004  Ambiguous reference, assuming memvar: 'DBF_FERIAS'
RH444.PRG(186) Warning C1004  Ambiguous reference, assuming memvar: 'DBF_FERIAS'
RH444.PRG(187) Warning C1004  Ambiguous reference, assuming memvar: 'XNIVEL'
RH444.PRG(187) Warning C1004  Ambiguous reference, assuming memvar: 'XNIVEL'
RH444.PRG(188) Warning C1003  Ambiguous reference: 'XNIVEL'
RH444.PRG(192) Warning C1003  Ambiguous reference: 'DBF_FERIAS'
RH444.PRG(193) Warning C1003  Ambiguous reference: 'DBF_FERIAS'
RH444.PRG(193) Warning C1003  Ambiguous reference: 'DBI_FERIAS'
RH444.PRG(197) Warning C1003  Ambiguous reference: 'XNIVEL'
RH444.PRG(197) Warning C1003  Ambiguous reference: 'DBF_FERIAS'
RH444.PRG(197) Warning C1003  Ambiguous reference: 'DBI_FERIAS'
RH444.PRG(215) Warning C1001  RETURN statement with no value in function
RH444.PRG(228) Warning C1003  Ambiguous reference: 'DPI_FERIAS'
RH444.PRG(229) Warning C1003  Ambiguous reference: 'DPF_FERIAS'
RH444.PRG(230) Warning C1003  Ambiguous reference: 'DPI_FERIAS'
RH444.PRG(231) Warning C1003  Ambiguous reference: 'DPF_FERIAS'
RH444.PRG(232) Warning C1003  Ambiguous reference: 'DBI_FERIAS'
RH444.PRG(233) Warning C1003  Ambiguous reference: 'DBF_FERIAS'
RH444.PRG(238) Warning C1003  Ambiguous reference: 'DDI_FERIAS'
RH444.PRG(239) Warning C1003  Ambiguous reference: 'DDF_FERIAS'
RH444.PRG(241) Warning C1003  Ambiguous reference: 'DBI_FERIAS'
RH444.PRG(241) Warning C1003  Ambiguous reference: 'DBF_FERIAS'
RH444.PRG(242) Warning C1003  Ambiguous reference: 'CANOMES'
RH444.PRG(244) Warning C1003  Ambiguous reference: 'CANOMES'
RH444.PRG(250) Warning C1003  Ambiguous reference: 'CANOMES'
RH444.PRG(252) Warning C1003  Ambiguous reference: 'CANOMES'
RH444.PRG(263) Warning C1001  RETURN statement with no value in function
RH444.PRG(275) Warning C1003  Ambiguous reference: 'CANOMES'
RH444.PRG(278) Warning C1003  Ambiguous reference: 'CANOMES'
RH444.PRG(284) Warning C1003  Ambiguous reference: 'NFALTAS'
RH444.PRG(297) Warning C1003  Ambiguous reference: 'CANOMES'
RH444.PRG(305) Warning C1001  RETURN statement with no value in function
124 warnings                
Code size 2982, Symbols 1168, Constants 938
