312K available
Compiling RH450.PRG
RH450.PRG(14)  Warning C1003  Ambiguous reference: 'XNIVEL'
RH450.PRG(14)  Warning C1003  Ambiguous reference: 'XFLAG'
RH450.PRG(14)  Warning C1004  Ambiguous reference, assuming memvar: 'BESCAPE'
RH450.PRG(16)  Warning C1004  Ambiguous reference, assuming memvar: 'SBLOCO2'
RH450.PRG(17)  Warning C1004  Ambiguous reference, assuming memvar: 'SBLOCO3'
RH450.PRG(25)  Warning C1004  Ambiguous reference, assuming memvar: 'CMICRO'
RH450.PRG(26)  Warning C1004  Ambiguous reference, assuming memvar: 'NTOTFIL'
RH450.PRG(26)  Warning C1004  Ambiguous reference, assuming memvar: 'NFUNGERAL'
RH450.PRG(26)  Warning C1004  Ambiguous reference, assuming memvar: 'NTOTFUN'
RH450.PRG(30)  Warning C1003  Ambiguous reference: 'XDRV_RHX'
RH450.PRG(39)  Warning C1003  Ambiguous reference: 'XDRV_SH'
RH450.PRG(44)  Warning C1003  Ambiguous reference: 'EMPRESA'
RH450.PRG(60)  Warning C1002  Procedure returns value
RH450.PRG(121) Warning C1003  Ambiguous reference: 'COPCAO'
RH450.PRG(121) Warning C1004  Ambiguous reference, assuming memvar: 'COPCAO'
RH450.PRG(124) Warning C1003  Ambiguous reference: 'COPCAO'
RH450.PRG(127) Warning C1003  Ambiguous reference: 'COPCAO'
RH450.PRG(149) Warning C1003  Ambiguous reference: 'FCGCCEI'
RH450.PRG(150) Warning C1003  Ambiguous reference: 'FCAGED'
RH450.PRG(154) Warning C1003  Ambiguous reference: 'COPCAO'
RH450.PRG(154) Warning C1001  RETURN statement with no value in function
RH450.PRG(158) Warning C1003  Ambiguous reference: 'FCAGED'
RH450.PRG(158) Warning C1003  Ambiguous reference: 'XSN'
RH450.PRG(162) Warning C1004  Ambiguous reference, assuming memvar: 'XNIVEL'
RH450.PRG(163) Warning C1004  Ambiguous reference, assuming memvar: 'XFLAG'
RH450.PRG(167) Warning C1003  Ambiguous reference: 'XNIVEL'
RH450.PRG(167) Warning C1003  Ambiguous reference: 'XNIVEL'
RH450.PRG(168) Warning C1003  Ambiguous reference: 'XNIVEL'
RH450.PRG(169) Warning C1003  Ambiguous reference: 'BESCAPE'
RH450.PRG(170) Warning C1003  Ambiguous reference: 'XFLAG'
RH450.PRG(170) Warning C1004  Ambiguous reference, assuming memvar: 'XNIVEL'
RH450.PRG(170) Warning C1004  Ambiguous reference, assuming memvar: 'XNIVEL'
RH450.PRG(170) Warning C1004  Ambiguous reference, assuming memvar: 'XNIVEL'
RH450.PRG(170) Warning C1004  Ambiguous reference, assuming memvar: 'XNIVEL'
RH450.PRG(175) Warning C1003  Ambiguous reference: 'COPCAO'
RH450.PRG(184) Warning C1003  Ambiguous reference: 'FCAGED'
RH450.PRG(185) Warning C1001  RETURN statement with no value in function
RH450.PRG(190) Warning C1004  Ambiguous reference, assuming memvar: 'CPATH'
RH450.PRG(194) Warning C1003  Ambiguous reference: 'CPATH'
RH450.PRG(206) Warning C1001  RETURN statement with no value in function
RH450.PRG(216) Warning C1003  Ambiguous reference: 'COPCAO'
RH450.PRG(216) Warning C1004  Ambiguous reference, assuming memvar: 'COPCAO'
RH450.PRG(224) Warning C1003  Ambiguous reference: 'FENCER_ATIV'
RH450.PRG(224) Warning C1004  Ambiguous reference, assuming memvar: 'FENCER_ATIV'
RH450.PRG(224) Warning C1003  Ambiguous reference: 'FENCER_ATIV'
RH450.PRG(225) Warning C1003  Ambiguous reference: 'FPRIM_DECLA'
RH450.PRG(225) Warning C1004  Ambiguous reference, assuming memvar: 'FPRIM_DECLA'
RH450.PRG(225) Warning C1003  Ambiguous reference: 'FPRIM_DECLA'
RH450.PRG(226) Warning C1003  Ambiguous reference: 'FMUDOU_END'
RH450.PRG(226) Warning C1004  Ambiguous reference, assuming memvar: 'FMUDOU_END'
RH450.PRG(226) Warning C1003  Ambiguous reference: 'FMUDOU_END'
RH450.PRG(227) Warning C1003  Ambiguous reference: 'FMUDOU_ATIV'
RH450.PRG(227) Warning C1004  Ambiguous reference, assuming memvar: 'FMUDOU_ATIV'
RH450.PRG(227) Warning C1003  Ambiguous reference: 'FMUDOU_ATIV'
RH450.PRG(229) Warning C1004  Ambiguous reference, assuming memvar: 'XNIVEL'
RH450.PRG(233) Warning C1003  Ambiguous reference: 'FTIPO_INSC'
RH450.PRG(234) Warning C1003  Ambiguous reference: 'FCGCCPF'
RH450.PRG(235) Warning C1003  Ambiguous reference: 'FENCER_ATIV'
RH450.PRG(236) Warning C1003  Ambiguous reference: 'FPRIM_DECLA'
RH450.PRG(237) Warning C1003  Ambiguous reference: 'FMUDOU_END'
RH450.PRG(238) Warning C1003  Ambiguous reference: 'FMUDOU_ATIV'
RH450.PRG(242) Warning C1003  Ambiguous reference: 'COPCAO'
RH450.PRG(246) Warning C1003  Ambiguous reference: 'FENCER_ATIV'
RH450.PRG(246) Warning C1003  Ambiguous reference: 'SBLOCO2'
RH450.PRG(247) Warning C1003  Ambiguous reference: 'FPRIM_DECLA'
RH450.PRG(247) Warning C1003  Ambiguous reference: 'XSN'
RH450.PRG(248) Warning C1003  Ambiguous reference: 'FMUDOU_END'
RH450.PRG(248) Warning C1003  Ambiguous reference: 'XSN'
RH450.PRG(249) Warning C1003  Ambiguous reference: 'FMUDOU_ATIV'
RH450.PRG(249) Warning C1003  Ambiguous reference: 'XSN'
RH450.PRG(253) Warning C1004  Ambiguous reference, assuming memvar: 'XNIVEL'
RH450.PRG(254) Warning C1004  Ambiguous reference, assuming memvar: 'XFLAG'
RH450.PRG(258) Warning C1003  Ambiguous reference: 'XNIVEL'
RH450.PRG(258) Warning C1003  Ambiguous reference: 'XNIVEL'
RH450.PRG(259) Warning C1003  Ambiguous reference: 'XNIVEL'
RH450.PRG(260) Warning C1003  Ambiguous reference: 'BESCAPE'
RH450.PRG(261) Warning C1003  Ambiguous reference: 'XNIVEL'
RH450.PRG(262) Warning C1003  Ambiguous reference: 'XFLAG'
RH450.PRG(262) Warning C1004  Ambiguous reference, assuming memvar: 'XNIVEL'
RH450.PRG(262) Warning C1004  Ambiguous reference, assuming memvar: 'XNIVEL'
RH450.PRG(262) Warning C1004  Ambiguous reference, assuming memvar: 'XNIVEL'
RH450.PRG(262) Warning C1004  Ambiguous reference, assuming memvar: 'XNIVEL'
RH450.PRG(267) Warning C1003  Ambiguous reference: 'COPCAO'
RH450.PRG(276) Warning C1001  RETURN statement with no value in function
RH450.PRG(285) Warning C1003  Ambiguous reference: 'XNIVEL'
RH450.PRG(285) Warning C1003  Ambiguous reference: 'FENCER_ATIV'
RH450.PRG(287) Warning C1003  Ambiguous reference: 'XNIVEL'
RH450.PRG(287) Warning C1003  Ambiguous reference: 'FPRIM_DECLA'
RH450.PRG(289) Warning C1003  Ambiguous reference: 'XNIVEL'
RH450.PRG(289) Warning C1003  Ambiguous reference: 'FMUDOU_END'
RH450.PRG(291) Warning C1003  Ambiguous reference: 'XNIVEL'
RH450.PRG(291) Warning C1003  Ambiguous reference: 'FMUDOU_ATIV'
RH450.PRG(304) Warning C1003  Ambiguous reference: 'CCONVENIO'
RH450.PRG(305) Warning C1003  Ambiguous reference: 'NBUREAU'
RH450.PRG(308) Warning C1003  Ambiguous reference: 'CDRIVE'
RH450.PRG(308) Warning C1003  Ambiguous reference: 'SBLOCO3'
RH450.PRG(309) Warning C1004  Ambiguous reference, assuming memvar: 'LCONF'
RH450.PRG(314) Warning C1004  Ambiguous reference, assuming memvar: 'XNIVEL'
RH450.PRG(315) Warning C1004  Ambiguous reference, assuming memvar: 'XFLAG'
RH450.PRG(316) Warning C1004  Ambiguous reference, assuming memvar: 'CCAGED'
RH450.PRG(317) Warning C1004  Ambiguous reference, assuming memvar: 'CMICRO'
RH450.PRG(318) Warning C1004  Ambiguous reference, assuming memvar: 'CCONVENIO'
RH450.PRG(319) Warning C1004  Ambiguous reference, assuming memvar: 'NBUREAU'
RH450.PRG(320) Warning C1003  Ambiguous reference: 'XDATASYS'
RH450.PRG(320) Warning C1003  Ambiguous reference: 'XDATASYS'
RH450.PRG(320) Warning C1004  Ambiguous reference, assuming memvar: 'CMESANO'
RH450.PRG(321) Warning C1004  Ambiguous reference, assuming memvar: 'CDRIVE'
RH450.PRG(325) Warning C1003  Ambiguous reference: 'XNIVEL'
RH450.PRG(325) Warning C1003  Ambiguous reference: 'XNIVEL'
RH450.PRG(326) Warning C1003  Ambiguous reference: 'XNIVEL'
RH450.PRG(327) Warning C1003  Ambiguous reference: 'BESCAPE'
RH450.PRG(327) Warning C1001  RETURN statement with no value in function
RH450.PRG(328) Warning C1003  Ambiguous reference: 'XNIVEL'
RH450.PRG(329) Warning C1003  Ambiguous reference: 'XFLAG'
RH450.PRG(329) Warning C1004  Ambiguous reference, assuming memvar: 'XNIVEL'
RH450.PRG(329) Warning C1004  Ambiguous reference, assuming memvar: 'XNIVEL'
RH450.PRG(329) Warning C1004  Ambiguous reference, assuming memvar: 'XNIVEL'
RH450.PRG(329) Warning C1004  Ambiguous reference, assuming memvar: 'XNIVEL'
RH450.PRG(332) Warning C1003  Ambiguous reference: 'LCONF'
RH450.PRG(345) Warning C1003  Ambiguous reference: 'CCONVENIO'
RH450.PRG(350) Warning C1003  Ambiguous reference: 'NBUREAU'
RH450.PRG(350) Warning C1004  Ambiguous reference, assuming memvar: 'NBUREAU'
RH450.PRG(351) Warning C1003  Ambiguous reference: 'XNIVEL'
RH450.PRG(351) Warning C1003  Ambiguous reference: 'NBUREAU'
RH450.PRG(352) Warning C1003  Ambiguous reference: 'XNIVEL'
RH450.PRG(357) Warning C1003  Ambiguous reference: 'XNIVEL'
RH450.PRG(357) Warning C1003  Ambiguous reference: 'CMESANO'
RH450.PRG(359) Warning C1003  Ambiguous reference: 'XNIVEL'
RH450.PRG(359) Warning C1003  Ambiguous reference: 'CDRIVE'
RH450.PRG(370) Warning C1004  Ambiguous reference, assuming memvar: 'NCONT40'
RH450.PRG(370) Warning C1004  Ambiguous reference, assuming memvar: 'NCONT30'
RH450.PRG(371) Warning C1004  Ambiguous reference, assuming memvar: 'NTOTFIL'
RH450.PRG(371) Warning C1004  Ambiguous reference, assuming memvar: 'NFUNGERAL'
RH450.PRG(390) Warning C1003  Ambiguous reference: 'CCONVENIO'
RH450.PRG(390) Warning C1003  Ambiguous reference: 'CMESANO'
RH450.PRG(390) Warning C1004  Ambiguous reference, assuming memvar: 'CCAGED'
RH450.PRG(391) Warning C1004  Ambiguous reference, assuming memvar: 'CCAGED'
RH450.PRG(391) Warning C1004  Ambiguous reference, assuming memvar: 'CCAGED'
RH450.PRG(392) Warning C1004  Ambiguous reference, assuming memvar: 'CCAGED'
RH450.PRG(392) Warning C1004  Ambiguous reference, assuming memvar: 'CCAGED'
RH450.PRG(397) Warning C1003  Ambiguous reference: 'CCAGED'
RH450.PRG(398) Warning C1004  Ambiguous reference, assuming memvar: 'CCAGED'
RH450.PRG(437) Warning C1003  Ambiguous reference: 'ANOMES'
RH450.PRG(437) Warning C1003  Ambiguous reference: 'XANOMES'
RH450.PRG(439) Warning C1003  Ambiguous reference: 'XDRV_RHX'
RH450.PRG(463) Warning C1004  Ambiguous reference, assuming memvar: 'CCAGED'
RH450.PRG(464) Warning C1004  Ambiguous reference, assuming memvar: 'CCAGED'
RH450.PRG(464) Warning C1004  Ambiguous reference, assuming memvar: 'CCAGED'
RH450.PRG(465) Warning C1004  Ambiguous reference, assuming memvar: 'CCAGED'
RH450.PRG(465) Warning C1004  Ambiguous reference, assuming memvar: 'CCAGED'
RH450.PRG(466) Warning C1004  Ambiguous reference, assuming memvar: 'CCAGED'
RH450.PRG(466) Warning C1004  Ambiguous reference, assuming memvar: 'CCAGED'
RH450.PRG(467) Warning C1004  Ambiguous reference, assuming memvar: 'CCAGED'
RH450.PRG(467) Warning C1004  Ambiguous reference, assuming memvar: 'CCAGED'
RH450.PRG(468) Warning C1004  Ambiguous reference, assuming memvar: 'CMICRO'
RH450.PRG(472) Warning C1003  Ambiguous reference: 'CCAGED'
RH450.PRG(473) Warning C1004  Ambiguous reference, assuming memvar: 'CCAGED'
RH450.PRG(477) Warning C1004  Ambiguous reference, assuming memvar: 'NTOTFFF'
RH450.PRG(490) Warning C1003  Ambiguous reference: 'XDATASYS'
RH450.PRG(495) Warning C1003  Ambiguous reference: 'XDATASYS'
RH450.PRG(511) Warning C1003  Ambiguous reference: 'XDATASYS'
RH450.PRG(521) Warning C1003  Ambiguous reference: 'XDATASYS'
RH450.PRG(521) Warning C1003  Ambiguous reference: 'XDATASYS'
RH450.PRG(522) Warning C1004  Ambiguous reference, assuming memvar: 'NTOTFFF'
RH450.PRG(522) Warning C1004  Ambiguous reference, assuming memvar: 'NTOTFFF'
RH450.PRG(525) Warning C1003  Ambiguous reference: 'XDATASYS'
RH450.PRG(535) Warning C1003  Ambiguous reference: 'XDATASYS'
RH450.PRG(544) Warning C1003  Ambiguous reference: 'XDATASYS'
RH450.PRG(548) Warning C1004  Ambiguous reference, assuming memvar: 'NTOTFFF'
RH450.PRG(548) Warning C1004  Ambiguous reference, assuming memvar: 'NTOTFFF'
RH450.PRG(563) Warning C1004  Ambiguous reference, assuming memvar: 'CCAGED'
RH450.PRG(564) Warning C1004  Ambiguous reference, assuming memvar: 'CCAGED'
RH450.PRG(564) Warning C1004  Ambiguous reference, assuming memvar: 'CCAGED'
RH450.PRG(565) Warning C1004  Ambiguous reference, assuming memvar: 'CCAGED'
RH450.PRG(565) Warning C1004  Ambiguous reference, assuming memvar: 'CCAGED'
RH450.PRG(566) Warning C1004  Ambiguous reference, assuming memvar: 'CCAGED'
RH450.PRG(566) Warning C1004  Ambiguous reference, assuming memvar: 'CCAGED'
RH450.PRG(568) Warning C1004  Ambiguous reference, assuming memvar: 'CCAGED'
RH450.PRG(568) Warning C1004  Ambiguous reference, assuming memvar: 'CCAGED'
RH450.PRG(570) Warning C1004  Ambiguous reference, assuming memvar: 'CCAGED'
RH450.PRG(570) Warning C1004  Ambiguous reference, assuming memvar: 'CCAGED'
RH450.PRG(572) Warning C1004  Ambiguous reference, assuming memvar: 'CCAGED'
RH450.PRG(572) Warning C1004  Ambiguous reference, assuming memvar: 'CCAGED'
RH450.PRG(573) Warning C1004  Ambiguous reference, assuming memvar: 'CCAGED'
RH450.PRG(573) Warning C1004  Ambiguous reference, assuming memvar: 'CCAGED'
RH450.PRG(574) Warning C1004  Ambiguous reference, assuming memvar: 'CCAGED'
RH450.PRG(574) Warning C1004  Ambiguous reference, assuming memvar: 'CCAGED'
RH450.PRG(575) Warning C1004  Ambiguous reference, assuming memvar: 'CCAGED'
RH450.PRG(575) Warning C1004  Ambiguous reference, assuming memvar: 'CCAGED'
RH450.PRG(576) Warning C1004  Ambiguous reference, assuming memvar: 'CCAGED'
RH450.PRG(576) Warning C1004  Ambiguous reference, assuming memvar: 'CCAGED'
RH450.PRG(578) Warning C1004  Ambiguous reference, assuming memvar: 'CCAGED'
RH450.PRG(578) Warning C1004  Ambiguous reference, assuming memvar: 'CCAGED'
RH450.PRG(579) Warning C1004  Ambiguous reference, assuming memvar: 'CCAGED'
RH450.PRG(579) Warning C1004  Ambiguous reference, assuming memvar: 'CCAGED'
RH450.PRG(582) Warning C1003  Ambiguous reference: 'CCAGED'
RH450.PRG(583) Warning C1004  Ambiguous reference, assuming memvar: 'CCAGED'
RH450.PRG(585) Warning C1003  Ambiguous reference: 'XDATASYS'
RH450.PRG(585) Warning C1003  Ambiguous reference: 'XDATASYS'
RH450.PRG(587) Warning C1004  Ambiguous reference, assuming memvar: 'CCAGED'
RH450.PRG(588) Warning C1004  Ambiguous reference, assuming memvar: 'CCAGED'
RH450.PRG(588) Warning C1004  Ambiguous reference, assuming memvar: 'CCAGED'
RH450.PRG(589) Warning C1004  Ambiguous reference, assuming memvar: 'CCAGED'
RH450.PRG(589) Warning C1004  Ambiguous reference, assuming memvar: 'CCAGED'
RH450.PRG(590) Warning C1004  Ambiguous reference, assuming memvar: 'CCAGED'
RH450.PRG(590) Warning C1004  Ambiguous reference, assuming memvar: 'CCAGED'
RH450.PRG(592) Warning C1004  Ambiguous reference, assuming memvar: 'CCAGED'
RH450.PRG(592) Warning C1004  Ambiguous reference, assuming memvar: 'CCAGED'
RH450.PRG(594) Warning C1004  Ambiguous reference, assuming memvar: 'CCAGED'
RH450.PRG(594) Warning C1004  Ambiguous reference, assuming memvar: 'CCAGED'
RH450.PRG(596) Warning C1004  Ambiguous reference, assuming memvar: 'CCAGED'
RH450.PRG(596) Warning C1004  Ambiguous reference, assuming memvar: 'CCAGED'
RH450.PRG(597) Warning C1004  Ambiguous reference, assuming memvar: 'CCAGED'
RH450.PRG(597) Warning C1004  Ambiguous reference, assuming memvar: 'CCAGED'
RH450.PRG(598) Warning C1004  Ambiguous reference, assuming memvar: 'CCAGED'
RH450.PRG(598) Warning C1004  Ambiguous reference, assuming memvar: 'CCAGED'
RH450.PRG(599) Warning C1004  Ambiguous reference, assuming memvar: 'CCAGED'
RH450.PRG(599) Warning C1004  Ambiguous reference, assuming memvar: 'CCAGED'
RH450.PRG(600) Warning C1004  Ambiguous reference, assuming memvar: 'CCAGED'
RH450.PRG(600) Warning C1004  Ambiguous reference, assuming memvar: 'CCAGED'
RH450.PRG(602) Warning C1004  Ambiguous reference, assuming memvar: 'CCAGED'
RH450.PRG(602) Warning C1004  Ambiguous reference, assuming memvar: 'CCAGED'
RH450.PRG(603) Warning C1004  Ambiguous reference, assuming memvar: 'CCAGED'
RH450.PRG(603) Warning C1004  Ambiguous reference, assuming memvar: 'CCAGED'
RH450.PRG(607) Warning C1003  Ambiguous reference: 'CCAGED'
RH450.PRG(608) Warning C1004  Ambiguous reference, assuming memvar: 'CCAGED'
RH450.PRG(611) Warning C1004  Ambiguous reference, assuming memvar: 'NFUNGERAL'
RH450.PRG(611) Warning C1004  Ambiguous reference, assuming memvar: 'NFUNGERAL'
RH450.PRG(614) Warning C1004  Ambiguous reference, assuming memvar: 'NTOTFFF'
RH450.PRG(614) Warning C1004  Ambiguous reference, assuming memvar: 'NTOTFFF'
RH450.PRG(616) Warning C1004  Ambiguous reference, assuming memvar: 'NFUNGERAL'
RH450.PRG(616) Warning C1004  Ambiguous reference, assuming memvar: 'NFUNGERAL'
RH450.PRG(623) Warning C1004  Ambiguous reference, assuming memvar: 'NTOTFIL'
RH450.PRG(623) Warning C1004  Ambiguous reference, assuming memvar: 'NTOTFIL'
RH450.PRG(628) Warning C1004  Ambiguous reference, assuming memvar: 'NPOINTER'
RH450.PRG(629) Warning C1003  Ambiguous reference: 'NPOINTER'
RH450.PRG(630) Warning C1004  Ambiguous reference, assuming memvar: 'CLINHA'
RH450.PRG(632) Warning C1004  Ambiguous reference, assuming memvar: 'CLINHA'
RH450.PRG(632) Warning C1003  Ambiguous reference: 'NTOTFFF'
RH450.PRG(632) Warning C1003  Ambiguous reference: 'CMICRO'
RH450.PRG(632) Warning C1004  Ambiguous reference, assuming memvar: 'CLINHA'
RH450.PRG(633) Warning C1003  Ambiguous reference: 'CLINHA'
RH450.PRG(635) Warning C1004  Ambiguous reference, assuming memvar: 'NTOTFFF'
RH450.PRG(659) Warning C1004  Ambiguous reference, assuming memvar: 'CLINHA'
RH450.PRG(661) Warning C1004  Ambiguous reference, assuming memvar: 'NRESTO'
RH450.PRG(664) Warning C1004  Ambiguous reference, assuming memvar: 'NRESTO'
RH450.PRG(666) Warning C1004  Ambiguous reference, assuming memvar: 'NRESTO'
RH450.PRG(669) Warning C1004  Ambiguous reference, assuming memvar: 'CLINHA'
RH450.PRG(669) Warning C1003  Ambiguous reference: 'NRESTO'
RH450.PRG(669) Warning C1003  Ambiguous reference: 'NTOTFIL'
RH450.PRG(669) Warning C1003  Ambiguous reference: 'NFUNGERAL'
RH450.PRG(669) Warning C1004  Ambiguous reference, assuming memvar: 'CLINHA'
RH450.PRG(671) Warning C1003  Ambiguous reference: 'CLINHA'
RH450.PRG(672) Warning C1004  Ambiguous reference, assuming memvar: 'CLINHA'
RH450.PRG(680) Warning C1003  Ambiguous reference: 'CDRIVE'
RH450.PRG(680) Warning C1003  Ambiguous reference: 'CCONVENIO'
RH450.PRG(696) Warning C1001  RETURN statement with no value in function
257 warnings                
Code size 7000, Symbols 2304, Constants 2312
