274K available
Compiling RH460.PRG
RH460.PRG(14)  Warning C1003  Ambiguous reference: 'XNIVEL'
RH460.PRG(14)  Warning C1003  Ambiguous reference: 'XFLAG'
RH460.PRG(14)  Warning C1004  Ambiguous reference, assuming memvar: 'BESCAPE'
RH460.PRG(16)  Warning C1004  Ambiguous reference, assuming memvar: 'SBLOCO1'
RH460.PRG(17)  Warning C1004  Ambiguous reference, assuming memvar: 'SBLOCO2'
RH460.PRG(20)  Warning C1004  Ambiguous reference, assuming memvar: 'AEDICAO1'
RH460.PRG(21)  Warning C1004  Ambiguous reference, assuming memvar: 'AEDICAO2'
RH460.PRG(22)  Warning C1004  Ambiguous reference, assuming memvar: 'ATOTMES'
RH460.PRG(31)  Warning C1003  Ambiguous reference: 'XDRV_RHX'
RH460.PRG(53)  Warning C1003  Ambiguous reference: 'COPCAO'
RH460.PRG(53)  Warning C1004  Ambiguous reference, assuming memvar: 'COPCAO'
RH460.PRG(56)  Warning C1003  Ambiguous reference: 'COPCAO'
RH460.PRG(59)  Warning C1003  Ambiguous reference: 'COPCAO'
RH460.PRG(77)  Warning C1003  Ambiguous reference: 'FSEI'
RH460.PRG(77)  Warning C1004  Ambiguous reference, assuming memvar: 'FSEI'
RH460.PRG(77)  Warning C1003  Ambiguous reference: 'FSEI'
RH460.PRG(79)  Warning C1004  Ambiguous reference, assuming memvar: 'XNIVEL'
RH460.PRG(83)  Warning C1003  Ambiguous reference: 'FTIPO_INSC'
RH460.PRG(84)  Warning C1003  Ambiguous reference: 'FCGCCPF'
RH460.PRG(86)  Warning C1004  Ambiguous reference, assuming memvar: 'XNIVEL'
RH460.PRG(86)  Warning C1004  Ambiguous reference, assuming memvar: 'XNIVEL'
RH460.PRG(86)  Warning C1003  Ambiguous reference: 'FSEI'
RH460.PRG(88)  Warning C1004  Ambiguous reference, assuming memvar: 'XNIVEL'
RH460.PRG(88)  Warning C1004  Ambiguous reference, assuming memvar: 'XNIVEL'
RH460.PRG(89)  Warning C1004  Ambiguous reference, assuming memvar: 'XNIVEL'
RH460.PRG(89)  Warning C1004  Ambiguous reference, assuming memvar: 'XNIVEL'
RH460.PRG(90)  Warning C1004  Ambiguous reference, assuming memvar: 'XNIVEL'
RH460.PRG(90)  Warning C1004  Ambiguous reference, assuming memvar: 'XNIVEL'
RH460.PRG(91)  Warning C1004  Ambiguous reference, assuming memvar: 'XNIVEL'
RH460.PRG(91)  Warning C1004  Ambiguous reference, assuming memvar: 'XNIVEL'
RH460.PRG(92)  Warning C1004  Ambiguous reference, assuming memvar: 'XNIVEL'
RH460.PRG(92)  Warning C1004  Ambiguous reference, assuming memvar: 'XNIVEL'
RH460.PRG(93)  Warning C1004  Ambiguous reference, assuming memvar: 'XNIVEL'
RH460.PRG(93)  Warning C1004  Ambiguous reference, assuming memvar: 'XNIVEL'
RH460.PRG(94)  Warning C1004  Ambiguous reference, assuming memvar: 'XNIVEL'
RH460.PRG(94)  Warning C1004  Ambiguous reference, assuming memvar: 'XNIVEL'
RH460.PRG(95)  Warning C1004  Ambiguous reference, assuming memvar: 'XNIVEL'
RH460.PRG(95)  Warning C1004  Ambiguous reference, assuming memvar: 'XNIVEL'
RH460.PRG(96)  Warning C1004  Ambiguous reference, assuming memvar: 'XNIVEL'
RH460.PRG(96)  Warning C1004  Ambiguous reference, assuming memvar: 'XNIVEL'
RH460.PRG(100) Warning C1003  Ambiguous reference: 'COPCAO'
RH460.PRG(104) Warning C1003  Ambiguous reference: 'FSEI'
RH460.PRG(104) Warning C1003  Ambiguous reference: 'SBLOCO2'
RH460.PRG(105) Warning C1003  Ambiguous reference: 'FCPF_RESP'
RH460.PRG(106) Warning C1003  Ambiguous reference: 'FULT_RECIBO'
RH460.PRG(107) Warning C1003  Ambiguous reference: 'FCPF_PREENC'
RH460.PRG(108) Warning C1003  Ambiguous reference: 'FNOME_RESP'
RH460.PRG(109) Warning C1003  Ambiguous reference: 'FDDD_RESP'
RH460.PRG(110) Warning C1003  Ambiguous reference: 'FTEL_RESP'
RH460.PRG(111) Warning C1003  Ambiguous reference: 'FRAMAL_RESP'
RH460.PRG(112) Warning C1003  Ambiguous reference: 'FFAX_RESP'
RH460.PRG(113) Warning C1003  Ambiguous reference: 'FEMAIL_RESP'
RH460.PRG(117) Warning C1004  Ambiguous reference, assuming memvar: 'XNIVEL'
RH460.PRG(118) Warning C1004  Ambiguous reference, assuming memvar: 'XFLAG'
RH460.PRG(122) Warning C1003  Ambiguous reference: 'XNIVEL'
RH460.PRG(122) Warning C1003  Ambiguous reference: 'XNIVEL'
RH460.PRG(123) Warning C1003  Ambiguous reference: 'XNIVEL'
RH460.PRG(124) Warning C1003  Ambiguous reference: 'BESCAPE'
RH460.PRG(125) Warning C1003  Ambiguous reference: 'XNIVEL'
RH460.PRG(126) Warning C1003  Ambiguous reference: 'XFLAG'
RH460.PRG(126) Warning C1004  Ambiguous reference, assuming memvar: 'XNIVEL'
RH460.PRG(126) Warning C1004  Ambiguous reference, assuming memvar: 'XNIVEL'
RH460.PRG(126) Warning C1004  Ambiguous reference, assuming memvar: 'XNIVEL'
RH460.PRG(126) Warning C1004  Ambiguous reference, assuming memvar: 'XNIVEL'
RH460.PRG(131) Warning C1003  Ambiguous reference: 'COPCAO'
RH460.PRG(140) Warning C1001  RETURN statement with no value in function
RH460.PRG(150) Warning C1003  Ambiguous reference: 'XNIVEL'
RH460.PRG(150) Warning C1003  Ambiguous reference: 'FSEI'
RH460.PRG(163) Warning C1003  Ambiguous reference: 'CANOBASE'
RH460.PRG(164) Warning C1003  Ambiguous reference: 'CDRIVE'
RH460.PRG(164) Warning C1003  Ambiguous reference: 'SBLOCO1'
RH460.PRG(165) Warning C1004  Ambiguous reference, assuming memvar: 'LCONF'
RH460.PRG(170) Warning C1004  Ambiguous reference, assuming memvar: 'XNIVEL'
RH460.PRG(171) Warning C1004  Ambiguous reference, assuming memvar: 'XFLAG'
RH460.PRG(172) Warning C1004  Ambiguous reference, assuming memvar: 'CRESP'
RH460.PRG(173) Warning C1004  Ambiguous reference, assuming memvar: 'CANOBASE'
RH460.PRG(174) Warning C1004  Ambiguous reference, assuming memvar: 'CDRIVE'
RH460.PRG(178) Warning C1003  Ambiguous reference: 'XNIVEL'
RH460.PRG(178) Warning C1003  Ambiguous reference: 'XNIVEL'
RH460.PRG(179) Warning C1003  Ambiguous reference: 'XNIVEL'
RH460.PRG(180) Warning C1003  Ambiguous reference: 'BESCAPE'
RH460.PRG(180) Warning C1001  RETURN statement with no value in function
RH460.PRG(181) Warning C1003  Ambiguous reference: 'XNIVEL'
RH460.PRG(182) Warning C1003  Ambiguous reference: 'XFLAG'
RH460.PRG(182) Warning C1004  Ambiguous reference, assuming memvar: 'XNIVEL'
RH460.PRG(182) Warning C1004  Ambiguous reference, assuming memvar: 'XNIVEL'
RH460.PRG(182) Warning C1004  Ambiguous reference, assuming memvar: 'XNIVEL'
RH460.PRG(182) Warning C1004  Ambiguous reference, assuming memvar: 'XNIVEL'
RH460.PRG(185) Warning C1003  Ambiguous reference: 'LCONF'
RH460.PRG(200) Warning C1003  Ambiguous reference: 'XNIVEL'
RH460.PRG(200) Warning C1003  Ambiguous reference: 'CANOBASE'
RH460.PRG(202) Warning C1003  Ambiguous reference: 'XNIVEL'
RH460.PRG(202) Warning C1003  Ambiguous reference: 'CDRIVE'
RH460.PRG(212) Warning C1004  Ambiguous reference, assuming memvar: 'NTOTREG'
RH460.PRG(212) Warning C1004  Ambiguous reference, assuming memvar: 'NULT'
RH460.PRG(212) Warning C1004  Ambiguous reference, assuming memvar: 'NIRRF'
RH460.PRG(212) Warning C1004  Ambiguous reference, assuming memvar: 'NDEDU'
RH460.PRG(213) Warning C1004  Ambiguous reference, assuming memvar: 'NTTIRRF13'
RH460.PRG(213) Warning C1004  Ambiguous reference, assuming memvar: 'NTTDEDU13'
RH460.PRG(216) Warning C1004  Ambiguous reference, assuming memvar: 'NTTDEPE'
RH460.PRG(216) Warning C1004  Ambiguous reference, assuming memvar: 'NDEPE'
RH460.PRG(216) Warning C1004  Ambiguous reference, assuming memvar: 'NTTPENSAO'
RH460.PRG(216) Warning C1004  Ambiguous reference, assuming memvar: 'NPENSAO'
RH460.PRG(216) Warning C1004  Ambiguous reference, assuming memvar: 'NTTINSS'
RH460.PRG(225) Warning C1003  Ambiguous reference: 'XDRV_RH'
RH460.PRG(225) Warning C1003  Ambiguous reference: 'CPF_NUM'
RH460.PRG(232) Warning C1004  Ambiguous reference, assuming memvar: 'NCONT'
RH460.PRG(232) Warning C1004  Ambiguous reference, assuming memvar: 'NCONT'
RH460.PRG(232) Warning C1004  Ambiguous reference, assuming memvar: 'NCONT'
RH460.PRG(232) Warning C1003  Ambiguous reference: 'NCONT'
RH460.PRG(233) Warning C1003  Ambiguous reference: 'ATOTMES'
RH460.PRG(332) Warning C1003  Ambiguous reference: 'CANOBASE'
RH460.PRG(339) Warning C1003  Ambiguous reference: 'CANOBASE'
RH460.PRG(340) Warning C1003  Ambiguous reference: 'CANOBASE'
RH460.PRG(370) Warning C1003  Ambiguous reference: 'CANOBASE'
RH460.PRG(374) Warning C1004  Ambiguous reference, assuming memvar: 'NCONT'
RH460.PRG(374) Warning C1004  Ambiguous reference, assuming memvar: 'NCONT'
RH460.PRG(374) Warning C1004  Ambiguous reference, assuming memvar: 'NCONT'
RH460.PRG(374) Warning C1003  Ambiguous reference: 'NCONT'
RH460.PRG(379) Warning C1003  Ambiguous reference: 'CANOBASE'
RH460.PRG(380) Warning C1004  Ambiguous reference, assuming memvar: 'NULT'
RH460.PRG(386) Warning C1004  Ambiguous reference, assuming memvar: 'NTTIRRF13'
RH460.PRG(392) Warning C1003  Ambiguous reference: 'NULT'
RH460.PRG(393) Warning C1003  Ambiguous reference: 'NULT'
RH460.PRG(406) Warning C1004  Ambiguous reference, assuming memvar: 'NTTDEDU13'
RH460.PRG(407) Warning C1004  Ambiguous reference, assuming memvar: 'NTTIRRF13'
RH460.PRG(420) Warning C1003  Ambiguous reference: 'CANOBASE'
RH460.PRG(424) Warning C1004  Ambiguous reference, assuming memvar: 'NCONT'
RH460.PRG(424) Warning C1004  Ambiguous reference, assuming memvar: 'NCONT'
RH460.PRG(424) Warning C1004  Ambiguous reference, assuming memvar: 'NCONT'
RH460.PRG(424) Warning C1003  Ambiguous reference: 'NCONT'
RH460.PRG(430) Warning C1003  Ambiguous reference: 'CANOBASE'
RH460.PRG(431) Warning C1004  Ambiguous reference, assuming memvar: 'NULT'
RH460.PRG(442) Warning C1003  Ambiguous reference: 'NULT'
RH460.PRG(443) Warning C1003  Ambiguous reference: 'NULT'
RH460.PRG(456) Warning C1004  Ambiguous reference, assuming memvar: 'NTTDEDU13'
RH460.PRG(457) Warning C1004  Ambiguous reference, assuming memvar: 'NTTIRRF13'
RH460.PRG(470) Warning C1003  Ambiguous reference: 'CANOBASE'
RH460.PRG(474) Warning C1004  Ambiguous reference, assuming memvar: 'NCONT'
RH460.PRG(474) Warning C1004  Ambiguous reference, assuming memvar: 'NCONT'
RH460.PRG(474) Warning C1004  Ambiguous reference, assuming memvar: 'NCONT'
RH460.PRG(474) Warning C1003  Ambiguous reference: 'NCONT'
RH460.PRG(480) Warning C1003  Ambiguous reference: 'CANOBASE'
RH460.PRG(481) Warning C1004  Ambiguous reference, assuming memvar: 'NULT'
RH460.PRG(492) Warning C1003  Ambiguous reference: 'NULT'
RH460.PRG(493) Warning C1003  Ambiguous reference: 'NULT'
RH460.PRG(506) Warning C1004  Ambiguous reference, assuming memvar: 'NTTDEDU13'
RH460.PRG(507) Warning C1004  Ambiguous reference, assuming memvar: 'NTTIRRF13'
RH460.PRG(520) Warning C1003  Ambiguous reference: 'CANOBASE'
RH460.PRG(524) Warning C1004  Ambiguous reference, assuming memvar: 'NCONT'
RH460.PRG(524) Warning C1004  Ambiguous reference, assuming memvar: 'NCONT'
RH460.PRG(524) Warning C1004  Ambiguous reference, assuming memvar: 'NCONT'
RH460.PRG(524) Warning C1003  Ambiguous reference: 'NCONT'
RH460.PRG(530) Warning C1003  Ambiguous reference: 'CANOBASE'
RH460.PRG(531) Warning C1004  Ambiguous reference, assuming memvar: 'NULT'
RH460.PRG(542) Warning C1003  Ambiguous reference: 'NULT'
RH460.PRG(543) Warning C1003  Ambiguous reference: 'NULT'
RH460.PRG(556) Warning C1004  Ambiguous reference, assuming memvar: 'NTTDEDU13'
RH460.PRG(557) Warning C1004  Ambiguous reference, assuming memvar: 'NTTIRRF13'
RH460.PRG(597) Warning C1001  RETURN statement with no value in function
RH460.PRG(719) Warning C1001  RETURN statement with no value in function
161 warnings                
Code size 5597, Symbols 2032, Constants 1235
