312K available
Compiling RH471.PRG
RH471.PRG(14)  Warning C1003  Ambiguous reference: 'XNIVEL'
RH471.PRG(14)  Warning C1003  Ambiguous reference: 'XFLAG'
RH471.PRG(14)  Warning C1004  Ambiguous reference, assuming memvar: 'BESCAPE'
RH471.PRG(16)  Warning C1004  Ambiguous reference, assuming memvar: 'SBLOCO2'
RH471.PRG(17)  Warning C1004  Ambiguous reference, assuming memvar: 'SBLOCO3'
RH471.PRG(18)  Warning C1004  Ambiguous reference, assuming memvar: 'SBLOCO4'
RH471.PRG(19)  Warning C1004  Ambiguous reference, assuming memvar: 'SBLOCO5'
RH471.PRG(20)  Warning C1004  Ambiguous reference, assuming memvar: 'SBLOCO6'
RH471.PRG(23)  Warning C1004  Ambiguous reference, assuming memvar: 'AEDICAO'
RH471.PRG(24)  Warning C1004  Ambiguous reference, assuming memvar: 'AEMPR'
RH471.PRG(29)  Warning C1004  Ambiguous reference, assuming memvar: 'CRESP'
RH471.PRG(30)  Warning C1004  Ambiguous reference, assuming memvar: 'CENDRESP'
RH471.PRG(31)  Warning C1004  Ambiguous reference, assuming memvar: 'CCOMPL'
RH471.PRG(32)  Warning C1004  Ambiguous reference, assuming memvar: 'NNUMERO'
RH471.PRG(33)  Warning C1004  Ambiguous reference, assuming memvar: 'CBAIRRO'
RH471.PRG(37)  Warning C1004  Ambiguous reference, assuming memvar: 'DDT_RET'
RH471.PRG(44)  Warning C1004  Ambiguous reference, assuming memvar: 'CFONE'
RH471.PRG(48)  Warning C1003  Ambiguous reference: 'XDRV_RH'
RH471.PRG(55)  Warning C1003  Ambiguous reference: 'XDRV_SH'
RH471.PRG(60)  Warning C1003  Ambiguous reference: 'EMPRESA'
RH471.PRG(76)  Warning C1002  Procedure returns value
RH471.PRG(136) Warning C1003  Ambiguous reference: 'COPCAO'
RH471.PRG(136) Warning C1004  Ambiguous reference, assuming memvar: 'COPCAO'
RH471.PRG(139) Warning C1003  Ambiguous reference: 'COPCAO'
RH471.PRG(142) Warning C1003  Ambiguous reference: 'COPCAO'
RH471.PRG(165) Warning C1003  Ambiguous reference: 'FCGCCEI'
RH471.PRG(167) Warning C1004  Ambiguous reference, assuming memvar: 'XNIVEL'
RH471.PRG(168) Warning C1004  Ambiguous reference, assuming memvar: 'XNIVEL'
RH471.PRG(168) Warning C1004  Ambiguous reference, assuming memvar: 'XNIVEL'
RH471.PRG(168) Warning C1003  Ambiguous reference: 'FRAIS'
RH471.PRG(172) Warning C1003  Ambiguous reference: 'COPCAO'
RH471.PRG(172) Warning C1001  RETURN statement with no value in function
RH471.PRG(176) Warning C1003  Ambiguous reference: 'FRAIS'
RH471.PRG(176) Warning C1003  Ambiguous reference: 'XSN'
RH471.PRG(178) Warning C1004  Ambiguous reference, assuming memvar: 'XNIVEL'
RH471.PRG(179) Warning C1004  Ambiguous reference, assuming memvar: 'XFLAG'
RH471.PRG(183) Warning C1003  Ambiguous reference: 'XNIVEL'
RH471.PRG(183) Warning C1003  Ambiguous reference: 'XNIVEL'
RH471.PRG(184) Warning C1003  Ambiguous reference: 'XNIVEL'
RH471.PRG(185) Warning C1003  Ambiguous reference: 'BESCAPE'
RH471.PRG(185) Warning C1001  RETURN statement with no value in function
RH471.PRG(186) Warning C1003  Ambiguous reference: 'XFLAG'
RH471.PRG(186) Warning C1004  Ambiguous reference, assuming memvar: 'XNIVEL'
RH471.PRG(186) Warning C1004  Ambiguous reference, assuming memvar: 'XNIVEL'
RH471.PRG(186) Warning C1004  Ambiguous reference, assuming memvar: 'XNIVEL'
RH471.PRG(186) Warning C1004  Ambiguous reference, assuming memvar: 'XNIVEL'
RH471.PRG(191) Warning C1003  Ambiguous reference: 'COPCAO'
RH471.PRG(200) Warning C1003  Ambiguous reference: 'FRAIS'
RH471.PRG(201) Warning C1001  RETURN statement with no value in function
RH471.PRG(206) Warning C1004  Ambiguous reference, assuming memvar: 'CPATH'
RH471.PRG(210) Warning C1003  Ambiguous reference: 'CPATH'
RH471.PRG(222) Warning C1001  RETURN statement with no value in function
RH471.PRG(232) Warning C1003  Ambiguous reference: 'COPCAO'
RH471.PRG(232) Warning C1004  Ambiguous reference, assuming memvar: 'COPCAO'
RH471.PRG(240) Warning C1003  Ambiguous reference: 'FMUDOU_INSC'
RH471.PRG(240) Warning C1004  Ambiguous reference, assuming memvar: 'FMUDOU_INSC'
RH471.PRG(240) Warning C1003  Ambiguous reference: 'FMUDOU_INSC'
RH471.PRG(241) Warning C1003  Ambiguous reference: 'FMUDOU_END'
RH471.PRG(241) Warning C1004  Ambiguous reference, assuming memvar: 'FMUDOU_END'
RH471.PRG(241) Warning C1003  Ambiguous reference: 'FMUDOU_END'
RH471.PRG(243) Warning C1004  Ambiguous reference, assuming memvar: 'XNIVEL'
RH471.PRG(247) Warning C1003  Ambiguous reference: 'FTIPO_INSC'
RH471.PRG(248) Warning C1003  Ambiguous reference: 'FCGCCPF'
RH471.PRG(249) Warning C1003  Ambiguous reference: 'FMUDOU_INSC'
RH471.PRG(250) Warning C1003  Ambiguous reference: 'FCAUSA_ALTE'
RH471.PRG(251) Warning C1003  Ambiguous reference: 'FINSC_ANTE'
RH471.PRG(252) Warning C1003  Ambiguous reference: 'FMUDOU_END'
RH471.PRG(253) Warning C1003  Ambiguous reference: 'FMES_DTBASE'
RH471.PRG(254) Warning C1003  Ambiguous reference: 'FNATU_JURID'
RH471.PRG(255) Warning C1003  Ambiguous reference: 'FPART_PAT'
RH471.PRG(256) Warning C1003  Ambiguous reference: 'FMICRO_EMP'
RH471.PRG(257) Warning C1003  Ambiguous reference: 'FPEQ_PORTE'
RH471.PRG(258) Warning C1003  Ambiguous reference: 'FOP_SIMPLES'
RH471.PRG(259) Warning C1003  Ambiguous reference: 'FPROPRIET'
RH471.PRG(263) Warning C1003  Ambiguous reference: 'COPCAO'
RH471.PRG(267) Warning C1003  Ambiguous reference: 'FMUDOU_INSC'
RH471.PRG(267) Warning C1003  Ambiguous reference: 'XSN'
RH471.PRG(268) Warning C1003  Ambiguous reference: 'FCAUSA_ALTE'
RH471.PRG(268) Warning C1003  Ambiguous reference: 'SBLOCO2'
RH471.PRG(269) Warning C1003  Ambiguous reference: 'FINSC_ANTE'
RH471.PRG(270) Warning C1003  Ambiguous reference: 'FMUDOU_END'
RH471.PRG(270) Warning C1003  Ambiguous reference: 'XSN'
RH471.PRG(271) Warning C1003  Ambiguous reference: 'FMES_DTBASE'
RH471.PRG(272) Warning C1003  Ambiguous reference: 'FNATU_JURID'
RH471.PRG(273) Warning C1003  Ambiguous reference: 'FPART_PAT'
RH471.PRG(273) Warning C1003  Ambiguous reference: 'XSN'
RH471.PRG(274) Warning C1003  Ambiguous reference: 'FMICRO_EMP'
RH471.PRG(274) Warning C1003  Ambiguous reference: 'XSN'
RH471.PRG(275) Warning C1003  Ambiguous reference: 'FPEQ_PORTE'
RH471.PRG(275) Warning C1003  Ambiguous reference: 'XSN'
RH471.PRG(276) Warning C1003  Ambiguous reference: 'FOP_SIMPLES'
RH471.PRG(276) Warning C1003  Ambiguous reference: 'XSN'
RH471.PRG(277) Warning C1003  Ambiguous reference: 'FPROPRIET'
RH471.PRG(281) Warning C1004  Ambiguous reference, assuming memvar: 'XNIVEL'
RH471.PRG(282) Warning C1004  Ambiguous reference, assuming memvar: 'XFLAG'
RH471.PRG(286) Warning C1003  Ambiguous reference: 'XNIVEL'
RH471.PRG(286) Warning C1003  Ambiguous reference: 'XNIVEL'
RH471.PRG(287) Warning C1003  Ambiguous reference: 'XNIVEL'
RH471.PRG(288) Warning C1003  Ambiguous reference: 'BESCAPE'
RH471.PRG(289) Warning C1003  Ambiguous reference: 'XNIVEL'
RH471.PRG(290) Warning C1003  Ambiguous reference: 'XFLAG'
RH471.PRG(290) Warning C1004  Ambiguous reference, assuming memvar: 'XNIVEL'
RH471.PRG(290) Warning C1004  Ambiguous reference, assuming memvar: 'XNIVEL'
RH471.PRG(290) Warning C1004  Ambiguous reference, assuming memvar: 'XNIVEL'
RH471.PRG(290) Warning C1004  Ambiguous reference, assuming memvar: 'XNIVEL'
RH471.PRG(295) Warning C1003  Ambiguous reference: 'COPCAO'
RH471.PRG(304) Warning C1001  RETURN statement with no value in function
RH471.PRG(313) Warning C1003  Ambiguous reference: 'XNIVEL'
RH471.PRG(313) Warning C1003  Ambiguous reference: 'FMUDOU_INSC'
RH471.PRG(314) Warning C1003  Ambiguous reference: 'FMUDOU_INSC'
RH471.PRG(317) Warning C1004  Ambiguous reference, assuming memvar: 'FCAUSA_ALTE'
RH471.PRG(318) Warning C1004  Ambiguous reference, assuming memvar: 'FINSC_ANTE'
RH471.PRG(319) Warning C1004  Ambiguous reference, assuming memvar: 'XNIVEL'
RH471.PRG(319) Warning C1004  Ambiguous reference, assuming memvar: 'XNIVEL'
RH471.PRG(322) Warning C1003  Ambiguous reference: 'FMUDOU_INSC'
RH471.PRG(323) Warning C1003  Ambiguous reference: 'XNIVEL'
RH471.PRG(323) Warning C1003  Ambiguous reference: 'FCAUSA_ALTE'
RH471.PRG(326) Warning C1003  Ambiguous reference: 'XNIVEL'
RH471.PRG(326) Warning C1003  Ambiguous reference: 'FMUDOU_END'
RH471.PRG(328) Warning C1003  Ambiguous reference: 'FMES_DTBASE'
RH471.PRG(333) Warning C1003  Ambiguous reference: 'XNIVEL'
RH471.PRG(333) Warning C1003  Ambiguous reference: 'FPROPRIET'
RH471.PRG(333) Warning C1004  Ambiguous reference, assuming memvar: 'FPROPRIET'
RH471.PRG(335) Warning C1003  Ambiguous reference: 'FNATU_JURID'
RH471.PRG(339) Warning C1003  Ambiguous reference: 'FNATU_JURID'
RH471.PRG(355) Warning C1003  Ambiguous reference: 'CANOBASE'
RH471.PRG(356) Warning C1003  Ambiguous reference: 'CDRIVE'
RH471.PRG(356) Warning C1003  Ambiguous reference: 'SBLOCO3'
RH471.PRG(357) Warning C1003  Ambiguous reference: 'CCORRESP'
RH471.PRG(357) Warning C1003  Ambiguous reference: 'SBLOCO4'
RH471.PRG(358) Warning C1003  Ambiguous reference: 'CRESP'
RH471.PRG(359) Warning C1003  Ambiguous reference: 'CENDRESP'
RH471.PRG(360) Warning C1003  Ambiguous reference: 'NNUMERO'
RH471.PRG(361) Warning C1003  Ambiguous reference: 'CCOMPL'
RH471.PRG(362) Warning C1003  Ambiguous reference: 'CBAIRRO'
RH471.PRG(363) Warning C1003  Ambiguous reference: 'CCGM'
RH471.PRG(364) Warning C1003  Ambiguous reference: 'CFONE'
RH471.PRG(365) Warning C1003  Ambiguous reference: 'CTP_ENT'
RH471.PRG(365) Warning C1003  Ambiguous reference: 'SBLOCO5'
RH471.PRG(366) Warning C1003  Ambiguous reference: 'CTP_DEC'
RH471.PRG(366) Warning C1003  Ambiguous reference: 'SBLOCO6'
RH471.PRG(367) Warning C1003  Ambiguous reference: 'DDT_RET'
RH471.PRG(368) Warning C1004  Ambiguous reference, assuming memvar: 'LCONF'
RH471.PRG(373) Warning C1004  Ambiguous reference, assuming memvar: 'XNIVEL'
RH471.PRG(374) Warning C1004  Ambiguous reference, assuming memvar: 'XFLAG'
RH471.PRG(375) Warning C1004  Ambiguous reference, assuming memvar: 'CRAIS'
RH471.PRG(376) Warning C1004  Ambiguous reference, assuming memvar: 'CANOBASE'
RH471.PRG(377) Warning C1004  Ambiguous reference, assuming memvar: 'CDRIVE'
RH471.PRG(378) Warning C1004  Ambiguous reference, assuming memvar: 'CCORRESP'
RH471.PRG(379) Warning C1004  Ambiguous reference, assuming memvar: 'CRESP'
RH471.PRG(380) Warning C1004  Ambiguous reference, assuming memvar: 'CENDRESP'
RH471.PRG(381) Warning C1004  Ambiguous reference, assuming memvar: 'NNUMERO'
RH471.PRG(382) Warning C1004  Ambiguous reference, assuming memvar: 'CCOMPL'
RH471.PRG(383) Warning C1004  Ambiguous reference, assuming memvar: 'CBAIRRO'
RH471.PRG(384) Warning C1004  Ambiguous reference, assuming memvar: 'CCGM'
RH471.PRG(385) Warning C1004  Ambiguous reference, assuming memvar: 'CTP_ENT'
RH471.PRG(386) Warning C1004  Ambiguous reference, assuming memvar: 'CTP_DEC'
RH471.PRG(387) Warning C1004  Ambiguous reference, assuming memvar: 'DDT_RET'
RH471.PRG(389) Warning C1003  Ambiguous reference: 'CANOBASE'
RH471.PRG(389) Warning C1004  Ambiguous reference, assuming memvar: 'CANOMES'
RH471.PRG(390) Warning C1004  Ambiguous reference, assuming memvar: 'CFONE'
RH471.PRG(394) Warning C1003  Ambiguous reference: 'XNIVEL'
RH471.PRG(394) Warning C1003  Ambiguous reference: 'XNIVEL'
RH471.PRG(395) Warning C1003  Ambiguous reference: 'XNIVEL'
RH471.PRG(396) Warning C1003  Ambiguous reference: 'BESCAPE'
RH471.PRG(396) Warning C1001  RETURN statement with no value in function
RH471.PRG(397) Warning C1003  Ambiguous reference: 'XNIVEL'
RH471.PRG(398) Warning C1003  Ambiguous reference: 'XFLAG'
RH471.PRG(398) Warning C1004  Ambiguous reference, assuming memvar: 'XNIVEL'
RH471.PRG(398) Warning C1004  Ambiguous reference, assuming memvar: 'XNIVEL'
RH471.PRG(398) Warning C1004  Ambiguous reference, assuming memvar: 'XNIVEL'
RH471.PRG(398) Warning C1004  Ambiguous reference, assuming memvar: 'XNIVEL'
RH471.PRG(401) Warning C1003  Ambiguous reference: 'LCONF'
RH471.PRG(414) Warning C1003  Ambiguous reference: 'CANOBASE'
RH471.PRG(419) Warning C1003  Ambiguous reference: 'XNIVEL'
RH471.PRG(419) Warning C1003  Ambiguous reference: 'CDRIVE'
RH471.PRG(421) Warning C1003  Ambiguous reference: 'XNIVEL'
RH471.PRG(421) Warning C1003  Ambiguous reference: 'CCORRESP'
RH471.PRG(422) Warning C1003  Ambiguous reference: 'CCORRESP'
RH471.PRG(423) Warning C1004  Ambiguous reference, assuming memvar: 'XNIVEL'
RH471.PRG(423) Warning C1004  Ambiguous reference, assuming memvar: 'XNIVEL'
RH471.PRG(426) Warning C1003  Ambiguous reference: 'CRESP'
RH471.PRG(431) Warning C1003  Ambiguous reference: 'CENDRESP'
RH471.PRG(436) Warning C1003  Ambiguous reference: 'CBAIRRO'
RH471.PRG(441) Warning C1003  Ambiguous reference: 'CCGM'
RH471.PRG(446) Warning C1003  Ambiguous reference: 'XNIVEL'
RH471.PRG(446) Warning C1003  Ambiguous reference: 'CTP_ENT'
RH471.PRG(448) Warning C1003  Ambiguous reference: 'XNIVEL'
RH471.PRG(448) Warning C1003  Ambiguous reference: 'CTP_DEC'
RH471.PRG(449) Warning C1003  Ambiguous reference: 'CTP_DEC'
RH471.PRG(450) Warning C1004  Ambiguous reference, assuming memvar: 'XNIVEL'
RH471.PRG(450) Warning C1004  Ambiguous reference, assuming memvar: 'XNIVEL'
RH471.PRG(462) Warning C1004  Ambiguous reference, assuming memvar: 'NVDT_FIM'
RH471.PRG(462) Warning C1004  Ambiguous reference, assuming memvar: 'CMDT_ADT'
RH471.PRG(467) Warning C1003  Ambiguous reference: 'CANOBASE'
RH471.PRG(467) Warning C1004  Ambiguous reference, assuming memvar: 'CANOMES'
RH471.PRG(505) Warning C1003  Ambiguous reference: 'FILIAL'
RH471.PRG(505) Warning C1003  Ambiguous reference: 'PIS_NUM'
RH471.PRG(509) Warning C1003  Ambiguous reference: 'FILIAL'
RH471.PRG(516) Warning C1003  Ambiguous reference: 'ANOMES'
RH471.PRG(516) Warning C1003  Ambiguous reference: 'ANOMES'
RH471.PRG(528) Warning C1003  Ambiguous reference: 'XDRV_RHX'
RH471.PRG(550) Warning C1003  Ambiguous reference: 'CANOBASE'
RH471.PRG(556) Warning C1003  Ambiguous reference: 'CANOBASE'
RH471.PRG(556) Warning C1003  Ambiguous reference: 'CANOBASE'
RH471.PRG(561) Warning C1003  Ambiguous reference: 'CANOBASE'
RH471.PRG(566) Warning C1003  Ambiguous reference: 'CANOBASE'
RH471.PRG(582) Warning C1004  Ambiguous reference, assuming memvar: 'NMES'
RH471.PRG(582) Warning C1004  Ambiguous reference, assuming memvar: 'NMES'
RH471.PRG(582) Warning C1004  Ambiguous reference, assuming memvar: 'NMES'
RH471.PRG(582) Warning C1003  Ambiguous reference: 'NMES'
RH471.PRG(583) Warning C1003  Ambiguous reference: 'CANOMES'
RH471.PRG(583) Warning C1003  Ambiguous reference: 'NMES'
RH471.PRG(600) Warning C1004  Ambiguous reference, assuming memvar: 'CRAIS'
RH471.PRG(600) Warning C1003  Ambiguous reference: 'CCORRESP'
RH471.PRG(600) Warning C1003  Ambiguous reference: 'CRESP'
RH471.PRG(600) Warning C1003  Ambiguous reference: 'CENDRESP'
RH471.PRG(600) Warning C1003  Ambiguous reference: 'NNUMERO'
RH471.PRG(600) Warning C1003  Ambiguous reference: 'CCOMPL'
RH471.PRG(600) Warning C1003  Ambiguous reference: 'CBAIRRO'
RH471.PRG(600) Warning C1004  Ambiguous reference, assuming memvar: 'CRAIS'
RH471.PRG(601) Warning C1004  Ambiguous reference, assuming memvar: 'CRAIS'
RH471.PRG(601) Warning C1003  Ambiguous reference: 'CFONE'
RH471.PRG(601) Warning C1003  Ambiguous reference: 'CTP_ENT'
RH471.PRG(601) Warning C1003  Ambiguous reference: 'CTP_DEC'
RH471.PRG(601) Warning C1004  Ambiguous reference, assuming memvar: 'CRAIS'
RH471.PRG(602) Warning C1004  Ambiguous reference, assuming memvar: 'CRAIS'
RH471.PRG(602) Warning C1003  Ambiguous reference: 'DDT_RET'
RH471.PRG(602) Warning C1004  Ambiguous reference, assuming memvar: 'CRAIS'
RH471.PRG(605) Warning C1003  Ambiguous reference: 'CRAIS'
RH471.PRG(606) Warning C1004  Ambiguous reference, assuming memvar: 'CRAIS'
RH471.PRG(613) Warning C1004  Ambiguous reference, assuming memvar: 'CRAIS'
RH471.PRG(614) Warning C1004  Ambiguous reference, assuming memvar: 'CRAIS'
RH471.PRG(614) Warning C1004  Ambiguous reference, assuming memvar: 'CRAIS'
RH471.PRG(615) Warning C1004  Ambiguous reference, assuming memvar: 'CRAIS'
RH471.PRG(615) Warning C1004  Ambiguous reference, assuming memvar: 'CRAIS'
RH471.PRG(616) Warning C1004  Ambiguous reference, assuming memvar: 'CRAIS'
RH471.PRG(616) Warning C1003  Ambiguous reference: 'CFONE'
RH471.PRG(616) Warning C1004  Ambiguous reference, assuming memvar: 'CRAIS'
RH471.PRG(617) Warning C1004  Ambiguous reference, assuming memvar: 'CRAIS'
RH471.PRG(617) Warning C1004  Ambiguous reference, assuming memvar: 'CRAIS'
RH471.PRG(618) Warning C1004  Ambiguous reference, assuming memvar: 'CRAIS'
RH471.PRG(618) Warning C1004  Ambiguous reference, assuming memvar: 'CRAIS'
RH471.PRG(620) Warning C1004  Ambiguous reference, assuming memvar: 'CRAIS'
RH471.PRG(620) Warning C1004  Ambiguous reference, assuming memvar: 'CRAIS'
RH471.PRG(621) Warning C1004  Ambiguous reference, assuming memvar: 'CRAIS'
RH471.PRG(621) Warning C1003  Ambiguous reference: 'CANOBASE'
RH471.PRG(621) Warning C1004  Ambiguous reference, assuming memvar: 'CRAIS'
RH471.PRG(622) Warning C1004  Ambiguous reference, assuming memvar: 'CRAIS'
RH471.PRG(622) Warning C1004  Ambiguous reference, assuming memvar: 'CRAIS'
RH471.PRG(623) Warning C1004  Ambiguous reference, assuming memvar: 'CRAIS'
RH471.PRG(623) Warning C1004  Ambiguous reference, assuming memvar: 'CRAIS'
RH471.PRG(626) Warning C1003  Ambiguous reference: 'CRAIS'
RH471.PRG(627) Warning C1004  Ambiguous reference, assuming memvar: 'CRAIS'
RH471.PRG(642) Warning C1003  Ambiguous reference: 'CANOBASE'
RH471.PRG(648) Warning C1003  Ambiguous reference: 'CANOBASE'
RH471.PRG(648) Warning C1003  Ambiguous reference: 'CANOBASE'
RH471.PRG(653) Warning C1003  Ambiguous reference: 'CANOBASE'
RH471.PRG(658) Warning C1003  Ambiguous reference: 'CANOBASE'
RH471.PRG(678) Warning C1004  Ambiguous reference, assuming memvar: 'CRAIS'
RH471.PRG(680) Warning C1004  Ambiguous reference, assuming memvar: 'CRAIS'
RH471.PRG(680) Warning C1004  Ambiguous reference, assuming memvar: 'CRAIS'
RH471.PRG(685) Warning C1004  Ambiguous reference, assuming memvar: 'CNACIONAL'
RH471.PRG(687) Warning C1004  Ambiguous reference, assuming memvar: 'CNACIONAL'
RH471.PRG(689) Warning C1004  Ambiguous reference, assuming memvar: 'CNACIONAL'
RH471.PRG(691) Warning C1004  Ambiguous reference, assuming memvar: 'CNACIONAL'
RH471.PRG(693) Warning C1004  Ambiguous reference, assuming memvar: 'CNACIONAL'
RH471.PRG(695) Warning C1004  Ambiguous reference, assuming memvar: 'CNACIONAL'
RH471.PRG(697) Warning C1004  Ambiguous reference, assuming memvar: 'CNACIONAL'
RH471.PRG(699) Warning C1004  Ambiguous reference, assuming memvar: 'CNACIONAL'
RH471.PRG(701) Warning C1004  Ambiguous reference, assuming memvar: 'CNACIONAL'
RH471.PRG(703) Warning C1004  Ambiguous reference, assuming memvar: 'CNACIONAL'
RH471.PRG(705) Warning C1004  Ambiguous reference, assuming memvar: 'CNACIONAL'
RH471.PRG(707) Warning C1004  Ambiguous reference, assuming memvar: 'CNACIONAL'
RH471.PRG(709) Warning C1004  Ambiguous reference, assuming memvar: 'CNACIONAL'
RH471.PRG(711) Warning C1004  Ambiguous reference, assuming memvar: 'CNACIONAL'
RH471.PRG(713) Warning C1004  Ambiguous reference, assuming memvar: 'CNACIONAL'
RH471.PRG(715) Warning C1004  Ambiguous reference, assuming memvar: 'CNACIONAL'
RH471.PRG(717) Warning C1004  Ambiguous reference, assuming memvar: 'CNACIONAL'
RH471.PRG(719) Warning C1004  Ambiguous reference, assuming memvar: 'CNACIONAL'
RH471.PRG(721) Warning C1004  Ambiguous reference, assuming memvar: 'CNACIONAL'
RH471.PRG(723) Warning C1004  Ambiguous reference, assuming memvar: 'CNACIONAL'
RH471.PRG(725) Warning C1004  Ambiguous reference, assuming memvar: 'CNACIONAL'
RH471.PRG(727) Warning C1004  Ambiguous reference, assuming memvar: 'CNACIONAL'
RH471.PRG(729) Warning C1004  Ambiguous reference, assuming memvar: 'CNACIONAL'
RH471.PRG(732) Warning C1004  Ambiguous reference, assuming memvar: 'CRAIS'
RH471.PRG(732) Warning C1003  Ambiguous reference: 'CNACIONAL'
RH471.PRG(732) Warning C1004  Ambiguous reference, assuming memvar: 'CRAIS'
RH471.PRG(733) Warning C1004  Ambiguous reference, assuming memvar: 'CRAIS'
RH471.PRG(733) Warning C1004  Ambiguous reference, assuming memvar: 'CRAIS'
RH471.PRG(734) Warning C1004  Ambiguous reference, assuming memvar: 'CRAIS'
RH471.PRG(734) Warning C1004  Ambiguous reference, assuming memvar: 'CRAIS'
RH471.PRG(736) Warning C1004  Ambiguous reference, assuming memvar: 'CRAIS'
RH471.PRG(736) Warning C1004  Ambiguous reference, assuming memvar: 'CRAIS'
RH471.PRG(751) Warning C1004  Ambiguous reference, assuming memvar: 'CRAIS'
RH471.PRG(751) Warning C1004  Ambiguous reference, assuming memvar: 'CRAIS'
RH471.PRG(753) Warning C1004  Ambiguous reference, assuming memvar: 'CRAIS'
RH471.PRG(753) Warning C1004  Ambiguous reference, assuming memvar: 'CRAIS'
RH471.PRG(756) Warning C1004  Ambiguous reference, assuming memvar: 'CRAIS'
RH471.PRG(756) Warning C1004  Ambiguous reference, assuming memvar: 'CRAIS'
RH471.PRG(816) Warning C1004  Ambiguous reference, assuming memvar: 'CRAIS'
RH471.PRG(816) Warning C1004  Ambiguous reference, assuming memvar: 'CRAIS'
RH471.PRG(818) Warning C1004  Ambiguous reference, assuming memvar: 'CRAIS'
RH471.PRG(818) Warning C1004  Ambiguous reference, assuming memvar: 'CRAIS'
RH471.PRG(821) Warning C1004  Ambiguous reference, assuming memvar: 'CRAIS'
RH471.PRG(821) Warning C1004  Ambiguous reference, assuming memvar: 'CRAIS'
RH471.PRG(825) Warning C1004  Ambiguous reference, assuming memvar: 'CRAIS'
RH471.PRG(825) Warning C1004  Ambiguous reference, assuming memvar: 'CRAIS'
RH471.PRG(827) Warning C1004  Ambiguous reference, assuming memvar: 'CRAIS'
RH471.PRG(827) Warning C1004  Ambiguous reference, assuming memvar: 'CRAIS'
RH471.PRG(829) Warning C1004  Ambiguous reference, assuming memvar: 'CRAIS'
RH471.PRG(829) Warning C1004  Ambiguous reference, assuming memvar: 'CRAIS'
RH471.PRG(831) Warning C1004  Ambiguous reference, assuming memvar: 'CRAIS'
RH471.PRG(831) Warning C1004  Ambiguous reference, assuming memvar: 'CRAIS'
RH471.PRG(833) Warning C1004  Ambiguous reference, assuming memvar: 'CRAIS'
RH471.PRG(833) Warning C1004  Ambiguous reference, assuming memvar: 'CRAIS'
RH471.PRG(835) Warning C1004  Ambiguous reference, assuming memvar: 'CRAIS'
RH471.PRG(835) Warning C1004  Ambiguous reference, assuming memvar: 'CRAIS'
RH471.PRG(837) Warning C1004  Ambiguous reference, assuming memvar: 'CRAIS'
RH471.PRG(837) Warning C1004  Ambiguous reference, assuming memvar: 'CRAIS'
RH471.PRG(839) Warning C1004  Ambiguous reference, assuming memvar: 'CRAIS'
RH471.PRG(839) Warning C1004  Ambiguous reference, assuming memvar: 'CRAIS'
RH471.PRG(841) Warning C1004  Ambiguous reference, assuming memvar: 'CRAIS'
RH471.PRG(841) Warning C1004  Ambiguous reference, assuming memvar: 'CRAIS'
RH471.PRG(843) Warning C1004  Ambiguous reference, assuming memvar: 'CRAIS'
RH471.PRG(843) Warning C1004  Ambiguous reference, assuming memvar: 'CRAIS'
RH471.PRG(845) Warning C1004  Ambiguous reference, assuming memvar: 'CRAIS'
RH471.PRG(845) Warning C1004  Ambiguous reference, assuming memvar: 'CRAIS'
RH471.PRG(847) Warning C1004  Ambiguous reference, assuming memvar: 'CRAIS'
RH471.PRG(847) Warning C1004  Ambiguous reference, assuming memvar: 'CRAIS'
RH471.PRG(849) Warning C1004  Ambiguous reference, assuming memvar: 'CRAIS'
RH471.PRG(849) Warning C1004  Ambiguous reference, assuming memvar: 'CRAIS'
RH471.PRG(851) Warning C1004  Ambiguous reference, assuming memvar: 'CRAIS'
RH471.PRG(851) Warning C1004  Ambiguous reference, assuming memvar: 'CRAIS'
RH471.PRG(858) Warning C1003  Ambiguous reference: 'CANOBASE'
RH471.PRG(864) Warning C1004  Ambiguous reference, assuming memvar: 'CRAIS'
RH471.PRG(864) Warning C1004  Ambiguous reference, assuming memvar: 'CRAIS'
RH471.PRG(866) Warning C1004  Ambiguous reference, assuming memvar: 'CRAIS'
RH471.PRG(866) Warning C1004  Ambiguous reference, assuming memvar: 'CRAIS'
RH471.PRG(869) Warning C1004  Ambiguous reference, assuming memvar: 'NVDT_FIM'
RH471.PRG(869) Warning C1004  Ambiguous reference, assuming memvar: 'NVALOR'
RH471.PRG(874) Warning C1003  Ambiguous reference: 'CANOMES'
RH471.PRG(875) Warning C1003  Ambiguous reference: 'CANOMES'
RH471.PRG(877) Warning C1004  Ambiguous reference, assuming memvar: 'CRAIS'
RH471.PRG(877) Warning C1004  Ambiguous reference, assuming memvar: 'CRAIS'
RH471.PRG(879) Warning C1003  Ambiguous reference: 'CANOMES'
RH471.PRG(880) Warning C1004  Ambiguous reference, assuming memvar: 'NVALOR'
RH471.PRG(882) Warning C1003  Ambiguous reference: 'CANOMES'
RH471.PRG(891) Warning C1004  Ambiguous reference, assuming memvar: 'NVDT_FIM'
RH471.PRG(891) Warning C1004  Ambiguous reference, assuming memvar: 'NVDT_FIM'
RH471.PRG(892) Warning C1004  Ambiguous reference, assuming memvar: 'CMDT_FIM'
RH471.PRG(899) Warning C1004  Ambiguous reference, assuming memvar: 'CMDT_ADT'
RH471.PRG(902) Warning C1004  Ambiguous reference, assuming memvar: 'NVDT_FIM'
RH471.PRG(902) Warning C1004  Ambiguous reference, assuming memvar: 'NVDT_FIM'
RH471.PRG(904) Warning C1004  Ambiguous reference, assuming memvar: 'CMDT_FIM'
RH471.PRG(910) Warning C1004  Ambiguous reference, assuming memvar: 'NVDT_FIM'
RH471.PRG(910) Warning C1004  Ambiguous reference, assuming memvar: 'NVDT_FIM'
RH471.PRG(911) Warning C1004  Ambiguous reference, assuming memvar: 'CMDT_FIM'
RH471.PRG(919) Warning C1004  Ambiguous reference, assuming memvar: 'CRAIS'
RH471.PRG(919) Warning C1003  Ambiguous reference: 'NVALOR'
RH471.PRG(919) Warning C1004  Ambiguous reference, assuming memvar: 'CRAIS'
RH471.PRG(921) Warning C1004  Ambiguous reference, assuming memvar: 'NVALOR'
RH471.PRG(927) Warning C1004  Ambiguous reference, assuming memvar: 'CRAIS'
RH471.PRG(927) Warning C1004  Ambiguous reference, assuming memvar: 'CRAIS'
RH471.PRG(928) Warning C1004  Ambiguous reference, assuming memvar: 'CRAIS'
RH471.PRG(928) Warning C1003  Ambiguous reference: 'CMDT_ADT'
RH471.PRG(928) Warning C1004  Ambiguous reference, assuming memvar: 'CRAIS'
RH471.PRG(930) Warning C1004  Ambiguous reference, assuming memvar: 'CRAIS'
RH471.PRG(930) Warning C1004  Ambiguous reference, assuming memvar: 'CRAIS'
RH471.PRG(933) Warning C1003  Ambiguous reference: 'NVDT_FIM'
RH471.PRG(934) Warning C1004  Ambiguous reference, assuming memvar: 'NVDT_FIM'
RH471.PRG(934) Warning C1004  Ambiguous reference, assuming memvar: 'NVDT_FIM'
RH471.PRG(935) Warning C1004  Ambiguous reference, assuming memvar: 'CRAIS'
RH471.PRG(935) Warning C1003  Ambiguous reference: 'NVDT_FIM'
RH471.PRG(935) Warning C1004  Ambiguous reference, assuming memvar: 'CRAIS'
RH471.PRG(936) Warning C1004  Ambiguous reference, assuming memvar: 'CRAIS'
RH471.PRG(936) Warning C1003  Ambiguous reference: 'CMDT_FIM'
RH471.PRG(936) Warning C1004  Ambiguous reference, assuming memvar: 'CRAIS'
RH471.PRG(939) Warning C1004  Ambiguous reference, assuming memvar: 'CRAIS'
RH471.PRG(939) Warning C1004  Ambiguous reference, assuming memvar: 'CRAIS'
RH471.PRG(941) Warning C1004  Ambiguous reference, assuming memvar: 'CRAIS'
RH471.PRG(941) Warning C1004  Ambiguous reference, assuming memvar: 'CRAIS'
RH471.PRG(944) Warning C1004  Ambiguous reference, assuming memvar: 'CRAIS'
RH471.PRG(944) Warning C1004  Ambiguous reference, assuming memvar: 'CRAIS'
RH471.PRG(945) Warning C1004  Ambiguous reference, assuming memvar: 'CRAIS'
RH471.PRG(945) Warning C1004  Ambiguous reference, assuming memvar: 'CRAIS'
RH471.PRG(948) Warning C1003  Ambiguous reference: 'CRAIS'
RH471.PRG(949) Warning C1004  Ambiguous reference, assuming memvar: 'CRAIS'
RH471.PRG(959) Warning C1004  Ambiguous reference, assuming memvar: 'CCGCCEI'
RH471.PRG(987) Warning C1003  Ambiguous reference: 'CCGCCEI'
RH471.PRG(987) Warning C1004  Ambiguous reference, assuming memvar: 'CRAIS'
RH471.PRG(988) Warning C1004  Ambiguous reference, assuming memvar: 'CRAIS'
RH471.PRG(988) Warning C1004  Ambiguous reference, assuming memvar: 'CRAIS'
RH471.PRG(989) Warning C1004  Ambiguous reference, assuming memvar: 'CRAIS'
RH471.PRG(989) Warning C1004  Ambiguous reference, assuming memvar: 'CRAIS'
RH471.PRG(992) Warning C1003  Ambiguous reference: 'CRAIS'
RH471.PRG(993) Warning C1004  Ambiguous reference, assuming memvar: 'CRAIS'
RH471.PRG(999) Warning C1003  Ambiguous reference: 'CDRIVE'
RH471.PRG(1011)    Warning C1001  RETURN statement with no value in function
399 warnings                
Code size 11188, Symbols 2912, Constants 3852
