276K available
Compiling RH472.PRG
RH472.PRG(14)  Warning C1003  Ambiguous reference: 'XNIVEL'
RH472.PRG(14)  Warning C1003  Ambiguous reference: 'XFLAG'
RH472.PRG(14)  Warning C1004  Ambiguous reference, assuming memvar: 'BESCAPE'
RH472.PRG(16)  Warning C1004  Ambiguous reference, assuming memvar: 'SBLOCO2'
RH472.PRG(17)  Warning C1004  Ambiguous reference, assuming memvar: 'SBLOCO3'
RH472.PRG(18)  Warning C1004  Ambiguous reference, assuming memvar: 'SBLOCO4'
RH472.PRG(19)  Warning C1004  Ambiguous reference, assuming memvar: 'SBLOCO5'
RH472.PRG(20)  Warning C1004  Ambiguous reference, assuming memvar: 'SBLOCO6'
RH472.PRG(23)  Warning C1004  Ambiguous reference, assuming memvar: 'AEDICAO'
RH472.PRG(24)  Warning C1004  Ambiguous reference, assuming memvar: 'AEMPR'
RH472.PRG(29)  Warning C1004  Ambiguous reference, assuming memvar: 'CRESP'
RH472.PRG(30)  Warning C1004  Ambiguous reference, assuming memvar: 'CENDRESP'
RH472.PRG(31)  Warning C1004  Ambiguous reference, assuming memvar: 'CCOMPL'
RH472.PRG(32)  Warning C1004  Ambiguous reference, assuming memvar: 'NNUMERO'
RH472.PRG(33)  Warning C1004  Ambiguous reference, assuming memvar: 'CBAIRRO'
RH472.PRG(37)  Warning C1004  Ambiguous reference, assuming memvar: 'DDT_RET'
RH472.PRG(44)  Warning C1004  Ambiguous reference, assuming memvar: 'CFONE'
RH472.PRG(48)  Warning C1003  Ambiguous reference: 'XDRV_RH'
RH472.PRG(55)  Warning C1003  Ambiguous reference: 'XDRV_SH'
RH472.PRG(60)  Warning C1003  Ambiguous reference: 'EMPRESA'
RH472.PRG(76)  Warning C1002  Procedure returns value
RH472.PRG(136) Warning C1003  Ambiguous reference: 'COPCAO'
RH472.PRG(136) Warning C1004  Ambiguous reference, assuming memvar: 'COPCAO'
RH472.PRG(139) Warning C1003  Ambiguous reference: 'COPCAO'
RH472.PRG(142) Warning C1003  Ambiguous reference: 'COPCAO'
RH472.PRG(165) Warning C1003  Ambiguous reference: 'FCGCCEI'
RH472.PRG(167) Warning C1004  Ambiguous reference, assuming memvar: 'XNIVEL'
RH472.PRG(168) Warning C1004  Ambiguous reference, assuming memvar: 'XNIVEL'
RH472.PRG(168) Warning C1004  Ambiguous reference, assuming memvar: 'XNIVEL'
RH472.PRG(168) Warning C1003  Ambiguous reference: 'FRAIS'
RH472.PRG(172) Warning C1003  Ambiguous reference: 'COPCAO'
RH472.PRG(172) Warning C1001  RETURN statement with no value in function
RH472.PRG(176) Warning C1003  Ambiguous reference: 'FRAIS'
RH472.PRG(176) Warning C1003  Ambiguous reference: 'XSN'
RH472.PRG(178) Warning C1004  Ambiguous reference, assuming memvar: 'XNIVEL'
RH472.PRG(179) Warning C1004  Ambiguous reference, assuming memvar: 'XFLAG'
RH472.PRG(183) Warning C1003  Ambiguous reference: 'XNIVEL'
RH472.PRG(183) Warning C1003  Ambiguous reference: 'XNIVEL'
RH472.PRG(184) Warning C1003  Ambiguous reference: 'XNIVEL'
RH472.PRG(185) Warning C1003  Ambiguous reference: 'BESCAPE'
RH472.PRG(185) Warning C1001  RETURN statement with no value in function
RH472.PRG(186) Warning C1003  Ambiguous reference: 'XFLAG'
RH472.PRG(186) Warning C1004  Ambiguous reference, assuming memvar: 'XNIVEL'
RH472.PRG(186) Warning C1004  Ambiguous reference, assuming memvar: 'XNIVEL'
RH472.PRG(186) Warning C1004  Ambiguous reference, assuming memvar: 'XNIVEL'
RH472.PRG(186) Warning C1004  Ambiguous reference, assuming memvar: 'XNIVEL'
RH472.PRG(191) Warning C1003  Ambiguous reference: 'COPCAO'
RH472.PRG(200) Warning C1003  Ambiguous reference: 'FRAIS'
RH472.PRG(201) Warning C1001  RETURN statement with no value in function
RH472.PRG(206) Warning C1004  Ambiguous reference, assuming memvar: 'CPATH'
RH472.PRG(210) Warning C1003  Ambiguous reference: 'CPATH'
RH472.PRG(222) Warning C1001  RETURN statement with no value in function
RH472.PRG(232) Warning C1003  Ambiguous reference: 'COPCAO'
RH472.PRG(232) Warning C1004  Ambiguous reference, assuming memvar: 'COPCAO'
RH472.PRG(240) Warning C1003  Ambiguous reference: 'FMUDOU_INSC'
RH472.PRG(240) Warning C1004  Ambiguous reference, assuming memvar: 'FMUDOU_INSC'
RH472.PRG(240) Warning C1003  Ambiguous reference: 'FMUDOU_INSC'
RH472.PRG(241) Warning C1003  Ambiguous reference: 'FMUDOU_END'
RH472.PRG(241) Warning C1004  Ambiguous reference, assuming memvar: 'FMUDOU_END'
RH472.PRG(241) Warning C1003  Ambiguous reference: 'FMUDOU_END'
RH472.PRG(243) Warning C1004  Ambiguous reference, assuming memvar: 'XNIVEL'
RH472.PRG(247) Warning C1003  Ambiguous reference: 'FTIPO_INSC'
RH472.PRG(248) Warning C1003  Ambiguous reference: 'FCGCCPF'
RH472.PRG(249) Warning C1003  Ambiguous reference: 'FMUDOU_INSC'
RH472.PRG(250) Warning C1003  Ambiguous reference: 'FCAUSA_ALTE'
RH472.PRG(251) Warning C1003  Ambiguous reference: 'FINSC_ANTE'
RH472.PRG(252) Warning C1003  Ambiguous reference: 'FMUDOU_END'
RH472.PRG(253) Warning C1003  Ambiguous reference: 'FMES_DTBASE'
RH472.PRG(254) Warning C1003  Ambiguous reference: 'FNATU_JURID'
RH472.PRG(255) Warning C1003  Ambiguous reference: 'FPART_PAT'
RH472.PRG(256) Warning C1003  Ambiguous reference: 'FMICRO_EMP'
RH472.PRG(257) Warning C1003  Ambiguous reference: 'FPEQ_PORTE'
RH472.PRG(258) Warning C1003  Ambiguous reference: 'FOP_SIMPLES'
RH472.PRG(259) Warning C1003  Ambiguous reference: 'FPROPRIET'
RH472.PRG(263) Warning C1003  Ambiguous reference: 'COPCAO'
RH472.PRG(267) Warning C1003  Ambiguous reference: 'FMUDOU_INSC'
RH472.PRG(267) Warning C1003  Ambiguous reference: 'XSN'
RH472.PRG(268) Warning C1003  Ambiguous reference: 'FCAUSA_ALTE'
RH472.PRG(268) Warning C1003  Ambiguous reference: 'SBLOCO2'
RH472.PRG(269) Warning C1003  Ambiguous reference: 'FINSC_ANTE'
RH472.PRG(270) Warning C1003  Ambiguous reference: 'FMUDOU_END'
RH472.PRG(270) Warning C1003  Ambiguous reference: 'XSN'
RH472.PRG(271) Warning C1003  Ambiguous reference: 'FMES_DTBASE'
RH472.PRG(272) Warning C1003  Ambiguous reference: 'FNATU_JURID'
RH472.PRG(273) Warning C1003  Ambiguous reference: 'FPART_PAT'
RH472.PRG(273) Warning C1003  Ambiguous reference: 'XSN'
RH472.PRG(274) Warning C1003  Ambiguous reference: 'FMICRO_EMP'
RH472.PRG(274) Warning C1003  Ambiguous reference: 'XSN'
RH472.PRG(275) Warning C1003  Ambiguous reference: 'FPEQ_PORTE'
RH472.PRG(275) Warning C1003  Ambiguous reference: 'XSN'
RH472.PRG(276) Warning C1003  Ambiguous reference: 'FOP_SIMPLES'
RH472.PRG(276) Warning C1003  Ambiguous reference: 'XSN'
RH472.PRG(277) Warning C1003  Ambiguous reference: 'FPROPRIET'
RH472.PRG(281) Warning C1004  Ambiguous reference, assuming memvar: 'XNIVEL'
RH472.PRG(282) Warning C1004  Ambiguous reference, assuming memvar: 'XFLAG'
RH472.PRG(286) Warning C1003  Ambiguous reference: 'XNIVEL'
RH472.PRG(286) Warning C1003  Ambiguous reference: 'XNIVEL'
RH472.PRG(287) Warning C1003  Ambiguous reference: 'XNIVEL'
RH472.PRG(288) Warning C1003  Ambiguous reference: 'BESCAPE'
RH472.PRG(289) Warning C1003  Ambiguous reference: 'XNIVEL'
RH472.PRG(290) Warning C1003  Ambiguous reference: 'XFLAG'
RH472.PRG(290) Warning C1004  Ambiguous reference, assuming memvar: 'XNIVEL'
RH472.PRG(290) Warning C1004  Ambiguous reference, assuming memvar: 'XNIVEL'
RH472.PRG(290) Warning C1004  Ambiguous reference, assuming memvar: 'XNIVEL'
RH472.PRG(290) Warning C1004  Ambiguous reference, assuming memvar: 'XNIVEL'
RH472.PRG(295) Warning C1003  Ambiguous reference: 'COPCAO'
RH472.PRG(304) Warning C1001  RETURN statement with no value in function
RH472.PRG(313) Warning C1003  Ambiguous reference: 'XNIVEL'
RH472.PRG(313) Warning C1003  Ambiguous reference: 'FMUDOU_INSC'
RH472.PRG(314) Warning C1003  Ambiguous reference: 'FMUDOU_INSC'
RH472.PRG(317) Warning C1004  Ambiguous reference, assuming memvar: 'FCAUSA_ALTE'
RH472.PRG(318) Warning C1004  Ambiguous reference, assuming memvar: 'FINSC_ANTE'
RH472.PRG(319) Warning C1004  Ambiguous reference, assuming memvar: 'XNIVEL'
RH472.PRG(319) Warning C1004  Ambiguous reference, assuming memvar: 'XNIVEL'
RH472.PRG(322) Warning C1003  Ambiguous reference: 'FMUDOU_INSC'
RH472.PRG(323) Warning C1003  Ambiguous reference: 'XNIVEL'
RH472.PRG(323) Warning C1003  Ambiguous reference: 'FCAUSA_ALTE'
RH472.PRG(326) Warning C1003  Ambiguous reference: 'XNIVEL'
RH472.PRG(326) Warning C1003  Ambiguous reference: 'FMUDOU_END'
RH472.PRG(328) Warning C1003  Ambiguous reference: 'FMES_DTBASE'
RH472.PRG(333) Warning C1003  Ambiguous reference: 'XNIVEL'
RH472.PRG(333) Warning C1003  Ambiguous reference: 'FPROPRIET'
RH472.PRG(333) Warning C1004  Ambiguous reference, assuming memvar: 'FPROPRIET'
RH472.PRG(335) Warning C1003  Ambiguous reference: 'FNATU_JURID'
RH472.PRG(339) Warning C1003  Ambiguous reference: 'FNATU_JURID'
RH472.PRG(355) Warning C1003  Ambiguous reference: 'CANOBASE'
RH472.PRG(356) Warning C1003  Ambiguous reference: 'CDRIVE'
RH472.PRG(356) Warning C1003  Ambiguous reference: 'SBLOCO3'
RH472.PRG(357) Warning C1003  Ambiguous reference: 'CCORRESP'
RH472.PRG(357) Warning C1003  Ambiguous reference: 'SBLOCO4'
RH472.PRG(358) Warning C1003  Ambiguous reference: 'CRESP'
RH472.PRG(359) Warning C1003  Ambiguous reference: 'CENDRESP'
RH472.PRG(360) Warning C1003  Ambiguous reference: 'NNUMERO'
RH472.PRG(361) Warning C1003  Ambiguous reference: 'CCOMPL'
RH472.PRG(362) Warning C1003  Ambiguous reference: 'CBAIRRO'
RH472.PRG(363) Warning C1003  Ambiguous reference: 'CCGM'
RH472.PRG(364) Warning C1003  Ambiguous reference: 'CFONE'
RH472.PRG(365) Warning C1003  Ambiguous reference: 'CTP_ENT'
RH472.PRG(365) Warning C1003  Ambiguous reference: 'SBLOCO5'
RH472.PRG(366) Warning C1003  Ambiguous reference: 'CTP_DEC'
RH472.PRG(366) Warning C1003  Ambiguous reference: 'SBLOCO6'
RH472.PRG(367) Warning C1003  Ambiguous reference: 'DDT_RET'
RH472.PRG(368) Warning C1004  Ambiguous reference, assuming memvar: 'LCONF'
RH472.PRG(373) Warning C1004  Ambiguous reference, assuming memvar: 'XNIVEL'
RH472.PRG(374) Warning C1004  Ambiguous reference, assuming memvar: 'XFLAG'
RH472.PRG(375) Warning C1004  Ambiguous reference, assuming memvar: 'CRAIS'
RH472.PRG(376) Warning C1004  Ambiguous reference, assuming memvar: 'CANOBASE'
RH472.PRG(377) Warning C1004  Ambiguous reference, assuming memvar: 'CDRIVE'
RH472.PRG(378) Warning C1004  Ambiguous reference, assuming memvar: 'CCORRESP'
RH472.PRG(379) Warning C1004  Ambiguous reference, assuming memvar: 'CRESP'
RH472.PRG(380) Warning C1004  Ambiguous reference, assuming memvar: 'CENDRESP'
RH472.PRG(381) Warning C1004  Ambiguous reference, assuming memvar: 'NNUMERO'
RH472.PRG(382) Warning C1004  Ambiguous reference, assuming memvar: 'CCOMPL'
RH472.PRG(383) Warning C1004  Ambiguous reference, assuming memvar: 'CBAIRRO'
RH472.PRG(384) Warning C1004  Ambiguous reference, assuming memvar: 'CCGM'
RH472.PRG(385) Warning C1004  Ambiguous reference, assuming memvar: 'CTP_ENT'
RH472.PRG(386) Warning C1004  Ambiguous reference, assuming memvar: 'CTP_DEC'
RH472.PRG(387) Warning C1004  Ambiguous reference, assuming memvar: 'DDT_RET'
RH472.PRG(389) Warning C1003  Ambiguous reference: 'CANOBASE'
RH472.PRG(389) Warning C1004  Ambiguous reference, assuming memvar: 'CANOMES'
RH472.PRG(390) Warning C1004  Ambiguous reference, assuming memvar: 'CFONE'
RH472.PRG(394) Warning C1003  Ambiguous reference: 'XNIVEL'
RH472.PRG(394) Warning C1003  Ambiguous reference: 'XNIVEL'
RH472.PRG(395) Warning C1003  Ambiguous reference: 'XNIVEL'
RH472.PRG(396) Warning C1003  Ambiguous reference: 'BESCAPE'
RH472.PRG(396) Warning C1001  RETURN statement with no value in function
RH472.PRG(397) Warning C1003  Ambiguous reference: 'XNIVEL'
RH472.PRG(398) Warning C1003  Ambiguous reference: 'XFLAG'
RH472.PRG(398) Warning C1004  Ambiguous reference, assuming memvar: 'XNIVEL'
RH472.PRG(398) Warning C1004  Ambiguous reference, assuming memvar: 'XNIVEL'
RH472.PRG(398) Warning C1004  Ambiguous reference, assuming memvar: 'XNIVEL'
RH472.PRG(398) Warning C1004  Ambiguous reference, assuming memvar: 'XNIVEL'
RH472.PRG(401) Warning C1003  Ambiguous reference: 'LCONF'
RH472.PRG(414) Warning C1003  Ambiguous reference: 'CANOBASE'
RH472.PRG(419) Warning C1003  Ambiguous reference: 'XNIVEL'
RH472.PRG(419) Warning C1003  Ambiguous reference: 'CDRIVE'
RH472.PRG(421) Warning C1003  Ambiguous reference: 'XNIVEL'
RH472.PRG(421) Warning C1003  Ambiguous reference: 'CCORRESP'
RH472.PRG(422) Warning C1003  Ambiguous reference: 'CCORRESP'
RH472.PRG(423) Warning C1004  Ambiguous reference, assuming memvar: 'XNIVEL'
RH472.PRG(423) Warning C1004  Ambiguous reference, assuming memvar: 'XNIVEL'
RH472.PRG(426) Warning C1003  Ambiguous reference: 'CRESP'
RH472.PRG(431) Warning C1003  Ambiguous reference: 'CENDRESP'
RH472.PRG(436) Warning C1003  Ambiguous reference: 'CBAIRRO'
RH472.PRG(441) Warning C1003  Ambiguous reference: 'CCGM'
RH472.PRG(446) Warning C1003  Ambiguous reference: 'XNIVEL'
RH472.PRG(446) Warning C1003  Ambiguous reference: 'CTP_ENT'
RH472.PRG(448) Warning C1003  Ambiguous reference: 'XNIVEL'
RH472.PRG(448) Warning C1003  Ambiguous reference: 'CTP_DEC'
RH472.PRG(449) Warning C1003  Ambiguous reference: 'CTP_DEC'
RH472.PRG(450) Warning C1004  Ambiguous reference, assuming memvar: 'XNIVEL'
RH472.PRG(450) Warning C1004  Ambiguous reference, assuming memvar: 'XNIVEL'
RH472.PRG(462) Warning C1004  Ambiguous reference, assuming memvar: 'NVDT_FIM'
RH472.PRG(462) Warning C1004  Ambiguous reference, assuming memvar: 'CMDT_ADT'
RH472.PRG(467) Warning C1003  Ambiguous reference: 'CANOBASE'
RH472.PRG(467) Warning C1004  Ambiguous reference, assuming memvar: 'CANOMES'
RH472.PRG(505) Warning C1003  Ambiguous reference: 'FILIAL'
RH472.PRG(505) Warning C1003  Ambiguous reference: 'PIS_NUM'
RH472.PRG(509) Warning C1003  Ambiguous reference: 'FILIAL'
RH472.PRG(528) Warning C1003  Ambiguous reference: 'XDRV_RHX'
RH472.PRG(550) Warning C1003  Ambiguous reference: 'CANOBASE'
RH472.PRG(556) Warning C1003  Ambiguous reference: 'CANOBASE'
RH472.PRG(556) Warning C1003  Ambiguous reference: 'CANOBASE'
RH472.PRG(561) Warning C1003  Ambiguous reference: 'CANOBASE'
RH472.PRG(566) Warning C1003  Ambiguous reference: 'CANOBASE'
RH472.PRG(582) Warning C1004  Ambiguous reference, assuming memvar: 'NMES'
RH472.PRG(582) Warning C1004  Ambiguous reference, assuming memvar: 'NMES'
RH472.PRG(582) Warning C1004  Ambiguous reference, assuming memvar: 'NMES'
RH472.PRG(582) Warning C1003  Ambiguous reference: 'NMES'
RH472.PRG(583) Warning C1003  Ambiguous reference: 'CANOMES'
RH472.PRG(583) Warning C1003  Ambiguous reference: 'NMES'
RH472.PRG(600) Warning C1004  Ambiguous reference, assuming memvar: 'CRAIS'
RH472.PRG(600) Warning C1003  Ambiguous reference: 'CCORRESP'
RH472.PRG(600) Warning C1003  Ambiguous reference: 'CRESP'
RH472.PRG(600) Warning C1003  Ambiguous reference: 'CENDRESP'
RH472.PRG(600) Warning C1003  Ambiguous reference: 'NNUMERO'
RH472.PRG(600) Warning C1003  Ambiguous reference: 'CCOMPL'
RH472.PRG(600) Warning C1003  Ambiguous reference: 'CBAIRRO'
RH472.PRG(600) Warning C1004  Ambiguous reference, assuming memvar: 'CRAIS'
RH472.PRG(601) Warning C1004  Ambiguous reference, assuming memvar: 'CRAIS'
RH472.PRG(601) Warning C1003  Ambiguous reference: 'CFONE'
RH472.PRG(601) Warning C1003  Ambiguous reference: 'CTP_ENT'
RH472.PRG(601) Warning C1003  Ambiguous reference: 'CTP_DEC'
RH472.PRG(601) Warning C1004  Ambiguous reference, assuming memvar: 'CRAIS'
RH472.PRG(602) Warning C1004  Ambiguous reference, assuming memvar: 'CRAIS'
RH472.PRG(602) Warning C1003  Ambiguous reference: 'DDT_RET'
RH472.PRG(602) Warning C1004  Ambiguous reference, assuming memvar: 'CRAIS'
RH472.PRG(605) Warning C1003  Ambiguous reference: 'CRAIS'
RH472.PRG(606) Warning C1004  Ambiguous reference, assuming memvar: 'CRAIS'
RH472.PRG(613) Warning C1004  Ambiguous reference, assuming memvar: 'CRAIS'
RH472.PRG(614) Warning C1004  Ambiguous reference, assuming memvar: 'CRAIS'
RH472.PRG(614) Warning C1004  Ambiguous reference, assuming memvar: 'CRAIS'
RH472.PRG(615) Warning C1004  Ambiguous reference, assuming memvar: 'CRAIS'
RH472.PRG(615) Warning C1004  Ambiguous reference, assuming memvar: 'CRAIS'
RH472.PRG(616) Warning C1004  Ambiguous reference, assuming memvar: 'CRAIS'
RH472.PRG(616) Warning C1003  Ambiguous reference: 'CFONE'
RH472.PRG(616) Warning C1004  Ambiguous reference, assuming memvar: 'CRAIS'
RH472.PRG(617) Warning C1004  Ambiguous reference, assuming memvar: 'CRAIS'
RH472.PRG(617) Warning C1004  Ambiguous reference, assuming memvar: 'CRAIS'
RH472.PRG(618) Warning C1004  Ambiguous reference, assuming memvar: 'CRAIS'
RH472.PRG(618) Warning C1004  Ambiguous reference, assuming memvar: 'CRAIS'
RH472.PRG(620) Warning C1004  Ambiguous reference, assuming memvar: 'CRAIS'
RH472.PRG(620) Warning C1004  Ambiguous reference, assuming memvar: 'CRAIS'
RH472.PRG(621) Warning C1004  Ambiguous reference, assuming memvar: 'CRAIS'
RH472.PRG(621) Warning C1003  Ambiguous reference: 'CANOBASE'
RH472.PRG(621) Warning C1004  Ambiguous reference, assuming memvar: 'CRAIS'
RH472.PRG(622) Warning C1004  Ambiguous reference, assuming memvar: 'CRAIS'
RH472.PRG(622) Warning C1004  Ambiguous reference, assuming memvar: 'CRAIS'
RH472.PRG(623) Warning C1004  Ambiguous reference, assuming memvar: 'CRAIS'
RH472.PRG(623) Warning C1004  Ambiguous reference, assuming memvar: 'CRAIS'
RH472.PRG(626) Warning C1003  Ambiguous reference: 'CRAIS'
RH472.PRG(627) Warning C1004  Ambiguous reference, assuming memvar: 'CRAIS'
RH472.PRG(642) Warning C1003  Ambiguous reference: 'CANOBASE'
RH472.PRG(648) Warning C1003  Ambiguous reference: 'CANOBASE'
RH472.PRG(648) Warning C1003  Ambiguous reference: 'CANOBASE'
RH472.PRG(653) Warning C1003  Ambiguous reference: 'CANOBASE'
RH472.PRG(658) Warning C1003  Ambiguous reference: 'CANOBASE'
RH472.PRG(678) Warning C1004  Ambiguous reference, assuming memvar: 'CRAIS'
RH472.PRG(680) Warning C1004  Ambiguous reference, assuming memvar: 'CRAIS'
RH472.PRG(680) Warning C1004  Ambiguous reference, assuming memvar: 'CRAIS'
RH472.PRG(685) Warning C1004  Ambiguous reference, assuming memvar: 'CNACIONAL'
RH472.PRG(687) Warning C1004  Ambiguous reference, assuming memvar: 'CNACIONAL'
RH472.PRG(689) Warning C1004  Ambiguous reference, assuming memvar: 'CNACIONAL'
RH472.PRG(691) Warning C1004  Ambiguous reference, assuming memvar: 'CNACIONAL'
RH472.PRG(693) Warning C1004  Ambiguous reference, assuming memvar: 'CNACIONAL'
RH472.PRG(695) Warning C1004  Ambiguous reference, assuming memvar: 'CNACIONAL'
RH472.PRG(697) Warning C1004  Ambiguous reference, assuming memvar: 'CNACIONAL'
RH472.PRG(699) Warning C1004  Ambiguous reference, assuming memvar: 'CNACIONAL'
RH472.PRG(701) Warning C1004  Ambiguous reference, assuming memvar: 'CNACIONAL'
RH472.PRG(703) Warning C1004  Ambiguous reference, assuming memvar: 'CNACIONAL'
RH472.PRG(705) Warning C1004  Ambiguous reference, assuming memvar: 'CNACIONAL'
RH472.PRG(707) Warning C1004  Ambiguous reference, assuming memvar: 'CNACIONAL'
RH472.PRG(709) Warning C1004  Ambiguous reference, assuming memvar: 'CNACIONAL'
RH472.PRG(711) Warning C1004  Ambiguous reference, assuming memvar: 'CNACIONAL'
RH472.PRG(713) Warning C1004  Ambiguous reference, assuming memvar: 'CNACIONAL'
RH472.PRG(715) Warning C1004  Ambiguous reference, assuming memvar: 'CNACIONAL'
RH472.PRG(717) Warning C1004  Ambiguous reference, assuming memvar: 'CNACIONAL'
RH472.PRG(719) Warning C1004  Ambiguous reference, assuming memvar: 'CNACIONAL'
RH472.PRG(721) Warning C1004  Ambiguous reference, assuming memvar: 'CNACIONAL'
RH472.PRG(723) Warning C1004  Ambiguous reference, assuming memvar: 'CNACIONAL'
RH472.PRG(725) Warning C1004  Ambiguous reference, assuming memvar: 'CNACIONAL'
RH472.PRG(727) Warning C1004  Ambiguous reference, assuming memvar: 'CNACIONAL'
RH472.PRG(729) Warning C1004  Ambiguous reference, assuming memvar: 'CNACIONAL'
RH472.PRG(732) Warning C1004  Ambiguous reference, assuming memvar: 'CRAIS'
RH472.PRG(732) Warning C1003  Ambiguous reference: 'CNACIONAL'
RH472.PRG(732) Warning C1004  Ambiguous reference, assuming memvar: 'CRAIS'
RH472.PRG(733) Warning C1004  Ambiguous reference, assuming memvar: 'CRAIS'
RH472.PRG(733) Warning C1004  Ambiguous reference, assuming memvar: 'CRAIS'
RH472.PRG(734) Warning C1004  Ambiguous reference, assuming memvar: 'CRAIS'
RH472.PRG(734) Warning C1004  Ambiguous reference, assuming memvar: 'CRAIS'
RH472.PRG(736) Warning C1004  Ambiguous reference, assuming memvar: 'CRAIS'
RH472.PRG(736) Warning C1004  Ambiguous reference, assuming memvar: 'CRAIS'
RH472.PRG(750) Warning C1004  Ambiguous reference, assuming memvar: 'BVALOR'
RH472.PRG(756) Warning C1004  Ambiguous reference, assuming memvar: 'BVALOR'
RH472.PRG(756) Warning C1004  Ambiguous reference, assuming memvar: 'BVALOR'
RH472.PRG(759) Warning C1004  Ambiguous reference, assuming memvar: 'BVALOR'
RH472.PRG(759) Warning C1004  Ambiguous reference, assuming memvar: 'BVALOR'
RH472.PRG(764) Warning C1004  Ambiguous reference, assuming memvar: 'BVALOR'
RH472.PRG(764) Warning C1004  Ambiguous reference, assuming memvar: 'BVALOR'
RH472.PRG(765) Warning C1004  Ambiguous reference, assuming memvar: 'CRAIS'
RH472.PRG(765) Warning C1003  Ambiguous reference: 'BVALOR'
RH472.PRG(765) Warning C1004  Ambiguous reference, assuming memvar: 'CRAIS'
RH472.PRG(766) Warning C1004  Ambiguous reference, assuming memvar: 'BVALOR'
RH472.PRG(771) Warning C1004  Ambiguous reference, assuming memvar: 'CRAIS'
RH472.PRG(771) Warning C1004  Ambiguous reference, assuming memvar: 'CRAIS'
RH472.PRG(774) Warning C1004  Ambiguous reference, assuming memvar: 'CRAIS'
RH472.PRG(774) Warning C1004  Ambiguous reference, assuming memvar: 'CRAIS'
RH472.PRG(779) Warning C1004  Ambiguous reference, assuming memvar: 'CRAIS'
RH472.PRG(779) Warning C1004  Ambiguous reference, assuming memvar: 'CRAIS'
RH472.PRG(781) Warning C1004  Ambiguous reference, assuming memvar: 'CRAIS'
RH472.PRG(781) Warning C1004  Ambiguous reference, assuming memvar: 'CRAIS'
RH472.PRG(784) Warning C1004  Ambiguous reference, assuming memvar: 'CRAIS'
RH472.PRG(784) Warning C1004  Ambiguous reference, assuming memvar: 'CRAIS'
RH472.PRG(788) Warning C1004  Ambiguous reference, assuming memvar: 'CRAIS'
RH472.PRG(788) Warning C1004  Ambiguous reference, assuming memvar: 'CRAIS'
RH472.PRG(790) Warning C1004  Ambiguous reference, assuming memvar: 'CRAIS'
RH472.PRG(790) Warning C1004  Ambiguous reference, assuming memvar: 'CRAIS'
RH472.PRG(792) Warning C1004  Ambiguous reference, assuming memvar: 'CRAIS'
RH472.PRG(792) Warning C1004  Ambiguous reference, assuming memvar: 'CRAIS'
RH472.PRG(794) Warning C1004  Ambiguous reference, assuming memvar: 'CRAIS'
RH472.PRG(794) Warning C1004  Ambiguous reference, assuming memvar: 'CRAIS'
RH472.PRG(796) Warning C1004  Ambiguous reference, assuming memvar: 'CRAIS'
RH472.PRG(796) Warning C1004  Ambiguous reference, assuming memvar: 'CRAIS'
RH472.PRG(798) Warning C1004  Ambiguous reference, assuming memvar: 'CRAIS'
RH472.PRG(798) Warning C1004  Ambiguous reference, assuming memvar: 'CRAIS'
RH472.PRG(800) Warning C1004  Ambiguous reference, assuming memvar: 'CRAIS'
RH472.PRG(800) Warning C1004  Ambiguous reference, assuming memvar: 'CRAIS'
RH472.PRG(802) Warning C1004  Ambiguous reference, assuming memvar: 'CRAIS'
RH472.PRG(802) Warning C1004  Ambiguous reference, assuming memvar: 'CRAIS'
RH472.PRG(804) Warning C1004  Ambiguous reference, assuming memvar: 'CRAIS'
RH472.PRG(804) Warning C1004  Ambiguous reference, assuming memvar: 'CRAIS'
RH472.PRG(806) Warning C1004  Ambiguous reference, assuming memvar: 'CRAIS'
RH472.PRG(806) Warning C1004  Ambiguous reference, assuming memvar: 'CRAIS'
RH472.PRG(808) Warning C1004  Ambiguous reference, assuming memvar: 'CRAIS'
RH472.PRG(808) Warning C1004  Ambiguous reference, assuming memvar: 'CRAIS'
RH472.PRG(810) Warning C1004  Ambiguous reference, assuming memvar: 'CRAIS'
RH472.PRG(810) Warning C1004  Ambiguous reference, assuming memvar: 'CRAIS'
RH472.PRG(812) Warning C1004  Ambiguous reference, assuming memvar: 'CRAIS'
RH472.PRG(812) Warning C1004  Ambiguous reference, assuming memvar: 'CRAIS'
RH472.PRG(814) Warning C1004  Ambiguous reference, assuming memvar: 'CRAIS'
RH472.PRG(814) Warning C1004  Ambiguous reference, assuming memvar: 'CRAIS'
RH472.PRG(821) Warning C1003  Ambiguous reference: 'CANOBASE'
RH472.PRG(827) Warning C1004  Ambiguous reference, assuming memvar: 'CRAIS'
RH472.PRG(827) Warning C1004  Ambiguous reference, assuming memvar: 'CRAIS'
RH472.PRG(829) Warning C1004  Ambiguous reference, assuming memvar: 'CRAIS'
RH472.PRG(829) Warning C1004  Ambiguous reference, assuming memvar: 'CRAIS'
RH472.PRG(832) Warning C1004  Ambiguous reference, assuming memvar: 'NVDT_FIM'
RH472.PRG(832) Warning C1004  Ambiguous reference, assuming memvar: 'NVALOR'
RH472.PRG(836) Warning C1003  Ambiguous reference: 'CANOMES'
RH472.PRG(838) Warning C1004  Ambiguous reference, assuming memvar: 'CRAIS'
RH472.PRG(838) Warning C1004  Ambiguous reference, assuming memvar: 'CRAIS'
RH472.PRG(840) Warning C1003  Ambiguous reference: 'CANOMES'
RH472.PRG(845) Warning C1004  Ambiguous reference, assuming memvar: 'NVALOR'
RH472.PRG(845) Warning C1004  Ambiguous reference, assuming memvar: 'NVALOR'
RH472.PRG(848) Warning C1004  Ambiguous reference, assuming memvar: 'NVDT_FIM'
RH472.PRG(848) Warning C1004  Ambiguous reference, assuming memvar: 'NVDT_FIM'
RH472.PRG(849) Warning C1004  Ambiguous reference, assuming memvar: 'CMDT_FIM'
RH472.PRG(856) Warning C1004  Ambiguous reference, assuming memvar: 'CMDT_ADT'
RH472.PRG(859) Warning C1004  Ambiguous reference, assuming memvar: 'NVDT_FIM'
RH472.PRG(859) Warning C1004  Ambiguous reference, assuming memvar: 'NVDT_FIM'
RH472.PRG(861) Warning C1004  Ambiguous reference, assuming memvar: 'CMDT_FIM'
RH472.PRG(867) Warning C1004  Ambiguous reference, assuming memvar: 'NVDT_FIM'
RH472.PRG(867) Warning C1004  Ambiguous reference, assuming memvar: 'NVDT_FIM'
RH472.PRG(868) Warning C1004  Ambiguous reference, assuming memvar: 'CMDT_FIM'
RH472.PRG(876) Warning C1004  Ambiguous reference, assuming memvar: 'CRAIS'
RH472.PRG(876) Warning C1003  Ambiguous reference: 'NVALOR'
RH472.PRG(876) Warning C1004  Ambiguous reference, assuming memvar: 'CRAIS'
RH472.PRG(878) Warning C1004  Ambiguous reference, assuming memvar: 'NVALOR'
RH472.PRG(884) Warning C1004  Ambiguous reference, assuming memvar: 'CRAIS'
RH472.PRG(884) Warning C1004  Ambiguous reference, assuming memvar: 'CRAIS'
RH472.PRG(885) Warning C1004  Ambiguous reference, assuming memvar: 'CRAIS'
RH472.PRG(885) Warning C1003  Ambiguous reference: 'CMDT_ADT'
RH472.PRG(885) Warning C1004  Ambiguous reference, assuming memvar: 'CRAIS'
RH472.PRG(887) Warning C1004  Ambiguous reference, assuming memvar: 'CRAIS'
RH472.PRG(887) Warning C1004  Ambiguous reference, assuming memvar: 'CRAIS'
RH472.PRG(890) Warning C1003  Ambiguous reference: 'NVDT_FIM'
RH472.PRG(891) Warning C1004  Ambiguous reference, assuming memvar: 'NVDT_FIM'
RH472.PRG(891) Warning C1004  Ambiguous reference, assuming memvar: 'NVDT_FIM'
RH472.PRG(892) Warning C1004  Ambiguous reference, assuming memvar: 'CRAIS'
RH472.PRG(892) Warning C1003  Ambiguous reference: 'NVDT_FIM'
RH472.PRG(892) Warning C1004  Ambiguous reference, assuming memvar: 'CRAIS'
RH472.PRG(893) Warning C1004  Ambiguous reference, assuming memvar: 'CRAIS'
RH472.PRG(893) Warning C1003  Ambiguous reference: 'CMDT_FIM'
RH472.PRG(893) Warning C1004  Ambiguous reference, assuming memvar: 'CRAIS'
RH472.PRG(896) Warning C1004  Ambiguous reference, assuming memvar: 'CRAIS'
RH472.PRG(896) Warning C1004  Ambiguous reference, assuming memvar: 'CRAIS'
RH472.PRG(898) Warning C1004  Ambiguous reference, assuming memvar: 'CRAIS'
RH472.PRG(898) Warning C1004  Ambiguous reference, assuming memvar: 'CRAIS'
RH472.PRG(901) Warning C1004  Ambiguous reference, assuming memvar: 'CRAIS'
RH472.PRG(901) Warning C1004  Ambiguous reference, assuming memvar: 'CRAIS'
RH472.PRG(902) Warning C1004  Ambiguous reference, assuming memvar: 'CRAIS'
RH472.PRG(902) Warning C1004  Ambiguous reference, assuming memvar: 'CRAIS'
RH472.PRG(905) Warning C1003  Ambiguous reference: 'CRAIS'
RH472.PRG(906) Warning C1004  Ambiguous reference, assuming memvar: 'CRAIS'
RH472.PRG(916) Warning C1004  Ambiguous reference, assuming memvar: 'CCGCCEI'
RH472.PRG(944) Warning C1003  Ambiguous reference: 'CCGCCEI'
RH472.PRG(944) Warning C1004  Ambiguous reference, assuming memvar: 'CRAIS'
RH472.PRG(945) Warning C1004  Ambiguous reference, assuming memvar: 'CRAIS'
RH472.PRG(945) Warning C1004  Ambiguous reference, assuming memvar: 'CRAIS'
RH472.PRG(946) Warning C1004  Ambiguous reference, assuming memvar: 'CRAIS'
RH472.PRG(946) Warning C1004  Ambiguous reference, assuming memvar: 'CRAIS'
RH472.PRG(949) Warning C1003  Ambiguous reference: 'CRAIS'
RH472.PRG(950) Warning C1004  Ambiguous reference, assuming memvar: 'CRAIS'
RH472.PRG(956) Warning C1003  Ambiguous reference: 'CDRIVE'
RH472.PRG(968) Warning C1001  RETURN statement with no value in function
405 warnings                
Code size 11252, Symbols 2880, Constants 3820
