274K available
Compiling RH470.PRG
RH470.PRG(14)  Warning C1003  Ambiguous reference: 'XNIVEL'
RH470.PRG(14)  Warning C1003  Ambiguous reference: 'XFLAG'
RH470.PRG(14)  Warning C1004  Ambiguous reference, assuming memvar: 'BESCAPE'
RH470.PRG(16)  Warning C1004  Ambiguous reference, assuming memvar: 'SBLOCO2'
RH470.PRG(17)  Warning C1004  Ambiguous reference, assuming memvar: 'SBLOCO3'
RH470.PRG(18)  Warning C1004  Ambiguous reference, assuming memvar: 'SBLOCO4'
RH470.PRG(19)  Warning C1004  Ambiguous reference, assuming memvar: 'SBLOCO5'
RH470.PRG(20)  Warning C1004  Ambiguous reference, assuming memvar: 'SBLOCO6'
RH470.PRG(21)  Warning C1004  Ambiguous reference, assuming memvar: 'SBLOCO7'
RH470.PRG(22)  Warning C1004  Ambiguous reference, assuming memvar: 'SBLOCO9'
RH470.PRG(25)  Warning C1004  Ambiguous reference, assuming memvar: 'AEDICAO'
RH470.PRG(26)  Warning C1004  Ambiguous reference, assuming memvar: 'AEMPR'
RH470.PRG(31)  Warning C1004  Ambiguous reference, assuming memvar: 'CRESP'
RH470.PRG(32)  Warning C1004  Ambiguous reference, assuming memvar: 'CENDRESP'
RH470.PRG(33)  Warning C1004  Ambiguous reference, assuming memvar: 'CCOMPL'
RH470.PRG(34)  Warning C1004  Ambiguous reference, assuming memvar: 'NNUMERO'
RH470.PRG(35)  Warning C1004  Ambiguous reference, assuming memvar: 'CBAIRRO'
RH470.PRG(39)  Warning C1004  Ambiguous reference, assuming memvar: 'DDT_RET'
RH470.PRG(45)  Warning C1004  Ambiguous reference, assuming memvar: 'NHOR_01'
RH470.PRG(46)  Warning C1004  Ambiguous reference, assuming memvar: 'NHOR_02'
RH470.PRG(47)  Warning C1004  Ambiguous reference, assuming memvar: 'NHOR_03'
RH470.PRG(48)  Warning C1004  Ambiguous reference, assuming memvar: 'NHOR_04'
RH470.PRG(49)  Warning C1004  Ambiguous reference, assuming memvar: 'NHOR_05'
RH470.PRG(50)  Warning C1004  Ambiguous reference, assuming memvar: 'NHOR_06'
RH470.PRG(51)  Warning C1004  Ambiguous reference, assuming memvar: 'NHOR_07'
RH470.PRG(52)  Warning C1004  Ambiguous reference, assuming memvar: 'NHOR_08'
RH470.PRG(53)  Warning C1004  Ambiguous reference, assuming memvar: 'NHOR_09'
RH470.PRG(54)  Warning C1004  Ambiguous reference, assuming memvar: 'NHOR_10'
RH470.PRG(55)  Warning C1004  Ambiguous reference, assuming memvar: 'NHOR_11'
RH470.PRG(56)  Warning C1004  Ambiguous reference, assuming memvar: 'NHOR_12'
RH470.PRG(57)  Warning C1004  Ambiguous reference, assuming memvar: 'CHORAS'
RH470.PRG(58)  Warning C1004  Ambiguous reference, assuming memvar: 'NFERIAS_IND'
RH470.PRG(59)  Warning C1004  Ambiguous reference, assuming memvar: 'NCONTRIB_SIND'
RH470.PRG(60)  Warning C1004  Ambiguous reference, assuming memvar: 'NCONTRIB_CONF'
RH470.PRG(61)  Warning C1004  Ambiguous reference, assuming memvar: 'NTOT_SIND'
RH470.PRG(62)  Warning C1004  Ambiguous reference, assuming memvar: 'NTOT_CONF'
RH470.PRG(66)  Warning C1004  Ambiguous reference, assuming memvar: 'CFONE'
RH470.PRG(81)  Warning C1004  Ambiguous reference, assuming memvar: 'CMES_PRI'
RH470.PRG(82)  Warning C1004  Ambiguous reference, assuming memvar: 'CMES_SEG'
RH470.PRG(87)  Warning C1003  Ambiguous reference: 'XDRV_RH'
RH470.PRG(94)  Warning C1003  Ambiguous reference: 'XDRV_SH'
RH470.PRG(99)  Warning C1003  Ambiguous reference: 'EMPRESA'
RH470.PRG(115) Warning C1002  Procedure returns value
RH470.PRG(175) Warning C1003  Ambiguous reference: 'COPCAO'
RH470.PRG(175) Warning C1004  Ambiguous reference, assuming memvar: 'COPCAO'
RH470.PRG(178) Warning C1003  Ambiguous reference: 'COPCAO'
RH470.PRG(181) Warning C1003  Ambiguous reference: 'COPCAO'
RH470.PRG(204) Warning C1003  Ambiguous reference: 'FCGCCEI'
RH470.PRG(206) Warning C1004  Ambiguous reference, assuming memvar: 'XNIVEL'
RH470.PRG(207) Warning C1004  Ambiguous reference, assuming memvar: 'XNIVEL'
RH470.PRG(207) Warning C1004  Ambiguous reference, assuming memvar: 'XNIVEL'
RH470.PRG(207) Warning C1003  Ambiguous reference: 'FRAIS'
RH470.PRG(211) Warning C1003  Ambiguous reference: 'COPCAO'
RH470.PRG(211) Warning C1001  RETURN statement with no value in function
RH470.PRG(215) Warning C1003  Ambiguous reference: 'FRAIS'
RH470.PRG(215) Warning C1003  Ambiguous reference: 'XSN'
RH470.PRG(217) Warning C1004  Ambiguous reference, assuming memvar: 'XNIVEL'
RH470.PRG(218) Warning C1004  Ambiguous reference, assuming memvar: 'XFLAG'
RH470.PRG(222) Warning C1003  Ambiguous reference: 'XNIVEL'
RH470.PRG(222) Warning C1003  Ambiguous reference: 'XNIVEL'
RH470.PRG(223) Warning C1003  Ambiguous reference: 'XNIVEL'
RH470.PRG(224) Warning C1003  Ambiguous reference: 'BESCAPE'
RH470.PRG(224) Warning C1001  RETURN statement with no value in function
RH470.PRG(225) Warning C1003  Ambiguous reference: 'XFLAG'
RH470.PRG(225) Warning C1004  Ambiguous reference, assuming memvar: 'XNIVEL'
RH470.PRG(225) Warning C1004  Ambiguous reference, assuming memvar: 'XNIVEL'
RH470.PRG(225) Warning C1004  Ambiguous reference, assuming memvar: 'XNIVEL'
RH470.PRG(225) Warning C1004  Ambiguous reference, assuming memvar: 'XNIVEL'
RH470.PRG(230) Warning C1003  Ambiguous reference: 'COPCAO'
RH470.PRG(239) Warning C1003  Ambiguous reference: 'FRAIS'
RH470.PRG(240) Warning C1001  RETURN statement with no value in function
RH470.PRG(245) Warning C1004  Ambiguous reference, assuming memvar: 'CPATH'
RH470.PRG(249) Warning C1003  Ambiguous reference: 'CPATH'
RH470.PRG(261) Warning C1001  RETURN statement with no value in function
RH470.PRG(271) Warning C1003  Ambiguous reference: 'COPCAO'
RH470.PRG(271) Warning C1004  Ambiguous reference, assuming memvar: 'COPCAO'
RH470.PRG(279) Warning C1003  Ambiguous reference: 'FMUDOU_INSC'
RH470.PRG(279) Warning C1004  Ambiguous reference, assuming memvar: 'FMUDOU_INSC'
RH470.PRG(279) Warning C1003  Ambiguous reference: 'FMUDOU_INSC'
RH470.PRG(280) Warning C1003  Ambiguous reference: 'FMUDOU_END'
RH470.PRG(280) Warning C1004  Ambiguous reference, assuming memvar: 'FMUDOU_END'
RH470.PRG(280) Warning C1003  Ambiguous reference: 'FMUDOU_END'
RH470.PRG(282) Warning C1004  Ambiguous reference, assuming memvar: 'XNIVEL'
RH470.PRG(286) Warning C1003  Ambiguous reference: 'FTIPO_INSC'
RH470.PRG(287) Warning C1003  Ambiguous reference: 'FCGCCPF'
RH470.PRG(288) Warning C1003  Ambiguous reference: 'FMUDOU_INSC'
RH470.PRG(289) Warning C1003  Ambiguous reference: 'FCAUSA_ALTE'
RH470.PRG(290) Warning C1003  Ambiguous reference: 'FINSC_ANTE'
RH470.PRG(291) Warning C1003  Ambiguous reference: 'FMUDOU_END'
RH470.PRG(292) Warning C1003  Ambiguous reference: 'FMES_DTBASE'
RH470.PRG(293) Warning C1003  Ambiguous reference: 'FNATU_JURID'
RH470.PRG(294) Warning C1003  Ambiguous reference: 'FPART_PAT'
RH470.PRG(295) Warning C1003  Ambiguous reference: 'FMICRO_EMP'
RH470.PRG(296) Warning C1003  Ambiguous reference: 'FPEQ_PORTE'
RH470.PRG(297) Warning C1003  Ambiguous reference: 'FOP_SIMPLES'
RH470.PRG(298) Warning C1003  Ambiguous reference: 'FPROPRIET'
RH470.PRG(299) Warning C1003  Ambiguous reference: 'FTRAIS'
RH470.PRG(304) Warning C1003  Ambiguous reference: 'COPCAO'
RH470.PRG(308) Warning C1003  Ambiguous reference: 'FMUDOU_INSC'
RH470.PRG(308) Warning C1003  Ambiguous reference: 'XSN'
RH470.PRG(309) Warning C1003  Ambiguous reference: 'FCAUSA_ALTE'
RH470.PRG(309) Warning C1003  Ambiguous reference: 'SBLOCO2'
RH470.PRG(310) Warning C1003  Ambiguous reference: 'FINSC_ANTE'
RH470.PRG(311) Warning C1003  Ambiguous reference: 'FMUDOU_END'
RH470.PRG(311) Warning C1003  Ambiguous reference: 'XSN'
RH470.PRG(312) Warning C1003  Ambiguous reference: 'FMES_DTBASE'
RH470.PRG(313) Warning C1003  Ambiguous reference: 'FNATU_JURID'
RH470.PRG(314) Warning C1003  Ambiguous reference: 'FPART_PAT'
RH470.PRG(314) Warning C1003  Ambiguous reference: 'XSN'
RH470.PRG(315) Warning C1003  Ambiguous reference: 'FMICRO_EMP'
RH470.PRG(315) Warning C1003  Ambiguous reference: 'XSN'
RH470.PRG(316) Warning C1003  Ambiguous reference: 'FPEQ_PORTE'
RH470.PRG(316) Warning C1003  Ambiguous reference: 'XSN'
RH470.PRG(317) Warning C1003  Ambiguous reference: 'FOP_SIMPLES'
RH470.PRG(317) Warning C1003  Ambiguous reference: 'XSN'
RH470.PRG(318) Warning C1003  Ambiguous reference: 'FPROPRIET'
RH470.PRG(319) Warning C1003  Ambiguous reference: 'FTRAIS'
RH470.PRG(319) Warning C1003  Ambiguous reference: 'SBLOCO9'
RH470.PRG(323) Warning C1004  Ambiguous reference, assuming memvar: 'XNIVEL'
RH470.PRG(324) Warning C1004  Ambiguous reference, assuming memvar: 'XFLAG'
RH470.PRG(328) Warning C1003  Ambiguous reference: 'XNIVEL'
RH470.PRG(328) Warning C1003  Ambiguous reference: 'XNIVEL'
RH470.PRG(329) Warning C1003  Ambiguous reference: 'XNIVEL'
RH470.PRG(330) Warning C1003  Ambiguous reference: 'BESCAPE'
RH470.PRG(331) Warning C1003  Ambiguous reference: 'XNIVEL'
RH470.PRG(332) Warning C1003  Ambiguous reference: 'XFLAG'
RH470.PRG(332) Warning C1004  Ambiguous reference, assuming memvar: 'XNIVEL'
RH470.PRG(332) Warning C1004  Ambiguous reference, assuming memvar: 'XNIVEL'
RH470.PRG(332) Warning C1004  Ambiguous reference, assuming memvar: 'XNIVEL'
RH470.PRG(332) Warning C1004  Ambiguous reference, assuming memvar: 'XNIVEL'
RH470.PRG(337) Warning C1003  Ambiguous reference: 'COPCAO'
RH470.PRG(346) Warning C1001  RETURN statement with no value in function
RH470.PRG(355) Warning C1003  Ambiguous reference: 'XNIVEL'
RH470.PRG(355) Warning C1003  Ambiguous reference: 'FMUDOU_INSC'
RH470.PRG(356) Warning C1003  Ambiguous reference: 'FMUDOU_INSC'
RH470.PRG(359) Warning C1004  Ambiguous reference, assuming memvar: 'FCAUSA_ALTE'
RH470.PRG(360) Warning C1004  Ambiguous reference, assuming memvar: 'FINSC_ANTE'
RH470.PRG(361) Warning C1004  Ambiguous reference, assuming memvar: 'XNIVEL'
RH470.PRG(361) Warning C1004  Ambiguous reference, assuming memvar: 'XNIVEL'
RH470.PRG(364) Warning C1003  Ambiguous reference: 'FMUDOU_INSC'
RH470.PRG(365) Warning C1003  Ambiguous reference: 'XNIVEL'
RH470.PRG(365) Warning C1003  Ambiguous reference: 'FCAUSA_ALTE'
RH470.PRG(368) Warning C1003  Ambiguous reference: 'XNIVEL'
RH470.PRG(368) Warning C1003  Ambiguous reference: 'FMUDOU_END'
RH470.PRG(370) Warning C1003  Ambiguous reference: 'FMES_DTBASE'
RH470.PRG(375) Warning C1003  Ambiguous reference: 'XNIVEL'
RH470.PRG(375) Warning C1003  Ambiguous reference: 'FPROPRIET'
RH470.PRG(375) Warning C1004  Ambiguous reference, assuming memvar: 'FPROPRIET'
RH470.PRG(377) Warning C1003  Ambiguous reference: 'FNATU_JURID'
RH470.PRG(381) Warning C1003  Ambiguous reference: 'FNATU_JURID'
RH470.PRG(386) Warning C1003  Ambiguous reference: 'XNIVEL'
RH470.PRG(386) Warning C1003  Ambiguous reference: 'FTRAIS'
RH470.PRG(389) Warning C1003  Ambiguous reference: 'XNIVEL'
RH470.PRG(389) Warning C1003  Ambiguous reference: 'FPART_PAT'
RH470.PRG(392) Warning C1003  Ambiguous reference: 'XNIVEL'
RH470.PRG(392) Warning C1003  Ambiguous reference: 'FMICRO_EMP'
RH470.PRG(395) Warning C1003  Ambiguous reference: 'XNIVEL'
RH470.PRG(395) Warning C1003  Ambiguous reference: 'FPEQ_PORTE'
RH470.PRG(398) Warning C1003  Ambiguous reference: 'XNIVEL'
RH470.PRG(398) Warning C1003  Ambiguous reference: 'FOP_SIMPLES'
RH470.PRG(412) Warning C1003  Ambiguous reference: 'CANOBASE'
RH470.PRG(413) Warning C1003  Ambiguous reference: 'CDRIVE'
RH470.PRG(413) Warning C1003  Ambiguous reference: 'SBLOCO3'
RH470.PRG(414) Warning C1003  Ambiguous reference: 'CCORRESP'
RH470.PRG(414) Warning C1003  Ambiguous reference: 'SBLOCO4'
RH470.PRG(415) Warning C1003  Ambiguous reference: 'CTIPOI'
RH470.PRG(415) Warning C1003  Ambiguous reference: 'SBLOCO7'
RH470.PRG(416) Warning C1003  Ambiguous reference: 'CCGC'
RH470.PRG(417) Warning C1003  Ambiguous reference: 'CRESP'
RH470.PRG(418) Warning C1003  Ambiguous reference: 'CENDRESP'
RH470.PRG(419) Warning C1003  Ambiguous reference: 'NNUMERO'
RH470.PRG(420) Warning C1003  Ambiguous reference: 'CCOMPL'
RH470.PRG(421) Warning C1003  Ambiguous reference: 'CBAIRRO'
RH470.PRG(422) Warning C1003  Ambiguous reference: 'CCGM'
RH470.PRG(423) Warning C1003  Ambiguous reference: 'CFONE'
RH470.PRG(424) Warning C1003  Ambiguous reference: 'CTP_ENT'
RH470.PRG(424) Warning C1003  Ambiguous reference: 'SBLOCO5'
RH470.PRG(425) Warning C1003  Ambiguous reference: 'CTP_DEC'
RH470.PRG(425) Warning C1003  Ambiguous reference: 'SBLOCO6'
RH470.PRG(426) Warning C1003  Ambiguous reference: 'DDT_RET'
RH470.PRG(427) Warning C1004  Ambiguous reference, assuming memvar: 'LCONF'
RH470.PRG(432) Warning C1004  Ambiguous reference, assuming memvar: 'XNIVEL'
RH470.PRG(433) Warning C1004  Ambiguous reference, assuming memvar: 'XFLAG'
RH470.PRG(434) Warning C1004  Ambiguous reference, assuming memvar: 'CRAIS'
RH470.PRG(435) Warning C1004  Ambiguous reference, assuming memvar: 'CANOBASE'
RH470.PRG(436) Warning C1004  Ambiguous reference, assuming memvar: 'CDRIVE'
RH470.PRG(437) Warning C1004  Ambiguous reference, assuming memvar: 'CCORRESP'
RH470.PRG(438) Warning C1004  Ambiguous reference, assuming memvar: 'CRESP'
RH470.PRG(439) Warning C1004  Ambiguous reference, assuming memvar: 'CENDRESP'
RH470.PRG(440) Warning C1004  Ambiguous reference, assuming memvar: 'CTIPOI'
RH470.PRG(441) Warning C1004  Ambiguous reference, assuming memvar: 'CCGC'
RH470.PRG(442) Warning C1004  Ambiguous reference, assuming memvar: 'NNUMERO'
RH470.PRG(443) Warning C1004  Ambiguous reference, assuming memvar: 'CCOMPL'
RH470.PRG(444) Warning C1004  Ambiguous reference, assuming memvar: 'CBAIRRO'
RH470.PRG(445) Warning C1004  Ambiguous reference, assuming memvar: 'CCGM'
RH470.PRG(446) Warning C1004  Ambiguous reference, assuming memvar: 'CTP_ENT'
RH470.PRG(447) Warning C1004  Ambiguous reference, assuming memvar: 'CTP_DEC'
RH470.PRG(448) Warning C1004  Ambiguous reference, assuming memvar: 'DDT_RET'
RH470.PRG(450) Warning C1003  Ambiguous reference: 'CANOBASE'
RH470.PRG(450) Warning C1004  Ambiguous reference, assuming memvar: 'CANOMES'
RH470.PRG(451) Warning C1004  Ambiguous reference, assuming memvar: 'CFONE'
RH470.PRG(455) Warning C1003  Ambiguous reference: 'XNIVEL'
RH470.PRG(455) Warning C1003  Ambiguous reference: 'XNIVEL'
RH470.PRG(456) Warning C1003  Ambiguous reference: 'XNIVEL'
RH470.PRG(457) Warning C1003  Ambiguous reference: 'BESCAPE'
RH470.PRG(457) Warning C1001  RETURN statement with no value in function
RH470.PRG(458) Warning C1003  Ambiguous reference: 'XNIVEL'
RH470.PRG(459) Warning C1003  Ambiguous reference: 'XFLAG'
RH470.PRG(459) Warning C1004  Ambiguous reference, assuming memvar: 'XNIVEL'
RH470.PRG(459) Warning C1004  Ambiguous reference, assuming memvar: 'XNIVEL'
RH470.PRG(459) Warning C1004  Ambiguous reference, assuming memvar: 'XNIVEL'
RH470.PRG(459) Warning C1004  Ambiguous reference, assuming memvar: 'XNIVEL'
RH470.PRG(462) Warning C1003  Ambiguous reference: 'LCONF'
RH470.PRG(475) Warning C1003  Ambiguous reference: 'CANOBASE'
RH470.PRG(480) Warning C1003  Ambiguous reference: 'XNIVEL'
RH470.PRG(480) Warning C1003  Ambiguous reference: 'CDRIVE'
RH470.PRG(482) Warning C1003  Ambiguous reference: 'XNIVEL'
RH470.PRG(482) Warning C1003  Ambiguous reference: 'CTIPOI'
RH470.PRG(485) Warning C1003  Ambiguous reference: 'XNIVEL'
RH470.PRG(485) Warning C1003  Ambiguous reference: 'CCORRESP'
RH470.PRG(486) Warning C1003  Ambiguous reference: 'CCORRESP'
RH470.PRG(487) Warning C1004  Ambiguous reference, assuming memvar: 'XNIVEL'
RH470.PRG(487) Warning C1004  Ambiguous reference, assuming memvar: 'XNIVEL'
RH470.PRG(490) Warning C1003  Ambiguous reference: 'CRESP'
RH470.PRG(495) Warning C1003  Ambiguous reference: 'CENDRESP'
RH470.PRG(500) Warning C1003  Ambiguous reference: 'CBAIRRO'
RH470.PRG(505) Warning C1003  Ambiguous reference: 'CCGC'
RH470.PRG(511) Warning C1003  Ambiguous reference: 'CCGM'
RH470.PRG(516) Warning C1003  Ambiguous reference: 'XNIVEL'
RH470.PRG(516) Warning C1003  Ambiguous reference: 'CTP_ENT'
RH470.PRG(518) Warning C1003  Ambiguous reference: 'XNIVEL'
RH470.PRG(518) Warning C1003  Ambiguous reference: 'CTP_DEC'
RH470.PRG(519) Warning C1003  Ambiguous reference: 'CTP_DEC'
RH470.PRG(520) Warning C1004  Ambiguous reference, assuming memvar: 'XNIVEL'
RH470.PRG(520) Warning C1004  Ambiguous reference, assuming memvar: 'XNIVEL'
RH470.PRG(532) Warning C1004  Ambiguous reference, assuming memvar: 'NVDT_FIM'
RH470.PRG(532) Warning C1004  Ambiguous reference, assuming memvar: 'CMDT_ADT'
RH470.PRG(537) Warning C1003  Ambiguous reference: 'CANOBASE'
RH470.PRG(542) Warning C1003  Ambiguous reference: 'CANOBASE'
RH470.PRG(542) Warning C1004  Ambiguous reference, assuming memvar: 'CANOMES'
RH470.PRG(580) Warning C1003  Ambiguous reference: 'FILIAL'
RH470.PRG(580) Warning C1003  Ambiguous reference: 'PIS_NUM'
RH470.PRG(596) Warning C1003  Ambiguous reference: 'ANOMES'
RH470.PRG(596) Warning C1003  Ambiguous reference: 'CANOBASE'
RH470.PRG(596) Warning C1003  Ambiguous reference: 'ANOMES'
RH470.PRG(596) Warning C1003  Ambiguous reference: 'CANOBASE'
RH470.PRG(596) Warning C1003  Ambiguous reference: 'SITUACAO'
RH470.PRG(608) Warning C1003  Ambiguous reference: 'XDRV_RHX'
RH470.PRG(632) Warning C1003  Ambiguous reference: 'CANOBASE'
RH470.PRG(669) Warning C1004  Ambiguous reference, assuming memvar: 'NMES'
RH470.PRG(669) Warning C1004  Ambiguous reference, assuming memvar: 'NMES'
RH470.PRG(669) Warning C1004  Ambiguous reference, assuming memvar: 'NMES'
RH470.PRG(669) Warning C1003  Ambiguous reference: 'NMES'
RH470.PRG(670) Warning C1003  Ambiguous reference: 'CANOMES'
RH470.PRG(670) Warning C1003  Ambiguous reference: 'NMES'
RH470.PRG(690) Warning C1003  Ambiguous reference: 'CCGC'
RH470.PRG(690) Warning C1003  Ambiguous reference: 'CTIPOI'
RH470.PRG(690) Warning C1003  Ambiguous reference: 'CRESP'
RH470.PRG(690) Warning C1003  Ambiguous reference: 'CENDRESP'
RH470.PRG(690) Warning C1003  Ambiguous reference: 'NNUMERO'
RH470.PRG(690) Warning C1003  Ambiguous reference: 'CCOMPL'
RH470.PRG(690) Warning C1003  Ambiguous reference: 'CBAIRRO'
RH470.PRG(690) Warning C1004  Ambiguous reference, assuming memvar: 'CRAIS'
RH470.PRG(691) Warning C1004  Ambiguous reference, assuming memvar: 'CRAIS'
RH470.PRG(691) Warning C1003  Ambiguous reference: 'CFONE'
RH470.PRG(691) Warning C1003  Ambiguous reference: 'CFONE'
RH470.PRG(691) Warning C1003  Ambiguous reference: 'CTP_DEC'
RH470.PRG(691) Warning C1004  Ambiguous reference, assuming memvar: 'CRAIS'
RH470.PRG(692) Warning C1004  Ambiguous reference, assuming memvar: 'CRAIS'
RH470.PRG(692) Warning C1003  Ambiguous reference: 'DDT_RET'
RH470.PRG(692) Warning C1003  Ambiguous reference: 'DDT_RET'
RH470.PRG(692) Warning C1004  Ambiguous reference, assuming memvar: 'CRAIS'
RH470.PRG(693) Warning C1004  Ambiguous reference, assuming memvar: 'CRAIS'
RH470.PRG(693) Warning C1004  Ambiguous reference, assuming memvar: 'CRAIS'
RH470.PRG(698) Warning C1003  Ambiguous reference: 'CRAIS'
RH470.PRG(698) Warning C1003  Ambiguous reference: 'CRAIS'
RH470.PRG(700) Warning C1004  Ambiguous reference, assuming memvar: 'CRAIS'
RH470.PRG(707) Warning C1004  Ambiguous reference, assuming memvar: 'CRAIS'
RH470.PRG(708) Warning C1004  Ambiguous reference, assuming memvar: 'CRAIS'
RH470.PRG(708) Warning C1004  Ambiguous reference, assuming memvar: 'CRAIS'
RH470.PRG(709) Warning C1004  Ambiguous reference, assuming memvar: 'CRAIS'
RH470.PRG(709) Warning C1004  Ambiguous reference, assuming memvar: 'CRAIS'
RH470.PRG(710) Warning C1004  Ambiguous reference, assuming memvar: 'CRAIS'
RH470.PRG(710) Warning C1003  Ambiguous reference: 'CFONE'
RH470.PRG(710) Warning C1004  Ambiguous reference, assuming memvar: 'CRAIS'
RH470.PRG(711) Warning C1004  Ambiguous reference, assuming memvar: 'CRAIS'
RH470.PRG(711) Warning C1004  Ambiguous reference, assuming memvar: 'CRAIS'
RH470.PRG(712) Warning C1004  Ambiguous reference, assuming memvar: 'CRAIS'
RH470.PRG(712) Warning C1004  Ambiguous reference, assuming memvar: 'CRAIS'
RH470.PRG(713) Warning C1004  Ambiguous reference, assuming memvar: 'CRAIS'
RH470.PRG(713) Warning C1004  Ambiguous reference, assuming memvar: 'CRAIS'
RH470.PRG(714) Warning C1004  Ambiguous reference, assuming memvar: 'CPORTE'
RH470.PRG(716) Warning C1004  Ambiguous reference, assuming memvar: 'CPORTE'
RH470.PRG(719) Warning C1004  Ambiguous reference, assuming memvar: 'CPORTE'
RH470.PRG(721) Warning C1004  Ambiguous reference, assuming memvar: 'CPORTE'
RH470.PRG(724) Warning C1004  Ambiguous reference, assuming memvar: 'CRAIS'
RH470.PRG(724) Warning C1003  Ambiguous reference: 'CANOBASE'
RH470.PRG(724) Warning C1003  Ambiguous reference: 'CPORTE'
RH470.PRG(724) Warning C1004  Ambiguous reference, assuming memvar: 'CRAIS'
RH470.PRG(725) Warning C1004  Ambiguous reference, assuming memvar: 'CRAIS'
RH470.PRG(725) Warning C1004  Ambiguous reference, assuming memvar: 'CRAIS'
RH470.PRG(726) Warning C1004  Ambiguous reference, assuming memvar: 'CRAIS'
RH470.PRG(726) Warning C1004  Ambiguous reference, assuming memvar: 'CRAIS'
RH470.PRG(727) Warning C1004  Ambiguous reference, assuming memvar: 'CRAIS'
RH470.PRG(727) Warning C1004  Ambiguous reference, assuming memvar: 'CRAIS'
RH470.PRG(728) Warning C1004  Ambiguous reference, assuming memvar: 'CRAIS'
RH470.PRG(728) Warning C1004  Ambiguous reference, assuming memvar: 'CRAIS'
RH470.PRG(729) Warning C1004  Ambiguous reference, assuming memvar: 'NTOT_SIND'
RH470.PRG(730) Warning C1004  Ambiguous reference, assuming memvar: 'NTOT_CONF'
RH470.PRG(734) Warning C1004  Ambiguous reference, assuming memvar: 'NTOT_SIND'
RH470.PRG(739) Warning C1003  Ambiguous reference: 'CANOMES'
RH470.PRG(740) Warning C1003  Ambiguous reference: 'CANOMES'
RH470.PRG(743) Warning C1004  Ambiguous reference, assuming memvar: 'NTOT_SIND'
RH470.PRG(743) Warning C1004  Ambiguous reference, assuming memvar: 'NTOT_SIND'
RH470.PRG(747) Warning C1004  Ambiguous reference, assuming memvar: 'NTOT_CONF'
RH470.PRG(747) Warning C1004  Ambiguous reference, assuming memvar: 'NTOT_CONF'
RH470.PRG(760) Warning C1003  Ambiguous reference: 'NTOT_SIND'
RH470.PRG(761) Warning C1004  Ambiguous reference, assuming memvar: 'CRAIS'
RH470.PRG(761) Warning C1004  Ambiguous reference, assuming memvar: 'CRAIS'
RH470.PRG(762) Warning C1004  Ambiguous reference, assuming memvar: 'CRAIS'
RH470.PRG(762) Warning C1003  Ambiguous reference: 'NTOT_SIND'
RH470.PRG(762) Warning C1004  Ambiguous reference, assuming memvar: 'CRAIS'
RH470.PRG(764) Warning C1004  Ambiguous reference, assuming memvar: 'CRAIS'
RH470.PRG(764) Warning C1004  Ambiguous reference, assuming memvar: 'CRAIS'
RH470.PRG(767) Warning C1004  Ambiguous reference, assuming memvar: 'CRAIS'
RH470.PRG(767) Warning C1004  Ambiguous reference, assuming memvar: 'CRAIS'
RH470.PRG(769) Warning C1003  Ambiguous reference: 'NTOT_CONF'
RH470.PRG(771) Warning C1004  Ambiguous reference, assuming memvar: 'CRAIS'
RH470.PRG(771) Warning C1004  Ambiguous reference, assuming memvar: 'CRAIS'
RH470.PRG(772) Warning C1004  Ambiguous reference, assuming memvar: 'CRAIS'
RH470.PRG(772) Warning C1003  Ambiguous reference: 'NTOT_CONF'
RH470.PRG(772) Warning C1004  Ambiguous reference, assuming memvar: 'CRAIS'
RH470.PRG(774) Warning C1004  Ambiguous reference, assuming memvar: 'CRAIS'
RH470.PRG(774) Warning C1004  Ambiguous reference, assuming memvar: 'CRAIS'
RH470.PRG(776) Warning C1004  Ambiguous reference, assuming memvar: 'CRAIS'
RH470.PRG(776) Warning C1004  Ambiguous reference, assuming memvar: 'CRAIS'
RH470.PRG(777) Warning C1004  Ambiguous reference, assuming memvar: 'CRAIS'
RH470.PRG(777) Warning C1004  Ambiguous reference, assuming memvar: 'CRAIS'
RH470.PRG(778) Warning C1004  Ambiguous reference, assuming memvar: 'CRAIS'
RH470.PRG(778) Warning C1004  Ambiguous reference, assuming memvar: 'CRAIS'
RH470.PRG(779) Warning C1004  Ambiguous reference, assuming memvar: 'CRAIS'
RH470.PRG(779) Warning C1004  Ambiguous reference, assuming memvar: 'CRAIS'
RH470.PRG(780) Warning C1004  Ambiguous reference, assuming memvar: 'CRAIS'
RH470.PRG(780) Warning C1004  Ambiguous reference, assuming memvar: 'CRAIS'
RH470.PRG(782) Warning C1004  Ambiguous reference, assuming memvar: 'CRAIS'
RH470.PRG(782) Warning C1004  Ambiguous reference, assuming memvar: 'CRAIS'
RH470.PRG(786) Warning C1003  Ambiguous reference: 'CRAIS'
RH470.PRG(786) Warning C1003  Ambiguous reference: 'CRAIS'
RH470.PRG(787) Warning C1004  Ambiguous reference, assuming memvar: 'CRAIS'
RH470.PRG(802) Warning C1003  Ambiguous reference: 'CANOBASE'
RH470.PRG(821) Warning C1003  Ambiguous reference: 'CANOBASE'
RH470.PRG(832) Warning C1003  Ambiguous reference: 'CANOBASE'
RH470.PRG(832) Warning C1003  Ambiguous reference: 'CANOBASE'
RH470.PRG(848) Warning C1004  Ambiguous reference, assuming memvar: 'CRAIS'
RH470.PRG(850) Warning C1004  Ambiguous reference, assuming memvar: 'CRAIS'
RH470.PRG(850) Warning C1004  Ambiguous reference, assuming memvar: 'CRAIS'
RH470.PRG(855) Warning C1004  Ambiguous reference, assuming memvar: 'CNACIONAL'
RH470.PRG(857) Warning C1004  Ambiguous reference, assuming memvar: 'CNACIONAL'
RH470.PRG(859) Warning C1004  Ambiguous reference, assuming memvar: 'CNACIONAL'
RH470.PRG(861) Warning C1004  Ambiguous reference, assuming memvar: 'CNACIONAL'
RH470.PRG(863) Warning C1004  Ambiguous reference, assuming memvar: 'CNACIONAL'
RH470.PRG(865) Warning C1004  Ambiguous reference, assuming memvar: 'CNACIONAL'
RH470.PRG(867) Warning C1004  Ambiguous reference, assuming memvar: 'CNACIONAL'
RH470.PRG(869) Warning C1004  Ambiguous reference, assuming memvar: 'CNACIONAL'
RH470.PRG(871) Warning C1004  Ambiguous reference, assuming memvar: 'CNACIONAL'
RH470.PRG(873) Warning C1004  Ambiguous reference, assuming memvar: 'CNACIONAL'
RH470.PRG(875) Warning C1004  Ambiguous reference, assuming memvar: 'CNACIONAL'
RH470.PRG(877) Warning C1004  Ambiguous reference, assuming memvar: 'CNACIONAL'
RH470.PRG(879) Warning C1004  Ambiguous reference, assuming memvar: 'CNACIONAL'
RH470.PRG(881) Warning C1004  Ambiguous reference, assuming memvar: 'CNACIONAL'
RH470.PRG(883) Warning C1004  Ambiguous reference, assuming memvar: 'CNACIONAL'
RH470.PRG(885) Warning C1004  Ambiguous reference, assuming memvar: 'CNACIONAL'
RH470.PRG(887) Warning C1004  Ambiguous reference, assuming memvar: 'CNACIONAL'
RH470.PRG(889) Warning C1004  Ambiguous reference, assuming memvar: 'CNACIONAL'
RH470.PRG(891) Warning C1004  Ambiguous reference, assuming memvar: 'CNACIONAL'
RH470.PRG(893) Warning C1004  Ambiguous reference, assuming memvar: 'CNACIONAL'
RH470.PRG(895) Warning C1004  Ambiguous reference, assuming memvar: 'CNACIONAL'
RH470.PRG(897) Warning C1004  Ambiguous reference, assuming memvar: 'CNACIONAL'
RH470.PRG(899) Warning C1004  Ambiguous reference, assuming memvar: 'CNACIONAL'
RH470.PRG(902) Warning C1004  Ambiguous reference, assuming memvar: 'CRAIS'
RH470.PRG(902) Warning C1003  Ambiguous reference: 'CNACIONAL'
RH470.PRG(902) Warning C1004  Ambiguous reference, assuming memvar: 'CRAIS'
RH470.PRG(903) Warning C1004  Ambiguous reference, assuming memvar: 'CRAIS'
RH470.PRG(903) Warning C1004  Ambiguous reference, assuming memvar: 'CRAIS'
RH470.PRG(904) Warning C1004  Ambiguous reference, assuming memvar: 'CRAIS'
RH470.PRG(904) Warning C1004  Ambiguous reference, assuming memvar: 'CRAIS'
RH470.PRG(905) Warning C1004  Ambiguous reference, assuming memvar: 'CRAIS'
RH470.PRG(905) Warning C1004  Ambiguous reference, assuming memvar: 'CRAIS'
RH470.PRG(906) Warning C1004  Ambiguous reference, assuming memvar: 'CRAIS'
RH470.PRG(906) Warning C1004  Ambiguous reference, assuming memvar: 'CRAIS'
RH470.PRG(922) Warning C1004  Ambiguous reference, assuming memvar: 'CRAIS'
RH470.PRG(922) Warning C1004  Ambiguous reference, assuming memvar: 'CRAIS'
RH470.PRG(924) Warning C1004  Ambiguous reference, assuming memvar: 'CRAIS'
RH470.PRG(924) Warning C1004  Ambiguous reference, assuming memvar: 'CRAIS'
RH470.PRG(927) Warning C1004  Ambiguous reference, assuming memvar: 'CRAIS'
RH470.PRG(927) Warning C1004  Ambiguous reference, assuming memvar: 'CRAIS'
RH470.PRG(931) Warning C1004  Ambiguous reference, assuming memvar: 'CRAIS'
RH470.PRG(931) Warning C1004  Ambiguous reference, assuming memvar: 'CRAIS'
RH470.PRG(933) Warning C1004  Ambiguous reference, assuming memvar: 'CRAIS'
RH470.PRG(933) Warning C1004  Ambiguous reference, assuming memvar: 'CRAIS'
RH470.PRG(936) Warning C1004  Ambiguous reference, assuming memvar: 'CRAIS'
RH470.PRG(936) Warning C1004  Ambiguous reference, assuming memvar: 'CRAIS'
RH470.PRG(940) Warning C1004  Ambiguous reference, assuming memvar: 'CRAIS'
RH470.PRG(940) Warning C1004  Ambiguous reference, assuming memvar: 'CRAIS'
RH470.PRG(942) Warning C1004  Ambiguous reference, assuming memvar: 'CRAIS'
RH470.PRG(942) Warning C1004  Ambiguous reference, assuming memvar: 'CRAIS'
RH470.PRG(944) Warning C1004  Ambiguous reference, assuming memvar: 'CRAIS'
RH470.PRG(944) Warning C1004  Ambiguous reference, assuming memvar: 'CRAIS'
RH470.PRG(946) Warning C1004  Ambiguous reference, assuming memvar: 'CRAIS'
RH470.PRG(946) Warning C1004  Ambiguous reference, assuming memvar: 'CRAIS'
RH470.PRG(948) Warning C1004  Ambiguous reference, assuming memvar: 'CRAIS'
RH470.PRG(948) Warning C1004  Ambiguous reference, assuming memvar: 'CRAIS'
RH470.PRG(950) Warning C1004  Ambiguous reference, assuming memvar: 'CRAIS'
RH470.PRG(950) Warning C1004  Ambiguous reference, assuming memvar: 'CRAIS'
RH470.PRG(952) Warning C1004  Ambiguous reference, assuming memvar: 'CRAIS'
RH470.PRG(952) Warning C1004  Ambiguous reference, assuming memvar: 'CRAIS'
RH470.PRG(954) Warning C1004  Ambiguous reference, assuming memvar: 'CRAIS'
RH470.PRG(954) Warning C1004  Ambiguous reference, assuming memvar: 'CRAIS'
RH470.PRG(956) Warning C1004  Ambiguous reference, assuming memvar: 'CRAIS'
RH470.PRG(956) Warning C1004  Ambiguous reference, assuming memvar: 'CRAIS'
RH470.PRG(958) Warning C1004  Ambiguous reference, assuming memvar: 'CRAIS'
RH470.PRG(958) Warning C1004  Ambiguous reference, assuming memvar: 'CRAIS'
RH470.PRG(960) Warning C1004  Ambiguous reference, assuming memvar: 'CRAIS'
RH470.PRG(960) Warning C1004  Ambiguous reference, assuming memvar: 'CRAIS'
RH470.PRG(962) Warning C1004  Ambiguous reference, assuming memvar: 'CRAIS'
RH470.PRG(962) Warning C1004  Ambiguous reference, assuming memvar: 'CRAIS'
RH470.PRG(964) Warning C1004  Ambiguous reference, assuming memvar: 'CRAIS'
RH470.PRG(964) Warning C1004  Ambiguous reference, assuming memvar: 'CRAIS'
RH470.PRG(966) Warning C1004  Ambiguous reference, assuming memvar: 'CRAIS'
RH470.PRG(966) Warning C1004  Ambiguous reference, assuming memvar: 'CRAIS'
RH470.PRG(976) Warning C1004  Ambiguous reference, assuming memvar: 'CRAIS'
RH470.PRG(976) Warning C1004  Ambiguous reference, assuming memvar: 'CRAIS'
RH470.PRG(978) Warning C1004  Ambiguous reference, assuming memvar: 'CRAIS'
RH470.PRG(978) Warning C1004  Ambiguous reference, assuming memvar: 'CRAIS'
RH470.PRG(981) Warning C1004  Ambiguous reference, assuming memvar: 'NVDT_FIM'
RH470.PRG(981) Warning C1004  Ambiguous reference, assuming memvar: 'NVALOR'
RH470.PRG(981) Warning C1004  Ambiguous reference, assuming memvar: 'NAVISO'
RH470.PRG(982) Warning C1004  Ambiguous reference, assuming memvar: 'NCONTRIB_CONF'
RH470.PRG(982) Warning C1004  Ambiguous reference, assuming memvar: 'NCONTRIB_SIND'
RH470.PRG(982) Warning C1004  Ambiguous reference, assuming memvar: 'NFERIAS_IND'
RH470.PRG(984) Warning C1004  Ambiguous reference, assuming memvar: 'NHOR_01'
RH470.PRG(985) Warning C1004  Ambiguous reference, assuming memvar: 'NHOR_02'
RH470.PRG(986) Warning C1004  Ambiguous reference, assuming memvar: 'NHOR_03'
RH470.PRG(987) Warning C1004  Ambiguous reference, assuming memvar: 'NHOR_04'
RH470.PRG(988) Warning C1004  Ambiguous reference, assuming memvar: 'NHOR_05'
RH470.PRG(989) Warning C1004  Ambiguous reference, assuming memvar: 'NHOR_06'
RH470.PRG(990) Warning C1004  Ambiguous reference, assuming memvar: 'NHOR_07'
RH470.PRG(991) Warning C1004  Ambiguous reference, assuming memvar: 'NHOR_08'
RH470.PRG(992) Warning C1004  Ambiguous reference, assuming memvar: 'NHOR_09'
RH470.PRG(993) Warning C1004  Ambiguous reference, assuming memvar: 'NHOR_10'
RH470.PRG(994) Warning C1004  Ambiguous reference, assuming memvar: 'NHOR_11'
RH470.PRG(995) Warning C1004  Ambiguous reference, assuming memvar: 'NHOR_12'
RH470.PRG(996) Warning C1004  Ambiguous reference, assuming memvar: 'CHORAS'
RH470.PRG(999) Warning C1004  Ambiguous reference, assuming memvar: 'NREGISTRO'
RH470.PRG(1000)    Warning C1004  Ambiguous reference, assuming memvar: 'NINDICE'
RH470.PRG(1003)    Warning C1003  Ambiguous reference: 'CANOMES'
RH470.PRG(1004)    Warning C1004  Ambiguous reference, assuming memvar: 'CMES_SEG'
RH470.PRG(1007)    Warning C1003  Ambiguous reference: 'CANOMES'
RH470.PRG(1008)    Warning C1004  Ambiguous reference, assuming memvar: 'CMES_SEG'
RH470.PRG(1011)    Warning C1003  Ambiguous reference: 'CANOMES'
RH470.PRG(1012)    Warning C1004  Ambiguous reference, assuming memvar: 'CMES_SEG'
RH470.PRG(1020)    Warning C1003  Ambiguous reference: 'CANOMES'
RH470.PRG(1022)    Warning C1004  Ambiguous reference, assuming memvar: 'CRAIS'
RH470.PRG(1022)    Warning C1004  Ambiguous reference, assuming memvar: 'CRAIS'
RH470.PRG(1024)    Warning C1003  Ambiguous reference: 'CANOMES'
RH470.PRG(1029)    Warning C1004  Ambiguous reference, assuming memvar: 'NVALOR'
RH470.PRG(1029)    Warning C1004  Ambiguous reference, assuming memvar: 'NVALOR'
RH470.PRG(1032)    Warning C1004  Ambiguous reference, assuming memvar: 'NAVISO'
RH470.PRG(1036)    Warning C1004  Ambiguous reference, assuming memvar: 'NFERIAS_IND'
RH470.PRG(1036)    Warning C1004  Ambiguous reference, assuming memvar: 'NFERIAS_IND'
RH470.PRG(1037)    Warning C1004  Ambiguous reference, assuming memvar: 'NVALOR'
RH470.PRG(1037)    Warning C1004  Ambiguous reference, assuming memvar: 'NVALOR'
RH470.PRG(1042)    Warning C1004  Ambiguous reference, assuming memvar: 'NFERIAS_IND'
RH470.PRG(1042)    Warning C1004  Ambiguous reference, assuming memvar: 'NFERIAS_IND'
RH470.PRG(1043)    Warning C1004  Ambiguous reference, assuming memvar: 'NVALOR'
RH470.PRG(1043)    Warning C1004  Ambiguous reference, assuming memvar: 'NVALOR'
RH470.PRG(1049)    Warning C1004  Ambiguous reference, assuming memvar: 'NFERIAS_IND'
RH470.PRG(1049)    Warning C1004  Ambiguous reference, assuming memvar: 'NFERIAS_IND'
RH470.PRG(1050)    Warning C1004  Ambiguous reference, assuming memvar: 'NVALOR'
RH470.PRG(1050)    Warning C1004  Ambiguous reference, assuming memvar: 'NVALOR'
RH470.PRG(1054)    Warning C1004  Ambiguous reference, assuming memvar: 'NFERIAS_IND'
RH470.PRG(1054)    Warning C1004  Ambiguous reference, assuming memvar: 'NFERIAS_IND'
RH470.PRG(1055)    Warning C1004  Ambiguous reference, assuming memvar: 'NVALOR'
RH470.PRG(1055)    Warning C1004  Ambiguous reference, assuming memvar: 'NVALOR'
RH470.PRG(1061)    Warning C1004  Ambiguous reference, assuming memvar: 'NCONTRIB_SIND'
RH470.PRG(1065)    Warning C1004  Ambiguous reference, assuming memvar: 'NCONTRIB_CONF'
RH470.PRG(1073)    Warning C1003  Ambiguous reference: 'CANOMES'
RH470.PRG(1074)    Warning C1003  Ambiguous reference: 'CANOMES'
RH470.PRG(1077)    Warning C1004  Ambiguous reference, assuming memvar: 'NVDT_FIM'
RH470.PRG(1077)    Warning C1004  Ambiguous reference, assuming memvar: 'NVDT_FIM'
RH470.PRG(1078)    Warning C1004  Ambiguous reference, assuming memvar: 'CMDT_FIM'
RH470.PRG(1081)    Warning C1003  Ambiguous reference: 'CMES_SEG'
RH470.PRG(1086)    Warning C1004  Ambiguous reference, assuming memvar: 'CMDT_ADT'
RH470.PRG(1089)    Warning C1004  Ambiguous reference, assuming memvar: 'NVDT_FIM'
RH470.PRG(1089)    Warning C1004  Ambiguous reference, assuming memvar: 'NVDT_FIM'
RH470.PRG(1091)    Warning C1004  Ambiguous reference, assuming memvar: 'CMDT_FIM'
RH470.PRG(1095)    Warning C1003  Ambiguous reference: 'CMES_SEG'
RH470.PRG(1098)    Warning C1004  Ambiguous reference, assuming memvar: 'NVDT_FIM'
RH470.PRG(1098)    Warning C1004  Ambiguous reference, assuming memvar: 'NVDT_FIM'
RH470.PRG(1099)    Warning C1003  Ambiguous reference: 'CMES_SEG'
RH470.PRG(1099)    Warning C1004  Ambiguous reference, assuming memvar: 'CMDT_FIM'
RH470.PRG(1108)    Warning C1003  Ambiguous reference: 'CANOMES'
RH470.PRG(1109)    Warning C1003  Ambiguous reference: 'CANOMES'
RH470.PRG(1112)    Warning C1004  Ambiguous reference, assuming memvar: 'NVALOR'
RH470.PRG(1116)    Warning C1004  Ambiguous reference, assuming memvar: 'CRAIS'
RH470.PRG(1116)    Warning C1003  Ambiguous reference: 'NVALOR'
RH470.PRG(1116)    Warning C1004  Ambiguous reference, assuming memvar: 'CRAIS'
RH470.PRG(1118)    Warning C1004  Ambiguous reference, assuming memvar: 'NVALOR'
RH470.PRG(1123)    Warning C1003  Ambiguous reference: 'NINDICE'
RH470.PRG(1124)    Warning C1003  Ambiguous reference: 'NREGISTRO'
RH470.PRG(1127)    Warning C1004  Ambiguous reference, assuming memvar: 'CRAIS'
RH470.PRG(1127)    Warning C1004  Ambiguous reference, assuming memvar: 'CRAIS'
RH470.PRG(1128)    Warning C1004  Ambiguous reference, assuming memvar: 'CRAIS'
RH470.PRG(1128)    Warning C1003  Ambiguous reference: 'CMDT_ADT'
RH470.PRG(1128)    Warning C1004  Ambiguous reference, assuming memvar: 'CRAIS'
RH470.PRG(1130)    Warning C1004  Ambiguous reference, assuming memvar: 'CRAIS'
RH470.PRG(1130)    Warning C1004  Ambiguous reference, assuming memvar: 'CRAIS'
RH470.PRG(1133)    Warning C1003  Ambiguous reference: 'NVDT_FIM'
RH470.PRG(1134)    Warning C1004  Ambiguous reference, assuming memvar: 'NVDT_FIM'
RH470.PRG(1134)    Warning C1004  Ambiguous reference, assuming memvar: 'NVDT_FIM'
RH470.PRG(1135)    Warning C1004  Ambiguous reference, assuming memvar: 'CRAIS'
RH470.PRG(1135)    Warning C1003  Ambiguous reference: 'NVDT_FIM'
RH470.PRG(1135)    Warning C1004  Ambiguous reference, assuming memvar: 'CRAIS'
RH470.PRG(1136)    Warning C1004  Ambiguous reference, assuming memvar: 'CRAIS'
RH470.PRG(1136)    Warning C1003  Ambiguous reference: 'CMDT_FIM'
RH470.PRG(1136)    Warning C1004  Ambiguous reference, assuming memvar: 'CRAIS'
RH470.PRG(1139)    Warning C1004  Ambiguous reference, assuming memvar: 'CRAIS'
RH470.PRG(1139)    Warning C1004  Ambiguous reference, assuming memvar: 'CRAIS'
RH470.PRG(1141)    Warning C1004  Ambiguous reference, assuming memvar: 'CRAIS'
RH470.PRG(1141)    Warning C1004  Ambiguous reference, assuming memvar: 'CRAIS'
RH470.PRG(1144)    Warning C1004  Ambiguous reference, assuming memvar: 'CRAIS'
RH470.PRG(1144)    Warning C1004  Ambiguous reference, assuming memvar: 'CRAIS'
RH470.PRG(1145)    Warning C1003  Ambiguous reference: 'NAVISO'
RH470.PRG(1146)    Warning C1004  Ambiguous reference, assuming memvar: 'CRAIS'
RH470.PRG(1146)    Warning C1003  Ambiguous reference: 'NAVISO'
RH470.PRG(1146)    Warning C1004  Ambiguous reference, assuming memvar: 'CRAIS'
RH470.PRG(1148)    Warning C1004  Ambiguous reference, assuming memvar: 'CRAIS'
RH470.PRG(1148)    Warning C1004  Ambiguous reference, assuming memvar: 'CRAIS'
RH470.PRG(1150)    Warning C1004  Ambiguous reference, assuming memvar: 'CRAIS'
RH470.PRG(1150)    Warning C1004  Ambiguous reference, assuming memvar: 'CRAIS'
RH470.PRG(1151)    Warning C1004  Ambiguous reference, assuming memvar: 'CMOT1'
RH470.PRG(1152)    Warning C1004  Ambiguous reference, assuming memvar: 'CMOT2'
RH470.PRG(1153)    Warning C1004  Ambiguous reference, assuming memvar: 'CMOT3'
RH470.PRG(1154)    Warning C1004  Ambiguous reference, assuming memvar: 'NDIAS'
RH470.PRG(1155)    Warning C1004  Ambiguous reference, assuming memvar: 'DAFINI1'
RH470.PRG(1156)    Warning C1004  Ambiguous reference, assuming memvar: 'DAFINI2'
RH470.PRG(1157)    Warning C1004  Ambiguous reference, assuming memvar: 'DAFINI3'
RH470.PRG(1158)    Warning C1004  Ambiguous reference, assuming memvar: 'DAFFIM1'
RH470.PRG(1159)    Warning C1004  Ambiguous reference, assuming memvar: 'DAFFIM2'
RH470.PRG(1160)    Warning C1004  Ambiguous reference, assuming memvar: 'DAFFIM3'
RH470.PRG(1163)    Warning C1004  Ambiguous reference, assuming memvar: 'NCONTADOR'
RH470.PRG(1163)    Warning C1004  Ambiguous reference, assuming memvar: 'NCONTADOR'
RH470.PRG(1163)    Warning C1004  Ambiguous reference, assuming memvar: 'NCONTADOR'
RH470.PRG(1163)    Warning C1003  Ambiguous reference: 'NCONTADOR'
RH470.PRG(1164)    Warning C1003  Ambiguous reference: 'CANOBASE'
RH470.PRG(1164)    Warning C1003  Ambiguous reference: 'NCONTADOR'
RH470.PRG(1168)    Warning C1003  Ambiguous reference: 'CMOT1'
RH470.PRG(1169)    Warning C1004  Ambiguous reference, assuming memvar: 'CMOT1'
RH470.PRG(1170)    Warning C1004  Ambiguous reference, assuming memvar: 'DAFINI1'
RH470.PRG(1171)    Warning C1004  Ambiguous reference, assuming memvar: 'DAFFIM1'
RH470.PRG(1174)    Warning C1003  Ambiguous reference: 'CMOT2'
RH470.PRG(1174)    Warning C1003  Ambiguous reference: 'CMOT1'
RH470.PRG(1174)    Warning C1003  Ambiguous reference: 'DAFINI1'
RH470.PRG(1175)    Warning C1004  Ambiguous reference, assuming memvar: 'CMOT2'
RH470.PRG(1176)    Warning C1004  Ambiguous reference, assuming memvar: 'DAFINI2'
RH470.PRG(1177)    Warning C1004  Ambiguous reference, assuming memvar: 'DAFFIM2'
RH470.PRG(1180)    Warning C1003  Ambiguous reference: 'CMOT3'
RH470.PRG(1180)    Warning C1003  Ambiguous reference: 'CMOT1'
RH470.PRG(1180)    Warning C1003  Ambiguous reference: 'CMOT2'
RH470.PRG(1180)    Warning C1003  Ambiguous reference: 'DAFINI1'
RH470.PRG(1180)    Warning C1003  Ambiguous reference: 'DAFINI2'
RH470.PRG(1181)    Warning C1004  Ambiguous reference, assuming memvar: 'CMOT3'
RH470.PRG(1182)    Warning C1004  Ambiguous reference, assuming memvar: 'DAFINI3'
RH470.PRG(1183)    Warning C1004  Ambiguous reference, assuming memvar: 'DAFFIM3'
RH470.PRG(1188)    Warning C1003  Ambiguous reference: 'CMOT1'
RH470.PRG(1189)    Warning C1004  Ambiguous reference, assuming memvar: 'CMOT1'
RH470.PRG(1190)    Warning C1004  Ambiguous reference, assuming memvar: 'DAFINI1'
RH470.PRG(1191)    Warning C1004  Ambiguous reference, assuming memvar: 'DAFFIM1'
RH470.PRG(1194)    Warning C1003  Ambiguous reference: 'CMOT2'
RH470.PRG(1194)    Warning C1003  Ambiguous reference: 'DAFINI1'
RH470.PRG(1195)    Warning C1004  Ambiguous reference, assuming memvar: 'CMOT2'
RH470.PRG(1196)    Warning C1004  Ambiguous reference, assuming memvar: 'DAFINI2'
RH470.PRG(1197)    Warning C1004  Ambiguous reference, assuming memvar: 'DAFFIM2'
RH470.PRG(1200)    Warning C1003  Ambiguous reference: 'CMOT3'
RH470.PRG(1200)    Warning C1003  Ambiguous reference: 'DAFINI1'
RH470.PRG(1200)    Warning C1003  Ambiguous reference: 'DAFINI2'
RH470.PRG(1201)    Warning C1004  Ambiguous reference, assuming memvar: 'CMOT3'
RH470.PRG(1202)    Warning C1004  Ambiguous reference, assuming memvar: 'DAFINI3'
RH470.PRG(1203)    Warning C1004  Ambiguous reference, assuming memvar: 'DAFFIM3'
RH470.PRG(1207)    Warning C1003  Ambiguous reference: 'CMOT1'
RH470.PRG(1208)    Warning C1004  Ambiguous reference, assuming memvar: 'CMOT1'
RH470.PRG(1209)    Warning C1004  Ambiguous reference, assuming memvar: 'DAFINI1'
RH470.PRG(1210)    Warning C1004  Ambiguous reference, assuming memvar: 'DAFFIM1'
RH470.PRG(1213)    Warning C1003  Ambiguous reference: 'CMOT2'
RH470.PRG(1213)    Warning C1003  Ambiguous reference: 'DAFINI1'
RH470.PRG(1214)    Warning C1004  Ambiguous reference, assuming memvar: 'CMOT2'
RH470.PRG(1215)    Warning C1004  Ambiguous reference, assuming memvar: 'DAFINI2'
RH470.PRG(1216)    Warning C1004  Ambiguous reference, assuming memvar: 'DAFFIM2'
RH470.PRG(1219)    Warning C1003  Ambiguous reference: 'CMOT3'
RH470.PRG(1219)    Warning C1003  Ambiguous reference: 'DAFINI1'
RH470.PRG(1219)    Warning C1003  Ambiguous reference: 'DAFINI2'
RH470.PRG(1220)    Warning C1004  Ambiguous reference, assuming memvar: 'CMOT3'
RH470.PRG(1221)    Warning C1004  Ambiguous reference, assuming memvar: 'DAFINI3'
RH470.PRG(1222)    Warning C1004  Ambiguous reference, assuming memvar: 'DAFFIM3'
RH470.PRG(1226)    Warning C1003  Ambiguous reference: 'CMOT1'
RH470.PRG(1227)    Warning C1004  Ambiguous reference, assuming memvar: 'CMOT1'
RH470.PRG(1228)    Warning C1004  Ambiguous reference, assuming memvar: 'DAFINI1'
RH470.PRG(1229)    Warning C1004  Ambiguous reference, assuming memvar: 'DAFFIM1'
RH470.PRG(1232)    Warning C1003  Ambiguous reference: 'CMOT2'
RH470.PRG(1232)    Warning C1003  Ambiguous reference: 'DAFINI1'
RH470.PRG(1233)    Warning C1004  Ambiguous reference, assuming memvar: 'CMOT2'
RH470.PRG(1234)    Warning C1004  Ambiguous reference, assuming memvar: 'DAFINI2'
RH470.PRG(1235)    Warning C1004  Ambiguous reference, assuming memvar: 'DAFFIM2'
RH470.PRG(1238)    Warning C1003  Ambiguous reference: 'CMOT3'
RH470.PRG(1238)    Warning C1003  Ambiguous reference: 'DAFINI1'
RH470.PRG(1238)    Warning C1003  Ambiguous reference: 'DAFINI2'
RH470.PRG(1239)    Warning C1004  Ambiguous reference, assuming memvar: 'CMOT3'
RH470.PRG(1240)    Warning C1004  Ambiguous reference, assuming memvar: 'DAFINI3'
RH470.PRG(1241)    Warning C1004  Ambiguous reference, assuming memvar: 'DAFFIM3'
RH470.PRG(1245)    Warning C1003  Ambiguous reference: 'CMOT1'
RH470.PRG(1246)    Warning C1004  Ambiguous reference, assuming memvar: 'CMOT1'
RH470.PRG(1247)    Warning C1004  Ambiguous reference, assuming memvar: 'DAFINI1'
RH470.PRG(1248)    Warning C1004  Ambiguous reference, assuming memvar: 'DAFFIM1'
RH470.PRG(1251)    Warning C1003  Ambiguous reference: 'CMOT2'
RH470.PRG(1251)    Warning C1003  Ambiguous reference: 'DAFINI1'
RH470.PRG(1252)    Warning C1004  Ambiguous reference, assuming memvar: 'CMOT2'
RH470.PRG(1253)    Warning C1004  Ambiguous reference, assuming memvar: 'DAFINI2'
RH470.PRG(1254)    Warning C1004  Ambiguous reference, assuming memvar: 'DAFFIM2'
RH470.PRG(1257)    Warning C1003  Ambiguous reference: 'CMOT3'
RH470.PRG(1257)    Warning C1003  Ambiguous reference: 'DAFINI1'
RH470.PRG(1257)    Warning C1003  Ambiguous reference: 'DAFINI2'
RH470.PRG(1258)    Warning C1004  Ambiguous reference, assuming memvar: 'CMOT3'
RH470.PRG(1259)    Warning C1004  Ambiguous reference, assuming memvar: 'DAFINI3'
RH470.PRG(1260)    Warning C1004  Ambiguous reference, assuming memvar: 'DAFFIM3'
RH470.PRG(1267)    Warning C1003  Ambiguous reference: 'DAFINI1'
RH470.PRG(1267)    Warning C1003  Ambiguous reference: 'DAFINI1'
RH470.PRG(1267)    Warning C1003  Ambiguous reference: 'CANOBASE'
RH470.PRG(1267)    Warning C1004  Ambiguous reference, assuming memvar: 'DINI1'
RH470.PRG(1268)    Warning C1003  Ambiguous reference: 'DAFFIM1'
RH470.PRG(1268)    Warning C1003  Ambiguous reference: 'DAFFIM1'
RH470.PRG(1268)    Warning C1003  Ambiguous reference: 'CANOBASE'
RH470.PRG(1268)    Warning C1004  Ambiguous reference, assuming memvar: 'DFIM1'
RH470.PRG(1269)    Warning C1003  Ambiguous reference: 'DAFINI2'
RH470.PRG(1269)    Warning C1003  Ambiguous reference: 'DAFINI2'
RH470.PRG(1269)    Warning C1003  Ambiguous reference: 'CANOBASE'
RH470.PRG(1269)    Warning C1004  Ambiguous reference, assuming memvar: 'DINI2'
RH470.PRG(1270)    Warning C1003  Ambiguous reference: 'DAFFIM2'
RH470.PRG(1270)    Warning C1003  Ambiguous reference: 'DAFFIM2'
RH470.PRG(1270)    Warning C1003  Ambiguous reference: 'CANOBASE'
RH470.PRG(1270)    Warning C1004  Ambiguous reference, assuming memvar: 'DFIM2'
RH470.PRG(1271)    Warning C1003  Ambiguous reference: 'DAFINI3'
RH470.PRG(1271)    Warning C1003  Ambiguous reference: 'DAFINI3'
RH470.PRG(1271)    Warning C1003  Ambiguous reference: 'CANOBASE'
RH470.PRG(1271)    Warning C1004  Ambiguous reference, assuming memvar: 'DINI3'
RH470.PRG(1272)    Warning C1003  Ambiguous reference: 'DAFFIM3'
RH470.PRG(1272)    Warning C1003  Ambiguous reference: 'DAFFIM3'
RH470.PRG(1272)    Warning C1003  Ambiguous reference: 'CANOBASE'
RH470.PRG(1272)    Warning C1004  Ambiguous reference, assuming memvar: 'DFIM3'
RH470.PRG(1274)    Warning C1003  Ambiguous reference: 'DAFINI1'
RH470.PRG(1274)    Warning C1003  Ambiguous reference: 'DAFFIM1'
RH470.PRG(1275)    Warning C1003  Ambiguous reference: 'DFIM1'
RH470.PRG(1275)    Warning C1003  Ambiguous reference: 'DINI1'
RH470.PRG(1275)    Warning C1004  Ambiguous reference, assuming memvar: 'NDIAS'
RH470.PRG(1278)    Warning C1003  Ambiguous reference: 'DAFINI2'
RH470.PRG(1278)    Warning C1003  Ambiguous reference: 'DAFFIM2'
RH470.PRG(1279)    Warning C1004  Ambiguous reference, assuming memvar: 'NDIAS'
RH470.PRG(1279)    Warning C1003  Ambiguous reference: 'DFIM2'
RH470.PRG(1279)    Warning C1003  Ambiguous reference: 'DINI2'
RH470.PRG(1279)    Warning C1004  Ambiguous reference, assuming memvar: 'NDIAS'
RH470.PRG(1282)    Warning C1003  Ambiguous reference: 'DAFINI3'
RH470.PRG(1282)    Warning C1003  Ambiguous reference: 'DAFFIM3'
RH470.PRG(1283)    Warning C1004  Ambiguous reference, assuming memvar: 'NDIAS'
RH470.PRG(1283)    Warning C1003  Ambiguous reference: 'DFIM3'
RH470.PRG(1283)    Warning C1003  Ambiguous reference: 'DINI3'
RH470.PRG(1283)    Warning C1004  Ambiguous reference, assuming memvar: 'NDIAS'
RH470.PRG(1286)    Warning C1004  Ambiguous reference, assuming memvar: 'CRAIS'
RH470.PRG(1286)    Warning C1003  Ambiguous reference: 'CMOT1'
RH470.PRG(1286)    Warning C1003  Ambiguous reference: 'DAFINI1'
RH470.PRG(1286)    Warning C1003  Ambiguous reference: 'DAFFIM1'
RH470.PRG(1286)    Warning C1004  Ambiguous reference, assuming memvar: 'CRAIS'
RH470.PRG(1287)    Warning C1004  Ambiguous reference, assuming memvar: 'CRAIS'
RH470.PRG(1287)    Warning C1003  Ambiguous reference: 'CMOT2'
RH470.PRG(1287)    Warning C1003  Ambiguous reference: 'DAFINI2'
RH470.PRG(1287)    Warning C1003  Ambiguous reference: 'DAFFIM2'
RH470.PRG(1287)    Warning C1004  Ambiguous reference, assuming memvar: 'CRAIS'
RH470.PRG(1288)    Warning C1004  Ambiguous reference, assuming memvar: 'CRAIS'
RH470.PRG(1288)    Warning C1003  Ambiguous reference: 'CMOT3'
RH470.PRG(1288)    Warning C1003  Ambiguous reference: 'DAFINI3'
RH470.PRG(1288)    Warning C1003  Ambiguous reference: 'DAFFIM3'
RH470.PRG(1288)    Warning C1004  Ambiguous reference, assuming memvar: 'CRAIS'
RH470.PRG(1289)    Warning C1004  Ambiguous reference, assuming memvar: 'CRAIS'
RH470.PRG(1289)    Warning C1003  Ambiguous reference: 'NDIAS'
RH470.PRG(1289)    Warning C1003  Ambiguous reference: 'NDIAS'
RH470.PRG(1289)    Warning C1004  Ambiguous reference, assuming memvar: 'CRAIS'
RH470.PRG(1290)    Warning C1004  Ambiguous reference, assuming memvar: 'CRAIS'
RH470.PRG(1290)    Warning C1003  Ambiguous reference: 'NFERIAS_IND'
RH470.PRG(1290)    Warning C1003  Ambiguous reference: 'NFERIAS_IND'
RH470.PRG(1290)    Warning C1004  Ambiguous reference, assuming memvar: 'CRAIS'
RH470.PRG(1291)    Warning C1004  Ambiguous reference, assuming memvar: 'CRAIS'
RH470.PRG(1291)    Warning C1004  Ambiguous reference, assuming memvar: 'CRAIS'
RH470.PRG(1292)    Warning C1004  Ambiguous reference, assuming memvar: 'CRAIS'
RH470.PRG(1292)    Warning C1004  Ambiguous reference, assuming memvar: 'CRAIS'
RH470.PRG(1293)    Warning C1004  Ambiguous reference, assuming memvar: 'CRAIS'
RH470.PRG(1293)    Warning C1004  Ambiguous reference, assuming memvar: 'CRAIS'
RH470.PRG(1294)    Warning C1004  Ambiguous reference, assuming memvar: 'CRAIS'
RH470.PRG(1294)    Warning C1004  Ambiguous reference, assuming memvar: 'CRAIS'
RH470.PRG(1295)    Warning C1004  Ambiguous reference, assuming memvar: 'CRAIS'
RH470.PRG(1295)    Warning C1004  Ambiguous reference, assuming memvar: 'CRAIS'
RH470.PRG(1296)    Warning C1004  Ambiguous reference, assuming memvar: 'CRAIS'
RH470.PRG(1296)    Warning C1004  Ambiguous reference, assuming memvar: 'CRAIS'
RH470.PRG(1297)    Warning C1004  Ambiguous reference, assuming memvar: 'CRAIS'
RH470.PRG(1297)    Warning C1004  Ambiguous reference, assuming memvar: 'CRAIS'
RH470.PRG(1298)    Warning C1004  Ambiguous reference, assuming memvar: 'CRAIS'
RH470.PRG(1298)    Warning C1004  Ambiguous reference, assuming memvar: 'CRAIS'
RH470.PRG(1299)    Warning C1004  Ambiguous reference, assuming memvar: 'CRAIS'
RH470.PRG(1299)    Warning C1004  Ambiguous reference, assuming memvar: 'CRAIS'
RH470.PRG(1301)    Warning C1003  Ambiguous reference: 'NCONTRIB_SIND'
RH470.PRG(1303)    Warning C1004  Ambiguous reference, assuming memvar: 'CRAIS'
RH470.PRG(1303)    Warning C1004  Ambiguous reference, assuming memvar: 'CRAIS'
RH470.PRG(1304)    Warning C1004  Ambiguous reference, assuming memvar: 'CRAIS'
RH470.PRG(1304)    Warning C1003  Ambiguous reference: 'NCONTRIB_SIND'
RH470.PRG(1304)    Warning C1004  Ambiguous reference, assuming memvar: 'CRAIS'
RH470.PRG(1306)    Warning C1004  Ambiguous reference, assuming memvar: 'CRAIS'
RH470.PRG(1306)    Warning C1004  Ambiguous reference, assuming memvar: 'CRAIS'
RH470.PRG(1309)    Warning C1004  Ambiguous reference, assuming memvar: 'CRAIS'
RH470.PRG(1309)    Warning C1004  Ambiguous reference, assuming memvar: 'CRAIS'
RH470.PRG(1311)    Warning C1003  Ambiguous reference: 'NCONTRIB_CONF'
RH470.PRG(1313)    Warning C1004  Ambiguous reference, assuming memvar: 'CRAIS'
RH470.PRG(1313)    Warning C1004  Ambiguous reference, assuming memvar: 'CRAIS'
RH470.PRG(1314)    Warning C1004  Ambiguous reference, assuming memvar: 'CRAIS'
RH470.PRG(1314)    Warning C1003  Ambiguous reference: 'NCONTRIB_CONF'
RH470.PRG(1314)    Warning C1004  Ambiguous reference, assuming memvar: 'CRAIS'
RH470.PRG(1316)    Warning C1004  Ambiguous reference, assuming memvar: 'CRAIS'
RH470.PRG(1316)    Warning C1004  Ambiguous reference, assuming memvar: 'CRAIS'
RH470.PRG(1318)    Warning C1004  Ambiguous reference, assuming memvar: 'CRAIS'
RH470.PRG(1318)    Warning C1004  Ambiguous reference, assuming memvar: 'CRAIS'
RH470.PRG(1320)    Warning C1004  Ambiguous reference, assuming memvar: 'CRAIS'
RH470.PRG(1320)    Warning C1003  Ambiguous reference: 'NHOR_01'
RH470.PRG(1320)    Warning C1004  Ambiguous reference, assuming memvar: 'CRAIS'
RH470.PRG(1321)    Warning C1004  Ambiguous reference, assuming memvar: 'CRAIS'
RH470.PRG(1321)    Warning C1003  Ambiguous reference: 'NHOR_02'
RH470.PRG(1321)    Warning C1004  Ambiguous reference, assuming memvar: 'CRAIS'
RH470.PRG(1322)    Warning C1004  Ambiguous reference, assuming memvar: 'CRAIS'
RH470.PRG(1322)    Warning C1003  Ambiguous reference: 'NHOR_03'
RH470.PRG(1322)    Warning C1004  Ambiguous reference, assuming memvar: 'CRAIS'
RH470.PRG(1323)    Warning C1004  Ambiguous reference, assuming memvar: 'CRAIS'
RH470.PRG(1323)    Warning C1003  Ambiguous reference: 'NHOR_04'
RH470.PRG(1323)    Warning C1004  Ambiguous reference, assuming memvar: 'CRAIS'
RH470.PRG(1324)    Warning C1004  Ambiguous reference, assuming memvar: 'CRAIS'
RH470.PRG(1324)    Warning C1003  Ambiguous reference: 'NHOR_05'
RH470.PRG(1324)    Warning C1004  Ambiguous reference, assuming memvar: 'CRAIS'
RH470.PRG(1325)    Warning C1004  Ambiguous reference, assuming memvar: 'CRAIS'
RH470.PRG(1325)    Warning C1003  Ambiguous reference: 'NHOR_06'
RH470.PRG(1325)    Warning C1004  Ambiguous reference, assuming memvar: 'CRAIS'
RH470.PRG(1326)    Warning C1004  Ambiguous reference, assuming memvar: 'CRAIS'
RH470.PRG(1326)    Warning C1003  Ambiguous reference: 'NHOR_07'
RH470.PRG(1326)    Warning C1004  Ambiguous reference, assuming memvar: 'CRAIS'
RH470.PRG(1327)    Warning C1004  Ambiguous reference, assuming memvar: 'CRAIS'
RH470.PRG(1327)    Warning C1003  Ambiguous reference: 'NHOR_08'
RH470.PRG(1327)    Warning C1004  Ambiguous reference, assuming memvar: 'CRAIS'
RH470.PRG(1328)    Warning C1004  Ambiguous reference, assuming memvar: 'CRAIS'
RH470.PRG(1328)    Warning C1003  Ambiguous reference: 'NHOR_09'
RH470.PRG(1328)    Warning C1004  Ambiguous reference, assuming memvar: 'CRAIS'
RH470.PRG(1329)    Warning C1004  Ambiguous reference, assuming memvar: 'CRAIS'
RH470.PRG(1329)    Warning C1003  Ambiguous reference: 'NHOR_10'
RH470.PRG(1329)    Warning C1004  Ambiguous reference, assuming memvar: 'CRAIS'
RH470.PRG(1330)    Warning C1004  Ambiguous reference, assuming memvar: 'CRAIS'
RH470.PRG(1330)    Warning C1003  Ambiguous reference: 'NHOR_11'
RH470.PRG(1330)    Warning C1004  Ambiguous reference, assuming memvar: 'CRAIS'
RH470.PRG(1331)    Warning C1004  Ambiguous reference, assuming memvar: 'CRAIS'
RH470.PRG(1331)    Warning C1003  Ambiguous reference: 'NHOR_12'
RH470.PRG(1331)    Warning C1004  Ambiguous reference, assuming memvar: 'CRAIS'
RH470.PRG(1334)    Warning C1004  Ambiguous reference, assuming memvar: 'NHOR_01'
RH470.PRG(1335)    Warning C1004  Ambiguous reference, assuming memvar: 'NHOR_02'
RH470.PRG(1336)    Warning C1004  Ambiguous reference, assuming memvar: 'NHOR_03'
RH470.PRG(1337)    Warning C1004  Ambiguous reference, assuming memvar: 'NHOR_04'
RH470.PRG(1338)    Warning C1004  Ambiguous reference, assuming memvar: 'NHOR_05'
RH470.PRG(1339)    Warning C1004  Ambiguous reference, assuming memvar: 'NHOR_06'
RH470.PRG(1340)    Warning C1004  Ambiguous reference, assuming memvar: 'NHOR_07'
RH470.PRG(1341)    Warning C1004  Ambiguous reference, assuming memvar: 'NHOR_08'
RH470.PRG(1342)    Warning C1004  Ambiguous reference, assuming memvar: 'NHOR_09'
RH470.PRG(1343)    Warning C1004  Ambiguous reference, assuming memvar: 'NHOR_10'
RH470.PRG(1344)    Warning C1004  Ambiguous reference, assuming memvar: 'NHOR_11'
RH470.PRG(1345)    Warning C1004  Ambiguous reference, assuming memvar: 'NHOR_12'
RH470.PRG(1347)    Warning C1004  Ambiguous reference, assuming memvar: 'NFERIAS_IND'
RH470.PRG(1351)    Warning C1004  Ambiguous reference, assuming memvar: 'CRAIS'
RH470.PRG(1351)    Warning C1004  Ambiguous reference, assuming memvar: 'CRAIS'
RH470.PRG(1352)    Warning C1004  Ambiguous reference, assuming memvar: 'CRAIS'
RH470.PRG(1352)    Warning C1004  Ambiguous reference, assuming memvar: 'CRAIS'
RH470.PRG(1358)    Warning C1004  Ambiguous reference, assuming memvar: 'CRAIS'
RH470.PRG(1358)    Warning C1004  Ambiguous reference, assuming memvar: 'CRAIS'
RH470.PRG(1360)    Warning C1003  Ambiguous reference: 'CRAIS'
RH470.PRG(1360)    Warning C1003  Ambiguous reference: 'CRAIS'
RH470.PRG(1361)    Warning C1004  Ambiguous reference, assuming memvar: 'CRAIS'
RH470.PRG(1371)    Warning C1004  Ambiguous reference, assuming memvar: 'CCGCCEI'
RH470.PRG(1401)    Warning C1003  Ambiguous reference: 'CCGCCEI'
RH470.PRG(1401)    Warning C1004  Ambiguous reference, assuming memvar: 'CRAIS'
RH470.PRG(1402)    Warning C1004  Ambiguous reference, assuming memvar: 'CRAIS'
RH470.PRG(1402)    Warning C1004  Ambiguous reference, assuming memvar: 'CRAIS'
RH470.PRG(1403)    Warning C1004  Ambiguous reference, assuming memvar: 'CRAIS'
RH470.PRG(1403)    Warning C1004  Ambiguous reference, assuming memvar: 'CRAIS'
RH470.PRG(1408)    Warning C1004  Ambiguous reference, assuming memvar: 'CRAIS'
RH470.PRG(1408)    Warning C1004  Ambiguous reference, assuming memvar: 'CRAIS'
RH470.PRG(1410)    Warning C1003  Ambiguous reference: 'CRAIS'
RH470.PRG(1410)    Warning C1003  Ambiguous reference: 'CRAIS'
RH470.PRG(1411)    Warning C1004  Ambiguous reference, assuming memvar: 'CRAIS'
RH470.PRG(1434)    Warning C1001  RETURN statement with no value in function
RH470.PRG(1484)    Warning C1004  Ambiguous reference, assuming memvar: 'CHORAS'
RH470.PRG(1485)    Warning C1003  Ambiguous reference: 'CHORAS'
RH470.PRG(1485)    Warning C1003  Ambiguous reference: 'CHORAS'
RH470.PRG(1489)    Warning C1004  Ambiguous reference, assuming memvar: 'CHORAS'
RH470.PRG(1490)    Warning C1003  Ambiguous reference: 'CHORAS'
RH470.PRG(1490)    Warning C1003  Ambiguous reference: 'CHORAS'
RH470.PRG(1494)    Warning C1004  Ambiguous reference, assuming memvar: 'CHORAS'
RH470.PRG(1495)    Warning C1003  Ambiguous reference: 'CHORAS'
RH470.PRG(1495)    Warning C1003  Ambiguous reference: 'CHORAS'
RH470.PRG(1499)    Warning C1004  Ambiguous reference, assuming memvar: 'CHORAS'
RH470.PRG(1500)    Warning C1003  Ambiguous reference: 'CHORAS'
RH470.PRG(1500)    Warning C1003  Ambiguous reference: 'CHORAS'
RH470.PRG(1504)    Warning C1004  Ambiguous reference, assuming memvar: 'CHORAS'
RH470.PRG(1505)    Warning C1003  Ambiguous reference: 'CHORAS'
RH470.PRG(1505)    Warning C1003  Ambiguous reference: 'CHORAS'
RH470.PRG(1509)    Warning C1004  Ambiguous reference, assuming memvar: 'CHORAS'
RH470.PRG(1510)    Warning C1003  Ambiguous reference: 'CHORAS'
RH470.PRG(1510)    Warning C1003  Ambiguous reference: 'CHORAS'
RH470.PRG(1514)    Warning C1004  Ambiguous reference, assuming memvar: 'CHORAS'
RH470.PRG(1515)    Warning C1003  Ambiguous reference: 'CHORAS'
RH470.PRG(1515)    Warning C1003  Ambiguous reference: 'CHORAS'
RH470.PRG(1519)    Warning C1004  Ambiguous reference, assuming memvar: 'CHORAS'
RH470.PRG(1520)    Warning C1003  Ambiguous reference: 'CHORAS'
RH470.PRG(1520)    Warning C1003  Ambiguous reference: 'CHORAS'
RH470.PRG(1524)    Warning C1004  Ambiguous reference, assuming memvar: 'CHORAS'
RH470.PRG(1525)    Warning C1003  Ambiguous reference: 'CHORAS'
RH470.PRG(1525)    Warning C1003  Ambiguous reference: 'CHORAS'
RH470.PRG(1528)    Warning C1004  Ambiguous reference, assuming memvar: 'CHORAS'
RH470.PRG(1529)    Warning C1003  Ambiguous reference: 'CHORAS'
RH470.PRG(1529)    Warning C1003  Ambiguous reference: 'CHORAS'
RH470.PRG(1533)    Warning C1004  Ambiguous reference, assuming memvar: 'CHORAS'
RH470.PRG(1534)    Warning C1003  Ambiguous reference: 'CHORAS'
RH470.PRG(1534)    Warning C1003  Ambiguous reference: 'CHORAS'
RH470.PRG(1538)    Warning C1004  Ambiguous reference, assuming memvar: 'CHORAS'
RH470.PRG(1539)    Warning C1003  Ambiguous reference: 'CHORAS'
RH470.PRG(1539)    Warning C1003  Ambiguous reference: 'CHORAS'
RH470.PRG(1543)    Warning C1001  RETURN statement with no value in function
844 warnings                
Code size 17493, Symbols 3760, Constants 5147
