312K available
Compiling RH480.PRG
RH480.PRG(14)  Warning C1003  Ambiguous reference: 'XNIVEL'
RH480.PRG(14)  Warning C1003  Ambiguous reference: 'XFLAG'
RH480.PRG(14)  Warning C1004  Ambiguous reference, assuming memvar: 'BESCAPE'
RH480.PRG(16)  Warning C1004  Ambiguous reference, assuming memvar: 'SBLOCO1'
RH480.PRG(17)  Warning C1004  Ambiguous reference, assuming memvar: 'SBLOCO2'
RH480.PRG(18)  Warning C1004  Ambiguous reference, assuming memvar: 'SBLOCO3'
RH480.PRG(19)  Warning C1004  Ambiguous reference, assuming memvar: 'SBLOCO4'
RH480.PRG(20)  Warning C1004  Ambiguous reference, assuming memvar: 'SBLOCO5'
RH480.PRG(22)  Warning C1004  Ambiguous reference, assuming memvar: 'CINDICA'
RH480.PRG(23)  Warning C1004  Ambiguous reference, assuming memvar: 'CINSS'
RH480.PRG(24)  Warning C1004  Ambiguous reference, assuming memvar: 'CCATEGORIA'
RH480.PRG(25)  Warning C1004  Ambiguous reference, assuming memvar: 'AEDICAO'
RH480.PRG(26)  Warning C1004  Ambiguous reference, assuming memvar: 'AEMPR'
RH480.PRG(33)  Warning C1004  Ambiguous reference, assuming memvar: 'NPROCESSO'
RH480.PRG(34)  Warning C1004  Ambiguous reference, assuming memvar: 'CCOMP13'
RH480.PRG(35)  Warning C1004  Ambiguous reference, assuming memvar: 'NVARA'
RH480.PRG(36)  Warning C1004  Ambiguous reference, assuming memvar: 'DINICIO'
RH480.PRG(37)  Warning C1004  Ambiguous reference, assuming memvar: 'DFIM'
RH480.PRG(40)  Warning C1004  Ambiguous reference, assuming memvar: 'NTIPO1EM'
RH480.PRG(41)  Warning C1004  Ambiguous reference, assuming memvar: 'NTIPO1GM'
RH480.PRG(42)  Warning C1004  Ambiguous reference, assuming memvar: 'NTIPO2EM'
RH480.PRG(43)  Warning C1004  Ambiguous reference, assuming memvar: 'NTIPO2GM'
RH480.PRG(44)  Warning C1004  Ambiguous reference, assuming memvar: 'NTIPO4EM'
RH480.PRG(45)  Warning C1004  Ambiguous reference, assuming memvar: 'NTIPO4GM'
RH480.PRG(46)  Warning C1004  Ambiguous reference, assuming memvar: 'NTIPO8GM'
RH480.PRG(47)  Warning C1004  Ambiguous reference, assuming memvar: 'NTTS13EM'
RH480.PRG(48)  Warning C1004  Ambiguous reference, assuming memvar: 'NTTS13GM'
RH480.PRG(49)  Warning C1004  Ambiguous reference, assuming memvar: 'NTTC13EM'
RH480.PRG(50)  Warning C1004  Ambiguous reference, assuming memvar: 'NTTC13GM'
RH480.PRG(51)  Warning C1004  Ambiguous reference, assuming memvar: 'NTIPO1EU'
RH480.PRG(52)  Warning C1004  Ambiguous reference, assuming memvar: 'NTIPO1GU'
RH480.PRG(53)  Warning C1004  Ambiguous reference, assuming memvar: 'NTIPO2EU'
RH480.PRG(54)  Warning C1004  Ambiguous reference, assuming memvar: 'NTIPO2GU'
RH480.PRG(55)  Warning C1004  Ambiguous reference, assuming memvar: 'NTIPO4EU'
RH480.PRG(56)  Warning C1004  Ambiguous reference, assuming memvar: 'NTIPO4GU'
RH480.PRG(57)  Warning C1004  Ambiguous reference, assuming memvar: 'NTIPO8GU'
RH480.PRG(58)  Warning C1004  Ambiguous reference, assuming memvar: 'NTTS13EU'
RH480.PRG(59)  Warning C1004  Ambiguous reference, assuming memvar: 'NTTS13GU'
RH480.PRG(60)  Warning C1004  Ambiguous reference, assuming memvar: 'NTTC13EU'
RH480.PRG(61)  Warning C1004  Ambiguous reference, assuming memvar: 'NTTC13GU'
RH480.PRG(70)  Warning C1003  Ambiguous reference: 'XDRV_RHX'
RH480.PRG(77)  Warning C1003  Ambiguous reference: 'XDRV_RHX'
RH480.PRG(86)  Warning C1003  Ambiguous reference: 'XDRV_SH'
RH480.PRG(91)  Warning C1003  Ambiguous reference: 'EMPRESA'
RH480.PRG(105) Warning C1002  Procedure returns value
RH480.PRG(165) Warning C1003  Ambiguous reference: 'COPCAO'
RH480.PRG(165) Warning C1004  Ambiguous reference, assuming memvar: 'COPCAO'
RH480.PRG(168) Warning C1003  Ambiguous reference: 'COPCAO'
RH480.PRG(171) Warning C1003  Ambiguous reference: 'COPCAO'
RH480.PRG(193) Warning C1003  Ambiguous reference: 'FCGCCEI'
RH480.PRG(194) Warning C1003  Ambiguous reference: 'FTIPO_INSC'
RH480.PRG(195) Warning C1003  Ambiguous reference: 'FREFGTS'
RH480.PRG(196) Warning C1003  Ambiguous reference: 'FCLASSE'
RH480.PRG(197) Warning C1003  Ambiguous reference: 'FCONTATO'
RH480.PRG(198) Warning C1003  Ambiguous reference: 'FTELEFONE'
RH480.PRG(199) Warning C1003  Ambiguous reference: 'FTELEX'
RH480.PRG(200) Warning C1003  Ambiguous reference: 'FFAX'
RH480.PRG(204) Warning C1003  Ambiguous reference: 'COPCAO'
RH480.PRG(204) Warning C1001  RETURN statement with no value in function
RH480.PRG(208) Warning C1003  Ambiguous reference: 'FTIPO_INSC'
RH480.PRG(208) Warning C1003  Ambiguous reference: 'SBLOCO5'
RH480.PRG(209) Warning C1003  Ambiguous reference: 'FREFGTS'
RH480.PRG(209) Warning C1003  Ambiguous reference: 'XSN'
RH480.PRG(210) Warning C1003  Ambiguous reference: 'FCLASSE'
RH480.PRG(210) Warning C1003  Ambiguous reference: 'SBLOCO2'
RH480.PRG(211) Warning C1003  Ambiguous reference: 'FCONTATO'
RH480.PRG(212) Warning C1003  Ambiguous reference: 'FTELEFONE'
RH480.PRG(213) Warning C1003  Ambiguous reference: 'FTELEX'
RH480.PRG(214) Warning C1003  Ambiguous reference: 'FFAX'
RH480.PRG(216) Warning C1004  Ambiguous reference, assuming memvar: 'XNIVEL'
RH480.PRG(217) Warning C1004  Ambiguous reference, assuming memvar: 'XFLAG'
RH480.PRG(221) Warning C1003  Ambiguous reference: 'XNIVEL'
RH480.PRG(221) Warning C1003  Ambiguous reference: 'XNIVEL'
RH480.PRG(222) Warning C1003  Ambiguous reference: 'XNIVEL'
RH480.PRG(223) Warning C1003  Ambiguous reference: 'BESCAPE'
RH480.PRG(223) Warning C1001  RETURN statement with no value in function
RH480.PRG(224) Warning C1003  Ambiguous reference: 'XNIVEL'
RH480.PRG(225) Warning C1003  Ambiguous reference: 'XFLAG'
RH480.PRG(225) Warning C1004  Ambiguous reference, assuming memvar: 'XNIVEL'
RH480.PRG(225) Warning C1004  Ambiguous reference, assuming memvar: 'XNIVEL'
RH480.PRG(225) Warning C1004  Ambiguous reference, assuming memvar: 'XNIVEL'
RH480.PRG(225) Warning C1004  Ambiguous reference, assuming memvar: 'XNIVEL'
RH480.PRG(230) Warning C1003  Ambiguous reference: 'COPCAO'
RH480.PRG(239) Warning C1003  Ambiguous reference: 'COPCAO'
RH480.PRG(243) Warning C1001  RETURN statement with no value in function
RH480.PRG(252) Warning C1003  Ambiguous reference: 'FREFGTS'
RH480.PRG(256) Warning C1003  Ambiguous reference: 'XNIVEL'
RH480.PRG(256) Warning C1003  Ambiguous reference: 'FREFGTS'
RH480.PRG(259) Warning C1003  Ambiguous reference: 'XNIVEL'
RH480.PRG(259) Warning C1003  Ambiguous reference: 'FCLASSE'
RH480.PRG(262) Warning C1003  Ambiguous reference: 'XNIVEL'
RH480.PRG(262) Warning C1003  Ambiguous reference: 'FTIPO_INSC'
RH480.PRG(265) Warning C1003  Ambiguous reference: 'FCONTATO'
RH480.PRG(270) Warning C1003  Ambiguous reference: 'FTELEFONE'
RH480.PRG(286) Warning C1003  Ambiguous reference: 'NBUREAU'
RH480.PRG(288) Warning C1003  Ambiguous reference: 'CMESANO'
RH480.PRG(289) Warning C1003  Ambiguous reference: 'DQUITA'
RH480.PRG(290) Warning C1003  Ambiguous reference: 'CDRIVE'
RH480.PRG(290) Warning C1003  Ambiguous reference: 'SBLOCO3'
RH480.PRG(291) Warning C1003  Ambiguous reference: 'CCOD_REC'
RH480.PRG(292) Warning C1003  Ambiguous reference: 'CINDICA'
RH480.PRG(293) Warning C1003  Ambiguous reference: 'NPROCESSO'
RH480.PRG(294) Warning C1003  Ambiguous reference: 'NVARA'
RH480.PRG(295) Warning C1003  Ambiguous reference: 'DINICIO'
RH480.PRG(296) Warning C1003  Ambiguous reference: 'DFIM'
RH480.PRG(297) Warning C1004  Ambiguous reference, assuming memvar: 'LCONF'
RH480.PRG(302) Warning C1004  Ambiguous reference, assuming memvar: 'XNIVEL'
RH480.PRG(303) Warning C1004  Ambiguous reference, assuming memvar: 'XFLAG'
RH480.PRG(304) Warning C1004  Ambiguous reference, assuming memvar: 'NBUREAU'
RH480.PRG(305) Warning C1004  Ambiguous reference, assuming memvar: 'CREFGTS'
RH480.PRG(306) Warning C1004  Ambiguous reference, assuming memvar: 'CMESANO'
RH480.PRG(307) Warning C1004  Ambiguous reference, assuming memvar: 'DQUITA'
RH480.PRG(308) Warning C1004  Ambiguous reference, assuming memvar: 'CANOBASE'
RH480.PRG(309) Warning C1004  Ambiguous reference, assuming memvar: 'CDRIVE'
RH480.PRG(310) Warning C1003  Ambiguous reference: 'CANOBASE'
RH480.PRG(310) Warning C1004  Ambiguous reference, assuming memvar: 'CANOMES'
RH480.PRG(311) Warning C1004  Ambiguous reference, assuming memvar: 'CCOD_REC'
RH480.PRG(312) Warning C1004  Ambiguous reference, assuming memvar: 'XFINAL'
RH480.PRG(313) Warning C1004  Ambiguous reference, assuming memvar: 'CINDICA'
RH480.PRG(314) Warning C1004  Ambiguous reference, assuming memvar: 'CINSS'
RH480.PRG(317) Warning C1003  Ambiguous reference: 'XNIVEL'
RH480.PRG(317) Warning C1003  Ambiguous reference: 'XNIVEL'
RH480.PRG(318) Warning C1003  Ambiguous reference: 'XNIVEL'
RH480.PRG(319) Warning C1003  Ambiguous reference: 'BESCAPE'
RH480.PRG(319) Warning C1001  RETURN statement with no value in function
RH480.PRG(320) Warning C1003  Ambiguous reference: 'XNIVEL'
RH480.PRG(321) Warning C1003  Ambiguous reference: 'XFLAG'
RH480.PRG(321) Warning C1004  Ambiguous reference, assuming memvar: 'XNIVEL'
RH480.PRG(321) Warning C1004  Ambiguous reference, assuming memvar: 'XNIVEL'
RH480.PRG(321) Warning C1004  Ambiguous reference, assuming memvar: 'XNIVEL'
RH480.PRG(321) Warning C1004  Ambiguous reference, assuming memvar: 'XNIVEL'
RH480.PRG(324) Warning C1003  Ambiguous reference: 'LCONF'
RH480.PRG(324) Warning C1004  Ambiguous reference, assuming memvar: 'XFINAL'
RH480.PRG(326) Warning C1003  Ambiguous reference: 'XFINAL'
RH480.PRG(339) Warning C1003  Ambiguous reference: 'NBUREAU'
RH480.PRG(339) Warning C1004  Ambiguous reference, assuming memvar: 'NBUREAU'
RH480.PRG(340) Warning C1003  Ambiguous reference: 'XNIVEL'
RH480.PRG(340) Warning C1003  Ambiguous reference: 'NBUREAU'
RH480.PRG(341) Warning C1004  Ambiguous reference, assuming memvar: 'XNIVEL'
RH480.PRG(341) Warning C1004  Ambiguous reference, assuming memvar: 'XNIVEL'
RH480.PRG(347) Warning C1003  Ambiguous reference: 'CMESANO'
RH480.PRG(351) Warning C1003  Ambiguous reference: 'CMESANO'
RH480.PRG(351) Warning C1004  Ambiguous reference, assuming memvar: 'CANOBASE'
RH480.PRG(358) Warning C1003  Ambiguous reference: 'XNIVEL'
RH480.PRG(358) Warning C1003  Ambiguous reference: 'CDRIVE'
RH480.PRG(360) Warning C1003  Ambiguous reference: 'CCOD_REC'
RH480.PRG(365) Warning C1003  Ambiguous reference: 'CINDICA'
RH480.PRG(365) Warning C1004  Ambiguous reference, assuming memvar: 'CINSS'
RH480.PRG(366) Warning C1003  Ambiguous reference: 'CINDICA'
RH480.PRG(367) Warning C1003  Ambiguous reference: 'CMESANO'
RH480.PRG(368) Warning C1003  Ambiguous reference: 'CINDICA'
RH480.PRG(373) Warning C1003  Ambiguous reference: 'CCOD_REC'
RH480.PRG(374) Warning C1003  Ambiguous reference: 'CINDICA'
RH480.PRG(380) Warning C1003  Ambiguous reference: 'CCOD_REC'
RH480.PRG(381) Warning C1004  Ambiguous reference, assuming memvar: 'CINDICA'
RH480.PRG(382) Warning C1004  Ambiguous reference, assuming memvar: 'CINSS'
RH480.PRG(390) Warning C1003  Ambiguous reference: 'CMESANO'
RH480.PRG(390) Warning C1003  Ambiguous reference: 'CMESANO'
RH480.PRG(391) Warning C1003  Ambiguous reference: 'CINDICA'
RH480.PRG(397) Warning C1003  Ambiguous reference: 'CCOD_REC'
RH480.PRG(398) Warning C1003  Ambiguous reference: 'CINDICA'
RH480.PRG(423) Warning C1003  Ambiguous reference: 'CMESANO'
RH480.PRG(423) Warning C1003  Ambiguous reference: 'CMESANO'
RH480.PRG(423) Warning C1004  Ambiguous reference, assuming memvar: 'CANOMES'
RH480.PRG(452) Warning C1004  Ambiguous reference, assuming memvar: 'NENDERECO'
RH480.PRG(453) Warning C1004  Ambiguous reference, assuming memvar: 'NNUMERO'
RH480.PRG(454) Warning C1004  Ambiguous reference, assuming memvar: 'CENDERECO'
RH480.PRG(455) Warning C1004  Ambiguous reference, assuming memvar: 'CNUMERO'
RH480.PRG(456) Warning C1003  Ambiguous reference: 'NENDERECO'
RH480.PRG(456) Warning C1003  Ambiguous reference: 'NNUMERO'
RH480.PRG(456) Warning C1004  Ambiguous reference, assuming memvar: 'NRESTO'
RH480.PRG(457) Warning C1004  Ambiguous reference, assuming memvar: 'CREFGTS'
RH480.PRG(459) Warning C1004  Ambiguous reference, assuming memvar: 'CREFGTS'
RH480.PRG(459) Warning C1003  Ambiguous reference: 'CENDERECO'
RH480.PRG(459) Warning C1003  Ambiguous reference: 'CNUMERO'
RH480.PRG(459) Warning C1003  Ambiguous reference: 'NRESTO'
RH480.PRG(459) Warning C1004  Ambiguous reference, assuming memvar: 'CREFGTS'
RH480.PRG(460) Warning C1004  Ambiguous reference, assuming memvar: 'CREFGTS'
RH480.PRG(460) Warning C1004  Ambiguous reference, assuming memvar: 'CREFGTS'
RH480.PRG(462) Warning C1003  Ambiguous reference: 'CINDICA'
RH480.PRG(463) Warning C1004  Ambiguous reference, assuming memvar: 'CCOMP13'
RH480.PRG(465) Warning C1004  Ambiguous reference, assuming memvar: 'CCOMP13'
RH480.PRG(468) Warning C1003  Ambiguous reference: 'CINDICA'
RH480.PRG(469) Warning C1004  Ambiguous reference, assuming memvar: 'CREFGTS'
RH480.PRG(469) Warning C1003  Ambiguous reference: 'CMESANO'
RH480.PRG(469) Warning C1003  Ambiguous reference: 'CMESANO'
RH480.PRG(469) Warning C1003  Ambiguous reference: 'CCOD_REC'
RH480.PRG(469) Warning C1003  Ambiguous reference: 'CINDICA'
RH480.PRG(469) Warning C1003  Ambiguous reference: 'CINDICA'
RH480.PRG(469) Warning C1004  Ambiguous reference, assuming memvar: 'CREFGTS'
RH480.PRG(471) Warning C1004  Ambiguous reference, assuming memvar: 'CREFGTS'
RH480.PRG(471) Warning C1003  Ambiguous reference: 'CMESANO'
RH480.PRG(471) Warning C1003  Ambiguous reference: 'CCOD_REC'
RH480.PRG(471) Warning C1003  Ambiguous reference: 'CINDICA'
RH480.PRG(471) Warning C1003  Ambiguous reference: 'CINDICA'
RH480.PRG(471) Warning C1004  Ambiguous reference, assuming memvar: 'CREFGTS'
RH480.PRG(474) Warning C1003  Ambiguous reference: 'CINDICA'
RH480.PRG(474) Warning C1003  Ambiguous reference: 'DQUITA'
RH480.PRG(474) Warning C1003  Ambiguous reference: 'CMESANO'
RH480.PRG(475) Warning C1004  Ambiguous reference, assuming memvar: 'CREFGTS'
RH480.PRG(475) Warning C1003  Ambiguous reference: 'DQUITA'
RH480.PRG(475) Warning C1004  Ambiguous reference, assuming memvar: 'CREFGTS'
RH480.PRG(477) Warning C1004  Ambiguous reference, assuming memvar: 'CREFGTS'
RH480.PRG(477) Warning C1004  Ambiguous reference, assuming memvar: 'CREFGTS'
RH480.PRG(479) Warning C1003  Ambiguous reference: 'CCOMP13'
RH480.PRG(480) Warning C1003  Ambiguous reference: 'DQUITA'
RH480.PRG(481) Warning C1004  Ambiguous reference, assuming memvar: 'CINSS'
RH480.PRG(483) Warning C1004  Ambiguous reference, assuming memvar: 'CINSS'
RH480.PRG(486) Warning C1004  Ambiguous reference, assuming memvar: 'CREFGTS'
RH480.PRG(486) Warning C1003  Ambiguous reference: 'CINSS'
RH480.PRG(486) Warning C1003  Ambiguous reference: 'CINDICA'
RH480.PRG(486) Warning C1003  Ambiguous reference: 'DQUITA'
RH480.PRG(486) Warning C1004  Ambiguous reference, assuming memvar: 'CREFGTS'
RH480.PRG(487) Warning C1004  Ambiguous reference, assuming memvar: 'CREFGTS'
RH480.PRG(487) Warning C1004  Ambiguous reference, assuming memvar: 'CREFGTS'
RH480.PRG(488) Warning C1004  Ambiguous reference, assuming memvar: 'CREFGTS'
RH480.PRG(488) Warning C1004  Ambiguous reference, assuming memvar: 'CREFGTS'
RH480.PRG(489) Warning C1004  Ambiguous reference, assuming memvar: 'CREFGTS'
RH480.PRG(489) Warning C1004  Ambiguous reference, assuming memvar: 'CREFGTS'
RH480.PRG(490) Warning C1004  Ambiguous reference, assuming memvar: 'CREFGTS'
RH480.PRG(490) Warning C1004  Ambiguous reference, assuming memvar: 'CREFGTS'
RH480.PRG(493) Warning C1003  Ambiguous reference: 'CREFGTS'
RH480.PRG(497) Warning C1004  Ambiguous reference, assuming memvar: 'CREFGTS'
RH480.PRG(534) Warning C1003  Ambiguous reference: 'FILIAL'
RH480.PRG(534) Warning C1003  Ambiguous reference: 'PIS_NUM'
RH480.PRG(538) Warning C1003  Ambiguous reference: 'FILIAL'
RH480.PRG(552) Warning C1003  Ambiguous reference: 'ANOMES'
RH480.PRG(552) Warning C1003  Ambiguous reference: 'CANOMES'
RH480.PRG(553) Warning C1003  Ambiguous reference: 'ANOMES'
RH480.PRG(553) Warning C1003  Ambiguous reference: 'CANOMES'
RH480.PRG(572) Warning C1003  Ambiguous reference: 'XDRV_RHX'
RH480.PRG(600) Warning C1004  Ambiguous reference, assuming memvar: 'NSAL_FAMILIA'
RH480.PRG(601) Warning C1004  Ambiguous reference, assuming memvar: 'NSAL_MAT'
RH480.PRG(604) Warning C1003  Ambiguous reference: 'CANOMES'
RH480.PRG(608) Warning C1004  Ambiguous reference, assuming memvar: 'NSAL_FAMILIA'
RH480.PRG(608) Warning C1004  Ambiguous reference, assuming memvar: 'NSAL_FAMILIA'
RH480.PRG(612) Warning C1004  Ambiguous reference, assuming memvar: 'NSAL_MAT'
RH480.PRG(612) Warning C1004  Ambiguous reference, assuming memvar: 'NSAL_MAT'
RH480.PRG(618) Warning C1003  Ambiguous reference: 'CCOMP13'
RH480.PRG(619) Warning C1004  Ambiguous reference, assuming memvar: 'NSAL_FAMILIA'
RH480.PRG(620) Warning C1004  Ambiguous reference, assuming memvar: 'NSAL_MAT'
RH480.PRG(624) Warning C1004  Ambiguous reference, assuming memvar: 'NENDERECO'
RH480.PRG(625) Warning C1004  Ambiguous reference, assuming memvar: 'NNUMERO'
RH480.PRG(626) Warning C1004  Ambiguous reference, assuming memvar: 'CENDERECO'
RH480.PRG(627) Warning C1004  Ambiguous reference, assuming memvar: 'CNUMERO'
RH480.PRG(628) Warning C1004  Ambiguous reference, assuming memvar: 'NRESTO'
RH480.PRG(630) Warning C1004  Ambiguous reference, assuming memvar: 'NENDERECO'
RH480.PRG(631) Warning C1004  Ambiguous reference, assuming memvar: 'NNUMERO'
RH480.PRG(632) Warning C1004  Ambiguous reference, assuming memvar: 'CENDERECO'
RH480.PRG(633) Warning C1004  Ambiguous reference, assuming memvar: 'CNUMERO'
RH480.PRG(634) Warning C1003  Ambiguous reference: 'NENDERECO'
RH480.PRG(634) Warning C1003  Ambiguous reference: 'NNUMERO'
RH480.PRG(634) Warning C1004  Ambiguous reference, assuming memvar: 'NRESTO'
RH480.PRG(636) Warning C1004  Ambiguous reference, assuming memvar: 'CREFGTS'
RH480.PRG(637) Warning C1004  Ambiguous reference, assuming memvar: 'CREFGTS'
RH480.PRG(637) Warning C1003  Ambiguous reference: 'CENDERECO'
RH480.PRG(637) Warning C1003  Ambiguous reference: 'CNUMERO'
RH480.PRG(637) Warning C1003  Ambiguous reference: 'NRESTO'
RH480.PRG(637) Warning C1004  Ambiguous reference, assuming memvar: 'CREFGTS'
RH480.PRG(638) Warning C1004  Ambiguous reference, assuming memvar: 'CREFGTS'
RH480.PRG(638) Warning C1004  Ambiguous reference, assuming memvar: 'CREFGTS'
RH480.PRG(639) Warning C1004  Ambiguous reference, assuming memvar: 'CREFGTS'
RH480.PRG(639) Warning C1003  Ambiguous reference: 'CCOMP13'
RH480.PRG(639) Warning C1004  Ambiguous reference, assuming memvar: 'CREFGTS'
RH480.PRG(640) Warning C1004  Ambiguous reference, assuming memvar: 'CREFGTS'
RH480.PRG(640) Warning C1004  Ambiguous reference, assuming memvar: 'CREFGTS'
RH480.PRG(641) Warning C1004  Ambiguous reference, assuming memvar: 'CREFGTS'
RH480.PRG(641) Warning C1003  Ambiguous reference: 'CCOMP13'
RH480.PRG(641) Warning C1003  Ambiguous reference: 'NSAL_FAMILIA'
RH480.PRG(641) Warning C1004  Ambiguous reference, assuming memvar: 'CREFGTS'
RH480.PRG(642) Warning C1004  Ambiguous reference, assuming memvar: 'CREFGTS'
RH480.PRG(642) Warning C1003  Ambiguous reference: 'NSAL_MAT'
RH480.PRG(642) Warning C1004  Ambiguous reference, assuming memvar: 'CREFGTS'
RH480.PRG(643) Warning C1004  Ambiguous reference, assuming memvar: 'CREFGTS'
RH480.PRG(643) Warning C1004  Ambiguous reference, assuming memvar: 'CREFGTS'
RH480.PRG(644) Warning C1004  Ambiguous reference, assuming memvar: 'NSAL_FAMILIA'
RH480.PRG(645) Warning C1004  Ambiguous reference, assuming memvar: 'NSAL_MAT'
RH480.PRG(647) Warning C1003  Ambiguous reference: 'CREFGTS'
RH480.PRG(649) Warning C1004  Ambiguous reference, assuming memvar: 'CREFGTS'
RH480.PRG(663) Warning C1003  Ambiguous reference: 'XDATASYS'
RH480.PRG(683) Warning C1003  Ambiguous reference: 'CCOD_REC'
RH480.PRG(685) Warning C1004  Ambiguous reference, assuming memvar: 'CREFGTS'
RH480.PRG(689) Warning C1004  Ambiguous reference, assuming memvar: 'CREFGTS'
RH480.PRG(689) Warning C1004  Ambiguous reference, assuming memvar: 'CREFGTS'
RH480.PRG(690) Warning C1004  Ambiguous reference, assuming memvar: 'CREFGTS'
RH480.PRG(690) Warning C1003  Ambiguous reference: 'NPROCESSO'
RH480.PRG(690) Warning C1003  Ambiguous reference: 'NVARA'
RH480.PRG(690) Warning C1003  Ambiguous reference: 'DINICIO'
RH480.PRG(690) Warning C1003  Ambiguous reference: 'DFIM'
RH480.PRG(690) Warning C1004  Ambiguous reference, assuming memvar: 'CREFGTS'
RH480.PRG(691) Warning C1004  Ambiguous reference, assuming memvar: 'CREFGTS'
RH480.PRG(691) Warning C1004  Ambiguous reference, assuming memvar: 'CREFGTS'
RH480.PRG(692) Warning C1004  Ambiguous reference, assuming memvar: 'CREFGTS'
RH480.PRG(692) Warning C1004  Ambiguous reference, assuming memvar: 'CREFGTS'
RH480.PRG(695) Warning C1003  Ambiguous reference: 'CREFGTS'
RH480.PRG(697) Warning C1004  Ambiguous reference, assuming memvar: 'CREFGTS'
RH480.PRG(704) Warning C1004  Ambiguous reference, assuming memvar: 'CCATEGORIA'
RH480.PRG(707) Warning C1004  Ambiguous reference, assuming memvar: 'CCATEGORIA'
RH480.PRG(710) Warning C1004  Ambiguous reference, assuming memvar: 'CCATEGORIA'
RH480.PRG(712) Warning C1004  Ambiguous reference, assuming memvar: 'CCATEGORIA'
RH480.PRG(714) Warning C1004  Ambiguous reference, assuming memvar: 'CCATEGORIA'
RH480.PRG(716) Warning C1004  Ambiguous reference, assuming memvar: 'CCATEGORIA'
RH480.PRG(718) Warning C1004  Ambiguous reference, assuming memvar: 'CCATEGORIA'
RH480.PRG(720) Warning C1004  Ambiguous reference, assuming memvar: 'CCATEGORIA'
RH480.PRG(724) Warning C1004  Ambiguous reference, assuming memvar: 'CCATEGORIA'
RH480.PRG(746) Warning C1004  Ambiguous reference, assuming memvar: 'CREFGTS'
RH480.PRG(747) Warning C1004  Ambiguous reference, assuming memvar: 'CREFGTS'
RH480.PRG(747) Warning C1003  Ambiguous reference: 'CCOD_REC'
RH480.PRG(747) Warning C1004  Ambiguous reference, assuming memvar: 'CREFGTS'
RH480.PRG(748) Warning C1004  Ambiguous reference, assuming memvar: 'CREFGTS'
RH480.PRG(748) Warning C1003  Ambiguous reference: 'CCOD_REC'
RH480.PRG(748) Warning C1004  Ambiguous reference, assuming memvar: 'CREFGTS'
RH480.PRG(749) Warning C1004  Ambiguous reference, assuming memvar: 'CREFGTS'
RH480.PRG(749) Warning C1003  Ambiguous reference: 'CCATEGORIA'
RH480.PRG(749) Warning C1004  Ambiguous reference, assuming memvar: 'CREFGTS'
RH480.PRG(750) Warning C1004  Ambiguous reference, assuming memvar: 'CREFGTS'
RH480.PRG(750) Warning C1003  Ambiguous reference: 'CCATEGORIA'
RH480.PRG(750) Warning C1003  Ambiguous reference: 'CCATEGORIA'
RH480.PRG(750) Warning C1004  Ambiguous reference, assuming memvar: 'CREFGTS'
RH480.PRG(751) Warning C1004  Ambiguous reference, assuming memvar: 'CREFGTS'
RH480.PRG(751) Warning C1003  Ambiguous reference: 'CCATEGORIA'
RH480.PRG(751) Warning C1004  Ambiguous reference, assuming memvar: 'CREFGTS'
RH480.PRG(752) Warning C1004  Ambiguous reference, assuming memvar: 'CREFGTS'
RH480.PRG(752) Warning C1003  Ambiguous reference: 'CCATEGORIA'
RH480.PRG(752) Warning C1004  Ambiguous reference, assuming memvar: 'CREFGTS'
RH480.PRG(753) Warning C1004  Ambiguous reference, assuming memvar: 'CREFGTS'
RH480.PRG(753) Warning C1003  Ambiguous reference: 'CCATEGORIA'
RH480.PRG(753) Warning C1004  Ambiguous reference, assuming memvar: 'CREFGTS'
RH480.PRG(754) Warning C1004  Ambiguous reference, assuming memvar: 'CREFGTS'
RH480.PRG(754) Warning C1003  Ambiguous reference: 'CCATEGORIA'
RH480.PRG(754) Warning C1004  Ambiguous reference, assuming memvar: 'CREFGTS'
RH480.PRG(755) Warning C1004  Ambiguous reference, assuming memvar: 'CREFGTS'
RH480.PRG(755) Warning C1004  Ambiguous reference, assuming memvar: 'CREFGTS'
RH480.PRG(758) Warning C1003  Ambiguous reference: 'CANOMES'
RH480.PRG(760) Warning C1003  Ambiguous reference: 'CCATEGORIA'
RH480.PRG(762) Warning C1003  Ambiguous reference: 'CANOMES'
RH480.PRG(763) Warning C1004  Ambiguous reference, assuming memvar: 'NCAM_15'
RH480.PRG(763) Warning C1003  Ambiguous reference: 'CCATEGORIA'
RH480.PRG(765) Warning C1004  Ambiguous reference, assuming memvar: 'NCAM_15'
RH480.PRG(768) Warning C1004  Ambiguous reference, assuming memvar: 'NCAM_15'
RH480.PRG(770) Warning C1004  Ambiguous reference, assuming memvar: 'NCAM_15'
RH480.PRG(775) Warning C1004  Ambiguous reference, assuming memvar: 'NCAM_16'
RH480.PRG(777) Warning C1004  Ambiguous reference, assuming memvar: 'NCAM_16'
RH480.PRG(780) Warning C1003  Ambiguous reference: 'CCOMP13'
RH480.PRG(781) Warning C1004  Ambiguous reference, assuming memvar: 'CREFGTS'
RH480.PRG(781) Warning C1004  Ambiguous reference, assuming memvar: 'CREFGTS'
RH480.PRG(783) Warning C1003  Ambiguous reference: 'CCATEGORIA'
RH480.PRG(784) Warning C1004  Ambiguous reference, assuming memvar: 'CREFGTS'
RH480.PRG(784) Warning C1003  Ambiguous reference: 'NCAM_15'
RH480.PRG(784) Warning C1004  Ambiguous reference, assuming memvar: 'CREFGTS'
RH480.PRG(786) Warning C1003  Ambiguous reference: 'CCATEGORIA'
RH480.PRG(787) Warning C1004  Ambiguous reference, assuming memvar: 'CREFGTS'
RH480.PRG(787) Warning C1003  Ambiguous reference: 'NCAM_15'
RH480.PRG(787) Warning C1003  Ambiguous reference: 'NCAM_16'
RH480.PRG(787) Warning C1004  Ambiguous reference, assuming memvar: 'CREFGTS'
RH480.PRG(789) Warning C1004  Ambiguous reference, assuming memvar: 'CREFGTS'
RH480.PRG(789) Warning C1004  Ambiguous reference, assuming memvar: 'CREFGTS'
RH480.PRG(794) Warning C1004  Ambiguous reference, assuming memvar: 'CREFGTS'
RH480.PRG(794) Warning C1003  Ambiguous reference: 'CANOMES'
RH480.PRG(794) Warning C1004  Ambiguous reference, assuming memvar: 'CREFGTS'
RH480.PRG(795) Warning C1004  Ambiguous reference, assuming memvar: 'CREFGTS'
RH480.PRG(795) Warning C1003  Ambiguous reference: 'CMESANO'
RH480.PRG(795) Warning C1004  Ambiguous reference, assuming memvar: 'CREFGTS'
RH480.PRG(796) Warning C1004  Ambiguous reference, assuming memvar: 'CREFGTS'
RH480.PRG(796) Warning C1003  Ambiguous reference: 'CCOMP13'
RH480.PRG(796) Warning C1004  Ambiguous reference, assuming memvar: 'CREFGTS'
RH480.PRG(797) Warning C1004  Ambiguous reference, assuming memvar: 'CREFGTS'
RH480.PRG(797) Warning C1003  Ambiguous reference: 'CMESANO'
RH480.PRG(797) Warning C1004  Ambiguous reference, assuming memvar: 'CREFGTS'
RH480.PRG(798) Warning C1004  Ambiguous reference, assuming memvar: 'CREFGTS'
RH480.PRG(798) Warning C1004  Ambiguous reference, assuming memvar: 'CREFGTS'
RH480.PRG(801) Warning C1003  Ambiguous reference: 'CREFGTS'
RH480.PRG(803) Warning C1004  Ambiguous reference, assuming memvar: 'CREFGTS'
RH480.PRG(808) Warning C1003  Ambiguous reference: 'CCOMP13'
RH480.PRG(809) Warning C1003  Ambiguous reference: 'CMESANO'
RH480.PRG(809) Warning C1003  Ambiguous reference: 'CCATEGORIA'
RH480.PRG(811) Warning C1003  Ambiguous reference: 'CANOMES'
RH480.PRG(815) Warning C1004  Ambiguous reference, assuming memvar: 'CREFGTS'
RH480.PRG(816) Warning C1004  Ambiguous reference, assuming memvar: 'CREFGTS'
RH480.PRG(816) Warning C1003  Ambiguous reference: 'CCOD_REC'
RH480.PRG(816) Warning C1004  Ambiguous reference, assuming memvar: 'CREFGTS'
RH480.PRG(817) Warning C1004  Ambiguous reference, assuming memvar: 'CREFGTS'
RH480.PRG(817) Warning C1003  Ambiguous reference: 'CCOD_REC'
RH480.PRG(817) Warning C1004  Ambiguous reference, assuming memvar: 'CREFGTS'
RH480.PRG(818) Warning C1004  Ambiguous reference, assuming memvar: 'CREFGTS'
RH480.PRG(818) Warning C1003  Ambiguous reference: 'CCATEGORIA'
RH480.PRG(818) Warning C1004  Ambiguous reference, assuming memvar: 'CREFGTS'
RH480.PRG(821) Warning C1004  Ambiguous reference, assuming memvar: 'CMOVIM'
RH480.PRG(823) Warning C1004  Ambiguous reference, assuming memvar: 'CMOVIM'
RH480.PRG(825) Warning C1004  Ambiguous reference, assuming memvar: 'CMOVIM'
RH480.PRG(827) Warning C1004  Ambiguous reference, assuming memvar: 'CMOVIM'
RH480.PRG(829) Warning C1004  Ambiguous reference, assuming memvar: 'CMOVIM'
RH480.PRG(831) Warning C1004  Ambiguous reference, assuming memvar: 'CMOVIM'
RH480.PRG(833) Warning C1004  Ambiguous reference, assuming memvar: 'CMOVIM'
RH480.PRG(835) Warning C1004  Ambiguous reference, assuming memvar: 'CMOVIM'
RH480.PRG(837) Warning C1004  Ambiguous reference, assuming memvar: 'CMOVIM'
RH480.PRG(839) Warning C1003  Ambiguous reference: 'CMESANO'
RH480.PRG(839) Warning C1003  Ambiguous reference: 'CMESANO'
RH480.PRG(840) Warning C1004  Ambiguous reference, assuming memvar: 'CMOVIM'
RH480.PRG(842) Warning C1004  Ambiguous reference, assuming memvar: 'CMOVIM'
RH480.PRG(845) Warning C1004  Ambiguous reference, assuming memvar: 'CMOVIM'
RH480.PRG(848) Warning C1003  Ambiguous reference: 'CANOMES'
RH480.PRG(849) Warning C1004  Ambiguous reference, assuming memvar: 'CMOVIM'
RH480.PRG(852) Warning C1004  Ambiguous reference, assuming memvar: 'CMOVIM'
RH480.PRG(855) Warning C1004  Ambiguous reference, assuming memvar: 'CREFGTS'
RH480.PRG(855) Warning C1003  Ambiguous reference: 'CCATEGORIA'
RH480.PRG(855) Warning C1003  Ambiguous reference: 'CMOVIM'
RH480.PRG(855) Warning C1003  Ambiguous reference: 'CMESANO'
RH480.PRG(855) Warning C1003  Ambiguous reference: 'CMESANO'
RH480.PRG(855) Warning C1004  Ambiguous reference, assuming memvar: 'CREFGTS'
RH480.PRG(857) Warning C1003  Ambiguous reference: 'CMOVIM'
RH480.PRG(857) Warning C1003  Ambiguous reference: 'CMOVIM'
RH480.PRG(857) Warning C1003  Ambiguous reference: 'CMESANO'
RH480.PRG(858) Warning C1004  Ambiguous reference, assuming memvar: 'CREFGTS'
RH480.PRG(858) Warning C1004  Ambiguous reference, assuming memvar: 'CREFGTS'
RH480.PRG(860) Warning C1003  Ambiguous reference: 'CMOVIM'
RH480.PRG(860) Warning C1003  Ambiguous reference: 'CMOVIM'
RH480.PRG(860) Warning C1003  Ambiguous reference: 'CMOVIM'
RH480.PRG(861) Warning C1004  Ambiguous reference, assuming memvar: 'CREFGTS'
RH480.PRG(861) Warning C1004  Ambiguous reference, assuming memvar: 'CREFGTS'
RH480.PRG(863) Warning C1004  Ambiguous reference, assuming memvar: 'CREFGTS'
RH480.PRG(863) Warning C1004  Ambiguous reference, assuming memvar: 'CREFGTS'
RH480.PRG(867) Warning C1004  Ambiguous reference, assuming memvar: 'CREFGTS'
RH480.PRG(867) Warning C1004  Ambiguous reference, assuming memvar: 'CREFGTS'
RH480.PRG(870) Warning C1003  Ambiguous reference: 'CREFGTS'
RH480.PRG(871) Warning C1004  Ambiguous reference, assuming memvar: 'CREFGTS'
RH480.PRG(873) Warning C1003  Ambiguous reference: 'CMOVIM'
RH480.PRG(874) Warning C1004  Ambiguous reference, assuming memvar: 'CREFGTS'
RH480.PRG(875) Warning C1004  Ambiguous reference, assuming memvar: 'CREFGTS'
RH480.PRG(875) Warning C1003  Ambiguous reference: 'CCOD_REC'
RH480.PRG(875) Warning C1004  Ambiguous reference, assuming memvar: 'CREFGTS'
RH480.PRG(876) Warning C1004  Ambiguous reference, assuming memvar: 'CREFGTS'
RH480.PRG(876) Warning C1003  Ambiguous reference: 'CCOD_REC'
RH480.PRG(876) Warning C1004  Ambiguous reference, assuming memvar: 'CREFGTS'
RH480.PRG(877) Warning C1004  Ambiguous reference, assuming memvar: 'CREFGTS'
RH480.PRG(877) Warning C1003  Ambiguous reference: 'CCATEGORIA'
RH480.PRG(877) Warning C1004  Ambiguous reference, assuming memvar: 'CREFGTS'
RH480.PRG(878) Warning C1004  Ambiguous reference, assuming memvar: 'CREFGTS'
RH480.PRG(878) Warning C1003  Ambiguous reference: 'CCATEGORIA'
RH480.PRG(878) Warning C1004  Ambiguous reference, assuming memvar: 'CREFGTS'
RH480.PRG(879) Warning C1004  Ambiguous reference, assuming memvar: 'CREFGTS'
RH480.PRG(879) Warning C1004  Ambiguous reference, assuming memvar: 'CREFGTS'
RH480.PRG(882) Warning C1003  Ambiguous reference: 'CREFGTS'
RH480.PRG(883) Warning C1004  Ambiguous reference, assuming memvar: 'CREFGTS'
RH480.PRG(921) Warning C1004  Ambiguous reference, assuming memvar: 'CREFGTS'
RH480.PRG(924) Warning C1003  Ambiguous reference: 'CREFGTS'
RH480.PRG(925) Warning C1004  Ambiguous reference, assuming memvar: 'CREFGTS'
RH480.PRG(934) Warning C1003  Ambiguous reference: 'CDRIVE'
RH480.PRG(935) Warning C1004  Ambiguous reference, assuming memvar: 'CDRIVE'
RH480.PRG(937) Warning C1003  Ambiguous reference: 'CDRIVE'
RH480.PRG(938) Warning C1004  Ambiguous reference, assuming memvar: 'CDRIVE'
RH480.PRG(940) Warning C1003  Ambiguous reference: 'CDRIVE'
RH480.PRG(941) Warning C1004  Ambiguous reference, assuming memvar: 'CDRIVE'
RH480.PRG(943) Warning C1003  Ambiguous reference: 'CDRIVE'
RH480.PRG(944) Warning C1004  Ambiguous reference, assuming memvar: 'CDRIVE'
RH480.PRG(949) Warning C1003  Ambiguous reference: 'CDRIVE'
RH480.PRG(964) Warning C1001  RETURN statement with no value in function
457 warnings                
Code size 10041, Symbols 3200, Constants 3799
