312K available
Compiling RH498.PRG
RH498.PRG(26)  Warning C1004  Ambiguous reference, assuming memvar: 'CPATH1'
RH498.PRG(27)  Warning C1004  Ambiguous reference, assuming memvar: 'CPATH2'
RH498.PRG(28)  Warning C1003  Ambiguous reference: 'XEMPRESA'
RH498.PRG(28)  Warning C1004  Ambiguous reference, assuming memvar: 'CPATH3'
RH498.PRG(30)  Warning C1003  Ambiguous reference: 'XEMPRESA'
RH498.PRG(41)  Warning C1003  Ambiguous reference: 'XDRV_RH'
RH498.PRG(43)  Warning C1003  Ambiguous reference: 'CPATH2'
RH498.PRG(43)  Warning C1003  Ambiguous reference: 'XEMPRESA'
RH498.PRG(44)  Warning C1003  Ambiguous reference: 'CPATH2'
RH498.PRG(44)  Warning C1003  Ambiguous reference: 'FUNCAO'
RH498.PRG(55)  Warning C1003  Ambiguous reference: 'XDRV_CT'
RH498.PRG(57)  Warning C1003  Ambiguous reference: 'CPATH2'
RH498.PRG(58)  Warning C1003  Ambiguous reference: 'CPATH2'
RH498.PRG(58)  Warning C1003  Ambiguous reference: 'DEPTO'
RH498.PRG(69)  Warning C1003  Ambiguous reference: 'XDRV_RHX'
RH498.PRG(71)  Warning C1003  Ambiguous reference: 'CPATH2'
RH498.PRG(92)  Warning C1003  Ambiguous reference: 'CPATH3'
RH498.PRG(93)  Warning C1003  Ambiguous reference: 'CPATH3'
RH498.PRG(96)  Warning C1003  Ambiguous reference: 'CPATH2'
RH498.PRG(96)  Warning C1003  Ambiguous reference: 'XEMPRESA'
RH498.PRG(97)  Warning C1003  Ambiguous reference: 'CPATH2'
RH498.PRG(97)  Warning C1003  Ambiguous reference: 'XEMPRESA'
RH498.PRG(98)  Warning C1003  Ambiguous reference: 'CPATH2'
RH498.PRG(98)  Warning C1003  Ambiguous reference: 'XEMPRESA'
RH498.PRG(99)  Warning C1003  Ambiguous reference: 'CPATH2'
RH498.PRG(99)  Warning C1003  Ambiguous reference: 'XEMPRESA'
RH498.PRG(100) Warning C1003  Ambiguous reference: 'CPATH2'
RH498.PRG(100) Warning C1003  Ambiguous reference: 'XEMPRESA'
RH498.PRG(101) Warning C1003  Ambiguous reference: 'CPATH2'
RH498.PRG(101) Warning C1003  Ambiguous reference: 'FUNCC'
RH498.PRG(102) Warning C1003  Ambiguous reference: 'CPATH2'
RH498.PRG(102) Warning C1003  Ambiguous reference: 'FUNCC'
RH498.PRG(102) Warning C1003  Ambiguous reference: 'DATA'
RH498.PRG(103) Warning C1003  Ambiguous reference: 'CPATH2'
RH498.PRG(103) Warning C1003  Ambiguous reference: 'FUNCC'
RH498.PRG(104) Warning C1003  Ambiguous reference: 'CPATH2'
RH498.PRG(104) Warning C1003  Ambiguous reference: 'FUNCC'
RH498.PRG(105) Warning C1003  Ambiguous reference: 'CPATH2'
RH498.PRG(105) Warning C1003  Ambiguous reference: 'FUNCC'
RH498.PRG(107) Warning C1004  Ambiguous reference, assuming memvar: 'CMACRO'
RH498.PRG(108) Warning C1004  Ambiguous reference, assuming memvar: 'DDATA'
RH498.PRG(109) Warning C1003  Ambiguous reference: 'DDATA'
RH498.PRG(110) Warning C1004  Ambiguous reference, assuming memvar: 'DDATA'
RH498.PRG(111) Warning C1003  Ambiguous reference: 'DDATA'
RH498.PRG(114) Warning C1004  Ambiguous reference, assuming memvar: 'CMACRO'
RH498.PRG(117) Warning C1003  Ambiguous reference: 'DDATA'
RH498.PRG(156) Warning C1004  Ambiguous reference, assuming memvar: 'CNACIONAL'
RH498.PRG(158) Warning C1004  Ambiguous reference, assuming memvar: 'CNACIONAL'
RH498.PRG(160) Warning C1004  Ambiguous reference, assuming memvar: 'CNACIONAL'
RH498.PRG(162) Warning C1004  Ambiguous reference, assuming memvar: 'CNACIONAL'
RH498.PRG(164) Warning C1004  Ambiguous reference, assuming memvar: 'CNACIONAL'
RH498.PRG(166) Warning C1004  Ambiguous reference, assuming memvar: 'CNACIONAL'
RH498.PRG(168) Warning C1004  Ambiguous reference, assuming memvar: 'CNACIONAL'
RH498.PRG(170) Warning C1004  Ambiguous reference, assuming memvar: 'CNACIONAL'
RH498.PRG(172) Warning C1004  Ambiguous reference, assuming memvar: 'CNACIONAL'
RH498.PRG(174) Warning C1004  Ambiguous reference, assuming memvar: 'CNACIONAL'
RH498.PRG(176) Warning C1004  Ambiguous reference, assuming memvar: 'CNACIONAL'
RH498.PRG(178) Warning C1004  Ambiguous reference, assuming memvar: 'CNACIONAL'
RH498.PRG(180) Warning C1004  Ambiguous reference, assuming memvar: 'CNACIONAL'
RH498.PRG(182) Warning C1004  Ambiguous reference, assuming memvar: 'CNACIONAL'
RH498.PRG(184) Warning C1004  Ambiguous reference, assuming memvar: 'CNACIONAL'
RH498.PRG(186) Warning C1004  Ambiguous reference, assuming memvar: 'CNACIONAL'
RH498.PRG(188) Warning C1004  Ambiguous reference, assuming memvar: 'CNACIONAL'
RH498.PRG(190) Warning C1004  Ambiguous reference, assuming memvar: 'CNACIONAL'
RH498.PRG(192) Warning C1004  Ambiguous reference, assuming memvar: 'CNACIONAL'
RH498.PRG(194) Warning C1004  Ambiguous reference, assuming memvar: 'CNACIONAL'
RH498.PRG(196) Warning C1004  Ambiguous reference, assuming memvar: 'CNACIONAL'
RH498.PRG(198) Warning C1004  Ambiguous reference, assuming memvar: 'CNACIONAL'
RH498.PRG(200) Warning C1004  Ambiguous reference, assuming memvar: 'CNACIONAL'
RH498.PRG(202) Warning C1003  Ambiguous reference: 'CNACIONAL'
RH498.PRG(208) Warning C1004  Ambiguous reference, assuming memvar: 'CEST_CIVIL'
RH498.PRG(210) Warning C1004  Ambiguous reference, assuming memvar: 'CEST_CIVIL'
RH498.PRG(212) Warning C1004  Ambiguous reference, assuming memvar: 'CEST_CIVIL'
RH498.PRG(214) Warning C1004  Ambiguous reference, assuming memvar: 'CEST_CIVIL'
RH498.PRG(216) Warning C1004  Ambiguous reference, assuming memvar: 'CEST_CIVIL'
RH498.PRG(218) Warning C1003  Ambiguous reference: 'CEST_CIVIL'
RH498.PRG(222) Warning C1004  Ambiguous reference, assuming memvar: 'CINSTRUCAO'
RH498.PRG(224) Warning C1004  Ambiguous reference, assuming memvar: 'CINSTRUCAO'
RH498.PRG(226) Warning C1004  Ambiguous reference, assuming memvar: 'CINSTRUCAO'
RH498.PRG(228) Warning C1004  Ambiguous reference, assuming memvar: 'CINSTRUCAO'
RH498.PRG(230) Warning C1004  Ambiguous reference, assuming memvar: 'CINSTRUCAO'
RH498.PRG(232) Warning C1004  Ambiguous reference, assuming memvar: 'CINSTRUCAO'
RH498.PRG(234) Warning C1004  Ambiguous reference, assuming memvar: 'CINSTRUCAO'
RH498.PRG(236) Warning C1004  Ambiguous reference, assuming memvar: 'CINSTRUCAO'
RH498.PRG(238) Warning C1004  Ambiguous reference, assuming memvar: 'CINSTRUCAO'
RH498.PRG(240) Warning C1003  Ambiguous reference: 'CINSTRUCAO'
RH498.PRG(250) Warning C1003  Ambiguous reference: 'FUNCC'
RH498.PRG(258) Warning C1003  Ambiguous reference: 'DDATA'
RH498.PRG(261) Warning C1004  Ambiguous reference, assuming memvar: 'CAF_COD'
RH498.PRG(263) Warning C1004  Ambiguous reference, assuming memvar: 'CAF_COD'
RH498.PRG(265) Warning C1004  Ambiguous reference, assuming memvar: 'CAF_COD'
RH498.PRG(267) Warning C1004  Ambiguous reference, assuming memvar: 'CAF_COD'
RH498.PRG(269) Warning C1003  Ambiguous reference: 'CAF_COD'
RH498.PRG(279) Warning C1003  Ambiguous reference: 'DDATA'
RH498.PRG(299) Warning C1004  Ambiguous reference, assuming memvar: 'CAF_COD'
RH498.PRG(302) Warning C1004  Ambiguous reference, assuming memvar: 'CAF_COD'
RH498.PRG(304) Warning C1004  Ambiguous reference, assuming memvar: 'CAF_COD'
RH498.PRG(306) Warning C1004  Ambiguous reference, assuming memvar: 'CAF_COD'
RH498.PRG(308) Warning C1004  Ambiguous reference, assuming memvar: 'CAF_COD'
RH498.PRG(310) Warning C1004  Ambiguous reference, assuming memvar: 'CAF_COD'
RH498.PRG(312) Warning C1004  Ambiguous reference, assuming memvar: 'CAF_COD'
RH498.PRG(314) Warning C1003  Ambiguous reference: 'DDATA'
RH498.PRG(315) Warning C1003  Ambiguous reference: 'CAF_COD'
RH498.PRG(324) Warning C1003  Ambiguous reference: 'DDATA'
RH498.PRG(332) Warning C1004  Ambiguous reference, assuming memvar: 'CVINCULO'
RH498.PRG(335) Warning C1004  Ambiguous reference, assuming memvar: 'CVINCULO'
RH498.PRG(337) Warning C1004  Ambiguous reference, assuming memvar: 'CVINCULO'
RH498.PRG(339) Warning C1004  Ambiguous reference, assuming memvar: 'CVINCULO'
RH498.PRG(341) Warning C1004  Ambiguous reference, assuming memvar: 'CVINCULO'
RH498.PRG(343) Warning C1004  Ambiguous reference, assuming memvar: 'CVINCULO'
RH498.PRG(345) Warning C1004  Ambiguous reference, assuming memvar: 'CVINCULO'
RH498.PRG(347) Warning C1004  Ambiguous reference, assuming memvar: 'CVINCULO'
RH498.PRG(349) Warning C1004  Ambiguous reference, assuming memvar: 'CVINCULO'
RH498.PRG(351) Warning C1004  Ambiguous reference, assuming memvar: 'CVINCULO'
RH498.PRG(353) Warning C1004  Ambiguous reference, assuming memvar: 'CVINCULO'
RH498.PRG(355) Warning C1004  Ambiguous reference, assuming memvar: 'CVINCULO'
RH498.PRG(357) Warning C1003  Ambiguous reference: 'CVINCULO'
RH498.PRG(372) Warning C1003  Ambiguous reference: 'DDATA'
RH498.PRG(373) Warning C1003  Ambiguous reference: 'DDATA'
RH498.PRG(373) Warning C1003  Ambiguous reference: 'DDATA'
RH498.PRG(373) Warning C1004  Ambiguous reference, assuming memvar: 'DDATA'
RH498.PRG(375) Warning C1003  Ambiguous reference: 'DDATA'
RH498.PRG(375) Warning C1003  Ambiguous reference: 'DDATA'
RH498.PRG(375) Warning C1003  Ambiguous reference: 'DDATA'
RH498.PRG(375) Warning C1004  Ambiguous reference, assuming memvar: 'DDATA'
RH498.PRG(387) Warning C1003  Ambiguous reference: 'CPATH3'
RH498.PRG(389) Warning C1003  Ambiguous reference: 'CPATH2'
RH498.PRG(389) Warning C1003  Ambiguous reference: 'XEMPRESA'
RH498.PRG(390) Warning C1003  Ambiguous reference: 'CPATH2'
RH498.PRG(390) Warning C1003  Ambiguous reference: 'EVENTO'
RH498.PRG(391) Warning C1003  Ambiguous reference: 'CPATH2'
RH498.PRG(392) Warning C1003  Ambiguous reference: 'CPATH2'
RH498.PRG(392) Warning C1003  Ambiguous reference: 'EV_MAST'
RH498.PRG(395) Warning C1004  Ambiguous reference, assuming memvar: 'CEV_MAST'
RH498.PRG(396) Warning C1004  Ambiguous reference, assuming memvar: 'CEV_QSYS'
RH498.PRG(397) Warning C1004  Ambiguous reference, assuming memvar: 'CAMBIENTE'
RH498.PRG(398) Warning C1003  Ambiguous reference: 'CEV_MAST'
RH498.PRG(399) Warning C1003  Ambiguous reference: 'CEV_QSYS'
RH498.PRG(400) Warning C1003  Ambiguous reference: 'CAMBIENTE'
RH498.PRG(402) Warning C1003  Ambiguous reference: 'CEV_MAST'
RH498.PRG(403) Warning C1003  Ambiguous reference: 'CEV_QSYS'
RH498.PRG(404) Warning C1003  Ambiguous reference: 'CAMBIENTE'
RH498.PRG(406) Warning C1004  Ambiguous reference, assuming memvar: 'CEV_MAST'
RH498.PRG(407) Warning C1004  Ambiguous reference, assuming memvar: 'CEV_QSYS'
RH498.PRG(408) Warning C1004  Ambiguous reference, assuming memvar: 'CAMBIENTE'
RH498.PRG(409) Warning C1003  Ambiguous reference: 'CEV_MAST'
RH498.PRG(410) Warning C1003  Ambiguous reference: 'CEV_QSYS'
RH498.PRG(411) Warning C1003  Ambiguous reference: 'CAMBIENTE'
RH498.PRG(415) Warning C1003  Ambiguous reference: 'CEV_MAST'
RH498.PRG(419) Warning C1003  Ambiguous reference: 'CAMBIENTE'
RH498.PRG(420) Warning C1003  Ambiguous reference: 'CEV_QSYS'
RH498.PRG(429) Warning C1004  Ambiguous reference, assuming memvar: 'CEV_MAST'
RH498.PRG(430) Warning C1004  Ambiguous reference, assuming memvar: 'CEV_QSYS'
RH498.PRG(431) Warning C1004  Ambiguous reference, assuming memvar: 'CAMBIENTE'
RH498.PRG(432) Warning C1003  Ambiguous reference: 'CEV_MAST'
RH498.PRG(433) Warning C1003  Ambiguous reference: 'CEV_QSYS'
RH498.PRG(434) Warning C1003  Ambiguous reference: 'CAMBIENTE'
RH498.PRG(436) Warning C1003  Ambiguous reference: 'CEV_MAST'
RH498.PRG(437) Warning C1003  Ambiguous reference: 'CEV_QSYS'
RH498.PRG(438) Warning C1003  Ambiguous reference: 'CAMBIENTE'
RH498.PRG(441) Warning C1004  Ambiguous reference, assuming memvar: 'CEV_MAST'
RH498.PRG(442) Warning C1004  Ambiguous reference, assuming memvar: 'CEV_QSYS'
RH498.PRG(443) Warning C1004  Ambiguous reference, assuming memvar: 'CAMBIENTE'
RH498.PRG(444) Warning C1003  Ambiguous reference: 'CEV_MAST'
RH498.PRG(445) Warning C1003  Ambiguous reference: 'CEV_QSYS'
RH498.PRG(446) Warning C1003  Ambiguous reference: 'CAMBIENTE'
166 warnings                
Code size 5438, Symbols 2576, Constants 1234
