312K available
Compiling RH490.PRG
RH490.PRG(14)  Warning C1003  Ambiguous reference: 'XNIVEL'
RH490.PRG(14)  Warning C1003  Ambiguous reference: 'XFLAG'
RH490.PRG(14)  Warning C1004  Ambiguous reference, assuming memvar: 'BESCAPE'
RH490.PRG(16)  Warning C1004  Ambiguous reference, assuming memvar: 'SBLOCO2'
RH490.PRG(17)  Warning C1004  Ambiguous reference, assuming memvar: 'SBLOCO3'
RH490.PRG(23)  Warning C1004  Ambiguous reference, assuming memvar: 'NTOTFIL'
RH490.PRG(23)  Warning C1004  Ambiguous reference, assuming memvar: 'NFUNGERAL'
RH490.PRG(23)  Warning C1004  Ambiguous reference, assuming memvar: 'NTOTFUN'
RH490.PRG(27)  Warning C1003  Ambiguous reference: 'XDRV_RHX'
RH490.PRG(36)  Warning C1003  Ambiguous reference: 'XDRV_SH'
RH490.PRG(41)  Warning C1003  Ambiguous reference: 'EMPRESA'
RH490.PRG(55)  Warning C1002  Procedure returns value
RH490.PRG(116) Warning C1003  Ambiguous reference: 'COPCAO'
RH490.PRG(116) Warning C1004  Ambiguous reference, assuming memvar: 'COPCAO'
RH490.PRG(119) Warning C1003  Ambiguous reference: 'COPCAO'
RH490.PRG(122) Warning C1003  Ambiguous reference: 'COPCAO'
RH490.PRG(144) Warning C1003  Ambiguous reference: 'FCGCCEI'
RH490.PRG(145) Warning C1003  Ambiguous reference: 'FFICHA'
RH490.PRG(149) Warning C1003  Ambiguous reference: 'COPCAO'
RH490.PRG(149) Warning C1001  RETURN statement with no value in function
RH490.PRG(153) Warning C1003  Ambiguous reference: 'FFICHA'
RH490.PRG(153) Warning C1003  Ambiguous reference: 'XSN'
RH490.PRG(157) Warning C1004  Ambiguous reference, assuming memvar: 'XNIVEL'
RH490.PRG(158) Warning C1004  Ambiguous reference, assuming memvar: 'XFLAG'
RH490.PRG(162) Warning C1003  Ambiguous reference: 'XNIVEL'
RH490.PRG(162) Warning C1003  Ambiguous reference: 'XNIVEL'
RH490.PRG(163) Warning C1003  Ambiguous reference: 'XNIVEL'
RH490.PRG(164) Warning C1003  Ambiguous reference: 'BESCAPE'
RH490.PRG(165) Warning C1003  Ambiguous reference: 'XFLAG'
RH490.PRG(165) Warning C1004  Ambiguous reference, assuming memvar: 'XNIVEL'
RH490.PRG(165) Warning C1004  Ambiguous reference, assuming memvar: 'XNIVEL'
RH490.PRG(165) Warning C1004  Ambiguous reference, assuming memvar: 'XNIVEL'
RH490.PRG(165) Warning C1004  Ambiguous reference, assuming memvar: 'XNIVEL'
RH490.PRG(170) Warning C1003  Ambiguous reference: 'COPCAO'
RH490.PRG(179) Warning C1003  Ambiguous reference: 'FFICHA'
RH490.PRG(180) Warning C1001  RETURN statement with no value in function
RH490.PRG(185) Warning C1004  Ambiguous reference, assuming memvar: 'CPATH'
RH490.PRG(189) Warning C1003  Ambiguous reference: 'CPATH'
RH490.PRG(201) Warning C1001  RETURN statement with no value in function
RH490.PRG(211) Warning C1003  Ambiguous reference: 'COPCAO'
RH490.PRG(211) Warning C1004  Ambiguous reference, assuming memvar: 'COPCAO'
RH490.PRG(219) Warning C1004  Ambiguous reference, assuming memvar: 'XNIVEL'
RH490.PRG(223) Warning C1003  Ambiguous reference: 'FCGCCPF'
RH490.PRG(227) Warning C1003  Ambiguous reference: 'COPCAO'
RH490.PRG(229) Warning C1001  RETURN statement with no value in function
RH490.PRG(239) Warning C1003  Ambiguous reference: 'CDRIVE'
RH490.PRG(239) Warning C1003  Ambiguous reference: 'SBLOCO3'
RH490.PRG(240) Warning C1004  Ambiguous reference, assuming memvar: 'LCONF'
RH490.PRG(245) Warning C1004  Ambiguous reference, assuming memvar: 'XNIVEL'
RH490.PRG(246) Warning C1004  Ambiguous reference, assuming memvar: 'XFLAG'
RH490.PRG(247) Warning C1004  Ambiguous reference, assuming memvar: 'CFICHA'
RH490.PRG(248) Warning C1004  Ambiguous reference, assuming memvar: 'CDRIVE'
RH490.PRG(252) Warning C1003  Ambiguous reference: 'XNIVEL'
RH490.PRG(252) Warning C1003  Ambiguous reference: 'XNIVEL'
RH490.PRG(253) Warning C1003  Ambiguous reference: 'XNIVEL'
RH490.PRG(254) Warning C1003  Ambiguous reference: 'BESCAPE'
RH490.PRG(254) Warning C1001  RETURN statement with no value in function
RH490.PRG(255) Warning C1003  Ambiguous reference: 'XNIVEL'
RH490.PRG(256) Warning C1003  Ambiguous reference: 'XFLAG'
RH490.PRG(256) Warning C1004  Ambiguous reference, assuming memvar: 'XNIVEL'
RH490.PRG(256) Warning C1004  Ambiguous reference, assuming memvar: 'XNIVEL'
RH490.PRG(256) Warning C1004  Ambiguous reference, assuming memvar: 'XNIVEL'
RH490.PRG(256) Warning C1004  Ambiguous reference, assuming memvar: 'XNIVEL'
RH490.PRG(259) Warning C1003  Ambiguous reference: 'LCONF'
RH490.PRG(272) Warning C1003  Ambiguous reference: 'XNIVEL'
RH490.PRG(272) Warning C1003  Ambiguous reference: 'CDRIVE'
RH490.PRG(283) Warning C1004  Ambiguous reference, assuming memvar: 'NCONT40'
RH490.PRG(283) Warning C1004  Ambiguous reference, assuming memvar: 'NCONT30'
RH490.PRG(284) Warning C1004  Ambiguous reference, assuming memvar: 'NTOTFIL'
RH490.PRG(284) Warning C1004  Ambiguous reference, assuming memvar: 'NFUNGERAL'
RH490.PRG(302) Warning C1004  Ambiguous reference, assuming memvar: 'CFICHA'
RH490.PRG(303) Warning C1004  Ambiguous reference, assuming memvar: 'CFICHA'
RH490.PRG(303) Warning C1004  Ambiguous reference, assuming memvar: 'CFICHA'
RH490.PRG(308) Warning C1003  Ambiguous reference: 'CFICHA'
RH490.PRG(309) Warning C1004  Ambiguous reference, assuming memvar: 'CFICHA'
RH490.PRG(348) Warning C1003  Ambiguous reference: 'ANOMES'
RH490.PRG(348) Warning C1003  Ambiguous reference: 'XANOMES'
RH490.PRG(350) Warning C1003  Ambiguous reference: 'XDRV_RHX'
RH490.PRG(374) Warning C1004  Ambiguous reference, assuming memvar: 'CFICHA'
RH490.PRG(375) Warning C1004  Ambiguous reference, assuming memvar: 'CFICHA'
RH490.PRG(375) Warning C1004  Ambiguous reference, assuming memvar: 'CFICHA'
RH490.PRG(378) Warning C1003  Ambiguous reference: 'CFICHA'
RH490.PRG(379) Warning C1004  Ambiguous reference, assuming memvar: 'CFICHA'
RH490.PRG(392) Warning C1003  Ambiguous reference: 'XDATASYS'
RH490.PRG(397) Warning C1003  Ambiguous reference: 'XDATASYS'
RH490.PRG(413) Warning C1003  Ambiguous reference: 'XDATASYS'
RH490.PRG(419) Warning C1003  Ambiguous reference: 'XDATASYS'
RH490.PRG(433) Warning C1004  Ambiguous reference, assuming memvar: 'CFICHA'
RH490.PRG(434) Warning C1004  Ambiguous reference, assuming memvar: 'CFICHA'
RH490.PRG(434) Warning C1004  Ambiguous reference, assuming memvar: 'CFICHA'
RH490.PRG(436) Warning C1004  Ambiguous reference, assuming memvar: 'CFICHA'
RH490.PRG(436) Warning C1004  Ambiguous reference, assuming memvar: 'CFICHA'
RH490.PRG(437) Warning C1004  Ambiguous reference, assuming memvar: 'CFICHA'
RH490.PRG(437) Warning C1004  Ambiguous reference, assuming memvar: 'CFICHA'
RH490.PRG(439) Warning C1004  Ambiguous reference, assuming memvar: 'CFICHA'
RH490.PRG(439) Warning C1004  Ambiguous reference, assuming memvar: 'CFICHA'
RH490.PRG(441) Warning C1004  Ambiguous reference, assuming memvar: 'CFICHA'
RH490.PRG(441) Warning C1004  Ambiguous reference, assuming memvar: 'CFICHA'
RH490.PRG(442) Warning C1004  Ambiguous reference, assuming memvar: 'CFICHA'
RH490.PRG(442) Warning C1004  Ambiguous reference, assuming memvar: 'CFICHA'
RH490.PRG(443) Warning C1004  Ambiguous reference, assuming memvar: 'CFICHA'
RH490.PRG(443) Warning C1004  Ambiguous reference, assuming memvar: 'CFICHA'
RH490.PRG(446) Warning C1004  Ambiguous reference, assuming memvar: 'CFICHA'
RH490.PRG(446) Warning C1004  Ambiguous reference, assuming memvar: 'CFICHA'
RH490.PRG(447) Warning C1004  Ambiguous reference, assuming memvar: 'CFICHA'
RH490.PRG(447) Warning C1004  Ambiguous reference, assuming memvar: 'CFICHA'
RH490.PRG(449) Warning C1004  Ambiguous reference, assuming memvar: 'CFICHA'
RH490.PRG(449) Warning C1004  Ambiguous reference, assuming memvar: 'CFICHA'
RH490.PRG(451) Warning C1004  Ambiguous reference, assuming memvar: 'CFICHA'
RH490.PRG(451) Warning C1004  Ambiguous reference, assuming memvar: 'CFICHA'
RH490.PRG(455) Warning C1004  Ambiguous reference, assuming memvar: 'CFICHA'
RH490.PRG(455) Warning C1004  Ambiguous reference, assuming memvar: 'CFICHA'
RH490.PRG(458) Warning C1003  Ambiguous reference: 'CFICHA'
RH490.PRG(459) Warning C1004  Ambiguous reference, assuming memvar: 'CFICHA'
RH490.PRG(462) Warning C1004  Ambiguous reference, assuming memvar: 'NFUNGERAL'
RH490.PRG(462) Warning C1004  Ambiguous reference, assuming memvar: 'NFUNGERAL'
RH490.PRG(470) Warning C1004  Ambiguous reference, assuming memvar: 'NTOTFIL'
RH490.PRG(470) Warning C1004  Ambiguous reference, assuming memvar: 'NTOTFIL'
RH490.PRG(493) Warning C1003  Ambiguous reference: 'CDRIVE'
RH490.PRG(509) Warning C1001  RETURN statement with no value in function
120 warnings                
Code size 4744, Symbols 2176, Constants 1640
