238K available
Compiling RH499.PRG
RH499.PRG(25)  Warning C1003  Ambiguous reference: 'XDRV_SH'
RH499.PRG(30)  Warning C1003  Ambiguous reference: 'EMPRESA'
RH499.PRG(50)  Warning C1004  Ambiguous reference, assuming memvar: 'CPATH1'
RH499.PRG(51)  Warning C1004  Ambiguous reference, assuming memvar: 'CPATH2'
RH499.PRG(52)  Warning C1004  Ambiguous reference, assuming memvar: 'CPATH3'
RH499.PRG(59)  Warning C1003  Ambiguous reference: 'CPATH2'
RH499.PRG(60)  Warning C1004  Ambiguous reference, assuming memvar: 'CDATASYS'
RH499.PRG(81)  Warning C1003  Ambiguous reference: 'CPATH2'
RH499.PRG(81)  Warning C1003  Ambiguous reference: 'CPATH3'
RH499.PRG(83)  Warning C1003  Ambiguous reference: 'CPATH2'
RH499.PRG(83)  Warning C1003  Ambiguous reference: 'CPATH3'
RH499.PRG(85)  Warning C1003  Ambiguous reference: 'CPATH2'
RH499.PRG(85)  Warning C1003  Ambiguous reference: 'CPATH3'
RH499.PRG(87)  Warning C1003  Ambiguous reference: 'CPATH2'
RH499.PRG(87)  Warning C1003  Ambiguous reference: 'CPATH3'
RH499.PRG(89)  Warning C1003  Ambiguous reference: 'CPATH2'
RH499.PRG(89)  Warning C1003  Ambiguous reference: 'CPATH3'
RH499.PRG(91)  Warning C1003  Ambiguous reference: 'CPATH2'
RH499.PRG(91)  Warning C1003  Ambiguous reference: 'CPATH3'
RH499.PRG(93)  Warning C1003  Ambiguous reference: 'CPATH2'
RH499.PRG(93)  Warning C1003  Ambiguous reference: 'CPATH3'
RH499.PRG(95)  Warning C1003  Ambiguous reference: 'CPATH2'
RH499.PRG(95)  Warning C1003  Ambiguous reference: 'CPATH3'
RH499.PRG(97)  Warning C1003  Ambiguous reference: 'CPATH2'
RH499.PRG(97)  Warning C1003  Ambiguous reference: 'CPATH3'
RH499.PRG(99)  Warning C1003  Ambiguous reference: 'CPATH2'
RH499.PRG(99)  Warning C1003  Ambiguous reference: 'CPATH3'
RH499.PRG(101) Warning C1003  Ambiguous reference: 'CPATH2'
RH499.PRG(101) Warning C1003  Ambiguous reference: 'CPATH3'
RH499.PRG(103) Warning C1003  Ambiguous reference: 'CPATH2'
RH499.PRG(103) Warning C1003  Ambiguous reference: 'CPATH3'
RH499.PRG(105) Warning C1003  Ambiguous reference: 'CPATH2'
RH499.PRG(105) Warning C1003  Ambiguous reference: 'CPATH3'
RH499.PRG(107) Warning C1003  Ambiguous reference: 'CPATH2'
RH499.PRG(107) Warning C1003  Ambiguous reference: 'CPATH3'
RH499.PRG(109) Warning C1003  Ambiguous reference: 'CPATH2'
RH499.PRG(109) Warning C1003  Ambiguous reference: 'CPATH3'
RH499.PRG(111) Warning C1003  Ambiguous reference: 'CPATH2'
RH499.PRG(111) Warning C1003  Ambiguous reference: 'CPATH3'
RH499.PRG(113) Warning C1003  Ambiguous reference: 'CPATH2'
RH499.PRG(113) Warning C1003  Ambiguous reference: 'CPATH3'
RH499.PRG(119) Warning C1003  Ambiguous reference: 'CPATH1'
RH499.PRG(119) Warning C1003  Ambiguous reference: 'CPATH3'
RH499.PRG(122) Warning C1003  Ambiguous reference: 'CPATH3'
RH499.PRG(124) Warning C1003  Ambiguous reference: 'CPATH2'
RH499.PRG(141) Warning C1003  Ambiguous reference: 'CDATASYS'
RH499.PRG(141) Warning C1003  Ambiguous reference: 'CDATASYS'
RH499.PRG(141) Warning C1003  Ambiguous reference: 'CDATASYS'
RH499.PRG(141) Warning C1003  Ambiguous reference: 'CDATASYS'
RH499.PRG(141) Warning C1003  Ambiguous reference: 'CDATASYS'
RH499.PRG(141) Warning C1003  Ambiguous reference: 'CDATASYS'
RH499.PRG(141) Warning C1003  Ambiguous reference: 'CDATASYS'
RH499.PRG(141) Warning C1003  Ambiguous reference: 'CDATASYS'
RH499.PRG(141) Warning C1003  Ambiguous reference: 'CDATASYS'
RH499.PRG(141) Warning C1003  Ambiguous reference: 'CDATASYS'
RH499.PRG(141) Warning C1003  Ambiguous reference: 'CDATASYS'
RH499.PRG(142) Warning C1003  Ambiguous reference: 'CPATH2'
RH499.PRG(161) Warning C1003  Ambiguous reference: 'CDATASYS'
RH499.PRG(161) Warning C1003  Ambiguous reference: 'CDATASYS'
RH499.PRG(161) Warning C1003  Ambiguous reference: 'CDATASYS'
RH499.PRG(161) Warning C1003  Ambiguous reference: 'CDATASYS'
RH499.PRG(161) Warning C1003  Ambiguous reference: 'CDATASYS'
RH499.PRG(161) Warning C1003  Ambiguous reference: 'CDATASYS'
RH499.PRG(161) Warning C1003  Ambiguous reference: 'CDATASYS'
RH499.PRG(161) Warning C1003  Ambiguous reference: 'CDATASYS'
RH499.PRG(161) Warning C1003  Ambiguous reference: 'CDATASYS'
RH499.PRG(161) Warning C1003  Ambiguous reference: 'CDATASYS'
RH499.PRG(162) Warning C1003  Ambiguous reference: 'CPATH2'
RH499.PRG(180) Warning C1003  Ambiguous reference: 'CDATASYS'
RH499.PRG(180) Warning C1003  Ambiguous reference: 'CDATASYS'
RH499.PRG(180) Warning C1003  Ambiguous reference: 'CDATASYS'
RH499.PRG(180) Warning C1003  Ambiguous reference: 'CDATASYS'
RH499.PRG(180) Warning C1003  Ambiguous reference: 'CDATASYS'
RH499.PRG(180) Warning C1003  Ambiguous reference: 'CDATASYS'
RH499.PRG(180) Warning C1003  Ambiguous reference: 'CDATASYS'
RH499.PRG(180) Warning C1003  Ambiguous reference: 'CDATASYS'
RH499.PRG(180) Warning C1003  Ambiguous reference: 'CDATASYS'
RH499.PRG(181) Warning C1003  Ambiguous reference: 'CPATH2'
RH499.PRG(198) Warning C1003  Ambiguous reference: 'CDATASYS'
RH499.PRG(198) Warning C1003  Ambiguous reference: 'CDATASYS'
RH499.PRG(198) Warning C1003  Ambiguous reference: 'CDATASYS'
RH499.PRG(198) Warning C1003  Ambiguous reference: 'CDATASYS'
RH499.PRG(198) Warning C1003  Ambiguous reference: 'CDATASYS'
RH499.PRG(198) Warning C1003  Ambiguous reference: 'CDATASYS'
RH499.PRG(198) Warning C1003  Ambiguous reference: 'CDATASYS'
RH499.PRG(198) Warning C1003  Ambiguous reference: 'CDATASYS'
RH499.PRG(199) Warning C1003  Ambiguous reference: 'CPATH2'
RH499.PRG(215) Warning C1003  Ambiguous reference: 'CDATASYS'
RH499.PRG(215) Warning C1003  Ambiguous reference: 'CDATASYS'
RH499.PRG(215) Warning C1003  Ambiguous reference: 'CDATASYS'
RH499.PRG(215) Warning C1003  Ambiguous reference: 'CDATASYS'
RH499.PRG(215) Warning C1003  Ambiguous reference: 'CDATASYS'
RH499.PRG(215) Warning C1003  Ambiguous reference: 'CDATASYS'
RH499.PRG(215) Warning C1003  Ambiguous reference: 'CDATASYS'
RH499.PRG(216) Warning C1003  Ambiguous reference: 'CPATH2'
RH499.PRG(231) Warning C1003  Ambiguous reference: 'CDATASYS'
RH499.PRG(231) Warning C1003  Ambiguous reference: 'CDATASYS'
RH499.PRG(231) Warning C1003  Ambiguous reference: 'CDATASYS'
RH499.PRG(231) Warning C1003  Ambiguous reference: 'CDATASYS'
RH499.PRG(231) Warning C1003  Ambiguous reference: 'CDATASYS'
RH499.PRG(231) Warning C1003  Ambiguous reference: 'CDATASYS'
RH499.PRG(232) Warning C1003  Ambiguous reference: 'CPATH2'
RH499.PRG(246) Warning C1003  Ambiguous reference: 'CDATASYS'
RH499.PRG(246) Warning C1003  Ambiguous reference: 'CDATASYS'
RH499.PRG(246) Warning C1003  Ambiguous reference: 'CDATASYS'
RH499.PRG(246) Warning C1003  Ambiguous reference: 'CDATASYS'
RH499.PRG(246) Warning C1003  Ambiguous reference: 'CDATASYS'
RH499.PRG(247) Warning C1003  Ambiguous reference: 'CPATH2'
RH499.PRG(260) Warning C1003  Ambiguous reference: 'CDATASYS'
RH499.PRG(260) Warning C1003  Ambiguous reference: 'CDATASYS'
RH499.PRG(260) Warning C1003  Ambiguous reference: 'CDATASYS'
RH499.PRG(260) Warning C1003  Ambiguous reference: 'CDATASYS'
RH499.PRG(261) Warning C1003  Ambiguous reference: 'CPATH2'
RH499.PRG(273) Warning C1003  Ambiguous reference: 'CDATASYS'
RH499.PRG(273) Warning C1003  Ambiguous reference: 'CDATASYS'
RH499.PRG(273) Warning C1003  Ambiguous reference: 'CDATASYS'
RH499.PRG(274) Warning C1003  Ambiguous reference: 'CPATH2'
RH499.PRG(285) Warning C1003  Ambiguous reference: 'CDATASYS'
RH499.PRG(285) Warning C1003  Ambiguous reference: 'CDATASYS'
RH499.PRG(286) Warning C1003  Ambiguous reference: 'CPATH2'
RH499.PRG(296) Warning C1003  Ambiguous reference: 'CDATASYS'
RH499.PRG(297) Warning C1003  Ambiguous reference: 'CPATH2'
RH499.PRG(307) Warning C1003  Ambiguous reference: 'CPATH2'
RH499.PRG(326) Warning C1003  Ambiguous reference: 'CDATASYS'
RH499.PRG(326) Warning C1003  Ambiguous reference: 'CDATASYS'
RH499.PRG(326) Warning C1003  Ambiguous reference: 'CDATASYS'
RH499.PRG(326) Warning C1003  Ambiguous reference: 'CDATASYS'
RH499.PRG(326) Warning C1003  Ambiguous reference: 'CDATASYS'
RH499.PRG(326) Warning C1003  Ambiguous reference: 'CDATASYS'
RH499.PRG(326) Warning C1003  Ambiguous reference: 'CDATASYS'
RH499.PRG(326) Warning C1003  Ambiguous reference: 'CDATASYS'
RH499.PRG(326) Warning C1003  Ambiguous reference: 'CDATASYS'
RH499.PRG(326) Warning C1003  Ambiguous reference: 'CDATASYS'
RH499.PRG(326) Warning C1003  Ambiguous reference: 'CDATASYS'
RH499.PRG(327) Warning C1003  Ambiguous reference: 'CPATH2'
RH499.PRG(346) Warning C1003  Ambiguous reference: 'CDATASYS'
RH499.PRG(346) Warning C1003  Ambiguous reference: 'CDATASYS'
RH499.PRG(346) Warning C1003  Ambiguous reference: 'CDATASYS'
RH499.PRG(346) Warning C1003  Ambiguous reference: 'CDATASYS'
RH499.PRG(346) Warning C1003  Ambiguous reference: 'CDATASYS'
RH499.PRG(346) Warning C1003  Ambiguous reference: 'CDATASYS'
RH499.PRG(346) Warning C1003  Ambiguous reference: 'CDATASYS'
RH499.PRG(346) Warning C1003  Ambiguous reference: 'CDATASYS'
RH499.PRG(346) Warning C1003  Ambiguous reference: 'CDATASYS'
RH499.PRG(346) Warning C1003  Ambiguous reference: 'CDATASYS'
RH499.PRG(347) Warning C1003  Ambiguous reference: 'CPATH2'
RH499.PRG(363) Warning C1003  Ambiguous reference: 'CPATH1'
RH499.PRG(363) Warning C1003  Ambiguous reference: 'CPATH3'
RH499.PRG(366) Warning C1003  Ambiguous reference: 'CPATH3'
RH499.PRG(368) Warning C1003  Ambiguous reference: 'CPATH2'
RH499.PRG(378) Warning C1003  Ambiguous reference: 'CPATH1'
RH499.PRG(378) Warning C1003  Ambiguous reference: 'CPATH3'
RH499.PRG(381) Warning C1003  Ambiguous reference: 'CPATH2'
RH499.PRG(381) Warning C1003  Ambiguous reference: 'CPATH3'
RH499.PRG(383) Warning C1003  Ambiguous reference: 'CPATH2'
RH499.PRG(383) Warning C1003  Ambiguous reference: 'CPATH3'
RH499.PRG(385) Warning C1003  Ambiguous reference: 'CPATH2'
RH499.PRG(385) Warning C1003  Ambiguous reference: 'CPATH3'
RH499.PRG(387) Warning C1003  Ambiguous reference: 'CPATH2'
RH499.PRG(387) Warning C1003  Ambiguous reference: 'CPATH3'
RH499.PRG(389) Warning C1003  Ambiguous reference: 'CPATH2'
RH499.PRG(389) Warning C1003  Ambiguous reference: 'CPATH3'
RH499.PRG(391) Warning C1003  Ambiguous reference: 'CPATH2'
RH499.PRG(391) Warning C1003  Ambiguous reference: 'CPATH3'
RH499.PRG(393) Warning C1003  Ambiguous reference: 'CPATH2'
RH499.PRG(393) Warning C1003  Ambiguous reference: 'CPATH3'
RH499.PRG(395) Warning C1003  Ambiguous reference: 'CPATH2'
RH499.PRG(395) Warning C1003  Ambiguous reference: 'CPATH3'
RH499.PRG(397) Warning C1003  Ambiguous reference: 'CPATH2'
RH499.PRG(397) Warning C1003  Ambiguous reference: 'CPATH3'
RH499.PRG(399) Warning C1003  Ambiguous reference: 'CPATH2'
RH499.PRG(399) Warning C1003  Ambiguous reference: 'CPATH3'
RH499.PRG(401) Warning C1003  Ambiguous reference: 'CPATH2'
RH499.PRG(401) Warning C1003  Ambiguous reference: 'CPATH3'
RH499.PRG(403) Warning C1003  Ambiguous reference: 'CPATH2'
RH499.PRG(403) Warning C1003  Ambiguous reference: 'CPATH3'
RH499.PRG(405) Warning C1003  Ambiguous reference: 'CPATH2'
RH499.PRG(405) Warning C1003  Ambiguous reference: 'CPATH3'
RH499.PRG(408) Warning C1003  Ambiguous reference: 'CPATH1'
RH499.PRG(408) Warning C1003  Ambiguous reference: 'CPATH3'
RH499.PRG(411) Warning C1003  Ambiguous reference: 'CPATH3'
RH499.PRG(413) Warning C1003  Ambiguous reference: 'CPATH2'
RH499.PRG(430) Warning C1003  Ambiguous reference: 'CDATASYS'
RH499.PRG(430) Warning C1003  Ambiguous reference: 'CDATASYS'
RH499.PRG(430) Warning C1003  Ambiguous reference: 'CDATASYS'
RH499.PRG(430) Warning C1003  Ambiguous reference: 'CDATASYS'
RH499.PRG(430) Warning C1003  Ambiguous reference: 'CDATASYS'
RH499.PRG(430) Warning C1003  Ambiguous reference: 'CDATASYS'
RH499.PRG(430) Warning C1003  Ambiguous reference: 'CDATASYS'
RH499.PRG(430) Warning C1003  Ambiguous reference: 'CDATASYS'
RH499.PRG(430) Warning C1003  Ambiguous reference: 'CDATASYS'
RH499.PRG(430) Warning C1003  Ambiguous reference: 'CDATASYS'
RH499.PRG(430) Warning C1003  Ambiguous reference: 'CDATASYS'
RH499.PRG(431) Warning C1003  Ambiguous reference: 'CPATH2'
RH499.PRG(450) Warning C1003  Ambiguous reference: 'CDATASYS'
RH499.PRG(450) Warning C1003  Ambiguous reference: 'CDATASYS'
RH499.PRG(450) Warning C1003  Ambiguous reference: 'CDATASYS'
RH499.PRG(450) Warning C1003  Ambiguous reference: 'CDATASYS'
RH499.PRG(450) Warning C1003  Ambiguous reference: 'CDATASYS'
RH499.PRG(450) Warning C1003  Ambiguous reference: 'CDATASYS'
RH499.PRG(450) Warning C1003  Ambiguous reference: 'CDATASYS'
RH499.PRG(450) Warning C1003  Ambiguous reference: 'CDATASYS'
RH499.PRG(450) Warning C1003  Ambiguous reference: 'CDATASYS'
RH499.PRG(450) Warning C1003  Ambiguous reference: 'CDATASYS'
RH499.PRG(451) Warning C1003  Ambiguous reference: 'CPATH2'
RH499.PRG(469) Warning C1003  Ambiguous reference: 'CDATASYS'
RH499.PRG(469) Warning C1003  Ambiguous reference: 'CDATASYS'
RH499.PRG(469) Warning C1003  Ambiguous reference: 'CDATASYS'
RH499.PRG(469) Warning C1003  Ambiguous reference: 'CDATASYS'
RH499.PRG(469) Warning C1003  Ambiguous reference: 'CDATASYS'
RH499.PRG(469) Warning C1003  Ambiguous reference: 'CDATASYS'
RH499.PRG(469) Warning C1003  Ambiguous reference: 'CDATASYS'
RH499.PRG(469) Warning C1003  Ambiguous reference: 'CDATASYS'
RH499.PRG(469) Warning C1003  Ambiguous reference: 'CDATASYS'
RH499.PRG(470) Warning C1003  Ambiguous reference: 'CPATH2'
RH499.PRG(487) Warning C1003  Ambiguous reference: 'CDATASYS'
RH499.PRG(487) Warning C1003  Ambiguous reference: 'CDATASYS'
RH499.PRG(487) Warning C1003  Ambiguous reference: 'CDATASYS'
RH499.PRG(487) Warning C1003  Ambiguous reference: 'CDATASYS'
RH499.PRG(487) Warning C1003  Ambiguous reference: 'CDATASYS'
RH499.PRG(487) Warning C1003  Ambiguous reference: 'CDATASYS'
RH499.PRG(487) Warning C1003  Ambiguous reference: 'CDATASYS'
RH499.PRG(487) Warning C1003  Ambiguous reference: 'CDATASYS'
RH499.PRG(488) Warning C1003  Ambiguous reference: 'CPATH2'
RH499.PRG(504) Warning C1003  Ambiguous reference: 'CDATASYS'
RH499.PRG(504) Warning C1003  Ambiguous reference: 'CDATASYS'
RH499.PRG(504) Warning C1003  Ambiguous reference: 'CDATASYS'
RH499.PRG(504) Warning C1003  Ambiguous reference: 'CDATASYS'
RH499.PRG(504) Warning C1003  Ambiguous reference: 'CDATASYS'
RH499.PRG(504) Warning C1003  Ambiguous reference: 'CDATASYS'
RH499.PRG(504) Warning C1003  Ambiguous reference: 'CDATASYS'
RH499.PRG(505) Warning C1003  Ambiguous reference: 'CPATH2'
RH499.PRG(520) Warning C1003  Ambiguous reference: 'CDATASYS'
RH499.PRG(520) Warning C1003  Ambiguous reference: 'CDATASYS'
RH499.PRG(520) Warning C1003  Ambiguous reference: 'CDATASYS'
RH499.PRG(520) Warning C1003  Ambiguous reference: 'CDATASYS'
RH499.PRG(520) Warning C1003  Ambiguous reference: 'CDATASYS'
RH499.PRG(520) Warning C1003  Ambiguous reference: 'CDATASYS'
RH499.PRG(521) Warning C1003  Ambiguous reference: 'CPATH2'
RH499.PRG(535) Warning C1003  Ambiguous reference: 'CDATASYS'
RH499.PRG(535) Warning C1003  Ambiguous reference: 'CDATASYS'
RH499.PRG(535) Warning C1003  Ambiguous reference: 'CDATASYS'
RH499.PRG(535) Warning C1003  Ambiguous reference: 'CDATASYS'
RH499.PRG(535) Warning C1003  Ambiguous reference: 'CDATASYS'
RH499.PRG(536) Warning C1003  Ambiguous reference: 'CPATH2'
RH499.PRG(549) Warning C1003  Ambiguous reference: 'CDATASYS'
RH499.PRG(549) Warning C1003  Ambiguous reference: 'CDATASYS'
RH499.PRG(549) Warning C1003  Ambiguous reference: 'CDATASYS'
RH499.PRG(549) Warning C1003  Ambiguous reference: 'CDATASYS'
RH499.PRG(550) Warning C1003  Ambiguous reference: 'CPATH2'
RH499.PRG(562) Warning C1003  Ambiguous reference: 'CDATASYS'
RH499.PRG(562) Warning C1003  Ambiguous reference: 'CDATASYS'
RH499.PRG(562) Warning C1003  Ambiguous reference: 'CDATASYS'
RH499.PRG(563) Warning C1003  Ambiguous reference: 'CPATH2'
RH499.PRG(574) Warning C1003  Ambiguous reference: 'CDATASYS'
RH499.PRG(574) Warning C1003  Ambiguous reference: 'CDATASYS'
RH499.PRG(575) Warning C1003  Ambiguous reference: 'CPATH2'
RH499.PRG(585) Warning C1003  Ambiguous reference: 'CDATASYS'
RH499.PRG(586) Warning C1003  Ambiguous reference: 'CPATH2'
RH499.PRG(596) Warning C1003  Ambiguous reference: 'CPATH2'
RH499.PRG(615) Warning C1003  Ambiguous reference: 'CDATASYS'
RH499.PRG(615) Warning C1003  Ambiguous reference: 'CDATASYS'
RH499.PRG(615) Warning C1003  Ambiguous reference: 'CDATASYS'
RH499.PRG(615) Warning C1003  Ambiguous reference: 'CDATASYS'
RH499.PRG(615) Warning C1003  Ambiguous reference: 'CDATASYS'
RH499.PRG(615) Warning C1003  Ambiguous reference: 'CDATASYS'
RH499.PRG(615) Warning C1003  Ambiguous reference: 'CDATASYS'
RH499.PRG(615) Warning C1003  Ambiguous reference: 'CDATASYS'
RH499.PRG(615) Warning C1003  Ambiguous reference: 'CDATASYS'
RH499.PRG(615) Warning C1003  Ambiguous reference: 'CDATASYS'
RH499.PRG(615) Warning C1003  Ambiguous reference: 'CDATASYS'
RH499.PRG(616) Warning C1003  Ambiguous reference: 'CPATH2'
RH499.PRG(635) Warning C1003  Ambiguous reference: 'CDATASYS'
RH499.PRG(635) Warning C1003  Ambiguous reference: 'CDATASYS'
RH499.PRG(635) Warning C1003  Ambiguous reference: 'CDATASYS'
RH499.PRG(635) Warning C1003  Ambiguous reference: 'CDATASYS'
RH499.PRG(635) Warning C1003  Ambiguous reference: 'CDATASYS'
RH499.PRG(635) Warning C1003  Ambiguous reference: 'CDATASYS'
RH499.PRG(635) Warning C1003  Ambiguous reference: 'CDATASYS'
RH499.PRG(635) Warning C1003  Ambiguous reference: 'CDATASYS'
RH499.PRG(635) Warning C1003  Ambiguous reference: 'CDATASYS'
RH499.PRG(635) Warning C1003  Ambiguous reference: 'CDATASYS'
RH499.PRG(636) Warning C1003  Ambiguous reference: 'CPATH2'
RH499.PRG(652) Warning C1003  Ambiguous reference: 'CPATH1'
RH499.PRG(652) Warning C1003  Ambiguous reference: 'CPATH3'
RH499.PRG(655) Warning C1003  Ambiguous reference: 'CPATH3'
RH499.PRG(657) Warning C1003  Ambiguous reference: 'CPATH2'
RH499.PRG(674) Warning C1003  Ambiguous reference: 'CDATASYS'
RH499.PRG(674) Warning C1003  Ambiguous reference: 'CDATASYS'
RH499.PRG(674) Warning C1003  Ambiguous reference: 'CDATASYS'
RH499.PRG(674) Warning C1003  Ambiguous reference: 'CDATASYS'
RH499.PRG(674) Warning C1003  Ambiguous reference: 'CDATASYS'
RH499.PRG(674) Warning C1003  Ambiguous reference: 'CDATASYS'
RH499.PRG(674) Warning C1003  Ambiguous reference: 'CDATASYS'
RH499.PRG(674) Warning C1003  Ambiguous reference: 'CDATASYS'
RH499.PRG(674) Warning C1003  Ambiguous reference: 'CDATASYS'
RH499.PRG(674) Warning C1003  Ambiguous reference: 'CDATASYS'
RH499.PRG(674) Warning C1003  Ambiguous reference: 'CDATASYS'
RH499.PRG(675) Warning C1003  Ambiguous reference: 'CPATH2'
RH499.PRG(694) Warning C1003  Ambiguous reference: 'CDATASYS'
RH499.PRG(694) Warning C1003  Ambiguous reference: 'CDATASYS'
RH499.PRG(694) Warning C1003  Ambiguous reference: 'CDATASYS'
RH499.PRG(694) Warning C1003  Ambiguous reference: 'CDATASYS'
RH499.PRG(694) Warning C1003  Ambiguous reference: 'CDATASYS'
RH499.PRG(694) Warning C1003  Ambiguous reference: 'CDATASYS'
RH499.PRG(694) Warning C1003  Ambiguous reference: 'CDATASYS'
RH499.PRG(694) Warning C1003  Ambiguous reference: 'CDATASYS'
RH499.PRG(694) Warning C1003  Ambiguous reference: 'CDATASYS'
RH499.PRG(694) Warning C1003  Ambiguous reference: 'CDATASYS'
RH499.PRG(695) Warning C1003  Ambiguous reference: 'CPATH2'
RH499.PRG(713) Warning C1003  Ambiguous reference: 'CDATASYS'
RH499.PRG(713) Warning C1003  Ambiguous reference: 'CDATASYS'
RH499.PRG(713) Warning C1003  Ambiguous reference: 'CDATASYS'
RH499.PRG(713) Warning C1003  Ambiguous reference: 'CDATASYS'
RH499.PRG(713) Warning C1003  Ambiguous reference: 'CDATASYS'
RH499.PRG(713) Warning C1003  Ambiguous reference: 'CDATASYS'
RH499.PRG(713) Warning C1003  Ambiguous reference: 'CDATASYS'
RH499.PRG(713) Warning C1003  Ambiguous reference: 'CDATASYS'
RH499.PRG(713) Warning C1003  Ambiguous reference: 'CDATASYS'
RH499.PRG(714) Warning C1003  Ambiguous reference: 'CPATH2'
RH499.PRG(731) Warning C1003  Ambiguous reference: 'CDATASYS'
RH499.PRG(731) Warning C1003  Ambiguous reference: 'CDATASYS'
RH499.PRG(731) Warning C1003  Ambiguous reference: 'CDATASYS'
RH499.PRG(731) Warning C1003  Ambiguous reference: 'CDATASYS'
RH499.PRG(731) Warning C1003  Ambiguous reference: 'CDATASYS'
RH499.PRG(731) Warning C1003  Ambiguous reference: 'CDATASYS'
RH499.PRG(731) Warning C1003  Ambiguous reference: 'CDATASYS'
RH499.PRG(731) Warning C1003  Ambiguous reference: 'CDATASYS'
RH499.PRG(732) Warning C1003  Ambiguous reference: 'CPATH2'
RH499.PRG(748) Warning C1003  Ambiguous reference: 'CDATASYS'
RH499.PRG(748) Warning C1003  Ambiguous reference: 'CDATASYS'
RH499.PRG(748) Warning C1003  Ambiguous reference: 'CDATASYS'
RH499.PRG(748) Warning C1003  Ambiguous reference: 'CDATASYS'
RH499.PRG(748) Warning C1003  Ambiguous reference: 'CDATASYS'
RH499.PRG(748) Warning C1003  Ambiguous reference: 'CDATASYS'
RH499.PRG(748) Warning C1003  Ambiguous reference: 'CDATASYS'
RH499.PRG(749) Warning C1003  Ambiguous reference: 'CPATH2'
RH499.PRG(764) Warning C1003  Ambiguous reference: 'CDATASYS'
RH499.PRG(764) Warning C1003  Ambiguous reference: 'CDATASYS'
RH499.PRG(764) Warning C1003  Ambiguous reference: 'CDATASYS'
RH499.PRG(764) Warning C1003  Ambiguous reference: 'CDATASYS'
RH499.PRG(764) Warning C1003  Ambiguous reference: 'CDATASYS'
RH499.PRG(764) Warning C1003  Ambiguous reference: 'CDATASYS'
RH499.PRG(765) Warning C1003  Ambiguous reference: 'CPATH2'
RH499.PRG(779) Warning C1003  Ambiguous reference: 'CDATASYS'
RH499.PRG(779) Warning C1003  Ambiguous reference: 'CDATASYS'
RH499.PRG(779) Warning C1003  Ambiguous reference: 'CDATASYS'
RH499.PRG(779) Warning C1003  Ambiguous reference: 'CDATASYS'
RH499.PRG(779) Warning C1003  Ambiguous reference: 'CDATASYS'
RH499.PRG(780) Warning C1003  Ambiguous reference: 'CPATH2'
RH499.PRG(793) Warning C1003  Ambiguous reference: 'CDATASYS'
RH499.PRG(793) Warning C1003  Ambiguous reference: 'CDATASYS'
RH499.PRG(793) Warning C1003  Ambiguous reference: 'CDATASYS'
RH499.PRG(793) Warning C1003  Ambiguous reference: 'CDATASYS'
RH499.PRG(794) Warning C1003  Ambiguous reference: 'CPATH2'
RH499.PRG(806) Warning C1003  Ambiguous reference: 'CDATASYS'
RH499.PRG(806) Warning C1003  Ambiguous reference: 'CDATASYS'
RH499.PRG(806) Warning C1003  Ambiguous reference: 'CDATASYS'
RH499.PRG(807) Warning C1003  Ambiguous reference: 'CPATH2'
RH499.PRG(818) Warning C1003  Ambiguous reference: 'CDATASYS'
RH499.PRG(818) Warning C1003  Ambiguous reference: 'CDATASYS'
RH499.PRG(819) Warning C1003  Ambiguous reference: 'CPATH2'
RH499.PRG(829) Warning C1003  Ambiguous reference: 'CDATASYS'
RH499.PRG(830) Warning C1003  Ambiguous reference: 'CPATH2'
RH499.PRG(840) Warning C1003  Ambiguous reference: 'CPATH2'
RH499.PRG(859) Warning C1003  Ambiguous reference: 'CDATASYS'
RH499.PRG(859) Warning C1003  Ambiguous reference: 'CDATASYS'
RH499.PRG(859) Warning C1003  Ambiguous reference: 'CDATASYS'
RH499.PRG(859) Warning C1003  Ambiguous reference: 'CDATASYS'
RH499.PRG(859) Warning C1003  Ambiguous reference: 'CDATASYS'
RH499.PRG(859) Warning C1003  Ambiguous reference: 'CDATASYS'
RH499.PRG(859) Warning C1003  Ambiguous reference: 'CDATASYS'
RH499.PRG(859) Warning C1003  Ambiguous reference: 'CDATASYS'
RH499.PRG(859) Warning C1003  Ambiguous reference: 'CDATASYS'
RH499.PRG(859) Warning C1003  Ambiguous reference: 'CDATASYS'
RH499.PRG(859) Warning C1003  Ambiguous reference: 'CDATASYS'
RH499.PRG(860) Warning C1003  Ambiguous reference: 'CPATH2'
RH499.PRG(879) Warning C1003  Ambiguous reference: 'CDATASYS'
RH499.PRG(879) Warning C1003  Ambiguous reference: 'CDATASYS'
RH499.PRG(879) Warning C1003  Ambiguous reference: 'CDATASYS'
RH499.PRG(879) Warning C1003  Ambiguous reference: 'CDATASYS'
RH499.PRG(879) Warning C1003  Ambiguous reference: 'CDATASYS'
RH499.PRG(879) Warning C1003  Ambiguous reference: 'CDATASYS'
RH499.PRG(879) Warning C1003  Ambiguous reference: 'CDATASYS'
RH499.PRG(879) Warning C1003  Ambiguous reference: 'CDATASYS'
RH499.PRG(879) Warning C1003  Ambiguous reference: 'CDATASYS'
RH499.PRG(879) Warning C1003  Ambiguous reference: 'CDATASYS'
RH499.PRG(880) Warning C1003  Ambiguous reference: 'CPATH2'
RH499.PRG(896) Warning C1003  Ambiguous reference: 'CPATH1'
RH499.PRG(896) Warning C1003  Ambiguous reference: 'CPATH3'
RH499.PRG(901) Warning C1003  Ambiguous reference: 'CPATH3'
RH499.PRG(903) Warning C1003  Ambiguous reference: 'CPATH3'
RH499.PRG(903) Warning C1003  Ambiguous reference: 'MATRICULA'
RH499.PRG(904) Warning C1003  Ambiguous reference: 'CPATH2'
RH499.PRG(910) Warning C1003  Ambiguous reference: 'CPATH1'
RH499.PRG(910) Warning C1003  Ambiguous reference: 'CPATH3'
RH499.PRG(913) Warning C1003  Ambiguous reference: 'CPATH3'
RH499.PRG(915) Warning C1003  Ambiguous reference: 'CPATH2'
RH499.PRG(954) Warning C1003  Ambiguous reference: 'CDATASYS'
RH499.PRG(954) Warning C1003  Ambiguous reference: 'CDATASYS'
RH499.PRG(954) Warning C1003  Ambiguous reference: 'CDATASYS'
RH499.PRG(954) Warning C1003  Ambiguous reference: 'CDATASYS'
RH499.PRG(954) Warning C1003  Ambiguous reference: 'CDATASYS'
RH499.PRG(954) Warning C1003  Ambiguous reference: 'CDATASYS'
RH499.PRG(954) Warning C1003  Ambiguous reference: 'CDATASYS'
RH499.PRG(954) Warning C1003  Ambiguous reference: 'CDATASYS'
RH499.PRG(954) Warning C1003  Ambiguous reference: 'CDATASYS'
RH499.PRG(954) Warning C1003  Ambiguous reference: 'CDATASYS'
RH499.PRG(954) Warning C1003  Ambiguous reference: 'CDATASYS'
RH499.PRG(955) Warning C1003  Ambiguous reference: 'CPATH2'
RH499.PRG(1022)    Warning C1003  Ambiguous reference: 'CDATASYS'
RH499.PRG(1022)    Warning C1003  Ambiguous reference: 'CDATASYS'
RH499.PRG(1022)    Warning C1003  Ambiguous reference: 'CDATASYS'
RH499.PRG(1022)    Warning C1003  Ambiguous reference: 'CDATASYS'
RH499.PRG(1022)    Warning C1003  Ambiguous reference: 'CDATASYS'
RH499.PRG(1022)    Warning C1003  Ambiguous reference: 'CDATASYS'
RH499.PRG(1022)    Warning C1003  Ambiguous reference: 'CDATASYS'
RH499.PRG(1022)    Warning C1003  Ambiguous reference: 'CDATASYS'
RH499.PRG(1022)    Warning C1003  Ambiguous reference: 'CDATASYS'
RH499.PRG(1022)    Warning C1003  Ambiguous reference: 'CDATASYS'
RH499.PRG(1023)    Warning C1003  Ambiguous reference: 'CPATH2'
RH499.PRG(1088)    Warning C1003  Ambiguous reference: 'CDATASYS'
RH499.PRG(1088)    Warning C1003  Ambiguous reference: 'CDATASYS'
RH499.PRG(1088)    Warning C1003  Ambiguous reference: 'CDATASYS'
RH499.PRG(1088)    Warning C1003  Ambiguous reference: 'CDATASYS'
RH499.PRG(1088)    Warning C1003  Ambiguous reference: 'CDATASYS'
RH499.PRG(1088)    Warning C1003  Ambiguous reference: 'CDATASYS'
RH499.PRG(1088)    Warning C1003  Ambiguous reference: 'CDATASYS'
RH499.PRG(1088)    Warning C1003  Ambiguous reference: 'CDATASYS'
RH499.PRG(1088)    Warning C1003  Ambiguous reference: 'CDATASYS'
RH499.PRG(1089)    Warning C1003  Ambiguous reference: 'CPATH2'
RH499.PRG(1153)    Warning C1003  Ambiguous reference: 'CDATASYS'
RH499.PRG(1153)    Warning C1003  Ambiguous reference: 'CDATASYS'
RH499.PRG(1153)    Warning C1003  Ambiguous reference: 'CDATASYS'
RH499.PRG(1153)    Warning C1003  Ambiguous reference: 'CDATASYS'
RH499.PRG(1153)    Warning C1003  Ambiguous reference: 'CDATASYS'
RH499.PRG(1153)    Warning C1003  Ambiguous reference: 'CDATASYS'
RH499.PRG(1153)    Warning C1003  Ambiguous reference: 'CDATASYS'
RH499.PRG(1153)    Warning C1003  Ambiguous reference: 'CDATASYS'
RH499.PRG(1154)    Warning C1003  Ambiguous reference: 'CPATH2'
RH499.PRG(1217)    Warning C1003  Ambiguous reference: 'CDATASYS'
RH499.PRG(1217)    Warning C1003  Ambiguous reference: 'CDATASYS'
RH499.PRG(1217)    Warning C1003  Ambiguous reference: 'CDATASYS'
RH499.PRG(1217)    Warning C1003  Ambiguous reference: 'CDATASYS'
RH499.PRG(1217)    Warning C1003  Ambiguous reference: 'CDATASYS'
RH499.PRG(1217)    Warning C1003  Ambiguous reference: 'CDATASYS'
RH499.PRG(1217)    Warning C1003  Ambiguous reference: 'CDATASYS'
RH499.PRG(1218)    Warning C1003  Ambiguous reference: 'CPATH2'
RH499.PRG(1280)    Warning C1003  Ambiguous reference: 'CDATASYS'
RH499.PRG(1280)    Warning C1003  Ambiguous reference: 'CDATASYS'
RH499.PRG(1280)    Warning C1003  Ambiguous reference: 'CDATASYS'
RH499.PRG(1280)    Warning C1003  Ambiguous reference: 'CDATASYS'
RH499.PRG(1280)    Warning C1003  Ambiguous reference: 'CDATASYS'
RH499.PRG(1280)    Warning C1003  Ambiguous reference: 'CDATASYS'
RH499.PRG(1281)    Warning C1003  Ambiguous reference: 'CPATH2'
RH499.PRG(1342)    Warning C1003  Ambiguous reference: 'CDATASYS'
RH499.PRG(1342)    Warning C1003  Ambiguous reference: 'CDATASYS'
RH499.PRG(1342)    Warning C1003  Ambiguous reference: 'CDATASYS'
RH499.PRG(1342)    Warning C1003  Ambiguous reference: 'CDATASYS'
RH499.PRG(1342)    Warning C1003  Ambiguous reference: 'CDATASYS'
RH499.PRG(1343)    Warning C1003  Ambiguous reference: 'CPATH2'
RH499.PRG(1403)    Warning C1003  Ambiguous reference: 'CDATASYS'
RH499.PRG(1403)    Warning C1003  Ambiguous reference: 'CDATASYS'
RH499.PRG(1403)    Warning C1003  Ambiguous reference: 'CDATASYS'
RH499.PRG(1403)    Warning C1003  Ambiguous reference: 'CDATASYS'
RH499.PRG(1404)    Warning C1003  Ambiguous reference: 'CPATH2'
RH499.PRG(1463)    Warning C1003  Ambiguous reference: 'CDATASYS'
RH499.PRG(1463)    Warning C1003  Ambiguous reference: 'CDATASYS'
RH499.PRG(1463)    Warning C1003  Ambiguous reference: 'CDATASYS'
RH499.PRG(1464)    Warning C1003  Ambiguous reference: 'CPATH2'
RH499.PRG(1522)    Warning C1003  Ambiguous reference: 'CDATASYS'
RH499.PRG(1522)    Warning C1003  Ambiguous reference: 'CDATASYS'
RH499.PRG(1523)    Warning C1003  Ambiguous reference: 'CPATH2'
RH499.PRG(1580)    Warning C1003  Ambiguous reference: 'CDATASYS'
RH499.PRG(1581)    Warning C1003  Ambiguous reference: 'CPATH2'
RH499.PRG(1638)    Warning C1003  Ambiguous reference: 'CPATH2'
RH499.PRG(1704)    Warning C1003  Ambiguous reference: 'CDATASYS'
RH499.PRG(1704)    Warning C1003  Ambiguous reference: 'CDATASYS'
RH499.PRG(1704)    Warning C1003  Ambiguous reference: 'CDATASYS'
RH499.PRG(1704)    Warning C1003  Ambiguous reference: 'CDATASYS'
RH499.PRG(1704)    Warning C1003  Ambiguous reference: 'CDATASYS'
RH499.PRG(1704)    Warning C1003  Ambiguous reference: 'CDATASYS'
RH499.PRG(1704)    Warning C1003  Ambiguous reference: 'CDATASYS'
RH499.PRG(1704)    Warning C1003  Ambiguous reference: 'CDATASYS'
RH499.PRG(1704)    Warning C1003  Ambiguous reference: 'CDATASYS'
RH499.PRG(1704)    Warning C1003  Ambiguous reference: 'CDATASYS'
RH499.PRG(1704)    Warning C1003  Ambiguous reference: 'CDATASYS'
RH499.PRG(1705)    Warning C1003  Ambiguous reference: 'CPATH2'
RH499.PRG(1771)    Warning C1003  Ambiguous reference: 'CDATASYS'
RH499.PRG(1771)    Warning C1003  Ambiguous reference: 'CDATASYS'
RH499.PRG(1771)    Warning C1003  Ambiguous reference: 'CDATASYS'
RH499.PRG(1771)    Warning C1003  Ambiguous reference: 'CDATASYS'
RH499.PRG(1771)    Warning C1003  Ambiguous reference: 'CDATASYS'
RH499.PRG(1771)    Warning C1003  Ambiguous reference: 'CDATASYS'
RH499.PRG(1771)    Warning C1003  Ambiguous reference: 'CDATASYS'
RH499.PRG(1771)    Warning C1003  Ambiguous reference: 'CDATASYS'
RH499.PRG(1771)    Warning C1003  Ambiguous reference: 'CDATASYS'
RH499.PRG(1771)    Warning C1003  Ambiguous reference: 'CDATASYS'
RH499.PRG(1772)    Warning C1003  Ambiguous reference: 'CPATH2'
499 warnings                
Code size 21693, Symbols 720, Constants 3843
