312K available
Compiling RH496.PRG
RH496.PRG(13)  Warning C1004  Ambiguous reference, assuming memvar: 'ZCOLOR'
RH496.PRG(15)  Warning C1004  Ambiguous reference, assuming memvar: 'CPK'
RH496.PRG(16)  Warning C1003  Ambiguous reference: 'CPK'
RH496.PRG(16)  Warning C1004  Ambiguous reference, assuming memvar: 'ALINHA'
RH496.PRG(20)  Warning C1003  Ambiguous reference: 'ALINHA'
RH496.PRG(20)  Warning C1004  Ambiguous reference, assuming memvar: 'AMAT'
RH496.PRG(21)  Warning C1003  Ambiguous reference: 'ALINHA'
RH496.PRG(21)  Warning C1004  Ambiguous reference, assuming memvar: 'AANO'
RH496.PRG(22)  Warning C1003  Ambiguous reference: 'ALINHA'
RH496.PRG(22)  Warning C1004  Ambiguous reference, assuming memvar: 'AMES'
RH496.PRG(23)  Warning C1003  Ambiguous reference: 'ALINHA'
RH496.PRG(23)  Warning C1004  Ambiguous reference, assuming memvar: 'ADIA'
RH496.PRG(24)  Warning C1003  Ambiguous reference: 'ALINHA'
RH496.PRG(24)  Warning C1004  Ambiguous reference, assuming memvar: 'AHORA'
RH496.PRG(25)  Warning C1003  Ambiguous reference: 'ALINHA'
RH496.PRG(25)  Warning C1004  Ambiguous reference, assuming memvar: 'AMINU'
RH496.PRG(26)  Warning C1003  Ambiguous reference: 'ALINHA'
RH496.PRG(26)  Warning C1004  Ambiguous reference, assuming memvar: 'AHORASAI'
RH496.PRG(27)  Warning C1003  Ambiguous reference: 'ALINHA'
RH496.PRG(27)  Warning C1004  Ambiguous reference, assuming memvar: 'AMINUSAI'
RH496.PRG(32)  Warning C1003  Ambiguous reference: 'ALINHA'
RH496.PRG(33)  Warning C1004  Ambiguous reference, assuming memvar: 'NCONT'
RH496.PRG(33)  Warning C1004  Ambiguous reference, assuming memvar: 'NCONT'
RH496.PRG(33)  Warning C1004  Ambiguous reference, assuming memvar: 'NCONT'
RH496.PRG(33)  Warning C1003  Ambiguous reference: 'NCONT'
RH496.PRG(33)  Warning C1003  Ambiguous reference: 'ALINHA'
RH496.PRG(34)  Warning C1003  Ambiguous reference: 'NCONT'
RH496.PRG(35)  Warning C1003  Ambiguous reference: 'CPK'
RH496.PRG(35)  Warning C1003  Ambiguous reference: 'NCONT'
RH496.PRG(35)  Warning C1004  Ambiguous reference, assuming memvar: 'ALINHA'
RH496.PRG(35)  Warning C1003  Ambiguous reference: 'NCONT'
RH496.PRG(38)  Warning C1004  Ambiguous reference, assuming memvar: 'ALINHA'
RH496.PRG(38)  Warning C1004  Ambiguous reference, assuming memvar: 'ALINHA'
RH496.PRG(38)  Warning C1004  Ambiguous reference, assuming memvar: 'ALINHA'
RH496.PRG(38)  Warning C1004  Ambiguous reference, assuming memvar: 'DPERI'
RH496.PRG(44)  Warning C1003  Ambiguous reference: 'DPERI'
RH496.PRG(45)  Warning C1003  Ambiguous reference: 'ALINHA'
RH496.PRG(49)  Warning C1004  Ambiguous reference, assuming memvar: 'NCONT'
RH496.PRG(49)  Warning C1004  Ambiguous reference, assuming memvar: 'NCONT'
RH496.PRG(49)  Warning C1004  Ambiguous reference, assuming memvar: 'NCONT'
RH496.PRG(49)  Warning C1003  Ambiguous reference: 'NCONT'
RH496.PRG(49)  Warning C1003  Ambiguous reference: 'ALINHA'
RH496.PRG(50)  Warning C1003  Ambiguous reference: 'NCONT'
RH496.PRG(51)  Warning C1004  Ambiguous reference, assuming memvar: 'ALINHA'
RH496.PRG(51)  Warning C1003  Ambiguous reference: 'NCONT'
RH496.PRG(51)  Warning C1004  Ambiguous reference, assuming memvar: 'AMAT'
RH496.PRG(51)  Warning C1003  Ambiguous reference: 'NCONT'
RH496.PRG(52)  Warning C1004  Ambiguous reference, assuming memvar: 'ALINHA'
RH496.PRG(52)  Warning C1003  Ambiguous reference: 'NCONT'
RH496.PRG(52)  Warning C1004  Ambiguous reference, assuming memvar: 'AANO'
RH496.PRG(52)  Warning C1003  Ambiguous reference: 'NCONT'
RH496.PRG(53)  Warning C1004  Ambiguous reference, assuming memvar: 'ALINHA'
RH496.PRG(53)  Warning C1003  Ambiguous reference: 'NCONT'
RH496.PRG(53)  Warning C1004  Ambiguous reference, assuming memvar: 'AMES'
RH496.PRG(53)  Warning C1003  Ambiguous reference: 'NCONT'
RH496.PRG(54)  Warning C1004  Ambiguous reference, assuming memvar: 'ALINHA'
RH496.PRG(54)  Warning C1003  Ambiguous reference: 'NCONT'
RH496.PRG(54)  Warning C1004  Ambiguous reference, assuming memvar: 'ADIA'
RH496.PRG(54)  Warning C1003  Ambiguous reference: 'NCONT'
RH496.PRG(55)  Warning C1004  Ambiguous reference, assuming memvar: 'ALINHA'
RH496.PRG(55)  Warning C1003  Ambiguous reference: 'NCONT'
RH496.PRG(55)  Warning C1004  Ambiguous reference, assuming memvar: 'AHORA'
RH496.PRG(55)  Warning C1003  Ambiguous reference: 'NCONT'
RH496.PRG(56)  Warning C1004  Ambiguous reference, assuming memvar: 'ALINHA'
RH496.PRG(56)  Warning C1003  Ambiguous reference: 'NCONT'
RH496.PRG(56)  Warning C1004  Ambiguous reference, assuming memvar: 'AMINU'
RH496.PRG(56)  Warning C1003  Ambiguous reference: 'NCONT'
RH496.PRG(65)  Warning C1003  Ambiguous reference: 'ALINHA'
RH496.PRG(66)  Warning C1004  Ambiguous reference, assuming memvar: 'NCONT'
RH496.PRG(66)  Warning C1004  Ambiguous reference, assuming memvar: 'NCONT'
RH496.PRG(66)  Warning C1004  Ambiguous reference, assuming memvar: 'NCONT'
RH496.PRG(66)  Warning C1003  Ambiguous reference: 'NCONT'
RH496.PRG(66)  Warning C1003  Ambiguous reference: 'ALINHA'
RH496.PRG(67)  Warning C1003  Ambiguous reference: 'NCONT'
RH496.PRG(68)  Warning C1004  Ambiguous reference, assuming memvar: 'AMAT'
RH496.PRG(68)  Warning C1003  Ambiguous reference: 'NCONT'
RH496.PRG(68)  Warning C1004  Ambiguous reference, assuming memvar: 'AANO'
RH496.PRG(68)  Warning C1003  Ambiguous reference: 'NCONT'
RH496.PRG(70)  Warning C1004  Ambiguous reference, assuming memvar: 'AMAT'
RH496.PRG(70)  Warning C1003  Ambiguous reference: 'NCONT'
RH496.PRG(71)  Warning C1004  Ambiguous reference, assuming memvar: 'AANO'
RH496.PRG(71)  Warning C1003  Ambiguous reference: 'NCONT'
RH496.PRG(71)  Warning C1004  Ambiguous reference, assuming memvar: 'AMES'
RH496.PRG(71)  Warning C1003  Ambiguous reference: 'NCONT'
RH496.PRG(71)  Warning C1004  Ambiguous reference, assuming memvar: 'ADIA'
RH496.PRG(71)  Warning C1003  Ambiguous reference: 'NCONT'
RH496.PRG(72)  Warning C1004  Ambiguous reference, assuming memvar: 'AHORA'
RH496.PRG(72)  Warning C1003  Ambiguous reference: 'NCONT'
RH496.PRG(72)  Warning C1004  Ambiguous reference, assuming memvar: 'AMINU'
RH496.PRG(72)  Warning C1003  Ambiguous reference: 'NCONT'
RH496.PRG(83)  Warning C1003  Ambiguous reference: 'ALINHA'
RH496.PRG(85)  Warning C1003  Ambiguous reference: 'NCONT'
RH496.PRG(101) Warning C1003  Ambiguous reference: 'DATA'
RH496.PRG(101) Warning C1003  Ambiguous reference: 'DATA'
RH496.PRG(101) Warning C1003  Ambiguous reference: 'DATA'
RH496.PRG(101) Warning C1004  Ambiguous reference, assuming memvar: 'DPERF'
RH496.PRG(103) Warning C1003  Ambiguous reference: 'DPERF'
RH496.PRG(108) Warning C1003  Ambiguous reference: 'XDRV_RH'
RH496.PRG(115) Warning C1003  Ambiguous reference: 'ZCOLOR'
99 warnings                
Code size 1401, Symbols 624, Constants 327
