312K available
Compiling RH506.PRG
RH506.PRG(14)  Warning C1003  Ambiguous reference: 'XNIVEL'
RH506.PRG(14)  Warning C1003  Ambiguous reference: 'XFLAG'
RH506.PRG(22)  Warning C1004  Ambiguous reference, assuming memvar: 'NMES'
RH506.PRG(23)  Warning C1004  Ambiguous reference, assuming memvar: 'AEDICAO'
RH506.PRG(27)  Warning C1003  Ambiguous reference: 'AEDICAO'
RH506.PRG(27)  Warning C1003  Ambiguous reference: 'CMATRI'
RH506.PRG(28)  Warning C1003  Ambiguous reference: 'AEDICAO'
RH506.PRG(29)  Warning C1003  Ambiguous reference: 'AEDICAO'
RH506.PRG(29)  Warning C1003  Ambiguous reference: 'CPERI'
RH506.PRG(30)  Warning C1003  Ambiguous reference: 'AEDICAO'
RH506.PRG(30)  Warning C1003  Ambiguous reference: 'CPERF'
RH506.PRG(31)  Warning C1003  Ambiguous reference: 'AEDICAO'
RH506.PRG(31)  Warning C1003  Ambiguous reference: 'CEVENT'
RH506.PRG(32)  Warning C1003  Ambiguous reference: 'AEDICAO'
RH506.PRG(37)  Warning C1004  Ambiguous reference, assuming memvar: 'XNIVEL'
RH506.PRG(38)  Warning C1004  Ambiguous reference, assuming memvar: 'XFLAG'
RH506.PRG(39)  Warning C1004  Ambiguous reference, assuming memvar: 'CEVENT'
RH506.PRG(40)  Warning C1004  Ambiguous reference, assuming memvar: 'CMATRI'
RH506.PRG(41)  Warning C1004  Ambiguous reference, assuming memvar: 'CPERF'
RH506.PRG(41)  Warning C1004  Ambiguous reference, assuming memvar: 'CPERI'
RH506.PRG(45)  Warning C1003  Ambiguous reference: 'XNIVEL'
RH506.PRG(45)  Warning C1003  Ambiguous reference: 'XNIVEL'
RH506.PRG(45)  Warning C1003  Ambiguous reference: 'AEDICAO'
RH506.PRG(46)  Warning C1004  Ambiguous reference, assuming memvar: 'AEDICAO'
RH506.PRG(46)  Warning C1003  Ambiguous reference: 'XNIVEL'
RH506.PRG(48)  Warning C1004  Ambiguous reference, assuming memvar: 'AEDICAO'
RH506.PRG(48)  Warning C1003  Ambiguous reference: 'XNIVEL'
RH506.PRG(49)  Warning C1003  Ambiguous reference: 'XFLAG'
RH506.PRG(49)  Warning C1004  Ambiguous reference, assuming memvar: 'XNIVEL'
RH506.PRG(49)  Warning C1004  Ambiguous reference, assuming memvar: 'XNIVEL'
RH506.PRG(49)  Warning C1004  Ambiguous reference, assuming memvar: 'XNIVEL'
RH506.PRG(49)  Warning C1004  Ambiguous reference, assuming memvar: 'XNIVEL'
RH506.PRG(64)  Warning C1003  Ambiguous reference: 'CEVENT'
RH506.PRG(65)  Warning C1003  Ambiguous reference: 'CEVENT'
RH506.PRG(69)  Warning C1003  Ambiguous reference: 'XNIVEL'
RH506.PRG(74)  Warning C1003  Ambiguous reference: 'CMATRI'
RH506.PRG(75)  Warning C1003  Ambiguous reference: 'XNIVEL'
RH506.PRG(77)  Warning C1003  Ambiguous reference: 'CMATRI'
RH506.PRG(77)  Warning C1004  Ambiguous reference, assuming memvar: 'CMATRI'
RH506.PRG(81)  Warning C1003  Ambiguous reference: 'XNIVEL'
RH506.PRG(99)  Warning C1003  Ambiguous reference: 'CPERI'
RH506.PRG(99)  Warning C1003  Ambiguous reference: 'CPERI'
RH506.PRG(99)  Warning C1004  Ambiguous reference, assuming memvar: 'CANOMES'
RH506.PRG(101) Warning C1003  Ambiguous reference: 'CMATRI'
RH506.PRG(104) Warning C1003  Ambiguous reference: 'CANOMES'
RH506.PRG(104) Warning C1003  Ambiguous reference: 'CEVENT'
RH506.PRG(108) Warning C1004  Ambiguous reference, assuming memvar: 'CCOND'
RH506.PRG(112) Warning C1003  Ambiguous reference: 'CMATRI'
RH506.PRG(112) Warning C1003  Ambiguous reference: 'CANOMES'
RH506.PRG(112) Warning C1003  Ambiguous reference: 'CEVENT'
RH506.PRG(116) Warning C1004  Ambiguous reference, assuming memvar: 'CCOND'
RH506.PRG(128) Warning C1001  RETURN statement with no value in function
RH506.PRG(132) Warning C1004  Ambiguous reference, assuming memvar: 'NCONT'
RH506.PRG(133) Warning C1004  Ambiguous reference, assuming memvar: 'NFRACAO'
RH506.PRG(135) Warning C1003  Ambiguous reference: 'CPERI'
RH506.PRG(135) Warning C1003  Ambiguous reference: 'CPERI'
RH506.PRG(135) Warning C1004  Ambiguous reference, assuming memvar: 'CDAT1'
RH506.PRG(136) Warning C1003  Ambiguous reference: 'CPERF'
RH506.PRG(136) Warning C1003  Ambiguous reference: 'CPERF'
RH506.PRG(136) Warning C1004  Ambiguous reference, assuming memvar: 'CDAT2'
RH506.PRG(137) Warning C1003  Ambiguous reference: 'CDAT1'
RH506.PRG(137) Warning C1003  Ambiguous reference: 'CDAT2'
RH506.PRG(138) Warning C1003  Ambiguous reference: 'CDAT2'
RH506.PRG(138) Warning C1003  Ambiguous reference: 'CDAT1'
RH506.PRG(138) Warning C1004  Ambiguous reference, assuming memvar: 'CVEZES'
RH506.PRG(140) Warning C1004  Ambiguous reference, assuming memvar: 'CVEZES'
RH506.PRG(143) Warning C1004  Ambiguous reference, assuming memvar: 'NCONTA'
RH506.PRG(143) Warning C1004  Ambiguous reference, assuming memvar: 'NCONTA'
RH506.PRG(143) Warning C1004  Ambiguous reference, assuming memvar: 'NCONTA'
RH506.PRG(143) Warning C1003  Ambiguous reference: 'NCONTA'
RH506.PRG(143) Warning C1003  Ambiguous reference: 'CVEZES'
RH506.PRG(145) Warning C1003  Ambiguous reference: 'CMATRI'
RH506.PRG(146) Warning C1003  Ambiguous reference: 'CANOMES'
RH506.PRG(146) Warning C1003  Ambiguous reference: 'CEVENT'
RH506.PRG(148) Warning C1003  Ambiguous reference: 'CMATRI'
RH506.PRG(148) Warning C1003  Ambiguous reference: 'CANOMES'
RH506.PRG(148) Warning C1003  Ambiguous reference: 'CEVENT'
RH506.PRG(151) Warning C1004  Ambiguous reference, assuming memvar: 'CCOND'
RH506.PRG(158) Warning C1004  Ambiguous reference, assuming memvar: 'NFRACAO'
RH506.PRG(158) Warning C1004  Ambiguous reference, assuming memvar: 'NFRACAO'
RH506.PRG(159) Warning C1004  Ambiguous reference, assuming memvar: 'NCONT'
RH506.PRG(159) Warning C1004  Ambiguous reference, assuming memvar: 'NCONT'
RH506.PRG(166) Warning C1003  Ambiguous reference: 'NMES'
RH506.PRG(167) Warning C1003  Ambiguous reference: 'CPERF'
RH506.PRG(167) Warning C1003  Ambiguous reference: 'CPERF'
RH506.PRG(167) Warning C1004  Ambiguous reference, assuming memvar: 'CANOMES'
RH506.PRG(169) Warning C1003  Ambiguous reference: 'CPERI'
RH506.PRG(169) Warning C1004  Ambiguous reference, assuming memvar: 'NMES'
RH506.PRG(170) Warning C1003  Ambiguous reference: 'NMES'
RH506.PRG(170) Warning C1003  Ambiguous reference: 'CPERI'
RH506.PRG(170) Warning C1004  Ambiguous reference, assuming memvar: 'CANOMES'
RH506.PRG(175) Warning C1001  RETURN statement with no value in function
RH506.PRG(177) Warning C1003  Ambiguous reference: 'XPAGINA'
RH506.PRG(182) Warning C1003  Ambiguous reference: 'CMATRI'
RH506.PRG(183) Warning C1003  Ambiguous reference: 'CEVENT'
RH506.PRG(184) Warning C1003  Ambiguous reference: 'CPERI'
RH506.PRG(184) Warning C1003  Ambiguous reference: 'CPERI'
RH506.PRG(184) Warning C1003  Ambiguous reference: 'CPERF'
RH506.PRG(184) Warning C1003  Ambiguous reference: 'CPERF'
RH506.PRG(185) Warning C1003  Ambiguous reference: 'NFRACAO'
RH506.PRG(185) Warning C1003  Ambiguous reference: 'NCONT'
RH506.PRG(185) Warning C1003  Ambiguous reference: 'NFRACAO'
RH506.PRG(185) Warning C1003  Ambiguous reference: 'NCONT'
RH506.PRG(190) Warning C1001  RETURN statement with no value in function
104 warnings                
Code size 1805, Symbols 832, Constants 771
