238K available
Compiling RH503.PRG
RH503.PRG(16)  Warning C1003  Ambiguous reference: 'XNIVEL'
RH503.PRG(16)  Warning C1003  Ambiguous reference: 'XFLAG'
RH503.PRG(24)  Warning C1004  Ambiguous reference, assuming memvar: 'NVAL13'
RH503.PRG(25)  Warning C1004  Ambiguous reference, assuming memvar: 'NVALIN'
RH503.PRG(26)  Warning C1004  Ambiguous reference, assuming memvar: 'NVALFG'
RH503.PRG(28)  Warning C1004  Ambiguous reference, assuming memvar: 'NREF13'
RH503.PRG(29)  Warning C1004  Ambiguous reference, assuming memvar: 'NREFIN'
RH503.PRG(30)  Warning C1004  Ambiguous reference, assuming memvar: 'NREFFG'
RH503.PRG(32)  Warning C1004  Ambiguous reference, assuming memvar: 'NTOT_C_13'
RH503.PRG(33)  Warning C1004  Ambiguous reference, assuming memvar: 'NTOT_C_IN'
RH503.PRG(34)  Warning C1004  Ambiguous reference, assuming memvar: 'NTOT_C_FG'
RH503.PRG(36)  Warning C1004  Ambiguous reference, assuming memvar: 'NTOT_G_13'
RH503.PRG(37)  Warning C1004  Ambiguous reference, assuming memvar: 'NTOT_G_IN'
RH503.PRG(38)  Warning C1004  Ambiguous reference, assuming memvar: 'NTOT_G_FG'
RH503.PRG(40)  Warning C1004  Ambiguous reference, assuming memvar: 'AEDICAO'
RH503.PRG(41)  Warning C1004  Ambiguous reference, assuming memvar: 'SBLOCO2'
RH503.PRG(42)  Warning C1004  Ambiguous reference, assuming memvar: 'SBLOCO3'
RH503.PRG(47)  Warning C1003  Ambiguous reference: 'AEDICAO'
RH503.PRG(47)  Warning C1003  Ambiguous reference: 'CCUSTO'
RH503.PRG(48)  Warning C1003  Ambiguous reference: 'AEDICAO'
RH503.PRG(49)  Warning C1003  Ambiguous reference: 'AEDICAO'
RH503.PRG(49)  Warning C1003  Ambiguous reference: 'CTIPO'
RH503.PRG(49)  Warning C1003  Ambiguous reference: 'SBLOCO2'
RH503.PRG(50)  Warning C1003  Ambiguous reference: 'AEDICAO'
RH503.PRG(50)  Warning C1003  Ambiguous reference: 'CORDEM'
RH503.PRG(50)  Warning C1003  Ambiguous reference: 'SBLOCO3'
RH503.PRG(53)  Warning C1004  Ambiguous reference, assuming memvar: 'LIMP_CUSTO'
RH503.PRG(56)  Warning C1004  Ambiguous reference, assuming memvar: 'XNIVEL'
RH503.PRG(57)  Warning C1004  Ambiguous reference, assuming memvar: 'XFLAG'
RH503.PRG(58)  Warning C1004  Ambiguous reference, assuming memvar: 'CCUSTO'
RH503.PRG(59)  Warning C1004  Ambiguous reference, assuming memvar: 'CTIPO'
RH503.PRG(60)  Warning C1004  Ambiguous reference, assuming memvar: 'CORDEM'
RH503.PRG(62)  Warning C1004  Ambiguous reference, assuming memvar: 'NVAL13'
RH503.PRG(63)  Warning C1004  Ambiguous reference, assuming memvar: 'NVALIN'
RH503.PRG(64)  Warning C1004  Ambiguous reference, assuming memvar: 'NVALFG'
RH503.PRG(66)  Warning C1004  Ambiguous reference, assuming memvar: 'NREF13'
RH503.PRG(67)  Warning C1004  Ambiguous reference, assuming memvar: 'NREFIN'
RH503.PRG(68)  Warning C1004  Ambiguous reference, assuming memvar: 'NREFFG'
RH503.PRG(70)  Warning C1004  Ambiguous reference, assuming memvar: 'NTOT_C_13'
RH503.PRG(71)  Warning C1004  Ambiguous reference, assuming memvar: 'NTOT_C_IN'
RH503.PRG(72)  Warning C1004  Ambiguous reference, assuming memvar: 'NTOT_C_FG'
RH503.PRG(74)  Warning C1004  Ambiguous reference, assuming memvar: 'NTOT_G_13'
RH503.PRG(75)  Warning C1004  Ambiguous reference, assuming memvar: 'NTOT_G_IN'
RH503.PRG(76)  Warning C1004  Ambiguous reference, assuming memvar: 'NTOT_G_FG'
RH503.PRG(80)  Warning C1003  Ambiguous reference: 'XNIVEL'
RH503.PRG(80)  Warning C1003  Ambiguous reference: 'XNIVEL'
RH503.PRG(80)  Warning C1003  Ambiguous reference: 'AEDICAO'
RH503.PRG(81)  Warning C1004  Ambiguous reference, assuming memvar: 'AEDICAO'
RH503.PRG(81)  Warning C1003  Ambiguous reference: 'XNIVEL'
RH503.PRG(83)  Warning C1004  Ambiguous reference, assuming memvar: 'AEDICAO'
RH503.PRG(83)  Warning C1003  Ambiguous reference: 'XNIVEL'
RH503.PRG(84)  Warning C1003  Ambiguous reference: 'XFLAG'
RH503.PRG(84)  Warning C1004  Ambiguous reference, assuming memvar: 'XNIVEL'
RH503.PRG(84)  Warning C1004  Ambiguous reference, assuming memvar: 'XNIVEL'
RH503.PRG(84)  Warning C1004  Ambiguous reference, assuming memvar: 'XNIVEL'
RH503.PRG(84)  Warning C1004  Ambiguous reference, assuming memvar: 'XNIVEL'
RH503.PRG(98)  Warning C1003  Ambiguous reference: 'CCUSTO'
RH503.PRG(99)  Warning C1003  Ambiguous reference: 'XNIVEL'
RH503.PRG(101) Warning C1003  Ambiguous reference: 'CCUSTO'
RH503.PRG(102) Warning C1003  Ambiguous reference: 'XNIVEL'
RH503.PRG(102) Warning C1003  Ambiguous reference: 'CCUSTO'
RH503.PRG(103) Warning C1003  Ambiguous reference: 'CCUSTO'
RH503.PRG(103) Warning C1004  Ambiguous reference, assuming memvar: 'CCUSTO'
RH503.PRG(104) Warning C1003  Ambiguous reference: 'CCUSTO'
RH503.PRG(108) Warning C1003  Ambiguous reference: 'XNIVEL'
RH503.PRG(112) Warning C1003  Ambiguous reference: 'CTIPO'
RH503.PRG(113) Warning C1003  Ambiguous reference: 'XNIVEL'
RH503.PRG(113) Warning C1003  Ambiguous reference: 'CTIPO'
RH503.PRG(116) Warning C1003  Ambiguous reference: 'CORDEM'
RH503.PRG(117) Warning C1003  Ambiguous reference: 'XNIVEL'
RH503.PRG(117) Warning C1003  Ambiguous reference: 'CORDEM'
RH503.PRG(130) Warning C1003  Ambiguous reference: 'XDATASYS'
RH503.PRG(130) Warning C1003  Ambiguous reference: 'XDATASYS'
RH503.PRG(130) Warning C1004  Ambiguous reference, assuming memvar: 'CTITULO'
RH503.PRG(136) Warning C1003  Ambiguous reference: 'ANOMES'
RH503.PRG(136) Warning C1003  Ambiguous reference: 'XANOMES'
RH503.PRG(140) Warning C1003  Ambiguous reference: 'CORDEM'
RH503.PRG(157) Warning C1001  RETURN statement with no value in function
RH503.PRG(169) Warning C1003  Ambiguous reference: 'CCUSTO'
RH503.PRG(169) Warning C1003  Ambiguous reference: 'CCUSTO'
RH503.PRG(174) Warning C1003  Ambiguous reference: 'XDATASYS'
RH503.PRG(186) Warning C1003  Ambiguous reference: 'XANOMES'
RH503.PRG(187) Warning C1004  Ambiguous reference, assuming memvar: 'NVAL13'
RH503.PRG(188) Warning C1004  Ambiguous reference, assuming memvar: 'NREF13'
RH503.PRG(190) Warning C1003  Ambiguous reference: 'XANOMES'
RH503.PRG(191) Warning C1004  Ambiguous reference, assuming memvar: 'NVALIN'
RH503.PRG(192) Warning C1004  Ambiguous reference, assuming memvar: 'NREFIN'
RH503.PRG(194) Warning C1003  Ambiguous reference: 'XANOMES'
RH503.PRG(195) Warning C1004  Ambiguous reference, assuming memvar: 'NVALFG'
RH503.PRG(196) Warning C1004  Ambiguous reference, assuming memvar: 'NREFFG'
RH503.PRG(203) Warning C1003  Ambiguous reference: 'XPAGINA'
RH503.PRG(204) Warning C1003  Ambiguous reference: 'XCOND0'
RH503.PRG(204) Warning C1003  Ambiguous reference: 'XAENFAT'
RH503.PRG(206) Warning C1003  Ambiguous reference: 'CTITULO'
RH503.PRG(207) Warning C1003  Ambiguous reference: 'CTIPO'
RH503.PRG(213) Warning C1003  Ambiguous reference: 'XDENFAT'
RH503.PRG(217) Warning C1003  Ambiguous reference: 'CCUSTO'
RH503.PRG(217) Warning C1003  Ambiguous reference: 'CCUSTO'
RH503.PRG(220) Warning C1003  Ambiguous reference: 'CCUSTO'
RH503.PRG(220) Warning C1003  Ambiguous reference: 'LIMP_CUSTO'
RH503.PRG(223) Warning C1003  Ambiguous reference: 'XCOND0'
RH503.PRG(226) Warning C1004  Ambiguous reference, assuming memvar: 'LIMP_CUSTO'
RH503.PRG(230) Warning C1004  Ambiguous reference, assuming memvar: 'CTMP_CUSTO'
RH503.PRG(232) Warning C1003  Ambiguous reference: 'CTIPO'
RH503.PRG(233) Warning C1003  Ambiguous reference: 'XCOND1'
RH503.PRG(235) Warning C1003  Ambiguous reference: 'NVAL13'
RH503.PRG(236) Warning C1003  Ambiguous reference: 'NREF13'
RH503.PRG(237) Warning C1003  Ambiguous reference: 'NVALIN'
RH503.PRG(238) Warning C1003  Ambiguous reference: 'NREFIN'
RH503.PRG(239) Warning C1003  Ambiguous reference: 'NVALFG'
RH503.PRG(240) Warning C1003  Ambiguous reference: 'NREFFG'
RH503.PRG(243) Warning C1004  Ambiguous reference, assuming memvar: 'NTOT_C_13'
RH503.PRG(243) Warning C1003  Ambiguous reference: 'NVAL13'
RH503.PRG(243) Warning C1004  Ambiguous reference, assuming memvar: 'NTOT_C_13'
RH503.PRG(244) Warning C1004  Ambiguous reference, assuming memvar: 'NTOT_C_IN'
RH503.PRG(244) Warning C1003  Ambiguous reference: 'NVALIN'
RH503.PRG(244) Warning C1004  Ambiguous reference, assuming memvar: 'NTOT_C_IN'
RH503.PRG(245) Warning C1004  Ambiguous reference, assuming memvar: 'NTOT_C_FG'
RH503.PRG(245) Warning C1003  Ambiguous reference: 'NVALFG'
RH503.PRG(245) Warning C1004  Ambiguous reference, assuming memvar: 'NTOT_C_FG'
RH503.PRG(247) Warning C1004  Ambiguous reference, assuming memvar: 'NTOT_G_13'
RH503.PRG(247) Warning C1003  Ambiguous reference: 'NVAL13'
RH503.PRG(247) Warning C1004  Ambiguous reference, assuming memvar: 'NTOT_G_13'
RH503.PRG(248) Warning C1004  Ambiguous reference, assuming memvar: 'NTOT_G_IN'
RH503.PRG(248) Warning C1003  Ambiguous reference: 'NVALIN'
RH503.PRG(248) Warning C1004  Ambiguous reference, assuming memvar: 'NTOT_G_IN'
RH503.PRG(249) Warning C1004  Ambiguous reference, assuming memvar: 'NTOT_G_FG'
RH503.PRG(249) Warning C1003  Ambiguous reference: 'NVALFG'
RH503.PRG(249) Warning C1004  Ambiguous reference, assuming memvar: 'NTOT_G_FG'
RH503.PRG(251) Warning C1004  Ambiguous reference, assuming memvar: 'NVAL13'
RH503.PRG(252) Warning C1004  Ambiguous reference, assuming memvar: 'NVALIN'
RH503.PRG(253) Warning C1004  Ambiguous reference, assuming memvar: 'NVALFG'
RH503.PRG(255) Warning C1004  Ambiguous reference, assuming memvar: 'NREF13'
RH503.PRG(256) Warning C1004  Ambiguous reference, assuming memvar: 'NREFIN'
RH503.PRG(257) Warning C1004  Ambiguous reference, assuming memvar: 'NREFFG'
RH503.PRG(264) Warning C1003  Ambiguous reference: 'CTMP_CUSTO'
RH503.PRG(264) Warning C1003  Ambiguous reference: 'NTOT_C_13'
RH503.PRG(266) Warning C1003  Ambiguous reference: 'CTIPO'
RH503.PRG(267) Warning C1003  Ambiguous reference: 'XCOND0'
RH503.PRG(269) Warning C1003  Ambiguous reference: 'NTOT_C_13'
RH503.PRG(270) Warning C1003  Ambiguous reference: 'NTOT_C_IN'
RH503.PRG(271) Warning C1003  Ambiguous reference: 'NTOT_C_FG'
RH503.PRG(273) Warning C1003  Ambiguous reference: 'NTOT_C_13'
RH503.PRG(274) Warning C1003  Ambiguous reference: 'NTOT_C_IN'
RH503.PRG(275) Warning C1003  Ambiguous reference: 'NTOT_C_FG'
RH503.PRG(278) Warning C1004  Ambiguous reference, assuming memvar: 'NTOT_C_13'
RH503.PRG(279) Warning C1004  Ambiguous reference, assuming memvar: 'NTOT_C_IN'
RH503.PRG(280) Warning C1004  Ambiguous reference, assuming memvar: 'NTOT_C_FG'
RH503.PRG(282) Warning C1004  Ambiguous reference, assuming memvar: 'LIMP_CUSTO'
RH503.PRG(290) Warning C1003  Ambiguous reference: 'NTOT_G_13'
RH503.PRG(291) Warning C1003  Ambiguous reference: 'NTOT_G_IN'
RH503.PRG(292) Warning C1003  Ambiguous reference: 'NTOT_G_FG'
RH503.PRG(296) Warning C1001  RETURN statement with no value in function
153 warnings                
Code size 2677, Symbols 1200, Constants 795
