312K available
Compiling RH502.PRG
RH502.PRG(17)  Warning C1003  Ambiguous reference: 'XNIVEL'
RH502.PRG(17)  Warning C1003  Ambiguous reference: 'XFLAG'
RH502.PRG(17)  Warning C1003  Ambiguous reference: 'CRESCSN'
RH502.PRG(19)  Warning C1004  Ambiguous reference, assuming memvar: 'SBLOCO1'
RH502.PRG(20)  Warning C1004  Ambiguous reference, assuming memvar: 'SBLOCO2'
RH502.PRG(21)  Warning C1004  Ambiguous reference, assuming memvar: 'SBLOCO3'
RH502.PRG(22)  Warning C1004  Ambiguous reference, assuming memvar: 'SBLOCO4'
RH502.PRG(23)  Warning C1004  Ambiguous reference, assuming memvar: 'SBLOCO5'
RH502.PRG(24)  Warning C1004  Ambiguous reference, assuming memvar: 'SBLOCO6'
RH502.PRG(25)  Warning C1004  Ambiguous reference, assuming memvar: 'SBLOCO7'
RH502.PRG(27)  Warning C1004  Ambiguous reference, assuming memvar: 'NDESCGRPS'
RH502.PRG(32)  Warning C1004  Ambiguous reference, assuming memvar: 'CORDEM'
RH502.PRG(33)  Warning C1004  Ambiguous reference, assuming memvar: 'CQUEBRA'
RH502.PRG(34)  Warning C1004  Ambiguous reference, assuming memvar: 'CANALSINT'
RH502.PRG(39)  Warning C1004  Ambiguous reference, assuming memvar: 'CDADOSCAD'
RH502.PRG(40)  Warning C1004  Ambiguous reference, assuming memvar: 'CDADOSFIN'
RH502.PRG(41)  Warning C1004  Ambiguous reference, assuming memvar: 'LAPOS_SUBTOTAL'
RH502.PRG(42)  Warning C1004  Ambiguous reference, assuming memvar: 'LAPOS_CABECALHO'
RH502.PRG(45)  Warning C1004  Ambiguous reference, assuming memvar: 'AEDICAO'
RH502.PRG(46)  Warning C1004  Ambiguous reference, assuming memvar: 'ABENEF'
RH502.PRG(49)  Warning C1004  Ambiguous reference, assuming memvar: 'LPRIM'
RH502.PRG(50)  Warning C1004  Ambiguous reference, assuming memvar: 'X_NOMECUSTO'
RH502.PRG(53)  Warning C1004  Ambiguous reference, assuming memvar: 'AFUN'
RH502.PRG(54)  Warning C1004  Ambiguous reference, assuming memvar: 'ATOT'
RH502.PRG(56)  Warning C1003  Ambiguous reference: 'ANOMES'
RH502.PRG(56)  Warning C1003  Ambiguous reference: 'XANOMES'
RH502.PRG(57)  Warning C1003  Ambiguous reference: 'DATA_ADM'
RH502.PRG(57)  Warning C1003  Ambiguous reference: 'XDATASYS'
RH502.PRG(81)  Warning C1003  Ambiguous reference: 'ABENEF'
RH502.PRG(87)  Warning C1003  Ambiguous reference: 'AEDICAO'
RH502.PRG(87)  Warning C1003  Ambiguous reference: 'CRESCSN'
RH502.PRG(87)  Warning C1003  Ambiguous reference: 'SBLOCO7'
RH502.PRG(88)  Warning C1003  Ambiguous reference: 'AEDICAO'
RH502.PRG(88)  Warning C1003  Ambiguous reference: 'CTIPOREL'
RH502.PRG(88)  Warning C1003  Ambiguous reference: 'SBLOCO2'
RH502.PRG(89)  Warning C1003  Ambiguous reference: 'AEDICAO'
RH502.PRG(89)  Warning C1003  Ambiguous reference: 'CORDEM'
RH502.PRG(89)  Warning C1003  Ambiguous reference: 'SBLOCO3'
RH502.PRG(90)  Warning C1003  Ambiguous reference: 'AEDICAO'
RH502.PRG(90)  Warning C1003  Ambiguous reference: 'CQUEBRA'
RH502.PRG(90)  Warning C1003  Ambiguous reference: 'SBLOCO4'
RH502.PRG(91)  Warning C1003  Ambiguous reference: 'AEDICAO'
RH502.PRG(91)  Warning C1003  Ambiguous reference: 'CANALSINT'
RH502.PRG(91)  Warning C1003  Ambiguous reference: 'SBLOCO5'
RH502.PRG(92)  Warning C1003  Ambiguous reference: 'AEDICAO'
RH502.PRG(92)  Warning C1003  Ambiguous reference: 'CDADOSCAD'
RH502.PRG(92)  Warning C1003  Ambiguous reference: 'SBLOCO6'
RH502.PRG(93)  Warning C1003  Ambiguous reference: 'AEDICAO'
RH502.PRG(93)  Warning C1003  Ambiguous reference: 'CDADOSFIN'
RH502.PRG(93)  Warning C1003  Ambiguous reference: 'SBLOCO6'
RH502.PRG(94)  Warning C1003  Ambiguous reference: 'AEDICAO'
RH502.PRG(94)  Warning C1003  Ambiguous reference: 'CFILIAL'
RH502.PRG(95)  Warning C1003  Ambiguous reference: 'AEDICAO'
RH502.PRG(96)  Warning C1003  Ambiguous reference: 'AEDICAO'
RH502.PRG(96)  Warning C1003  Ambiguous reference: 'CCENTRO'
RH502.PRG(97)  Warning C1003  Ambiguous reference: 'AEDICAO'
RH502.PRG(102) Warning C1004  Ambiguous reference, assuming memvar: 'XNIVEL'
RH502.PRG(103) Warning C1004  Ambiguous reference, assuming memvar: 'XFLAG'
RH502.PRG(104) Warning C1004  Ambiguous reference, assuming memvar: 'LSAIFORA'
RH502.PRG(105) Warning C1004  Ambiguous reference, assuming memvar: 'CCENTRO'
RH502.PRG(106) Warning C1004  Ambiguous reference, assuming memvar: 'CFILIAL'
RH502.PRG(107) Warning C1004  Ambiguous reference, assuming memvar: 'CTIPOREL'
RH502.PRG(108) Warning C1004  Ambiguous reference, assuming memvar: 'CRESCSN'
RH502.PRG(112) Warning C1003  Ambiguous reference: 'XNIVEL'
RH502.PRG(112) Warning C1003  Ambiguous reference: 'XNIVEL'
RH502.PRG(112) Warning C1003  Ambiguous reference: 'AEDICAO'
RH502.PRG(113) Warning C1004  Ambiguous reference, assuming memvar: 'AEDICAO'
RH502.PRG(113) Warning C1003  Ambiguous reference: 'XNIVEL'
RH502.PRG(115) Warning C1004  Ambiguous reference, assuming memvar: 'AEDICAO'
RH502.PRG(115) Warning C1003  Ambiguous reference: 'XNIVEL'
RH502.PRG(116) Warning C1003  Ambiguous reference: 'XFLAG'
RH502.PRG(116) Warning C1004  Ambiguous reference, assuming memvar: 'XNIVEL'
RH502.PRG(116) Warning C1004  Ambiguous reference, assuming memvar: 'XNIVEL'
RH502.PRG(116) Warning C1004  Ambiguous reference, assuming memvar: 'XNIVEL'
RH502.PRG(116) Warning C1004  Ambiguous reference, assuming memvar: 'XNIVEL'
RH502.PRG(129) Warning C1003  Ambiguous reference: 'CRESCSN'
RH502.PRG(130) Warning C1003  Ambiguous reference: 'XNIVEL'
RH502.PRG(130) Warning C1003  Ambiguous reference: 'CRESCSN'
RH502.PRG(132) Warning C1003  Ambiguous reference: 'CTIPOREL'
RH502.PRG(133) Warning C1003  Ambiguous reference: 'XNIVEL'
RH502.PRG(133) Warning C1003  Ambiguous reference: 'CTIPOREL'
RH502.PRG(135) Warning C1003  Ambiguous reference: 'CORDEM'
RH502.PRG(136) Warning C1003  Ambiguous reference: 'XNIVEL'
RH502.PRG(136) Warning C1003  Ambiguous reference: 'CORDEM'
RH502.PRG(138) Warning C1003  Ambiguous reference: 'CQUEBRA'
RH502.PRG(139) Warning C1003  Ambiguous reference: 'XNIVEL'
RH502.PRG(139) Warning C1003  Ambiguous reference: 'CQUEBRA'
RH502.PRG(141) Warning C1003  Ambiguous reference: 'CANALSINT'
RH502.PRG(142) Warning C1003  Ambiguous reference: 'XNIVEL'
RH502.PRG(142) Warning C1003  Ambiguous reference: 'CANALSINT'
RH502.PRG(144) Warning C1003  Ambiguous reference: 'CDADOSCAD'
RH502.PRG(145) Warning C1003  Ambiguous reference: 'XNIVEL'
RH502.PRG(145) Warning C1003  Ambiguous reference: 'CDADOSCAD'
RH502.PRG(147) Warning C1003  Ambiguous reference: 'CDADOSFIN'
RH502.PRG(148) Warning C1003  Ambiguous reference: 'XNIVEL'
RH502.PRG(148) Warning C1003  Ambiguous reference: 'CDADOSFIN'
RH502.PRG(149) Warning C1003  Ambiguous reference: 'CQUEBRA'
RH502.PRG(150) Warning C1004  Ambiguous reference, assuming memvar: 'XNIVEL'
RH502.PRG(150) Warning C1004  Ambiguous reference, assuming memvar: 'XNIVEL'
RH502.PRG(152) Warning C1003  Ambiguous reference: 'CQUEBRA'
RH502.PRG(153) Warning C1004  Ambiguous reference, assuming memvar: 'XNIVEL'
RH502.PRG(153) Warning C1004  Ambiguous reference, assuming memvar: 'XNIVEL'
RH502.PRG(156) Warning C1003  Ambiguous reference: 'XNIVEL'
RH502.PRG(156) Warning C1003  Ambiguous reference: 'CFILIAL'
RH502.PRG(157) Warning C1003  Ambiguous reference: 'CQUEBRA'
RH502.PRG(158) Warning C1004  Ambiguous reference, assuming memvar: 'XNIVEL'
RH502.PRG(158) Warning C1004  Ambiguous reference, assuming memvar: 'XNIVEL'
RH502.PRG(161) Warning C1003  Ambiguous reference: 'CCENTRO'
RH502.PRG(162) Warning C1003  Ambiguous reference: 'CCENTRO'
RH502.PRG(166) Warning C1003  Ambiguous reference: 'CCENTRO'
RH502.PRG(170) Warning C1004  Ambiguous reference, assuming memvar: 'X_NOMECUSTO'
RH502.PRG(173) Warning C1003  Ambiguous reference: 'XNIVEL'
RH502.PRG(173) Warning C1003  Ambiguous reference: 'CCENTRO'
RH502.PRG(182) Warning C1004  Ambiguous reference, assuming memvar: 'ATOT'
RH502.PRG(186) Warning C1003  Ambiguous reference: 'XANOMES'
RH502.PRG(189) Warning C1004  Ambiguous reference, assuming memvar: 'NINSS_TETO'
RH502.PRG(190) Warning C1003  Ambiguous reference: 'XANOMES'
RH502.PRG(194) Warning C1004  Ambiguous reference, assuming memvar: 'NPERC_FGTS'
RH502.PRG(198) Warning C1003  Ambiguous reference: 'CTIPOREL'
RH502.PRG(198) Warning C1004  Ambiguous reference, assuming memvar: 'CTIPOREL'
RH502.PRG(199) Warning C1004  Ambiguous reference, assuming memvar: 'CTITULO'
RH502.PRG(202) Warning C1003  Ambiguous reference: 'CTIPOREL'
RH502.PRG(202) Warning C1004  Ambiguous reference, assuming memvar: 'CTITULO'
RH502.PRG(202) Warning C1004  Ambiguous reference, assuming memvar: 'CTITULO'
RH502.PRG(203) Warning C1003  Ambiguous reference: 'CTIPOREL'
RH502.PRG(203) Warning C1004  Ambiguous reference, assuming memvar: 'CTITULO'
RH502.PRG(203) Warning C1004  Ambiguous reference, assuming memvar: 'CTITULO'
RH502.PRG(204) Warning C1003  Ambiguous reference: 'CTIPOREL'
RH502.PRG(204) Warning C1004  Ambiguous reference, assuming memvar: 'CTITULO'
RH502.PRG(204) Warning C1004  Ambiguous reference, assuming memvar: 'CTITULO'
RH502.PRG(205) Warning C1003  Ambiguous reference: 'CTIPOREL'
RH502.PRG(205) Warning C1004  Ambiguous reference, assuming memvar: 'CTITULO'
RH502.PRG(205) Warning C1004  Ambiguous reference, assuming memvar: 'CTITULO'
RH502.PRG(206) Warning C1003  Ambiguous reference: 'CTIPOREL'
RH502.PRG(206) Warning C1004  Ambiguous reference, assuming memvar: 'CTITULO'
RH502.PRG(206) Warning C1004  Ambiguous reference, assuming memvar: 'CTITULO'
RH502.PRG(209) Warning C1004  Ambiguous reference, assuming memvar: 'CTITULO'
RH502.PRG(209) Warning C1003  Ambiguous reference: 'XDATASYS'
RH502.PRG(209) Warning C1003  Ambiguous reference: 'XDATASYS'
RH502.PRG(209) Warning C1004  Ambiguous reference, assuming memvar: 'CTITULO'
RH502.PRG(213) Warning C1003  Ambiguous reference: 'CTIPOREL'
RH502.PRG(214) Warning C1004  Ambiguous reference, assuming memvar: 'BPROV'
RH502.PRG(215) Warning C1004  Ambiguous reference, assuming memvar: 'BDESC'
RH502.PRG(217) Warning C1003  Ambiguous reference: 'CTIPOREL'
RH502.PRG(217) Warning C1004  Ambiguous reference, assuming memvar: 'BPROV'
RH502.PRG(218) Warning C1003  Ambiguous reference: 'CTIPOREL'
RH502.PRG(218) Warning C1004  Ambiguous reference, assuming memvar: 'BDESC'
RH502.PRG(224) Warning C1003  Ambiguous reference: 'CQUEBRA'
RH502.PRG(224) Warning C1003  Ambiguous reference: 'CORDEM'
RH502.PRG(225) Warning C1003  Ambiguous reference: 'CQUEBRA'
RH502.PRG(225) Warning C1003  Ambiguous reference: 'CORDEM'
RH502.PRG(226) Warning C1003  Ambiguous reference: 'CQUEBRA'
RH502.PRG(226) Warning C1003  Ambiguous reference: 'CORDEM'
RH502.PRG(227) Warning C1003  Ambiguous reference: 'CQUEBRA'
RH502.PRG(227) Warning C1003  Ambiguous reference: 'CORDEM'
RH502.PRG(228) Warning C1003  Ambiguous reference: 'CQUEBRA'
RH502.PRG(228) Warning C1003  Ambiguous reference: 'CORDEM'
RH502.PRG(229) Warning C1003  Ambiguous reference: 'CQUEBRA'
RH502.PRG(229) Warning C1003  Ambiguous reference: 'CORDEM'
RH502.PRG(236) Warning C1003  Ambiguous reference: 'EVENTO'
RH502.PRG(238) Warning C1003  Ambiguous reference: 'CTIPOREL'
RH502.PRG(239) Warning C1003  Ambiguous reference: 'AMBIENTE'
RH502.PRG(242) Warning C1003  Ambiguous reference: 'MATRICULA'
RH502.PRG(242) Warning C1003  Ambiguous reference: 'XANOMES'
RH502.PRG(243) Warning C1003  Ambiguous reference: 'CENTRO'
RH502.PRG(244) Warning C1003  Ambiguous reference: 'CCUSTO'
RH502.PRG(245) Warning C1003  Ambiguous reference: 'FILIAL'
RH502.PRG(246) Warning C1003  Ambiguous reference: 'DEPTO'
RH502.PRG(247) Warning C1003  Ambiguous reference: 'AF_COD'
RH502.PRG(248) Warning C1003  Ambiguous reference: 'CARGO'
RH502.PRG(249) Warning C1003  Ambiguous reference: 'CBO'
RH502.PRG(251) Warning C1003  Ambiguous reference: 'CTIPOREL'
RH502.PRG(252) Warning C1003  Ambiguous reference: 'XANOMES'
RH502.PRG(252) Warning C1003  Ambiguous reference: 'MATRICULA'
RH502.PRG(254) Warning C1003  Ambiguous reference: 'XANOMES'
RH502.PRG(254) Warning C1003  Ambiguous reference: 'MATRICULA'
RH502.PRG(254) Warning C1003  Ambiguous reference: 'CTIPOREL'
RH502.PRG(268) Warning C1001  RETURN statement with no value in function
RH502.PRG(270) Warning C1003  Ambiguous reference: 'XRESET'
RH502.PRG(271) Warning C1003  Ambiguous reference: 'XCOND1'
RH502.PRG(273) Warning C1003  Ambiguous reference: 'CRESCSN'
RH502.PRG(275) Warning C1004  Ambiguous reference, assuming memvar: 'LPRIM'
RH502.PRG(279) Warning C1003  Ambiguous reference: 'CQUEBRA'
RH502.PRG(279) Warning C1003  Ambiguous reference: 'CORDEM'
RH502.PRG(280) Warning C1003  Ambiguous reference: 'CQUEBRA'
RH502.PRG(280) Warning C1003  Ambiguous reference: 'CORDEM'
RH502.PRG(281) Warning C1003  Ambiguous reference: 'CQUEBRA'
RH502.PRG(281) Warning C1003  Ambiguous reference: 'CORDEM'
RH502.PRG(282) Warning C1003  Ambiguous reference: 'CQUEBRA'
RH502.PRG(282) Warning C1003  Ambiguous reference: 'CORDEM'
RH502.PRG(283) Warning C1003  Ambiguous reference: 'CQUEBRA'
RH502.PRG(283) Warning C1003  Ambiguous reference: 'CORDEM'
RH502.PRG(284) Warning C1003  Ambiguous reference: 'CQUEBRA'
RH502.PRG(284) Warning C1003  Ambiguous reference: 'CORDEM'
RH502.PRG(286) Warning C1004  Ambiguous reference, assuming memvar: 'LAPOS_SUBTOTAL'
RH502.PRG(287) Warning C1004  Ambiguous reference, assuming memvar: 'LPRIM'
RH502.PRG(288) Warning C1004  Ambiguous reference, assuming memvar: 'LAPOS_CABECALHO'
RH502.PRG(289) Warning C1004  Ambiguous reference, assuming memvar: 'XPAGINA'
RH502.PRG(290) Warning C1004  Ambiguous reference, assuming memvar: 'AFUN'
RH502.PRG(291) Warning C1004  Ambiguous reference, assuming memvar: 'ATOT'
RH502.PRG(292) Warning C1004  Ambiguous reference, assuming memvar: 'AEVENTOS'
RH502.PRG(295) Warning C1003  Ambiguous reference: 'SITUACAO'
RH502.PRG(296) Warning C1003  Ambiguous reference: 'XDATASYS'
RH502.PRG(296) Warning C1003  Ambiguous reference: 'XDATASYS'
RH502.PRG(296) Warning C1004  Ambiguous reference, assuming memvar: 'CTITULO'
RH502.PRG(307) Warning C1001  RETURN statement with no value in function
RH502.PRG(317) Warning C1003  Ambiguous reference: 'XDATASYS'
RH502.PRG(326) Warning C1003  Ambiguous reference: 'CRESCSN'
RH502.PRG(327) Warning C1003  Ambiguous reference: 'LPRIM'
RH502.PRG(346) Warning C1003  Ambiguous reference: 'XDATASYS'
RH502.PRG(357) Warning C1003  Ambiguous reference: 'CCENTRO'
RH502.PRG(359) Warning C1003  Ambiguous reference: 'CCENTRO'
RH502.PRG(365) Warning C1003  Ambiguous reference: 'CFILIAL'
RH502.PRG(366) Warning C1003  Ambiguous reference: 'CFILIAL'
RH502.PRG(373) Warning C1003  Ambiguous reference: 'CQUEBRA'
RH502.PRG(374) Warning C1003  Ambiguous reference: 'CQUEBRA'
RH502.PRG(376) Warning C1003  Ambiguous reference: 'CQUEBRA'
RH502.PRG(379) Warning C1001  RETURN statement with no value in function
RH502.PRG(381) Warning C1003  Ambiguous reference: 'XPAGINA'
RH502.PRG(381) Warning C1003  Ambiguous reference: 'LAPOS_SUBTOTAL'
RH502.PRG(382) Warning C1004  Ambiguous reference, assuming memvar: 'LAPOS_SUBTOTAL'
RH502.PRG(384) Warning C1004  Ambiguous reference, assuming memvar: 'LAPOS_CABECALHO'
RH502.PRG(393) Warning C1003  Ambiguous reference: 'LSAIFORA'
RH502.PRG(394) Warning C1001  RETURN statement with no value in function
RH502.PRG(409) Warning C1001  RETURN statement with no value in function
RH502.PRG(418) Warning C1003  Ambiguous reference: 'XRAZAO'
RH502.PRG(418) Warning C1003  Ambiguous reference: 'CQUEBRA'
RH502.PRG(418) Warning C1003  Ambiguous reference: 'CCENTRO'
RH502.PRG(418) Warning C1003  Ambiguous reference: 'X_NOMECUSTO'
RH502.PRG(419) Warning C1003  Ambiguous reference: 'XPAGINA'
RH502.PRG(420) Warning C1003  Ambiguous reference: 'CTITULO'
RH502.PRG(440) Warning C1003  Ambiguous reference: 'CCENTRO'
RH502.PRG(440) Warning C1003  Ambiguous reference: 'CCENTRO'
RH502.PRG(440) Warning C1001  RETURN statement with no value in function
RH502.PRG(441) Warning C1003  Ambiguous reference: 'CFILIAL'
RH502.PRG(441) Warning C1003  Ambiguous reference: 'CFILIAL'
RH502.PRG(441) Warning C1001  RETURN statement with no value in function
RH502.PRG(446) Warning C1003  Ambiguous reference: 'CQUEBRA'
RH502.PRG(457) Warning C1004  Ambiguous reference, assuming memvar: 'AFUN'
RH502.PRG(457) Warning C1001  RETURN statement with no value in function
RH502.PRG(459) Warning C1003  Ambiguous reference: 'LAPOS_CABECALHO'
RH502.PRG(459) Warning C1003  Ambiguous reference: 'CANALSINT'
RH502.PRG(459) Warning C1003  Ambiguous reference: 'CQUEBRA'
RH502.PRG(461) Warning C1003  Ambiguous reference: 'CQUEBRA'
RH502.PRG(462) Warning C1003  Ambiguous reference: 'CQUEBRA'
RH502.PRG(464) Warning C1003  Ambiguous reference: 'CANALSINT'
RH502.PRG(468) Warning C1004  Ambiguous reference, assuming memvar: 'LAPOS_CABECALHO'
RH502.PRG(471) Warning C1003  Ambiguous reference: 'CANALSINT'
RH502.PRG(477) Warning C1001  RETURN statement with no value in function
RH502.PRG(484) Warning C1004  Ambiguous reference, assuming memvar: 'AFUN'
RH502.PRG(486) Warning C1004  Ambiguous reference, assuming memvar: 'NDESCGRPS'
RH502.PRG(488) Warning C1003  Ambiguous reference: 'XANOMES'
RH502.PRG(488) Warning C1003  Ambiguous reference: 'CTIPOREL'
RH502.PRG(488) Warning C1003  Ambiguous reference: 'CTIPOREL'
RH502.PRG(491) Warning C1004  Ambiguous reference, assuming memvar: 'AFUN'
RH502.PRG(496) Warning C1004  Ambiguous reference, assuming memvar: 'NDESCGRPS'
RH502.PRG(496) Warning C1004  Ambiguous reference, assuming memvar: 'NDESCGRPS'
RH502.PRG(504) Warning C1003  Ambiguous reference: 'CTIPOREL'
RH502.PRG(522) Warning C1003  Ambiguous reference: 'BPROV'
RH502.PRG(522) Warning C1003  Ambiguous reference: 'BDESC'
RH502.PRG(522) Warning C1003  Ambiguous reference: 'NDESCGRPS'
RH502.PRG(522) Warning C1004  Ambiguous reference, assuming memvar: 'AFUN'
RH502.PRG(524) Warning C1003  Ambiguous reference: 'CTIPOREL'
RH502.PRG(542) Warning C1003  Ambiguous reference: 'BPROV'
RH502.PRG(542) Warning C1003  Ambiguous reference: 'BDESC'
RH502.PRG(542) Warning C1004  Ambiguous reference, assuming memvar: 'AFUN'
RH502.PRG(544) Warning C1003  Ambiguous reference: 'CTIPOREL'
RH502.PRG(562) Warning C1003  Ambiguous reference: 'BPROV'
RH502.PRG(562) Warning C1003  Ambiguous reference: 'BDESC'
RH502.PRG(562) Warning C1004  Ambiguous reference, assuming memvar: 'AFUN'
RH502.PRG(564) Warning C1003  Ambiguous reference: 'CTIPOREL'
RH502.PRG(582) Warning C1003  Ambiguous reference: 'BPROV'
RH502.PRG(582) Warning C1003  Ambiguous reference: 'BDESC'
RH502.PRG(582) Warning C1004  Ambiguous reference, assuming memvar: 'AFUN'
RH502.PRG(584) Warning C1003  Ambiguous reference: 'CTIPOREL'
RH502.PRG(602) Warning C1003  Ambiguous reference: 'BPROV'
RH502.PRG(602) Warning C1003  Ambiguous reference: 'BDESC'
RH502.PRG(602) Warning C1003  Ambiguous reference: 'NDESCGRPS'
RH502.PRG(602) Warning C1004  Ambiguous reference, assuming memvar: 'AFUN'
RH502.PRG(607) Warning C1001  RETURN statement with no value in function
RH502.PRG(618) Warning C1003  Ambiguous reference: 'ATOT'
RH502.PRG(619) Warning C1003  Ambiguous reference: 'ATOT'
RH502.PRG(620) Warning C1003  Ambiguous reference: 'ATOT'
RH502.PRG(623) Warning C1004  Ambiguous reference, assuming memvar: 'ATOT'
RH502.PRG(630) Warning C1004  Ambiguous reference, assuming memvar: 'AFUN'
RH502.PRG(631) Warning C1004  Ambiguous reference, assuming memvar: 'AFUN'
RH502.PRG(636) Warning C1004  Ambiguous reference, assuming memvar: 'AFUN'
RH502.PRG(637) Warning C1004  Ambiguous reference, assuming memvar: 'AFUN'
RH502.PRG(638) Warning C1004  Ambiguous reference, assuming memvar: 'AFUN'
RH502.PRG(640) Warning C1004  Ambiguous reference, assuming memvar: 'AFUN'
RH502.PRG(642) Warning C1004  Ambiguous reference, assuming memvar: 'AFUN'
RH502.PRG(650) Warning C1004  Ambiguous reference, assuming memvar: 'AFUN'
RH502.PRG(658) Warning C1001  RETURN statement with no value in function
RH502.PRG(661) Warning C1003  Ambiguous reference: 'CQUEBRA'
RH502.PRG(673) Warning C1001  RETURN statement with no value in function
RH502.PRG(680) Warning C1003  Ambiguous reference: 'CDADOSCAD'
RH502.PRG(721) Warning C1001  RETURN statement with no value in function
RH502.PRG(727) Warning C1003  Ambiguous reference: 'ABENEF'
RH502.PRG(728) Warning C1004  Ambiguous reference, assuming memvar: 'ABENEF'
RH502.PRG(728) Warning C1003  Ambiguous reference: 'CTIPOREL'
RH502.PRG(729) Warning C1004  Ambiguous reference, assuming memvar: 'ABENEF'
RH502.PRG(739) Warning C1004  Ambiguous reference, assuming memvar: 'AFUN'
RH502.PRG(744) Warning C1004  Ambiguous reference, assuming memvar: 'AFUN'
RH502.PRG(745) Warning C1004  Ambiguous reference, assuming memvar: 'AFUN'
RH502.PRG(746) Warning C1004  Ambiguous reference, assuming memvar: 'AFUN'
RH502.PRG(747) Warning C1004  Ambiguous reference, assuming memvar: 'AFUN'
RH502.PRG(748) Warning C1004  Ambiguous reference, assuming memvar: 'AFUN'
RH502.PRG(749) Warning C1004  Ambiguous reference, assuming memvar: 'AFUN'
RH502.PRG(752) Warning C1004  Ambiguous reference, assuming memvar: 'AFUN'
RH502.PRG(788) Warning C1001  RETURN statement with no value in function
RH502.PRG(796) Warning C1003  Ambiguous reference: 'CDADOSFIN'
RH502.PRG(801) Warning C1003  Ambiguous reference: 'BPROV'
RH502.PRG(807) Warning C1003  Ambiguous reference: 'BDESC'
RH502.PRG(812) Warning C1003  Ambiguous reference: 'BPROV'
RH502.PRG(812) Warning C1003  Ambiguous reference: 'BDESC'
RH502.PRG(812) Warning C1003  Ambiguous reference: 'CTIPOREL'
RH502.PRG(812) Warning C1003  Ambiguous reference: 'CTIPOREL'
RH502.PRG(812) Warning C1003  Ambiguous reference: 'CTIPOREL'
RH502.PRG(814) Warning C1003  Ambiguous reference: 'BPROV'
RH502.PRG(815) Warning C1003  Ambiguous reference: 'BDESC'
RH502.PRG(816) Warning C1003  Ambiguous reference: 'BPROV'
RH502.PRG(816) Warning C1003  Ambiguous reference: 'BDESC'
RH502.PRG(820) Warning C1001  RETURN statement with no value in function
RH502.PRG(832) Warning C1003  Ambiguous reference: 'CQUEBRA'
RH502.PRG(836) Warning C1003  Ambiguous reference: 'CRESCSN'
RH502.PRG(838) Warning C1003  Ambiguous reference: 'CQUEBRA'
RH502.PRG(848) Warning C1003  Ambiguous reference: 'CQUEBRA'
RH502.PRG(859) Warning C1003  Ambiguous reference: 'CQUEBRA'
RH502.PRG(860) Warning C1004  Ambiguous reference, assuming memvar: 'LAPOS_SUBTOTAL'
RH502.PRG(862) Warning C1004  Ambiguous reference, assuming memvar: 'LAPOS_SUBTOTAL'
RH502.PRG(863) Warning C1004  Ambiguous reference, assuming memvar: 'LAPOS_SUBTOTAL'
RH502.PRG(874) Warning C1003  Ambiguous reference: 'LSAIFORA'
RH502.PRG(895) Warning C1003  Ambiguous reference: 'ATOT'
RH502.PRG(897) Warning C1003  Ambiguous reference: 'ATOT'
RH502.PRG(899) Warning C1004  Ambiguous reference, assuming memvar: 'ATOT'
RH502.PRG(900) Warning C1004  Ambiguous reference, assuming memvar: 'ATOT'
RH502.PRG(904) Warning C1003  Ambiguous reference: 'CANALSINT'
RH502.PRG(915) Warning C1003  Ambiguous reference: 'CQUEBRA'
RH502.PRG(925) Warning C1003  Ambiguous reference: 'CQUEBRA'
RH502.PRG(974) Warning C1003  Ambiguous reference: 'CQUEBRA'
RH502.PRG(976) Warning C1003  Ambiguous reference: 'CQUEBRA'
RH502.PRG(979) Warning C1004  Ambiguous reference, assuming memvar: 'LAPOS_CABECALHO'
RH502.PRG(980) Warning C1003  Ambiguous reference: 'CQUEBRA'
RH502.PRG(984) Warning C1003  Ambiguous reference: 'CQUEBRA'
RH502.PRG(995) Warning C1003  Ambiguous reference: 'CCENTRO'
RH502.PRG(996) Warning C1004  Ambiguous reference, assuming memvar: 'LSAIFORA'
RH502.PRG(1009)    Warning C1004  Ambiguous reference, assuming memvar: 'NCONT'
RH502.PRG(1009)    Warning C1004  Ambiguous reference, assuming memvar: 'NCONT'
RH502.PRG(1009)    Warning C1004  Ambiguous reference, assuming memvar: 'NCONT'
RH502.PRG(1009)    Warning C1003  Ambiguous reference: 'NCONT'
RH502.PRG(1010)    Warning C1003  Ambiguous reference: 'NCONT'
RH502.PRG(1010)    Warning C1003  Ambiguous reference: 'NCONT'
RH502.PRG(1011)    Warning C1003  Ambiguous reference: 'NCONT'
RH502.PRG(1011)    Warning C1003  Ambiguous reference: 'NCONT'
RH502.PRG(1011)    Warning C1003  Ambiguous reference: 'NCONT'
RH502.PRG(1012)    Warning C1003  Ambiguous reference: 'NCONT'
RH502.PRG(1012)    Warning C1003  Ambiguous reference: 'NCONT'
RH502.PRG(1012)    Warning C1003  Ambiguous reference: 'NCONT'
RH502.PRG(1013)    Warning C1003  Ambiguous reference: 'NCONT'
RH502.PRG(1013)    Warning C1003  Ambiguous reference: 'NCONT'
RH502.PRG(1013)    Warning C1003  Ambiguous reference: 'NCONT'
RH502.PRG(1014)    Warning C1003  Ambiguous reference: 'NCONT'
RH502.PRG(1014)    Warning C1003  Ambiguous reference: 'NCONT'
RH502.PRG(1014)    Warning C1003  Ambiguous reference: 'NCONT'
RH502.PRG(1016)    Warning C1003  Ambiguous reference: 'NCONT'
RH502.PRG(1020)    Warning C1003  Ambiguous reference: 'INSSMS'
RH502.PRG(1020)    Warning C1003  Ambiguous reference: 'INSSFR'
RH502.PRG(1021)    Warning C1003  Ambiguous reference: 'IRRFMS'
RH502.PRG(1021)    Warning C1003  Ambiguous reference: 'IRRFFR'
RH502.PRG(1022)    Warning C1003  Ambiguous reference: 'FGTSMS'
RH502.PRG(1022)    Warning C1003  Ambiguous reference: 'FGTSFR'
RH502.PRG(1024)    Warning C1003  Ambiguous reference: 'NCONT'
RH502.PRG(1024)    Warning C1003  Ambiguous reference: 'NCONT'
RH502.PRG(1029)    Warning C1004  Ambiguous reference, assuming memvar: 'NCONT'
RH502.PRG(1029)    Warning C1004  Ambiguous reference, assuming memvar: 'NCONT'
RH502.PRG(1029)    Warning C1004  Ambiguous reference, assuming memvar: 'NCONT'
RH502.PRG(1029)    Warning C1003  Ambiguous reference: 'NCONT'
RH502.PRG(1030)    Warning C1003  Ambiguous reference: 'NCONT'
RH502.PRG(1030)    Warning C1003  Ambiguous reference: 'NCONT'
RH502.PRG(1032)    Warning C1004  Ambiguous reference, assuming memvar: 'NCONT'
RH502.PRG(1032)    Warning C1004  Ambiguous reference, assuming memvar: 'NCONT'
RH502.PRG(1032)    Warning C1004  Ambiguous reference, assuming memvar: 'NCONT'
RH502.PRG(1032)    Warning C1003  Ambiguous reference: 'NCONT'
RH502.PRG(1033)    Warning C1003  Ambiguous reference: 'NCONT'
RH502.PRG(1033)    Warning C1003  Ambiguous reference: 'NCONT'
RH502.PRG(1035)    Warning C1004  Ambiguous reference, assuming memvar: 'NCONT'
RH502.PRG(1035)    Warning C1004  Ambiguous reference, assuming memvar: 'NCONT'
RH502.PRG(1035)    Warning C1004  Ambiguous reference, assuming memvar: 'NCONT'
RH502.PRG(1035)    Warning C1003  Ambiguous reference: 'NCONT'
RH502.PRG(1036)    Warning C1003  Ambiguous reference: 'NCONT'
RH502.PRG(1036)    Warning C1003  Ambiguous reference: 'NCONT'
RH502.PRG(1038)    Warning C1004  Ambiguous reference, assuming memvar: 'NCONT'
RH502.PRG(1038)    Warning C1004  Ambiguous reference, assuming memvar: 'NCONT'
RH502.PRG(1038)    Warning C1004  Ambiguous reference, assuming memvar: 'NCONT'
RH502.PRG(1038)    Warning C1003  Ambiguous reference: 'NCONT'
RH502.PRG(1039)    Warning C1003  Ambiguous reference: 'NCONT'
RH502.PRG(1039)    Warning C1003  Ambiguous reference: 'NCONT'
RH502.PRG(1050)    Warning C1004  Ambiguous reference, assuming memvar: 'NCONT'
RH502.PRG(1050)    Warning C1004  Ambiguous reference, assuming memvar: 'NCONT'
RH502.PRG(1050)    Warning C1004  Ambiguous reference, assuming memvar: 'NCONT'
RH502.PRG(1050)    Warning C1003  Ambiguous reference: 'NCONT'
RH502.PRG(1051)    Warning C1003  Ambiguous reference: 'NCONT'
RH502.PRG(1051)    Warning C1003  Ambiguous reference: 'NCONT'
RH502.PRG(1055)    Warning C1001  RETURN statement with no value in function
404 warnings                
Code size 11651, Symbols 2928, Constants 3645
