238K available
Compiling RH501.PRG
RH501.PRG(17)  Warning C1003  Ambiguous reference: 'XNIVEL'
RH501.PRG(17)  Warning C1003  Ambiguous reference: 'XFLAG'
RH501.PRG(17)  Warning C1003  Ambiguous reference: 'CRESCSN'
RH501.PRG(19)  Warning C1004  Ambiguous reference, assuming memvar: 'SBLOCO1'
RH501.PRG(20)  Warning C1004  Ambiguous reference, assuming memvar: 'SBLOCO2'
RH501.PRG(21)  Warning C1004  Ambiguous reference, assuming memvar: 'SBLOCO3'
RH501.PRG(22)  Warning C1004  Ambiguous reference, assuming memvar: 'SBLOCO4'
RH501.PRG(23)  Warning C1004  Ambiguous reference, assuming memvar: 'SBLOCO5'
RH501.PRG(24)  Warning C1004  Ambiguous reference, assuming memvar: 'SBLOCO6'
RH501.PRG(25)  Warning C1004  Ambiguous reference, assuming memvar: 'SBLOCO7'
RH501.PRG(27)  Warning C1004  Ambiguous reference, assuming memvar: 'NDESCGRPS'
RH501.PRG(33)  Warning C1004  Ambiguous reference, assuming memvar: 'CORDEM'
RH501.PRG(34)  Warning C1004  Ambiguous reference, assuming memvar: 'CQUEBRA'
RH501.PRG(35)  Warning C1004  Ambiguous reference, assuming memvar: 'CANALSINT'
RH501.PRG(40)  Warning C1004  Ambiguous reference, assuming memvar: 'CDADOSCAD'
RH501.PRG(41)  Warning C1004  Ambiguous reference, assuming memvar: 'CDADOSFIN'
RH501.PRG(42)  Warning C1004  Ambiguous reference, assuming memvar: 'LAPOS_SUBTOTAL'
RH501.PRG(43)  Warning C1004  Ambiguous reference, assuming memvar: 'LAPOS_CABECALHO'
RH501.PRG(46)  Warning C1004  Ambiguous reference, assuming memvar: 'AEDICAO'
RH501.PRG(47)  Warning C1004  Ambiguous reference, assuming memvar: 'ABENEF'
RH501.PRG(50)  Warning C1004  Ambiguous reference, assuming memvar: 'LPRIM'
RH501.PRG(51)  Warning C1004  Ambiguous reference, assuming memvar: 'X_NOMECUSTO'
RH501.PRG(54)  Warning C1004  Ambiguous reference, assuming memvar: 'AFUN'
RH501.PRG(55)  Warning C1004  Ambiguous reference, assuming memvar: 'ATOT'
RH501.PRG(57)  Warning C1003  Ambiguous reference: 'ANOMES'
RH501.PRG(57)  Warning C1003  Ambiguous reference: 'XANOMES'
RH501.PRG(58)  Warning C1003  Ambiguous reference: 'DATA_ADM'
RH501.PRG(58)  Warning C1003  Ambiguous reference: 'XDATASYS'
RH501.PRG(82)  Warning C1003  Ambiguous reference: 'ABENEF'
RH501.PRG(88)  Warning C1003  Ambiguous reference: 'AEDICAO'
RH501.PRG(88)  Warning C1003  Ambiguous reference: 'CRESCSN'
RH501.PRG(88)  Warning C1003  Ambiguous reference: 'SBLOCO7'
RH501.PRG(89)  Warning C1003  Ambiguous reference: 'AEDICAO'
RH501.PRG(89)  Warning C1003  Ambiguous reference: 'CPRESSN'
RH501.PRG(89)  Warning C1003  Ambiguous reference: 'SBLOCO7'
RH501.PRG(90)  Warning C1003  Ambiguous reference: 'AEDICAO'
RH501.PRG(90)  Warning C1003  Ambiguous reference: 'CTIPOREL'
RH501.PRG(90)  Warning C1003  Ambiguous reference: 'SBLOCO2'
RH501.PRG(91)  Warning C1003  Ambiguous reference: 'AEDICAO'
RH501.PRG(91)  Warning C1003  Ambiguous reference: 'CORDEM'
RH501.PRG(91)  Warning C1003  Ambiguous reference: 'SBLOCO3'
RH501.PRG(92)  Warning C1003  Ambiguous reference: 'AEDICAO'
RH501.PRG(92)  Warning C1003  Ambiguous reference: 'CQUEBRA'
RH501.PRG(92)  Warning C1003  Ambiguous reference: 'SBLOCO4'
RH501.PRG(93)  Warning C1003  Ambiguous reference: 'AEDICAO'
RH501.PRG(93)  Warning C1003  Ambiguous reference: 'CANALSINT'
RH501.PRG(93)  Warning C1003  Ambiguous reference: 'SBLOCO5'
RH501.PRG(94)  Warning C1003  Ambiguous reference: 'AEDICAO'
RH501.PRG(94)  Warning C1003  Ambiguous reference: 'CDADOSCAD'
RH501.PRG(94)  Warning C1003  Ambiguous reference: 'SBLOCO6'
RH501.PRG(95)  Warning C1003  Ambiguous reference: 'AEDICAO'
RH501.PRG(95)  Warning C1003  Ambiguous reference: 'CDADOSFIN'
RH501.PRG(95)  Warning C1003  Ambiguous reference: 'SBLOCO6'
RH501.PRG(96)  Warning C1003  Ambiguous reference: 'AEDICAO'
RH501.PRG(96)  Warning C1003  Ambiguous reference: 'CFILIAL'
RH501.PRG(97)  Warning C1003  Ambiguous reference: 'AEDICAO'
RH501.PRG(98)  Warning C1003  Ambiguous reference: 'AEDICAO'
RH501.PRG(98)  Warning C1003  Ambiguous reference: 'CCENTRO'
RH501.PRG(99)  Warning C1003  Ambiguous reference: 'AEDICAO'
RH501.PRG(104) Warning C1004  Ambiguous reference, assuming memvar: 'XNIVEL'
RH501.PRG(105) Warning C1004  Ambiguous reference, assuming memvar: 'XFLAG'
RH501.PRG(106) Warning C1004  Ambiguous reference, assuming memvar: 'LSAIFORA'
RH501.PRG(107) Warning C1004  Ambiguous reference, assuming memvar: 'CCENTRO'
RH501.PRG(108) Warning C1004  Ambiguous reference, assuming memvar: 'CFILIAL'
RH501.PRG(109) Warning C1004  Ambiguous reference, assuming memvar: 'CTIPOREL'
RH501.PRG(110) Warning C1004  Ambiguous reference, assuming memvar: 'CRESCSN'
RH501.PRG(111) Warning C1004  Ambiguous reference, assuming memvar: 'CPRESSN'
RH501.PRG(115) Warning C1003  Ambiguous reference: 'XNIVEL'
RH501.PRG(115) Warning C1003  Ambiguous reference: 'XNIVEL'
RH501.PRG(115) Warning C1003  Ambiguous reference: 'AEDICAO'
RH501.PRG(116) Warning C1004  Ambiguous reference, assuming memvar: 'AEDICAO'
RH501.PRG(116) Warning C1003  Ambiguous reference: 'XNIVEL'
RH501.PRG(118) Warning C1004  Ambiguous reference, assuming memvar: 'AEDICAO'
RH501.PRG(118) Warning C1003  Ambiguous reference: 'XNIVEL'
RH501.PRG(119) Warning C1003  Ambiguous reference: 'XFLAG'
RH501.PRG(119) Warning C1004  Ambiguous reference, assuming memvar: 'XNIVEL'
RH501.PRG(119) Warning C1004  Ambiguous reference, assuming memvar: 'XNIVEL'
RH501.PRG(119) Warning C1004  Ambiguous reference, assuming memvar: 'XNIVEL'
RH501.PRG(119) Warning C1004  Ambiguous reference, assuming memvar: 'XNIVEL'
RH501.PRG(132) Warning C1003  Ambiguous reference: 'CPRESSN'
RH501.PRG(133) Warning C1003  Ambiguous reference: 'XNIVEL'
RH501.PRG(133) Warning C1003  Ambiguous reference: 'CPRESSN'
RH501.PRG(136) Warning C1003  Ambiguous reference: 'CRESCSN'
RH501.PRG(137) Warning C1003  Ambiguous reference: 'XNIVEL'
RH501.PRG(137) Warning C1003  Ambiguous reference: 'CRESCSN'
RH501.PRG(140) Warning C1003  Ambiguous reference: 'CTIPOREL'
RH501.PRG(141) Warning C1003  Ambiguous reference: 'XNIVEL'
RH501.PRG(141) Warning C1003  Ambiguous reference: 'CTIPOREL'
RH501.PRG(143) Warning C1003  Ambiguous reference: 'CORDEM'
RH501.PRG(144) Warning C1003  Ambiguous reference: 'XNIVEL'
RH501.PRG(144) Warning C1003  Ambiguous reference: 'CORDEM'
RH501.PRG(146) Warning C1003  Ambiguous reference: 'CQUEBRA'
RH501.PRG(147) Warning C1003  Ambiguous reference: 'XNIVEL'
RH501.PRG(147) Warning C1003  Ambiguous reference: 'CQUEBRA'
RH501.PRG(149) Warning C1003  Ambiguous reference: 'CANALSINT'
RH501.PRG(150) Warning C1003  Ambiguous reference: 'XNIVEL'
RH501.PRG(150) Warning C1003  Ambiguous reference: 'CANALSINT'
RH501.PRG(152) Warning C1003  Ambiguous reference: 'CDADOSCAD'
RH501.PRG(153) Warning C1003  Ambiguous reference: 'XNIVEL'
RH501.PRG(153) Warning C1003  Ambiguous reference: 'CDADOSCAD'
RH501.PRG(155) Warning C1003  Ambiguous reference: 'CDADOSFIN'
RH501.PRG(156) Warning C1003  Ambiguous reference: 'XNIVEL'
RH501.PRG(156) Warning C1003  Ambiguous reference: 'CDADOSFIN'
RH501.PRG(157) Warning C1003  Ambiguous reference: 'CQUEBRA'
RH501.PRG(158) Warning C1004  Ambiguous reference, assuming memvar: 'XNIVEL'
RH501.PRG(158) Warning C1004  Ambiguous reference, assuming memvar: 'XNIVEL'
RH501.PRG(160) Warning C1003  Ambiguous reference: 'CQUEBRA'
RH501.PRG(161) Warning C1004  Ambiguous reference, assuming memvar: 'XNIVEL'
RH501.PRG(161) Warning C1004  Ambiguous reference, assuming memvar: 'XNIVEL'
RH501.PRG(164) Warning C1003  Ambiguous reference: 'XNIVEL'
RH501.PRG(164) Warning C1003  Ambiguous reference: 'CFILIAL'
RH501.PRG(165) Warning C1003  Ambiguous reference: 'CQUEBRA'
RH501.PRG(166) Warning C1004  Ambiguous reference, assuming memvar: 'XNIVEL'
RH501.PRG(166) Warning C1004  Ambiguous reference, assuming memvar: 'XNIVEL'
RH501.PRG(169) Warning C1003  Ambiguous reference: 'CCENTRO'
RH501.PRG(170) Warning C1003  Ambiguous reference: 'CCENTRO'
RH501.PRG(174) Warning C1003  Ambiguous reference: 'CCENTRO'
RH501.PRG(178) Warning C1004  Ambiguous reference, assuming memvar: 'X_NOMECUSTO'
RH501.PRG(181) Warning C1003  Ambiguous reference: 'XNIVEL'
RH501.PRG(181) Warning C1003  Ambiguous reference: 'CCENTRO'
RH501.PRG(190) Warning C1004  Ambiguous reference, assuming memvar: 'ATOT'
RH501.PRG(194) Warning C1003  Ambiguous reference: 'XANOMES'
RH501.PRG(197) Warning C1004  Ambiguous reference, assuming memvar: 'NINSS_TETO'
RH501.PRG(198) Warning C1003  Ambiguous reference: 'XANOMES'
RH501.PRG(202) Warning C1004  Ambiguous reference, assuming memvar: 'NPERC_FGTS'
RH501.PRG(206) Warning C1003  Ambiguous reference: 'CTIPOREL'
RH501.PRG(206) Warning C1004  Ambiguous reference, assuming memvar: 'CTIPOREL'
RH501.PRG(207) Warning C1004  Ambiguous reference, assuming memvar: 'CTITULO'
RH501.PRG(210) Warning C1003  Ambiguous reference: 'CTIPOREL'
RH501.PRG(210) Warning C1004  Ambiguous reference, assuming memvar: 'CTITULO'
RH501.PRG(210) Warning C1004  Ambiguous reference, assuming memvar: 'CTITULO'
RH501.PRG(211) Warning C1003  Ambiguous reference: 'CTIPOREL'
RH501.PRG(211) Warning C1004  Ambiguous reference, assuming memvar: 'CTITULO'
RH501.PRG(211) Warning C1004  Ambiguous reference, assuming memvar: 'CTITULO'
RH501.PRG(212) Warning C1003  Ambiguous reference: 'CTIPOREL'
RH501.PRG(212) Warning C1004  Ambiguous reference, assuming memvar: 'CTITULO'
RH501.PRG(212) Warning C1004  Ambiguous reference, assuming memvar: 'CTITULO'
RH501.PRG(213) Warning C1003  Ambiguous reference: 'CTIPOREL'
RH501.PRG(213) Warning C1004  Ambiguous reference, assuming memvar: 'CTITULO'
RH501.PRG(213) Warning C1004  Ambiguous reference, assuming memvar: 'CTITULO'
RH501.PRG(214) Warning C1003  Ambiguous reference: 'CTIPOREL'
RH501.PRG(214) Warning C1004  Ambiguous reference, assuming memvar: 'CTITULO'
RH501.PRG(214) Warning C1004  Ambiguous reference, assuming memvar: 'CTITULO'
RH501.PRG(217) Warning C1004  Ambiguous reference, assuming memvar: 'CTITULO'
RH501.PRG(217) Warning C1003  Ambiguous reference: 'XDATASYS'
RH501.PRG(217) Warning C1003  Ambiguous reference: 'XDATASYS'
RH501.PRG(217) Warning C1004  Ambiguous reference, assuming memvar: 'CTITULO'
RH501.PRG(221) Warning C1003  Ambiguous reference: 'CTIPOREL'
RH501.PRG(222) Warning C1004  Ambiguous reference, assuming memvar: 'BPROV'
RH501.PRG(223) Warning C1004  Ambiguous reference, assuming memvar: 'BDESC'
RH501.PRG(225) Warning C1003  Ambiguous reference: 'CTIPOREL'
RH501.PRG(225) Warning C1004  Ambiguous reference, assuming memvar: 'BPROV'
RH501.PRG(226) Warning C1003  Ambiguous reference: 'CTIPOREL'
RH501.PRG(226) Warning C1004  Ambiguous reference, assuming memvar: 'BDESC'
RH501.PRG(232) Warning C1003  Ambiguous reference: 'CQUEBRA'
RH501.PRG(232) Warning C1003  Ambiguous reference: 'CORDEM'
RH501.PRG(233) Warning C1003  Ambiguous reference: 'CQUEBRA'
RH501.PRG(233) Warning C1003  Ambiguous reference: 'CORDEM'
RH501.PRG(234) Warning C1003  Ambiguous reference: 'CQUEBRA'
RH501.PRG(234) Warning C1003  Ambiguous reference: 'CORDEM'
RH501.PRG(235) Warning C1003  Ambiguous reference: 'CQUEBRA'
RH501.PRG(235) Warning C1003  Ambiguous reference: 'CORDEM'
RH501.PRG(236) Warning C1003  Ambiguous reference: 'CQUEBRA'
RH501.PRG(236) Warning C1003  Ambiguous reference: 'CORDEM'
RH501.PRG(237) Warning C1003  Ambiguous reference: 'CQUEBRA'
RH501.PRG(237) Warning C1003  Ambiguous reference: 'CORDEM'
RH501.PRG(244) Warning C1003  Ambiguous reference: 'EVENTO'
RH501.PRG(246) Warning C1003  Ambiguous reference: 'CTIPOREL'
RH501.PRG(247) Warning C1003  Ambiguous reference: 'AMBIENTE'
RH501.PRG(250) Warning C1003  Ambiguous reference: 'MATRICULA'
RH501.PRG(250) Warning C1003  Ambiguous reference: 'XANOMES'
RH501.PRG(251) Warning C1003  Ambiguous reference: 'CENTRO'
RH501.PRG(252) Warning C1003  Ambiguous reference: 'CCUSTO'
RH501.PRG(253) Warning C1003  Ambiguous reference: 'FILIAL'
RH501.PRG(254) Warning C1003  Ambiguous reference: 'DEPTO'
RH501.PRG(255) Warning C1003  Ambiguous reference: 'AF_COD'
RH501.PRG(256) Warning C1003  Ambiguous reference: 'CARGO'
RH501.PRG(257) Warning C1003  Ambiguous reference: 'CBO'
RH501.PRG(259) Warning C1003  Ambiguous reference: 'CTIPOREL'
RH501.PRG(260) Warning C1003  Ambiguous reference: 'XANOMES'
RH501.PRG(260) Warning C1003  Ambiguous reference: 'MATRICULA'
RH501.PRG(262) Warning C1003  Ambiguous reference: 'XANOMES'
RH501.PRG(262) Warning C1003  Ambiguous reference: 'MATRICULA'
RH501.PRG(262) Warning C1003  Ambiguous reference: 'CTIPOREL'
RH501.PRG(276) Warning C1001  RETURN statement with no value in function
RH501.PRG(278) Warning C1003  Ambiguous reference: 'XRESET'
RH501.PRG(279) Warning C1003  Ambiguous reference: 'XCOND1'
RH501.PRG(281) Warning C1003  Ambiguous reference: 'CRESCSN'
RH501.PRG(283) Warning C1004  Ambiguous reference, assuming memvar: 'LPRIM'
RH501.PRG(287) Warning C1003  Ambiguous reference: 'CQUEBRA'
RH501.PRG(287) Warning C1003  Ambiguous reference: 'CORDEM'
RH501.PRG(288) Warning C1003  Ambiguous reference: 'CQUEBRA'
RH501.PRG(288) Warning C1003  Ambiguous reference: 'CORDEM'
RH501.PRG(289) Warning C1003  Ambiguous reference: 'CQUEBRA'
RH501.PRG(289) Warning C1003  Ambiguous reference: 'CORDEM'
RH501.PRG(290) Warning C1003  Ambiguous reference: 'CQUEBRA'
RH501.PRG(290) Warning C1003  Ambiguous reference: 'CORDEM'
RH501.PRG(291) Warning C1003  Ambiguous reference: 'CQUEBRA'
RH501.PRG(291) Warning C1003  Ambiguous reference: 'CORDEM'
RH501.PRG(292) Warning C1003  Ambiguous reference: 'CQUEBRA'
RH501.PRG(292) Warning C1003  Ambiguous reference: 'CORDEM'
RH501.PRG(294) Warning C1004  Ambiguous reference, assuming memvar: 'LAPOS_SUBTOTAL'
RH501.PRG(295) Warning C1004  Ambiguous reference, assuming memvar: 'LPRIM'
RH501.PRG(296) Warning C1004  Ambiguous reference, assuming memvar: 'LAPOS_CABECALHO'
RH501.PRG(297) Warning C1004  Ambiguous reference, assuming memvar: 'XPAGINA'
RH501.PRG(298) Warning C1004  Ambiguous reference, assuming memvar: 'AFUN'
RH501.PRG(299) Warning C1004  Ambiguous reference, assuming memvar: 'ATOT'
RH501.PRG(300) Warning C1004  Ambiguous reference, assuming memvar: 'AEVENTOS'
RH501.PRG(303) Warning C1003  Ambiguous reference: 'SITUACAO'
RH501.PRG(304) Warning C1003  Ambiguous reference: 'XDATASYS'
RH501.PRG(304) Warning C1003  Ambiguous reference: 'XDATASYS'
RH501.PRG(304) Warning C1004  Ambiguous reference, assuming memvar: 'CTITULO'
RH501.PRG(315) Warning C1001  RETURN statement with no value in function
RH501.PRG(325) Warning C1003  Ambiguous reference: 'XDATASYS'
RH501.PRG(334) Warning C1003  Ambiguous reference: 'CRESCSN'
RH501.PRG(335) Warning C1003  Ambiguous reference: 'LPRIM'
RH501.PRG(354) Warning C1003  Ambiguous reference: 'XDATASYS'
RH501.PRG(359) Warning C1003  Ambiguous reference: 'CPRESSN'
RH501.PRG(371) Warning C1003  Ambiguous reference: 'CCENTRO'
RH501.PRG(373) Warning C1003  Ambiguous reference: 'CCENTRO'
RH501.PRG(379) Warning C1003  Ambiguous reference: 'CFILIAL'
RH501.PRG(380) Warning C1003  Ambiguous reference: 'CFILIAL'
RH501.PRG(387) Warning C1003  Ambiguous reference: 'CQUEBRA'
RH501.PRG(388) Warning C1003  Ambiguous reference: 'CQUEBRA'
RH501.PRG(390) Warning C1003  Ambiguous reference: 'CQUEBRA'
RH501.PRG(393) Warning C1001  RETURN statement with no value in function
RH501.PRG(395) Warning C1003  Ambiguous reference: 'XPAGINA'
RH501.PRG(395) Warning C1003  Ambiguous reference: 'LAPOS_SUBTOTAL'
RH501.PRG(396) Warning C1004  Ambiguous reference, assuming memvar: 'LAPOS_SUBTOTAL'
RH501.PRG(398) Warning C1004  Ambiguous reference, assuming memvar: 'LAPOS_CABECALHO'
RH501.PRG(407) Warning C1003  Ambiguous reference: 'LSAIFORA'
RH501.PRG(408) Warning C1001  RETURN statement with no value in function
RH501.PRG(423) Warning C1001  RETURN statement with no value in function
RH501.PRG(432) Warning C1003  Ambiguous reference: 'XRAZAO'
RH501.PRG(432) Warning C1003  Ambiguous reference: 'CQUEBRA'
RH501.PRG(432) Warning C1003  Ambiguous reference: 'CCENTRO'
RH501.PRG(432) Warning C1003  Ambiguous reference: 'X_NOMECUSTO'
RH501.PRG(433) Warning C1003  Ambiguous reference: 'XPAGINA'
RH501.PRG(434) Warning C1003  Ambiguous reference: 'CTITULO'
RH501.PRG(454) Warning C1003  Ambiguous reference: 'CCENTRO'
RH501.PRG(454) Warning C1003  Ambiguous reference: 'CCENTRO'
RH501.PRG(454) Warning C1001  RETURN statement with no value in function
RH501.PRG(455) Warning C1003  Ambiguous reference: 'CFILIAL'
RH501.PRG(455) Warning C1003  Ambiguous reference: 'CFILIAL'
RH501.PRG(455) Warning C1001  RETURN statement with no value in function
RH501.PRG(460) Warning C1003  Ambiguous reference: 'CQUEBRA'
RH501.PRG(471) Warning C1004  Ambiguous reference, assuming memvar: 'AFUN'
RH501.PRG(471) Warning C1001  RETURN statement with no value in function
RH501.PRG(473) Warning C1003  Ambiguous reference: 'LAPOS_CABECALHO'
RH501.PRG(473) Warning C1003  Ambiguous reference: 'CANALSINT'
RH501.PRG(473) Warning C1003  Ambiguous reference: 'CQUEBRA'
RH501.PRG(475) Warning C1003  Ambiguous reference: 'CQUEBRA'
RH501.PRG(476) Warning C1003  Ambiguous reference: 'CQUEBRA'
RH501.PRG(478) Warning C1003  Ambiguous reference: 'CANALSINT'
RH501.PRG(482) Warning C1004  Ambiguous reference, assuming memvar: 'LAPOS_CABECALHO'
RH501.PRG(485) Warning C1003  Ambiguous reference: 'CANALSINT'
RH501.PRG(491) Warning C1001  RETURN statement with no value in function
RH501.PRG(498) Warning C1004  Ambiguous reference, assuming memvar: 'AFUN'
RH501.PRG(500) Warning C1004  Ambiguous reference, assuming memvar: 'NDESCGRPS'
RH501.PRG(502) Warning C1003  Ambiguous reference: 'XANOMES'
RH501.PRG(502) Warning C1003  Ambiguous reference: 'CTIPOREL'
RH501.PRG(502) Warning C1003  Ambiguous reference: 'CTIPOREL'
RH501.PRG(505) Warning C1004  Ambiguous reference, assuming memvar: 'AFUN'
RH501.PRG(510) Warning C1004  Ambiguous reference, assuming memvar: 'NDESCGRPS'
RH501.PRG(510) Warning C1004  Ambiguous reference, assuming memvar: 'NDESCGRPS'
RH501.PRG(518) Warning C1003  Ambiguous reference: 'CTIPOREL'
RH501.PRG(536) Warning C1003  Ambiguous reference: 'BPROV'
RH501.PRG(536) Warning C1003  Ambiguous reference: 'BDESC'
RH501.PRG(536) Warning C1003  Ambiguous reference: 'NDESCGRPS'
RH501.PRG(536) Warning C1004  Ambiguous reference, assuming memvar: 'AFUN'
RH501.PRG(538) Warning C1003  Ambiguous reference: 'CTIPOREL'
RH501.PRG(556) Warning C1003  Ambiguous reference: 'BPROV'
RH501.PRG(556) Warning C1003  Ambiguous reference: 'BDESC'
RH501.PRG(556) Warning C1004  Ambiguous reference, assuming memvar: 'AFUN'
RH501.PRG(558) Warning C1003  Ambiguous reference: 'CTIPOREL'
RH501.PRG(576) Warning C1003  Ambiguous reference: 'BPROV'
RH501.PRG(576) Warning C1003  Ambiguous reference: 'BDESC'
RH501.PRG(576) Warning C1004  Ambiguous reference, assuming memvar: 'AFUN'
RH501.PRG(578) Warning C1003  Ambiguous reference: 'CTIPOREL'
RH501.PRG(596) Warning C1003  Ambiguous reference: 'BPROV'
RH501.PRG(596) Warning C1003  Ambiguous reference: 'BDESC'
RH501.PRG(596) Warning C1004  Ambiguous reference, assuming memvar: 'AFUN'
RH501.PRG(598) Warning C1003  Ambiguous reference: 'CTIPOREL'
RH501.PRG(616) Warning C1003  Ambiguous reference: 'BPROV'
RH501.PRG(616) Warning C1003  Ambiguous reference: 'BDESC'
RH501.PRG(616) Warning C1003  Ambiguous reference: 'NDESCGRPS'
RH501.PRG(616) Warning C1004  Ambiguous reference, assuming memvar: 'AFUN'
RH501.PRG(621) Warning C1001  RETURN statement with no value in function
RH501.PRG(632) Warning C1003  Ambiguous reference: 'ATOT'
RH501.PRG(633) Warning C1003  Ambiguous reference: 'ATOT'
RH501.PRG(634) Warning C1003  Ambiguous reference: 'ATOT'
RH501.PRG(637) Warning C1004  Ambiguous reference, assuming memvar: 'ATOT'
RH501.PRG(644) Warning C1004  Ambiguous reference, assuming memvar: 'AFUN'
RH501.PRG(645) Warning C1004  Ambiguous reference, assuming memvar: 'AFUN'
RH501.PRG(650) Warning C1004  Ambiguous reference, assuming memvar: 'AFUN'
RH501.PRG(651) Warning C1004  Ambiguous reference, assuming memvar: 'AFUN'
RH501.PRG(652) Warning C1004  Ambiguous reference, assuming memvar: 'AFUN'
RH501.PRG(654) Warning C1004  Ambiguous reference, assuming memvar: 'AFUN'
RH501.PRG(656) Warning C1004  Ambiguous reference, assuming memvar: 'AFUN'
RH501.PRG(664) Warning C1004  Ambiguous reference, assuming memvar: 'AFUN'
RH501.PRG(672) Warning C1001  RETURN statement with no value in function
RH501.PRG(675) Warning C1003  Ambiguous reference: 'CQUEBRA'
RH501.PRG(687) Warning C1001  RETURN statement with no value in function
RH501.PRG(694) Warning C1003  Ambiguous reference: 'CDADOSCAD'
RH501.PRG(735) Warning C1001  RETURN statement with no value in function
RH501.PRG(741) Warning C1003  Ambiguous reference: 'ABENEF'
RH501.PRG(742) Warning C1004  Ambiguous reference, assuming memvar: 'ABENEF'
RH501.PRG(742) Warning C1003  Ambiguous reference: 'CTIPOREL'
RH501.PRG(743) Warning C1004  Ambiguous reference, assuming memvar: 'ABENEF'
RH501.PRG(753) Warning C1004  Ambiguous reference, assuming memvar: 'AFUN'
RH501.PRG(758) Warning C1004  Ambiguous reference, assuming memvar: 'AFUN'
RH501.PRG(759) Warning C1004  Ambiguous reference, assuming memvar: 'AFUN'
RH501.PRG(760) Warning C1004  Ambiguous reference, assuming memvar: 'AFUN'
RH501.PRG(761) Warning C1004  Ambiguous reference, assuming memvar: 'AFUN'
RH501.PRG(762) Warning C1004  Ambiguous reference, assuming memvar: 'AFUN'
RH501.PRG(763) Warning C1004  Ambiguous reference, assuming memvar: 'AFUN'
RH501.PRG(766) Warning C1004  Ambiguous reference, assuming memvar: 'AFUN'
RH501.PRG(802) Warning C1001  RETURN statement with no value in function
RH501.PRG(810) Warning C1003  Ambiguous reference: 'CDADOSFIN'
RH501.PRG(815) Warning C1003  Ambiguous reference: 'BPROV'
RH501.PRG(821) Warning C1003  Ambiguous reference: 'BDESC'
RH501.PRG(826) Warning C1003  Ambiguous reference: 'BPROV'
RH501.PRG(826) Warning C1003  Ambiguous reference: 'BDESC'
RH501.PRG(826) Warning C1003  Ambiguous reference: 'CTIPOREL'
RH501.PRG(826) Warning C1003  Ambiguous reference: 'CTIPOREL'
RH501.PRG(826) Warning C1003  Ambiguous reference: 'CTIPOREL'
RH501.PRG(828) Warning C1003  Ambiguous reference: 'BPROV'
RH501.PRG(829) Warning C1003  Ambiguous reference: 'BDESC'
RH501.PRG(830) Warning C1003  Ambiguous reference: 'BPROV'
RH501.PRG(830) Warning C1003  Ambiguous reference: 'BDESC'
RH501.PRG(834) Warning C1001  RETURN statement with no value in function
RH501.PRG(846) Warning C1003  Ambiguous reference: 'CQUEBRA'
RH501.PRG(850) Warning C1003  Ambiguous reference: 'CRESCSN'
RH501.PRG(852) Warning C1003  Ambiguous reference: 'CQUEBRA'
RH501.PRG(862) Warning C1003  Ambiguous reference: 'CQUEBRA'
RH501.PRG(873) Warning C1003  Ambiguous reference: 'CQUEBRA'
RH501.PRG(874) Warning C1004  Ambiguous reference, assuming memvar: 'LAPOS_SUBTOTAL'
RH501.PRG(876) Warning C1004  Ambiguous reference, assuming memvar: 'LAPOS_SUBTOTAL'
RH501.PRG(877) Warning C1004  Ambiguous reference, assuming memvar: 'LAPOS_SUBTOTAL'
RH501.PRG(888) Warning C1003  Ambiguous reference: 'LSAIFORA'
RH501.PRG(909) Warning C1003  Ambiguous reference: 'ATOT'
RH501.PRG(911) Warning C1003  Ambiguous reference: 'ATOT'
RH501.PRG(913) Warning C1004  Ambiguous reference, assuming memvar: 'ATOT'
RH501.PRG(914) Warning C1004  Ambiguous reference, assuming memvar: 'ATOT'
RH501.PRG(918) Warning C1003  Ambiguous reference: 'CANALSINT'
RH501.PRG(929) Warning C1003  Ambiguous reference: 'CQUEBRA'
RH501.PRG(939) Warning C1003  Ambiguous reference: 'CQUEBRA'
RH501.PRG(988) Warning C1003  Ambiguous reference: 'CQUEBRA'
RH501.PRG(990) Warning C1003  Ambiguous reference: 'CQUEBRA'
RH501.PRG(993) Warning C1004  Ambiguous reference, assuming memvar: 'LAPOS_CABECALHO'
RH501.PRG(994) Warning C1003  Ambiguous reference: 'CQUEBRA'
RH501.PRG(998) Warning C1003  Ambiguous reference: 'CQUEBRA'
RH501.PRG(1009)    Warning C1003  Ambiguous reference: 'CCENTRO'
RH501.PRG(1010)    Warning C1004  Ambiguous reference, assuming memvar: 'LSAIFORA'
RH501.PRG(1023)    Warning C1004  Ambiguous reference, assuming memvar: 'NCONT'
RH501.PRG(1023)    Warning C1004  Ambiguous reference, assuming memvar: 'NCONT'
RH501.PRG(1023)    Warning C1004  Ambiguous reference, assuming memvar: 'NCONT'
RH501.PRG(1023)    Warning C1003  Ambiguous reference: 'NCONT'
RH501.PRG(1024)    Warning C1003  Ambiguous reference: 'NCONT'
RH501.PRG(1024)    Warning C1003  Ambiguous reference: 'NCONT'
RH501.PRG(1025)    Warning C1003  Ambiguous reference: 'NCONT'
RH501.PRG(1025)    Warning C1003  Ambiguous reference: 'NCONT'
RH501.PRG(1025)    Warning C1003  Ambiguous reference: 'NCONT'
RH501.PRG(1026)    Warning C1003  Ambiguous reference: 'NCONT'
RH501.PRG(1026)    Warning C1003  Ambiguous reference: 'NCONT'
RH501.PRG(1026)    Warning C1003  Ambiguous reference: 'NCONT'
RH501.PRG(1027)    Warning C1003  Ambiguous reference: 'NCONT'
RH501.PRG(1027)    Warning C1003  Ambiguous reference: 'NCONT'
RH501.PRG(1027)    Warning C1003  Ambiguous reference: 'NCONT'
RH501.PRG(1028)    Warning C1003  Ambiguous reference: 'NCONT'
RH501.PRG(1028)    Warning C1003  Ambiguous reference: 'NCONT'
RH501.PRG(1028)    Warning C1003  Ambiguous reference: 'NCONT'
RH501.PRG(1030)    Warning C1003  Ambiguous reference: 'NCONT'
RH501.PRG(1034)    Warning C1003  Ambiguous reference: 'INSSMS'
RH501.PRG(1034)    Warning C1003  Ambiguous reference: 'INSSFR'
RH501.PRG(1035)    Warning C1003  Ambiguous reference: 'IRRFMS'
RH501.PRG(1035)    Warning C1003  Ambiguous reference: 'IRRFFR'
RH501.PRG(1036)    Warning C1003  Ambiguous reference: 'FGTSMS'
RH501.PRG(1036)    Warning C1003  Ambiguous reference: 'FGTSFR'
RH501.PRG(1038)    Warning C1003  Ambiguous reference: 'NCONT'
RH501.PRG(1038)    Warning C1003  Ambiguous reference: 'NCONT'
RH501.PRG(1043)    Warning C1004  Ambiguous reference, assuming memvar: 'NCONT'
RH501.PRG(1043)    Warning C1004  Ambiguous reference, assuming memvar: 'NCONT'
RH501.PRG(1043)    Warning C1004  Ambiguous reference, assuming memvar: 'NCONT'
RH501.PRG(1043)    Warning C1003  Ambiguous reference: 'NCONT'
RH501.PRG(1044)    Warning C1003  Ambiguous reference: 'NCONT'
RH501.PRG(1044)    Warning C1003  Ambiguous reference: 'NCONT'
RH501.PRG(1046)    Warning C1004  Ambiguous reference, assuming memvar: 'NCONT'
RH501.PRG(1046)    Warning C1004  Ambiguous reference, assuming memvar: 'NCONT'
RH501.PRG(1046)    Warning C1004  Ambiguous reference, assuming memvar: 'NCONT'
RH501.PRG(1046)    Warning C1003  Ambiguous reference: 'NCONT'
RH501.PRG(1047)    Warning C1003  Ambiguous reference: 'NCONT'
RH501.PRG(1047)    Warning C1003  Ambiguous reference: 'NCONT'
RH501.PRG(1049)    Warning C1004  Ambiguous reference, assuming memvar: 'NCONT'
RH501.PRG(1049)    Warning C1004  Ambiguous reference, assuming memvar: 'NCONT'
RH501.PRG(1049)    Warning C1004  Ambiguous reference, assuming memvar: 'NCONT'
RH501.PRG(1049)    Warning C1003  Ambiguous reference: 'NCONT'
RH501.PRG(1050)    Warning C1003  Ambiguous reference: 'NCONT'
RH501.PRG(1050)    Warning C1003  Ambiguous reference: 'NCONT'
RH501.PRG(1052)    Warning C1004  Ambiguous reference, assuming memvar: 'NCONT'
RH501.PRG(1052)    Warning C1004  Ambiguous reference, assuming memvar: 'NCONT'
RH501.PRG(1052)    Warning C1004  Ambiguous reference, assuming memvar: 'NCONT'
RH501.PRG(1052)    Warning C1003  Ambiguous reference: 'NCONT'
RH501.PRG(1053)    Warning C1003  Ambiguous reference: 'NCONT'
RH501.PRG(1053)    Warning C1003  Ambiguous reference: 'NCONT'
RH501.PRG(1064)    Warning C1004  Ambiguous reference, assuming memvar: 'NCONT'
RH501.PRG(1064)    Warning C1004  Ambiguous reference, assuming memvar: 'NCONT'
RH501.PRG(1064)    Warning C1004  Ambiguous reference, assuming memvar: 'NCONT'
RH501.PRG(1064)    Warning C1003  Ambiguous reference: 'NCONT'
RH501.PRG(1065)    Warning C1003  Ambiguous reference: 'NCONT'
RH501.PRG(1065)    Warning C1003  Ambiguous reference: 'NCONT'
RH501.PRG(1069)    Warning C1001  RETURN statement with no value in function
412 warnings                
Code size 11818, Symbols 2944, Constants 3686
