312K available
Compiling RH504.PRG
RH504.PRG(16)  Warning C1003  Ambiguous reference: 'XNIVEL'
RH504.PRG(16)  Warning C1003  Ambiguous reference: 'XFLAG'
RH504.PRG(24)  Warning C1004  Ambiguous reference, assuming memvar: 'NVALFR'
RH504.PRG(25)  Warning C1004  Ambiguous reference, assuming memvar: 'NVALIN'
RH504.PRG(26)  Warning C1004  Ambiguous reference, assuming memvar: 'NVALFG'
RH504.PRG(28)  Warning C1004  Ambiguous reference, assuming memvar: 'NREFFR'
RH504.PRG(29)  Warning C1004  Ambiguous reference, assuming memvar: 'NREFIN'
RH504.PRG(30)  Warning C1004  Ambiguous reference, assuming memvar: 'NREFFG'
RH504.PRG(32)  Warning C1004  Ambiguous reference, assuming memvar: 'NTOT_C_FR'
RH504.PRG(33)  Warning C1004  Ambiguous reference, assuming memvar: 'NTOT_C_IN'
RH504.PRG(34)  Warning C1004  Ambiguous reference, assuming memvar: 'NTOT_C_FG'
RH504.PRG(36)  Warning C1004  Ambiguous reference, assuming memvar: 'NTOT_G_FR'
RH504.PRG(37)  Warning C1004  Ambiguous reference, assuming memvar: 'NTOT_G_IN'
RH504.PRG(38)  Warning C1004  Ambiguous reference, assuming memvar: 'NTOT_G_FG'
RH504.PRG(40)  Warning C1004  Ambiguous reference, assuming memvar: 'AEDICAO'
RH504.PRG(41)  Warning C1004  Ambiguous reference, assuming memvar: 'SBLOCO2'
RH504.PRG(42)  Warning C1004  Ambiguous reference, assuming memvar: 'SBLOCO3'
RH504.PRG(44)  Warning C1004  Ambiguous reference, assuming memvar: 'LIMP_CUSTO'
RH504.PRG(48)  Warning C1003  Ambiguous reference: 'AEDICAO'
RH504.PRG(48)  Warning C1003  Ambiguous reference: 'CCUSTO'
RH504.PRG(49)  Warning C1003  Ambiguous reference: 'AEDICAO'
RH504.PRG(50)  Warning C1003  Ambiguous reference: 'AEDICAO'
RH504.PRG(50)  Warning C1003  Ambiguous reference: 'CTIPO'
RH504.PRG(50)  Warning C1003  Ambiguous reference: 'SBLOCO2'
RH504.PRG(51)  Warning C1003  Ambiguous reference: 'AEDICAO'
RH504.PRG(51)  Warning C1003  Ambiguous reference: 'CORDEM'
RH504.PRG(51)  Warning C1003  Ambiguous reference: 'SBLOCO3'
RH504.PRG(56)  Warning C1004  Ambiguous reference, assuming memvar: 'XNIVEL'
RH504.PRG(57)  Warning C1004  Ambiguous reference, assuming memvar: 'XFLAG'
RH504.PRG(58)  Warning C1004  Ambiguous reference, assuming memvar: 'CCUSTO'
RH504.PRG(59)  Warning C1004  Ambiguous reference, assuming memvar: 'CTIPO'
RH504.PRG(60)  Warning C1004  Ambiguous reference, assuming memvar: 'CORDEM'
RH504.PRG(62)  Warning C1004  Ambiguous reference, assuming memvar: 'NVALFR'
RH504.PRG(63)  Warning C1004  Ambiguous reference, assuming memvar: 'NVALIN'
RH504.PRG(64)  Warning C1004  Ambiguous reference, assuming memvar: 'NVALFG'
RH504.PRG(66)  Warning C1004  Ambiguous reference, assuming memvar: 'NREFFR'
RH504.PRG(67)  Warning C1004  Ambiguous reference, assuming memvar: 'NREFIN'
RH504.PRG(68)  Warning C1004  Ambiguous reference, assuming memvar: 'NREFFG'
RH504.PRG(70)  Warning C1004  Ambiguous reference, assuming memvar: 'NTOT_C_FR'
RH504.PRG(71)  Warning C1004  Ambiguous reference, assuming memvar: 'NTOT_C_IN'
RH504.PRG(72)  Warning C1004  Ambiguous reference, assuming memvar: 'NTOT_C_FG'
RH504.PRG(74)  Warning C1004  Ambiguous reference, assuming memvar: 'NTOT_G_FR'
RH504.PRG(75)  Warning C1004  Ambiguous reference, assuming memvar: 'NTOT_G_IN'
RH504.PRG(76)  Warning C1004  Ambiguous reference, assuming memvar: 'NTOT_G_FG'
RH504.PRG(80)  Warning C1003  Ambiguous reference: 'XNIVEL'
RH504.PRG(80)  Warning C1003  Ambiguous reference: 'XNIVEL'
RH504.PRG(80)  Warning C1003  Ambiguous reference: 'AEDICAO'
RH504.PRG(81)  Warning C1004  Ambiguous reference, assuming memvar: 'AEDICAO'
RH504.PRG(81)  Warning C1003  Ambiguous reference: 'XNIVEL'
RH504.PRG(83)  Warning C1004  Ambiguous reference, assuming memvar: 'AEDICAO'
RH504.PRG(83)  Warning C1003  Ambiguous reference: 'XNIVEL'
RH504.PRG(84)  Warning C1003  Ambiguous reference: 'XFLAG'
RH504.PRG(84)  Warning C1004  Ambiguous reference, assuming memvar: 'XNIVEL'
RH504.PRG(84)  Warning C1004  Ambiguous reference, assuming memvar: 'XNIVEL'
RH504.PRG(84)  Warning C1004  Ambiguous reference, assuming memvar: 'XNIVEL'
RH504.PRG(84)  Warning C1004  Ambiguous reference, assuming memvar: 'XNIVEL'
RH504.PRG(98)  Warning C1003  Ambiguous reference: 'CCUSTO'
RH504.PRG(99)  Warning C1003  Ambiguous reference: 'XNIVEL'
RH504.PRG(101) Warning C1003  Ambiguous reference: 'XNIVEL'
RH504.PRG(101) Warning C1003  Ambiguous reference: 'CCUSTO'
RH504.PRG(101) Warning C1004  Ambiguous reference, assuming memvar: 'CCUSTO'
RH504.PRG(102) Warning C1003  Ambiguous reference: 'CCUSTO'
RH504.PRG(106) Warning C1003  Ambiguous reference: 'XNIVEL'
RH504.PRG(110) Warning C1003  Ambiguous reference: 'CTIPO'
RH504.PRG(111) Warning C1003  Ambiguous reference: 'XNIVEL'
RH504.PRG(111) Warning C1003  Ambiguous reference: 'CTIPO'
RH504.PRG(114) Warning C1003  Ambiguous reference: 'CORDEM'
RH504.PRG(115) Warning C1003  Ambiguous reference: 'XNIVEL'
RH504.PRG(115) Warning C1003  Ambiguous reference: 'CORDEM'
RH504.PRG(128) Warning C1003  Ambiguous reference: 'XDATASYS'
RH504.PRG(128) Warning C1003  Ambiguous reference: 'XDATASYS'
RH504.PRG(128) Warning C1004  Ambiguous reference, assuming memvar: 'CTITULO'
RH504.PRG(134) Warning C1003  Ambiguous reference: 'ANOMES'
RH504.PRG(134) Warning C1003  Ambiguous reference: 'XANOMES'
RH504.PRG(138) Warning C1003  Ambiguous reference: 'CORDEM'
RH504.PRG(155) Warning C1001  RETURN statement with no value in function
RH504.PRG(169) Warning C1003  Ambiguous reference: 'CCUSTO'
RH504.PRG(169) Warning C1003  Ambiguous reference: 'CCUSTO'
RH504.PRG(174) Warning C1003  Ambiguous reference: 'XDATASYS'
RH504.PRG(186) Warning C1003  Ambiguous reference: 'XANOMES'
RH504.PRG(187) Warning C1004  Ambiguous reference, assuming memvar: 'NVALFR'
RH504.PRG(188) Warning C1004  Ambiguous reference, assuming memvar: 'NREFFR'
RH504.PRG(190) Warning C1003  Ambiguous reference: 'XANOMES'
RH504.PRG(191) Warning C1004  Ambiguous reference, assuming memvar: 'NVALIN'
RH504.PRG(192) Warning C1004  Ambiguous reference, assuming memvar: 'NREFIN'
RH504.PRG(194) Warning C1003  Ambiguous reference: 'XANOMES'
RH504.PRG(195) Warning C1004  Ambiguous reference, assuming memvar: 'NVALFG'
RH504.PRG(196) Warning C1004  Ambiguous reference, assuming memvar: 'NREFFG'
RH504.PRG(203) Warning C1003  Ambiguous reference: 'XPAGINA'
RH504.PRG(204) Warning C1003  Ambiguous reference: 'XCOND0'
RH504.PRG(204) Warning C1003  Ambiguous reference: 'XAENFAT'
RH504.PRG(206) Warning C1003  Ambiguous reference: 'CTITULO'
RH504.PRG(207) Warning C1003  Ambiguous reference: 'CTIPO'
RH504.PRG(213) Warning C1003  Ambiguous reference: 'XDENFAT'
RH504.PRG(217) Warning C1003  Ambiguous reference: 'CCUSTO'
RH504.PRG(217) Warning C1003  Ambiguous reference: 'CCUSTO'
RH504.PRG(219) Warning C1003  Ambiguous reference: 'LIMP_CUSTO'
RH504.PRG(222) Warning C1003  Ambiguous reference: 'XCOND0'
RH504.PRG(224) Warning C1004  Ambiguous reference, assuming memvar: 'LIMP_CUSTO'
RH504.PRG(228) Warning C1004  Ambiguous reference, assuming memvar: 'CTMP_CUSTO'
RH504.PRG(230) Warning C1003  Ambiguous reference: 'CTIPO'
RH504.PRG(231) Warning C1003  Ambiguous reference: 'XCOND1'
RH504.PRG(233) Warning C1003  Ambiguous reference: 'NVALFR'
RH504.PRG(234) Warning C1003  Ambiguous reference: 'NREFFR'
RH504.PRG(235) Warning C1003  Ambiguous reference: 'NVALIN'
RH504.PRG(236) Warning C1003  Ambiguous reference: 'NREFIN'
RH504.PRG(237) Warning C1003  Ambiguous reference: 'NVALFG'
RH504.PRG(238) Warning C1003  Ambiguous reference: 'NREFFG'
RH504.PRG(241) Warning C1004  Ambiguous reference, assuming memvar: 'NTOT_C_FR'
RH504.PRG(241) Warning C1003  Ambiguous reference: 'NVALFR'
RH504.PRG(241) Warning C1004  Ambiguous reference, assuming memvar: 'NTOT_C_FR'
RH504.PRG(242) Warning C1004  Ambiguous reference, assuming memvar: 'NTOT_C_IN'
RH504.PRG(242) Warning C1003  Ambiguous reference: 'NVALIN'
RH504.PRG(242) Warning C1004  Ambiguous reference, assuming memvar: 'NTOT_C_IN'
RH504.PRG(243) Warning C1004  Ambiguous reference, assuming memvar: 'NTOT_C_FG'
RH504.PRG(243) Warning C1003  Ambiguous reference: 'NVALFG'
RH504.PRG(243) Warning C1004  Ambiguous reference, assuming memvar: 'NTOT_C_FG'
RH504.PRG(245) Warning C1004  Ambiguous reference, assuming memvar: 'NTOT_G_FR'
RH504.PRG(245) Warning C1003  Ambiguous reference: 'NVALFR'
RH504.PRG(245) Warning C1004  Ambiguous reference, assuming memvar: 'NTOT_G_FR'
RH504.PRG(246) Warning C1004  Ambiguous reference, assuming memvar: 'NTOT_G_IN'
RH504.PRG(246) Warning C1003  Ambiguous reference: 'NVALIN'
RH504.PRG(246) Warning C1004  Ambiguous reference, assuming memvar: 'NTOT_G_IN'
RH504.PRG(247) Warning C1004  Ambiguous reference, assuming memvar: 'NTOT_G_FG'
RH504.PRG(247) Warning C1003  Ambiguous reference: 'NVALFG'
RH504.PRG(247) Warning C1004  Ambiguous reference, assuming memvar: 'NTOT_G_FG'
RH504.PRG(249) Warning C1004  Ambiguous reference, assuming memvar: 'NVALFR'
RH504.PRG(250) Warning C1004  Ambiguous reference, assuming memvar: 'NVALIN'
RH504.PRG(251) Warning C1004  Ambiguous reference, assuming memvar: 'NVALFG'
RH504.PRG(253) Warning C1004  Ambiguous reference, assuming memvar: 'NREFFR'
RH504.PRG(254) Warning C1004  Ambiguous reference, assuming memvar: 'NREFIN'
RH504.PRG(255) Warning C1004  Ambiguous reference, assuming memvar: 'NREFFG'
RH504.PRG(265) Warning C1003  Ambiguous reference: 'CTMP_CUSTO'
RH504.PRG(265) Warning C1003  Ambiguous reference: 'NTOT_C_FR'
RH504.PRG(267) Warning C1003  Ambiguous reference: 'CTIPO'
RH504.PRG(268) Warning C1003  Ambiguous reference: 'XCOND0'
RH504.PRG(270) Warning C1003  Ambiguous reference: 'NTOT_C_FR'
RH504.PRG(271) Warning C1003  Ambiguous reference: 'NTOT_C_IN'
RH504.PRG(272) Warning C1003  Ambiguous reference: 'NTOT_C_FG'
RH504.PRG(274) Warning C1003  Ambiguous reference: 'NTOT_C_FR'
RH504.PRG(275) Warning C1003  Ambiguous reference: 'NTOT_C_IN'
RH504.PRG(276) Warning C1003  Ambiguous reference: 'NTOT_C_FG'
RH504.PRG(279) Warning C1004  Ambiguous reference, assuming memvar: 'NTOT_C_FR'
RH504.PRG(280) Warning C1004  Ambiguous reference, assuming memvar: 'NTOT_C_IN'
RH504.PRG(281) Warning C1004  Ambiguous reference, assuming memvar: 'NTOT_C_FG'
RH504.PRG(283) Warning C1004  Ambiguous reference, assuming memvar: 'LIMP_CUSTO'
RH504.PRG(291) Warning C1003  Ambiguous reference: 'NTOT_G_FR'
RH504.PRG(292) Warning C1003  Ambiguous reference: 'NTOT_G_IN'
RH504.PRG(293) Warning C1003  Ambiguous reference: 'NTOT_G_FG'
RH504.PRG(297) Warning C1001  RETURN statement with no value in function
150 warnings                
Code size 2651, Symbols 1184, Constants 757
