238K available
Compiling RH507.PRG
RH507.PRG(14)  Warning C1003  Ambiguous reference: 'XNIVEL'
RH507.PRG(14)  Warning C1003  Ambiguous reference: 'XFLAG'
RH507.PRG(19)  Warning C1004  Ambiguous reference, assuming memvar: 'NMES'
RH507.PRG(20)  Warning C1004  Ambiguous reference, assuming memvar: 'NPROV'
RH507.PRG(21)  Warning C1004  Ambiguous reference, assuming memvar: 'NALIQ'
RH507.PRG(22)  Warning C1004  Ambiguous reference, assuming memvar: 'NSALARIO'
RH507.PRG(23)  Warning C1004  Ambiguous reference, assuming memvar: 'AEVENTOS'
RH507.PRG(24)  Warning C1004  Ambiguous reference, assuming memvar: 'AEDICAO'
RH507.PRG(26)  Warning C1003  Ambiguous reference: 'ANOMES'
RH507.PRG(26)  Warning C1003  Ambiguous reference: 'XANOMES'
RH507.PRG(27)  Warning C1003  Ambiguous reference: 'ANOMES'
RH507.PRG(27)  Warning C1003  Ambiguous reference: 'XANOMES'
RH507.PRG(31)  Warning C1003  Ambiguous reference: 'AEDICAO'
RH507.PRG(31)  Warning C1003  Ambiguous reference: 'CMATRI'
RH507.PRG(32)  Warning C1003  Ambiguous reference: 'AEDICAO'
RH507.PRG(37)  Warning C1004  Ambiguous reference, assuming memvar: 'XNIVEL'
RH507.PRG(38)  Warning C1004  Ambiguous reference, assuming memvar: 'XFLAG'
RH507.PRG(39)  Warning C1004  Ambiguous reference, assuming memvar: 'CMATRI'
RH507.PRG(43)  Warning C1003  Ambiguous reference: 'XNIVEL'
RH507.PRG(43)  Warning C1003  Ambiguous reference: 'XNIVEL'
RH507.PRG(43)  Warning C1003  Ambiguous reference: 'AEDICAO'
RH507.PRG(44)  Warning C1004  Ambiguous reference, assuming memvar: 'AEDICAO'
RH507.PRG(44)  Warning C1003  Ambiguous reference: 'XNIVEL'
RH507.PRG(46)  Warning C1004  Ambiguous reference, assuming memvar: 'AEDICAO'
RH507.PRG(46)  Warning C1003  Ambiguous reference: 'XNIVEL'
RH507.PRG(47)  Warning C1003  Ambiguous reference: 'XFLAG'
RH507.PRG(47)  Warning C1004  Ambiguous reference, assuming memvar: 'XNIVEL'
RH507.PRG(47)  Warning C1004  Ambiguous reference, assuming memvar: 'XNIVEL'
RH507.PRG(47)  Warning C1004  Ambiguous reference, assuming memvar: 'XNIVEL'
RH507.PRG(47)  Warning C1004  Ambiguous reference, assuming memvar: 'XNIVEL'
RH507.PRG(62)  Warning C1003  Ambiguous reference: 'CMATRI'
RH507.PRG(63)  Warning C1003  Ambiguous reference: 'XNIVEL'
RH507.PRG(65)  Warning C1003  Ambiguous reference: 'CMATRI'
RH507.PRG(65)  Warning C1004  Ambiguous reference, assuming memvar: 'CMATRI'
RH507.PRG(69)  Warning C1003  Ambiguous reference: 'XNIVEL'
RH507.PRG(87)  Warning C1003  Ambiguous reference: 'XANOMES'
RH507.PRG(87)  Warning C1004  Ambiguous reference, assuming memvar: 'CANOMES'
RH507.PRG(89)  Warning C1003  Ambiguous reference: 'CMATRI'
RH507.PRG(92)  Warning C1003  Ambiguous reference: 'CANOMES'
RH507.PRG(93)  Warning C1004  Ambiguous reference, assuming memvar: 'CCOND'
RH507.PRG(97)  Warning C1003  Ambiguous reference: 'CANOMES'
RH507.PRG(97)  Warning C1003  Ambiguous reference: 'CMATRI'
RH507.PRG(101) Warning C1004  Ambiguous reference, assuming memvar: 'CCOND'
RH507.PRG(113) Warning C1001  RETURN statement with no value in function
RH507.PRG(117) Warning C1004  Ambiguous reference, assuming memvar: 'CMAT'
RH507.PRG(118) Warning C1004  Ambiguous reference, assuming memvar: 'CCENTRO'
RH507.PRG(119) Warning C1004  Ambiguous reference, assuming memvar: 'LPRI'
RH507.PRG(120) Warning C1004  Ambiguous reference, assuming memvar: 'NTOT_VAL'
RH507.PRG(120) Warning C1004  Ambiguous reference, assuming memvar: 'NTOT_PERC'
RH507.PRG(120) Warning C1004  Ambiguous reference, assuming memvar: 'NTOT_HORAS'
RH507.PRG(120) Warning C1004  Ambiguous reference, assuming memvar: 'NSALARIO'
RH507.PRG(120) Warning C1004  Ambiguous reference, assuming memvar: 'NHORAS'
RH507.PRG(121) Warning C1004  Ambiguous reference, assuming memvar: 'NREC'
RH507.PRG(121) Warning C1004  Ambiguous reference, assuming memvar: 'NOUTROS'
RH507.PRG(121) Warning C1004  Ambiguous reference, assuming memvar: 'NTOT_OUTR'
RH507.PRG(121) Warning C1004  Ambiguous reference, assuming memvar: 'THORAS'
RH507.PRG(121) Warning C1004  Ambiguous reference, assuming memvar: 'NRECNO'
RH507.PRG(123) Warning C1004  Ambiguous reference, assuming memvar: 'CCOND'
RH507.PRG(129) Warning C1001  RETURN statement with no value in function
RH507.PRG(131) Warning C1003  Ambiguous reference: 'XPAGINA'
RH507.PRG(132) Warning C1003  Ambiguous reference: 'XCOND0'
RH507.PRG(135) Warning C1003  Ambiguous reference: 'XPAGINA'
RH507.PRG(145) Warning C1003  Ambiguous reference: 'CMAT'
RH507.PRG(147) Warning C1004  Ambiguous reference, assuming memvar: 'NREC'
RH507.PRG(149) Warning C1003  Ambiguous reference: 'NREC'
RH507.PRG(151) Warning C1003  Ambiguous reference: 'CCENTRO'
RH507.PRG(152) Warning C1004  Ambiguous reference, assuming memvar: 'CCENTRO'
RH507.PRG(163) Warning C1004  Ambiguous reference, assuming memvar: 'NSALARIO'
RH507.PRG(164) Warning C1003  Ambiguous reference: 'NSALARIO'
RH507.PRG(164) Warning C1004  Ambiguous reference, assuming memvar: 'NTOT_HORAS'
RH507.PRG(166) Warning C1003  Ambiguous reference: 'LPRI'
RH507.PRG(168) Warning C1004  Ambiguous reference, assuming memvar: 'NRECNO'
RH507.PRG(169) Warning C1004  Ambiguous reference, assuming memvar: 'NPROV'
RH507.PRG(171) Warning C1003  Ambiguous reference: 'NRECNO'
RH507.PRG(186) Warning C1004  Ambiguous reference, assuming memvar: 'NRECNO'
RH507.PRG(187) Warning C1003  Ambiguous reference: 'XANOMES'
RH507.PRG(188) Warning C1004  Ambiguous reference, assuming memvar: 'THORAS'
RH507.PRG(189) Warning C1003  Ambiguous reference: 'NRECNO'
RH507.PRG(190) Warning C1003  Ambiguous reference: 'THORAS'
RH507.PRG(190) Warning C1003  Ambiguous reference: 'NSALARIO'
RH507.PRG(190) Warning C1004  Ambiguous reference, assuming memvar: 'NTOT'
RH507.PRG(193) Warning C1003  Ambiguous reference: 'NSALARIO'
RH507.PRG(193) Warning C1004  Ambiguous reference, assuming memvar: 'NTOT'
RH507.PRG(196) Warning C1004  Ambiguous reference, assuming memvar: 'NRECNO'
RH507.PRG(197) Warning C1003  Ambiguous reference: 'XANOMES'
RH507.PRG(198) Warning C1004  Ambiguous reference, assuming memvar: 'THORAS'
RH507.PRG(199) Warning C1003  Ambiguous reference: 'NRECNO'
RH507.PRG(200) Warning C1003  Ambiguous reference: 'THORAS'
RH507.PRG(200) Warning C1003  Ambiguous reference: 'NSALARIO'
RH507.PRG(200) Warning C1003  Ambiguous reference: 'NALIQ'
RH507.PRG(200) Warning C1004  Ambiguous reference, assuming memvar: 'NTOT'
RH507.PRG(202) Warning C1003  Ambiguous reference: 'NTOT'
RH507.PRG(203) Warning C1003  Ambiguous reference: 'AEVENTOS'
RH507.PRG(203) Warning C1004  Ambiguous reference, assuming memvar: 'NLOC'
RH507.PRG(204) Warning C1003  Ambiguous reference: 'NTOT'
RH507.PRG(204) Warning C1004  Ambiguous reference, assuming memvar: 'AEVENTOS'
RH507.PRG(204) Warning C1003  Ambiguous reference: 'NLOC'
RH507.PRG(204) Warning C1004  Ambiguous reference, assuming memvar: 'NPERC'
RH507.PRG(206) Warning C1003  Ambiguous reference: 'NPERC'
RH507.PRG(208) Warning C1004  Ambiguous reference, assuming memvar: 'NTOT_OUTR'
RH507.PRG(208) Warning C1003  Ambiguous reference: 'NPERC'
RH507.PRG(208) Warning C1004  Ambiguous reference, assuming memvar: 'NTOT_OUTR'
RH507.PRG(209) Warning C1004  Ambiguous reference, assuming memvar: 'NOUTROS'
RH507.PRG(209) Warning C1003  Ambiguous reference: 'NTOT'
RH507.PRG(209) Warning C1004  Ambiguous reference, assuming memvar: 'NOUTROS'
RH507.PRG(211) Warning C1004  Ambiguous reference, assuming memvar: 'NTOT_PERC'
RH507.PRG(211) Warning C1003  Ambiguous reference: 'NPERC'
RH507.PRG(211) Warning C1004  Ambiguous reference, assuming memvar: 'NTOT_PERC'
RH507.PRG(212) Warning C1004  Ambiguous reference, assuming memvar: 'NTOT_VAL'
RH507.PRG(212) Warning C1003  Ambiguous reference: 'NTOT'
RH507.PRG(212) Warning C1004  Ambiguous reference, assuming memvar: 'NTOT_VAL'
RH507.PRG(215) Warning C1004  Ambiguous reference, assuming memvar: 'LPRI'
RH507.PRG(221) Warning C1004  Ambiguous reference, assuming memvar: 'NRECNO'
RH507.PRG(222) Warning C1003  Ambiguous reference: 'XANOMES'
RH507.PRG(223) Warning C1004  Ambiguous reference, assuming memvar: 'THORAS'
RH507.PRG(224) Warning C1003  Ambiguous reference: 'NRECNO'
RH507.PRG(225) Warning C1003  Ambiguous reference: 'THORAS'
RH507.PRG(225) Warning C1003  Ambiguous reference: 'NSALARIO'
RH507.PRG(225) Warning C1004  Ambiguous reference, assuming memvar: 'NTOT'
RH507.PRG(228) Warning C1003  Ambiguous reference: 'NSALARIO'
RH507.PRG(228) Warning C1004  Ambiguous reference, assuming memvar: 'NTOT'
RH507.PRG(231) Warning C1004  Ambiguous reference, assuming memvar: 'NRECNO'
RH507.PRG(232) Warning C1003  Ambiguous reference: 'XANOMES'
RH507.PRG(233) Warning C1004  Ambiguous reference, assuming memvar: 'THORAS'
RH507.PRG(234) Warning C1003  Ambiguous reference: 'NRECNO'
RH507.PRG(235) Warning C1003  Ambiguous reference: 'THORAS'
RH507.PRG(235) Warning C1003  Ambiguous reference: 'NSALARIO'
RH507.PRG(235) Warning C1003  Ambiguous reference: 'NALIQ'
RH507.PRG(235) Warning C1004  Ambiguous reference, assuming memvar: 'NTOT'
RH507.PRG(237) Warning C1003  Ambiguous reference: 'NTOT'
RH507.PRG(238) Warning C1003  Ambiguous reference: 'AEVENTOS'
RH507.PRG(238) Warning C1004  Ambiguous reference, assuming memvar: 'NLOC'
RH507.PRG(239) Warning C1003  Ambiguous reference: 'NTOT'
RH507.PRG(239) Warning C1004  Ambiguous reference, assuming memvar: 'AEVENTOS'
RH507.PRG(239) Warning C1003  Ambiguous reference: 'NLOC'
RH507.PRG(239) Warning C1004  Ambiguous reference, assuming memvar: 'NPERC'
RH507.PRG(241) Warning C1003  Ambiguous reference: 'NPERC'
RH507.PRG(243) Warning C1004  Ambiguous reference, assuming memvar: 'NTOT_OUTR'
RH507.PRG(243) Warning C1003  Ambiguous reference: 'NPERC'
RH507.PRG(243) Warning C1004  Ambiguous reference, assuming memvar: 'NTOT_OUTR'
RH507.PRG(244) Warning C1004  Ambiguous reference, assuming memvar: 'NOUTROS'
RH507.PRG(244) Warning C1003  Ambiguous reference: 'NTOT'
RH507.PRG(244) Warning C1004  Ambiguous reference, assuming memvar: 'NOUTROS'
RH507.PRG(246) Warning C1004  Ambiguous reference, assuming memvar: 'NTOT_PERC'
RH507.PRG(246) Warning C1003  Ambiguous reference: 'NPERC'
RH507.PRG(246) Warning C1004  Ambiguous reference, assuming memvar: 'NTOT_PERC'
RH507.PRG(247) Warning C1004  Ambiguous reference, assuming memvar: 'NTOT_VAL'
RH507.PRG(247) Warning C1003  Ambiguous reference: 'NTOT'
RH507.PRG(247) Warning C1004  Ambiguous reference, assuming memvar: 'NTOT_VAL'
RH507.PRG(251) Warning C1004  Ambiguous reference, assuming memvar: 'NHORAS'
RH507.PRG(251) Warning C1004  Ambiguous reference, assuming memvar: 'NHORAS'
RH507.PRG(256) Warning C1003  Ambiguous reference: 'NTOT_PERC'
RH507.PRG(257) Warning C1003  Ambiguous reference: 'NTOT_OUTR'
RH507.PRG(258) Warning C1003  Ambiguous reference: 'NHORAS'
RH507.PRG(259) Warning C1003  Ambiguous reference: 'NTOT_VAL'
RH507.PRG(260) Warning C1003  Ambiguous reference: 'NOUTROS'
RH507.PRG(262) Warning C1004  Ambiguous reference, assuming memvar: 'NOUTROS'
RH507.PRG(262) Warning C1004  Ambiguous reference, assuming memvar: 'NTOT_VAL'
RH507.PRG(262) Warning C1004  Ambiguous reference, assuming memvar: 'NTOT_OUTR'
RH507.PRG(262) Warning C1004  Ambiguous reference, assuming memvar: 'NTOT_PERC'
RH507.PRG(262) Warning C1004  Ambiguous reference, assuming memvar: 'NHORAS'
RH507.PRG(263) Warning C1004  Ambiguous reference, assuming memvar: 'LPRI'
RH507.PRG(264) Warning C1004  Ambiguous reference, assuming memvar: 'CMAT'
RH507.PRG(265) Warning C1004  Ambiguous reference, assuming memvar: 'CCENTRO'
RH507.PRG(273) Warning C1003  Ambiguous reference: 'NHORAS'
RH507.PRG(277) Warning C1003  Ambiguous reference: 'NTOT_PERC'
RH507.PRG(278) Warning C1003  Ambiguous reference: 'NTOT_OUTR'
RH507.PRG(279) Warning C1003  Ambiguous reference: 'NHORAS'
RH507.PRG(280) Warning C1003  Ambiguous reference: 'NTOT_VAL'
RH507.PRG(281) Warning C1003  Ambiguous reference: 'NOUTROS'
RH507.PRG(287) Warning C1001  RETURN statement with no value in function
RH507.PRG(292) Warning C1003  Ambiguous reference: 'CMAT'
RH507.PRG(295) Warning C1004  Ambiguous reference, assuming memvar: 'NPROV'
RH507.PRG(295) Warning C1003  Ambiguous reference: 'NSALARIO'
RH507.PRG(295) Warning C1004  Ambiguous reference, assuming memvar: 'NPROV'
RH507.PRG(300) Warning C1003  Ambiguous reference: 'NPROV'
RH507.PRG(301) Warning C1004  Ambiguous reference, assuming memvar: 'NALIQ'
RH507.PRG(303) Warning C1004  Ambiguous reference, assuming memvar: 'NCONT'
RH507.PRG(303) Warning C1004  Ambiguous reference, assuming memvar: 'NCONT'
RH507.PRG(303) Warning C1004  Ambiguous reference, assuming memvar: 'NCONT'
RH507.PRG(303) Warning C1003  Ambiguous reference: 'NCONT'
RH507.PRG(304) Warning C1003  Ambiguous reference: 'NPROV'
RH507.PRG(304) Warning C1003  Ambiguous reference: 'NPROV'
RH507.PRG(305) Warning C1004  Ambiguous reference, assuming memvar: 'NALIQ'
RH507.PRG(308) Warning C1003  Ambiguous reference: 'NPROV'
RH507.PRG(308) Warning C1003  Ambiguous reference: 'NCONT'
RH507.PRG(308) Warning C1003  Ambiguous reference: 'NPROV'
RH507.PRG(308) Warning C1003  Ambiguous reference: 'NCONT'
RH507.PRG(309) Warning C1003  Ambiguous reference: 'NCONT'
RH507.PRG(309) Warning C1004  Ambiguous reference, assuming memvar: 'NALIQ'
RH507.PRG(315) Warning C1001  RETURN statement with no value in function
RH507.PRG(324) Warning C1003  Ambiguous reference: 'XANOMES'
RH507.PRG(324) Warning C1003  Ambiguous reference: 'CMAT'
RH507.PRG(326) Warning C1004  Ambiguous reference, assuming memvar: 'NRECNO'
RH507.PRG(327) Warning C1003  Ambiguous reference: 'XANOMES'
RH507.PRG(329) Warning C1003  Ambiguous reference: 'NRECNO'
RH507.PRG(330) Warning C1003  Ambiguous reference: 'AEVENTOS'
RH507.PRG(330) Warning C1004  Ambiguous reference, assuming memvar: 'NLOC'
RH507.PRG(331) Warning C1004  Ambiguous reference, assuming memvar: 'AEVENTOS'
RH507.PRG(331) Warning C1003  Ambiguous reference: 'NLOC'
RH507.PRG(331) Warning C1004  Ambiguous reference, assuming memvar: 'AEVENTOS'
RH507.PRG(331) Warning C1003  Ambiguous reference: 'NLOC'
RH507.PRG(333) Warning C1003  Ambiguous reference: 'AEVENTOS'
RH507.PRG(336) Warning C1003  Ambiguous reference: 'AEVENTOS'
RH507.PRG(336) Warning C1004  Ambiguous reference, assuming memvar: 'NLOC'
RH507.PRG(337) Warning C1004  Ambiguous reference, assuming memvar: 'AEVENTOS'
RH507.PRG(337) Warning C1003  Ambiguous reference: 'NLOC'
RH507.PRG(337) Warning C1004  Ambiguous reference, assuming memvar: 'AEVENTOS'
RH507.PRG(337) Warning C1003  Ambiguous reference: 'NLOC'
RH507.PRG(339) Warning C1003  Ambiguous reference: 'AEVENTOS'
RH507.PRG(342) Warning C1004  Ambiguous reference, assuming memvar: 'NRECNO'
RH507.PRG(343) Warning C1003  Ambiguous reference: 'XANOMES'
RH507.PRG(345) Warning C1003  Ambiguous reference: 'NRECNO'
RH507.PRG(346) Warning C1003  Ambiguous reference: 'AEVENTOS'
RH507.PRG(346) Warning C1004  Ambiguous reference, assuming memvar: 'NLOC'
RH507.PRG(347) Warning C1004  Ambiguous reference, assuming memvar: 'AEVENTOS'
RH507.PRG(347) Warning C1003  Ambiguous reference: 'NLOC'
RH507.PRG(347) Warning C1004  Ambiguous reference, assuming memvar: 'AEVENTOS'
RH507.PRG(347) Warning C1003  Ambiguous reference: 'NLOC'
RH507.PRG(349) Warning C1003  Ambiguous reference: 'AEVENTOS'
RH507.PRG(354) Warning C1001  RETURN statement with no value in function
221 warnings                
Code size 4134, Symbols 1312, Constants 1354
