238K available
Compiling RH505.PRG
RH505.PRG(14)  Warning C1003  Ambiguous reference: 'XNIVEL'
RH505.PRG(14)  Warning C1003  Ambiguous reference: 'XFLAG'
RH505.PRG(14)  Warning C1003  Ambiguous reference: 'CORDEM'
RH505.PRG(16)  Warning C1004  Ambiguous reference, assuming memvar: 'SBLOCO1'
RH505.PRG(27)  Warning C1004  Ambiguous reference, assuming memvar: 'AEDICAO'
RH505.PRG(29)  Warning C1003  Ambiguous reference: 'ANOMES'
RH505.PRG(29)  Warning C1003  Ambiguous reference: 'XANOMES'
RH505.PRG(30)  Warning C1003  Ambiguous reference: 'ANOMES'
RH505.PRG(30)  Warning C1003  Ambiguous reference: 'XANOMES'
RH505.PRG(34)  Warning C1003  Ambiguous reference: 'AEDICAO'
RH505.PRG(34)  Warning C1003  Ambiguous reference: 'CORDEM'
RH505.PRG(34)  Warning C1003  Ambiguous reference: 'SBLOCO1'
RH505.PRG(35)  Warning C1003  Ambiguous reference: 'AEDICAO'
RH505.PRG(35)  Warning C1003  Ambiguous reference: 'CMATRICULA'
RH505.PRG(36)  Warning C1003  Ambiguous reference: 'AEDICAO'
RH505.PRG(37)  Warning C1003  Ambiguous reference: 'AEDICAO'
RH505.PRG(37)  Warning C1003  Ambiguous reference: 'CCENTRO'
RH505.PRG(38)  Warning C1003  Ambiguous reference: 'AEDICAO'
RH505.PRG(39)  Warning C1003  Ambiguous reference: 'AEDICAO'
RH505.PRG(39)  Warning C1003  Ambiguous reference: 'CFILIAL'
RH505.PRG(40)  Warning C1003  Ambiguous reference: 'AEDICAO'
RH505.PRG(41)  Warning C1003  Ambiguous reference: 'AEDICAO'
RH505.PRG(41)  Warning C1003  Ambiguous reference: 'CGRUPOC'
RH505.PRG(42)  Warning C1003  Ambiguous reference: 'AEDICAO'
RH505.PRG(47)  Warning C1004  Ambiguous reference, assuming memvar: 'XNIVEL'
RH505.PRG(48)  Warning C1004  Ambiguous reference, assuming memvar: 'XFLAG'
RH505.PRG(49)  Warning C1004  Ambiguous reference, assuming memvar: 'CMATRICULA'
RH505.PRG(50)  Warning C1004  Ambiguous reference, assuming memvar: 'CCENTRO'
RH505.PRG(51)  Warning C1004  Ambiguous reference, assuming memvar: 'CFILIAL'
RH505.PRG(52)  Warning C1004  Ambiguous reference, assuming memvar: 'CGRUPOC'
RH505.PRG(53)  Warning C1004  Ambiguous reference, assuming memvar: 'CORDEM'
RH505.PRG(57)  Warning C1003  Ambiguous reference: 'XNIVEL'
RH505.PRG(57)  Warning C1003  Ambiguous reference: 'XNIVEL'
RH505.PRG(57)  Warning C1003  Ambiguous reference: 'AEDICAO'
RH505.PRG(58)  Warning C1004  Ambiguous reference, assuming memvar: 'AEDICAO'
RH505.PRG(58)  Warning C1003  Ambiguous reference: 'XNIVEL'
RH505.PRG(60)  Warning C1004  Ambiguous reference, assuming memvar: 'AEDICAO'
RH505.PRG(60)  Warning C1003  Ambiguous reference: 'XNIVEL'
RH505.PRG(61)  Warning C1003  Ambiguous reference: 'XFLAG'
RH505.PRG(61)  Warning C1004  Ambiguous reference, assuming memvar: 'XNIVEL'
RH505.PRG(61)  Warning C1004  Ambiguous reference, assuming memvar: 'XNIVEL'
RH505.PRG(61)  Warning C1004  Ambiguous reference, assuming memvar: 'XNIVEL'
RH505.PRG(61)  Warning C1004  Ambiguous reference, assuming memvar: 'XNIVEL'
RH505.PRG(76)  Warning C1003  Ambiguous reference: 'XNIVEL'
RH505.PRG(76)  Warning C1003  Ambiguous reference: 'CORDEM'
RH505.PRG(78)  Warning C1003  Ambiguous reference: 'CMATRICULA'
RH505.PRG(79)  Warning C1003  Ambiguous reference: 'XNIVEL'
RH505.PRG(79)  Warning C1003  Ambiguous reference: 'CMATRICULA'
RH505.PRG(79)  Warning C1004  Ambiguous reference, assuming memvar: 'CMATRICULA'
RH505.PRG(81)  Warning C1003  Ambiguous reference: 'XNIVEL'
RH505.PRG(81)  Warning C1003  Ambiguous reference: 'CMATRICULA'
RH505.PRG(83)  Warning C1003  Ambiguous reference: 'CCENTRO'
RH505.PRG(84)  Warning C1003  Ambiguous reference: 'CCENTRO'
RH505.PRG(88)  Warning C1003  Ambiguous reference: 'CCENTRO'
RH505.PRG(93)  Warning C1003  Ambiguous reference: 'XNIVEL'
RH505.PRG(93)  Warning C1003  Ambiguous reference: 'CCENTRO'
RH505.PRG(95)  Warning C1003  Ambiguous reference: 'XNIVEL'
RH505.PRG(95)  Warning C1003  Ambiguous reference: 'CFILIAL'
RH505.PRG(97)  Warning C1003  Ambiguous reference: 'XNIVEL'
RH505.PRG(97)  Warning C1003  Ambiguous reference: 'CGRUPOC'
RH505.PRG(109) Warning C1003  Ambiguous reference: 'CCENTRO'
RH505.PRG(111) Warning C1004  Ambiguous reference, assuming memvar: 'BFILTRO'
RH505.PRG(112) Warning C1003  Ambiguous reference: 'CFILIAL'
RH505.PRG(113) Warning C1003  Ambiguous reference: 'CFILIAL'
RH505.PRG(113) Warning C1004  Ambiguous reference, assuming memvar: 'BFILTRO'
RH505.PRG(114) Warning C1003  Ambiguous reference: 'CGRUPOC'
RH505.PRG(115) Warning C1003  Ambiguous reference: 'CGRUPOC'
RH505.PRG(115) Warning C1004  Ambiguous reference, assuming memvar: 'BFILTRO'
RH505.PRG(117) Warning C1004  Ambiguous reference, assuming memvar: 'BFILTRO'
RH505.PRG(123) Warning C1003  Ambiguous reference: 'CORDEM'
RH505.PRG(124) Warning C1003  Ambiguous reference: 'CORDEM'
RH505.PRG(131) Warning C1003  Ambiguous reference: 'CBO'
RH505.PRG(132) Warning C1003  Ambiguous reference: 'CARGO'
RH505.PRG(135) Warning C1003  Ambiguous reference: 'SIND_COD'
RH505.PRG(136) Warning C1003  Ambiguous reference: 'GRPS'
RH505.PRG(137) Warning C1003  Ambiguous reference: 'FILIAL'
RH505.PRG(150) Warning C1001  RETURN statement with no value in function
RH505.PRG(152) Warning C1003  Ambiguous reference: 'CMATRICULA'
RH505.PRG(153) Warning C1003  Ambiguous reference: 'CMATRICULA'
RH505.PRG(162) Warning C1003  Ambiguous reference: 'CCENTRO'
RH505.PRG(162) Warning C1003  Ambiguous reference: 'CCENTRO'
RH505.PRG(167) Warning C1001  RETURN statement with no value in function
RH505.PRG(171) Warning C1003  Ambiguous reference: 'BFILTRO'
RH505.PRG(180) Warning C1003  Ambiguous reference: 'CMATRICULA'
RH505.PRG(186) Warning C1001  RETURN statement with no value in function
RH505.PRG(217) Warning C1004  Ambiguous reference, assuming memvar: 'NCONTAS'
RH505.PRG(227) Warning C1004  Ambiguous reference, assuming memvar: 'NCONTAS'
RH505.PRG(227) Warning C1004  Ambiguous reference, assuming memvar: 'NCONTAS'
RH505.PRG(228) Warning C1003  Ambiguous reference: 'NCONTAS'
RH505.PRG(231) Warning C1004  Ambiguous reference, assuming memvar: 'NNUMER'
RH505.PRG(232) Warning C1003  Ambiguous reference: 'NCONTAS'
RH505.PRG(233) Warning C1003  Ambiguous reference: 'NCONTAS'
RH505.PRG(233) Warning C1004  Ambiguous reference, assuming memvar: 'NCONTAS'
RH505.PRG(234) Warning C1003  Ambiguous reference: 'NCONTAS'
RH505.PRG(234) Warning C1004  Ambiguous reference, assuming memvar: 'NFALT'
RH505.PRG(234) Warning C1004  Ambiguous reference, assuming memvar: 'NFALT'
RH505.PRG(234) Warning C1004  Ambiguous reference, assuming memvar: 'NFALT'
RH505.PRG(234) Warning C1003  Ambiguous reference: 'NFALT'
RH505.PRG(235) Warning C1003  Ambiguous reference: 'NFALT'
RH505.PRG(235) Warning C1003  Ambiguous reference: 'NNUMER'
RH505.PRG(236) Warning C1004  Ambiguous reference, assuming memvar: 'NNUMER'
RH505.PRG(256) Warning C1001  RETURN statement with no value in function
RH505.PRG(263) Warning C1003  Ambiguous reference: 'NTEST'
RH505.PRG(264) Warning C1003  Ambiguous reference: 'NNUM'
RH505.PRG(265) Warning C1001  RETURN statement with no value in function
RH505.PRG(265) Warning C1003  Ambiguous reference: 'NTEST'
RH505.PRG(267) Warning C1003  Ambiguous reference: 'NNUM'
RH505.PRG(268) Warning C1001  RETURN statement with no value in function
RH505.PRG(268) Warning C1003  Ambiguous reference: 'NTEST'
RH505.PRG(271) Warning C1003  Ambiguous reference: 'NNUM'
RH505.PRG(272) Warning C1001  RETURN statement with no value in function
RH505.PRG(272) Warning C1003  Ambiguous reference: 'NTEST'
RH505.PRG(275) Warning C1003  Ambiguous reference: 'NNUM'
RH505.PRG(276) Warning C1001  RETURN statement with no value in function
RH505.PRG(276) Warning C1003  Ambiguous reference: 'NTEST'
RH505.PRG(279) Warning C1003  Ambiguous reference: 'NNUM'
RH505.PRG(280) Warning C1001  RETURN statement with no value in function
RH505.PRG(280) Warning C1007  Function does not end with RETURN
118 warnings                
Code size 3871, Symbols 1856, Constants 2961
