238K available
Compiling RH509.PRG
RH509.PRG(14)  Warning C1003  Ambiguous reference: 'XNIVEL'
RH509.PRG(14)  Warning C1003  Ambiguous reference: 'XFLAG'
RH509.PRG(14)  Warning C1003  Ambiguous reference: 'CORDEM'
RH509.PRG(16)  Warning C1004  Ambiguous reference, assuming memvar: 'SBLOCO1'
RH509.PRG(23)  Warning C1004  Ambiguous reference, assuming memvar: 'AEDICAO'
RH509.PRG(29)  Warning C1003  Ambiguous reference: 'AEDICAO'
RH509.PRG(29)  Warning C1003  Ambiguous reference: 'CORDEM'
RH509.PRG(29)  Warning C1003  Ambiguous reference: 'SBLOCO1'
RH509.PRG(30)  Warning C1003  Ambiguous reference: 'AEDICAO'
RH509.PRG(30)  Warning C1003  Ambiguous reference: 'CCENTRO'
RH509.PRG(31)  Warning C1003  Ambiguous reference: 'AEDICAO'
RH509.PRG(32)  Warning C1003  Ambiguous reference: 'AEDICAO'
RH509.PRG(32)  Warning C1003  Ambiguous reference: 'CFILIAL'
RH509.PRG(33)  Warning C1003  Ambiguous reference: 'AEDICAO'
RH509.PRG(38)  Warning C1004  Ambiguous reference, assuming memvar: 'XNIVEL'
RH509.PRG(39)  Warning C1004  Ambiguous reference, assuming memvar: 'XFLAG'
RH509.PRG(40)  Warning C1004  Ambiguous reference, assuming memvar: 'CORDEM'
RH509.PRG(41)  Warning C1004  Ambiguous reference, assuming memvar: 'CCENTRO'
RH509.PRG(42)  Warning C1004  Ambiguous reference, assuming memvar: 'CFILIAL'
RH509.PRG(46)  Warning C1003  Ambiguous reference: 'XNIVEL'
RH509.PRG(46)  Warning C1003  Ambiguous reference: 'XNIVEL'
RH509.PRG(46)  Warning C1003  Ambiguous reference: 'AEDICAO'
RH509.PRG(47)  Warning C1004  Ambiguous reference, assuming memvar: 'AEDICAO'
RH509.PRG(47)  Warning C1003  Ambiguous reference: 'XNIVEL'
RH509.PRG(49)  Warning C1004  Ambiguous reference, assuming memvar: 'AEDICAO'
RH509.PRG(49)  Warning C1003  Ambiguous reference: 'XNIVEL'
RH509.PRG(50)  Warning C1003  Ambiguous reference: 'XFLAG'
RH509.PRG(50)  Warning C1004  Ambiguous reference, assuming memvar: 'XNIVEL'
RH509.PRG(50)  Warning C1004  Ambiguous reference, assuming memvar: 'XNIVEL'
RH509.PRG(50)  Warning C1004  Ambiguous reference, assuming memvar: 'XNIVEL'
RH509.PRG(50)  Warning C1004  Ambiguous reference, assuming memvar: 'XNIVEL'
RH509.PRG(63)  Warning C1003  Ambiguous reference: 'XNIVEL'
RH509.PRG(63)  Warning C1003  Ambiguous reference: 'CORDEM'
RH509.PRG(65)  Warning C1003  Ambiguous reference: 'CCENTRO'
RH509.PRG(66)  Warning C1003  Ambiguous reference: 'CCENTRO'
RH509.PRG(70)  Warning C1003  Ambiguous reference: 'CCENTRO'
RH509.PRG(75)  Warning C1003  Ambiguous reference: 'XNIVEL'
RH509.PRG(75)  Warning C1003  Ambiguous reference: 'CCENTRO'
RH509.PRG(77)  Warning C1003  Ambiguous reference: 'XNIVEL'
RH509.PRG(77)  Warning C1003  Ambiguous reference: 'CFILIAL'
RH509.PRG(88)  Warning C1004  Ambiguous reference, assuming memvar: 'CTITULO'
RH509.PRG(89)  Warning C1004  Ambiguous reference, assuming memvar: 'CTITULO'
RH509.PRG(89)  Warning C1003  Ambiguous reference: 'XDATASYS'
RH509.PRG(89)  Warning C1003  Ambiguous reference: 'XDATASYS'
RH509.PRG(89)  Warning C1004  Ambiguous reference, assuming memvar: 'CTITULO'
RH509.PRG(114) Warning C1004  Ambiguous reference, assuming memvar: 'NTOTDT'
RH509.PRG(114) Warning C1004  Ambiguous reference, assuming memvar: 'NTOTMS'
RH509.PRG(114) Warning C1004  Ambiguous reference, assuming memvar: 'NVALDT'
RH509.PRG(114) Warning C1004  Ambiguous reference, assuming memvar: 'NVALFE'
RH509.PRG(115) Warning C1004  Ambiguous reference, assuming memvar: 'NTT_BASEDT'
RH509.PRG(115) Warning C1004  Ambiguous reference, assuming memvar: 'NTT_BASEFE'
RH509.PRG(120) Warning C1001  RETURN statement with no value in function
RH509.PRG(122) Warning C1003  Ambiguous reference: 'ANOMES'
RH509.PRG(122) Warning C1003  Ambiguous reference: 'XANOMES'
RH509.PRG(122) Warning C1003  Ambiguous reference: 'SITUACAO'
RH509.PRG(129) Warning C1003  Ambiguous reference: 'XPAGINA'
RH509.PRG(131) Warning C1003  Ambiguous reference: 'CTITULO'
RH509.PRG(133) Warning C1003  Ambiguous reference: 'XCOND1'
RH509.PRG(133) Warning C1003  Ambiguous reference: 'XCOND0'
RH509.PRG(137) Warning C1003  Ambiguous reference: 'XCOND1'
RH509.PRG(165) Warning C1001  RETURN statement with no value in function
61 warnings                
Code size 1536, Symbols 960, Constants 448
