312K available
Compiling RH508.PRG
RH508.PRG(14)  Warning C1003  Ambiguous reference: 'XNIVEL'
RH508.PRG(16)  Warning C1004  Ambiguous reference, assuming memvar: 'SBLOCO1'
RH508.PRG(20)  Warning C1004  Ambiguous reference, assuming memvar: 'AEDICAO'
RH508.PRG(27)  Warning C1003  Ambiguous reference: 'AEDICAO'
RH508.PRG(27)  Warning C1003  Ambiguous reference: 'CPERI'
RH508.PRG(28)  Warning C1003  Ambiguous reference: 'AEDICAO'
RH508.PRG(28)  Warning C1003  Ambiguous reference: 'CPERF'
RH508.PRG(29)  Warning C1003  Ambiguous reference: 'AEDICAO'
RH508.PRG(29)  Warning C1003  Ambiguous reference: 'CMATRICULA'
RH508.PRG(30)  Warning C1003  Ambiguous reference: 'AEDICAO'
RH508.PRG(35)  Warning C1004  Ambiguous reference, assuming memvar: 'XNIVEL'
RH508.PRG(36)  Warning C1004  Ambiguous reference, assuming memvar: 'XFLAG'
RH508.PRG(37)  Warning C1004  Ambiguous reference, assuming memvar: 'CMATRICULA'
RH508.PRG(38)  Warning C1004  Ambiguous reference, assuming memvar: 'CPERI'
RH508.PRG(39)  Warning C1004  Ambiguous reference, assuming memvar: 'CPERF'
RH508.PRG(45)  Warning C1003  Ambiguous reference: 'XNIVEL'
RH508.PRG(45)  Warning C1003  Ambiguous reference: 'XNIVEL'
RH508.PRG(45)  Warning C1003  Ambiguous reference: 'AEDICAO'
RH508.PRG(46)  Warning C1004  Ambiguous reference, assuming memvar: 'AEDICAO'
RH508.PRG(46)  Warning C1003  Ambiguous reference: 'XNIVEL'
RH508.PRG(48)  Warning C1004  Ambiguous reference, assuming memvar: 'AEDICAO'
RH508.PRG(48)  Warning C1003  Ambiguous reference: 'XNIVEL'
RH508.PRG(49)  Warning C1003  Ambiguous reference: 'XFLAG'
RH508.PRG(49)  Warning C1004  Ambiguous reference, assuming memvar: 'XNIVEL'
RH508.PRG(49)  Warning C1004  Ambiguous reference, assuming memvar: 'XNIVEL'
RH508.PRG(49)  Warning C1004  Ambiguous reference, assuming memvar: 'XNIVEL'
RH508.PRG(49)  Warning C1004  Ambiguous reference, assuming memvar: 'XNIVEL'
RH508.PRG(60)  Warning C1003  Ambiguous reference: 'XFLAG'
RH508.PRG(63)  Warning C1003  Ambiguous reference: 'CMATRICULA'
RH508.PRG(64)  Warning C1003  Ambiguous reference: 'CMATRICULA'
RH508.PRG(65)  Warning C1003  Ambiguous reference: 'CMATRICULA'
RH508.PRG(69)  Warning C1003  Ambiguous reference: 'XNIVEL'
RH508.PRG(69)  Warning C1003  Ambiguous reference: 'CMATRICULA'
RH508.PRG(69)  Warning C1004  Ambiguous reference, assuming memvar: 'CMATRICULA'
RH508.PRG(98)  Warning C1003  Ambiguous reference: 'EVENTO'
RH508.PRG(115) Warning C1003  Ambiguous reference: 'XDATASYS'
RH508.PRG(115) Warning C1003  Ambiguous reference: 'XDATASYS'
RH508.PRG(117) Warning C1004  Ambiguous reference, assuming memvar: 'NTOT200'
RH508.PRG(117) Warning C1004  Ambiguous reference, assuming memvar: 'NTOT150'
RH508.PRG(117) Warning C1004  Ambiguous reference, assuming memvar: 'NTOT130'
RH508.PRG(117) Warning C1004  Ambiguous reference, assuming memvar: 'NTOT125'
RH508.PRG(117) Warning C1004  Ambiguous reference, assuming memvar: 'NTOT100'
RH508.PRG(117) Warning C1004  Ambiguous reference, assuming memvar: 'NTOT85'
RH508.PRG(117) Warning C1004  Ambiguous reference, assuming memvar: 'NTOT80'
RH508.PRG(117) Warning C1004  Ambiguous reference, assuming memvar: 'NTOT75'
RH508.PRG(117) Warning C1004  Ambiguous reference, assuming memvar: 'NTOT70'
RH508.PRG(117) Warning C1004  Ambiguous reference, assuming memvar: 'NTOT65'
RH508.PRG(117) Warning C1004  Ambiguous reference, assuming memvar: 'NTOT60'
RH508.PRG(117) Warning C1004  Ambiguous reference, assuming memvar: 'NTOT55'
RH508.PRG(118) Warning C1004  Ambiguous reference, assuming memvar: 'NTOTDSR'
RH508.PRG(118) Warning C1004  Ambiguous reference, assuming memvar: 'NTOTANUENIO'
RH508.PRG(118) Warning C1004  Ambiguous reference, assuming memvar: 'NTOTADNOT'
RH508.PRG(118) Warning C1004  Ambiguous reference, assuming memvar: 'NTOTINT875'
RH508.PRG(118) Warning C1004  Ambiguous reference, assuming memvar: 'NTOTINT100'
RH508.PRG(118) Warning C1004  Ambiguous reference, assuming memvar: 'NTOTINT50'
RH508.PRG(121) Warning C1001  RETURN statement with no value in function
RH508.PRG(123) Warning C1003  Ambiguous reference: 'XCOND0'
RH508.PRG(126) Warning C1003  Ambiguous reference: 'CMATRICULA'
RH508.PRG(127) Warning C1003  Ambiguous reference: 'CMATRICULA'
RH508.PRG(131) Warning C1003  Ambiguous reference: 'CPERI'
RH508.PRG(131) Warning C1003  Ambiguous reference: 'CPERI'
RH508.PRG(131) Warning C1004  Ambiguous reference, assuming memvar: 'CPERI'
RH508.PRG(132) Warning C1003  Ambiguous reference: 'CPERF'
RH508.PRG(132) Warning C1003  Ambiguous reference: 'CPERF'
RH508.PRG(132) Warning C1004  Ambiguous reference, assuming memvar: 'CPERF'
RH508.PRG(134) Warning C1003  Ambiguous reference: 'XCOND1'
RH508.PRG(140) Warning C1003  Ambiguous reference: 'CPERI'
RH508.PRG(140) Warning C1003  Ambiguous reference: 'CPERF'
RH508.PRG(147) Warning C1003  Ambiguous reference: 'CMATRICULA'
RH508.PRG(151) Warning C1003  Ambiguous reference: 'CMATRICULA'
RH508.PRG(153) Warning C1004  Ambiguous reference, assuming memvar: 'NTOT80'
RH508.PRG(153) Warning C1004  Ambiguous reference, assuming memvar: 'NTOT80'
RH508.PRG(155) Warning C1003  Ambiguous reference: 'CMATRICULA'
RH508.PRG(157) Warning C1004  Ambiguous reference, assuming memvar: 'NTOT100'
RH508.PRG(157) Warning C1004  Ambiguous reference, assuming memvar: 'NTOT100'
RH508.PRG(159) Warning C1003  Ambiguous reference: 'CMATRICULA'
RH508.PRG(163) Warning C1003  Ambiguous reference: 'CMATRICULA'
RH508.PRG(165) Warning C1004  Ambiguous reference, assuming memvar: 'NTOTINT50'
RH508.PRG(165) Warning C1004  Ambiguous reference, assuming memvar: 'NTOTINT50'
RH508.PRG(167) Warning C1003  Ambiguous reference: 'CMATRICULA'
RH508.PRG(169) Warning C1004  Ambiguous reference, assuming memvar: 'NTOTINT875'
RH508.PRG(169) Warning C1004  Ambiguous reference, assuming memvar: 'NTOTINT875'
RH508.PRG(171) Warning C1003  Ambiguous reference: 'CMATRICULA'
RH508.PRG(173) Warning C1004  Ambiguous reference, assuming memvar: 'NTOTINT100'
RH508.PRG(173) Warning C1004  Ambiguous reference, assuming memvar: 'NTOTINT100'
RH508.PRG(175) Warning C1003  Ambiguous reference: 'CMATRICULA'
RH508.PRG(177) Warning C1004  Ambiguous reference, assuming memvar: 'NTOTADNOT'
RH508.PRG(177) Warning C1004  Ambiguous reference, assuming memvar: 'NTOTADNOT'
RH508.PRG(179) Warning C1003  Ambiguous reference: 'CMATRICULA'
RH508.PRG(181) Warning C1004  Ambiguous reference, assuming memvar: 'NTOTANUENIO'
RH508.PRG(181) Warning C1004  Ambiguous reference, assuming memvar: 'NTOTANUENIO'
RH508.PRG(183) Warning C1003  Ambiguous reference: 'CMATRICULA'
RH508.PRG(185) Warning C1004  Ambiguous reference, assuming memvar: 'NTOTDSR'
RH508.PRG(185) Warning C1004  Ambiguous reference, assuming memvar: 'NTOTDSR'
RH508.PRG(189) Warning C1001  RETURN statement with no value in function
RH508.PRG(195) Warning C1003  Ambiguous reference: 'NTOT80'
RH508.PRG(197) Warning C1003  Ambiguous reference: 'NTOT100'
RH508.PRG(198) Warning C1003  Ambiguous reference: 'NTOTINT50'
RH508.PRG(199) Warning C1003  Ambiguous reference: 'NTOTINT875'
RH508.PRG(200) Warning C1003  Ambiguous reference: 'NTOTINT100'
RH508.PRG(201) Warning C1003  Ambiguous reference: 'NTOTADNOT'
RH508.PRG(202) Warning C1003  Ambiguous reference: 'NTOTANUENIO'
RH508.PRG(203) Warning C1003  Ambiguous reference: 'NTOTDSR'
RH508.PRG(204) Warning C1003  Ambiguous reference: 'NTOT130'
RH508.PRG(205) Warning C1003  Ambiguous reference: 'NTOT150'
RH508.PRG(206) Warning C1003  Ambiguous reference: 'NTOT200'
RH508.PRG(210) Warning C1003  Ambiguous reference: 'NTOT80'
RH508.PRG(212) Warning C1003  Ambiguous reference: 'NTOT100'
RH508.PRG(213) Warning C1003  Ambiguous reference: 'NTOTINT50'
RH508.PRG(214) Warning C1003  Ambiguous reference: 'NTOTINT875'
RH508.PRG(215) Warning C1003  Ambiguous reference: 'NTOTINT100'
RH508.PRG(216) Warning C1003  Ambiguous reference: 'NTOTADNOT'
RH508.PRG(217) Warning C1003  Ambiguous reference: 'NTOTANUENIO'
RH508.PRG(218) Warning C1003  Ambiguous reference: 'NTOTDSR'
RH508.PRG(219) Warning C1003  Ambiguous reference: 'NTOT130'
RH508.PRG(220) Warning C1003  Ambiguous reference: 'NTOT150'
RH508.PRG(221) Warning C1003  Ambiguous reference: 'NTOT200'
RH508.PRG(224) Warning C1003  Ambiguous reference: 'CMATRICULA'
RH508.PRG(224) Warning C1003  Ambiguous reference: 'XDATASYS'
RH508.PRG(224) Warning C1003  Ambiguous reference: 'XDATASYS'
RH508.PRG(227) Warning C1003  Ambiguous reference: 'NTOT80'
RH508.PRG(227) Warning C1004  Ambiguous reference, assuming memvar: 'NTOT80'
RH508.PRG(229) Warning C1003  Ambiguous reference: 'NTOT100'
RH508.PRG(229) Warning C1004  Ambiguous reference, assuming memvar: 'NTOT100'
RH508.PRG(230) Warning C1003  Ambiguous reference: 'NTOTINT50'
RH508.PRG(230) Warning C1004  Ambiguous reference, assuming memvar: 'NTOTINT50'
RH508.PRG(231) Warning C1003  Ambiguous reference: 'NTOTINT875'
RH508.PRG(231) Warning C1004  Ambiguous reference, assuming memvar: 'NTOTINT875'
RH508.PRG(232) Warning C1003  Ambiguous reference: 'NTOTINT100'
RH508.PRG(232) Warning C1004  Ambiguous reference, assuming memvar: 'NTOTINT100'
RH508.PRG(233) Warning C1003  Ambiguous reference: 'NTOTADNOT'
RH508.PRG(233) Warning C1004  Ambiguous reference, assuming memvar: 'NTOTADNOT'
RH508.PRG(234) Warning C1003  Ambiguous reference: 'NTOTANUENIO'
RH508.PRG(234) Warning C1004  Ambiguous reference, assuming memvar: 'NTOTANUENIO'
RH508.PRG(235) Warning C1003  Ambiguous reference: 'NTOTDSR'
RH508.PRG(235) Warning C1004  Ambiguous reference, assuming memvar: 'NTOTDSR'
RH508.PRG(236) Warning C1003  Ambiguous reference: 'NTOT130'
RH508.PRG(237) Warning C1003  Ambiguous reference: 'NTOT150'
RH508.PRG(238) Warning C1003  Ambiguous reference: 'NTOT200'
RH508.PRG(254) Warning C1003  Ambiguous reference: 'NTOT80'
RH508.PRG(255) Warning C1003  Ambiguous reference: 'NTOT80'
RH508.PRG(256) Warning C1003  Ambiguous reference: 'NTOT80'
RH508.PRG(264) Warning C1003  Ambiguous reference: 'NTOT100'
RH508.PRG(265) Warning C1003  Ambiguous reference: 'NTOT100'
RH508.PRG(266) Warning C1003  Ambiguous reference: 'NTOT100'
RH508.PRG(269) Warning C1003  Ambiguous reference: 'NTOTINT50'
RH508.PRG(270) Warning C1003  Ambiguous reference: 'NTOTINT50'
RH508.PRG(271) Warning C1003  Ambiguous reference: 'NTOTINT50'
RH508.PRG(274) Warning C1003  Ambiguous reference: 'NTOTINT875'
RH508.PRG(275) Warning C1003  Ambiguous reference: 'NTOTINT875'
RH508.PRG(276) Warning C1003  Ambiguous reference: 'NTOTINT875'
RH508.PRG(279) Warning C1003  Ambiguous reference: 'NTOTINT100'
RH508.PRG(280) Warning C1003  Ambiguous reference: 'NTOTINT100'
RH508.PRG(281) Warning C1003  Ambiguous reference: 'NTOTINT100'
RH508.PRG(284) Warning C1003  Ambiguous reference: 'NTOTADNOT'
RH508.PRG(285) Warning C1003  Ambiguous reference: 'NTOTADNOT'
RH508.PRG(286) Warning C1003  Ambiguous reference: 'NTOTADNOT'
RH508.PRG(289) Warning C1003  Ambiguous reference: 'NTOTANUENIO'
RH508.PRG(290) Warning C1003  Ambiguous reference: 'NTOTANUENIO'
RH508.PRG(291) Warning C1003  Ambiguous reference: 'NTOTANUENIO'
RH508.PRG(299) Warning C1001  RETURN statement with no value in function
161 warnings                
Code size 3804, Symbols 1040, Constants 1908
