238K available
Compiling RH511.PRG
RH511.PRG(14)  Warning C1003  Ambiguous reference: 'XNIVEL'
RH511.PRG(14)  Warning C1003  Ambiguous reference: 'XFLAG'
RH511.PRG(14)  Warning C1003  Ambiguous reference: 'CORDEM'
RH511.PRG(16)  Warning C1004  Ambiguous reference, assuming memvar: 'SBLOCO1'
RH511.PRG(23)  Warning C1004  Ambiguous reference, assuming memvar: 'AEDICAO'
RH511.PRG(25)  Warning C1003  Ambiguous reference: 'ANOMES'
RH511.PRG(25)  Warning C1003  Ambiguous reference: 'XANOMES'
RH511.PRG(29)  Warning C1003  Ambiguous reference: 'AEDICAO'
RH511.PRG(29)  Warning C1003  Ambiguous reference: 'CORDEM'
RH511.PRG(29)  Warning C1003  Ambiguous reference: 'SBLOCO1'
RH511.PRG(30)  Warning C1003  Ambiguous reference: 'AEDICAO'
RH511.PRG(30)  Warning C1003  Ambiguous reference: 'CCENTRO'
RH511.PRG(31)  Warning C1003  Ambiguous reference: 'AEDICAO'
RH511.PRG(32)  Warning C1003  Ambiguous reference: 'AEDICAO'
RH511.PRG(32)  Warning C1003  Ambiguous reference: 'CFILIAL'
RH511.PRG(33)  Warning C1003  Ambiguous reference: 'AEDICAO'
RH511.PRG(38)  Warning C1004  Ambiguous reference, assuming memvar: 'XNIVEL'
RH511.PRG(39)  Warning C1004  Ambiguous reference, assuming memvar: 'XFLAG'
RH511.PRG(40)  Warning C1004  Ambiguous reference, assuming memvar: 'CORDEM'
RH511.PRG(41)  Warning C1004  Ambiguous reference, assuming memvar: 'CCENTRO'
RH511.PRG(42)  Warning C1004  Ambiguous reference, assuming memvar: 'CFILIAL'
RH511.PRG(46)  Warning C1003  Ambiguous reference: 'XNIVEL'
RH511.PRG(46)  Warning C1003  Ambiguous reference: 'XNIVEL'
RH511.PRG(46)  Warning C1003  Ambiguous reference: 'AEDICAO'
RH511.PRG(47)  Warning C1004  Ambiguous reference, assuming memvar: 'AEDICAO'
RH511.PRG(47)  Warning C1003  Ambiguous reference: 'XNIVEL'
RH511.PRG(49)  Warning C1004  Ambiguous reference, assuming memvar: 'AEDICAO'
RH511.PRG(49)  Warning C1003  Ambiguous reference: 'XNIVEL'
RH511.PRG(50)  Warning C1003  Ambiguous reference: 'XFLAG'
RH511.PRG(50)  Warning C1004  Ambiguous reference, assuming memvar: 'XNIVEL'
RH511.PRG(50)  Warning C1004  Ambiguous reference, assuming memvar: 'XNIVEL'
RH511.PRG(50)  Warning C1004  Ambiguous reference, assuming memvar: 'XNIVEL'
RH511.PRG(50)  Warning C1004  Ambiguous reference, assuming memvar: 'XNIVEL'
RH511.PRG(63)  Warning C1003  Ambiguous reference: 'XNIVEL'
RH511.PRG(63)  Warning C1003  Ambiguous reference: 'CORDEM'
RH511.PRG(65)  Warning C1003  Ambiguous reference: 'CCENTRO'
RH511.PRG(66)  Warning C1003  Ambiguous reference: 'CCENTRO'
RH511.PRG(70)  Warning C1003  Ambiguous reference: 'CCENTRO'
RH511.PRG(75)  Warning C1003  Ambiguous reference: 'XNIVEL'
RH511.PRG(75)  Warning C1003  Ambiguous reference: 'CCENTRO'
RH511.PRG(77)  Warning C1003  Ambiguous reference: 'XNIVEL'
RH511.PRG(77)  Warning C1003  Ambiguous reference: 'CFILIAL'
RH511.PRG(88)  Warning C1004  Ambiguous reference, assuming memvar: 'CTITULO'
RH511.PRG(89)  Warning C1004  Ambiguous reference, assuming memvar: 'CTITULO'
RH511.PRG(89)  Warning C1003  Ambiguous reference: 'XDATASYS'
RH511.PRG(89)  Warning C1003  Ambiguous reference: 'XDATASYS'
RH511.PRG(89)  Warning C1004  Ambiguous reference, assuming memvar: 'CTITULO'
RH511.PRG(94)  Warning C1003  Ambiguous reference: 'CORDEM'
RH511.PRG(95)  Warning C1003  Ambiguous reference: 'CORDEM'
RH511.PRG(102) Warning C1003  Ambiguous reference: 'MATRICULA'
RH511.PRG(102) Warning C1003  Ambiguous reference: 'XANOMES'
RH511.PRG(103) Warning C1003  Ambiguous reference: 'CENTRO'
RH511.PRG(104) Warning C1003  Ambiguous reference: 'FILIAL'
RH511.PRG(115) Warning C1004  Ambiguous reference, assuming memvar: 'NTOTDT'
RH511.PRG(115) Warning C1004  Ambiguous reference, assuming memvar: 'NTOTFE'
RH511.PRG(115) Warning C1004  Ambiguous reference, assuming memvar: 'NTOTMS'
RH511.PRG(115) Warning C1004  Ambiguous reference, assuming memvar: 'NVALDT'
RH511.PRG(115) Warning C1004  Ambiguous reference, assuming memvar: 'NVALFE'
RH511.PRG(116) Warning C1004  Ambiguous reference, assuming memvar: 'NTT_BASEDT'
RH511.PRG(116) Warning C1004  Ambiguous reference, assuming memvar: 'NTT_BASEFE'
RH511.PRG(121) Warning C1001  RETURN statement with no value in function
RH511.PRG(127) Warning C1001  RETURN statement with no value in function
RH511.PRG(129) Warning C1003  Ambiguous reference: 'XPAGINA'
RH511.PRG(131) Warning C1003  Ambiguous reference: 'CTITULO'
RH511.PRG(133) Warning C1003  Ambiguous reference: 'XCOND1'
RH511.PRG(133) Warning C1003  Ambiguous reference: 'XCOND0'
RH511.PRG(141) Warning C1004  Ambiguous reference, assuming memvar: 'NVALDT'
RH511.PRG(141) Warning C1004  Ambiguous reference, assuming memvar: 'NVALFE'
RH511.PRG(142) Warning C1004  Ambiguous reference, assuming memvar: 'NBASDT'
RH511.PRG(142) Warning C1004  Ambiguous reference, assuming memvar: 'NBASFE'
RH511.PRG(142) Warning C1004  Ambiguous reference, assuming memvar: 'NBASMS'
RH511.PRG(144) Warning C1003  Ambiguous reference: 'XCOND1'
RH511.PRG(149) Warning C1004  Ambiguous reference, assuming memvar: 'NBASMS'
RH511.PRG(151) Warning C1004  Ambiguous reference, assuming memvar: 'NBASFE'
RH511.PRG(152) Warning C1004  Ambiguous reference, assuming memvar: 'NVALFE'
RH511.PRG(153) Warning C1004  Ambiguous reference, assuming memvar: 'NBASDT'
RH511.PRG(154) Warning C1004  Ambiguous reference, assuming memvar: 'NVALDT'
RH511.PRG(156) Warning C1004  Ambiguous reference, assuming memvar: 'NTOTMS'
RH511.PRG(156) Warning C1004  Ambiguous reference, assuming memvar: 'NTOTMS'
RH511.PRG(157) Warning C1004  Ambiguous reference, assuming memvar: 'NTOTFE'
RH511.PRG(157) Warning C1003  Ambiguous reference: 'NVALFE'
RH511.PRG(157) Warning C1004  Ambiguous reference, assuming memvar: 'NTOTFE'
RH511.PRG(158) Warning C1004  Ambiguous reference, assuming memvar: 'NTOTDT'
RH511.PRG(158) Warning C1003  Ambiguous reference: 'NVALDT'
RH511.PRG(158) Warning C1004  Ambiguous reference, assuming memvar: 'NTOTDT'
RH511.PRG(160) Warning C1003  Ambiguous reference: 'NBASMS'
RH511.PRG(161) Warning C1004  Ambiguous reference, assuming memvar: 'NTT_BASEFE'
RH511.PRG(161) Warning C1003  Ambiguous reference: 'NBASFE'
RH511.PRG(161) Warning C1004  Ambiguous reference, assuming memvar: 'NTT_BASEFE'
RH511.PRG(162) Warning C1004  Ambiguous reference, assuming memvar: 'NTT_BASEDT'
RH511.PRG(162) Warning C1003  Ambiguous reference: 'NBASDT'
RH511.PRG(162) Warning C1004  Ambiguous reference, assuming memvar: 'NTT_BASEDT'
RH511.PRG(164) Warning C1003  Ambiguous reference: 'NVALFE'
RH511.PRG(164) Warning C1003  Ambiguous reference: 'NVALDT'
RH511.PRG(164) Warning C1003  Ambiguous reference: 'XCOND0'
RH511.PRG(172) Warning C1003  Ambiguous reference: 'XCOND1'
RH511.PRG(174) Warning C1003  Ambiguous reference: 'NTOTMS'
RH511.PRG(175) Warning C1003  Ambiguous reference: 'NTT_BASEFE'
RH511.PRG(176) Warning C1003  Ambiguous reference: 'NTOTFE'
RH511.PRG(177) Warning C1003  Ambiguous reference: 'NTT_BASEDT'
RH511.PRG(178) Warning C1003  Ambiguous reference: 'NTOTDT'
RH511.PRG(179) Warning C1003  Ambiguous reference: 'NTOTMS'
RH511.PRG(179) Warning C1003  Ambiguous reference: 'NTOTFE'
RH511.PRG(179) Warning C1003  Ambiguous reference: 'NTOTDT'
RH511.PRG(179) Warning C1003  Ambiguous reference: 'XCOND0'
RH511.PRG(185) Warning C1001  RETURN statement with no value in function
RH511.PRG(197) Warning C1003  Ambiguous reference: 'XDATASYS'
RH511.PRG(200) Warning C1003  Ambiguous reference: 'CCENTRO'
RH511.PRG(200) Warning C1003  Ambiguous reference: 'CCENTRO'
RH511.PRG(201) Warning C1003  Ambiguous reference: 'CFILIAL'
RH511.PRG(201) Warning C1003  Ambiguous reference: 'CFILIAL'
111 warnings                
Code size 2452, Symbols 1264, Constants 620
