238K available
Compiling RH516.PRG
RH516.PRG(12)  Warning C1003  Ambiguous reference: 'XNIVEL'
RH516.PRG(12)  Warning C1003  Ambiguous reference: 'XFLAG'
RH516.PRG(14)  Warning C1004  Ambiguous reference, assuming memvar: 'AEDICAO'
RH516.PRG(15)  Warning C1004  Ambiguous reference, assuming memvar: 'NTOTAL'
RH516.PRG(16)  Warning C1004  Ambiguous reference, assuming memvar: 'NDED'
RH516.PRG(17)  Warning C1004  Ambiguous reference, assuming memvar: 'LACHOU'
RH516.PRG(18)  Warning C1004  Ambiguous reference, assuming memvar: 'DDT_VENC'
RH516.PRG(20)  Warning C1004  Ambiguous reference, assuming memvar: 'SBLOCO1'
RH516.PRG(24)  Warning C1003  Ambiguous reference: 'XCGM'
RH516.PRG(28)  Warning C1003  Ambiguous reference: 'AEDICAO'
RH516.PRG(28)  Warning C1003  Ambiguous reference: 'CTIPOREL'
RH516.PRG(28)  Warning C1003  Ambiguous reference: 'SBLOCO1'
RH516.PRG(29)  Warning C1003  Ambiguous reference: 'AEDICAO'
RH516.PRG(29)  Warning C1003  Ambiguous reference: 'DDT_VENC'
RH516.PRG(35)  Warning C1004  Ambiguous reference, assuming memvar: 'XNIVEL'
RH516.PRG(36)  Warning C1004  Ambiguous reference, assuming memvar: 'XFLAG'
RH516.PRG(37)  Warning C1004  Ambiguous reference, assuming memvar: 'DDT_VENC'
RH516.PRG(41)  Warning C1003  Ambiguous reference: 'XNIVEL'
RH516.PRG(41)  Warning C1003  Ambiguous reference: 'XNIVEL'
RH516.PRG(41)  Warning C1003  Ambiguous reference: 'AEDICAO'
RH516.PRG(42)  Warning C1004  Ambiguous reference, assuming memvar: 'AEDICAO'
RH516.PRG(42)  Warning C1003  Ambiguous reference: 'XNIVEL'
RH516.PRG(44)  Warning C1004  Ambiguous reference, assuming memvar: 'AEDICAO'
RH516.PRG(44)  Warning C1003  Ambiguous reference: 'XNIVEL'
RH516.PRG(45)  Warning C1003  Ambiguous reference: 'XFLAG'
RH516.PRG(45)  Warning C1004  Ambiguous reference, assuming memvar: 'XNIVEL'
RH516.PRG(45)  Warning C1004  Ambiguous reference, assuming memvar: 'XNIVEL'
RH516.PRG(45)  Warning C1004  Ambiguous reference, assuming memvar: 'XNIVEL'
RH516.PRG(45)  Warning C1004  Ambiguous reference, assuming memvar: 'XNIVEL'
RH516.PRG(48)  Warning C1003  Ambiguous reference: 'CTIPOREL'
RH516.PRG(50)  Warning C1003  Ambiguous reference: 'LACHOU'
RH516.PRG(56)  Warning C1003  Ambiguous reference: 'LACHOU'
RH516.PRG(75)  Warning C1003  Ambiguous reference: 'XNIVEL'
RH516.PRG(75)  Warning C1003  Ambiguous reference: 'CTIPOREL'
RH516.PRG(78)  Warning C1003  Ambiguous reference: 'DDT_VENC'
RH516.PRG(92)  Warning C1003  Ambiguous reference: 'XDATASYS'
RH516.PRG(92)  Warning C1003  Ambiguous reference: 'XDATASYS'
RH516.PRG(92)  Warning C1004  Ambiguous reference, assuming memvar: 'CANOMES'
RH516.PRG(98)  Warning C1003  Ambiguous reference: 'CANOMES'
RH516.PRG(100) Warning C1003  Ambiguous reference: 'CANOMES'
RH516.PRG(101) Warning C1003  Ambiguous reference: 'CANOMES'
RH516.PRG(106) Warning C1003  Ambiguous reference: 'CANOMES'
RH516.PRG(115) Warning C1004  Ambiguous reference, assuming memvar: 'NTOTAL'
RH516.PRG(115) Warning C1004  Ambiguous reference, assuming memvar: 'NTOTAL'
RH516.PRG(116) Warning C1004  Ambiguous reference, assuming memvar: 'LACHOU'
RH516.PRG(122) Warning C1004  Ambiguous reference, assuming memvar: 'NDED'
RH516.PRG(122) Warning C1004  Ambiguous reference, assuming memvar: 'NDED'
RH516.PRG(135) Warning C1001  RETURN statement with no value in function
RH516.PRG(136) Warning C1001  RETURN statement with no value in function
RH516.PRG(137) Warning C1003  Ambiguous reference: 'XCOND0'
RH516.PRG(140) Warning C1003  Ambiguous reference: 'XDATASYS'
RH516.PRG(142) Warning C1003  Ambiguous reference: 'XCOND1'
RH516.PRG(142) Warning C1003  Ambiguous reference: 'XCGCCPF'
RH516.PRG(142) Warning C1003  Ambiguous reference: 'XCOND0'
RH516.PRG(147) Warning C1003  Ambiguous reference: 'XCOND1'
RH516.PRG(147) Warning C1003  Ambiguous reference: 'XRAZAO'
RH516.PRG(147) Warning C1003  Ambiguous reference: 'XTELEFONE'
RH516.PRG(147) Warning C1003  Ambiguous reference: 'XCOND0'
RH516.PRG(148) Warning C1003  Ambiguous reference: 'DDT_VENC'
RH516.PRG(150) Warning C1003  Ambiguous reference: 'XCOND1'
RH516.PRG(150) Warning C1003  Ambiguous reference: 'NTOTAL'
RH516.PRG(150) Warning C1003  Ambiguous reference: 'NDED'
RH516.PRG(150) Warning C1003  Ambiguous reference: 'XCOND0'
RH516.PRG(156) Warning C1003  Ambiguous reference: 'XCOND1'
RH516.PRG(156) Warning C1003  Ambiguous reference: 'NTOTAL'
RH516.PRG(156) Warning C1003  Ambiguous reference: 'NDED'
RH516.PRG(156) Warning C1003  Ambiguous reference: 'XCOND0'
RH516.PRG(165) Warning C1003  Ambiguous reference: 'DDT_VENC'
RH516.PRG(167) Warning C1003  Ambiguous reference: 'XCOND1'
RH516.PRG(167) Warning C1003  Ambiguous reference: 'XCGCCPF'
RH516.PRG(167) Warning C1003  Ambiguous reference: 'XCOND0'
RH516.PRG(172) Warning C1003  Ambiguous reference: 'XCOND1'
RH516.PRG(172) Warning C1003  Ambiguous reference: 'XRAZAO'
RH516.PRG(172) Warning C1003  Ambiguous reference: 'XTELEFONE'
RH516.PRG(172) Warning C1003  Ambiguous reference: 'XCOND0'
RH516.PRG(173) Warning C1003  Ambiguous reference: 'DDT_VENC'
RH516.PRG(175) Warning C1003  Ambiguous reference: 'XCOND1'
RH516.PRG(175) Warning C1003  Ambiguous reference: 'NTOTAL'
RH516.PRG(175) Warning C1003  Ambiguous reference: 'NDED'
RH516.PRG(175) Warning C1003  Ambiguous reference: 'XCOND0'
RH516.PRG(181) Warning C1003  Ambiguous reference: 'XCOND1'
RH516.PRG(181) Warning C1003  Ambiguous reference: 'NTOTAL'
RH516.PRG(181) Warning C1003  Ambiguous reference: 'NDED'
RH516.PRG(181) Warning C1003  Ambiguous reference: 'XCOND0'
RH516.PRG(189) Warning C1001  RETURN statement with no value in function
RH516.PRG(197) Warning C1003  Ambiguous reference: 'XCOND0'
RH516.PRG(199) Warning C1003  Ambiguous reference: 'XDATASYS'
RH516.PRG(200) Warning C1003  Ambiguous reference: 'XCGCCPF'
RH516.PRG(203) Warning C1003  Ambiguous reference: 'XCOND1'
RH516.PRG(203) Warning C1003  Ambiguous reference: 'XRAZAO'
RH516.PRG(203) Warning C1003  Ambiguous reference: 'XTELEFONE'
RH516.PRG(203) Warning C1003  Ambiguous reference: 'XCOND0'
RH516.PRG(204) Warning C1003  Ambiguous reference: 'DDT_VENC'
RH516.PRG(208) Warning C1003  Ambiguous reference: 'NTOTAL'
RH516.PRG(208) Warning C1003  Ambiguous reference: 'NDED'
RH516.PRG(216) Warning C1003  Ambiguous reference: 'NTOTAL'
RH516.PRG(216) Warning C1003  Ambiguous reference: 'NDED'
RH516.PRG(221) Warning C1001  RETURN statement with no value in function
98 warnings                
Code size 2509, Symbols 864, Constants 3747
