238K available
Compiling RH519.PRG
RH519.PRG(12)  Warning C1003  Ambiguous reference: 'XNIVEL'
RH519.PRG(12)  Warning C1003  Ambiguous reference: 'XFLAG'
RH519.PRG(14)  Warning C1004  Ambiguous reference, assuming memvar: 'SBLOCO1'
RH519.PRG(15)  Warning C1004  Ambiguous reference, assuming memvar: 'SBLOCO3'
RH519.PRG(16)  Warning C1004  Ambiguous reference, assuming memvar: 'SBLOCO4'
RH519.PRG(17)  Warning C1004  Ambiguous reference, assuming memvar: 'SBLOCO5'
RH519.PRG(19)  Warning C1004  Ambiguous reference, assuming memvar: 'AEDICAO'
RH519.PRG(20)  Warning C1004  Ambiguous reference, assuming memvar: 'NSALDO'
RH519.PRG(21)  Warning C1004  Ambiguous reference, assuming memvar: 'NDED'
RH519.PRG(22)  Warning C1004  Ambiguous reference, assuming memvar: 'NCAM_25'
RH519.PRG(23)  Warning C1004  Ambiguous reference, assuming memvar: 'NCAM_26'
RH519.PRG(24)  Warning C1004  Ambiguous reference, assuming memvar: 'NCAM_27'
RH519.PRG(25)  Warning C1004  Ambiguous reference, assuming memvar: 'NCAM_28'
RH519.PRG(26)  Warning C1004  Ambiguous reference, assuming memvar: 'NCAM_29'
RH519.PRG(27)  Warning C1004  Ambiguous reference, assuming memvar: 'NCAM_30'
RH519.PRG(28)  Warning C1004  Ambiguous reference, assuming memvar: 'NCAM_31'
RH519.PRG(29)  Warning C1004  Ambiguous reference, assuming memvar: 'NCAM_32'
RH519.PRG(30)  Warning C1004  Ambiguous reference, assuming memvar: 'NCAM_33'
RH519.PRG(31)  Warning C1004  Ambiguous reference, assuming memvar: 'NCAM_34'
RH519.PRG(32)  Warning C1004  Ambiguous reference, assuming memvar: 'LACHOU'
RH519.PRG(33)  Warning C1004  Ambiguous reference, assuming memvar: 'CMATRICULA'
RH519.PRG(34)  Warning C1004  Ambiguous reference, assuming memvar: 'CCATEG'
RH519.PRG(35)  Warning C1004  Ambiguous reference, assuming memvar: 'CIMP'
RH519.PRG(36)  Warning C1004  Ambiguous reference, assuming memvar: 'CAVISO'
RH519.PRG(37)  Warning C1004  Ambiguous reference, assuming memvar: 'CDISSI'
RH519.PRG(38)  Warning C1004  Ambiguous reference, assuming memvar: 'CANOMES'
RH519.PRG(39)  Warning C1004  Ambiguous reference, assuming memvar: 'CTIPO'
RH519.PRG(43)  Warning C1003  Ambiguous reference: 'XCGM'
RH519.PRG(47)  Warning C1003  Ambiguous reference: 'SITUACAO'
RH519.PRG(48)  Warning C1003  Ambiguous reference: 'AEDICAO'
RH519.PRG(48)  Warning C1003  Ambiguous reference: 'CMATRICULA'
RH519.PRG(49)  Warning C1003  Ambiguous reference: 'AEDICAO'
RH519.PRG(50)  Warning C1003  Ambiguous reference: 'AEDICAO'
RH519.PRG(50)  Warning C1003  Ambiguous reference: 'CCATEG'
RH519.PRG(50)  Warning C1003  Ambiguous reference: 'SBLOCO1'
RH519.PRG(51)  Warning C1003  Ambiguous reference: 'AEDICAO'
RH519.PRG(51)  Warning C1003  Ambiguous reference: 'CAVISO'
RH519.PRG(51)  Warning C1003  Ambiguous reference: 'SBLOCO3'
RH519.PRG(52)  Warning C1003  Ambiguous reference: 'AEDICAO'
RH519.PRG(52)  Warning C1003  Ambiguous reference: 'CDISSI'
RH519.PRG(52)  Warning C1003  Ambiguous reference: 'SBLOCO4'
RH519.PRG(54)  Warning C1003  Ambiguous reference: 'AEDICAO'
RH519.PRG(54)  Warning C1003  Ambiguous reference: 'NSALDO'
RH519.PRG(55)  Warning C1003  Ambiguous reference: 'AEDICAO'
RH519.PRG(55)  Warning C1003  Ambiguous reference: 'NCAM_25'
RH519.PRG(56)  Warning C1003  Ambiguous reference: 'AEDICAO'
RH519.PRG(56)  Warning C1003  Ambiguous reference: 'NCAM_26'
RH519.PRG(57)  Warning C1003  Ambiguous reference: 'AEDICAO'
RH519.PRG(57)  Warning C1003  Ambiguous reference: 'NCAM_27'
RH519.PRG(59)  Warning C1003  Ambiguous reference: 'AEDICAO'
RH519.PRG(59)  Warning C1003  Ambiguous reference: 'NCAM_28'
RH519.PRG(60)  Warning C1003  Ambiguous reference: 'AEDICAO'
RH519.PRG(60)  Warning C1003  Ambiguous reference: 'NCAM_29'
RH519.PRG(61)  Warning C1003  Ambiguous reference: 'AEDICAO'
RH519.PRG(61)  Warning C1003  Ambiguous reference: 'NCAM_30'
RH519.PRG(63)  Warning C1003  Ambiguous reference: 'AEDICAO'
RH519.PRG(63)  Warning C1003  Ambiguous reference: 'NCAM_31'
RH519.PRG(64)  Warning C1003  Ambiguous reference: 'AEDICAO'
RH519.PRG(64)  Warning C1003  Ambiguous reference: 'NCAM_32'
RH519.PRG(65)  Warning C1003  Ambiguous reference: 'AEDICAO'
RH519.PRG(65)  Warning C1003  Ambiguous reference: 'NCAM_33'
RH519.PRG(66)  Warning C1003  Ambiguous reference: 'AEDICAO'
RH519.PRG(66)  Warning C1003  Ambiguous reference: 'NCAM_34'
RH519.PRG(68)  Warning C1003  Ambiguous reference: 'AEDICAO'
RH519.PRG(68)  Warning C1003  Ambiguous reference: 'CTIPO'
RH519.PRG(68)  Warning C1003  Ambiguous reference: 'SBLOCO5'
RH519.PRG(74)  Warning C1004  Ambiguous reference, assuming memvar: 'XNIVEL'
RH519.PRG(75)  Warning C1004  Ambiguous reference, assuming memvar: 'XFLAG'
RH519.PRG(76)  Warning C1004  Ambiguous reference, assuming memvar: 'DDT_VENC'
RH519.PRG(77)  Warning C1004  Ambiguous reference, assuming memvar: 'NSALDO'
RH519.PRG(78)  Warning C1004  Ambiguous reference, assuming memvar: 'NDED'
RH519.PRG(79)  Warning C1004  Ambiguous reference, assuming memvar: 'NCAM_25'
RH519.PRG(80)  Warning C1004  Ambiguous reference, assuming memvar: 'NCAM_26'
RH519.PRG(81)  Warning C1004  Ambiguous reference, assuming memvar: 'NCAM_27'
RH519.PRG(82)  Warning C1004  Ambiguous reference, assuming memvar: 'NCAM_28'
RH519.PRG(83)  Warning C1004  Ambiguous reference, assuming memvar: 'NCAM_29'
RH519.PRG(84)  Warning C1004  Ambiguous reference, assuming memvar: 'NCAM_30'
RH519.PRG(85)  Warning C1004  Ambiguous reference, assuming memvar: 'NCAM_31'
RH519.PRG(86)  Warning C1004  Ambiguous reference, assuming memvar: 'NCAM_32'
RH519.PRG(87)  Warning C1004  Ambiguous reference, assuming memvar: 'NCAM_33'
RH519.PRG(88)  Warning C1004  Ambiguous reference, assuming memvar: 'NCAM_34'
RH519.PRG(91)  Warning C1003  Ambiguous reference: 'XNIVEL'
RH519.PRG(91)  Warning C1003  Ambiguous reference: 'XNIVEL'
RH519.PRG(91)  Warning C1003  Ambiguous reference: 'AEDICAO'
RH519.PRG(92)  Warning C1004  Ambiguous reference, assuming memvar: 'AEDICAO'
RH519.PRG(92)  Warning C1003  Ambiguous reference: 'XNIVEL'
RH519.PRG(94)  Warning C1004  Ambiguous reference, assuming memvar: 'AEDICAO'
RH519.PRG(94)  Warning C1003  Ambiguous reference: 'XNIVEL'
RH519.PRG(95)  Warning C1003  Ambiguous reference: 'XFLAG'
RH519.PRG(95)  Warning C1004  Ambiguous reference, assuming memvar: 'XNIVEL'
RH519.PRG(95)  Warning C1004  Ambiguous reference, assuming memvar: 'XNIVEL'
RH519.PRG(95)  Warning C1004  Ambiguous reference, assuming memvar: 'XNIVEL'
RH519.PRG(95)  Warning C1004  Ambiguous reference, assuming memvar: 'XNIVEL'
RH519.PRG(111) Warning C1003  Ambiguous reference: 'CMATRICULA'
RH519.PRG(112) Warning C1003  Ambiguous reference: 'CMATRICULA'
RH519.PRG(112) Warning C1004  Ambiguous reference, assuming memvar: 'CMATRICULA'
RH519.PRG(121) Warning C1003  Ambiguous reference: 'XNIVEL'
RH519.PRG(135) Warning C1003  Ambiguous reference: 'XNIVEL'
RH519.PRG(135) Warning C1003  Ambiguous reference: 'CCATEG'
RH519.PRG(138) Warning C1003  Ambiguous reference: 'XNIVEL'
RH519.PRG(138) Warning C1003  Ambiguous reference: 'CAVISO'
RH519.PRG(141) Warning C1003  Ambiguous reference: 'XNIVEL'
RH519.PRG(141) Warning C1003  Ambiguous reference: 'CTIPO'
RH519.PRG(146) Warning C1003  Ambiguous reference: 'XNIVEL'
RH519.PRG(146) Warning C1003  Ambiguous reference: 'CDISSI'
RH519.PRG(150) Warning C1003  Ambiguous reference: 'XDATASYS'
RH519.PRG(150) Warning C1003  Ambiguous reference: 'XDATASYS'
RH519.PRG(150) Warning C1004  Ambiguous reference, assuming memvar: 'CMES_ATU'
RH519.PRG(151) Warning C1003  Ambiguous reference: 'XDATASYS'
RH519.PRG(151) Warning C1003  Ambiguous reference: 'XDATASYS'
RH519.PRG(151) Warning C1004  Ambiguous reference, assuming memvar: 'CMES_ANT'
RH519.PRG(153) Warning C1003  Ambiguous reference: 'XDATASYS'
RH519.PRG(153) Warning C1003  Ambiguous reference: 'XDATASYS'
RH519.PRG(153) Warning C1004  Ambiguous reference, assuming memvar: 'XMES_ATU'
RH519.PRG(154) Warning C1003  Ambiguous reference: 'XDATASYS'
RH519.PRG(154) Warning C1003  Ambiguous reference: 'XDATASYS'
RH519.PRG(154) Warning C1004  Ambiguous reference, assuming memvar: 'XMES_ANT'
RH519.PRG(156) Warning C1003  Ambiguous reference: 'ANOMES'
RH519.PRG(156) Warning C1003  Ambiguous reference: 'XMES_ANT'
RH519.PRG(158) Warning C1003  Ambiguous reference: 'ANOMES'
RH519.PRG(158) Warning C1003  Ambiguous reference: 'XMES_ANT'
RH519.PRG(160) Warning C1003  Ambiguous reference: 'ANOMES'
RH519.PRG(160) Warning C1003  Ambiguous reference: 'XMES_ANT'
RH519.PRG(163) Warning C1004  Ambiguous reference, assuming memvar: 'NCAM_25'
RH519.PRG(169) Warning C1003  Ambiguous reference: 'ANOMES'
RH519.PRG(169) Warning C1003  Ambiguous reference: 'XANOMES'
RH519.PRG(171) Warning C1003  Ambiguous reference: 'ANOMES'
RH519.PRG(171) Warning C1003  Ambiguous reference: 'XANOMES'
RH519.PRG(173) Warning C1003  Ambiguous reference: 'ANOMES'
RH519.PRG(173) Warning C1003  Ambiguous reference: 'XANOMES'
RH519.PRG(176) Warning C1004  Ambiguous reference, assuming memvar: 'NCAM_25'
RH519.PRG(181) Warning C1004  Ambiguous reference, assuming memvar: 'NCAM_27'
RH519.PRG(181) Warning C1004  Ambiguous reference, assuming memvar: 'NCAM_27'
RH519.PRG(185) Warning C1004  Ambiguous reference, assuming memvar: 'NDED'
RH519.PRG(185) Warning C1004  Ambiguous reference, assuming memvar: 'NDED'
RH519.PRG(192) Warning C1004  Ambiguous reference, assuming memvar: 'NCAM_26'
RH519.PRG(192) Warning C1004  Ambiguous reference, assuming memvar: 'NCAM_26'
RH519.PRG(193) Warning C1004  Ambiguous reference, assuming memvar: 'NCAM_26'
RH519.PRG(193) Warning C1004  Ambiguous reference, assuming memvar: 'NCAM_26'
RH519.PRG(194) Warning C1003  Ambiguous reference: 'NCAM_26'
RH519.PRG(194) Warning C1003  Ambiguous reference: 'NDED'
RH519.PRG(194) Warning C1004  Ambiguous reference, assuming memvar: 'NCAM_26'
RH519.PRG(194) Warning C1003  Ambiguous reference: 'NCAM_26'
RH519.PRG(196) Warning C1004  Ambiguous reference, assuming memvar: 'NCAM_26'
RH519.PRG(196) Warning C1004  Ambiguous reference, assuming memvar: 'NCAM_26'
RH519.PRG(197) Warning C1004  Ambiguous reference, assuming memvar: 'NCAM_26'
RH519.PRG(197) Warning C1004  Ambiguous reference, assuming memvar: 'NCAM_26'
RH519.PRG(198) Warning C1003  Ambiguous reference: 'NCAM_26'
RH519.PRG(198) Warning C1003  Ambiguous reference: 'NDED'
RH519.PRG(198) Warning C1004  Ambiguous reference, assuming memvar: 'NCAM_26'
RH519.PRG(198) Warning C1003  Ambiguous reference: 'NCAM_26'
RH519.PRG(202) Warning C1004  Ambiguous reference, assuming memvar: 'NCAM_25'
RH519.PRG(209) Warning C1003  Ambiguous reference: 'NCAM_25'
RH519.PRG(209) Warning C1004  Ambiguous reference, assuming memvar: 'NCAM_30'
RH519.PRG(210) Warning C1003  Ambiguous reference: 'NCAM_26'
RH519.PRG(210) Warning C1004  Ambiguous reference, assuming memvar: 'NCAM_31'
RH519.PRG(211) Warning C1003  Ambiguous reference: 'NCAM_27'
RH519.PRG(211) Warning C1004  Ambiguous reference, assuming memvar: 'NCAM_32'
RH519.PRG(214) Warning C1003  Ambiguous reference: 'NCAM_25'
RH519.PRG(214) Warning C1004  Ambiguous reference, assuming memvar: 'NCAM_30'
RH519.PRG(215) Warning C1003  Ambiguous reference: 'NCAM_26'
RH519.PRG(215) Warning C1004  Ambiguous reference, assuming memvar: 'NCAM_31'
RH519.PRG(216) Warning C1003  Ambiguous reference: 'NCAM_27'
RH519.PRG(216) Warning C1004  Ambiguous reference, assuming memvar: 'NCAM_32'
RH519.PRG(219) Warning C1003  Ambiguous reference: 'NSALDO'
RH519.PRG(219) Warning C1003  Ambiguous reference: 'NCAM_30'
RH519.PRG(219) Warning C1003  Ambiguous reference: 'NCAM_31'
RH519.PRG(219) Warning C1003  Ambiguous reference: 'NCAM_32'
RH519.PRG(219) Warning C1004  Ambiguous reference, assuming memvar: 'NCAM_28'
RH519.PRG(220) Warning C1003  Ambiguous reference: 'NCAM_25'
RH519.PRG(220) Warning C1003  Ambiguous reference: 'NCAM_26'
RH519.PRG(220) Warning C1003  Ambiguous reference: 'NCAM_27'
RH519.PRG(220) Warning C1003  Ambiguous reference: 'NCAM_28'
RH519.PRG(220) Warning C1004  Ambiguous reference, assuming memvar: 'NCAM_29'
RH519.PRG(221) Warning C1003  Ambiguous reference: 'NCAM_28'
RH519.PRG(221) Warning C1004  Ambiguous reference, assuming memvar: 'NCAM_33'
RH519.PRG(222) Warning C1003  Ambiguous reference: 'NCAM_30'
RH519.PRG(222) Warning C1003  Ambiguous reference: 'NCAM_31'
RH519.PRG(222) Warning C1003  Ambiguous reference: 'NCAM_32'
RH519.PRG(222) Warning C1003  Ambiguous reference: 'NCAM_33'
RH519.PRG(222) Warning C1004  Ambiguous reference, assuming memvar: 'NCAM_34'
RH519.PRG(234) Warning C1003  Ambiguous reference: 'XDATASYS'
RH519.PRG(234) Warning C1003  Ambiguous reference: 'XDATASYS'
RH519.PRG(234) Warning C1004  Ambiguous reference, assuming memvar: 'CANOMES'
RH519.PRG(235) Warning C1003  Ambiguous reference: 'ANOMES'
RH519.PRG(235) Warning C1003  Ambiguous reference: 'XANOMES'
RH519.PRG(247) Warning C1003  Ambiguous reference: 'CTIPO'
RH519.PRG(253) Warning C1001  RETURN statement with no value in function
RH519.PRG(258) Warning C1001  RETURN statement with no value in function
RH519.PRG(259) Warning C1001  RETURN statement with no value in function
RH519.PRG(260) Warning C1003  Ambiguous reference: 'XCOND0'
RH519.PRG(262) Warning C1003  Ambiguous reference: 'XRAZAO'
RH519.PRG(263) Warning C1003  Ambiguous reference: 'XCOND1'
RH519.PRG(263) Warning C1003  Ambiguous reference: 'XCGCCPF'
RH519.PRG(263) Warning C1003  Ambiguous reference: 'XCOND0'
RH519.PRG(264) Warning C1003  Ambiguous reference: 'XCONTATO'
RH519.PRG(265) Warning C1003  Ambiguous reference: 'XTELEFONE'
RH519.PRG(267) Warning C1003  Ambiguous reference: 'XENDERECO'
RH519.PRG(267) Warning C1003  Ambiguous reference: 'XNUMERO'
RH519.PRG(267) Warning C1003  Ambiguous reference: 'XCOMPL'
RH519.PRG(268) Warning C1003  Ambiguous reference: 'XBAIRRO'
RH519.PRG(270) Warning C1003  Ambiguous reference: 'XCGM'
RH519.PRG(273) Warning C1003  Ambiguous reference: 'XCEP'
RH519.PRG(277) Warning C1003  Ambiguous reference: 'XANOMES'
RH519.PRG(287) Warning C1003  Ambiguous reference: 'CCATEG'
RH519.PRG(289) Warning C1003  Ambiguous reference: 'CCATEG'
RH519.PRG(291) Warning C1003  Ambiguous reference: 'CCATEG'
RH519.PRG(293) Warning C1003  Ambiguous reference: 'CCATEG'
RH519.PRG(295) Warning C1003  Ambiguous reference: 'CCATEG'
RH519.PRG(297) Warning C1003  Ambiguous reference: 'CCATEG'
RH519.PRG(299) Warning C1003  Ambiguous reference: 'CCATEG'
RH519.PRG(301) Warning C1003  Ambiguous reference: 'CCATEG'
RH519.PRG(303) Warning C1003  Ambiguous reference: 'CCATEG'
RH519.PRG(305) Warning C1003  Ambiguous reference: 'CCATEG'
RH519.PRG(307) Warning C1003  Ambiguous reference: 'CCATEG'
RH519.PRG(316) Warning C1003  Ambiguous reference: 'CAVISO'
RH519.PRG(323) Warning C1003  Ambiguous reference: 'NCAM_25'
RH519.PRG(323) Warning C1003  Ambiguous reference: 'NCAM_25'
RH519.PRG(324) Warning C1003  Ambiguous reference: 'NCAM_26'
RH519.PRG(324) Warning C1003  Ambiguous reference: 'NCAM_26'
RH519.PRG(325) Warning C1003  Ambiguous reference: 'NCAM_27'
RH519.PRG(325) Warning C1003  Ambiguous reference: 'NCAM_27'
RH519.PRG(326) Warning C1003  Ambiguous reference: 'NCAM_28'
RH519.PRG(326) Warning C1003  Ambiguous reference: 'NCAM_28'
RH519.PRG(327) Warning C1003  Ambiguous reference: 'NCAM_29'
RH519.PRG(327) Warning C1003  Ambiguous reference: 'NCAM_29'
RH519.PRG(329) Warning C1003  Ambiguous reference: 'NCAM_30'
RH519.PRG(329) Warning C1003  Ambiguous reference: 'NCAM_30'
RH519.PRG(330) Warning C1003  Ambiguous reference: 'NCAM_31'
RH519.PRG(330) Warning C1003  Ambiguous reference: 'NCAM_31'
RH519.PRG(331) Warning C1003  Ambiguous reference: 'NCAM_32'
RH519.PRG(331) Warning C1003  Ambiguous reference: 'NCAM_32'
RH519.PRG(332) Warning C1003  Ambiguous reference: 'NCAM_33'
RH519.PRG(332) Warning C1003  Ambiguous reference: 'NCAM_33'
RH519.PRG(333) Warning C1003  Ambiguous reference: 'NCAM_34'
RH519.PRG(333) Warning C1003  Ambiguous reference: 'NCAM_34'
RH519.PRG(339) Warning C1004  Ambiguous reference, assuming memvar: 'NCAM_25'
RH519.PRG(340) Warning C1004  Ambiguous reference, assuming memvar: 'NCAM_26'
RH519.PRG(341) Warning C1004  Ambiguous reference, assuming memvar: 'NCAM_27'
RH519.PRG(342) Warning C1004  Ambiguous reference, assuming memvar: 'NCAM_28'
RH519.PRG(343) Warning C1004  Ambiguous reference, assuming memvar: 'NCAM_29'
RH519.PRG(344) Warning C1004  Ambiguous reference, assuming memvar: 'NCAM_30'
RH519.PRG(345) Warning C1004  Ambiguous reference, assuming memvar: 'NCAM_31'
RH519.PRG(346) Warning C1004  Ambiguous reference, assuming memvar: 'NCAM_32'
RH519.PRG(347) Warning C1004  Ambiguous reference, assuming memvar: 'NCAM_33'
RH519.PRG(348) Warning C1004  Ambiguous reference, assuming memvar: 'NCAM_34'
RH519.PRG(349) Warning C1004  Ambiguous reference, assuming memvar: 'NDED'
RH519.PRG(351) Warning C1001  RETURN statement with no value in function
RH519.PRG(355) Warning C1001  RETURN statement with no value in function
RH519.PRG(356) Warning C1001  RETURN statement with no value in function
RH519.PRG(357) Warning C1003  Ambiguous reference: 'XCOND1'
RH519.PRG(364) Warning C1003  Ambiguous reference: 'XRAZAO'
RH519.PRG(367) Warning C1003  Ambiguous reference: 'XCGCCPF'
RH519.PRG(367) Warning C1003  Ambiguous reference: 'XCONTATO'
RH519.PRG(367) Warning C1003  Ambiguous reference: 'XTELEFONE'
RH519.PRG(370) Warning C1003  Ambiguous reference: 'XENDERECO'
RH519.PRG(370) Warning C1003  Ambiguous reference: 'XNUMERO'
RH519.PRG(370) Warning C1003  Ambiguous reference: 'XCOMPL'
RH519.PRG(372) Warning C1003  Ambiguous reference: 'XCGM'
RH519.PRG(374) Warning C1003  Ambiguous reference: 'XBAIRRO'
RH519.PRG(374) Warning C1003  Ambiguous reference: 'XCEP'
RH519.PRG(378) Warning C1003  Ambiguous reference: 'XANOMES'
RH519.PRG(387) Warning C1003  Ambiguous reference: 'CCATEG'
RH519.PRG(388) Warning C1004  Ambiguous reference, assuming memvar: 'CIMP'
RH519.PRG(389) Warning C1003  Ambiguous reference: 'CCATEG'
RH519.PRG(390) Warning C1004  Ambiguous reference, assuming memvar: 'CIMP'
RH519.PRG(391) Warning C1003  Ambiguous reference: 'CCATEG'
RH519.PRG(392) Warning C1004  Ambiguous reference, assuming memvar: 'CIMP'
RH519.PRG(393) Warning C1003  Ambiguous reference: 'CCATEG'
RH519.PRG(394) Warning C1004  Ambiguous reference, assuming memvar: 'CIMP'
RH519.PRG(395) Warning C1003  Ambiguous reference: 'CCATEG'
RH519.PRG(396) Warning C1004  Ambiguous reference, assuming memvar: 'CIMP'
RH519.PRG(397) Warning C1003  Ambiguous reference: 'CCATEG'
RH519.PRG(398) Warning C1004  Ambiguous reference, assuming memvar: 'CIMP'
RH519.PRG(399) Warning C1003  Ambiguous reference: 'CCATEG'
RH519.PRG(400) Warning C1004  Ambiguous reference, assuming memvar: 'CIMP'
RH519.PRG(401) Warning C1003  Ambiguous reference: 'CCATEG'
RH519.PRG(402) Warning C1004  Ambiguous reference, assuming memvar: 'CIMP'
RH519.PRG(403) Warning C1003  Ambiguous reference: 'CCATEG'
RH519.PRG(404) Warning C1004  Ambiguous reference, assuming memvar: 'CIMP'
RH519.PRG(405) Warning C1003  Ambiguous reference: 'CCATEG'
RH519.PRG(406) Warning C1004  Ambiguous reference, assuming memvar: 'CIMP'
RH519.PRG(407) Warning C1003  Ambiguous reference: 'CCATEG'
RH519.PRG(408) Warning C1004  Ambiguous reference, assuming memvar: 'CIMP'
RH519.PRG(415) Warning C1003  Ambiguous reference: 'CIMP'
RH519.PRG(415) Warning C1003  Ambiguous reference: 'CAVISO'
RH519.PRG(425) Warning C1003  Ambiguous reference: 'NCAM_25'
RH519.PRG(425) Warning C1003  Ambiguous reference: 'NCAM_25'
RH519.PRG(426) Warning C1003  Ambiguous reference: 'NCAM_26'
RH519.PRG(426) Warning C1003  Ambiguous reference: 'NCAM_26'
RH519.PRG(427) Warning C1003  Ambiguous reference: 'NCAM_27'
RH519.PRG(427) Warning C1003  Ambiguous reference: 'NCAM_27'
RH519.PRG(428) Warning C1003  Ambiguous reference: 'NCAM_28'
RH519.PRG(428) Warning C1003  Ambiguous reference: 'NCAM_28'
RH519.PRG(429) Warning C1003  Ambiguous reference: 'NCAM_29'
RH519.PRG(429) Warning C1003  Ambiguous reference: 'NCAM_29'
RH519.PRG(441) Warning C1003  Ambiguous reference: 'NCAM_30'
RH519.PRG(441) Warning C1003  Ambiguous reference: 'NCAM_30'
RH519.PRG(442) Warning C1003  Ambiguous reference: 'NCAM_31'
RH519.PRG(442) Warning C1003  Ambiguous reference: 'NCAM_31'
RH519.PRG(443) Warning C1003  Ambiguous reference: 'NCAM_32'
RH519.PRG(443) Warning C1003  Ambiguous reference: 'NCAM_32'
RH519.PRG(444) Warning C1003  Ambiguous reference: 'NCAM_33'
RH519.PRG(444) Warning C1003  Ambiguous reference: 'NCAM_33'
RH519.PRG(445) Warning C1003  Ambiguous reference: 'NCAM_34'
RH519.PRG(445) Warning C1003  Ambiguous reference: 'NCAM_34'
RH519.PRG(462) Warning C1004  Ambiguous reference, assuming memvar: 'NCAM_25'
RH519.PRG(463) Warning C1004  Ambiguous reference, assuming memvar: 'NCAM_26'
RH519.PRG(464) Warning C1004  Ambiguous reference, assuming memvar: 'NCAM_27'
RH519.PRG(465) Warning C1004  Ambiguous reference, assuming memvar: 'NCAM_28'
RH519.PRG(466) Warning C1004  Ambiguous reference, assuming memvar: 'NCAM_29'
RH519.PRG(467) Warning C1004  Ambiguous reference, assuming memvar: 'NCAM_30'
RH519.PRG(468) Warning C1004  Ambiguous reference, assuming memvar: 'NCAM_31'
RH519.PRG(469) Warning C1004  Ambiguous reference, assuming memvar: 'NCAM_32'
RH519.PRG(470) Warning C1004  Ambiguous reference, assuming memvar: 'NCAM_33'
RH519.PRG(471) Warning C1004  Ambiguous reference, assuming memvar: 'NCAM_34'
RH519.PRG(472) Warning C1004  Ambiguous reference, assuming memvar: 'NDED'
RH519.PRG(474) Warning C1001  RETURN statement with no value in function
318 warnings                
Code size 6676, Symbols 1760, Constants 6028
