312K available
Compiling RH510.PRG
RH510.PRG(14)  Warning C1003  Ambiguous reference: 'XNIVEL'
RH510.PRG(16)  Warning C1004  Ambiguous reference, assuming memvar: 'SBLOCO1'
RH510.PRG(26)  Warning C1004  Ambiguous reference, assuming memvar: 'AEDICAO'
RH510.PRG(35)  Warning C1003  Ambiguous reference: 'AEDICAO'
RH510.PRG(35)  Warning C1003  Ambiguous reference: 'CPERI'
RH510.PRG(36)  Warning C1003  Ambiguous reference: 'AEDICAO'
RH510.PRG(36)  Warning C1003  Ambiguous reference: 'CPERF'
RH510.PRG(37)  Warning C1003  Ambiguous reference: 'AEDICAO'
RH510.PRG(37)  Warning C1003  Ambiguous reference: 'CCCUSTO'
RH510.PRG(38)  Warning C1003  Ambiguous reference: 'AEDICAO'
RH510.PRG(39)  Warning C1003  Ambiguous reference: 'AEDICAO'
RH510.PRG(39)  Warning C1003  Ambiguous reference: 'NPREMIO'
RH510.PRG(44)  Warning C1004  Ambiguous reference, assuming memvar: 'XNIVEL'
RH510.PRG(45)  Warning C1004  Ambiguous reference, assuming memvar: 'XFLAG'
RH510.PRG(46)  Warning C1004  Ambiguous reference, assuming memvar: 'CCCUSTO'
RH510.PRG(47)  Warning C1004  Ambiguous reference, assuming memvar: 'CPERI'
RH510.PRG(48)  Warning C1004  Ambiguous reference, assuming memvar: 'CPERF'
RH510.PRG(49)  Warning C1004  Ambiguous reference, assuming memvar: 'CANOMESI'
RH510.PRG(50)  Warning C1004  Ambiguous reference, assuming memvar: 'CANOMESF'
RH510.PRG(51)  Warning C1004  Ambiguous reference, assuming memvar: 'NPREMIO'
RH510.PRG(52)  Warning C1004  Ambiguous reference, assuming memvar: 'NMEDIA'
RH510.PRG(53)  Warning C1004  Ambiguous reference, assuming memvar: 'NMESES'
RH510.PRG(54)  Warning C1004  Ambiguous reference, assuming memvar: 'NTOTAL'
RH510.PRG(55)  Warning C1004  Ambiguous reference, assuming memvar: 'NCENT'
RH510.PRG(56)  Warning C1004  Ambiguous reference, assuming memvar: 'CTITULO'
RH510.PRG(57)  Warning C1004  Ambiguous reference, assuming memvar: 'DINI'
RH510.PRG(58)  Warning C1004  Ambiguous reference, assuming memvar: 'DFIM'
RH510.PRG(63)  Warning C1003  Ambiguous reference: 'XNIVEL'
RH510.PRG(63)  Warning C1003  Ambiguous reference: 'XNIVEL'
RH510.PRG(63)  Warning C1003  Ambiguous reference: 'AEDICAO'
RH510.PRG(64)  Warning C1004  Ambiguous reference, assuming memvar: 'AEDICAO'
RH510.PRG(64)  Warning C1003  Ambiguous reference: 'XNIVEL'
RH510.PRG(66)  Warning C1004  Ambiguous reference, assuming memvar: 'AEDICAO'
RH510.PRG(66)  Warning C1003  Ambiguous reference: 'XNIVEL'
RH510.PRG(67)  Warning C1003  Ambiguous reference: 'XFLAG'
RH510.PRG(67)  Warning C1004  Ambiguous reference, assuming memvar: 'XNIVEL'
RH510.PRG(67)  Warning C1004  Ambiguous reference, assuming memvar: 'XNIVEL'
RH510.PRG(67)  Warning C1004  Ambiguous reference, assuming memvar: 'XNIVEL'
RH510.PRG(67)  Warning C1004  Ambiguous reference, assuming memvar: 'XNIVEL'
RH510.PRG(78)  Warning C1003  Ambiguous reference: 'XFLAG'
RH510.PRG(81)  Warning C1003  Ambiguous reference: 'CCCUSTO'
RH510.PRG(82)  Warning C1003  Ambiguous reference: 'CCCUSTO'
RH510.PRG(83)  Warning C1003  Ambiguous reference: 'CCCUSTO'
RH510.PRG(87)  Warning C1003  Ambiguous reference: 'XNIVEL'
RH510.PRG(100) Warning C1004  Ambiguous reference, assuming memvar: 'CTITULO'
RH510.PRG(102) Warning C1003  Ambiguous reference: 'CPERI'
RH510.PRG(102) Warning C1003  Ambiguous reference: 'CPERI'
RH510.PRG(102) Warning C1004  Ambiguous reference, assuming memvar: 'DINI'
RH510.PRG(103) Warning C1003  Ambiguous reference: 'CPERF'
RH510.PRG(103) Warning C1003  Ambiguous reference: 'CPERF'
RH510.PRG(103) Warning C1004  Ambiguous reference, assuming memvar: 'DFIM'
RH510.PRG(107) Warning C1003  Ambiguous reference: 'CCUSTO'
RH510.PRG(107) Warning C1003  Ambiguous reference: 'CCCUSTO'
RH510.PRG(107) Warning C1003  Ambiguous reference: 'ANOMES'
RH510.PRG(107) Warning C1003  Ambiguous reference: 'DINI'
RH510.PRG(107) Warning C1003  Ambiguous reference: 'ANOMES'
RH510.PRG(107) Warning C1003  Ambiguous reference: 'DFIM'
RH510.PRG(134) Warning C1001  RETURN statement with no value in function
RH510.PRG(136) Warning C1003  Ambiguous reference: 'CPERI'
RH510.PRG(136) Warning C1003  Ambiguous reference: 'CPERI'
RH510.PRG(136) Warning C1004  Ambiguous reference, assuming memvar: 'CPERI'
RH510.PRG(137) Warning C1003  Ambiguous reference: 'CPERF'
RH510.PRG(137) Warning C1003  Ambiguous reference: 'CPERF'
RH510.PRG(137) Warning C1004  Ambiguous reference, assuming memvar: 'CPERF'
RH510.PRG(146) Warning C1001  RETURN statement with no value in function
RH510.PRG(150) Warning C1003  Ambiguous reference: 'CPERF'
RH510.PRG(150) Warning C1003  Ambiguous reference: 'CPERF'
RH510.PRG(155) Warning C1003  Ambiguous reference: 'XPAGINA'
RH510.PRG(157) Warning C1003  Ambiguous reference: 'CTITULO'
RH510.PRG(164) Warning C1003  Ambiguous reference: 'CPERF'
RH510.PRG(169) Warning C1003  Ambiguous reference: 'CPERF'
RH510.PRG(176) Warning C1003  Ambiguous reference: 'CPERF'
RH510.PRG(183) Warning C1003  Ambiguous reference: 'CPERF'
RH510.PRG(190) Warning C1003  Ambiguous reference: 'CPERF'
RH510.PRG(197) Warning C1003  Ambiguous reference: 'CPERI'
RH510.PRG(212) Warning C1003  Ambiguous reference: 'CPERI'
RH510.PRG(212) Warning C1003  Ambiguous reference: 'CPERF'
RH510.PRG(220) Warning C1003  Ambiguous reference: 'CCCUSTO'
RH510.PRG(231) Warning C1003  Ambiguous reference: 'NTOTAL'
RH510.PRG(237) Warning C1003  Ambiguous reference: 'NPREMIO'
RH510.PRG(249) Warning C1003  Ambiguous reference: 'NTOTAL'
RH510.PRG(251) Warning C1003  Ambiguous reference: 'NPREMIO'
RH510.PRG(256) Warning C1001  RETURN statement with no value in function
RH510.PRG(263) Warning C1003  Ambiguous reference: 'CPERF'
RH510.PRG(263) Warning C1003  Ambiguous reference: 'CPERF'
RH510.PRG(268) Warning C1003  Ambiguous reference: 'CPERF'
RH510.PRG(271) Warning C1004  Ambiguous reference, assuming memvar: 'NSAL'
RH510.PRG(273) Warning C1004  Ambiguous reference, assuming memvar: 'NSAL'
RH510.PRG(273) Warning C1003  Ambiguous reference: 'CPERF'
RH510.PRG(278) Warning C1004  Ambiguous reference, assuming memvar: 'NSAL'
RH510.PRG(280) Warning C1004  Ambiguous reference, assuming memvar: 'NSAL'
RH510.PRG(280) Warning C1003  Ambiguous reference: 'CPERF'
RH510.PRG(285) Warning C1004  Ambiguous reference, assuming memvar: 'NSAL'
RH510.PRG(287) Warning C1004  Ambiguous reference, assuming memvar: 'NSAL'
RH510.PRG(287) Warning C1003  Ambiguous reference: 'CPERF'
RH510.PRG(291) Warning C1004  Ambiguous reference, assuming memvar: 'NSAL'
RH510.PRG(293) Warning C1004  Ambiguous reference, assuming memvar: 'NSAL'
RH510.PRG(293) Warning C1003  Ambiguous reference: 'CPERF'
RH510.PRG(297) Warning C1004  Ambiguous reference, assuming memvar: 'NSAL'
RH510.PRG(299) Warning C1004  Ambiguous reference, assuming memvar: 'NSAL'
RH510.PRG(299) Warning C1003  Ambiguous reference: 'CPERI'
RH510.PRG(305) Warning C1004  Ambiguous reference, assuming memvar: 'NSAL'
RH510.PRG(307) Warning C1004  Ambiguous reference, assuming memvar: 'NSAL'
RH510.PRG(314) Warning C1003  Ambiguous reference: 'CPERI'
RH510.PRG(314) Warning C1004  Ambiguous reference, assuming memvar: 'NCONT'
RH510.PRG(314) Warning C1004  Ambiguous reference, assuming memvar: 'NCONT'
RH510.PRG(314) Warning C1004  Ambiguous reference, assuming memvar: 'NCONT'
RH510.PRG(314) Warning C1003  Ambiguous reference: 'NCONT'
RH510.PRG(314) Warning C1003  Ambiguous reference: 'CPERF'
RH510.PRG(316) Warning C1004  Ambiguous reference, assuming memvar: 'NMEDIA'
RH510.PRG(316) Warning C1004  Ambiguous reference, assuming memvar: 'NMEDIA'
RH510.PRG(317) Warning C1003  Ambiguous reference: 'NCONT'
RH510.PRG(318) Warning C1004  Ambiguous reference, assuming memvar: 'NCONT'
RH510.PRG(318) Warning C1004  Ambiguous reference, assuming memvar: 'NCONT'
RH510.PRG(322) Warning C1003  Ambiguous reference: 'NCONT'
RH510.PRG(323) Warning C1003  Ambiguous reference: 'CCCUSTO'
RH510.PRG(326) Warning C1004  Ambiguous reference, assuming memvar: 'NMESES'
RH510.PRG(326) Warning C1004  Ambiguous reference, assuming memvar: 'NMESES'
RH510.PRG(329) Warning C1004  Ambiguous reference, assuming memvar: 'NMESES'
RH510.PRG(329) Warning C1004  Ambiguous reference, assuming memvar: 'NMESES'
RH510.PRG(335) Warning C1003  Ambiguous reference: 'NSAL'
RH510.PRG(335) Warning C1003  Ambiguous reference: 'NMEDIA'
RH510.PRG(335) Warning C1003  Ambiguous reference: 'NMESES'
RH510.PRG(335) Warning C1004  Ambiguous reference, assuming memvar: 'NSAL'
RH510.PRG(336) Warning C1004  Ambiguous reference, assuming memvar: 'NTOTAL'
RH510.PRG(336) Warning C1003  Ambiguous reference: 'NSAL'
RH510.PRG(336) Warning C1004  Ambiguous reference, assuming memvar: 'NTOTAL'
RH510.PRG(337) Warning C1004  Ambiguous reference, assuming memvar: 'NSAL'
RH510.PRG(338) Warning C1004  Ambiguous reference, assuming memvar: 'NMEDIA'
RH510.PRG(339) Warning C1004  Ambiguous reference, assuming memvar: 'NMESES'
RH510.PRG(342) Warning C1001  RETURN statement with no value in function
131 warnings                
Code size 3298, Symbols 960, Constants 670
