312K available
Compiling RH517.PRG
RH517.PRG(12)  Warning C1003  Ambiguous reference: 'XNIVEL'
RH517.PRG(12)  Warning C1003  Ambiguous reference: 'XFLAG'
RH517.PRG(14)  Warning C1004  Ambiguous reference, assuming memvar: 'AEDICAO'
RH517.PRG(16)  Warning C1004  Ambiguous reference, assuming memvar: 'NCAM_33'
RH517.PRG(17)  Warning C1004  Ambiguous reference, assuming memvar: 'NCAM_34'
RH517.PRG(18)  Warning C1004  Ambiguous reference, assuming memvar: 'NCAM_35'
RH517.PRG(19)  Warning C1004  Ambiguous reference, assuming memvar: 'NCAM_36'
RH517.PRG(20)  Warning C1004  Ambiguous reference, assuming memvar: 'NCAM_37'
RH517.PRG(21)  Warning C1004  Ambiguous reference, assuming memvar: 'NCAM_38'
RH517.PRG(22)  Warning C1004  Ambiguous reference, assuming memvar: 'NCAM_39'
RH517.PRG(23)  Warning C1004  Ambiguous reference, assuming memvar: 'NCAM_40'
RH517.PRG(24)  Warning C1004  Ambiguous reference, assuming memvar: 'NCAM_41'
RH517.PRG(25)  Warning C1004  Ambiguous reference, assuming memvar: 'NCAM_42'
RH517.PRG(26)  Warning C1004  Ambiguous reference, assuming memvar: 'NCAM_43'
RH517.PRG(27)  Warning C1004  Ambiguous reference, assuming memvar: 'NCAM_44'
RH517.PRG(28)  Warning C1004  Ambiguous reference, assuming memvar: 'NCAM_45'
RH517.PRG(29)  Warning C1004  Ambiguous reference, assuming memvar: 'NCAM_46'
RH517.PRG(30)  Warning C1004  Ambiguous reference, assuming memvar: 'CSIND'
RH517.PRG(31)  Warning C1004  Ambiguous reference, assuming memvar: 'DDATA_INI'
RH517.PRG(37)  Warning C1003  Ambiguous reference: 'AEDICAO'
RH517.PRG(37)  Warning C1003  Ambiguous reference: 'CSIND'
RH517.PRG(38)  Warning C1003  Ambiguous reference: 'AEDICAO'
RH517.PRG(39)  Warning C1003  Ambiguous reference: 'AEDICAO'
RH517.PRG(39)  Warning C1003  Ambiguous reference: 'DDATA_INI'
RH517.PRG(40)  Warning C1003  Ambiguous reference: 'AEDICAO'
RH517.PRG(40)  Warning C1003  Ambiguous reference: 'NCAM_33'
RH517.PRG(41)  Warning C1003  Ambiguous reference: 'AEDICAO'
RH517.PRG(41)  Warning C1003  Ambiguous reference: 'NCAM_34'
RH517.PRG(42)  Warning C1003  Ambiguous reference: 'AEDICAO'
RH517.PRG(42)  Warning C1003  Ambiguous reference: 'NCAM_35'
RH517.PRG(43)  Warning C1003  Ambiguous reference: 'AEDICAO'
RH517.PRG(43)  Warning C1003  Ambiguous reference: 'NCAM_36'
RH517.PRG(44)  Warning C1003  Ambiguous reference: 'AEDICAO'
RH517.PRG(44)  Warning C1003  Ambiguous reference: 'NCAM_37'
RH517.PRG(45)  Warning C1003  Ambiguous reference: 'AEDICAO'
RH517.PRG(45)  Warning C1003  Ambiguous reference: 'NCAM_38'
RH517.PRG(46)  Warning C1003  Ambiguous reference: 'AEDICAO'
RH517.PRG(46)  Warning C1003  Ambiguous reference: 'NCAM_39'
RH517.PRG(47)  Warning C1003  Ambiguous reference: 'AEDICAO'
RH517.PRG(47)  Warning C1003  Ambiguous reference: 'NCAM_40'
RH517.PRG(48)  Warning C1003  Ambiguous reference: 'AEDICAO'
RH517.PRG(48)  Warning C1003  Ambiguous reference: 'NCAM_41'
RH517.PRG(49)  Warning C1003  Ambiguous reference: 'AEDICAO'
RH517.PRG(49)  Warning C1003  Ambiguous reference: 'NCAM_42'
RH517.PRG(50)  Warning C1003  Ambiguous reference: 'AEDICAO'
RH517.PRG(50)  Warning C1003  Ambiguous reference: 'NCAM_43'
RH517.PRG(51)  Warning C1003  Ambiguous reference: 'AEDICAO'
RH517.PRG(51)  Warning C1003  Ambiguous reference: 'NCAM_44'
RH517.PRG(52)  Warning C1003  Ambiguous reference: 'AEDICAO'
RH517.PRG(52)  Warning C1003  Ambiguous reference: 'NCAM_45'
RH517.PRG(53)  Warning C1003  Ambiguous reference: 'AEDICAO'
RH517.PRG(53)  Warning C1003  Ambiguous reference: 'NCAM_46'
RH517.PRG(59)  Warning C1004  Ambiguous reference, assuming memvar: 'XNIVEL'
RH517.PRG(60)  Warning C1004  Ambiguous reference, assuming memvar: 'XFLAG'
RH517.PRG(64)  Warning C1003  Ambiguous reference: 'XNIVEL'
RH517.PRG(64)  Warning C1003  Ambiguous reference: 'XNIVEL'
RH517.PRG(64)  Warning C1003  Ambiguous reference: 'AEDICAO'
RH517.PRG(65)  Warning C1004  Ambiguous reference, assuming memvar: 'AEDICAO'
RH517.PRG(65)  Warning C1003  Ambiguous reference: 'XNIVEL'
RH517.PRG(67)  Warning C1004  Ambiguous reference, assuming memvar: 'AEDICAO'
RH517.PRG(67)  Warning C1003  Ambiguous reference: 'XNIVEL'
RH517.PRG(68)  Warning C1003  Ambiguous reference: 'XFLAG'
RH517.PRG(68)  Warning C1004  Ambiguous reference, assuming memvar: 'XNIVEL'
RH517.PRG(68)  Warning C1004  Ambiguous reference, assuming memvar: 'XNIVEL'
RH517.PRG(68)  Warning C1004  Ambiguous reference, assuming memvar: 'XNIVEL'
RH517.PRG(68)  Warning C1004  Ambiguous reference, assuming memvar: 'XNIVEL'
RH517.PRG(84)  Warning C1003  Ambiguous reference: 'CSIND'
RH517.PRG(85)  Warning C1003  Ambiguous reference: 'CSIND'
RH517.PRG(85)  Warning C1004  Ambiguous reference, assuming memvar: 'CSIND'
RH517.PRG(90)  Warning C1003  Ambiguous reference: 'XNIVEL'
RH517.PRG(112) Warning C1001  RETURN statement with no value in function
RH517.PRG(113) Warning C1003  Ambiguous reference: 'XCGM'
RH517.PRG(114) Warning C1003  Ambiguous reference: 'XCOND1'
RH517.PRG(115) Warning C1003  Ambiguous reference: 'XCGCCPF'
RH517.PRG(116) Warning C1003  Ambiguous reference: 'XRAZAO'
RH517.PRG(117) Warning C1003  Ambiguous reference: 'XENDERECO'
RH517.PRG(117) Warning C1003  Ambiguous reference: 'XNUMERO'
RH517.PRG(117) Warning C1003  Ambiguous reference: 'XCOMPL'
RH517.PRG(118) Warning C1003  Ambiguous reference: 'XBAIRRO'
RH517.PRG(118) Warning C1003  Ambiguous reference: 'XCEP'
RH517.PRG(120) Warning C1003  Ambiguous reference: 'XCGCCPF'
RH517.PRG(124) Warning C1003  Ambiguous reference: 'CSIND'
RH517.PRG(136) Warning C1003  Ambiguous reference: 'XCGM'
RH517.PRG(137) Warning C1003  Ambiguous reference: 'XRAZAO'
RH517.PRG(138) Warning C1003  Ambiguous reference: 'XENDERECO'
RH517.PRG(139) Warning C1003  Ambiguous reference: 'XNUMERO'
RH517.PRG(140) Warning C1003  Ambiguous reference: 'XCOMPL'
RH517.PRG(141) Warning C1003  Ambiguous reference: 'DDATA_INI'
RH517.PRG(143) Warning C1003  Ambiguous reference: 'XCEP'
RH517.PRG(145) Warning C1003  Ambiguous reference: 'XBAIRRO'
RH517.PRG(154) Warning C1003  Ambiguous reference: 'NCAM_42'
RH517.PRG(157) Warning C1003  Ambiguous reference: 'NCAM_33'
RH517.PRG(158) Warning C1003  Ambiguous reference: 'NCAM_38'
RH517.PRG(159) Warning C1003  Ambiguous reference: 'NCAM_43'
RH517.PRG(161) Warning C1003  Ambiguous reference: 'NCAM_34'
RH517.PRG(162) Warning C1003  Ambiguous reference: 'NCAM_39'
RH517.PRG(163) Warning C1003  Ambiguous reference: 'NCAM_44'
RH517.PRG(165) Warning C1003  Ambiguous reference: 'NCAM_35'
RH517.PRG(166) Warning C1003  Ambiguous reference: 'NCAM_40'
RH517.PRG(167) Warning C1003  Ambiguous reference: 'NCAM_45'
RH517.PRG(169) Warning C1003  Ambiguous reference: 'NCAM_36'
RH517.PRG(170) Warning C1003  Ambiguous reference: 'NCAM_41'
RH517.PRG(171) Warning C1003  Ambiguous reference: 'NCAM_46'
RH517.PRG(173) Warning C1003  Ambiguous reference: 'NCAM_37'
RH517.PRG(180) Warning C1001  RETURN statement with no value in function
105 warnings                
Code size 2256, Symbols 944, Constants 768
