312K available
Compiling RH513.PRG
RH513.PRG(14)  Warning C1003  Ambiguous reference: 'XNIVEL'
RH513.PRG(14)  Warning C1003  Ambiguous reference: 'XFLAG'
RH513.PRG(14)  Warning C1003  Ambiguous reference: 'CORDEM'
RH513.PRG(16)  Warning C1004  Ambiguous reference, assuming memvar: 'SBLOCO1'
RH513.PRG(23)  Warning C1004  Ambiguous reference, assuming memvar: 'AEDICAO'
RH513.PRG(25)  Warning C1003  Ambiguous reference: 'ANOMES'
RH513.PRG(25)  Warning C1003  Ambiguous reference: 'XANOMES'
RH513.PRG(29)  Warning C1003  Ambiguous reference: 'AEDICAO'
RH513.PRG(29)  Warning C1003  Ambiguous reference: 'CORDEM'
RH513.PRG(29)  Warning C1003  Ambiguous reference: 'SBLOCO1'
RH513.PRG(30)  Warning C1003  Ambiguous reference: 'AEDICAO'
RH513.PRG(30)  Warning C1003  Ambiguous reference: 'CCENTRO'
RH513.PRG(31)  Warning C1003  Ambiguous reference: 'AEDICAO'
RH513.PRG(32)  Warning C1003  Ambiguous reference: 'AEDICAO'
RH513.PRG(32)  Warning C1003  Ambiguous reference: 'CFILIAL'
RH513.PRG(33)  Warning C1003  Ambiguous reference: 'AEDICAO'
RH513.PRG(38)  Warning C1004  Ambiguous reference, assuming memvar: 'XNIVEL'
RH513.PRG(39)  Warning C1004  Ambiguous reference, assuming memvar: 'XFLAG'
RH513.PRG(40)  Warning C1004  Ambiguous reference, assuming memvar: 'CORDEM'
RH513.PRG(41)  Warning C1004  Ambiguous reference, assuming memvar: 'CCENTRO'
RH513.PRG(42)  Warning C1004  Ambiguous reference, assuming memvar: 'CFILIAL'
RH513.PRG(46)  Warning C1003  Ambiguous reference: 'XNIVEL'
RH513.PRG(46)  Warning C1003  Ambiguous reference: 'XNIVEL'
RH513.PRG(46)  Warning C1003  Ambiguous reference: 'AEDICAO'
RH513.PRG(47)  Warning C1004  Ambiguous reference, assuming memvar: 'AEDICAO'
RH513.PRG(47)  Warning C1003  Ambiguous reference: 'XNIVEL'
RH513.PRG(49)  Warning C1004  Ambiguous reference, assuming memvar: 'AEDICAO'
RH513.PRG(49)  Warning C1003  Ambiguous reference: 'XNIVEL'
RH513.PRG(50)  Warning C1003  Ambiguous reference: 'XFLAG'
RH513.PRG(50)  Warning C1004  Ambiguous reference, assuming memvar: 'XNIVEL'
RH513.PRG(50)  Warning C1004  Ambiguous reference, assuming memvar: 'XNIVEL'
RH513.PRG(50)  Warning C1004  Ambiguous reference, assuming memvar: 'XNIVEL'
RH513.PRG(50)  Warning C1004  Ambiguous reference, assuming memvar: 'XNIVEL'
RH513.PRG(63)  Warning C1003  Ambiguous reference: 'XNIVEL'
RH513.PRG(63)  Warning C1003  Ambiguous reference: 'CORDEM'
RH513.PRG(65)  Warning C1003  Ambiguous reference: 'CCENTRO'
RH513.PRG(66)  Warning C1003  Ambiguous reference: 'CCENTRO'
RH513.PRG(70)  Warning C1003  Ambiguous reference: 'CCENTRO'
RH513.PRG(75)  Warning C1003  Ambiguous reference: 'XNIVEL'
RH513.PRG(75)  Warning C1003  Ambiguous reference: 'CCENTRO'
RH513.PRG(77)  Warning C1003  Ambiguous reference: 'XNIVEL'
RH513.PRG(77)  Warning C1003  Ambiguous reference: 'CFILIAL'
RH513.PRG(88)  Warning C1004  Ambiguous reference, assuming memvar: 'CTITULO'
RH513.PRG(89)  Warning C1004  Ambiguous reference, assuming memvar: 'CTITULO'
RH513.PRG(89)  Warning C1003  Ambiguous reference: 'XDATASYS'
RH513.PRG(89)  Warning C1003  Ambiguous reference: 'XDATASYS'
RH513.PRG(89)  Warning C1004  Ambiguous reference, assuming memvar: 'CTITULO'
RH513.PRG(94)  Warning C1003  Ambiguous reference: 'CORDEM'
RH513.PRG(95)  Warning C1003  Ambiguous reference: 'CORDEM'
RH513.PRG(101) Warning C1003  Ambiguous reference: 'MATRICULA'
RH513.PRG(101) Warning C1003  Ambiguous reference: 'XANOMES'
RH513.PRG(102) Warning C1003  Ambiguous reference: 'CENTRO'
RH513.PRG(103) Warning C1003  Ambiguous reference: 'FILIAL'
RH513.PRG(113) Warning C1004  Ambiguous reference, assuming memvar: 'NTOTDT'
RH513.PRG(113) Warning C1004  Ambiguous reference, assuming memvar: 'NTOTFE'
RH513.PRG(113) Warning C1004  Ambiguous reference, assuming memvar: 'NTOTMS'
RH513.PRG(113) Warning C1004  Ambiguous reference, assuming memvar: 'NVALDT'
RH513.PRG(113) Warning C1004  Ambiguous reference, assuming memvar: 'NVALFE'
RH513.PRG(114) Warning C1004  Ambiguous reference, assuming memvar: 'NTT_BASEDT'
RH513.PRG(114) Warning C1004  Ambiguous reference, assuming memvar: 'NTT_BASEFE'
RH513.PRG(119) Warning C1001  RETURN statement with no value in function
RH513.PRG(125) Warning C1001  RETURN statement with no value in function
RH513.PRG(127) Warning C1003  Ambiguous reference: 'XPAGINA'
RH513.PRG(129) Warning C1003  Ambiguous reference: 'CTITULO'
RH513.PRG(131) Warning C1003  Ambiguous reference: 'XCOND1'
RH513.PRG(131) Warning C1003  Ambiguous reference: 'XCOND0'
RH513.PRG(139) Warning C1004  Ambiguous reference, assuming memvar: 'NVALDT'
RH513.PRG(139) Warning C1004  Ambiguous reference, assuming memvar: 'NVALFE'
RH513.PRG(140) Warning C1004  Ambiguous reference, assuming memvar: 'NBASDT'
RH513.PRG(140) Warning C1004  Ambiguous reference, assuming memvar: 'NBASFE'
RH513.PRG(140) Warning C1004  Ambiguous reference, assuming memvar: 'NBASMS'
RH513.PRG(142) Warning C1003  Ambiguous reference: 'XCOND1'
RH513.PRG(147) Warning C1004  Ambiguous reference, assuming memvar: 'NBASMS'
RH513.PRG(149) Warning C1004  Ambiguous reference, assuming memvar: 'NBASFE'
RH513.PRG(150) Warning C1004  Ambiguous reference, assuming memvar: 'NVALFE'
RH513.PRG(151) Warning C1004  Ambiguous reference, assuming memvar: 'NBASDT'
RH513.PRG(152) Warning C1004  Ambiguous reference, assuming memvar: 'NVALDT'
RH513.PRG(154) Warning C1004  Ambiguous reference, assuming memvar: 'NTOTMS'
RH513.PRG(154) Warning C1004  Ambiguous reference, assuming memvar: 'NTOTMS'
RH513.PRG(155) Warning C1004  Ambiguous reference, assuming memvar: 'NTOTFE'
RH513.PRG(155) Warning C1003  Ambiguous reference: 'NVALFE'
RH513.PRG(155) Warning C1004  Ambiguous reference, assuming memvar: 'NTOTFE'
RH513.PRG(156) Warning C1004  Ambiguous reference, assuming memvar: 'NTOTDT'
RH513.PRG(156) Warning C1003  Ambiguous reference: 'NVALDT'
RH513.PRG(156) Warning C1004  Ambiguous reference, assuming memvar: 'NTOTDT'
RH513.PRG(158) Warning C1003  Ambiguous reference: 'NBASMS'
RH513.PRG(159) Warning C1004  Ambiguous reference, assuming memvar: 'NTT_BASEFE'
RH513.PRG(159) Warning C1003  Ambiguous reference: 'NBASFE'
RH513.PRG(159) Warning C1004  Ambiguous reference, assuming memvar: 'NTT_BASEFE'
RH513.PRG(160) Warning C1004  Ambiguous reference, assuming memvar: 'NTT_BASEDT'
RH513.PRG(160) Warning C1003  Ambiguous reference: 'NBASDT'
RH513.PRG(160) Warning C1004  Ambiguous reference, assuming memvar: 'NTT_BASEDT'
RH513.PRG(161) Warning C1003  Ambiguous reference: 'NVALFE'
RH513.PRG(161) Warning C1003  Ambiguous reference: 'NVALDT'
RH513.PRG(161) Warning C1003  Ambiguous reference: 'XCOND0'
RH513.PRG(169) Warning C1003  Ambiguous reference: 'XCOND1'
RH513.PRG(171) Warning C1003  Ambiguous reference: 'NTOTMS'
RH513.PRG(172) Warning C1003  Ambiguous reference: 'NTT_BASEFE'
RH513.PRG(173) Warning C1003  Ambiguous reference: 'NTOTFE'
RH513.PRG(174) Warning C1003  Ambiguous reference: 'NTT_BASEDT'
RH513.PRG(175) Warning C1003  Ambiguous reference: 'NTOTDT'
RH513.PRG(176) Warning C1003  Ambiguous reference: 'NTOTMS'
RH513.PRG(176) Warning C1003  Ambiguous reference: 'NTOTFE'
RH513.PRG(176) Warning C1003  Ambiguous reference: 'NTOTDT'
RH513.PRG(176) Warning C1003  Ambiguous reference: 'XCOND0'
RH513.PRG(182) Warning C1001  RETURN statement with no value in function
RH513.PRG(191) Warning C1003  Ambiguous reference: 'XDATASYS'
RH513.PRG(195) Warning C1003  Ambiguous reference: 'CCENTRO'
RH513.PRG(195) Warning C1003  Ambiguous reference: 'CCENTRO'
RH513.PRG(196) Warning C1003  Ambiguous reference: 'CFILIAL'
RH513.PRG(196) Warning C1003  Ambiguous reference: 'CFILIAL'
111 warnings                
Code size 2420, Symbols 1264, Constants 620
