238K available
Compiling RH518.PRG
RH518.PRG(17)  Warning C1004  Ambiguous reference, assuming memvar: 'SBLOCO1'
RH518.PRG(19)  Warning C1004  Ambiguous reference, assuming memvar: 'LPAUSA'
RH518.PRG(20)  Warning C1004  Ambiguous reference, assuming memvar: 'CLOCALIMP'
RH518.PRG(24)  Warning C1004  Ambiguous reference, assuming memvar: 'CAMBIENTE'
RH518.PRG(25)  Warning C1004  Ambiguous reference, assuming memvar: 'CANOMES'
RH518.PRG(26)  Warning C1003  Ambiguous reference: 'XANOMES'
RH518.PRG(26)  Warning C1003  Ambiguous reference: 'XANOMES'
RH518.PRG(26)  Warning C1004  Ambiguous reference, assuming memvar: 'CMESANO'
RH518.PRG(36)  Warning C1003  Ambiguous reference: 'CAMBIENTE'
RH518.PRG(36)  Warning C1003  Ambiguous reference: 'SBLOCO1'
RH518.PRG(38)  Warning C1003  Ambiguous reference: 'CAMBIENTE'
RH518.PRG(42)  Warning C1003  Ambiguous reference: 'CMESANO'
RH518.PRG(46)  Warning C1003  Ambiguous reference: 'CMESANO'
RH518.PRG(46)  Warning C1003  Ambiguous reference: 'CMESANO'
RH518.PRG(46)  Warning C1004  Ambiguous reference, assuming memvar: 'CANOMES'
RH518.PRG(48)  Warning C1004  Ambiguous reference, assuming memvar: 'CLOCALIMP'
RH518.PRG(52)  Warning C1004  Ambiguous reference, assuming memvar: 'AEMP'
RH518.PRG(61)  Warning C1004  Ambiguous reference, assuming memvar: 'LPAUSA'
RH518.PRG(68)  Warning C1003  Ambiguous reference: 'AEMP'
RH518.PRG(71)  Warning C1003  Ambiguous reference: 'AEMP'
RH518.PRG(72)  Warning C1004  Ambiguous reference, assuming memvar: 'AEMP'
RH518.PRG(90)  Warning C1003  Ambiguous reference: 'XDRV_RH'
RH518.PRG(91)  Warning C1003  Ambiguous reference: 'XDRV_RH'
RH518.PRG(92)  Warning C1003  Ambiguous reference: 'XDRV_RH'
RH518.PRG(93)  Warning C1003  Ambiguous reference: 'XDRV_RH'
RH518.PRG(94)  Warning C1003  Ambiguous reference: 'XDRV_RH'
RH518.PRG(96)  Warning C1003  Ambiguous reference: 'XDRV_RH'
RH518.PRG(98)  Warning C1003  Ambiguous reference: 'ANOMES'
RH518.PRG(98)  Warning C1003  Ambiguous reference: 'CANOMES'
RH518.PRG(100) Warning C1003  Ambiguous reference: 'ANOMES'
RH518.PRG(100) Warning C1003  Ambiguous reference: 'CANOMES'
RH518.PRG(104) Warning C1003  Ambiguous reference: 'MATRICULA'
RH518.PRG(104) Warning C1003  Ambiguous reference: 'CANOMES'
RH518.PRG(106) Warning C1003  Ambiguous reference: 'CODIGO'
RH518.PRG(114) Warning C1003  Ambiguous reference: 'XRAZAO'
RH518.PRG(117) Warning C1004  Ambiguous reference, assuming memvar: 'XNIVEL'
RH518.PRG(118) Warning C1004  Ambiguous reference, assuming memvar: 'NAUTO'
RH518.PRG(119) Warning C1004  Ambiguous reference, assuming memvar: 'CMENSA1'
RH518.PRG(120) Warning C1004  Ambiguous reference, assuming memvar: 'CMENSA2'
RH518.PRG(122) Warning C1003  Ambiguous reference: 'LPAUSA'
RH518.PRG(123) Warning C1003  Ambiguous reference: 'NAUTO'
RH518.PRG(128) Warning C1004  Ambiguous reference, assuming memvar: 'XNIVEL'
RH518.PRG(128) Warning C1004  Ambiguous reference, assuming memvar: 'XNIVEL'
RH518.PRG(129) Warning C1003  Ambiguous reference: 'CMENSA1'
RH518.PRG(134) Warning C1004  Ambiguous reference, assuming memvar: 'XNIVEL'
RH518.PRG(134) Warning C1004  Ambiguous reference, assuming memvar: 'XNIVEL'
RH518.PRG(135) Warning C1003  Ambiguous reference: 'CMENSA2'
RH518.PRG(159) Warning C1001  RETURN statement with no value in function
RH518.PRG(166) Warning C1004  Ambiguous reference, assuming memvar: 'NTOTSAT'
RH518.PRG(166) Warning C1004  Ambiguous reference, assuming memvar: 'NTOTLIQ'
RH518.PRG(166) Warning C1004  Ambiguous reference, assuming memvar: 'NTOTDED'
RH518.PRG(166) Warning C1004  Ambiguous reference, assuming memvar: 'NTOTTER'
RH518.PRG(166) Warning C1004  Ambiguous reference, assuming memvar: 'NTOTEMP'
RH518.PRG(168) Warning C1004  Ambiguous reference, assuming memvar: 'NACUMULA'
RH518.PRG(168) Warning C1004  Ambiguous reference, assuming memvar: 'NTBASE2'
RH518.PRG(168) Warning C1004  Ambiguous reference, assuming memvar: 'NTBASE1'
RH518.PRG(172) Warning C1003  Ambiguous reference: 'CANOMES'
RH518.PRG(172) Warning C1003  Ambiguous reference: 'CANOMES'
RH518.PRG(173) Warning C1003  Ambiguous reference: 'CANOMES'
RH518.PRG(173) Warning C1003  Ambiguous reference: 'CANOMES'
RH518.PRG(177) Warning C1003  Ambiguous reference: 'CLOCALIMP'
RH518.PRG(177) Warning C1001  RETURN statement with no value in function
RH518.PRG(180) Warning C1003  Ambiguous reference: 'CLOCALIMP'
RH518.PRG(181) Warning C1003  Ambiguous reference: 'XLOCALIMP'
RH518.PRG(181) Warning C1004  Ambiguous reference, assuming memvar: 'CLOCALIMP'
RH518.PRG(195) Warning C1003  Ambiguous reference: 'XDATASYS'
RH518.PRG(219) Warning C1003  Ambiguous reference: 'CANOMES'
RH518.PRG(220) Warning C1003  Ambiguous reference: 'CANOMES'
RH518.PRG(221) Warning C1004  Ambiguous reference, assuming memvar: 'NTBASE1'
RH518.PRG(221) Warning C1004  Ambiguous reference, assuming memvar: 'NTBASE1'
RH518.PRG(226) Warning C1003  Ambiguous reference: 'CANOMES'
RH518.PRG(227) Warning C1003  Ambiguous reference: 'CAMBIENTE'
RH518.PRG(228) Warning C1004  Ambiguous reference, assuming memvar: 'NTBASE2'
RH518.PRG(228) Warning C1004  Ambiguous reference, assuming memvar: 'NTBASE2'
RH518.PRG(231) Warning C1004  Ambiguous reference, assuming memvar: 'NTBASE2'
RH518.PRG(234) Warning C1003  Ambiguous reference: 'CANOMES'
RH518.PRG(235) Warning C1003  Ambiguous reference: 'CAMBIENTE'
RH518.PRG(236) Warning C1004  Ambiguous reference, assuming memvar: 'NTBASE2'
RH518.PRG(236) Warning C1004  Ambiguous reference, assuming memvar: 'NTBASE2'
RH518.PRG(238) Warning C1004  Ambiguous reference, assuming memvar: 'NTBASE2'
RH518.PRG(243) Warning C1004  Ambiguous reference, assuming memvar: 'NTBASE2'
RH518.PRG(243) Warning C1004  Ambiguous reference, assuming memvar: 'NTBASE2'
RH518.PRG(245) Warning C1003  Ambiguous reference: 'CAMBIENTE'
RH518.PRG(246) Warning C1004  Ambiguous reference, assuming memvar: 'NTBASE1'
RH518.PRG(246) Warning C1004  Ambiguous reference, assuming memvar: 'NTBASE1'
RH518.PRG(248) Warning C1004  Ambiguous reference, assuming memvar: 'NTBASE1'
RH518.PRG(248) Warning C1004  Ambiguous reference, assuming memvar: 'NTBASE1'
RH518.PRG(256) Warning C1003  Ambiguous reference: 'CAMBIENTE'
RH518.PRG(264) Warning C1003  Ambiguous reference: 'CAMBIENTE'
RH518.PRG(265) Warning C1003  Ambiguous reference: 'CANOMES'
RH518.PRG(266) Warning C1004  Ambiguous reference, assuming memvar: 'NTOTDED'
RH518.PRG(266) Warning C1004  Ambiguous reference, assuming memvar: 'NTOTDED'
RH518.PRG(269) Warning C1003  Ambiguous reference: 'CANOMES'
RH518.PRG(270) Warning C1004  Ambiguous reference, assuming memvar: 'NTOTDED'
RH518.PRG(270) Warning C1004  Ambiguous reference, assuming memvar: 'NTOTDED'
RH518.PRG(274) Warning C1003  Ambiguous reference: 'CANOMES'
RH518.PRG(276) Warning C1004  Ambiguous reference, assuming memvar: 'NTOTDED'
RH518.PRG(276) Warning C1004  Ambiguous reference, assuming memvar: 'NTOTDED'
RH518.PRG(290) Warning C1003  Ambiguous reference: 'CMESANO'
RH518.PRG(290) Warning C1003  Ambiguous reference: 'CMESANO'
RH518.PRG(291) Warning C1003  Ambiguous reference: 'NTBASE1'
RH518.PRG(291) Warning C1004  Ambiguous reference, assuming memvar: 'NTOTEMP'
RH518.PRG(292) Warning C1004  Ambiguous reference, assuming memvar: 'NTOTEMP'
RH518.PRG(292) Warning C1003  Ambiguous reference: 'NTBASE2'
RH518.PRG(292) Warning C1004  Ambiguous reference, assuming memvar: 'NTOTEMP'
RH518.PRG(293) Warning C1004  Ambiguous reference, assuming memvar: 'NTOTEMP'
RH518.PRG(293) Warning C1003  Ambiguous reference: 'NAUTO'
RH518.PRG(293) Warning C1004  Ambiguous reference, assuming memvar: 'NTOTEMP'
RH518.PRG(295) Warning C1003  Ambiguous reference: 'NTBASE1'
RH518.PRG(295) Warning C1004  Ambiguous reference, assuming memvar: 'NTOTSAT'
RH518.PRG(299) Warning C1004  Ambiguous reference, assuming memvar: 'NTBASE2'
RH518.PRG(299) Warning C1003  Ambiguous reference: 'NAUTO'
RH518.PRG(299) Warning C1004  Ambiguous reference, assuming memvar: 'NTBASE2'
RH518.PRG(300) Warning C1003  Ambiguous reference: 'NTBASE1'
RH518.PRG(300) Warning C1004  Ambiguous reference, assuming memvar: 'NTOTTER'
RH518.PRG(305) Warning C1003  Ambiguous reference: 'NTOTEMP'
RH518.PRG(305) Warning C1004  Ambiguous reference, assuming memvar: 'NTOTEMP'
RH518.PRG(306) Warning C1003  Ambiguous reference: 'NTOTTER'
RH518.PRG(306) Warning C1004  Ambiguous reference, assuming memvar: 'NTOTTER'
RH518.PRG(307) Warning C1003  Ambiguous reference: 'NTOTSAT'
RH518.PRG(307) Warning C1004  Ambiguous reference, assuming memvar: 'NTOTSAT'
RH518.PRG(308) Warning C1003  Ambiguous reference: 'NTOTDED'
RH518.PRG(308) Warning C1004  Ambiguous reference, assuming memvar: 'NTOTDED'
RH518.PRG(313) Warning C1001  RETURN statement with no value in function
RH518.PRG(315) Warning C1003  Ambiguous reference: 'XCOND1'
RH518.PRG(318) Warning C1003  Ambiguous reference: 'XRAZAO'
RH518.PRG(333) Warning C1003  Ambiguous reference: 'NTOTTER'
RH518.PRG(339) Warning C1003  Ambiguous reference: 'NTOTSAT'
RH518.PRG(345) Warning C1003  Ambiguous reference: 'NTOTEMP'
RH518.PRG(350) Warning C1003  Ambiguous reference: 'NTOTDED'
RH518.PRG(353) Warning C1003  Ambiguous reference: 'NTOTDED'
RH518.PRG(355) Warning C1003  Ambiguous reference: 'NTOTEMP'
RH518.PRG(355) Warning C1003  Ambiguous reference: 'NTOTTER'
RH518.PRG(355) Warning C1003  Ambiguous reference: 'NTOTSAT'
RH518.PRG(355) Warning C1003  Ambiguous reference: 'NTOTDED'
RH518.PRG(362) Warning C1003  Ambiguous reference: 'NTBASE1'
RH518.PRG(364) Warning C1003  Ambiguous reference: 'NTBASE2'
RH518.PRG(365) Warning C1003  Ambiguous reference: 'NTBASE2'
RH518.PRG(373) Warning C1003  Ambiguous reference: 'CMENSA1'
RH518.PRG(374) Warning C1003  Ambiguous reference: 'CMENSA2'
RH518.PRG(386) Warning C1001  RETURN statement with no value in function
RH518.PRG(392) Warning C1003  Ambiguous reference: 'CANOMES'
RH518.PRG(392) Warning C1003  Ambiguous reference: 'CMATRICULA'
RH518.PRG(395) Warning C1007  Function does not end with RETURN
144 warnings                
Code size 3404, Symbols 1696, Constants 1252
