238K available
Compiling RH514.PRG
RH514.PRG(17)  Warning C1004  Ambiguous reference, assuming memvar: 'SBLOCO1'
RH514.PRG(19)  Warning C1004  Ambiguous reference, assuming memvar: 'LPAUSA'
RH514.PRG(20)  Warning C1004  Ambiguous reference, assuming memvar: 'CLOCALIMP'
RH514.PRG(24)  Warning C1004  Ambiguous reference, assuming memvar: 'CAMBIENTE'
RH514.PRG(26)  Warning C1003  Ambiguous reference: 'XANOMES'
RH514.PRG(26)  Warning C1003  Ambiguous reference: 'XANOMES'
RH514.PRG(26)  Warning C1004  Ambiguous reference, assuming memvar: 'CMESANO'
RH514.PRG(27)  Warning C1004  Ambiguous reference, assuming memvar: 'CPAGTO'
RH514.PRG(28)  Warning C1004  Ambiguous reference, assuming memvar: 'CCLASSE'
RH514.PRG(29)  Warning C1004  Ambiguous reference, assuming memvar: 'CFUN'
RH514.PRG(30)  Warning C1004  Ambiguous reference, assuming memvar: 'NJUROS'
RH514.PRG(31)  Warning C1004  Ambiguous reference, assuming memvar: 'NCOMP'
RH514.PRG(40)  Warning C1003  Ambiguous reference: 'CAMBIENTE'
RH514.PRG(40)  Warning C1003  Ambiguous reference: 'SBLOCO1'
RH514.PRG(44)  Warning C1003  Ambiguous reference: 'CAMBIENTE'
RH514.PRG(48)  Warning C1003  Ambiguous reference: 'CMESANO'
RH514.PRG(52)  Warning C1003  Ambiguous reference: 'CMESANO'
RH514.PRG(52)  Warning C1003  Ambiguous reference: 'CMESANO'
RH514.PRG(52)  Warning C1004  Ambiguous reference, assuming memvar: 'CANOMES'
RH514.PRG(54)  Warning C1003  Ambiguous reference: 'CPAGTO'
RH514.PRG(58)  Warning C1003  Ambiguous reference: 'XDRV_RH'
RH514.PRG(58)  Warning C1002  Procedure returns value
RH514.PRG(59)  Warning C1003  Ambiguous reference: 'CPAGTO'
RH514.PRG(61)  Warning C1003  Ambiguous reference: 'CCLASSE'
RH514.PRG(63)  Warning C1003  Ambiguous reference: 'CFUN'
RH514.PRG(65)  Warning C1003  Ambiguous reference: 'CFUN'
RH514.PRG(68)  Warning C1003  Ambiguous reference: 'NJUROS'
RH514.PRG(71)  Warning C1003  Ambiguous reference: 'NCOMP'
RH514.PRG(72)  Warning C1004  Ambiguous reference, assuming memvar: 'CLOCALIMP'
RH514.PRG(76)  Warning C1004  Ambiguous reference, assuming memvar: 'AEMP'
RH514.PRG(83)  Warning C1004  Ambiguous reference, assuming memvar: 'LPAUSA'
RH514.PRG(90)  Warning C1003  Ambiguous reference: 'CPAGTO'
RH514.PRG(91)  Warning C1003  Ambiguous reference: 'XDRV_RH'
RH514.PRG(91)  Warning C1002  Procedure returns value
RH514.PRG(92)  Warning C1003  Ambiguous reference: 'ANOMES'
RH514.PRG(92)  Warning C1003  Ambiguous reference: 'CANOMES'
RH514.PRG(97)  Warning C1003  Ambiguous reference: 'AEMP'
RH514.PRG(100) Warning C1003  Ambiguous reference: 'AEMP'
RH514.PRG(101) Warning C1004  Ambiguous reference, assuming memvar: 'AEMP'
RH514.PRG(120) Warning C1003  Ambiguous reference: 'XDRV_RH'
RH514.PRG(121) Warning C1003  Ambiguous reference: 'XDRV_RH'
RH514.PRG(122) Warning C1003  Ambiguous reference: 'XDRV_RH'
RH514.PRG(123) Warning C1003  Ambiguous reference: 'XDRV_RH'
RH514.PRG(124) Warning C1003  Ambiguous reference: 'XDRV_RH'
RH514.PRG(125) Warning C1003  Ambiguous reference: 'XDRV_RH'
RH514.PRG(127) Warning C1003  Ambiguous reference: 'ANOMES'
RH514.PRG(127) Warning C1003  Ambiguous reference: 'CANOMES'
RH514.PRG(129) Warning C1003  Ambiguous reference: 'ANOMES'
RH514.PRG(129) Warning C1003  Ambiguous reference: 'CANOMES'
RH514.PRG(134) Warning C1003  Ambiguous reference: 'MATRICULA'
RH514.PRG(134) Warning C1003  Ambiguous reference: 'CANOMES'
RH514.PRG(136) Warning C1003  Ambiguous reference: 'CODIGO'
RH514.PRG(144) Warning C1003  Ambiguous reference: 'XRAZAO'
RH514.PRG(147) Warning C1004  Ambiguous reference, assuming memvar: 'XNIVEL'
RH514.PRG(148) Warning C1004  Ambiguous reference, assuming memvar: 'NAUTO'
RH514.PRG(149) Warning C1004  Ambiguous reference, assuming memvar: 'CMENSA1'
RH514.PRG(150) Warning C1004  Ambiguous reference, assuming memvar: 'CMENSA2'
RH514.PRG(152) Warning C1003  Ambiguous reference: 'LPAUSA'
RH514.PRG(153) Warning C1003  Ambiguous reference: 'NAUTO'
RH514.PRG(158) Warning C1004  Ambiguous reference, assuming memvar: 'XNIVEL'
RH514.PRG(158) Warning C1004  Ambiguous reference, assuming memvar: 'XNIVEL'
RH514.PRG(159) Warning C1003  Ambiguous reference: 'CMENSA1'
RH514.PRG(164) Warning C1004  Ambiguous reference, assuming memvar: 'XNIVEL'
RH514.PRG(164) Warning C1004  Ambiguous reference, assuming memvar: 'XNIVEL'
RH514.PRG(165) Warning C1003  Ambiguous reference: 'CMENSA2'
RH514.PRG(189) Warning C1001  RETURN statement with no value in function
RH514.PRG(196) Warning C1004  Ambiguous reference, assuming memvar: 'NTOTLIQ'
RH514.PRG(196) Warning C1004  Ambiguous reference, assuming memvar: 'NTOTDED'
RH514.PRG(196) Warning C1004  Ambiguous reference, assuming memvar: 'NTOTTER'
RH514.PRG(196) Warning C1004  Ambiguous reference, assuming memvar: 'NTOTEMP'
RH514.PRG(198) Warning C1004  Ambiguous reference, assuming memvar: 'NTBASE2'
RH514.PRG(198) Warning C1004  Ambiguous reference, assuming memvar: 'NTBASE1'
RH514.PRG(202) Warning C1003  Ambiguous reference: 'CANOMES'
RH514.PRG(202) Warning C1003  Ambiguous reference: 'CANOMES'
RH514.PRG(203) Warning C1003  Ambiguous reference: 'CANOMES'
RH514.PRG(207) Warning C1003  Ambiguous reference: 'CLOCALIMP'
RH514.PRG(207) Warning C1001  RETURN statement with no value in function
RH514.PRG(210) Warning C1003  Ambiguous reference: 'CLOCALIMP'
RH514.PRG(211) Warning C1003  Ambiguous reference: 'XLOCALIMP'
RH514.PRG(211) Warning C1004  Ambiguous reference, assuming memvar: 'CLOCALIMP'
RH514.PRG(225) Warning C1003  Ambiguous reference: 'XDATASYS'
RH514.PRG(253) Warning C1003  Ambiguous reference: 'CANOMES'
RH514.PRG(254) Warning C1003  Ambiguous reference: 'CANOMES'
RH514.PRG(255) Warning C1004  Ambiguous reference, assuming memvar: 'NTBASE1'
RH514.PRG(255) Warning C1004  Ambiguous reference, assuming memvar: 'NTBASE1'
RH514.PRG(259) Warning C1003  Ambiguous reference: 'CANOMES'
RH514.PRG(260) Warning C1003  Ambiguous reference: 'CAMBIENTE'
RH514.PRG(261) Warning C1004  Ambiguous reference, assuming memvar: 'NTBASE2'
RH514.PRG(261) Warning C1004  Ambiguous reference, assuming memvar: 'NTBASE2'
RH514.PRG(264) Warning C1004  Ambiguous reference, assuming memvar: 'NTBASE2'
RH514.PRG(267) Warning C1003  Ambiguous reference: 'CANOMES'
RH514.PRG(268) Warning C1003  Ambiguous reference: 'CAMBIENTE'
RH514.PRG(269) Warning C1004  Ambiguous reference, assuming memvar: 'NTBASE2'
RH514.PRG(269) Warning C1004  Ambiguous reference, assuming memvar: 'NTBASE2'
RH514.PRG(271) Warning C1004  Ambiguous reference, assuming memvar: 'NTBASE2'
RH514.PRG(276) Warning C1004  Ambiguous reference, assuming memvar: 'NTBASE2'
RH514.PRG(276) Warning C1004  Ambiguous reference, assuming memvar: 'NTBASE2'
RH514.PRG(278) Warning C1003  Ambiguous reference: 'CAMBIENTE'
RH514.PRG(279) Warning C1004  Ambiguous reference, assuming memvar: 'NTBASE1'
RH514.PRG(279) Warning C1004  Ambiguous reference, assuming memvar: 'NTBASE1'
RH514.PRG(281) Warning C1004  Ambiguous reference, assuming memvar: 'NTBASE1'
RH514.PRG(281) Warning C1004  Ambiguous reference, assuming memvar: 'NTBASE1'
RH514.PRG(289) Warning C1003  Ambiguous reference: 'CAMBIENTE'
RH514.PRG(297) Warning C1003  Ambiguous reference: 'CAMBIENTE'
RH514.PRG(298) Warning C1003  Ambiguous reference: 'CANOMES'
RH514.PRG(299) Warning C1004  Ambiguous reference, assuming memvar: 'NTOTDED'
RH514.PRG(299) Warning C1004  Ambiguous reference, assuming memvar: 'NTOTDED'
RH514.PRG(302) Warning C1003  Ambiguous reference: 'CANOMES'
RH514.PRG(303) Warning C1004  Ambiguous reference, assuming memvar: 'NTOTDED'
RH514.PRG(303) Warning C1004  Ambiguous reference, assuming memvar: 'NTOTDED'
RH514.PRG(307) Warning C1003  Ambiguous reference: 'CANOMES'
RH514.PRG(308) Warning C1004  Ambiguous reference, assuming memvar: 'NTOTDED'
RH514.PRG(308) Warning C1004  Ambiguous reference, assuming memvar: 'NTOTDED'
RH514.PRG(322) Warning C1003  Ambiguous reference: 'NTBASE1'
RH514.PRG(322) Warning C1004  Ambiguous reference, assuming memvar: 'NTOTEMP'
RH514.PRG(323) Warning C1004  Ambiguous reference, assuming memvar: 'NTOTEMP'
RH514.PRG(323) Warning C1003  Ambiguous reference: 'NTBASE2'
RH514.PRG(323) Warning C1004  Ambiguous reference, assuming memvar: 'NTOTEMP'
RH514.PRG(324) Warning C1004  Ambiguous reference, assuming memvar: 'NTOTEMP'
RH514.PRG(324) Warning C1003  Ambiguous reference: 'NAUTO'
RH514.PRG(324) Warning C1004  Ambiguous reference, assuming memvar: 'NTOTEMP'
RH514.PRG(325) Warning C1004  Ambiguous reference, assuming memvar: 'NTBASE2'
RH514.PRG(325) Warning C1003  Ambiguous reference: 'NAUTO'
RH514.PRG(325) Warning C1004  Ambiguous reference, assuming memvar: 'NTBASE2'
RH514.PRG(326) Warning C1003  Ambiguous reference: 'NTBASE1'
RH514.PRG(326) Warning C1004  Ambiguous reference, assuming memvar: 'NTOTTER'
RH514.PRG(331) Warning C1003  Ambiguous reference: 'NTOTEMP'
RH514.PRG(331) Warning C1004  Ambiguous reference, assuming memvar: 'NTOTEMP'
RH514.PRG(332) Warning C1003  Ambiguous reference: 'NTOTTER'
RH514.PRG(332) Warning C1004  Ambiguous reference, assuming memvar: 'NTOTTER'
RH514.PRG(333) Warning C1003  Ambiguous reference: 'NTOTDED'
RH514.PRG(333) Warning C1004  Ambiguous reference, assuming memvar: 'NTOTDED'
RH514.PRG(336) Warning C1003  Ambiguous reference: 'NTOTDED'
RH514.PRG(336) Warning C1004  Ambiguous reference, assuming memvar: 'NACUMULA'
RH514.PRG(338) Warning C1003  Ambiguous reference: 'NTOTEMP'
RH514.PRG(338) Warning C1003  Ambiguous reference: 'NTOTTER'
RH514.PRG(338) Warning C1003  Ambiguous reference: 'NTOTDED'
RH514.PRG(338) Warning C1004  Ambiguous reference, assuming memvar: 'NACUMULA'
RH514.PRG(341) Warning C1003  Ambiguous reference: 'NACUMULA'
RH514.PRG(351) Warning C1003  Ambiguous reference: 'NACUMULA'
RH514.PRG(353) Warning C1003  Ambiguous reference: 'NTOTEMP'
RH514.PRG(354) Warning C1003  Ambiguous reference: 'NTOTTER'
RH514.PRG(355) Warning C1003  Ambiguous reference: 'NTOTDED'
RH514.PRG(356) Warning C1003  Ambiguous reference: 'NTBASE1'
RH514.PRG(359) Warning C1003  Ambiguous reference: 'NACUMULA'
RH514.PRG(361) Warning C1003  Ambiguous reference: 'NTOTDED'
RH514.PRG(362) Warning C1003  Ambiguous reference: 'NTBASE1'
RH514.PRG(369) Warning C1001  RETURN statement with no value in function
RH514.PRG(378) Warning C1004  Ambiguous reference, assuming memvar: 'NACUMULA'
RH514.PRG(380) Warning C1001  RETURN statement with no value in function
RH514.PRG(384) Warning C1003  Ambiguous reference: 'NACUMULA'
RH514.PRG(384) Warning C1003  Ambiguous reference: 'NACUMULA'
RH514.PRG(390) Warning C1003  Ambiguous reference: 'NACUMULA'
RH514.PRG(392) Warning C1003  Ambiguous reference: 'NTOTEMP'
RH514.PRG(393) Warning C1003  Ambiguous reference: 'NTOTTER'
RH514.PRG(394) Warning C1003  Ambiguous reference: 'NTOTDED'
RH514.PRG(395) Warning C1003  Ambiguous reference: 'NTBASE1'
RH514.PRG(397) Warning C1003  Ambiguous reference: 'NACUMULA'
RH514.PRG(399) Warning C1003  Ambiguous reference: 'NTOTDED'
RH514.PRG(400) Warning C1003  Ambiguous reference: 'NTBASE1'
RH514.PRG(406) Warning C1001  RETURN statement with no value in function
RH514.PRG(415) Warning C1004  Ambiguous reference, assuming memvar: 'NACUMULA'
RH514.PRG(417) Warning C1001  RETURN statement with no value in function
RH514.PRG(422) Warning C1004  Ambiguous reference, assuming memvar: 'NACUMULA'
RH514.PRG(425) Warning C1004  Ambiguous reference, assuming memvar: 'NTOTEMP'
RH514.PRG(425) Warning C1004  Ambiguous reference, assuming memvar: 'NTOTEMP'
RH514.PRG(426) Warning C1004  Ambiguous reference, assuming memvar: 'NTOTTER'
RH514.PRG(426) Warning C1004  Ambiguous reference, assuming memvar: 'NTOTTER'
RH514.PRG(427) Warning C1004  Ambiguous reference, assuming memvar: 'NTOTDED'
RH514.PRG(427) Warning C1004  Ambiguous reference, assuming memvar: 'NTOTDED'
RH514.PRG(428) Warning C1004  Ambiguous reference, assuming memvar: 'NTBASE1'
RH514.PRG(428) Warning C1004  Ambiguous reference, assuming memvar: 'NTBASE1'
RH514.PRG(448) Warning C1004  Ambiguous reference, assuming memvar: 'NACUMULA'
RH514.PRG(451) Warning C1004  Ambiguous reference, assuming memvar: 'NTOTDED'
RH514.PRG(451) Warning C1004  Ambiguous reference, assuming memvar: 'NTOTDED'
RH514.PRG(452) Warning C1004  Ambiguous reference, assuming memvar: 'NTOTEMP'
RH514.PRG(452) Warning C1004  Ambiguous reference, assuming memvar: 'NTOTEMP'
RH514.PRG(453) Warning C1004  Ambiguous reference, assuming memvar: 'NTOTTER'
RH514.PRG(453) Warning C1004  Ambiguous reference, assuming memvar: 'NTOTTER'
RH514.PRG(454) Warning C1004  Ambiguous reference, assuming memvar: 'NTBASE1'
RH514.PRG(454) Warning C1004  Ambiguous reference, assuming memvar: 'NTBASE1'
RH514.PRG(471) Warning C1004  Ambiguous reference, assuming memvar: 'NACUMULA'
RH514.PRG(479) Warning C1001  RETURN statement with no value in function
RH514.PRG(481) Warning C1003  Ambiguous reference: 'XCOND1'
RH514.PRG(482) Warning C1003  Ambiguous reference: 'CPAGTO'
RH514.PRG(483) Warning C1003  Ambiguous reference: 'CAMBIENTE'
RH514.PRG(486) Warning C1003  Ambiguous reference: 'CANOMES'
RH514.PRG(503) Warning C1003  Ambiguous reference: 'XRAZAO'
RH514.PRG(509) Warning C1003  Ambiguous reference: 'NTOTEMP'
RH514.PRG(509) Warning C1003  Ambiguous reference: 'NTOTDED'
RH514.PRG(509) Warning C1003  Ambiguous reference: 'NCOMP'
RH514.PRG(511) Warning C1003  Ambiguous reference: 'NTOTDED'
RH514.PRG(511) Warning C1003  Ambiguous reference: 'NCOMP'
RH514.PRG(532) Warning C1003  Ambiguous reference: 'CANOMES'
RH514.PRG(532) Warning C1003  Ambiguous reference: 'CANOMES'
RH514.PRG(532) Warning C1003  Ambiguous reference: 'CANOMES'
RH514.PRG(532) Warning C1003  Ambiguous reference: 'CANOMES'
RH514.PRG(532) Warning C1003  Ambiguous reference: 'CANOMES'
RH514.PRG(541) Warning C1003  Ambiguous reference: 'NTOTTER'
RH514.PRG(548) Warning C1003  Ambiguous reference: 'NTOTEMP'
RH514.PRG(548) Warning C1003  Ambiguous reference: 'NTOTTER'
RH514.PRG(548) Warning C1003  Ambiguous reference: 'NTOTDED'
RH514.PRG(550) Warning C1003  Ambiguous reference: 'NTOTDED'
RH514.PRG(554) Warning C1003  Ambiguous reference: 'NCOMP'
RH514.PRG(561) Warning C1001  RETURN statement with no value in function
RH514.PRG(569) Warning C1003  Ambiguous reference: 'CANOMES'
RH514.PRG(569) Warning C1003  Ambiguous reference: 'CANOMES'
RH514.PRG(570) Warning C1003  Ambiguous reference: 'CANOMES'
RH514.PRG(574) Warning C1003  Ambiguous reference: 'CLOCALIMP'
RH514.PRG(574) Warning C1001  RETURN statement with no value in function
RH514.PRG(577) Warning C1003  Ambiguous reference: 'CLOCALIMP'
RH514.PRG(578) Warning C1003  Ambiguous reference: 'XLOCALIMP'
RH514.PRG(578) Warning C1004  Ambiguous reference, assuming memvar: 'CLOCALIMP'
RH514.PRG(581) Warning C1001  RETURN statement with no value in function
RH514.PRG(583) Warning C1003  Ambiguous reference: 'CANOMES'
RH514.PRG(584) Warning C1003  Ambiguous reference: 'CCLASSE'
RH514.PRG(584) Warning C1004  Ambiguous reference, assuming memvar: 'NVALOR'
RH514.PRG(587) Warning C1003  Ambiguous reference: 'XCOND1'
RH514.PRG(588) Warning C1003  Ambiguous reference: 'CPAGTO'
RH514.PRG(594) Warning C1004  Ambiguous reference, assuming memvar: 'NVALOR'
RH514.PRG(603) Warning C1003  Ambiguous reference: 'NJUROS'
RH514.PRG(605) Warning C1004  Ambiguous reference, assuming memvar: 'NVALOR'
RH514.PRG(605) Warning C1003  Ambiguous reference: 'NJUROS'
RH514.PRG(614) Warning C1003  Ambiguous reference: 'XCOND1'
RH514.PRG(615) Warning C1003  Ambiguous reference: 'CPAGTO'
RH514.PRG(621) Warning C1004  Ambiguous reference, assuming memvar: 'NVALOR'
RH514.PRG(630) Warning C1003  Ambiguous reference: 'NJUROS'
RH514.PRG(632) Warning C1004  Ambiguous reference, assuming memvar: 'NVALOR'
RH514.PRG(632) Warning C1003  Ambiguous reference: 'NJUROS'
RH514.PRG(642) Warning C1001  RETURN statement with no value in function
RH514.PRG(648) Warning C1003  Ambiguous reference: 'CANOMES'
RH514.PRG(648) Warning C1003  Ambiguous reference: 'CANOMES'
RH514.PRG(649) Warning C1003  Ambiguous reference: 'CANOMES'
RH514.PRG(653) Warning C1003  Ambiguous reference: 'CLOCALIMP'
RH514.PRG(653) Warning C1001  RETURN statement with no value in function
RH514.PRG(656) Warning C1003  Ambiguous reference: 'CLOCALIMP'
RH514.PRG(657) Warning C1003  Ambiguous reference: 'XLOCALIMP'
RH514.PRG(657) Warning C1004  Ambiguous reference, assuming memvar: 'CLOCALIMP'
RH514.PRG(660) Warning C1001  RETURN statement with no value in function
RH514.PRG(662) Warning C1003  Ambiguous reference: 'CANOMES'
RH514.PRG(663) Warning C1003  Ambiguous reference: 'CCLASSE'
RH514.PRG(663) Warning C1004  Ambiguous reference, assuming memvar: 'NVALOR'
RH514.PRG(666) Warning C1003  Ambiguous reference: 'XCOND1'
RH514.PRG(667) Warning C1003  Ambiguous reference: 'CPAGTO'
RH514.PRG(672) Warning C1004  Ambiguous reference, assuming memvar: 'NVALOR'
RH514.PRG(689) Warning C1003  Ambiguous reference: 'NJUROS'
RH514.PRG(690) Warning C1004  Ambiguous reference, assuming memvar: 'NVALOR'
RH514.PRG(690) Warning C1003  Ambiguous reference: 'NJUROS'
RH514.PRG(697) Warning C1001  RETURN statement with no value in function
249 warnings                
Code size 6785, Symbols 2016, Constants 6239
