276K available
Compiling RH512.PRG
RH512.PRG(14)  Warning C1003  Ambiguous reference: 'XNIVEL'
RH512.PRG(14)  Warning C1003  Ambiguous reference: 'XFLAG'
RH512.PRG(14)  Warning C1003  Ambiguous reference: 'CORDEM'
RH512.PRG(16)  Warning C1004  Ambiguous reference, assuming memvar: 'SBLOCO1'
RH512.PRG(23)  Warning C1004  Ambiguous reference, assuming memvar: 'AEDICAO'
RH512.PRG(25)  Warning C1003  Ambiguous reference: 'ANOMES'
RH512.PRG(25)  Warning C1003  Ambiguous reference: 'XANOMES'
RH512.PRG(29)  Warning C1003  Ambiguous reference: 'AEDICAO'
RH512.PRG(29)  Warning C1003  Ambiguous reference: 'CORDEM'
RH512.PRG(29)  Warning C1003  Ambiguous reference: 'SBLOCO1'
RH512.PRG(30)  Warning C1003  Ambiguous reference: 'AEDICAO'
RH512.PRG(30)  Warning C1003  Ambiguous reference: 'CCENTRO'
RH512.PRG(31)  Warning C1003  Ambiguous reference: 'AEDICAO'
RH512.PRG(32)  Warning C1003  Ambiguous reference: 'AEDICAO'
RH512.PRG(32)  Warning C1003  Ambiguous reference: 'CFILIAL'
RH512.PRG(33)  Warning C1003  Ambiguous reference: 'AEDICAO'
RH512.PRG(38)  Warning C1004  Ambiguous reference, assuming memvar: 'XNIVEL'
RH512.PRG(39)  Warning C1004  Ambiguous reference, assuming memvar: 'XFLAG'
RH512.PRG(40)  Warning C1004  Ambiguous reference, assuming memvar: 'CORDEM'
RH512.PRG(41)  Warning C1004  Ambiguous reference, assuming memvar: 'CCENTRO'
RH512.PRG(42)  Warning C1004  Ambiguous reference, assuming memvar: 'CFILIAL'
RH512.PRG(46)  Warning C1003  Ambiguous reference: 'XNIVEL'
RH512.PRG(46)  Warning C1003  Ambiguous reference: 'XNIVEL'
RH512.PRG(46)  Warning C1003  Ambiguous reference: 'AEDICAO'
RH512.PRG(47)  Warning C1004  Ambiguous reference, assuming memvar: 'AEDICAO'
RH512.PRG(47)  Warning C1003  Ambiguous reference: 'XNIVEL'
RH512.PRG(49)  Warning C1004  Ambiguous reference, assuming memvar: 'AEDICAO'
RH512.PRG(49)  Warning C1003  Ambiguous reference: 'XNIVEL'
RH512.PRG(50)  Warning C1003  Ambiguous reference: 'XFLAG'
RH512.PRG(50)  Warning C1004  Ambiguous reference, assuming memvar: 'XNIVEL'
RH512.PRG(50)  Warning C1004  Ambiguous reference, assuming memvar: 'XNIVEL'
RH512.PRG(50)  Warning C1004  Ambiguous reference, assuming memvar: 'XNIVEL'
RH512.PRG(50)  Warning C1004  Ambiguous reference, assuming memvar: 'XNIVEL'
RH512.PRG(63)  Warning C1003  Ambiguous reference: 'XNIVEL'
RH512.PRG(63)  Warning C1003  Ambiguous reference: 'CORDEM'
RH512.PRG(65)  Warning C1003  Ambiguous reference: 'CCENTRO'
RH512.PRG(66)  Warning C1003  Ambiguous reference: 'CCENTRO'
RH512.PRG(70)  Warning C1003  Ambiguous reference: 'CCENTRO'
RH512.PRG(75)  Warning C1003  Ambiguous reference: 'XNIVEL'
RH512.PRG(75)  Warning C1003  Ambiguous reference: 'CCENTRO'
RH512.PRG(77)  Warning C1003  Ambiguous reference: 'XNIVEL'
RH512.PRG(77)  Warning C1003  Ambiguous reference: 'CFILIAL'
RH512.PRG(88)  Warning C1004  Ambiguous reference, assuming memvar: 'CTITULO'
RH512.PRG(89)  Warning C1004  Ambiguous reference, assuming memvar: 'CTITULO'
RH512.PRG(89)  Warning C1003  Ambiguous reference: 'XDATASYS'
RH512.PRG(89)  Warning C1003  Ambiguous reference: 'XDATASYS'
RH512.PRG(89)  Warning C1004  Ambiguous reference, assuming memvar: 'CTITULO'
RH512.PRG(94)  Warning C1003  Ambiguous reference: 'CORDEM'
RH512.PRG(95)  Warning C1003  Ambiguous reference: 'CORDEM'
RH512.PRG(102) Warning C1003  Ambiguous reference: 'MATRICULA'
RH512.PRG(102) Warning C1003  Ambiguous reference: 'XANOMES'
RH512.PRG(103) Warning C1003  Ambiguous reference: 'CENTRO'
RH512.PRG(104) Warning C1003  Ambiguous reference: 'FILIAL'
RH512.PRG(115) Warning C1004  Ambiguous reference, assuming memvar: 'NTOTDT'
RH512.PRG(115) Warning C1004  Ambiguous reference, assuming memvar: 'NTOTFE'
RH512.PRG(115) Warning C1004  Ambiguous reference, assuming memvar: 'NTOTMS'
RH512.PRG(115) Warning C1004  Ambiguous reference, assuming memvar: 'NVALDT'
RH512.PRG(115) Warning C1004  Ambiguous reference, assuming memvar: 'NVALFE'
RH512.PRG(116) Warning C1004  Ambiguous reference, assuming memvar: 'NTT_BASEDT'
RH512.PRG(116) Warning C1004  Ambiguous reference, assuming memvar: 'NTT_BASEFE'
RH512.PRG(121) Warning C1001  RETURN statement with no value in function
RH512.PRG(127) Warning C1001  RETURN statement with no value in function
RH512.PRG(129) Warning C1003  Ambiguous reference: 'XPAGINA'
RH512.PRG(131) Warning C1003  Ambiguous reference: 'CTITULO'
RH512.PRG(133) Warning C1003  Ambiguous reference: 'XCOND1'
RH512.PRG(133) Warning C1003  Ambiguous reference: 'XCOND0'
RH512.PRG(145) Warning C1004  Ambiguous reference, assuming memvar: 'NVALDT'
RH512.PRG(145) Warning C1004  Ambiguous reference, assuming memvar: 'NVALFE'
RH512.PRG(146) Warning C1004  Ambiguous reference, assuming memvar: 'NBASDT'
RH512.PRG(146) Warning C1004  Ambiguous reference, assuming memvar: 'NBASFE'
RH512.PRG(146) Warning C1004  Ambiguous reference, assuming memvar: 'NBASMS'
RH512.PRG(148) Warning C1003  Ambiguous reference: 'XCOND1'
RH512.PRG(157) Warning C1004  Ambiguous reference, assuming memvar: 'NBASMS'
RH512.PRG(161) Warning C1004  Ambiguous reference, assuming memvar: 'NBASFE'
RH512.PRG(163) Warning C1004  Ambiguous reference, assuming memvar: 'NVALFE'
RH512.PRG(165) Warning C1004  Ambiguous reference, assuming memvar: 'NTOTMS'
RH512.PRG(165) Warning C1004  Ambiguous reference, assuming memvar: 'NTOTMS'
RH512.PRG(166) Warning C1004  Ambiguous reference, assuming memvar: 'NTOTFE'
RH512.PRG(166) Warning C1003  Ambiguous reference: 'NVALFE'
RH512.PRG(166) Warning C1004  Ambiguous reference, assuming memvar: 'NTOTFE'
RH512.PRG(168) Warning C1003  Ambiguous reference: 'NBASMS'
RH512.PRG(169) Warning C1004  Ambiguous reference, assuming memvar: 'NTT_BASEFE'
RH512.PRG(169) Warning C1003  Ambiguous reference: 'NBASFE'
RH512.PRG(169) Warning C1004  Ambiguous reference, assuming memvar: 'NTT_BASEFE'
RH512.PRG(171) Warning C1003  Ambiguous reference: 'NVALFE'
RH512.PRG(171) Warning C1003  Ambiguous reference: 'XCOND0'
RH512.PRG(179) Warning C1003  Ambiguous reference: 'XCOND1'
RH512.PRG(181) Warning C1003  Ambiguous reference: 'NTOTMS'
RH512.PRG(182) Warning C1003  Ambiguous reference: 'NTT_BASEFE'
RH512.PRG(183) Warning C1003  Ambiguous reference: 'NTOTFE'
RH512.PRG(184) Warning C1003  Ambiguous reference: 'NTOTMS'
RH512.PRG(184) Warning C1003  Ambiguous reference: 'NTOTFE'
RH512.PRG(184) Warning C1003  Ambiguous reference: 'XCOND0'
RH512.PRG(190) Warning C1001  RETURN statement with no value in function
RH512.PRG(202) Warning C1003  Ambiguous reference: 'XDATASYS'
RH512.PRG(205) Warning C1003  Ambiguous reference: 'CCENTRO'
RH512.PRG(205) Warning C1003  Ambiguous reference: 'CCENTRO'
RH512.PRG(206) Warning C1003  Ambiguous reference: 'CFILIAL'
RH512.PRG(206) Warning C1003  Ambiguous reference: 'CFILIAL'
99 warnings                
Code size 2587, Symbols 1360, Constants 629
