238K available
Compiling RH515.PRG
RH515.PRG(12)  Warning C1003  Ambiguous reference: 'XNIVEL'
RH515.PRG(12)  Warning C1003  Ambiguous reference: 'XFLAG'
RH515.PRG(14)  Warning C1004  Ambiguous reference, assuming memvar: 'SBLOCO1'
RH515.PRG(15)  Warning C1004  Ambiguous reference, assuming memvar: 'SBLOCO2'
RH515.PRG(17)  Warning C1004  Ambiguous reference, assuming memvar: 'AEDICAO'
RH515.PRG(20)  Warning C1004  Ambiguous reference, assuming memvar: 'CMESANO'
RH515.PRG(22)  Warning C1004  Ambiguous reference, assuming memvar: 'DDT_VENC'
RH515.PRG(23)  Warning C1004  Ambiguous reference, assuming memvar: 'DDT_APU'
RH515.PRG(24)  Warning C1004  Ambiguous reference, assuming memvar: 'DDT_REFI'
RH515.PRG(25)  Warning C1004  Ambiguous reference, assuming memvar: 'DDT_REFF'
RH515.PRG(26)  Warning C1004  Ambiguous reference, assuming memvar: 'CMATRICULA'
RH515.PRG(27)  Warning C1004  Ambiguous reference, assuming memvar: 'NTOTAL'
RH515.PRG(29)  Warning C1004  Ambiguous reference, assuming memvar: 'NVALOR'
RH515.PRG(30)  Warning C1004  Ambiguous reference, assuming memvar: 'LCONF'
RH515.PRG(33)  Warning C1003  Ambiguous reference: 'XCGM'
RH515.PRG(34)  Warning C1003  Ambiguous reference: 'ANOMES'
RH515.PRG(34)  Warning C1003  Ambiguous reference: 'XANOMES'
RH515.PRG(38)  Warning C1003  Ambiguous reference: 'AEDICAO'
RH515.PRG(38)  Warning C1003  Ambiguous reference: 'CTIPOREL'
RH515.PRG(38)  Warning C1003  Ambiguous reference: 'SBLOCO2'
RH515.PRG(39)  Warning C1003  Ambiguous reference: 'AEDICAO'
RH515.PRG(39)  Warning C1003  Ambiguous reference: 'CTIPOFUN'
RH515.PRG(39)  Warning C1003  Ambiguous reference: 'SBLOCO1'
RH515.PRG(40)  Warning C1003  Ambiguous reference: 'AEDICAO'
RH515.PRG(40)  Warning C1003  Ambiguous reference: 'DDT_APU'
RH515.PRG(42)  Warning C1003  Ambiguous reference: 'AEDICAO'
RH515.PRG(42)  Warning C1003  Ambiguous reference: 'CMESANO'
RH515.PRG(43)  Warning C1003  Ambiguous reference: 'AEDICAO'
RH515.PRG(43)  Warning C1003  Ambiguous reference: 'DDT_VENC'
RH515.PRG(46)  Warning C1003  Ambiguous reference: 'AEDICAO'
RH515.PRG(46)  Warning C1003  Ambiguous reference: 'CMATRICULA'
RH515.PRG(47)  Warning C1003  Ambiguous reference: 'AEDICAO'
RH515.PRG(48)  Warning C1003  Ambiguous reference: 'AEDICAO'
RH515.PRG(48)  Warning C1003  Ambiguous reference: 'NVALOR'
RH515.PRG(50)  Warning C1003  Ambiguous reference: 'AEDICAO'
RH515.PRG(50)  Warning C1004  Ambiguous reference, assuming memvar: 'LCONF'
RH515.PRG(55)  Warning C1004  Ambiguous reference, assuming memvar: 'XNIVEL'
RH515.PRG(56)  Warning C1004  Ambiguous reference, assuming memvar: 'XFLAG'
RH515.PRG(57)  Warning C1004  Ambiguous reference, assuming memvar: 'CMATRICULA'
RH515.PRG(58)  Warning C1004  Ambiguous reference, assuming memvar: 'NVALOR'
RH515.PRG(58)  Warning C1004  Ambiguous reference, assuming memvar: 'NTOTAL'
RH515.PRG(62)  Warning C1003  Ambiguous reference: 'XNIVEL'
RH515.PRG(62)  Warning C1003  Ambiguous reference: 'XNIVEL'
RH515.PRG(62)  Warning C1003  Ambiguous reference: 'AEDICAO'
RH515.PRG(63)  Warning C1004  Ambiguous reference, assuming memvar: 'AEDICAO'
RH515.PRG(63)  Warning C1003  Ambiguous reference: 'XNIVEL'
RH515.PRG(65)  Warning C1004  Ambiguous reference, assuming memvar: 'AEDICAO'
RH515.PRG(65)  Warning C1003  Ambiguous reference: 'XNIVEL'
RH515.PRG(66)  Warning C1003  Ambiguous reference: 'XFLAG'
RH515.PRG(66)  Warning C1004  Ambiguous reference, assuming memvar: 'XNIVEL'
RH515.PRG(66)  Warning C1004  Ambiguous reference, assuming memvar: 'XNIVEL'
RH515.PRG(66)  Warning C1004  Ambiguous reference, assuming memvar: 'XNIVEL'
RH515.PRG(66)  Warning C1004  Ambiguous reference, assuming memvar: 'XNIVEL'
RH515.PRG(69)  Warning C1003  Ambiguous reference: 'LCONF'
RH515.PRG(70)  Warning C1003  Ambiguous reference: 'CTIPOREL'
RH515.PRG(86)  Warning C1003  Ambiguous reference: 'XNIVEL'
RH515.PRG(86)  Warning C1003  Ambiguous reference: 'CTIPOFUN'
RH515.PRG(89)  Warning C1003  Ambiguous reference: 'XNIVEL'
RH515.PRG(89)  Warning C1003  Ambiguous reference: 'CTIPOREL'
RH515.PRG(92)  Warning C1003  Ambiguous reference: 'CMESANO'
RH515.PRG(98)  Warning C1003  Ambiguous reference: 'DDT_VENC'
RH515.PRG(110) Warning C1003  Ambiguous reference: 'DDT_REFI'
RH515.PRG(115) Warning C1003  Ambiguous reference: 'DDT_REFF'
RH515.PRG(120) Warning C1003  Ambiguous reference: 'CTIPOFUN'
RH515.PRG(121) Warning C1004  Ambiguous reference, assuming memvar: 'XNIVEL'
RH515.PRG(121) Warning C1004  Ambiguous reference, assuming memvar: 'XNIVEL'
RH515.PRG(125) Warning C1003  Ambiguous reference: 'DDT_REFF'
RH515.PRG(125) Warning C1003  Ambiguous reference: 'DDT_REFI'
RH515.PRG(131) Warning C1003  Ambiguous reference: 'CTIPOFUN'
RH515.PRG(132) Warning C1003  Ambiguous reference: 'CMATRICULA'
RH515.PRG(133) Warning C1004  Ambiguous reference, assuming memvar: 'XNIVEL'
RH515.PRG(133) Warning C1004  Ambiguous reference, assuming memvar: 'XNIVEL'
RH515.PRG(135) Warning C1003  Ambiguous reference: 'XNIVEL'
RH515.PRG(135) Warning C1003  Ambiguous reference: 'CMATRICULA'
RH515.PRG(135) Warning C1004  Ambiguous reference, assuming memvar: 'CMATRICULA'
RH515.PRG(136) Warning C1003  Ambiguous reference: 'CMATRICULA'
RH515.PRG(140) Warning C1004  Ambiguous reference, assuming memvar: 'XNIVEL'
RH515.PRG(140) Warning C1004  Ambiguous reference, assuming memvar: 'XNIVEL'
RH515.PRG(143) Warning C1003  Ambiguous reference: 'CTIPOFUN'
RH515.PRG(144) Warning C1003  Ambiguous reference: 'CMATRICULA'
RH515.PRG(145) Warning C1004  Ambiguous reference, assuming memvar: 'XNIVEL'
RH515.PRG(145) Warning C1004  Ambiguous reference, assuming memvar: 'XNIVEL'
RH515.PRG(147) Warning C1003  Ambiguous reference: 'XNIVEL'
RH515.PRG(147) Warning C1003  Ambiguous reference: 'CMATRICULA'
RH515.PRG(147) Warning C1004  Ambiguous reference, assuming memvar: 'CMATRICULA'
RH515.PRG(148) Warning C1003  Ambiguous reference: 'CMATRICULA'
RH515.PRG(152) Warning C1004  Ambiguous reference, assuming memvar: 'XNIVEL'
RH515.PRG(152) Warning C1004  Ambiguous reference, assuming memvar: 'XNIVEL'
RH515.PRG(155) Warning C1003  Ambiguous reference: 'CTIPOFUN'
RH515.PRG(156) Warning C1003  Ambiguous reference: 'CTIPOFUN'
RH515.PRG(156) Warning C1003  Ambiguous reference: 'CMATRICULA'
RH515.PRG(160) Warning C1003  Ambiguous reference: 'XNIVEL'
RH515.PRG(160) Warning C1003  Ambiguous reference: 'CMATRICULA'
RH515.PRG(160) Warning C1004  Ambiguous reference, assuming memvar: 'CMATRICULA'
RH515.PRG(161) Warning C1003  Ambiguous reference: 'CMATRICULA'
RH515.PRG(165) Warning C1004  Ambiguous reference, assuming memvar: 'XNIVEL'
RH515.PRG(165) Warning C1004  Ambiguous reference, assuming memvar: 'XNIVEL'
RH515.PRG(169) Warning C1003  Ambiguous reference: 'CTIPOFUN'
RH515.PRG(170) Warning C1004  Ambiguous reference, assuming memvar: 'XNIVEL'
RH515.PRG(170) Warning C1004  Ambiguous reference, assuming memvar: 'XNIVEL'
RH515.PRG(180) Warning C1004  Ambiguous reference, assuming memvar: 'CPRIMDIA'
RH515.PRG(182) Warning C1003  Ambiguous reference: 'CMESANO'
RH515.PRG(182) Warning C1003  Ambiguous reference: 'CMESANO'
RH515.PRG(182) Warning C1004  Ambiguous reference, assuming memvar: 'CANOMES'
RH515.PRG(184) Warning C1003  Ambiguous reference: 'CTIPOFUN'
RH515.PRG(185) Warning C1003  Ambiguous reference: 'CMATRICULA'
RH515.PRG(190) Warning C1003  Ambiguous reference: 'XDATASYS'
RH515.PRG(207) Warning C1003  Ambiguous reference: 'CANOMES'
RH515.PRG(209) Warning C1004  Ambiguous reference, assuming memvar: 'NTOTAL'
RH515.PRG(209) Warning C1004  Ambiguous reference, assuming memvar: 'NTOTAL'
RH515.PRG(218) Warning C1003  Ambiguous reference: 'CMATRICULA'
RH515.PRG(218) Warning C1003  Ambiguous reference: 'CANOMES'
RH515.PRG(219) Warning C1004  Ambiguous reference, assuming memvar: 'NTOTAL'
RH515.PRG(223) Warning C1003  Ambiguous reference: 'CTIPOFUN'
RH515.PRG(224) Warning C1003  Ambiguous reference: 'CMATRICULA'
RH515.PRG(229) Warning C1003  Ambiguous reference: 'XDATASYS'
RH515.PRG(238) Warning C1003  Ambiguous reference: 'XDATASYS'
RH515.PRG(238) Warning C1003  Ambiguous reference: 'XDATASYS'
RH515.PRG(239) Warning C1003  Ambiguous reference: 'CPRIMDIA'
RH515.PRG(246) Warning C1003  Ambiguous reference: 'CANOMES'
RH515.PRG(248) Warning C1004  Ambiguous reference, assuming memvar: 'NTOTAL'
RH515.PRG(248) Warning C1004  Ambiguous reference, assuming memvar: 'NTOTAL'
RH515.PRG(257) Warning C1003  Ambiguous reference: 'CMATRICULA'
RH515.PRG(257) Warning C1003  Ambiguous reference: 'CANOMES'
RH515.PRG(258) Warning C1004  Ambiguous reference, assuming memvar: 'NTOTAL'
RH515.PRG(262) Warning C1003  Ambiguous reference: 'CTIPOFUN'
RH515.PRG(265) Warning C1003  Ambiguous reference: 'XDATASYS'
RH515.PRG(265) Warning C1003  Ambiguous reference: 'XDATASYS'
RH515.PRG(267) Warning C1003  Ambiguous reference: 'CMATRICULA'
RH515.PRG(267) Warning C1003  Ambiguous reference: 'CANOMES'
RH515.PRG(268) Warning C1004  Ambiguous reference, assuming memvar: 'NVALOR'
RH515.PRG(283) Warning C1001  RETURN statement with no value in function
RH515.PRG(284) Warning C1001  RETURN statement with no value in function
RH515.PRG(285) Warning C1003  Ambiguous reference: 'XCOND0'
RH515.PRG(288) Warning C1003  Ambiguous reference: 'DDT_APU'
RH515.PRG(290) Warning C1003  Ambiguous reference: 'XCOND1'
RH515.PRG(290) Warning C1003  Ambiguous reference: 'XCGCCPF'
RH515.PRG(290) Warning C1003  Ambiguous reference: 'XCOND0'
RH515.PRG(295) Warning C1003  Ambiguous reference: 'XCOND1'
RH515.PRG(295) Warning C1003  Ambiguous reference: 'XRAZAO'
RH515.PRG(295) Warning C1003  Ambiguous reference: 'XTELEFONE'
RH515.PRG(295) Warning C1003  Ambiguous reference: 'XCOND0'
RH515.PRG(296) Warning C1003  Ambiguous reference: 'DDT_VENC'
RH515.PRG(298) Warning C1003  Ambiguous reference: 'XCOND1'
RH515.PRG(298) Warning C1003  Ambiguous reference: 'NTOTAL'
RH515.PRG(298) Warning C1003  Ambiguous reference: 'XCOND0'
RH515.PRG(304) Warning C1003  Ambiguous reference: 'XCOND1'
RH515.PRG(304) Warning C1003  Ambiguous reference: 'NTOTAL'
RH515.PRG(304) Warning C1003  Ambiguous reference: 'XCOND0'
RH515.PRG(313) Warning C1003  Ambiguous reference: 'DDT_APU'
RH515.PRG(315) Warning C1003  Ambiguous reference: 'XCOND1'
RH515.PRG(315) Warning C1003  Ambiguous reference: 'XCGCCPF'
RH515.PRG(315) Warning C1003  Ambiguous reference: 'XCOND0'
RH515.PRG(320) Warning C1003  Ambiguous reference: 'XCOND1'
RH515.PRG(320) Warning C1003  Ambiguous reference: 'XRAZAO'
RH515.PRG(320) Warning C1003  Ambiguous reference: 'XTELEFONE'
RH515.PRG(320) Warning C1003  Ambiguous reference: 'XCOND0'
RH515.PRG(321) Warning C1003  Ambiguous reference: 'DDT_VENC'
RH515.PRG(323) Warning C1003  Ambiguous reference: 'XCOND1'
RH515.PRG(323) Warning C1003  Ambiguous reference: 'NTOTAL'
RH515.PRG(323) Warning C1003  Ambiguous reference: 'XCOND0'
RH515.PRG(329) Warning C1003  Ambiguous reference: 'XCOND1'
RH515.PRG(329) Warning C1003  Ambiguous reference: 'NTOTAL'
RH515.PRG(329) Warning C1003  Ambiguous reference: 'XCOND0'
RH515.PRG(339) Warning C1001  RETURN statement with no value in function
RH515.PRG(343) Warning C1001  RETURN statement with no value in function
RH515.PRG(344) Warning C1001  RETURN statement with no value in function
RH515.PRG(345) Warning C1003  Ambiguous reference: 'XCOND0'
RH515.PRG(347) Warning C1003  Ambiguous reference: 'DDT_APU'
RH515.PRG(348) Warning C1003  Ambiguous reference: 'XCGCCPF'
RH515.PRG(351) Warning C1003  Ambiguous reference: 'XCOND1'
RH515.PRG(351) Warning C1003  Ambiguous reference: 'XRAZAO'
RH515.PRG(351) Warning C1003  Ambiguous reference: 'XTELEFONE'
RH515.PRG(351) Warning C1003  Ambiguous reference: 'XCOND0'
RH515.PRG(352) Warning C1003  Ambiguous reference: 'DDT_VENC'
RH515.PRG(356) Warning C1003  Ambiguous reference: 'NTOTAL'
RH515.PRG(364) Warning C1003  Ambiguous reference: 'NTOTAL'
RH515.PRG(370) Warning C1001  RETURN statement with no value in function
178 warnings                
Code size 4095, Symbols 1104, Constants 4513
