238K available
Compiling RH525.PRG
RH525.PRG(14)  Warning C1003  Ambiguous reference: 'XNIVEL'
RH525.PRG(14)  Warning C1003  Ambiguous reference: 'XFLAG'
RH525.PRG(14)  Warning C1003  Ambiguous reference: 'CORDEM'
RH525.PRG(16)  Warning C1004  Ambiguous reference, assuming memvar: 'SBLOCO1'
RH525.PRG(17)  Warning C1004  Ambiguous reference, assuming memvar: 'SBLOCO2'
RH525.PRG(26)  Warning C1004  Ambiguous reference, assuming memvar: 'AEDICAO'
RH525.PRG(28)  Warning C1003  Ambiguous reference: 'ANOMES'
RH525.PRG(28)  Warning C1003  Ambiguous reference: 'XANOMES'
RH525.PRG(32)  Warning C1003  Ambiguous reference: 'AEDICAO'
RH525.PRG(32)  Warning C1003  Ambiguous reference: 'CORDEM'
RH525.PRG(32)  Warning C1003  Ambiguous reference: 'SBLOCO1'
RH525.PRG(33)  Warning C1003  Ambiguous reference: 'AEDICAO'
RH525.PRG(33)  Warning C1003  Ambiguous reference: 'CTIPO'
RH525.PRG(33)  Warning C1003  Ambiguous reference: 'SBLOCO2'
RH525.PRG(34)  Warning C1003  Ambiguous reference: 'AEDICAO'
RH525.PRG(34)  Warning C1003  Ambiguous reference: 'CBANCO'
RH525.PRG(35)  Warning C1003  Ambiguous reference: 'AEDICAO'
RH525.PRG(36)  Warning C1003  Ambiguous reference: 'AEDICAO'
RH525.PRG(36)  Warning C1003  Ambiguous reference: 'CQUEBRA'
RH525.PRG(36)  Warning C1003  Ambiguous reference: 'XSN'
RH525.PRG(37)  Warning C1003  Ambiguous reference: 'AEDICAO'
RH525.PRG(37)  Warning C1003  Ambiguous reference: 'CZERADO'
RH525.PRG(37)  Warning C1003  Ambiguous reference: 'XSN'
RH525.PRG(38)  Warning C1003  Ambiguous reference: 'AEDICAO'
RH525.PRG(38)  Warning C1003  Ambiguous reference: 'CCENTRO'
RH525.PRG(39)  Warning C1003  Ambiguous reference: 'AEDICAO'
RH525.PRG(40)  Warning C1003  Ambiguous reference: 'AEDICAO'
RH525.PRG(40)  Warning C1003  Ambiguous reference: 'CCOD_SIND'
RH525.PRG(41)  Warning C1003  Ambiguous reference: 'AEDICAO'
RH525.PRG(46)  Warning C1004  Ambiguous reference, assuming memvar: 'XNIVEL'
RH525.PRG(47)  Warning C1004  Ambiguous reference, assuming memvar: 'XFLAG'
RH525.PRG(48)  Warning C1004  Ambiguous reference, assuming memvar: 'CORDEM'
RH525.PRG(49)  Warning C1004  Ambiguous reference, assuming memvar: 'CTIPO'
RH525.PRG(50)  Warning C1004  Ambiguous reference, assuming memvar: 'CBANCO'
RH525.PRG(51)  Warning C1004  Ambiguous reference, assuming memvar: 'CORDEM'
RH525.PRG(52)  Warning C1004  Ambiguous reference, assuming memvar: 'CQUEBRA'
RH525.PRG(53)  Warning C1004  Ambiguous reference, assuming memvar: 'CZERADO'
RH525.PRG(54)  Warning C1004  Ambiguous reference, assuming memvar: 'CCENTRO'
RH525.PRG(55)  Warning C1004  Ambiguous reference, assuming memvar: 'CCOD_SIND'
RH525.PRG(60)  Warning C1003  Ambiguous reference: 'XNIVEL'
RH525.PRG(60)  Warning C1003  Ambiguous reference: 'XNIVEL'
RH525.PRG(60)  Warning C1003  Ambiguous reference: 'AEDICAO'
RH525.PRG(61)  Warning C1004  Ambiguous reference, assuming memvar: 'AEDICAO'
RH525.PRG(61)  Warning C1003  Ambiguous reference: 'XNIVEL'
RH525.PRG(63)  Warning C1004  Ambiguous reference, assuming memvar: 'AEDICAO'
RH525.PRG(63)  Warning C1003  Ambiguous reference: 'XNIVEL'
RH525.PRG(64)  Warning C1003  Ambiguous reference: 'XFLAG'
RH525.PRG(64)  Warning C1004  Ambiguous reference, assuming memvar: 'XNIVEL'
RH525.PRG(64)  Warning C1004  Ambiguous reference, assuming memvar: 'XNIVEL'
RH525.PRG(64)  Warning C1004  Ambiguous reference, assuming memvar: 'XNIVEL'
RH525.PRG(64)  Warning C1004  Ambiguous reference, assuming memvar: 'XNIVEL'
RH525.PRG(77)  Warning C1003  Ambiguous reference: 'XNIVEL'
RH525.PRG(77)  Warning C1003  Ambiguous reference: 'CORDEM'
RH525.PRG(79)  Warning C1003  Ambiguous reference: 'XNIVEL'
RH525.PRG(79)  Warning C1003  Ambiguous reference: 'CTIPO'
RH525.PRG(81)  Warning C1003  Ambiguous reference: 'XNIVEL'
RH525.PRG(81)  Warning C1003  Ambiguous reference: 'CBANCO'
RH525.PRG(83)  Warning C1003  Ambiguous reference: 'XNIVEL'
RH525.PRG(83)  Warning C1003  Ambiguous reference: 'CQUEBRA'
RH525.PRG(85)  Warning C1003  Ambiguous reference: 'XNIVEL'
RH525.PRG(85)  Warning C1003  Ambiguous reference: 'CZERADO'
RH525.PRG(87)  Warning C1003  Ambiguous reference: 'CCENTRO'
RH525.PRG(88)  Warning C1003  Ambiguous reference: 'CCENTRO'
RH525.PRG(92)  Warning C1003  Ambiguous reference: 'CCENTRO'
RH525.PRG(97)  Warning C1003  Ambiguous reference: 'XNIVEL'
RH525.PRG(97)  Warning C1003  Ambiguous reference: 'CCENTRO'
RH525.PRG(99)  Warning C1003  Ambiguous reference: 'CCOD_SIND'
RH525.PRG(100) Warning C1003  Ambiguous reference: 'CCOD_SIND'
RH525.PRG(104) Warning C1003  Ambiguous reference: 'XNIVEL'
RH525.PRG(106) Warning C1003  Ambiguous reference: 'XNIVEL'
RH525.PRG(123) Warning C1003  Ambiguous reference: 'CORDEM'
RH525.PRG(126) Warning C1003  Ambiguous reference: 'SITUACAO'
RH525.PRG(126) Warning C1003  Ambiguous reference: 'XDRV_RH'
RH525.PRG(126) Warning C1003  Ambiguous reference: 'CSAL_BAN'
RH525.PRG(127) Warning C1003  Ambiguous reference: 'CORDEM'
RH525.PRG(129) Warning C1003  Ambiguous reference: 'SITUACAO'
RH525.PRG(129) Warning C1003  Ambiguous reference: 'XDRV_RH'
RH525.PRG(129) Warning C1003  Ambiguous reference: 'CSAL_BAN'
RH525.PRG(129) Warning C1003  Ambiguous reference: 'MATRICULA'
RH525.PRG(131) Warning C1003  Ambiguous reference: 'CORDEM'
RH525.PRG(133) Warning C1003  Ambiguous reference: 'SITUACAO'
RH525.PRG(133) Warning C1003  Ambiguous reference: 'XDRV_RH'
RH525.PRG(133) Warning C1003  Ambiguous reference: 'CSAL_BAN'
RH525.PRG(133) Warning C1003  Ambiguous reference: 'NOME'
RH525.PRG(145) Warning C1003  Ambiguous reference: 'MATRICULA'
RH525.PRG(145) Warning C1003  Ambiguous reference: 'XANOMES'
RH525.PRG(148) Warning C1003  Ambiguous reference: 'FILIAL'
RH525.PRG(150) Warning C1003  Ambiguous reference: 'CSAL_BAN'
RH525.PRG(156) Warning C1004  Ambiguous reference, assuming memvar: 'CTITULO1'
RH525.PRG(159) Warning C1003  Ambiguous reference: 'CTIPO'
RH525.PRG(160) Warning C1004  Ambiguous reference, assuming memvar: 'CTITULO1'
RH525.PRG(160) Warning C1004  Ambiguous reference, assuming memvar: 'CTITULO1'
RH525.PRG(161) Warning C1003  Ambiguous reference: 'CTIPO'
RH525.PRG(162) Warning C1004  Ambiguous reference, assuming memvar: 'CTITULO1'
RH525.PRG(162) Warning C1004  Ambiguous reference, assuming memvar: 'CTITULO1'
RH525.PRG(163) Warning C1003  Ambiguous reference: 'CTIPO'
RH525.PRG(164) Warning C1004  Ambiguous reference, assuming memvar: 'CTITULO1'
RH525.PRG(164) Warning C1004  Ambiguous reference, assuming memvar: 'CTITULO1'
RH525.PRG(165) Warning C1003  Ambiguous reference: 'CTIPO'
RH525.PRG(166) Warning C1004  Ambiguous reference, assuming memvar: 'CTITULO1'
RH525.PRG(166) Warning C1004  Ambiguous reference, assuming memvar: 'CTITULO1'
RH525.PRG(167) Warning C1003  Ambiguous reference: 'CTIPO'
RH525.PRG(168) Warning C1004  Ambiguous reference, assuming memvar: 'CTITULO1'
RH525.PRG(168) Warning C1004  Ambiguous reference, assuming memvar: 'CTITULO1'
RH525.PRG(171) Warning C1004  Ambiguous reference, assuming memvar: 'CTITULO1'
RH525.PRG(171) Warning C1003  Ambiguous reference: 'XDATASYS'
RH525.PRG(171) Warning C1003  Ambiguous reference: 'XDATASYS'
RH525.PRG(171) Warning C1004  Ambiguous reference, assuming memvar: 'CTITULO1'
RH525.PRG(174) Warning C1004  Ambiguous reference, assuming memvar: 'CTITULO2'
RH525.PRG(178) Warning C1003  Ambiguous reference: 'CBANCO'
RH525.PRG(179) Warning C1003  Ambiguous reference: 'CBANCO'
RH525.PRG(193) Warning C1001  RETURN statement with no value in function
RH525.PRG(196) Warning C1003  Ambiguous reference: 'XCOND0'
RH525.PRG(202) Warning C1003  Ambiguous reference: 'CCENTRO'
RH525.PRG(202) Warning C1003  Ambiguous reference: 'CCENTRO'
RH525.PRG(207) Warning C1003  Ambiguous reference: 'XDATASYS'
RH525.PRG(212) Warning C1003  Ambiguous reference: 'CCOD_SIND'
RH525.PRG(213) Warning C1003  Ambiguous reference: 'CCOD_SIND'
RH525.PRG(226) Warning C1001  RETURN statement with no value in function
RH525.PRG(230) Warning C1003  Ambiguous reference: 'XPAGINA'
RH525.PRG(232) Warning C1003  Ambiguous reference: 'XCOND0'
RH525.PRG(233) Warning C1003  Ambiguous reference: 'CCENTRO'
RH525.PRG(234) Warning C1003  Ambiguous reference: 'CTITULO1'
RH525.PRG(234) Warning C1003  Ambiguous reference: 'CTITULO2'
RH525.PRG(236) Warning C1003  Ambiguous reference: 'CTITULO1'
RH525.PRG(238) Warning C1003  Ambiguous reference: 'CQUEBRA'
RH525.PRG(240) Warning C1003  Ambiguous reference: 'XCOND1'
RH525.PRG(242) Warning C1003  Ambiguous reference: 'XCOND1'
RH525.PRG(248) Warning C1003  Ambiguous reference: 'CTIPO'
RH525.PRG(250) Warning C1003  Ambiguous reference: 'CTIPO'
RH525.PRG(252) Warning C1003  Ambiguous reference: 'CTIPO'
RH525.PRG(254) Warning C1003  Ambiguous reference: 'CTIPO'
RH525.PRG(256) Warning C1003  Ambiguous reference: 'CTIPO'
RH525.PRG(260) Warning C1003  Ambiguous reference: 'CZERADO'
RH525.PRG(265) Warning C1003  Ambiguous reference: 'CQUEBRA'
RH525.PRG(275) Warning C1003  Ambiguous reference: 'CQUEBRA'
RH525.PRG(285) Warning C1003  Ambiguous reference: 'CBANCO'
RH525.PRG(293) Warning C1003  Ambiguous reference: 'CQUEBRA'
RH525.PRG(299) Warning C1001  RETURN statement with no value in function
RH525.PRG(316) Warning C1001  RETURN statement with no value in function
RH525.PRG(333) Warning C1001  RETURN statement with no value in function
141 warnings                
Code size 3382, Symbols 1360, Constants 1338
