312K available
Compiling RH522.PRG
RH522.PRG(14)  Warning C1003  Ambiguous reference: 'XNIVEL'
RH522.PRG(14)  Warning C1003  Ambiguous reference: 'XFLAG'
RH522.PRG(14)  Warning C1003  Ambiguous reference: 'CTIPOREL'
RH522.PRG(16)  Warning C1004  Ambiguous reference, assuming memvar: 'SBLOCO1'
RH522.PRG(17)  Warning C1004  Ambiguous reference, assuming memvar: 'SBLOCO2'
RH522.PRG(18)  Warning C1004  Ambiguous reference, assuming memvar: 'SBLOCO3'
RH522.PRG(19)  Warning C1004  Ambiguous reference, assuming memvar: 'SBLOCO4'
RH522.PRG(23)  Warning C1004  Ambiguous reference, assuming memvar: 'CABRANG'
RH522.PRG(26)  Warning C1004  Ambiguous reference, assuming memvar: 'CORDEM'
RH522.PRG(27)  Warning C1004  Ambiguous reference, assuming memvar: 'CZERADO'
RH522.PRG(30)  Warning C1004  Ambiguous reference, assuming memvar: 'AEDICAO'
RH522.PRG(31)  Warning C1003  Ambiguous reference: 'XDATASYS'
RH522.PRG(31)  Warning C1004  Ambiguous reference, assuming memvar: 'CANOMES'
RH522.PRG(33)  Warning C1003  Ambiguous reference: 'ANOMES'
RH522.PRG(33)  Warning C1003  Ambiguous reference: 'XANOMES'
RH522.PRG(37)  Warning C1003  Ambiguous reference: 'AEDICAO'
RH522.PRG(37)  Warning C1003  Ambiguous reference: 'CTIPOREL'
RH522.PRG(37)  Warning C1003  Ambiguous reference: 'SBLOCO2'
RH522.PRG(38)  Warning C1003  Ambiguous reference: 'AEDICAO'
RH522.PRG(38)  Warning C1003  Ambiguous reference: 'CABRANG'
RH522.PRG(38)  Warning C1003  Ambiguous reference: 'SBLOCO4'
RH522.PRG(39)  Warning C1003  Ambiguous reference: 'AEDICAO'
RH522.PRG(39)  Warning C1003  Ambiguous reference: 'CCENTRO'
RH522.PRG(40)  Warning C1003  Ambiguous reference: 'AEDICAO'
RH522.PRG(41)  Warning C1003  Ambiguous reference: 'AEDICAO'
RH522.PRG(41)  Warning C1003  Ambiguous reference: 'CFILIAL'
RH522.PRG(42)  Warning C1003  Ambiguous reference: 'AEDICAO'
RH522.PRG(43)  Warning C1003  Ambiguous reference: 'AEDICAO'
RH522.PRG(43)  Warning C1003  Ambiguous reference: 'CORDEM'
RH522.PRG(43)  Warning C1003  Ambiguous reference: 'SBLOCO3'
RH522.PRG(44)  Warning C1003  Ambiguous reference: 'AEDICAO'
RH522.PRG(44)  Warning C1003  Ambiguous reference: 'CZERADO'
RH522.PRG(44)  Warning C1003  Ambiguous reference: 'XSN'
RH522.PRG(49)  Warning C1004  Ambiguous reference, assuming memvar: 'XNIVEL'
RH522.PRG(50)  Warning C1004  Ambiguous reference, assuming memvar: 'XFLAG'
RH522.PRG(51)  Warning C1004  Ambiguous reference, assuming memvar: 'CCENTRO'
RH522.PRG(52)  Warning C1004  Ambiguous reference, assuming memvar: 'CFILIAL'
RH522.PRG(53)  Warning C1004  Ambiguous reference, assuming memvar: 'CTIPOREL'
RH522.PRG(54)  Warning C1004  Ambiguous reference, assuming memvar: 'NTOTAL'
RH522.PRG(58)  Warning C1003  Ambiguous reference: 'XNIVEL'
RH522.PRG(58)  Warning C1003  Ambiguous reference: 'XNIVEL'
RH522.PRG(58)  Warning C1003  Ambiguous reference: 'AEDICAO'
RH522.PRG(59)  Warning C1004  Ambiguous reference, assuming memvar: 'AEDICAO'
RH522.PRG(59)  Warning C1003  Ambiguous reference: 'XNIVEL'
RH522.PRG(61)  Warning C1004  Ambiguous reference, assuming memvar: 'AEDICAO'
RH522.PRG(61)  Warning C1003  Ambiguous reference: 'XNIVEL'
RH522.PRG(62)  Warning C1003  Ambiguous reference: 'XFLAG'
RH522.PRG(62)  Warning C1004  Ambiguous reference, assuming memvar: 'XNIVEL'
RH522.PRG(62)  Warning C1004  Ambiguous reference, assuming memvar: 'XNIVEL'
RH522.PRG(62)  Warning C1004  Ambiguous reference, assuming memvar: 'XNIVEL'
RH522.PRG(62)  Warning C1004  Ambiguous reference, assuming memvar: 'XNIVEL'
RH522.PRG(75)  Warning C1003  Ambiguous reference: 'XNIVEL'
RH522.PRG(75)  Warning C1003  Ambiguous reference: 'CTIPOREL'
RH522.PRG(77)  Warning C1003  Ambiguous reference: 'XNIVEL'
RH522.PRG(77)  Warning C1003  Ambiguous reference: 'CABRANG'
RH522.PRG(79)  Warning C1003  Ambiguous reference: 'CCENTRO'
RH522.PRG(80)  Warning C1003  Ambiguous reference: 'CCENTRO'
RH522.PRG(84)  Warning C1003  Ambiguous reference: 'CCENTRO'
RH522.PRG(89)  Warning C1003  Ambiguous reference: 'XNIVEL'
RH522.PRG(89)  Warning C1003  Ambiguous reference: 'CCENTRO'
RH522.PRG(91)  Warning C1003  Ambiguous reference: 'XNIVEL'
RH522.PRG(91)  Warning C1003  Ambiguous reference: 'CFILIAL'
RH522.PRG(93)  Warning C1003  Ambiguous reference: 'XNIVEL'
RH522.PRG(93)  Warning C1003  Ambiguous reference: 'CORDEM'
RH522.PRG(95)  Warning C1003  Ambiguous reference: 'XNIVEL'
RH522.PRG(95)  Warning C1003  Ambiguous reference: 'CZERADO'
RH522.PRG(106) Warning C1004  Ambiguous reference, assuming memvar: 'CTITULO1'
RH522.PRG(109) Warning C1003  Ambiguous reference: 'CTIPOREL'
RH522.PRG(109) Warning C1004  Ambiguous reference, assuming memvar: 'CTITULO1'
RH522.PRG(109) Warning C1004  Ambiguous reference, assuming memvar: 'CTITULO1'
RH522.PRG(110) Warning C1003  Ambiguous reference: 'CTIPOREL'
RH522.PRG(110) Warning C1004  Ambiguous reference, assuming memvar: 'CTITULO1'
RH522.PRG(110) Warning C1004  Ambiguous reference, assuming memvar: 'CTITULO1'
RH522.PRG(111) Warning C1003  Ambiguous reference: 'CTIPOREL'
RH522.PRG(111) Warning C1004  Ambiguous reference, assuming memvar: 'CTITULO1'
RH522.PRG(111) Warning C1004  Ambiguous reference, assuming memvar: 'CTITULO1'
RH522.PRG(112) Warning C1003  Ambiguous reference: 'CTIPOREL'
RH522.PRG(112) Warning C1004  Ambiguous reference, assuming memvar: 'CTITULO1'
RH522.PRG(112) Warning C1004  Ambiguous reference, assuming memvar: 'CTITULO1'
RH522.PRG(113) Warning C1003  Ambiguous reference: 'CTIPOREL'
RH522.PRG(113) Warning C1004  Ambiguous reference, assuming memvar: 'CTITULO1'
RH522.PRG(113) Warning C1004  Ambiguous reference, assuming memvar: 'CTITULO1'
RH522.PRG(114) Warning C1003  Ambiguous reference: 'CTIPOREL'
RH522.PRG(114) Warning C1004  Ambiguous reference, assuming memvar: 'CTITULO1'
RH522.PRG(114) Warning C1004  Ambiguous reference, assuming memvar: 'CTITULO1'
RH522.PRG(118) Warning C1003  Ambiguous reference: 'CABRANG'
RH522.PRG(119) Warning C1004  Ambiguous reference, assuming memvar: 'CTITULO1'
RH522.PRG(119) Warning C1004  Ambiguous reference, assuming memvar: 'CTITULO1'
RH522.PRG(120) Warning C1003  Ambiguous reference: 'CABRANG'
RH522.PRG(121) Warning C1004  Ambiguous reference, assuming memvar: 'CTITULO1'
RH522.PRG(121) Warning C1004  Ambiguous reference, assuming memvar: 'CTITULO1'
RH522.PRG(122) Warning C1003  Ambiguous reference: 'CABRANG'
RH522.PRG(123) Warning C1004  Ambiguous reference, assuming memvar: 'CTITULO1'
RH522.PRG(123) Warning C1004  Ambiguous reference, assuming memvar: 'CTITULO1'
RH522.PRG(126) Warning C1004  Ambiguous reference, assuming memvar: 'CTITULO1'
RH522.PRG(126) Warning C1003  Ambiguous reference: 'XDATASYS'
RH522.PRG(126) Warning C1003  Ambiguous reference: 'XDATASYS'
RH522.PRG(126) Warning C1004  Ambiguous reference, assuming memvar: 'CTITULO1'
RH522.PRG(129) Warning C1003  Ambiguous reference: 'CFILIAL'
RH522.PRG(130) Warning C1004  Ambiguous reference, assuming memvar: 'CTITULO2'
RH522.PRG(131) Warning C1003  Ambiguous reference: 'CCENTRO'
RH522.PRG(132) Warning C1004  Ambiguous reference, assuming memvar: 'CTITULO2'
RH522.PRG(138) Warning C1003  Ambiguous reference: 'CORDEM'
RH522.PRG(139) Warning C1003  Ambiguous reference: 'CORDEM'
RH522.PRG(140) Warning C1003  Ambiguous reference: 'CORDEM'
RH522.PRG(141) Warning C1003  Ambiguous reference: 'CORDEM'
RH522.PRG(142) Warning C1003  Ambiguous reference: 'CORDEM'
RH522.PRG(145) Warning C1003  Ambiguous reference: 'XDRV_RH'
RH522.PRG(145) Warning C1003  Ambiguous reference: 'CSAL_BAN'
RH522.PRG(145) Warning C1003  Ambiguous reference: 'MATRICULA'
RH522.PRG(152) Warning C1003  Ambiguous reference: 'MATRICULA'
RH522.PRG(152) Warning C1003  Ambiguous reference: 'XANOMES'
RH522.PRG(154) Warning C1003  Ambiguous reference: 'CENTRO'
RH522.PRG(156) Warning C1003  Ambiguous reference: 'FILIAL'
RH522.PRG(158) Warning C1003  Ambiguous reference: 'CSAL_BAN'
RH522.PRG(173) Warning C1001  RETURN statement with no value in function
RH522.PRG(176) Warning C1003  Ambiguous reference: 'XCOND0'
RH522.PRG(182) Warning C1003  Ambiguous reference: 'XDATASYS'
RH522.PRG(199) Warning C1001  RETURN statement with no value in function
RH522.PRG(201) Warning C1003  Ambiguous reference: 'XPAGINA'
RH522.PRG(203) Warning C1003  Ambiguous reference: 'XCOND0'
RH522.PRG(205) Warning C1003  Ambiguous reference: 'CFILIAL'
RH522.PRG(207) Warning C1003  Ambiguous reference: 'XAENFAT'
RH522.PRG(207) Warning C1003  Ambiguous reference: 'CTITULO1'
RH522.PRG(207) Warning C1003  Ambiguous reference: 'XDENFAT'
RH522.PRG(208) Warning C1003  Ambiguous reference: 'CCENTRO'
RH522.PRG(212) Warning C1003  Ambiguous reference: 'CCENTRO'
RH522.PRG(214) Warning C1003  Ambiguous reference: 'XAENFAT'
RH522.PRG(214) Warning C1003  Ambiguous reference: 'CTITULO1'
RH522.PRG(214) Warning C1003  Ambiguous reference: 'XDENFAT'
RH522.PRG(216) Warning C1003  Ambiguous reference: 'XAENFAT'
RH522.PRG(216) Warning C1003  Ambiguous reference: 'CTITULO1'
RH522.PRG(216) Warning C1003  Ambiguous reference: 'XDENFAT'
RH522.PRG(220) Warning C1003  Ambiguous reference: 'CFILIAL'
RH522.PRG(221) Warning C1003  Ambiguous reference: 'CFILIAL'
RH522.PRG(222) Warning C1003  Ambiguous reference: 'CFILIAL'
RH522.PRG(223) Warning C1003  Ambiguous reference: 'CCENTRO'
RH522.PRG(227) Warning C1003  Ambiguous reference: 'XCOND1'
RH522.PRG(227) Warning C1003  Ambiguous reference: 'XAENFAT'
RH522.PRG(227) Warning C1003  Ambiguous reference: 'XDENFAT'
RH522.PRG(232) Warning C1003  Ambiguous reference: 'CTIPOREL'
RH522.PRG(232) Warning C1003  Ambiguous reference: 'CTIPOREL'
RH522.PRG(234) Warning C1003  Ambiguous reference: 'CABRANG'
RH522.PRG(236) Warning C1003  Ambiguous reference: 'CABRANG'
RH522.PRG(238) Warning C1003  Ambiguous reference: 'CABRANG'
RH522.PRG(242) Warning C1003  Ambiguous reference: 'CZERADO'
RH522.PRG(257) Warning C1004  Ambiguous reference, assuming memvar: 'NTOTAL'
RH522.PRG(257) Warning C1004  Ambiguous reference, assuming memvar: 'NTOTAL'
RH522.PRG(265) Warning C1003  Ambiguous reference: 'XAENFAT'
RH522.PRG(265) Warning C1003  Ambiguous reference: 'NTOTAL'
RH522.PRG(265) Warning C1003  Ambiguous reference: 'XDENFAT'
RH522.PRG(270) Warning C1001  RETURN statement with no value in function
RH522.PRG(275) Warning C1003  Ambiguous reference: 'CCENTRO'
RH522.PRG(275) Warning C1003  Ambiguous reference: 'CCENTRO'
RH522.PRG(276) Warning C1003  Ambiguous reference: 'CFILIAL'
RH522.PRG(276) Warning C1003  Ambiguous reference: 'CFILIAL'
156 warnings                
Code size 3200, Symbols 1344, Constants 1216
