312K available
Compiling RH526.PRG
RH526.PRG(14)  Warning C1003  Ambiguous reference: 'XNIVEL'
RH526.PRG(14)  Warning C1003  Ambiguous reference: 'XFLAG'
RH526.PRG(14)  Warning C1003  Ambiguous reference: 'CORDEM'
RH526.PRG(18)  Warning C1003  Ambiguous reference: 'ANOMES'
RH526.PRG(18)  Warning C1003  Ambiguous reference: 'XANOMES'
RH526.PRG(36)  Warning C1003  Ambiguous reference: 'COPCAO'
RH526.PRG(36)  Warning C1004  Ambiguous reference, assuming memvar: 'COPCAO'
RH526.PRG(40)  Warning C1003  Ambiguous reference: 'COPCAO'
RH526.PRG(55)  Warning C1003  Ambiguous reference: 'XNIVEL'
RH526.PRG(55)  Warning C1003  Ambiguous reference: 'XFLAG'
RH526.PRG(57)  Warning C1004  Ambiguous reference, assuming memvar: 'SBLOCO1'
RH526.PRG(58)  Warning C1004  Ambiguous reference, assuming memvar: 'SBLOCO3'
RH526.PRG(60)  Warning C1004  Ambiguous reference, assuming memvar: 'AEDICAO'
RH526.PRG(66)  Warning C1004  Ambiguous reference, assuming memvar: 'NNUMARQ'
RH526.PRG(68)  Warning C1004  Ambiguous reference, assuming memvar: 'LACHOU'
RH526.PRG(74)  Warning C1003  Ambiguous reference: 'AEDICAO'
RH526.PRG(74)  Warning C1003  Ambiguous reference: 'CCODIGO'
RH526.PRG(75)  Warning C1003  Ambiguous reference: 'AEDICAO'
RH526.PRG(75)  Warning C1003  Ambiguous reference: 'CAMBIENTE'
RH526.PRG(75)  Warning C1003  Ambiguous reference: 'SBLOCO3'
RH526.PRG(76)  Warning C1003  Ambiguous reference: 'AEDICAO'
RH526.PRG(76)  Warning C1003  Ambiguous reference: 'CTIPO'
RH526.PRG(76)  Warning C1003  Ambiguous reference: 'SBLOCO1'
RH526.PRG(77)  Warning C1003  Ambiguous reference: 'AEDICAO'
RH526.PRG(77)  Warning C1003  Ambiguous reference: 'CCCUSTO'
RH526.PRG(78)  Warning C1003  Ambiguous reference: 'AEDICAO'
RH526.PRG(79)  Warning C1003  Ambiguous reference: 'AEDICAO'
RH526.PRG(79)  Warning C1003  Ambiguous reference: 'CDT_PGTO'
RH526.PRG(80)  Warning C1003  Ambiguous reference: 'AEDICAO'
RH526.PRG(80)  Warning C1003  Ambiguous reference: 'CMESANO'
RH526.PRG(81)  Warning C1003  Ambiguous reference: 'AEDICAO'
RH526.PRG(81)  Warning C1004  Ambiguous reference, assuming memvar: 'LCONF'
RH526.PRG(87)  Warning C1004  Ambiguous reference, assuming memvar: 'CDT_PGTO'
RH526.PRG(88)  Warning C1004  Ambiguous reference, assuming memvar: 'CCODIGO'
RH526.PRG(89)  Warning C1004  Ambiguous reference, assuming memvar: 'CCCUSTO'
RH526.PRG(90)  Warning C1004  Ambiguous reference, assuming memvar: 'CAMBIENTE'
RH526.PRG(91)  Warning C1004  Ambiguous reference, assuming memvar: 'XNIVEL'
RH526.PRG(92)  Warning C1004  Ambiguous reference, assuming memvar: 'CANOMES'
RH526.PRG(93)  Warning C1004  Ambiguous reference, assuming memvar: 'CMESANO'
RH526.PRG(97)  Warning C1003  Ambiguous reference: 'XNIVEL'
RH526.PRG(97)  Warning C1003  Ambiguous reference: 'XNIVEL'
RH526.PRG(97)  Warning C1003  Ambiguous reference: 'AEDICAO'
RH526.PRG(98)  Warning C1004  Ambiguous reference, assuming memvar: 'AEDICAO'
RH526.PRG(98)  Warning C1003  Ambiguous reference: 'XNIVEL'
RH526.PRG(99)  Warning C1001  RETURN statement with no value in function
RH526.PRG(100) Warning C1004  Ambiguous reference, assuming memvar: 'AEDICAO'
RH526.PRG(100) Warning C1003  Ambiguous reference: 'XNIVEL'
RH526.PRG(101) Warning C1003  Ambiguous reference: 'XFLAG'
RH526.PRG(101) Warning C1004  Ambiguous reference, assuming memvar: 'XNIVEL'
RH526.PRG(101) Warning C1004  Ambiguous reference, assuming memvar: 'XNIVEL'
RH526.PRG(101) Warning C1004  Ambiguous reference, assuming memvar: 'XNIVEL'
RH526.PRG(101) Warning C1004  Ambiguous reference, assuming memvar: 'XNIVEL'
RH526.PRG(104) Warning C1003  Ambiguous reference: 'LCONF'
RH526.PRG(116) Warning C1001  RETURN statement with no value in function
RH526.PRG(125) Warning C1003  Ambiguous reference: 'XNIVEL'
RH526.PRG(125) Warning C1003  Ambiguous reference: 'CAMBIENTE'
RH526.PRG(128) Warning C1003  Ambiguous reference: 'CTIPO'
RH526.PRG(129) Warning C1003  Ambiguous reference: 'XNIVEL'
RH526.PRG(129) Warning C1003  Ambiguous reference: 'CTIPO'
RH526.PRG(132) Warning C1003  Ambiguous reference: 'CDT_PGTO'
RH526.PRG(139) Warning C1003  Ambiguous reference: 'CMESANO'
RH526.PRG(139) Warning C1003  Ambiguous reference: 'CMESANO'
RH526.PRG(139) Warning C1004  Ambiguous reference, assuming memvar: 'CANOMES'
RH526.PRG(143) Warning C1003  Ambiguous reference: 'CCCUSTO'
RH526.PRG(144) Warning C1003  Ambiguous reference: 'XNIVEL'
RH526.PRG(158) Warning C1004  Ambiguous reference, assuming memvar: 'CTITULO'
RH526.PRG(167) Warning C1004  Ambiguous reference, assuming memvar: 'NTOTAL'
RH526.PRG(169) Warning C1001  RETURN statement with no value in function
RH526.PRG(172) Warning C1003  Ambiguous reference: 'XCOND0'
RH526.PRG(184) Warning C1003  Ambiguous reference: 'CCCUSTO'
RH526.PRG(189) Warning C1003  Ambiguous reference: 'CANOMES'
RH526.PRG(192) Warning C1003  Ambiguous reference: 'CAMBIENTE'
RH526.PRG(193) Warning C1004  Ambiguous reference, assuming memvar: 'NLIQ'
RH526.PRG(194) Warning C1003  Ambiguous reference: 'CAMBIENTE'
RH526.PRG(195) Warning C1004  Ambiguous reference, assuming memvar: 'NLIQ'
RH526.PRG(196) Warning C1003  Ambiguous reference: 'CAMBIENTE'
RH526.PRG(197) Warning C1004  Ambiguous reference, assuming memvar: 'NLIQ'
RH526.PRG(198) Warning C1003  Ambiguous reference: 'CAMBIENTE'
RH526.PRG(199) Warning C1004  Ambiguous reference, assuming memvar: 'NLIQ'
RH526.PRG(202) Warning C1003  Ambiguous reference: 'NLIQ'
RH526.PRG(207) Warning C1001  RETURN statement with no value in function
RH526.PRG(211) Warning C1003  Ambiguous reference: 'XPAGINA'
RH526.PRG(213) Warning C1003  Ambiguous reference: 'XCOND0'
RH526.PRG(214) Warning C1003  Ambiguous reference: 'CTITULO'
RH526.PRG(216) Warning C1003  Ambiguous reference: 'CDT_PGTO'
RH526.PRG(224) Warning C1003  Ambiguous reference: 'NLIQ'
RH526.PRG(228) Warning C1003  Ambiguous reference: 'NTOTAL'
RH526.PRG(228) Warning C1003  Ambiguous reference: 'NLIQ'
RH526.PRG(228) Warning C1004  Ambiguous reference, assuming memvar: 'NTOTAL'
RH526.PRG(231) Warning C1004  Ambiguous reference, assuming memvar: 'NLIQ'
RH526.PRG(238) Warning C1003  Ambiguous reference: 'NTOTAL'
RH526.PRG(244) Warning C1001  RETURN statement with no value in function
92 warnings                
Code size 2162, Symbols 1200, Constants 830
