312K available
Compiling RH529.PRG
RH529.PRG(14)  Warning C1003  Ambiguous reference: 'XNIVEL'
RH529.PRG(14)  Warning C1003  Ambiguous reference: 'XFLAG'
RH529.PRG(14)  Warning C1003  Ambiguous reference: 'CORDEM'
RH529.PRG(16)  Warning C1004  Ambiguous reference, assuming memvar: 'SBLOCO1'
RH529.PRG(23)  Warning C1004  Ambiguous reference, assuming memvar: 'AEDICAO'
RH529.PRG(25)  Warning C1003  Ambiguous reference: 'ANOMES'
RH529.PRG(25)  Warning C1003  Ambiguous reference: 'XANOMES'
RH529.PRG(29)  Warning C1003  Ambiguous reference: 'AEDICAO'
RH529.PRG(29)  Warning C1003  Ambiguous reference: 'CORDEM'
RH529.PRG(29)  Warning C1003  Ambiguous reference: 'SBLOCO1'
RH529.PRG(30)  Warning C1003  Ambiguous reference: 'AEDICAO'
RH529.PRG(30)  Warning C1003  Ambiguous reference: 'CCENTRO'
RH529.PRG(31)  Warning C1003  Ambiguous reference: 'AEDICAO'
RH529.PRG(32)  Warning C1003  Ambiguous reference: 'AEDICAO'
RH529.PRG(32)  Warning C1003  Ambiguous reference: 'CFILIAL'
RH529.PRG(33)  Warning C1003  Ambiguous reference: 'AEDICAO'
RH529.PRG(38)  Warning C1004  Ambiguous reference, assuming memvar: 'XNIVEL'
RH529.PRG(39)  Warning C1004  Ambiguous reference, assuming memvar: 'XFLAG'
RH529.PRG(40)  Warning C1004  Ambiguous reference, assuming memvar: 'CORDEM'
RH529.PRG(41)  Warning C1004  Ambiguous reference, assuming memvar: 'CCENTRO'
RH529.PRG(42)  Warning C1004  Ambiguous reference, assuming memvar: 'CFILIAL'
RH529.PRG(46)  Warning C1003  Ambiguous reference: 'XNIVEL'
RH529.PRG(46)  Warning C1003  Ambiguous reference: 'XNIVEL'
RH529.PRG(46)  Warning C1003  Ambiguous reference: 'AEDICAO'
RH529.PRG(47)  Warning C1004  Ambiguous reference, assuming memvar: 'AEDICAO'
RH529.PRG(47)  Warning C1003  Ambiguous reference: 'XNIVEL'
RH529.PRG(49)  Warning C1004  Ambiguous reference, assuming memvar: 'AEDICAO'
RH529.PRG(49)  Warning C1003  Ambiguous reference: 'XNIVEL'
RH529.PRG(50)  Warning C1003  Ambiguous reference: 'XFLAG'
RH529.PRG(50)  Warning C1004  Ambiguous reference, assuming memvar: 'XNIVEL'
RH529.PRG(50)  Warning C1004  Ambiguous reference, assuming memvar: 'XNIVEL'
RH529.PRG(50)  Warning C1004  Ambiguous reference, assuming memvar: 'XNIVEL'
RH529.PRG(50)  Warning C1004  Ambiguous reference, assuming memvar: 'XNIVEL'
RH529.PRG(63)  Warning C1003  Ambiguous reference: 'XNIVEL'
RH529.PRG(63)  Warning C1003  Ambiguous reference: 'CORDEM'
RH529.PRG(65)  Warning C1003  Ambiguous reference: 'CCENTRO'
RH529.PRG(66)  Warning C1003  Ambiguous reference: 'CCENTRO'
RH529.PRG(70)  Warning C1003  Ambiguous reference: 'CCENTRO'
RH529.PRG(75)  Warning C1003  Ambiguous reference: 'XNIVEL'
RH529.PRG(75)  Warning C1003  Ambiguous reference: 'CCENTRO'
RH529.PRG(77)  Warning C1003  Ambiguous reference: 'XNIVEL'
RH529.PRG(77)  Warning C1003  Ambiguous reference: 'CFILIAL'
RH529.PRG(88)  Warning C1004  Ambiguous reference, assuming memvar: 'CTITULO'
RH529.PRG(89)  Warning C1004  Ambiguous reference, assuming memvar: 'CTITULO'
RH529.PRG(89)  Warning C1003  Ambiguous reference: 'XDATASYS'
RH529.PRG(89)  Warning C1003  Ambiguous reference: 'XDATASYS'
RH529.PRG(89)  Warning C1004  Ambiguous reference, assuming memvar: 'CTITULO'
RH529.PRG(94)  Warning C1003  Ambiguous reference: 'CORDEM'
RH529.PRG(95)  Warning C1003  Ambiguous reference: 'CORDEM'
RH529.PRG(102) Warning C1003  Ambiguous reference: 'MATRICULA'
RH529.PRG(102) Warning C1003  Ambiguous reference: 'XANOMES'
RH529.PRG(103) Warning C1003  Ambiguous reference: 'CENTRO'
RH529.PRG(104) Warning C1003  Ambiguous reference: 'FILIAL'
RH529.PRG(115) Warning C1004  Ambiguous reference, assuming memvar: 'NLIQ'
RH529.PRG(115) Warning C1004  Ambiguous reference, assuming memvar: 'NOUTROS'
RH529.PRG(115) Warning C1004  Ambiguous reference, assuming memvar: 'NSALFAM'
RH529.PRG(115) Warning C1004  Ambiguous reference, assuming memvar: 'NIRRF'
RH529.PRG(115) Warning C1004  Ambiguous reference, assuming memvar: 'NINSS'
RH529.PRG(116) Warning C1004  Ambiguous reference, assuming memvar: 'NTLIQ'
RH529.PRG(116) Warning C1004  Ambiguous reference, assuming memvar: 'NTOUTROS'
RH529.PRG(116) Warning C1004  Ambiguous reference, assuming memvar: 'NTSALFAM'
RH529.PRG(116) Warning C1004  Ambiguous reference, assuming memvar: 'NTIRRF'
RH529.PRG(116) Warning C1004  Ambiguous reference, assuming memvar: 'NTINSS'
RH529.PRG(121) Warning C1001  RETURN statement with no value in function
RH529.PRG(127) Warning C1001  RETURN statement with no value in function
RH529.PRG(129) Warning C1003  Ambiguous reference: 'XPAGINA'
RH529.PRG(131) Warning C1003  Ambiguous reference: 'CTITULO'
RH529.PRG(133) Warning C1003  Ambiguous reference: 'XCOND1'
RH529.PRG(133) Warning C1003  Ambiguous reference: 'XCOND0'
RH529.PRG(143) Warning C1003  Ambiguous reference: 'XCOND1'
RH529.PRG(149) Warning C1004  Ambiguous reference, assuming memvar: 'NSALFAM'
RH529.PRG(150) Warning C1004  Ambiguous reference, assuming memvar: 'NINSS'
RH529.PRG(152) Warning C1004  Ambiguous reference, assuming memvar: 'NIRRF'
RH529.PRG(153) Warning C1004  Ambiguous reference, assuming memvar: 'NOUTROS'
RH529.PRG(154) Warning C1004  Ambiguous reference, assuming memvar: 'NLIQ'
RH529.PRG(158) Warning C1004  Ambiguous reference, assuming memvar: 'NTSALFAM'
RH529.PRG(158) Warning C1003  Ambiguous reference: 'NSALFAM'
RH529.PRG(158) Warning C1004  Ambiguous reference, assuming memvar: 'NTSALFAM'
RH529.PRG(159) Warning C1004  Ambiguous reference, assuming memvar: 'NTINSS'
RH529.PRG(159) Warning C1003  Ambiguous reference: 'NINSS'
RH529.PRG(159) Warning C1004  Ambiguous reference, assuming memvar: 'NTINSS'
RH529.PRG(160) Warning C1004  Ambiguous reference, assuming memvar: 'NTIRRF'
RH529.PRG(160) Warning C1003  Ambiguous reference: 'NIRRF'
RH529.PRG(160) Warning C1004  Ambiguous reference, assuming memvar: 'NTIRRF'
RH529.PRG(161) Warning C1004  Ambiguous reference, assuming memvar: 'NTOUTROS'
RH529.PRG(161) Warning C1003  Ambiguous reference: 'NOUTROS'
RH529.PRG(161) Warning C1004  Ambiguous reference, assuming memvar: 'NTOUTROS'
RH529.PRG(162) Warning C1004  Ambiguous reference, assuming memvar: 'NTLIQ'
RH529.PRG(162) Warning C1003  Ambiguous reference: 'NLIQ'
RH529.PRG(162) Warning C1004  Ambiguous reference, assuming memvar: 'NTLIQ'
RH529.PRG(170) Warning C1003  Ambiguous reference: 'XCOND1'
RH529.PRG(172) Warning C1003  Ambiguous reference: 'NTSALFAM'
RH529.PRG(173) Warning C1003  Ambiguous reference: 'NTINSS'
RH529.PRG(174) Warning C1003  Ambiguous reference: 'NTIRRF'
RH529.PRG(175) Warning C1003  Ambiguous reference: 'NTOUTROS'
RH529.PRG(176) Warning C1003  Ambiguous reference: 'NTLIQ'
RH529.PRG(182) Warning C1001  RETURN statement with no value in function
RH529.PRG(194) Warning C1003  Ambiguous reference: 'XDATASYS'
RH529.PRG(200) Warning C1003  Ambiguous reference: 'CCENTRO'
RH529.PRG(200) Warning C1003  Ambiguous reference: 'CCENTRO'
RH529.PRG(201) Warning C1003  Ambiguous reference: 'CFILIAL'
RH529.PRG(201) Warning C1003  Ambiguous reference: 'CFILIAL'
102 warnings                
Code size 2878, Symbols 1408, Constants 642
