276K available
Compiling RH528.PRG
RH528.PRG(17)  Warning C1004  Ambiguous reference, assuming memvar: 'SBLOCO1'
RH528.PRG(19)  Warning C1004  Ambiguous reference, assuming memvar: 'LPAUSA'
RH528.PRG(20)  Warning C1004  Ambiguous reference, assuming memvar: 'CLOCALIMP'
RH528.PRG(24)  Warning C1004  Ambiguous reference, assuming memvar: 'CAMBIENTE'
RH528.PRG(26)  Warning C1003  Ambiguous reference: 'XANOMES'
RH528.PRG(26)  Warning C1003  Ambiguous reference: 'XANOMES'
RH528.PRG(26)  Warning C1004  Ambiguous reference, assuming memvar: 'CMESANO'
RH528.PRG(27)  Warning C1004  Ambiguous reference, assuming memvar: 'CPAGTO'
RH528.PRG(28)  Warning C1004  Ambiguous reference, assuming memvar: 'CCLASSE'
RH528.PRG(29)  Warning C1004  Ambiguous reference, assuming memvar: 'CFUN'
RH528.PRG(30)  Warning C1004  Ambiguous reference, assuming memvar: 'NJUROS'
RH528.PRG(37)  Warning C1003  Ambiguous reference: 'CAMBIENTE'
RH528.PRG(37)  Warning C1003  Ambiguous reference: 'SBLOCO1'
RH528.PRG(41)  Warning C1003  Ambiguous reference: 'CAMBIENTE'
RH528.PRG(45)  Warning C1003  Ambiguous reference: 'CMESANO'
RH528.PRG(49)  Warning C1003  Ambiguous reference: 'CMESANO'
RH528.PRG(49)  Warning C1003  Ambiguous reference: 'CMESANO'
RH528.PRG(49)  Warning C1004  Ambiguous reference, assuming memvar: 'CANOMES'
RH528.PRG(51)  Warning C1003  Ambiguous reference: 'CPAGTO'
RH528.PRG(55)  Warning C1003  Ambiguous reference: 'XDRV_RH'
RH528.PRG(55)  Warning C1002  Procedure returns value
RH528.PRG(56)  Warning C1003  Ambiguous reference: 'CPAGTO'
RH528.PRG(58)  Warning C1003  Ambiguous reference: 'CCLASSE'
RH528.PRG(60)  Warning C1003  Ambiguous reference: 'CFUN'
RH528.PRG(62)  Warning C1003  Ambiguous reference: 'CFUN'
RH528.PRG(65)  Warning C1003  Ambiguous reference: 'NJUROS'
RH528.PRG(67)  Warning C1004  Ambiguous reference, assuming memvar: 'CLOCALIMP'
RH528.PRG(71)  Warning C1004  Ambiguous reference, assuming memvar: 'AEMP'
RH528.PRG(78)  Warning C1004  Ambiguous reference, assuming memvar: 'LPAUSA'
RH528.PRG(85)  Warning C1003  Ambiguous reference: 'CPAGTO'
RH528.PRG(86)  Warning C1003  Ambiguous reference: 'XDRV_RH'
RH528.PRG(86)  Warning C1002  Procedure returns value
RH528.PRG(87)  Warning C1003  Ambiguous reference: 'ANOMES'
RH528.PRG(87)  Warning C1003  Ambiguous reference: 'CANOMES'
RH528.PRG(92)  Warning C1003  Ambiguous reference: 'AEMP'
RH528.PRG(95)  Warning C1003  Ambiguous reference: 'AEMP'
RH528.PRG(96)  Warning C1004  Ambiguous reference, assuming memvar: 'AEMP'
RH528.PRG(115) Warning C1003  Ambiguous reference: 'XDRV_RH'
RH528.PRG(116) Warning C1003  Ambiguous reference: 'XDRV_RH'
RH528.PRG(117) Warning C1003  Ambiguous reference: 'XDRV_RH'
RH528.PRG(118) Warning C1003  Ambiguous reference: 'XDRV_RH'
RH528.PRG(119) Warning C1003  Ambiguous reference: 'XDRV_RH'
RH528.PRG(120) Warning C1003  Ambiguous reference: 'XDRV_RH'
RH528.PRG(122) Warning C1003  Ambiguous reference: 'ANOMES'
RH528.PRG(122) Warning C1003  Ambiguous reference: 'CANOMES'
RH528.PRG(124) Warning C1003  Ambiguous reference: 'ANOMES'
RH528.PRG(124) Warning C1003  Ambiguous reference: 'CANOMES'
RH528.PRG(129) Warning C1003  Ambiguous reference: 'MATRICULA'
RH528.PRG(129) Warning C1003  Ambiguous reference: 'CANOMES'
RH528.PRG(134) Warning C1003  Ambiguous reference: 'CANOMES'
RH528.PRG(138) Warning C1003  Ambiguous reference: 'XRAZAO'
RH528.PRG(141) Warning C1004  Ambiguous reference, assuming memvar: 'XNIVEL'
RH528.PRG(142) Warning C1004  Ambiguous reference, assuming memvar: 'NAUTO'
RH528.PRG(143) Warning C1004  Ambiguous reference, assuming memvar: 'CMENSA1'
RH528.PRG(144) Warning C1004  Ambiguous reference, assuming memvar: 'CMENSA2'
RH528.PRG(146) Warning C1003  Ambiguous reference: 'LPAUSA'
RH528.PRG(147) Warning C1003  Ambiguous reference: 'NAUTO'
RH528.PRG(152) Warning C1004  Ambiguous reference, assuming memvar: 'XNIVEL'
RH528.PRG(152) Warning C1004  Ambiguous reference, assuming memvar: 'XNIVEL'
RH528.PRG(153) Warning C1003  Ambiguous reference: 'CMENSA1'
RH528.PRG(158) Warning C1004  Ambiguous reference, assuming memvar: 'XNIVEL'
RH528.PRG(158) Warning C1004  Ambiguous reference, assuming memvar: 'XNIVEL'
RH528.PRG(159) Warning C1003  Ambiguous reference: 'CMENSA2'
RH528.PRG(180) Warning C1001  RETURN statement with no value in function
RH528.PRG(187) Warning C1004  Ambiguous reference, assuming memvar: 'NTOTLIQ'
RH528.PRG(187) Warning C1004  Ambiguous reference, assuming memvar: 'NTOTSAT'
RH528.PRG(187) Warning C1004  Ambiguous reference, assuming memvar: 'NTOTDED'
RH528.PRG(187) Warning C1004  Ambiguous reference, assuming memvar: 'NTOTTER'
RH528.PRG(187) Warning C1004  Ambiguous reference, assuming memvar: 'NTOTEMP'
RH528.PRG(189) Warning C1004  Ambiguous reference, assuming memvar: 'NTBASE2'
RH528.PRG(189) Warning C1004  Ambiguous reference, assuming memvar: 'NTBASE1'
RH528.PRG(193) Warning C1003  Ambiguous reference: 'CANOMES'
RH528.PRG(193) Warning C1003  Ambiguous reference: 'CANOMES'
RH528.PRG(194) Warning C1003  Ambiguous reference: 'CANOMES'
RH528.PRG(198) Warning C1003  Ambiguous reference: 'CLOCALIMP'
RH528.PRG(198) Warning C1001  RETURN statement with no value in function
RH528.PRG(201) Warning C1003  Ambiguous reference: 'CLOCALIMP'
RH528.PRG(202) Warning C1003  Ambiguous reference: 'XLOCALIMP'
RH528.PRG(202) Warning C1004  Ambiguous reference, assuming memvar: 'CLOCALIMP'
RH528.PRG(216) Warning C1003  Ambiguous reference: 'XDATASYS'
RH528.PRG(249) Warning C1003  Ambiguous reference: 'CANOMES'
RH528.PRG(250) Warning C1003  Ambiguous reference: 'CANOMES'
RH528.PRG(251) Warning C1004  Ambiguous reference, assuming memvar: 'NTBASE1'
RH528.PRG(251) Warning C1004  Ambiguous reference, assuming memvar: 'NTBASE1'
RH528.PRG(255) Warning C1003  Ambiguous reference: 'CANOMES'
RH528.PRG(256) Warning C1003  Ambiguous reference: 'CAMBIENTE'
RH528.PRG(257) Warning C1004  Ambiguous reference, assuming memvar: 'NTBASE2'
RH528.PRG(257) Warning C1004  Ambiguous reference, assuming memvar: 'NTBASE2'
RH528.PRG(260) Warning C1004  Ambiguous reference, assuming memvar: 'NTBASE2'
RH528.PRG(263) Warning C1003  Ambiguous reference: 'CANOMES'
RH528.PRG(264) Warning C1003  Ambiguous reference: 'CAMBIENTE'
RH528.PRG(265) Warning C1004  Ambiguous reference, assuming memvar: 'NTBASE2'
RH528.PRG(265) Warning C1004  Ambiguous reference, assuming memvar: 'NTBASE2'
RH528.PRG(267) Warning C1004  Ambiguous reference, assuming memvar: 'NTBASE2'
RH528.PRG(270) Warning C1003  Ambiguous reference: 'CAMBIENTE'
RH528.PRG(271) Warning C1004  Ambiguous reference, assuming memvar: 'NTBASE1'
RH528.PRG(271) Warning C1004  Ambiguous reference, assuming memvar: 'NTBASE1'
RH528.PRG(273) Warning C1004  Ambiguous reference, assuming memvar: 'NTBASE1'
RH528.PRG(273) Warning C1004  Ambiguous reference, assuming memvar: 'NTBASE1'
RH528.PRG(280) Warning C1003  Ambiguous reference: 'CAMBIENTE'
RH528.PRG(288) Warning C1003  Ambiguous reference: 'CAMBIENTE'
RH528.PRG(289) Warning C1003  Ambiguous reference: 'CANOMES'
RH528.PRG(290) Warning C1004  Ambiguous reference, assuming memvar: 'NTOTDED'
RH528.PRG(290) Warning C1004  Ambiguous reference, assuming memvar: 'NTOTDED'
RH528.PRG(293) Warning C1003  Ambiguous reference: 'CANOMES'
RH528.PRG(294) Warning C1004  Ambiguous reference, assuming memvar: 'NTOTDED'
RH528.PRG(294) Warning C1004  Ambiguous reference, assuming memvar: 'NTOTDED'
RH528.PRG(298) Warning C1003  Ambiguous reference: 'CANOMES'
RH528.PRG(299) Warning C1004  Ambiguous reference, assuming memvar: 'NTOTDED'
RH528.PRG(299) Warning C1004  Ambiguous reference, assuming memvar: 'NTOTDED'
RH528.PRG(303) Warning C1003  Ambiguous reference: 'CANOMES'
RH528.PRG(304) Warning C1004  Ambiguous reference, assuming memvar: 'NTOTDED'
RH528.PRG(304) Warning C1004  Ambiguous reference, assuming memvar: 'NTOTDED'
RH528.PRG(308) Warning C1003  Ambiguous reference: 'CANOMES'
RH528.PRG(309) Warning C1004  Ambiguous reference, assuming memvar: 'NTOTDED'
RH528.PRG(309) Warning C1004  Ambiguous reference, assuming memvar: 'NTOTDED'
RH528.PRG(313) Warning C1003  Ambiguous reference: 'CANOMES'
RH528.PRG(314) Warning C1004  Ambiguous reference, assuming memvar: 'NTOTDED'
RH528.PRG(314) Warning C1004  Ambiguous reference, assuming memvar: 'NTOTDED'
RH528.PRG(318) Warning C1003  Ambiguous reference: 'CANOMES'
RH528.PRG(319) Warning C1004  Ambiguous reference, assuming memvar: 'NTOTDED'
RH528.PRG(319) Warning C1004  Ambiguous reference, assuming memvar: 'NTOTDED'
RH528.PRG(323) Warning C1003  Ambiguous reference: 'CANOMES'
RH528.PRG(324) Warning C1004  Ambiguous reference, assuming memvar: 'NTOTDED'
RH528.PRG(324) Warning C1004  Ambiguous reference, assuming memvar: 'NTOTDED'
RH528.PRG(328) Warning C1003  Ambiguous reference: 'CANOMES'
RH528.PRG(329) Warning C1004  Ambiguous reference, assuming memvar: 'NTOTDED'
RH528.PRG(329) Warning C1004  Ambiguous reference, assuming memvar: 'NTOTDED'
RH528.PRG(333) Warning C1003  Ambiguous reference: 'CANOMES'
RH528.PRG(334) Warning C1004  Ambiguous reference, assuming memvar: 'NTOTDED'
RH528.PRG(334) Warning C1004  Ambiguous reference, assuming memvar: 'NTOTDED'
RH528.PRG(338) Warning C1003  Ambiguous reference: 'CANOMES'
RH528.PRG(339) Warning C1004  Ambiguous reference, assuming memvar: 'NTOTDED'
RH528.PRG(339) Warning C1004  Ambiguous reference, assuming memvar: 'NTOTDED'
RH528.PRG(343) Warning C1003  Ambiguous reference: 'CANOMES'
RH528.PRG(344) Warning C1004  Ambiguous reference, assuming memvar: 'NTOTDED'
RH528.PRG(344) Warning C1004  Ambiguous reference, assuming memvar: 'NTOTDED'
RH528.PRG(347) Warning C1003  Ambiguous reference: 'CANOMES'
RH528.PRG(348) Warning C1004  Ambiguous reference, assuming memvar: 'NTOTDED'
RH528.PRG(348) Warning C1004  Ambiguous reference, assuming memvar: 'NTOTDED'
RH528.PRG(351) Warning C1003  Ambiguous reference: 'CANOMES'
RH528.PRG(352) Warning C1004  Ambiguous reference, assuming memvar: 'NTOTDED'
RH528.PRG(352) Warning C1004  Ambiguous reference, assuming memvar: 'NTOTDED'
RH528.PRG(355) Warning C1003  Ambiguous reference: 'CANOMES'
RH528.PRG(356) Warning C1004  Ambiguous reference, assuming memvar: 'NTOTDED'
RH528.PRG(356) Warning C1004  Ambiguous reference, assuming memvar: 'NTOTDED'
RH528.PRG(359) Warning C1003  Ambiguous reference: 'CANOMES'
RH528.PRG(360) Warning C1004  Ambiguous reference, assuming memvar: 'NTOTDED'
RH528.PRG(360) Warning C1004  Ambiguous reference, assuming memvar: 'NTOTDED'
RH528.PRG(363) Warning C1003  Ambiguous reference: 'CANOMES'
RH528.PRG(364) Warning C1004  Ambiguous reference, assuming memvar: 'NTOTDED'
RH528.PRG(364) Warning C1004  Ambiguous reference, assuming memvar: 'NTOTDED'
RH528.PRG(367) Warning C1003  Ambiguous reference: 'CANOMES'
RH528.PRG(368) Warning C1004  Ambiguous reference, assuming memvar: 'NTOTDED'
RH528.PRG(368) Warning C1004  Ambiguous reference, assuming memvar: 'NTOTDED'
RH528.PRG(380) Warning C1003  Ambiguous reference: 'CMESANO'
RH528.PRG(380) Warning C1003  Ambiguous reference: 'CMESANO'
RH528.PRG(381) Warning C1003  Ambiguous reference: 'NTBASE1'
RH528.PRG(381) Warning C1004  Ambiguous reference, assuming memvar: 'NTOTEMP'
RH528.PRG(382) Warning C1004  Ambiguous reference, assuming memvar: 'NTOTEMP'
RH528.PRG(382) Warning C1003  Ambiguous reference: 'NTBASE2'
RH528.PRG(382) Warning C1004  Ambiguous reference, assuming memvar: 'NTOTEMP'
RH528.PRG(383) Warning C1004  Ambiguous reference, assuming memvar: 'NTOTEMP'
RH528.PRG(383) Warning C1003  Ambiguous reference: 'NAUTO'
RH528.PRG(383) Warning C1004  Ambiguous reference, assuming memvar: 'NTOTEMP'
RH528.PRG(384) Warning C1004  Ambiguous reference, assuming memvar: 'NTBASE2'
RH528.PRG(384) Warning C1003  Ambiguous reference: 'NAUTO'
RH528.PRG(384) Warning C1004  Ambiguous reference, assuming memvar: 'NTBASE2'
RH528.PRG(385) Warning C1003  Ambiguous reference: 'NTBASE1'
RH528.PRG(385) Warning C1004  Ambiguous reference, assuming memvar: 'NTOTTER'
RH528.PRG(386) Warning C1003  Ambiguous reference: 'NTBASE1'
RH528.PRG(386) Warning C1004  Ambiguous reference, assuming memvar: 'NTOTSAT'
RH528.PRG(391) Warning C1003  Ambiguous reference: 'NTOTEMP'
RH528.PRG(391) Warning C1004  Ambiguous reference, assuming memvar: 'NTOTEMP'
RH528.PRG(392) Warning C1003  Ambiguous reference: 'NTOTTER'
RH528.PRG(392) Warning C1004  Ambiguous reference, assuming memvar: 'NTOTTER'
RH528.PRG(393) Warning C1003  Ambiguous reference: 'NTOTSAT'
RH528.PRG(393) Warning C1004  Ambiguous reference, assuming memvar: 'NTOTSAT'
RH528.PRG(394) Warning C1003  Ambiguous reference: 'NTOTDED'
RH528.PRG(394) Warning C1004  Ambiguous reference, assuming memvar: 'NTOTDED'
RH528.PRG(397) Warning C1003  Ambiguous reference: 'NTOTDED'
RH528.PRG(397) Warning C1004  Ambiguous reference, assuming memvar: 'NACUMULA'
RH528.PRG(399) Warning C1003  Ambiguous reference: 'NTOTEMP'
RH528.PRG(399) Warning C1003  Ambiguous reference: 'NTOTTER'
RH528.PRG(399) Warning C1003  Ambiguous reference: 'NTOTDED'
RH528.PRG(399) Warning C1004  Ambiguous reference, assuming memvar: 'NACUMULA'
RH528.PRG(402) Warning C1003  Ambiguous reference: 'NACUMULA'
RH528.PRG(412) Warning C1003  Ambiguous reference: 'NACUMULA'
RH528.PRG(414) Warning C1003  Ambiguous reference: 'NTOTEMP'
RH528.PRG(415) Warning C1003  Ambiguous reference: 'NTOTTER'
RH528.PRG(416) Warning C1003  Ambiguous reference: 'NTOTDED'
RH528.PRG(417) Warning C1003  Ambiguous reference: 'NTBASE1'
RH528.PRG(420) Warning C1003  Ambiguous reference: 'NACUMULA'
RH528.PRG(422) Warning C1003  Ambiguous reference: 'NTOTDED'
RH528.PRG(423) Warning C1003  Ambiguous reference: 'NTBASE1'
RH528.PRG(430) Warning C1001  RETURN statement with no value in function
RH528.PRG(439) Warning C1004  Ambiguous reference, assuming memvar: 'NACUMULA'
RH528.PRG(441) Warning C1001  RETURN statement with no value in function
RH528.PRG(445) Warning C1003  Ambiguous reference: 'NACUMULA'
RH528.PRG(445) Warning C1003  Ambiguous reference: 'NACUMULA'
RH528.PRG(451) Warning C1003  Ambiguous reference: 'NACUMULA'
RH528.PRG(453) Warning C1003  Ambiguous reference: 'NTOTEMP'
RH528.PRG(454) Warning C1003  Ambiguous reference: 'NTOTTER'
RH528.PRG(455) Warning C1003  Ambiguous reference: 'NTOTDED'
RH528.PRG(456) Warning C1003  Ambiguous reference: 'NTBASE1'
RH528.PRG(458) Warning C1003  Ambiguous reference: 'NACUMULA'
RH528.PRG(460) Warning C1003  Ambiguous reference: 'NTOTDED'
RH528.PRG(461) Warning C1003  Ambiguous reference: 'NTBASE1'
RH528.PRG(467) Warning C1001  RETURN statement with no value in function
RH528.PRG(476) Warning C1004  Ambiguous reference, assuming memvar: 'NACUMULA'
RH528.PRG(478) Warning C1001  RETURN statement with no value in function
RH528.PRG(483) Warning C1004  Ambiguous reference, assuming memvar: 'NACUMULA'
RH528.PRG(486) Warning C1004  Ambiguous reference, assuming memvar: 'NTOTEMP'
RH528.PRG(486) Warning C1004  Ambiguous reference, assuming memvar: 'NTOTEMP'
RH528.PRG(487) Warning C1004  Ambiguous reference, assuming memvar: 'NTOTTER'
RH528.PRG(487) Warning C1004  Ambiguous reference, assuming memvar: 'NTOTTER'
RH528.PRG(488) Warning C1004  Ambiguous reference, assuming memvar: 'NTOTDED'
RH528.PRG(488) Warning C1004  Ambiguous reference, assuming memvar: 'NTOTDED'
RH528.PRG(489) Warning C1004  Ambiguous reference, assuming memvar: 'NTBASE1'
RH528.PRG(489) Warning C1004  Ambiguous reference, assuming memvar: 'NTBASE1'
RH528.PRG(509) Warning C1004  Ambiguous reference, assuming memvar: 'NACUMULA'
RH528.PRG(512) Warning C1004  Ambiguous reference, assuming memvar: 'NTOTDED'
RH528.PRG(512) Warning C1004  Ambiguous reference, assuming memvar: 'NTOTDED'
RH528.PRG(513) Warning C1004  Ambiguous reference, assuming memvar: 'NTOTEMP'
RH528.PRG(513) Warning C1004  Ambiguous reference, assuming memvar: 'NTOTEMP'
RH528.PRG(514) Warning C1004  Ambiguous reference, assuming memvar: 'NTOTTER'
RH528.PRG(514) Warning C1004  Ambiguous reference, assuming memvar: 'NTOTTER'
RH528.PRG(515) Warning C1004  Ambiguous reference, assuming memvar: 'NTBASE1'
RH528.PRG(515) Warning C1004  Ambiguous reference, assuming memvar: 'NTBASE1'
RH528.PRG(532) Warning C1004  Ambiguous reference, assuming memvar: 'NACUMULA'
RH528.PRG(540) Warning C1001  RETURN statement with no value in function
RH528.PRG(542) Warning C1003  Ambiguous reference: 'XCOND1'
RH528.PRG(545) Warning C1003  Ambiguous reference: 'XRAZAO'
RH528.PRG(560) Warning C1003  Ambiguous reference: 'NTOTTER'
RH528.PRG(566) Warning C1003  Ambiguous reference: 'NTOTSAT'
RH528.PRG(572) Warning C1003  Ambiguous reference: 'NTOTEMP'
RH528.PRG(577) Warning C1003  Ambiguous reference: 'NTOTDED'
RH528.PRG(580) Warning C1003  Ambiguous reference: 'NTOTDED'
RH528.PRG(582) Warning C1003  Ambiguous reference: 'NTOTEMP'
RH528.PRG(582) Warning C1003  Ambiguous reference: 'NTOTTER'
RH528.PRG(582) Warning C1003  Ambiguous reference: 'NTOTSAT'
RH528.PRG(582) Warning C1003  Ambiguous reference: 'NTOTDED'
RH528.PRG(585) Warning C1003  Ambiguous reference: 'NJUROS'
RH528.PRG(586) Warning C1003  Ambiguous reference: 'NJUROS'
RH528.PRG(590) Warning C1003  Ambiguous reference: 'NTBASE1'
RH528.PRG(592) Warning C1003  Ambiguous reference: 'NTBASE2'
RH528.PRG(593) Warning C1003  Ambiguous reference: 'NTBASE2'
RH528.PRG(601) Warning C1003  Ambiguous reference: 'CMENSA1'
RH528.PRG(602) Warning C1003  Ambiguous reference: 'CMENSA2'
RH528.PRG(606) Warning C1003  Ambiguous reference: 'XCOND1'
RH528.PRG(607) Warning C1003  Ambiguous reference: 'CPAGTO'
RH528.PRG(613) Warning C1003  Ambiguous reference: 'NTOTEMP'
RH528.PRG(613) Warning C1003  Ambiguous reference: 'NTOTSAT'
RH528.PRG(613) Warning C1003  Ambiguous reference: 'NTOTDED'
RH528.PRG(614) Warning C1003  Ambiguous reference: 'XRAZAO'
RH528.PRG(620) Warning C1003  Ambiguous reference: 'NTOTTER'
RH528.PRG(622) Warning C1003  Ambiguous reference: 'NJUROS'
RH528.PRG(624) Warning C1003  Ambiguous reference: 'NJUROS'
RH528.PRG(633) Warning C1003  Ambiguous reference: 'XCOND1'
RH528.PRG(634) Warning C1003  Ambiguous reference: 'CPAGTO'
RH528.PRG(640) Warning C1003  Ambiguous reference: 'NTOTEMP'
RH528.PRG(640) Warning C1003  Ambiguous reference: 'NTOTSAT'
RH528.PRG(640) Warning C1003  Ambiguous reference: 'NTOTDED'
RH528.PRG(641) Warning C1003  Ambiguous reference: 'XRAZAO'
RH528.PRG(647) Warning C1003  Ambiguous reference: 'NTOTTER'
RH528.PRG(649) Warning C1003  Ambiguous reference: 'NJUROS'
RH528.PRG(651) Warning C1003  Ambiguous reference: 'NJUROS'
RH528.PRG(660) Warning C1001  RETURN statement with no value in function
RH528.PRG(668) Warning C1003  Ambiguous reference: 'CANOMES'
RH528.PRG(668) Warning C1003  Ambiguous reference: 'CANOMES'
RH528.PRG(669) Warning C1003  Ambiguous reference: 'CANOMES'
RH528.PRG(673) Warning C1003  Ambiguous reference: 'CLOCALIMP'
RH528.PRG(673) Warning C1001  RETURN statement with no value in function
RH528.PRG(676) Warning C1003  Ambiguous reference: 'CLOCALIMP'
RH528.PRG(677) Warning C1003  Ambiguous reference: 'XLOCALIMP'
RH528.PRG(677) Warning C1004  Ambiguous reference, assuming memvar: 'CLOCALIMP'
RH528.PRG(680) Warning C1001  RETURN statement with no value in function
RH528.PRG(682) Warning C1003  Ambiguous reference: 'XCOND1'
RH528.PRG(682) Warning C1003  Ambiguous reference: 'XACARTA'
RH528.PRG(683) Warning C1003  Ambiguous reference: 'CPAGTO'
RH528.PRG(684) Warning C1003  Ambiguous reference: 'CAMBIENTE'
RH528.PRG(687) Warning C1003  Ambiguous reference: 'CANOMES'
RH528.PRG(696) Warning C1003  Ambiguous reference: 'CCLASSE'
RH528.PRG(696) Warning C1004  Ambiguous reference, assuming memvar: 'NVALOR'
RH528.PRG(698) Warning C1004  Ambiguous reference, assuming memvar: 'NVALOR'
RH528.PRG(712) Warning C1004  Ambiguous reference, assuming memvar: 'NVALOR'
RH528.PRG(718) Warning C1001  RETURN statement with no value in function
287 warnings                
Code size 7217, Symbols 2064, Constants 6671
