312K available
Compiling RH523.PRG
RH523.PRG(14)  Warning C1003  Ambiguous reference: 'XNIVEL'
RH523.PRG(14)  Warning C1003  Ambiguous reference: 'XFLAG'
RH523.PRG(14)  Warning C1003  Ambiguous reference: 'CTIPOREL'
RH523.PRG(16)  Warning C1004  Ambiguous reference, assuming memvar: 'SBLOCO1'
RH523.PRG(17)  Warning C1004  Ambiguous reference, assuming memvar: 'SBLOCO2'
RH523.PRG(19)  Warning C1004  Ambiguous reference, assuming memvar: 'ANOTAS1'
RH523.PRG(20)  Warning C1004  Ambiguous reference, assuming memvar: 'ANOTAS2'
RH523.PRG(23)  Warning C1004  Ambiguous reference, assuming memvar: 'AEDICAO'
RH523.PRG(24)  Warning C1003  Ambiguous reference: 'XDATASYS'
RH523.PRG(24)  Warning C1004  Ambiguous reference, assuming memvar: 'CANOMES'
RH523.PRG(29)  Warning C1003  Ambiguous reference: 'AEDICAO'
RH523.PRG(29)  Warning C1003  Ambiguous reference: 'CTIPOREL'
RH523.PRG(29)  Warning C1003  Ambiguous reference: 'SBLOCO1'
RH523.PRG(30)  Warning C1003  Ambiguous reference: 'AEDICAO'
RH523.PRG(30)  Warning C1003  Ambiguous reference: 'CSUBTOT'
RH523.PRG(30)  Warning C1003  Ambiguous reference: 'SBLOCO2'
RH523.PRG(35)  Warning C1004  Ambiguous reference, assuming memvar: 'XNIVEL'
RH523.PRG(36)  Warning C1004  Ambiguous reference, assuming memvar: 'XFLAG'
RH523.PRG(37)  Warning C1004  Ambiguous reference, assuming memvar: 'CLOCAL'
RH523.PRG(37)  Warning C1004  Ambiguous reference, assuming memvar: 'CCENTRO'
RH523.PRG(38)  Warning C1004  Ambiguous reference, assuming memvar: 'CTIPOREL'
RH523.PRG(38)  Warning C1004  Ambiguous reference, assuming memvar: 'CSUBTOT'
RH523.PRG(42)  Warning C1003  Ambiguous reference: 'XNIVEL'
RH523.PRG(42)  Warning C1003  Ambiguous reference: 'XNIVEL'
RH523.PRG(42)  Warning C1003  Ambiguous reference: 'AEDICAO'
RH523.PRG(43)  Warning C1004  Ambiguous reference, assuming memvar: 'AEDICAO'
RH523.PRG(43)  Warning C1003  Ambiguous reference: 'XNIVEL'
RH523.PRG(45)  Warning C1004  Ambiguous reference, assuming memvar: 'AEDICAO'
RH523.PRG(45)  Warning C1003  Ambiguous reference: 'XNIVEL'
RH523.PRG(46)  Warning C1003  Ambiguous reference: 'XFLAG'
RH523.PRG(46)  Warning C1004  Ambiguous reference, assuming memvar: 'XNIVEL'
RH523.PRG(46)  Warning C1004  Ambiguous reference, assuming memvar: 'XNIVEL'
RH523.PRG(46)  Warning C1004  Ambiguous reference, assuming memvar: 'XNIVEL'
RH523.PRG(46)  Warning C1004  Ambiguous reference, assuming memvar: 'XNIVEL'
RH523.PRG(59)  Warning C1003  Ambiguous reference: 'XNIVEL'
RH523.PRG(59)  Warning C1003  Ambiguous reference: 'CTIPOREL'
RH523.PRG(61)  Warning C1003  Ambiguous reference: 'XNIVEL'
RH523.PRG(61)  Warning C1003  Ambiguous reference: 'CSUBTOT'
RH523.PRG(74)  Warning C1003  Ambiguous reference: 'CSUBTOT'
RH523.PRG(75)  Warning C1003  Ambiguous reference: 'CSUBTOT'
RH523.PRG(82)  Warning C1003  Ambiguous reference: 'MATRICULA'
RH523.PRG(82)  Warning C1003  Ambiguous reference: 'CANOMES'
RH523.PRG(84)  Warning C1003  Ambiguous reference: 'ANOMES'
RH523.PRG(84)  Warning C1003  Ambiguous reference: 'XANOMES'
RH523.PRG(88)  Warning C1003  Ambiguous reference: 'CTIPOREL'
RH523.PRG(88)  Warning C1004  Ambiguous reference, assuming memvar: 'CTIPOREL'
RH523.PRG(98)  Warning C1003  Ambiguous reference: 'CSUBTOT'
RH523.PRG(98)  Warning C1003  Ambiguous reference: 'CSUBTOT'
RH523.PRG(101) Warning C1003  Ambiguous reference: 'ANOTAS1'
RH523.PRG(102) Warning C1003  Ambiguous reference: 'ANOTAS2'
RH523.PRG(104) Warning C1003  Ambiguous reference: 'CTIPOREL'
RH523.PRG(105) Warning C1003  Ambiguous reference: 'CTIPOREL'
RH523.PRG(109) Warning C1001  RETURN statement with no value in function
RH523.PRG(116) Warning C1003  Ambiguous reference: 'XDATASYS'
RH523.PRG(122) Warning C1003  Ambiguous reference: 'CSUBTOT'
RH523.PRG(124) Warning C1004  Ambiguous reference, assuming memvar: 'CTIPO'
RH523.PRG(125) Warning C1003  Ambiguous reference: 'CSUBTOT'
RH523.PRG(128) Warning C1004  Ambiguous reference, assuming memvar: 'CTIPO'
RH523.PRG(129) Warning C1003  Ambiguous reference: 'CSUBTOT'
RH523.PRG(131) Warning C1004  Ambiguous reference, assuming memvar: 'CTIPO'
RH523.PRG(134) Warning C1001  RETURN statement with no value in function
RH523.PRG(136) Warning C1003  Ambiguous reference: 'CSUBTOT'
RH523.PRG(138) Warning C1003  Ambiguous reference: 'CSUBTOT'
RH523.PRG(140) Warning C1003  Ambiguous reference: 'CSUBTOT'
RH523.PRG(140) Warning C1003  Ambiguous reference: 'CSUBTOT'
RH523.PRG(141) Warning C1004  Ambiguous reference, assuming memvar: 'ANOTAS1'
RH523.PRG(143) Warning C1004  Ambiguous reference, assuming memvar: 'ANOTAS1'
RH523.PRG(147) Warning C1003  Ambiguous reference: 'ANOTAS1'
RH523.PRG(155) Warning C1003  Ambiguous reference: 'XPAGINA'
RH523.PRG(158) Warning C1003  Ambiguous reference: 'CTIPO'
RH523.PRG(167) Warning C1004  Ambiguous reference, assuming memvar: 'ANOTAS2'
RH523.PRG(170) Warning C1004  Ambiguous reference, assuming memvar: 'ANOTAS2'
RH523.PRG(175) Warning C1001  RETURN statement with no value in function
RH523.PRG(183) Warning C1004  Ambiguous reference, assuming memvar: 'ANOTAS1'
RH523.PRG(183) Warning C1004  Ambiguous reference, assuming memvar: 'ANOTAS1'
RH523.PRG(184) Warning C1004  Ambiguous reference, assuming memvar: 'ANOTAS2'
RH523.PRG(184) Warning C1004  Ambiguous reference, assuming memvar: 'ANOTAS2'
RH523.PRG(190) Warning C1004  Ambiguous reference, assuming memvar: 'ANOTAS1'
RH523.PRG(190) Warning C1004  Ambiguous reference, assuming memvar: 'ANOTAS1'
RH523.PRG(191) Warning C1004  Ambiguous reference, assuming memvar: 'ANOTAS2'
RH523.PRG(191) Warning C1004  Ambiguous reference, assuming memvar: 'ANOTAS2'
RH523.PRG(194) Warning C1001  RETURN statement with no value in function
82 warnings                
Code size 1948, Symbols 928, Constants 628
