238K available
Compiling RH524.PRG
RH524.PRG(12)  Warning C1003  Ambiguous reference: 'XNIVEL'
RH524.PRG(12)  Warning C1003  Ambiguous reference: 'XFLAG'
RH524.PRG(12)  Warning C1003  Ambiguous reference: 'CORDEM'
RH524.PRG(14)  Warning C1004  Ambiguous reference, assuming memvar: 'SBLOCO1'
RH524.PRG(23)  Warning C1004  Ambiguous reference, assuming memvar: 'AEDICAO'
RH524.PRG(24)  Warning C1003  Ambiguous reference: 'XDATASYS'
RH524.PRG(24)  Warning C1004  Ambiguous reference, assuming memvar: 'CANOMES'
RH524.PRG(26)  Warning C1004  Ambiguous reference, assuming memvar: 'CAMBIENTE'
RH524.PRG(28)  Warning C1003  Ambiguous reference: 'ANOMES'
RH524.PRG(28)  Warning C1003  Ambiguous reference: 'XANOMES'
RH524.PRG(32)  Warning C1003  Ambiguous reference: 'AEDICAO'
RH524.PRG(32)  Warning C1003  Ambiguous reference: 'CORDEM'
RH524.PRG(32)  Warning C1003  Ambiguous reference: 'SBLOCO1'
RH524.PRG(33)  Warning C1003  Ambiguous reference: 'AEDICAO'
RH524.PRG(33)  Warning C1003  Ambiguous reference: 'CPOSIC'
RH524.PRG(33)  Warning C1003  Ambiguous reference: 'XSN'
RH524.PRG(34)  Warning C1003  Ambiguous reference: 'AEDICAO'
RH524.PRG(34)  Warning C1003  Ambiguous reference: 'CMATRICULA'
RH524.PRG(35)  Warning C1003  Ambiguous reference: 'AEDICAO'
RH524.PRG(36)  Warning C1003  Ambiguous reference: 'AEDICAO'
RH524.PRG(36)  Warning C1003  Ambiguous reference: 'CCENTRO'
RH524.PRG(37)  Warning C1003  Ambiguous reference: 'AEDICAO'
RH524.PRG(38)  Warning C1003  Ambiguous reference: 'AEDICAO'
RH524.PRG(38)  Warning C1003  Ambiguous reference: 'CFILIAL'
RH524.PRG(39)  Warning C1003  Ambiguous reference: 'AEDICAO'
RH524.PRG(40)  Warning C1003  Ambiguous reference: 'AEDICAO'
RH524.PRG(40)  Warning C1003  Ambiguous reference: 'CGRUPOC'
RH524.PRG(41)  Warning C1003  Ambiguous reference: 'AEDICAO'
RH524.PRG(46)  Warning C1004  Ambiguous reference, assuming memvar: 'XNIVEL'
RH524.PRG(47)  Warning C1004  Ambiguous reference, assuming memvar: 'XFLAG'
RH524.PRG(48)  Warning C1004  Ambiguous reference, assuming memvar: 'CMATRICULA'
RH524.PRG(49)  Warning C1004  Ambiguous reference, assuming memvar: 'CCENTRO'
RH524.PRG(50)  Warning C1004  Ambiguous reference, assuming memvar: 'CFILIAL'
RH524.PRG(51)  Warning C1004  Ambiguous reference, assuming memvar: 'CGRUPOC'
RH524.PRG(52)  Warning C1004  Ambiguous reference, assuming memvar: 'CPOSIC'
RH524.PRG(53)  Warning C1004  Ambiguous reference, assuming memvar: 'CORDEM'
RH524.PRG(57)  Warning C1003  Ambiguous reference: 'XNIVEL'
RH524.PRG(57)  Warning C1003  Ambiguous reference: 'XNIVEL'
RH524.PRG(57)  Warning C1003  Ambiguous reference: 'AEDICAO'
RH524.PRG(58)  Warning C1004  Ambiguous reference, assuming memvar: 'AEDICAO'
RH524.PRG(58)  Warning C1003  Ambiguous reference: 'XNIVEL'
RH524.PRG(60)  Warning C1004  Ambiguous reference, assuming memvar: 'AEDICAO'
RH524.PRG(60)  Warning C1003  Ambiguous reference: 'XNIVEL'
RH524.PRG(61)  Warning C1003  Ambiguous reference: 'XFLAG'
RH524.PRG(61)  Warning C1004  Ambiguous reference, assuming memvar: 'XNIVEL'
RH524.PRG(61)  Warning C1004  Ambiguous reference, assuming memvar: 'XNIVEL'
RH524.PRG(61)  Warning C1004  Ambiguous reference, assuming memvar: 'XNIVEL'
RH524.PRG(61)  Warning C1004  Ambiguous reference, assuming memvar: 'XNIVEL'
RH524.PRG(74)  Warning C1003  Ambiguous reference: 'XNIVEL'
RH524.PRG(74)  Warning C1003  Ambiguous reference: 'CORDEM'
RH524.PRG(76)  Warning C1003  Ambiguous reference: 'XNIVEL'
RH524.PRG(76)  Warning C1003  Ambiguous reference: 'CPOSIC'
RH524.PRG(77)  Warning C1003  Ambiguous reference: 'CPOSIC'
RH524.PRG(82)  Warning C1003  Ambiguous reference: 'XNIVEL'
RH524.PRG(82)  Warning C1003  Ambiguous reference: 'CMATRICULA'
RH524.PRG(84)  Warning C1003  Ambiguous reference: 'CCENTRO'
RH524.PRG(85)  Warning C1003  Ambiguous reference: 'CCENTRO'
RH524.PRG(89)  Warning C1003  Ambiguous reference: 'CCENTRO'
RH524.PRG(94)  Warning C1003  Ambiguous reference: 'XNIVEL'
RH524.PRG(94)  Warning C1003  Ambiguous reference: 'CCENTRO'
RH524.PRG(96)  Warning C1003  Ambiguous reference: 'XNIVEL'
RH524.PRG(96)  Warning C1003  Ambiguous reference: 'CFILIAL'
RH524.PRG(98)  Warning C1003  Ambiguous reference: 'XNIVEL'
RH524.PRG(98)  Warning C1003  Ambiguous reference: 'CGRUPOC'
RH524.PRG(110) Warning C1003  Ambiguous reference: 'CCENTRO'
RH524.PRG(112) Warning C1003  Ambiguous reference: 'CCENTRO'
RH524.PRG(112) Warning C1004  Ambiguous reference, assuming memvar: 'BFILTRO'
RH524.PRG(113) Warning C1003  Ambiguous reference: 'CFILIAL'
RH524.PRG(114) Warning C1003  Ambiguous reference: 'CFILIAL'
RH524.PRG(114) Warning C1004  Ambiguous reference, assuming memvar: 'BFILTRO'
RH524.PRG(115) Warning C1003  Ambiguous reference: 'CGRUPOC'
RH524.PRG(116) Warning C1003  Ambiguous reference: 'CGRUPOC'
RH524.PRG(116) Warning C1004  Ambiguous reference, assuming memvar: 'BFILTRO'
RH524.PRG(118) Warning C1004  Ambiguous reference, assuming memvar: 'BFILTRO'
RH524.PRG(124) Warning C1003  Ambiguous reference: 'CORDEM'
RH524.PRG(125) Warning C1003  Ambiguous reference: 'CORDEM'
RH524.PRG(132) Warning C1003  Ambiguous reference: 'MATRICULA'
RH524.PRG(132) Warning C1003  Ambiguous reference: 'CANOMES'
RH524.PRG(145) Warning C1001  RETURN statement with no value in function
RH524.PRG(147) Warning C1003  Ambiguous reference: 'CMATRICULA'
RH524.PRG(148) Warning C1003  Ambiguous reference: 'CMATRICULA'
RH524.PRG(154) Warning C1003  Ambiguous reference: 'XDATASYS'
RH524.PRG(168) Warning C1003  Ambiguous reference: 'BFILTRO'
RH524.PRG(168) Warning C1003  Ambiguous reference: 'CAMBIENTE'
RH524.PRG(168) Warning C1003  Ambiguous reference: 'CAMBIENTE'
RH524.PRG(169) Warning C1003  Ambiguous reference: 'CAMBIENTE'
RH524.PRG(169) Warning C1003  Ambiguous reference: 'CAMBIENTE'
RH524.PRG(174) Warning C1003  Ambiguous reference: 'CMATRICULA'
RH524.PRG(180) Warning C1001  RETURN statement with no value in function
RH524.PRG(189) Warning C1004  Ambiguous reference, assuming memvar: 'CEXTENSO'
RH524.PRG(193) Warning C1003  Ambiguous reference: 'CEXTENSO'
RH524.PRG(194) Warning C1003  Ambiguous reference: 'CEXTENSO'
RH524.PRG(195) Warning C1003  Ambiguous reference: 'CEXTENSO'
RH524.PRG(197) Warning C1003  Ambiguous reference: 'CEXTENSO'
RH524.PRG(198) Warning C1003  Ambiguous reference: 'CEXTENSO'
RH524.PRG(206) Warning C1001  RETURN statement with no value in function
RH524.PRG(213) Warning C1001  RETURN statement with no value in function
RH524.PRG(226) Warning C1001  RETURN statement with no value in function
98 warnings                
Code size 2367, Symbols 1136, Constants 705
