312K available
Compiling RH527.PRG
RH527.PRG(14)  Warning C1003  Ambiguous reference: 'XNIVEL'
RH527.PRG(14)  Warning C1003  Ambiguous reference: 'XFLAG'
RH527.PRG(14)  Warning C1003  Ambiguous reference: 'CTIPOREL'
RH527.PRG(16)  Warning C1004  Ambiguous reference, assuming memvar: 'SBLOCO1'
RH527.PRG(17)  Warning C1004  Ambiguous reference, assuming memvar: 'SBLOCO2'
RH527.PRG(19)  Warning C1004  Ambiguous reference, assuming memvar: 'ANOTAS1'
RH527.PRG(20)  Warning C1004  Ambiguous reference, assuming memvar: 'ANOTAS2'
RH527.PRG(22)  Warning C1004  Ambiguous reference, assuming memvar: 'AEDICAO'
RH527.PRG(24)  Warning C1004  Ambiguous reference, assuming memvar: 'CANOMES'
RH527.PRG(29)  Warning C1003  Ambiguous reference: 'AEDICAO'
RH527.PRG(29)  Warning C1003  Ambiguous reference: 'CTIPOREL'
RH527.PRG(29)  Warning C1003  Ambiguous reference: 'SBLOCO1'
RH527.PRG(34)  Warning C1004  Ambiguous reference, assuming memvar: 'XNIVEL'
RH527.PRG(35)  Warning C1004  Ambiguous reference, assuming memvar: 'XFLAG'
RH527.PRG(36)  Warning C1004  Ambiguous reference, assuming memvar: 'CTIPOREL'
RH527.PRG(40)  Warning C1003  Ambiguous reference: 'XNIVEL'
RH527.PRG(40)  Warning C1003  Ambiguous reference: 'XNIVEL'
RH527.PRG(40)  Warning C1003  Ambiguous reference: 'AEDICAO'
RH527.PRG(41)  Warning C1004  Ambiguous reference, assuming memvar: 'AEDICAO'
RH527.PRG(41)  Warning C1003  Ambiguous reference: 'XNIVEL'
RH527.PRG(43)  Warning C1004  Ambiguous reference, assuming memvar: 'AEDICAO'
RH527.PRG(43)  Warning C1003  Ambiguous reference: 'XNIVEL'
RH527.PRG(44)  Warning C1003  Ambiguous reference: 'XFLAG'
RH527.PRG(44)  Warning C1004  Ambiguous reference, assuming memvar: 'XNIVEL'
RH527.PRG(44)  Warning C1004  Ambiguous reference, assuming memvar: 'XNIVEL'
RH527.PRG(44)  Warning C1004  Ambiguous reference, assuming memvar: 'XNIVEL'
RH527.PRG(44)  Warning C1004  Ambiguous reference, assuming memvar: 'XNIVEL'
RH527.PRG(57)  Warning C1003  Ambiguous reference: 'XNIVEL'
RH527.PRG(57)  Warning C1003  Ambiguous reference: 'CTIPOREL'
RH527.PRG(72)  Warning C1003  Ambiguous reference: 'CTIPOREL'
RH527.PRG(72)  Warning C1004  Ambiguous reference, assuming memvar: 'CTIPOREL'
RH527.PRG(74)  Warning C1003  Ambiguous reference: 'ANOTAS1'
RH527.PRG(75)  Warning C1003  Ambiguous reference: 'ANOTAS2'
RH527.PRG(111) Warning C1003  Ambiguous reference: 'CTIPOREL'
RH527.PRG(112) Warning C1003  Ambiguous reference: 'CTIPOREL'
RH527.PRG(114) Warning C1004  Ambiguous reference, assuming memvar: 'CTIPO'
RH527.PRG(137) Warning C1001  RETURN statement with no value in function
RH527.PRG(142) Warning C1001  RETURN statement with no value in function
RH527.PRG(144) Warning C1001  RETURN statement with no value in function
RH527.PRG(146) Warning C1003  Ambiguous reference: 'XPAGINA'
RH527.PRG(149) Warning C1003  Ambiguous reference: 'CTIPO'
RH527.PRG(154) Warning C1004  Ambiguous reference, assuming memvar: 'ANOTAS2'
RH527.PRG(156) Warning C1004  Ambiguous reference, assuming memvar: 'NCONT'
RH527.PRG(156) Warning C1004  Ambiguous reference, assuming memvar: 'NCONT'
RH527.PRG(156) Warning C1004  Ambiguous reference, assuming memvar: 'NCONT'
RH527.PRG(156) Warning C1003  Ambiguous reference: 'NCONT'
RH527.PRG(157) Warning C1004  Ambiguous reference, assuming memvar: 'ANOTAS2'
RH527.PRG(157) Warning C1003  Ambiguous reference: 'NCONT'
RH527.PRG(162) Warning C1001  RETURN statement with no value in function
RH527.PRG(170) Warning C1004  Ambiguous reference, assuming memvar: 'ANOTAS1'
RH527.PRG(170) Warning C1004  Ambiguous reference, assuming memvar: 'ANOTAS1'
RH527.PRG(171) Warning C1004  Ambiguous reference, assuming memvar: 'ANOTAS2'
RH527.PRG(171) Warning C1004  Ambiguous reference, assuming memvar: 'ANOTAS2'
RH527.PRG(177) Warning C1004  Ambiguous reference, assuming memvar: 'ANOTAS1'
RH527.PRG(177) Warning C1004  Ambiguous reference, assuming memvar: 'ANOTAS1'
RH527.PRG(178) Warning C1004  Ambiguous reference, assuming memvar: 'ANOTAS2'
RH527.PRG(178) Warning C1004  Ambiguous reference, assuming memvar: 'ANOTAS2'
RH527.PRG(181) Warning C1001  RETURN statement with no value in function
RH527.PRG(198) Warning C1003  Ambiguous reference: 'MATRICULA'
RH527.PRG(198) Warning C1003  Ambiguous reference: 'CANOMES'
RH527.PRG(202) Warning C1001  RETURN statement with no value in function
RH527.PRG(219) Warning C1003  Ambiguous reference: 'MATRICULA'
RH527.PRG(219) Warning C1003  Ambiguous reference: 'CANOMES'
RH527.PRG(223) Warning C1001  RETURN statement with no value in function
64 warnings                
Code size 1785, Symbols 832, Constants 1015
