238K available
Compiling RH521.PRG
RH521.PRG(14)  Warning C1003  Ambiguous reference: 'XNIVEL'
RH521.PRG(14)  Warning C1003  Ambiguous reference: 'XFLAG'
RH521.PRG(14)  Warning C1003  Ambiguous reference: 'CTIPOREL'
RH521.PRG(16)  Warning C1004  Ambiguous reference, assuming memvar: 'SBLOCO1'
RH521.PRG(17)  Warning C1004  Ambiguous reference, assuming memvar: 'SBLOCO2'
RH521.PRG(18)  Warning C1004  Ambiguous reference, assuming memvar: 'SBLOCO3'
RH521.PRG(22)  Warning C1004  Ambiguous reference, assuming memvar: 'CORDEM'
RH521.PRG(28)  Warning C1004  Ambiguous reference, assuming memvar: 'AEDICAO'
RH521.PRG(29)  Warning C1004  Ambiguous reference, assuming memvar: 'CMENSA1'
RH521.PRG(30)  Warning C1004  Ambiguous reference, assuming memvar: 'CMENSA2'
RH521.PRG(35)  Warning C1003  Ambiguous reference: 'ANOMES'
RH521.PRG(35)  Warning C1003  Ambiguous reference: 'XANOMES'
RH521.PRG(39)  Warning C1003  Ambiguous reference: 'AEDICAO'
RH521.PRG(39)  Warning C1003  Ambiguous reference: 'CTIPOREL'
RH521.PRG(39)  Warning C1003  Ambiguous reference: 'SBLOCO2'
RH521.PRG(40)  Warning C1003  Ambiguous reference: 'AEDICAO'
RH521.PRG(40)  Warning C1003  Ambiguous reference: 'CORDEM'
RH521.PRG(40)  Warning C1003  Ambiguous reference: 'SBLOCO3'
RH521.PRG(41)  Warning C1003  Ambiguous reference: 'AEDICAO'
RH521.PRG(41)  Warning C1003  Ambiguous reference: 'CMATRICULA'
RH521.PRG(42)  Warning C1003  Ambiguous reference: 'AEDICAO'
RH521.PRG(43)  Warning C1003  Ambiguous reference: 'AEDICAO'
RH521.PRG(43)  Warning C1003  Ambiguous reference: 'CGRUPO'
RH521.PRG(44)  Warning C1003  Ambiguous reference: 'AEDICAO'
RH521.PRG(45)  Warning C1003  Ambiguous reference: 'AEDICAO'
RH521.PRG(45)  Warning C1003  Ambiguous reference: 'CFILIAL'
RH521.PRG(46)  Warning C1003  Ambiguous reference: 'AEDICAO'
RH521.PRG(47)  Warning C1003  Ambiguous reference: 'AEDICAO'
RH521.PRG(47)  Warning C1003  Ambiguous reference: 'CCENTRO'
RH521.PRG(48)  Warning C1003  Ambiguous reference: 'AEDICAO'
RH521.PRG(49)  Warning C1003  Ambiguous reference: 'AEDICAO'
RH521.PRG(49)  Warning C1003  Ambiguous reference: 'CMENSA1'
RH521.PRG(50)  Warning C1003  Ambiguous reference: 'AEDICAO'
RH521.PRG(50)  Warning C1003  Ambiguous reference: 'CMENSA2'
RH521.PRG(55)  Warning C1004  Ambiguous reference, assuming memvar: 'XNIVEL'
RH521.PRG(56)  Warning C1004  Ambiguous reference, assuming memvar: 'XFLAG'
RH521.PRG(57)  Warning C1004  Ambiguous reference, assuming memvar: 'CMATRICULA'
RH521.PRG(58)  Warning C1004  Ambiguous reference, assuming memvar: 'CFILIAL'
RH521.PRG(59)  Warning C1004  Ambiguous reference, assuming memvar: 'CCENTRO'
RH521.PRG(60)  Warning C1004  Ambiguous reference, assuming memvar: 'CGRUPO'
RH521.PRG(61)  Warning C1004  Ambiguous reference, assuming memvar: 'CTIPOREL'
RH521.PRG(62)  Warning C1004  Ambiguous reference, assuming memvar: 'NQUANT_IMP'
RH521.PRG(64)  Warning C1003  Ambiguous reference: 'CMENSA1'
RH521.PRG(65)  Warning C1003  Ambiguous reference: 'CMENSA2'
RH521.PRG(71)  Warning C1003  Ambiguous reference: 'XNIVEL'
RH521.PRG(71)  Warning C1003  Ambiguous reference: 'XNIVEL'
RH521.PRG(71)  Warning C1003  Ambiguous reference: 'AEDICAO'
RH521.PRG(72)  Warning C1004  Ambiguous reference, assuming memvar: 'AEDICAO'
RH521.PRG(72)  Warning C1003  Ambiguous reference: 'XNIVEL'
RH521.PRG(74)  Warning C1004  Ambiguous reference, assuming memvar: 'AEDICAO'
RH521.PRG(74)  Warning C1003  Ambiguous reference: 'XNIVEL'
RH521.PRG(75)  Warning C1003  Ambiguous reference: 'XFLAG'
RH521.PRG(75)  Warning C1004  Ambiguous reference, assuming memvar: 'XNIVEL'
RH521.PRG(75)  Warning C1004  Ambiguous reference, assuming memvar: 'XNIVEL'
RH521.PRG(75)  Warning C1004  Ambiguous reference, assuming memvar: 'XNIVEL'
RH521.PRG(75)  Warning C1004  Ambiguous reference, assuming memvar: 'XNIVEL'
RH521.PRG(88)  Warning C1003  Ambiguous reference: 'CTIPOREL'
RH521.PRG(89)  Warning C1003  Ambiguous reference: 'XNIVEL'
RH521.PRG(89)  Warning C1003  Ambiguous reference: 'CTIPOREL'
RH521.PRG(91)  Warning C1003  Ambiguous reference: 'CMATRICULA'
RH521.PRG(92)  Warning C1003  Ambiguous reference: 'XNIVEL'
RH521.PRG(92)  Warning C1003  Ambiguous reference: 'CMATRICULA'
RH521.PRG(92)  Warning C1004  Ambiguous reference, assuming memvar: 'CMATRICULA'
RH521.PRG(94)  Warning C1003  Ambiguous reference: 'XNIVEL'
RH521.PRG(94)  Warning C1003  Ambiguous reference: 'CMATRICULA'
RH521.PRG(96)  Warning C1003  Ambiguous reference: 'XNIVEL'
RH521.PRG(96)  Warning C1003  Ambiguous reference: 'CFILIAL'
RH521.PRG(98)  Warning C1003  Ambiguous reference: 'CCENTRO'
RH521.PRG(99)  Warning C1003  Ambiguous reference: 'CCENTRO'
RH521.PRG(103) Warning C1003  Ambiguous reference: 'CCENTRO'
RH521.PRG(108) Warning C1003  Ambiguous reference: 'XNIVEL'
RH521.PRG(108) Warning C1003  Ambiguous reference: 'CCENTRO'
RH521.PRG(110) Warning C1003  Ambiguous reference: 'CGRUPO'
RH521.PRG(111) Warning C1003  Ambiguous reference: 'XNIVEL'
RH521.PRG(113) Warning C1003  Ambiguous reference: 'CGRUPO'
RH521.PRG(117) Warning C1003  Ambiguous reference: 'XNIVEL'
RH521.PRG(121) Warning C1003  Ambiguous reference: 'CORDEM'
RH521.PRG(122) Warning C1003  Ambiguous reference: 'XNIVEL'
RH521.PRG(122) Warning C1003  Ambiguous reference: 'CORDEM'
RH521.PRG(133) Warning C1003  Ambiguous reference: 'CTIPOREL'
RH521.PRG(133) Warning C1004  Ambiguous reference, assuming memvar: 'CTIPOREL'
RH521.PRG(134) Warning C1004  Ambiguous reference, assuming memvar: 'CTITULO'
RH521.PRG(137) Warning C1003  Ambiguous reference: 'CTIPOREL'
RH521.PRG(137) Warning C1004  Ambiguous reference, assuming memvar: 'CTITULO'
RH521.PRG(137) Warning C1004  Ambiguous reference, assuming memvar: 'CTITULO'
RH521.PRG(138) Warning C1003  Ambiguous reference: 'CTIPOREL'
RH521.PRG(138) Warning C1004  Ambiguous reference, assuming memvar: 'CTITULO'
RH521.PRG(138) Warning C1004  Ambiguous reference, assuming memvar: 'CTITULO'
RH521.PRG(139) Warning C1003  Ambiguous reference: 'CTIPOREL'
RH521.PRG(139) Warning C1004  Ambiguous reference, assuming memvar: 'CTITULO'
RH521.PRG(139) Warning C1004  Ambiguous reference, assuming memvar: 'CTITULO'
RH521.PRG(142) Warning C1004  Ambiguous reference, assuming memvar: 'CTITULO'
RH521.PRG(142) Warning C1003  Ambiguous reference: 'XDATASYS'
RH521.PRG(142) Warning C1003  Ambiguous reference: 'XDATASYS'
RH521.PRG(142) Warning C1004  Ambiguous reference, assuming memvar: 'CTITULO'
RH521.PRG(147) Warning C1003  Ambiguous reference: 'CORDEM'
RH521.PRG(148) Warning C1003  Ambiguous reference: 'CORDEM'
RH521.PRG(149) Warning C1003  Ambiguous reference: 'CORDEM'
RH521.PRG(150) Warning C1003  Ambiguous reference: 'CORDEM'
RH521.PRG(151) Warning C1003  Ambiguous reference: 'CORDEM'
RH521.PRG(152) Warning C1003  Ambiguous reference: 'CORDEM'
RH521.PRG(160) Warning C1003  Ambiguous reference: 'CCENTRO'
RH521.PRG(162) Warning C1003  Ambiguous reference: 'CCENTRO'
RH521.PRG(162) Warning C1004  Ambiguous reference, assuming memvar: 'BFILTRO'
RH521.PRG(163) Warning C1003  Ambiguous reference: 'CFILIAL'
RH521.PRG(164) Warning C1003  Ambiguous reference: 'CFILIAL'
RH521.PRG(164) Warning C1004  Ambiguous reference, assuming memvar: 'BFILTRO'
RH521.PRG(165) Warning C1003  Ambiguous reference: 'CGRUPO'
RH521.PRG(166) Warning C1003  Ambiguous reference: 'CGRUPO'
RH521.PRG(166) Warning C1004  Ambiguous reference, assuming memvar: 'BFILTRO'
RH521.PRG(168) Warning C1004  Ambiguous reference, assuming memvar: 'BFILTRO'
RH521.PRG(173) Warning C1003  Ambiguous reference: 'MATRICULA'
RH521.PRG(173) Warning C1003  Ambiguous reference: 'XANOMES'
RH521.PRG(175) Warning C1003  Ambiguous reference: 'CARGO'
RH521.PRG(177) Warning C1003  Ambiguous reference: 'XANOMES'
RH521.PRG(177) Warning C1003  Ambiguous reference: 'MATRICULA'
RH521.PRG(177) Warning C1003  Ambiguous reference: 'CTIPOREL'
RH521.PRG(179) Warning C1003  Ambiguous reference: 'EVENTO'
RH521.PRG(181) Warning C1003  Ambiguous reference: 'CENTRO'
RH521.PRG(183) Warning C1003  Ambiguous reference: 'FILIAL'
RH521.PRG(190) Warning C1003  Ambiguous reference: 'CMENSA1'
RH521.PRG(191) Warning C1003  Ambiguous reference: 'CMENSA2'
RH521.PRG(204) Warning C1001  RETURN statement with no value in function
RH521.PRG(206) Warning C1003  Ambiguous reference: 'CMATRICULA'
RH521.PRG(208) Warning C1003  Ambiguous reference: 'CMATRICULA'
RH521.PRG(228) Warning C1003  Ambiguous reference: 'CORDEM'
RH521.PRG(229) Warning C1003  Ambiguous reference: 'CORDEM'
RH521.PRG(232) Warning C1001  RETURN statement with no value in function
RH521.PRG(234) Warning C1003  Ambiguous reference: 'BFILTRO'
RH521.PRG(234) Warning C1003  Ambiguous reference: 'XDATASYS'
RH521.PRG(249) Warning C1003  Ambiguous reference: 'CMATRICULA'
RH521.PRG(255) Warning C1001  RETURN statement with no value in function
RH521.PRG(267) Warning C1003  Ambiguous reference: 'CTIPOREL'
RH521.PRG(268) Warning C1003  Ambiguous reference: 'CTIPOREL'
RH521.PRG(270) Warning C1001  RETURN statement with no value in function
RH521.PRG(274) Warning C1003  Ambiguous reference: 'XANOMES'
RH521.PRG(274) Warning C1003  Ambiguous reference: 'CTIPOREL'
RH521.PRG(292) Warning C1003  Ambiguous reference: 'XCOND1'
RH521.PRG(294) Warning C1003  Ambiguous reference: 'CTITULO'
RH521.PRG(323) Warning C1003  Ambiguous reference: 'CTIPOREL'
RH521.PRG(326) Warning C1003  Ambiguous reference: 'CTIPOREL'
RH521.PRG(350) Warning C1003  Ambiguous reference: 'CMENSA1'
RH521.PRG(353) Warning C1003  Ambiguous reference: 'CMENSA2'
RH521.PRG(355) Warning C1003  Ambiguous reference: 'XDATASYS'
RH521.PRG(356) Warning C1003  Ambiguous reference: 'XDATASYS'
RH521.PRG(356) Warning C1004  Ambiguous reference, assuming memvar: 'CNASC'
RH521.PRG(357) Warning C1003  Ambiguous reference: 'CNASC'
RH521.PRG(357) Warning C1004  Ambiguous reference, assuming memvar: 'CMENSA3'
RH521.PRG(359) Warning C1004  Ambiguous reference, assuming memvar: 'CMENSA3'
RH521.PRG(363) Warning C1004  Ambiguous reference, assuming memvar: 'CMENSA3'
RH521.PRG(367) Warning C1004  Ambiguous reference, assuming memvar: 'CMENSA3'
RH521.PRG(370) Warning C1003  Ambiguous reference: 'CMENSA3'
RH521.PRG(374) Warning C1003  Ambiguous reference: 'CTIPOREL'
RH521.PRG(377) Warning C1003  Ambiguous reference: 'CTIPOREL'
RH521.PRG(394) Warning C1001  RETURN statement with no value in function
RH521.PRG(402) Warning C1003  Ambiguous reference: 'CTIPOREL'
RH521.PRG(403) Warning C1003  Ambiguous reference: 'CTIPOREL'
RH521.PRG(405) Warning C1001  RETURN statement with no value in function
RH521.PRG(407) Warning C1003  Ambiguous reference: 'XCOND1'
RH521.PRG(407) Warning C1003  Ambiguous reference: 'XRAZAO'
RH521.PRG(408) Warning C1003  Ambiguous reference: 'XCGCCPF'
RH521.PRG(409) Warning C1003  Ambiguous reference: 'CTITULO'
RH521.PRG(419) Warning C1003  Ambiguous reference: 'XANOMES'
RH521.PRG(419) Warning C1003  Ambiguous reference: 'CTIPOREL'
RH521.PRG(442) Warning C1003  Ambiguous reference: 'CMENSA1'
RH521.PRG(445) Warning C1003  Ambiguous reference: 'CMENSA2'
RH521.PRG(447) Warning C1003  Ambiguous reference: 'XDATASYS'
RH521.PRG(448) Warning C1003  Ambiguous reference: 'XDATASYS'
RH521.PRG(448) Warning C1004  Ambiguous reference, assuming memvar: 'CNASC'
RH521.PRG(449) Warning C1003  Ambiguous reference: 'CNASC'
RH521.PRG(449) Warning C1004  Ambiguous reference, assuming memvar: 'CMENSA3'
RH521.PRG(451) Warning C1004  Ambiguous reference, assuming memvar: 'CMENSA3'
RH521.PRG(455) Warning C1004  Ambiguous reference, assuming memvar: 'CMENSA3'
RH521.PRG(458) Warning C1003  Ambiguous reference: 'CMENSA3'
RH521.PRG(462) Warning C1003  Ambiguous reference: 'CTIPOREL'
RH521.PRG(465) Warning C1003  Ambiguous reference: 'CTIPOREL'
RH521.PRG(482) Warning C1001  RETURN statement with no value in function
RH521.PRG(491) Warning C1003  Ambiguous reference: 'CTIPOREL'
RH521.PRG(492) Warning C1003  Ambiguous reference: 'CTIPOREL'
RH521.PRG(494) Warning C1001  RETURN statement with no value in function
RH521.PRG(496) Warning C1003  Ambiguous reference: 'XCOND1'
RH521.PRG(496) Warning C1003  Ambiguous reference: 'XRAZAO'
RH521.PRG(497) Warning C1003  Ambiguous reference: 'XCOND2'
RH521.PRG(500) Warning C1003  Ambiguous reference: 'XDATASYS'
RH521.PRG(500) Warning C1003  Ambiguous reference: 'XDATASYS'
RH521.PRG(503) Warning C1003  Ambiguous reference: 'XCGM'
RH521.PRG(514) Warning C1003  Ambiguous reference: 'XANOMES'
RH521.PRG(514) Warning C1003  Ambiguous reference: 'CTIPOREL'
RH521.PRG(549) Warning C1003  Ambiguous reference: 'CTIPOREL'
RH521.PRG(557) Warning C1003  Ambiguous reference: 'CTIPOREL'
RH521.PRG(563) Warning C1003  Ambiguous reference: 'CTIPOREL'
RH521.PRG(571) Warning C1003  Ambiguous reference: 'CMENSA1'
RH521.PRG(572) Warning C1003  Ambiguous reference: 'CMENSA2'
RH521.PRG(574) Warning C1003  Ambiguous reference: 'XDATASYS'
RH521.PRG(575) Warning C1003  Ambiguous reference: 'XDATASYS'
RH521.PRG(575) Warning C1004  Ambiguous reference, assuming memvar: 'CNASC'
RH521.PRG(576) Warning C1003  Ambiguous reference: 'CNASC'
RH521.PRG(576) Warning C1004  Ambiguous reference, assuming memvar: 'CMENSA3'
RH521.PRG(578) Warning C1004  Ambiguous reference, assuming memvar: 'CMENSA3'
RH521.PRG(582) Warning C1004  Ambiguous reference, assuming memvar: 'CMENSA3'
RH521.PRG(585) Warning C1003  Ambiguous reference: 'CMENSA3'
RH521.PRG(588) Warning C1001  RETURN statement with no value in function
RH521.PRG(600) Warning C1003  Ambiguous reference: 'CTIPOREL'
RH521.PRG(601) Warning C1003  Ambiguous reference: 'CTIPOREL'
RH521.PRG(603) Warning C1001  RETURN statement with no value in function
RH521.PRG(607) Warning C1003  Ambiguous reference: 'XANOMES'
RH521.PRG(607) Warning C1003  Ambiguous reference: 'CTIPOREL'
RH521.PRG(625) Warning C1003  Ambiguous reference: 'XCOND1'
RH521.PRG(626) Warning C1003  Ambiguous reference: 'XDATASYS'
RH521.PRG(626) Warning C1003  Ambiguous reference: 'XDATASYS'
RH521.PRG(669) Warning C1003  Ambiguous reference: 'CTIPOREL'
RH521.PRG(672) Warning C1003  Ambiguous reference: 'CTIPOREL'
RH521.PRG(707) Warning C1003  Ambiguous reference: 'CTIPOREL'
RH521.PRG(710) Warning C1003  Ambiguous reference: 'CTIPOREL'
RH521.PRG(727) Warning C1004  Ambiguous reference, assuming memvar: 'NQUANT_IMP'
RH521.PRG(727) Warning C1004  Ambiguous reference, assuming memvar: 'NQUANT_IMP'
RH521.PRG(729) Warning C1003  Ambiguous reference: 'NQUANT_IMP'
RH521.PRG(731) Warning C1004  Ambiguous reference, assuming memvar: 'NQUANT_IMP'
RH521.PRG(734) Warning C1001  RETURN statement with no value in function
219 warnings                
Code size 9508, Symbols 2032, Constants 5500
