312K available
Compiling RH535.PRG
RH535.PRG(13)  Warning C1003  Ambiguous reference: 'XNIVEL'
RH535.PRG(13)  Warning C1003  Ambiguous reference: 'XFLAG'
RH535.PRG(16)  Warning C1004  Ambiguous reference, assuming memvar: 'SBLOC1'
RH535.PRG(19)  Warning C1004  Ambiguous reference, assuming memvar: 'AEDICAO'
RH535.PRG(20)  Warning C1004  Ambiguous reference, assuming memvar: 'NTOTSAL'
RH535.PRG(21)  Warning C1004  Ambiguous reference, assuming memvar: 'NVALOR1'
RH535.PRG(22)  Warning C1004  Ambiguous reference, assuming memvar: 'NVALOR2'
RH535.PRG(23)  Warning C1004  Ambiguous reference, assuming memvar: 'NVALOR3'
RH535.PRG(24)  Warning C1004  Ambiguous reference, assuming memvar: 'CMESANO1'
RH535.PRG(25)  Warning C1004  Ambiguous reference, assuming memvar: 'CMESANO2'
RH535.PRG(26)  Warning C1004  Ambiguous reference, assuming memvar: 'CMESANO3'
RH535.PRG(27)  Warning C1004  Ambiguous reference, assuming memvar: 'NMES36'
RH535.PRG(28)  Warning C1004  Ambiguous reference, assuming memvar: 'CTIPO'
RH535.PRG(30)  Warning C1004  Ambiguous reference, assuming memvar: 'SBLOCO1'
RH535.PRG(34)  Warning C1003  Ambiguous reference: 'XDATASYS'
RH535.PRG(35)  Warning C1003  Ambiguous reference: 'XDATASYS'
RH535.PRG(35)  Warning C1004  Ambiguous reference, assuming memvar: 'CMESANO3'
RH535.PRG(36)  Warning C1003  Ambiguous reference: 'XDATASYS'
RH535.PRG(37)  Warning C1003  Ambiguous reference: 'XDATASYS'
RH535.PRG(37)  Warning C1004  Ambiguous reference, assuming memvar: 'CMESANO3'
RH535.PRG(39)  Warning C1003  Ambiguous reference: 'XDATASYS'
RH535.PRG(39)  Warning C1003  Ambiguous reference: 'XDATASYS'
RH535.PRG(39)  Warning C1004  Ambiguous reference, assuming memvar: 'CMESANO3'
RH535.PRG(42)  Warning C1003  Ambiguous reference: 'ANOMES'
RH535.PRG(42)  Warning C1003  Ambiguous reference: 'XANOMES'
RH535.PRG(46)  Warning C1003  Ambiguous reference: 'EVENTO'
RH535.PRG(49)  Warning C1003  Ambiguous reference: 'AEDICAO'
RH535.PRG(49)  Warning C1003  Ambiguous reference: 'CTIPO'
RH535.PRG(49)  Warning C1003  Ambiguous reference: 'SBLOCO1'
RH535.PRG(50)  Warning C1003  Ambiguous reference: 'AEDICAO'
RH535.PRG(50)  Warning C1003  Ambiguous reference: 'CMATRICULA'
RH535.PRG(50)  Warning C1003  Ambiguous reference: 'SBLOC1'
RH535.PRG(51)  Warning C1003  Ambiguous reference: 'AEDICAO'
RH535.PRG(52)  Warning C1003  Ambiguous reference: 'AEDICAO'
RH535.PRG(52)  Warning C1003  Ambiguous reference: 'CMESANO3'
RH535.PRG(53)  Warning C1003  Ambiguous reference: 'AEDICAO'
RH535.PRG(53)  Warning C1003  Ambiguous reference: 'CMESANO2'
RH535.PRG(54)  Warning C1003  Ambiguous reference: 'AEDICAO'
RH535.PRG(54)  Warning C1003  Ambiguous reference: 'CMESANO1'
RH535.PRG(55)  Warning C1003  Ambiguous reference: 'AEDICAO'
RH535.PRG(55)  Warning C1003  Ambiguous reference: 'NVALOR3'
RH535.PRG(56)  Warning C1003  Ambiguous reference: 'AEDICAO'
RH535.PRG(56)  Warning C1003  Ambiguous reference: 'NVALOR2'
RH535.PRG(57)  Warning C1003  Ambiguous reference: 'AEDICAO'
RH535.PRG(57)  Warning C1003  Ambiguous reference: 'NVALOR1'
RH535.PRG(58)  Warning C1003  Ambiguous reference: 'AEDICAO'
RH535.PRG(59)  Warning C1003  Ambiguous reference: 'AEDICAO'
RH535.PRG(59)  Warning C1003  Ambiguous reference: 'NMES36'
RH535.PRG(60)  Warning C1003  Ambiguous reference: 'AEDICAO'
RH535.PRG(60)  Warning C1004  Ambiguous reference, assuming memvar: 'LCONF'
RH535.PRG(65)  Warning C1004  Ambiguous reference, assuming memvar: 'XNIVEL'
RH535.PRG(66)  Warning C1004  Ambiguous reference, assuming memvar: 'XFLAG'
RH535.PRG(67)  Warning C1004  Ambiguous reference, assuming memvar: 'CMATRICULA'
RH535.PRG(68)  Warning C1004  Ambiguous reference, assuming memvar: 'CGRUPO'
RH535.PRG(69)  Warning C1004  Ambiguous reference, assuming memvar: 'CTIPO'
RH535.PRG(73)  Warning C1003  Ambiguous reference: 'XNIVEL'
RH535.PRG(73)  Warning C1003  Ambiguous reference: 'XNIVEL'
RH535.PRG(73)  Warning C1003  Ambiguous reference: 'AEDICAO'
RH535.PRG(74)  Warning C1004  Ambiguous reference, assuming memvar: 'AEDICAO'
RH535.PRG(74)  Warning C1003  Ambiguous reference: 'XNIVEL'
RH535.PRG(76)  Warning C1004  Ambiguous reference, assuming memvar: 'AEDICAO'
RH535.PRG(76)  Warning C1003  Ambiguous reference: 'XNIVEL'
RH535.PRG(77)  Warning C1003  Ambiguous reference: 'XFLAG'
RH535.PRG(77)  Warning C1004  Ambiguous reference, assuming memvar: 'XNIVEL'
RH535.PRG(77)  Warning C1004  Ambiguous reference, assuming memvar: 'XNIVEL'
RH535.PRG(77)  Warning C1004  Ambiguous reference, assuming memvar: 'XNIVEL'
RH535.PRG(77)  Warning C1004  Ambiguous reference, assuming memvar: 'XNIVEL'
RH535.PRG(80)  Warning C1003  Ambiguous reference: 'CMATRICULA'
RH535.PRG(80)  Warning C1003  Ambiguous reference: 'CGRUPO'
RH535.PRG(90)  Warning C1003  Ambiguous reference: 'XFLAG'
RH535.PRG(93)  Warning C1003  Ambiguous reference: 'CMATRICULA'
RH535.PRG(94)  Warning C1003  Ambiguous reference: 'XNIVEL'
RH535.PRG(94)  Warning C1003  Ambiguous reference: 'CMATRICULA'
RH535.PRG(94)  Warning C1004  Ambiguous reference, assuming memvar: 'CMATRICULA'
RH535.PRG(95)  Warning C1003  Ambiguous reference: 'CMATRICULA'
RH535.PRG(103) Warning C1004  Ambiguous reference, assuming memvar: 'XNIVEL'
RH535.PRG(103) Warning C1004  Ambiguous reference, assuming memvar: 'XNIVEL'
RH535.PRG(110) Warning C1004  Ambiguous reference, assuming memvar: 'NTOTSAL'
RH535.PRG(110) Warning C1004  Ambiguous reference, assuming memvar: 'NVALOR3'
RH535.PRG(110) Warning C1004  Ambiguous reference, assuming memvar: 'NVALOR2'
RH535.PRG(112) Warning C1004  Ambiguous reference, assuming memvar: 'XNIVEL'
RH535.PRG(112) Warning C1004  Ambiguous reference, assuming memvar: 'XNIVEL'
RH535.PRG(112) Warning C1003  Ambiguous reference: 'CMESANO3'
RH535.PRG(114) Warning C1003  Ambiguous reference: 'CMESANO3'
RH535.PRG(115) Warning C1003  Ambiguous reference: 'CMESANO3'
RH535.PRG(115) Warning C1004  Ambiguous reference, assuming memvar: 'CMESANO2'
RH535.PRG(117) Warning C1003  Ambiguous reference: 'CMESANO3'
RH535.PRG(117) Warning C1003  Ambiguous reference: 'CMESANO3'
RH535.PRG(117) Warning C1004  Ambiguous reference, assuming memvar: 'CMESANO2'
RH535.PRG(120) Warning C1004  Ambiguous reference, assuming memvar: 'XNIVEL'
RH535.PRG(120) Warning C1004  Ambiguous reference, assuming memvar: 'XNIVEL'
RH535.PRG(120) Warning C1003  Ambiguous reference: 'CMESANO2'
RH535.PRG(122) Warning C1003  Ambiguous reference: 'CMESANO2'
RH535.PRG(123) Warning C1003  Ambiguous reference: 'CMESANO2'
RH535.PRG(123) Warning C1004  Ambiguous reference, assuming memvar: 'CMESANO1'
RH535.PRG(125) Warning C1003  Ambiguous reference: 'CMESANO2'
RH535.PRG(125) Warning C1003  Ambiguous reference: 'CMESANO2'
RH535.PRG(125) Warning C1004  Ambiguous reference, assuming memvar: 'CMESANO1'
RH535.PRG(128) Warning C1004  Ambiguous reference, assuming memvar: 'XNIVEL'
RH535.PRG(128) Warning C1004  Ambiguous reference, assuming memvar: 'XNIVEL'
RH535.PRG(128) Warning C1003  Ambiguous reference: 'CMESANO1'
RH535.PRG(132) Warning C1003  Ambiguous reference: 'CMESANO3'
RH535.PRG(132) Warning C1003  Ambiguous reference: 'CMESANO3'
RH535.PRG(134) Warning C1003  Ambiguous reference: 'CMATRICULA'
RH535.PRG(134) Warning C1003  Ambiguous reference: 'CMESANO3'
RH535.PRG(134) Warning C1003  Ambiguous reference: 'CMESANO3'
RH535.PRG(138) Warning C1003  Ambiguous reference: 'CMESANO3'
RH535.PRG(138) Warning C1003  Ambiguous reference: 'CMESANO3'
RH535.PRG(139) Warning C1004  Ambiguous reference, assuming memvar: 'NVALOR3'
RH535.PRG(139) Warning C1004  Ambiguous reference, assuming memvar: 'NVALOR3'
RH535.PRG(146) Warning C1003  Ambiguous reference: 'CMESANO2'
RH535.PRG(146) Warning C1003  Ambiguous reference: 'CMESANO2'
RH535.PRG(148) Warning C1003  Ambiguous reference: 'CMATRICULA'
RH535.PRG(148) Warning C1003  Ambiguous reference: 'CMESANO2'
RH535.PRG(148) Warning C1003  Ambiguous reference: 'CMESANO2'
RH535.PRG(152) Warning C1003  Ambiguous reference: 'CMESANO2'
RH535.PRG(152) Warning C1003  Ambiguous reference: 'CMESANO2'
RH535.PRG(153) Warning C1004  Ambiguous reference, assuming memvar: 'NVALOR2'
RH535.PRG(153) Warning C1004  Ambiguous reference, assuming memvar: 'NVALOR2'
RH535.PRG(160) Warning C1004  Ambiguous reference, assuming memvar: 'NVALOR1'
RH535.PRG(161) Warning C1003  Ambiguous reference: 'NVALOR3'
RH535.PRG(162) Warning C1003  Ambiguous reference: 'NVALOR2'
RH535.PRG(163) Warning C1003  Ambiguous reference: 'NVALOR1'
RH535.PRG(164) Warning C1003  Ambiguous reference: 'NVALOR3'
RH535.PRG(164) Warning C1003  Ambiguous reference: 'NVALOR2'
RH535.PRG(164) Warning C1003  Ambiguous reference: 'NVALOR1'
RH535.PRG(164) Warning C1004  Ambiguous reference, assuming memvar: 'NTOTSAL'
RH535.PRG(165) Warning C1003  Ambiguous reference: 'NTOTSAL'
RH535.PRG(167) Warning C1003  Ambiguous reference: 'NVALOR3'
RH535.PRG(167) Warning C1003  Ambiguous reference: 'NVALOR2'
RH535.PRG(167) Warning C1003  Ambiguous reference: 'NVALOR1'
RH535.PRG(167) Warning C1004  Ambiguous reference, assuming memvar: 'NTOTSAL'
RH535.PRG(168) Warning C1003  Ambiguous reference: 'NTOTSAL'
RH535.PRG(170) Warning C1003  Ambiguous reference: 'NVALOR3'
RH535.PRG(170) Warning C1003  Ambiguous reference: 'NVALOR2'
RH535.PRG(170) Warning C1003  Ambiguous reference: 'NVALOR1'
RH535.PRG(170) Warning C1004  Ambiguous reference, assuming memvar: 'NTOTSAL'
RH535.PRG(171) Warning C1003  Ambiguous reference: 'NTOTSAL'
RH535.PRG(173) Warning C1003  Ambiguous reference: 'NVALOR3'
RH535.PRG(173) Warning C1003  Ambiguous reference: 'NVALOR2'
RH535.PRG(173) Warning C1003  Ambiguous reference: 'NVALOR1'
RH535.PRG(173) Warning C1004  Ambiguous reference, assuming memvar: 'NTOTSAL'
RH535.PRG(174) Warning C1003  Ambiguous reference: 'NTOTSAL'
RH535.PRG(177) Warning C1003  Ambiguous reference: 'CTIPO'
RH535.PRG(178) Warning C1003  Ambiguous reference: 'XNIVEL'
RH535.PRG(178) Warning C1003  Ambiguous reference: 'CTIPO'
RH535.PRG(191) Warning C1003  Ambiguous reference: 'LCONF'
RH535.PRG(192) Warning C1001  RETURN statement with no value in function
RH535.PRG(195) Warning C1001  RETURN statement with no value in function
RH535.PRG(197) Warning C1003  Ambiguous reference: 'CMATRICULA'
RH535.PRG(197) Warning C1003  Ambiguous reference: 'XDATASYS'
RH535.PRG(203) Warning C1001  RETURN statement with no value in function
RH535.PRG(209) Warning C1003  Ambiguous reference: 'CTIPO'
RH535.PRG(215) Warning C1001  RETURN statement with no value in function
RH535.PRG(223) Warning C1003  Ambiguous reference: 'XCOND0'
RH535.PRG(262) Warning C1003  Ambiguous reference: 'XCOND1'
RH535.PRG(262) Warning C1003  Ambiguous reference: 'XAEXPAN'
RH535.PRG(262) Warning C1003  Ambiguous reference: 'XDEXPAN'
RH535.PRG(262) Warning C1003  Ambiguous reference: 'XCOND0'
RH535.PRG(264) Warning C1003  Ambiguous reference: 'XCOND2'
RH535.PRG(264) Warning C1003  Ambiguous reference: 'XCOND0'
RH535.PRG(266) Warning C1003  Ambiguous reference: 'XCOND2'
RH535.PRG(266) Warning C1003  Ambiguous reference: 'XCOND0'
RH535.PRG(271) Warning C1003  Ambiguous reference: 'XCOND2'
RH535.PRG(271) Warning C1003  Ambiguous reference: 'XCOND0'
RH535.PRG(274) Warning C1003  Ambiguous reference: 'XCOND2'
RH535.PRG(274) Warning C1003  Ambiguous reference: 'XCOND0'
RH535.PRG(291) Warning C1003  Ambiguous reference: 'CMESANO3'
RH535.PRG(291) Warning C1003  Ambiguous reference: 'NVALOR3'
RH535.PRG(293) Warning C1003  Ambiguous reference: 'CMESANO2'
RH535.PRG(293) Warning C1003  Ambiguous reference: 'NVALOR2'
RH535.PRG(295) Warning C1003  Ambiguous reference: 'CMESANO1'
RH535.PRG(295) Warning C1003  Ambiguous reference: 'NVALOR1'
RH535.PRG(299) Warning C1003  Ambiguous reference: 'NTOTSAL'
RH535.PRG(303) Warning C1003  Ambiguous reference: 'NMES36'
RH535.PRG(308) Warning C1003  Ambiguous reference: 'CMESANO1'
RH535.PRG(308) Warning C1003  Ambiguous reference: 'CMESANO1'
RH535.PRG(320) Warning C1001  RETURN statement with no value in function
RH535.PRG(329) Warning C1003  Ambiguous reference: 'XCOND0'
RH535.PRG(329) Warning C1003  Ambiguous reference: 'XQLINHA'
RH535.PRG(368) Warning C1003  Ambiguous reference: 'XCOND1'
RH535.PRG(368) Warning C1003  Ambiguous reference: 'XAEXPAN'
RH535.PRG(368) Warning C1003  Ambiguous reference: 'XDEXPAN'
RH535.PRG(368) Warning C1003  Ambiguous reference: 'XCOND0'
RH535.PRG(370) Warning C1003  Ambiguous reference: 'XCOND2'
RH535.PRG(370) Warning C1003  Ambiguous reference: 'XCOND0'
RH535.PRG(372) Warning C1003  Ambiguous reference: 'XCOND2'
RH535.PRG(372) Warning C1003  Ambiguous reference: 'XCOND0'
RH535.PRG(374) Warning C1003  Ambiguous reference: 'XCOND2'
RH535.PRG(374) Warning C1003  Ambiguous reference: 'XCOND0'
RH535.PRG(377) Warning C1003  Ambiguous reference: 'XCOND2'
RH535.PRG(377) Warning C1003  Ambiguous reference: 'XCOND0'
RH535.PRG(398) Warning C1003  Ambiguous reference: 'CMESANO3'
RH535.PRG(398) Warning C1003  Ambiguous reference: 'NVALOR3'
RH535.PRG(400) Warning C1003  Ambiguous reference: 'CMESANO2'
RH535.PRG(400) Warning C1003  Ambiguous reference: 'NVALOR2'
RH535.PRG(402) Warning C1003  Ambiguous reference: 'CMESANO1'
RH535.PRG(402) Warning C1003  Ambiguous reference: 'NVALOR1'
RH535.PRG(406) Warning C1003  Ambiguous reference: 'NTOTSAL'
RH535.PRG(410) Warning C1003  Ambiguous reference: 'NMES36'
RH535.PRG(415) Warning C1003  Ambiguous reference: 'CMESANO1'
RH535.PRG(415) Warning C1003  Ambiguous reference: 'CMESANO1'
RH535.PRG(421) Warning C1003  Ambiguous reference: 'XRESET'
RH535.PRG(423) Warning C1001  RETURN statement with no value in function
204 warnings                
Code size 5543, Symbols 1680, Constants 1401
