276K available
Compiling RH536.PRG
RH536.PRG(14)  Warning C1003  Ambiguous reference: 'XNIVEL'
RH536.PRG(14)  Warning C1003  Ambiguous reference: 'XFLAG'
RH536.PRG(14)  Warning C1003  Ambiguous reference: 'CORDEM'
RH536.PRG(16)  Warning C1004  Ambiguous reference, assuming memvar: 'SBLOCO1'
RH536.PRG(23)  Warning C1004  Ambiguous reference, assuming memvar: 'AEDICAO'
RH536.PRG(25)  Warning C1003  Ambiguous reference: 'ANOMES'
RH536.PRG(25)  Warning C1003  Ambiguous reference: 'XANOMES'
RH536.PRG(29)  Warning C1003  Ambiguous reference: 'AEDICAO'
RH536.PRG(29)  Warning C1003  Ambiguous reference: 'CORDEM'
RH536.PRG(29)  Warning C1003  Ambiguous reference: 'SBLOCO1'
RH536.PRG(30)  Warning C1003  Ambiguous reference: 'AEDICAO'
RH536.PRG(30)  Warning C1003  Ambiguous reference: 'CCENTRO'
RH536.PRG(31)  Warning C1003  Ambiguous reference: 'AEDICAO'
RH536.PRG(32)  Warning C1003  Ambiguous reference: 'AEDICAO'
RH536.PRG(32)  Warning C1003  Ambiguous reference: 'CFILIAL'
RH536.PRG(33)  Warning C1003  Ambiguous reference: 'AEDICAO'
RH536.PRG(38)  Warning C1004  Ambiguous reference, assuming memvar: 'XNIVEL'
RH536.PRG(39)  Warning C1004  Ambiguous reference, assuming memvar: 'XFLAG'
RH536.PRG(40)  Warning C1004  Ambiguous reference, assuming memvar: 'CORDEM'
RH536.PRG(41)  Warning C1004  Ambiguous reference, assuming memvar: 'CCENTRO'
RH536.PRG(42)  Warning C1004  Ambiguous reference, assuming memvar: 'CFILIAL'
RH536.PRG(46)  Warning C1003  Ambiguous reference: 'XNIVEL'
RH536.PRG(46)  Warning C1003  Ambiguous reference: 'XNIVEL'
RH536.PRG(46)  Warning C1003  Ambiguous reference: 'AEDICAO'
RH536.PRG(47)  Warning C1004  Ambiguous reference, assuming memvar: 'AEDICAO'
RH536.PRG(47)  Warning C1003  Ambiguous reference: 'XNIVEL'
RH536.PRG(49)  Warning C1004  Ambiguous reference, assuming memvar: 'AEDICAO'
RH536.PRG(49)  Warning C1003  Ambiguous reference: 'XNIVEL'
RH536.PRG(50)  Warning C1003  Ambiguous reference: 'XFLAG'
RH536.PRG(50)  Warning C1004  Ambiguous reference, assuming memvar: 'XNIVEL'
RH536.PRG(50)  Warning C1004  Ambiguous reference, assuming memvar: 'XNIVEL'
RH536.PRG(50)  Warning C1004  Ambiguous reference, assuming memvar: 'XNIVEL'
RH536.PRG(50)  Warning C1004  Ambiguous reference, assuming memvar: 'XNIVEL'
RH536.PRG(63)  Warning C1003  Ambiguous reference: 'XNIVEL'
RH536.PRG(63)  Warning C1003  Ambiguous reference: 'CORDEM'
RH536.PRG(65)  Warning C1003  Ambiguous reference: 'CCENTRO'
RH536.PRG(66)  Warning C1003  Ambiguous reference: 'CCENTRO'
RH536.PRG(70)  Warning C1003  Ambiguous reference: 'CCENTRO'
RH536.PRG(75)  Warning C1003  Ambiguous reference: 'XNIVEL'
RH536.PRG(75)  Warning C1003  Ambiguous reference: 'CCENTRO'
RH536.PRG(77)  Warning C1003  Ambiguous reference: 'XNIVEL'
RH536.PRG(77)  Warning C1003  Ambiguous reference: 'CFILIAL'
RH536.PRG(88)  Warning C1004  Ambiguous reference, assuming memvar: 'CTITULO'
RH536.PRG(89)  Warning C1004  Ambiguous reference, assuming memvar: 'CTITULO'
RH536.PRG(89)  Warning C1003  Ambiguous reference: 'XDATASYS'
RH536.PRG(89)  Warning C1003  Ambiguous reference: 'XDATASYS'
RH536.PRG(89)  Warning C1004  Ambiguous reference, assuming memvar: 'CTITULO'
RH536.PRG(94)  Warning C1003  Ambiguous reference: 'CORDEM'
RH536.PRG(95)  Warning C1003  Ambiguous reference: 'CORDEM'
RH536.PRG(102) Warning C1003  Ambiguous reference: 'MATRICULA'
RH536.PRG(102) Warning C1003  Ambiguous reference: 'XANOMES'
RH536.PRG(103) Warning C1003  Ambiguous reference: 'CENTRO'
RH536.PRG(104) Warning C1003  Ambiguous reference: 'FILIAL'
RH536.PRG(115) Warning C1004  Ambiguous reference, assuming memvar: 'NSALBASE'
RH536.PRG(115) Warning C1004  Ambiguous reference, assuming memvar: 'NOTHERS'
RH536.PRG(115) Warning C1004  Ambiguous reference, assuming memvar: 'NHORAS'
RH536.PRG(115) Warning C1004  Ambiguous reference, assuming memvar: 'NADIC'
RH536.PRG(115) Warning C1004  Ambiguous reference, assuming memvar: 'NLIQ'
RH536.PRG(115) Warning C1004  Ambiguous reference, assuming memvar: 'NOUTROS'
RH536.PRG(115) Warning C1004  Ambiguous reference, assuming memvar: 'NSALFAM'
RH536.PRG(115) Warning C1004  Ambiguous reference, assuming memvar: 'NIRRF'
RH536.PRG(115) Warning C1004  Ambiguous reference, assuming memvar: 'NINSS'
RH536.PRG(116) Warning C1004  Ambiguous reference, assuming memvar: 'NTINTEG'
RH536.PRG(116) Warning C1004  Ambiguous reference, assuming memvar: 'NTOTHERS'
RH536.PRG(116) Warning C1004  Ambiguous reference, assuming memvar: 'NTHORAS'
RH536.PRG(116) Warning C1004  Ambiguous reference, assuming memvar: 'NTADIC'
RH536.PRG(116) Warning C1004  Ambiguous reference, assuming memvar: 'NTSALBASE'
RH536.PRG(116) Warning C1004  Ambiguous reference, assuming memvar: 'NTLIQ'
RH536.PRG(116) Warning C1004  Ambiguous reference, assuming memvar: 'NTOUTROS'
RH536.PRG(116) Warning C1004  Ambiguous reference, assuming memvar: 'NTSALFAM'
RH536.PRG(116) Warning C1004  Ambiguous reference, assuming memvar: 'NTIRRF'
RH536.PRG(116) Warning C1004  Ambiguous reference, assuming memvar: 'NTINSS'
RH536.PRG(121) Warning C1001  RETURN statement with no value in function
RH536.PRG(127) Warning C1001  RETURN statement with no value in function
RH536.PRG(129) Warning C1003  Ambiguous reference: 'XPAGINA'
RH536.PRG(131) Warning C1003  Ambiguous reference: 'CTITULO'
RH536.PRG(133) Warning C1003  Ambiguous reference: 'XCOND2'
RH536.PRG(133) Warning C1003  Ambiguous reference: 'XCOND0'
RH536.PRG(143) Warning C1003  Ambiguous reference: 'XCOND2'
RH536.PRG(148) Warning C1004  Ambiguous reference, assuming memvar: 'NSALBASE'
RH536.PRG(149) Warning C1004  Ambiguous reference, assuming memvar: 'NADIC'
RH536.PRG(150) Warning C1004  Ambiguous reference, assuming memvar: 'NINTEG'
RH536.PRG(151) Warning C1004  Ambiguous reference, assuming memvar: 'NHORAS'
RH536.PRG(152) Warning C1004  Ambiguous reference, assuming memvar: 'NSALFAM'
RH536.PRG(153) Warning C1004  Ambiguous reference, assuming memvar: 'NOTHERS'
RH536.PRG(155) Warning C1004  Ambiguous reference, assuming memvar: 'NINSS'
RH536.PRG(156) Warning C1004  Ambiguous reference, assuming memvar: 'NIRRF'
RH536.PRG(157) Warning C1004  Ambiguous reference, assuming memvar: 'NOUTROS'
RH536.PRG(158) Warning C1004  Ambiguous reference, assuming memvar: 'NLIQ'
RH536.PRG(160) Warning C1004  Ambiguous reference, assuming memvar: 'NTSALBASE'
RH536.PRG(160) Warning C1003  Ambiguous reference: 'NSALBASE'
RH536.PRG(160) Warning C1004  Ambiguous reference, assuming memvar: 'NTSALBASE'
RH536.PRG(161) Warning C1004  Ambiguous reference, assuming memvar: 'NTOTHERS'
RH536.PRG(161) Warning C1003  Ambiguous reference: 'NOTHERS'
RH536.PRG(161) Warning C1004  Ambiguous reference, assuming memvar: 'NTOTHERS'
RH536.PRG(162) Warning C1004  Ambiguous reference, assuming memvar: 'NTADIC'
RH536.PRG(162) Warning C1003  Ambiguous reference: 'NADIC'
RH536.PRG(162) Warning C1004  Ambiguous reference, assuming memvar: 'NTADIC'
RH536.PRG(163) Warning C1004  Ambiguous reference, assuming memvar: 'NTINTEG'
RH536.PRG(163) Warning C1003  Ambiguous reference: 'NINTEG'
RH536.PRG(163) Warning C1004  Ambiguous reference, assuming memvar: 'NTINTEG'
RH536.PRG(164) Warning C1004  Ambiguous reference, assuming memvar: 'NTHORAS'
RH536.PRG(164) Warning C1003  Ambiguous reference: 'NHORAS'
RH536.PRG(164) Warning C1004  Ambiguous reference, assuming memvar: 'NTHORAS'
RH536.PRG(165) Warning C1004  Ambiguous reference, assuming memvar: 'NTSALFAM'
RH536.PRG(165) Warning C1003  Ambiguous reference: 'NSALFAM'
RH536.PRG(165) Warning C1004  Ambiguous reference, assuming memvar: 'NTSALFAM'
RH536.PRG(166) Warning C1004  Ambiguous reference, assuming memvar: 'NTINSS'
RH536.PRG(166) Warning C1003  Ambiguous reference: 'NINSS'
RH536.PRG(166) Warning C1004  Ambiguous reference, assuming memvar: 'NTINSS'
RH536.PRG(167) Warning C1004  Ambiguous reference, assuming memvar: 'NTIRRF'
RH536.PRG(167) Warning C1003  Ambiguous reference: 'NIRRF'
RH536.PRG(167) Warning C1004  Ambiguous reference, assuming memvar: 'NTIRRF'
RH536.PRG(168) Warning C1004  Ambiguous reference, assuming memvar: 'NTOUTROS'
RH536.PRG(168) Warning C1003  Ambiguous reference: 'NOUTROS'
RH536.PRG(168) Warning C1004  Ambiguous reference, assuming memvar: 'NTOUTROS'
RH536.PRG(169) Warning C1004  Ambiguous reference, assuming memvar: 'NTLIQ'
RH536.PRG(169) Warning C1003  Ambiguous reference: 'NLIQ'
RH536.PRG(169) Warning C1004  Ambiguous reference, assuming memvar: 'NTLIQ'
RH536.PRG(177) Warning C1003  Ambiguous reference: 'XCOND2'
RH536.PRG(178) Warning C1003  Ambiguous reference: 'NTSALBASE'
RH536.PRG(179) Warning C1003  Ambiguous reference: 'NTADIC'
RH536.PRG(180) Warning C1003  Ambiguous reference: 'NTINTEG'
RH536.PRG(181) Warning C1003  Ambiguous reference: 'NTHORAS'
RH536.PRG(182) Warning C1003  Ambiguous reference: 'NTSALFAM'
RH536.PRG(183) Warning C1003  Ambiguous reference: 'NTOTHERS'
RH536.PRG(184) Warning C1003  Ambiguous reference: 'NTINSS'
RH536.PRG(185) Warning C1003  Ambiguous reference: 'NTIRRF'
RH536.PRG(186) Warning C1003  Ambiguous reference: 'NTOUTROS'
RH536.PRG(187) Warning C1003  Ambiguous reference: 'NTLIQ'
RH536.PRG(193) Warning C1001  RETURN statement with no value in function
RH536.PRG(205) Warning C1003  Ambiguous reference: 'XDATASYS'
RH536.PRG(211) Warning C1003  Ambiguous reference: 'CCENTRO'
RH536.PRG(211) Warning C1003  Ambiguous reference: 'CCENTRO'
RH536.PRG(212) Warning C1003  Ambiguous reference: 'CFILIAL'
RH536.PRG(212) Warning C1003  Ambiguous reference: 'CFILIAL'
RH536.PRG(281) Warning C1003  Ambiguous reference: 'XANOMES'
RH536.PRG(283) Warning C1003  Ambiguous reference: 'XANOMES'
RH536.PRG(285) Warning C1003  Ambiguous reference: 'XANOMES'
RH536.PRG(287) Warning C1003  Ambiguous reference: 'XANOMES'
RH536.PRG(290) Warning C1003  Ambiguous reference: 'XANOMES'
RH536.PRG(292) Warning C1003  Ambiguous reference: 'XANOMES'
RH536.PRG(294) Warning C1003  Ambiguous reference: 'XANOMES'
RH536.PRG(296) Warning C1003  Ambiguous reference: 'XANOMES'
RH536.PRG(298) Warning C1003  Ambiguous reference: 'XANOMES'
RH536.PRG(300) Warning C1003  Ambiguous reference: 'XANOMES'
RH536.PRG(302) Warning C1003  Ambiguous reference: 'XANOMES'
RH536.PRG(310) Warning C1003  Ambiguous reference: 'XANOMES'
RH536.PRG(312) Warning C1003  Ambiguous reference: 'XANOMES'
RH536.PRG(314) Warning C1003  Ambiguous reference: 'XANOMES'
RH536.PRG(316) Warning C1003  Ambiguous reference: 'XANOMES'
RH536.PRG(318) Warning C1003  Ambiguous reference: 'XANOMES'
RH536.PRG(320) Warning C1003  Ambiguous reference: 'XANOMES'
RH536.PRG(322) Warning C1003  Ambiguous reference: 'XANOMES'
RH536.PRG(324) Warning C1003  Ambiguous reference: 'XANOMES'
RH536.PRG(332) Warning C1003  Ambiguous reference: 'XANOMES'
RH536.PRG(334) Warning C1003  Ambiguous reference: 'XANOMES'
RH536.PRG(336) Warning C1003  Ambiguous reference: 'XANOMES'
RH536.PRG(338) Warning C1003  Ambiguous reference: 'XANOMES'
RH536.PRG(340) Warning C1003  Ambiguous reference: 'XANOMES'
RH536.PRG(342) Warning C1003  Ambiguous reference: 'XANOMES'
RH536.PRG(350) Warning C1003  Ambiguous reference: 'XANOMES'
RH536.PRG(352) Warning C1003  Ambiguous reference: 'XANOMES'
RH536.PRG(354) Warning C1003  Ambiguous reference: 'XANOMES'
RH536.PRG(356) Warning C1003  Ambiguous reference: 'XANOMES'
RH536.PRG(358) Warning C1003  Ambiguous reference: 'XANOMES'
RH536.PRG(360) Warning C1003  Ambiguous reference: 'XANOMES'
RH536.PRG(362) Warning C1003  Ambiguous reference: 'XANOMES'
RH536.PRG(364) Warning C1003  Ambiguous reference: 'XANOMES'
RH536.PRG(366) Warning C1003  Ambiguous reference: 'XANOMES'
RH536.PRG(368) Warning C1003  Ambiguous reference: 'XANOMES'
RH536.PRG(370) Warning C1003  Ambiguous reference: 'XANOMES'
RH536.PRG(372) Warning C1003  Ambiguous reference: 'XANOMES'
RH536.PRG(374) Warning C1003  Ambiguous reference: 'XANOMES'
RH536.PRG(376) Warning C1003  Ambiguous reference: 'XANOMES'
RH536.PRG(378) Warning C1003  Ambiguous reference: 'XANOMES'
RH536.PRG(380) Warning C1003  Ambiguous reference: 'XANOMES'
RH536.PRG(382) Warning C1003  Ambiguous reference: 'XANOMES'
RH536.PRG(384) Warning C1003  Ambiguous reference: 'XANOMES'
RH536.PRG(386) Warning C1003  Ambiguous reference: 'XANOMES'
180 warnings                
Code size 5580, Symbols 1680, Constants 996
