312K available
Compiling RH532.PRG
RH532.PRG(26)  Warning C1003  Ambiguous reference: 'ANOMES'
RH532.PRG(26)  Warning C1003  Ambiguous reference: 'XANOMES'
RH532.PRG(30)  Warning C1003  Ambiguous reference: 'AF_COD'
RH532.PRG(31)  Warning C1003  Ambiguous reference: 'CP_CGM'
RH532.PRG(35)  Warning C1001  RETURN statement with no value in function
RH532.PRG(42)  Warning C1004  Ambiguous reference, assuming memvar: 'NDESLCJ'
RH532.PRG(42)  Warning C1004  Ambiguous reference, assuming memvar: 'NDESLSJ'
RH532.PRG(42)  Warning C1004  Ambiguous reference, assuming memvar: 'NTRANSEN'
RH532.PRG(42)  Warning C1004  Ambiguous reference, assuming memvar: 'NREEMP'
RH532.PRG(42)  Warning C1004  Ambiguous reference, assuming memvar: 'NPRIMADM'
RH532.PRG(43)  Warning C1004  Ambiguous reference, assuming memvar: 'NTOTADM'
RH532.PRG(43)  Warning C1004  Ambiguous reference, assuming memvar: 'NFIMCONT'
RH532.PRG(43)  Warning C1004  Ambiguous reference, assuming memvar: 'NTRANSSA'
RH532.PRG(43)  Warning C1004  Ambiguous reference, assuming memvar: 'NMORTE'
RH532.PRG(43)  Warning C1004  Ambiguous reference, assuming memvar: 'NAPOSENT'
RH532.PRG(46)  Warning C1001  RETURN statement with no value in function
RH532.PRG(51)  Warning C1001  RETURN statement with no value in function
RH532.PRG(58)  Warning C1003  Ambiguous reference: 'XDATASYS'
RH532.PRG(58)  Warning C1003  Ambiguous reference: 'XDATASYS'
RH532.PRG(64)  Warning C1003  Ambiguous reference: 'XDATASYS'
RH532.PRG(69)  Warning C1003  Ambiguous reference: 'XDATASYS'
RH532.PRG(77)  Warning C1003  Ambiguous reference: 'XDATASYS'
RH532.PRG(78)  Warning C1004  Ambiguous reference, assuming memvar: 'NPRIMADM'
RH532.PRG(78)  Warning C1004  Ambiguous reference, assuming memvar: 'NPRIMADM'
RH532.PRG(79)  Warning C1003  Ambiguous reference: 'XDATASYS'
RH532.PRG(80)  Warning C1004  Ambiguous reference, assuming memvar: 'NREEMP'
RH532.PRG(80)  Warning C1004  Ambiguous reference, assuming memvar: 'NREEMP'
RH532.PRG(81)  Warning C1003  Ambiguous reference: 'XDATASYS'
RH532.PRG(82)  Warning C1004  Ambiguous reference, assuming memvar: 'NTRANSEN'
RH532.PRG(82)  Warning C1004  Ambiguous reference, assuming memvar: 'NTRANSEN'
RH532.PRG(83)  Warning C1003  Ambiguous reference: 'XDATASYS'
RH532.PRG(84)  Warning C1004  Ambiguous reference, assuming memvar: 'NDESLSJ'
RH532.PRG(84)  Warning C1004  Ambiguous reference, assuming memvar: 'NDESLSJ'
RH532.PRG(85)  Warning C1003  Ambiguous reference: 'XDATASYS'
RH532.PRG(86)  Warning C1004  Ambiguous reference, assuming memvar: 'NDESLCJ'
RH532.PRG(86)  Warning C1004  Ambiguous reference, assuming memvar: 'NDESLCJ'
RH532.PRG(87)  Warning C1003  Ambiguous reference: 'XDATASYS'
RH532.PRG(89)  Warning C1003  Ambiguous reference: 'XDATASYS'
RH532.PRG(90)  Warning C1004  Ambiguous reference, assuming memvar: 'NAPOSENT'
RH532.PRG(90)  Warning C1004  Ambiguous reference, assuming memvar: 'NAPOSENT'
RH532.PRG(91)  Warning C1003  Ambiguous reference: 'XDATASYS'
RH532.PRG(92)  Warning C1004  Ambiguous reference, assuming memvar: 'NMORTE'
RH532.PRG(92)  Warning C1004  Ambiguous reference, assuming memvar: 'NMORTE'
RH532.PRG(93)  Warning C1003  Ambiguous reference: 'XDATASYS'
RH532.PRG(94)  Warning C1004  Ambiguous reference, assuming memvar: 'NTRANSSA'
RH532.PRG(94)  Warning C1004  Ambiguous reference, assuming memvar: 'NTRANSSA'
RH532.PRG(95)  Warning C1003  Ambiguous reference: 'XDATASYS'
RH532.PRG(96)  Warning C1004  Ambiguous reference, assuming memvar: 'NFIMCONT'
RH532.PRG(96)  Warning C1004  Ambiguous reference, assuming memvar: 'NFIMCONT'
RH532.PRG(99)  Warning C1003  Ambiguous reference: 'XDATASYS'
RH532.PRG(109) Warning C1003  Ambiguous reference: 'XDATASYS'
RH532.PRG(113) Warning C1004  Ambiguous reference, assuming memvar: 'CCOD_NOVO'
RH532.PRG(115) Warning C1004  Ambiguous reference, assuming memvar: 'CCOD_NOVO'
RH532.PRG(118) Warning C1004  Ambiguous reference, assuming memvar: 'CCOD_NOVO'
RH532.PRG(122) Warning C1001  RETURN statement with no value in function
RH532.PRG(124) Warning C1003  Ambiguous reference: 'XPAGINA'
RH532.PRG(126) Warning C1003  Ambiguous reference: 'XCOND1'
RH532.PRG(149) Warning C1003  Ambiguous reference: 'CCOD_NOVO'
RH532.PRG(162) Warning C1003  Ambiguous reference: 'NPRIMADM'
RH532.PRG(162) Warning C1003  Ambiguous reference: 'NREEMP'
RH532.PRG(162) Warning C1003  Ambiguous reference: 'NTRANSEN'
RH532.PRG(162) Warning C1004  Ambiguous reference, assuming memvar: 'NTOTADM'
RH532.PRG(163) Warning C1003  Ambiguous reference: 'NDESLSJ'
RH532.PRG(163) Warning C1003  Ambiguous reference: 'NDESLCJ'
RH532.PRG(163) Warning C1003  Ambiguous reference: 'NAPOSENT'
RH532.PRG(163) Warning C1003  Ambiguous reference: 'NMORTE'
RH532.PRG(163) Warning C1003  Ambiguous reference: 'NTRANSSA'
RH532.PRG(163) Warning C1003  Ambiguous reference: 'NFIMCONT'
RH532.PRG(165) Warning C1003  Ambiguous reference: 'XCOND0'
RH532.PRG(169) Warning C1003  Ambiguous reference: 'XCGCCPF'
RH532.PRG(171) Warning C1003  Ambiguous reference: 'XDATASYS'
RH532.PRG(171) Warning C1003  Ambiguous reference: 'XDATASYS'
RH532.PRG(171) Warning C1003  Ambiguous reference: 'XCEP'
RH532.PRG(171) Warning C1003  Ambiguous reference: 'XCEP'
RH532.PRG(177) Warning C1003  Ambiguous reference: 'NPRIMADM'
RH532.PRG(177) Warning C1003  Ambiguous reference: 'NREEMP'
RH532.PRG(177) Warning C1003  Ambiguous reference: 'NTRANSEN'
RH532.PRG(177) Warning C1003  Ambiguous reference: 'NTOTADM'
RH532.PRG(183) Warning C1003  Ambiguous reference: 'NDESLSJ'
RH532.PRG(183) Warning C1003  Ambiguous reference: 'NDESLCJ'
RH532.PRG(183) Warning C1003  Ambiguous reference: 'NAPOSENT'
RH532.PRG(183) Warning C1003  Ambiguous reference: 'NMORTE'
RH532.PRG(183) Warning C1003  Ambiguous reference: 'NTRANSSA'
RH532.PRG(183) Warning C1003  Ambiguous reference: 'NFIMCONT'
RH532.PRG(185) Warning C1003  Ambiguous reference: 'NTOTADM'
RH532.PRG(188) Warning C1001  RETURN statement with no value in function
86 warnings                
Code size 2444, Symbols 1136, Constants 900
