312K available
Compiling RH531.PRG
RH531.PRG(14)  Warning C1003  Ambiguous reference: 'XNIVEL'
RH531.PRG(14)  Warning C1003  Ambiguous reference: 'XFLAG'
RH531.PRG(14)  Warning C1003  Ambiguous reference: 'CORDEM'
RH531.PRG(16)  Warning C1004  Ambiguous reference, assuming memvar: 'SBLOCO1'
RH531.PRG(27)  Warning C1004  Ambiguous reference, assuming memvar: 'AEDICAO'
RH531.PRG(29)  Warning C1003  Ambiguous reference: 'ANOMES'
RH531.PRG(29)  Warning C1003  Ambiguous reference: 'XANOMES'
RH531.PRG(30)  Warning C1003  Ambiguous reference: 'ANOMES'
RH531.PRG(30)  Warning C1003  Ambiguous reference: 'XANOMES'
RH531.PRG(34)  Warning C1003  Ambiguous reference: 'AEDICAO'
RH531.PRG(34)  Warning C1003  Ambiguous reference: 'CORDEM'
RH531.PRG(34)  Warning C1003  Ambiguous reference: 'SBLOCO1'
RH531.PRG(35)  Warning C1003  Ambiguous reference: 'AEDICAO'
RH531.PRG(35)  Warning C1003  Ambiguous reference: 'CMATRICULA'
RH531.PRG(36)  Warning C1003  Ambiguous reference: 'AEDICAO'
RH531.PRG(37)  Warning C1003  Ambiguous reference: 'AEDICAO'
RH531.PRG(37)  Warning C1003  Ambiguous reference: 'CCENTRO'
RH531.PRG(38)  Warning C1003  Ambiguous reference: 'AEDICAO'
RH531.PRG(39)  Warning C1003  Ambiguous reference: 'AEDICAO'
RH531.PRG(39)  Warning C1003  Ambiguous reference: 'CFILIAL'
RH531.PRG(40)  Warning C1003  Ambiguous reference: 'AEDICAO'
RH531.PRG(41)  Warning C1003  Ambiguous reference: 'AEDICAO'
RH531.PRG(41)  Warning C1003  Ambiguous reference: 'CGRUPOC'
RH531.PRG(42)  Warning C1003  Ambiguous reference: 'AEDICAO'
RH531.PRG(43)  Warning C1003  Ambiguous reference: 'AEDICAO'
RH531.PRG(43)  Warning C1003  Ambiguous reference: 'CINCSAL'
RH531.PRG(43)  Warning C1003  Ambiguous reference: 'XSN'
RH531.PRG(44)  Warning C1003  Ambiguous reference: 'AEDICAO'
RH531.PRG(44)  Warning C1003  Ambiguous reference: 'CHOMOLO'
RH531.PRG(44)  Warning C1003  Ambiguous reference: 'XSN'
RH531.PRG(49)  Warning C1004  Ambiguous reference, assuming memvar: 'XNIVEL'
RH531.PRG(50)  Warning C1004  Ambiguous reference, assuming memvar: 'XFLAG'
RH531.PRG(51)  Warning C1004  Ambiguous reference, assuming memvar: 'CMATRICULA'
RH531.PRG(52)  Warning C1004  Ambiguous reference, assuming memvar: 'CCENTRO'
RH531.PRG(53)  Warning C1004  Ambiguous reference, assuming memvar: 'CFILIAL'
RH531.PRG(54)  Warning C1004  Ambiguous reference, assuming memvar: 'CGRUPOC'
RH531.PRG(55)  Warning C1004  Ambiguous reference, assuming memvar: 'CINCSAL'
RH531.PRG(55)  Warning C1004  Ambiguous reference, assuming memvar: 'CHOMOLO'
RH531.PRG(55)  Warning C1004  Ambiguous reference, assuming memvar: 'CORDEM'
RH531.PRG(59)  Warning C1003  Ambiguous reference: 'XNIVEL'
RH531.PRG(59)  Warning C1003  Ambiguous reference: 'XNIVEL'
RH531.PRG(59)  Warning C1003  Ambiguous reference: 'AEDICAO'
RH531.PRG(60)  Warning C1004  Ambiguous reference, assuming memvar: 'AEDICAO'
RH531.PRG(60)  Warning C1003  Ambiguous reference: 'XNIVEL'
RH531.PRG(62)  Warning C1004  Ambiguous reference, assuming memvar: 'AEDICAO'
RH531.PRG(62)  Warning C1003  Ambiguous reference: 'XNIVEL'
RH531.PRG(63)  Warning C1003  Ambiguous reference: 'XFLAG'
RH531.PRG(63)  Warning C1004  Ambiguous reference, assuming memvar: 'XNIVEL'
RH531.PRG(63)  Warning C1004  Ambiguous reference, assuming memvar: 'XNIVEL'
RH531.PRG(63)  Warning C1004  Ambiguous reference, assuming memvar: 'XNIVEL'
RH531.PRG(63)  Warning C1004  Ambiguous reference, assuming memvar: 'XNIVEL'
RH531.PRG(78)  Warning C1003  Ambiguous reference: 'XNIVEL'
RH531.PRG(78)  Warning C1003  Ambiguous reference: 'CORDEM'
RH531.PRG(80)  Warning C1003  Ambiguous reference: 'CMATRICULA'
RH531.PRG(81)  Warning C1003  Ambiguous reference: 'XNIVEL'
RH531.PRG(81)  Warning C1003  Ambiguous reference: 'CMATRICULA'
RH531.PRG(81)  Warning C1004  Ambiguous reference, assuming memvar: 'CMATRICULA'
RH531.PRG(83)  Warning C1003  Ambiguous reference: 'XNIVEL'
RH531.PRG(83)  Warning C1003  Ambiguous reference: 'CMATRICULA'
RH531.PRG(85)  Warning C1003  Ambiguous reference: 'CCENTRO'
RH531.PRG(86)  Warning C1003  Ambiguous reference: 'CCENTRO'
RH531.PRG(90)  Warning C1003  Ambiguous reference: 'CCENTRO'
RH531.PRG(95)  Warning C1003  Ambiguous reference: 'XNIVEL'
RH531.PRG(95)  Warning C1003  Ambiguous reference: 'CCENTRO'
RH531.PRG(97)  Warning C1003  Ambiguous reference: 'XNIVEL'
RH531.PRG(97)  Warning C1003  Ambiguous reference: 'CFILIAL'
RH531.PRG(99)  Warning C1003  Ambiguous reference: 'XNIVEL'
RH531.PRG(99)  Warning C1003  Ambiguous reference: 'CGRUPOC'
RH531.PRG(101) Warning C1003  Ambiguous reference: 'XNIVEL'
RH531.PRG(101) Warning C1003  Ambiguous reference: 'CINCSAL'
RH531.PRG(103) Warning C1003  Ambiguous reference: 'XNIVEL'
RH531.PRG(103) Warning C1003  Ambiguous reference: 'CHOMOLO'
RH531.PRG(115) Warning C1003  Ambiguous reference: 'CCENTRO'
RH531.PRG(117) Warning C1004  Ambiguous reference, assuming memvar: 'BFILTRO'
RH531.PRG(118) Warning C1003  Ambiguous reference: 'CFILIAL'
RH531.PRG(119) Warning C1003  Ambiguous reference: 'CFILIAL'
RH531.PRG(119) Warning C1004  Ambiguous reference, assuming memvar: 'BFILTRO'
RH531.PRG(120) Warning C1003  Ambiguous reference: 'CGRUPOC'
RH531.PRG(121) Warning C1003  Ambiguous reference: 'CGRUPOC'
RH531.PRG(121) Warning C1004  Ambiguous reference, assuming memvar: 'BFILTRO'
RH531.PRG(123) Warning C1004  Ambiguous reference, assuming memvar: 'BFILTRO'
RH531.PRG(129) Warning C1003  Ambiguous reference: 'CORDEM'
RH531.PRG(130) Warning C1003  Ambiguous reference: 'CORDEM'
RH531.PRG(137) Warning C1003  Ambiguous reference: 'CBO'
RH531.PRG(138) Warning C1003  Ambiguous reference: 'CARGO'
RH531.PRG(141) Warning C1003  Ambiguous reference: 'SIND_COD'
RH531.PRG(142) Warning C1003  Ambiguous reference: 'GRPS'
RH531.PRG(143) Warning C1003  Ambiguous reference: 'FILIAL'
RH531.PRG(156) Warning C1001  RETURN statement with no value in function
RH531.PRG(158) Warning C1003  Ambiguous reference: 'CMATRICULA'
RH531.PRG(159) Warning C1003  Ambiguous reference: 'CMATRICULA'
RH531.PRG(168) Warning C1003  Ambiguous reference: 'CCENTRO'
RH531.PRG(168) Warning C1003  Ambiguous reference: 'CCENTRO'
RH531.PRG(173) Warning C1003  Ambiguous reference: 'XDATASYS'
RH531.PRG(178) Warning C1001  RETURN statement with no value in function
RH531.PRG(182) Warning C1003  Ambiguous reference: 'BFILTRO'
RH531.PRG(192) Warning C1003  Ambiguous reference: 'CMATRICULA'
RH531.PRG(198) Warning C1001  RETURN statement with no value in function
RH531.PRG(321) Warning C1003  Ambiguous reference: 'CINCSAL'
RH531.PRG(324) Warning C1001  RETURN statement with no value in function
100 warnings                
Code size 4645, Symbols 2224, Constants 2555
