238K available
Compiling RH534.PRG
RH534.PRG(14)  Warning C1003  Ambiguous reference: 'XNIVEL'
RH534.PRG(14)  Warning C1003  Ambiguous reference: 'XFLAG'
RH534.PRG(14)  Warning C1003  Ambiguous reference: 'XNIVEL'
RH534.PRG(14)  Warning C1003  Ambiguous reference: 'CTIPO'
RH534.PRG(19)  Warning C1004  Ambiguous reference, assuming memvar: 'AEDICAO'
RH534.PRG(21)  Warning C1004  Ambiguous reference, assuming memvar: 'NFALTAS'
RH534.PRG(22)  Warning C1004  Ambiguous reference, assuming memvar: 'NVIAS'
RH534.PRG(23)  Warning C1004  Ambiguous reference, assuming memvar: 'DDT_AVISO'
RH534.PRG(24)  Warning C1004  Ambiguous reference, assuming memvar: 'DDT_RECIB'
RH534.PRG(26)  Warning C1004  Ambiguous reference, assuming memvar: 'SBLOC1'
RH534.PRG(28)  Warning C1003  Ambiguous reference: 'ANOMES'
RH534.PRG(28)  Warning C1003  Ambiguous reference: 'XANOMES'
RH534.PRG(32)  Warning C1003  Ambiguous reference: 'EVENTO'
RH534.PRG(33)  Warning C1003  Ambiguous reference: 'XANOMES'
RH534.PRG(33)  Warning C1003  Ambiguous reference: 'MATRICULA'
RH534.PRG(34)  Warning C1003  Ambiguous reference: 'MATRICULA'
RH534.PRG(34)  Warning C1003  Ambiguous reference: 'XANOMES'
RH534.PRG(35)  Warning C1003  Ambiguous reference: 'CARGO'
RH534.PRG(36)  Warning C1003  Ambiguous reference: 'AF_COD'
RH534.PRG(40)  Warning C1003  Ambiguous reference: 'AEDICAO'
RH534.PRG(40)  Warning C1003  Ambiguous reference: 'CTIPO'
RH534.PRG(40)  Warning C1003  Ambiguous reference: 'SBLOC1'
RH534.PRG(41)  Warning C1003  Ambiguous reference: 'AEDICAO'
RH534.PRG(41)  Warning C1003  Ambiguous reference: 'CMATRICULA'
RH534.PRG(42)  Warning C1003  Ambiguous reference: 'AEDICAO'
RH534.PRG(43)  Warning C1003  Ambiguous reference: 'AEDICAO'
RH534.PRG(43)  Warning C1003  Ambiguous reference: 'CCENTRO'
RH534.PRG(44)  Warning C1003  Ambiguous reference: 'AEDICAO'
RH534.PRG(45)  Warning C1003  Ambiguous reference: 'AEDICAO'
RH534.PRG(45)  Warning C1003  Ambiguous reference: 'CGRUPO'
RH534.PRG(46)  Warning C1003  Ambiguous reference: 'AEDICAO'
RH534.PRG(47)  Warning C1003  Ambiguous reference: 'AEDICAO'
RH534.PRG(47)  Warning C1003  Ambiguous reference: 'DDT_AVISO'
RH534.PRG(48)  Warning C1003  Ambiguous reference: 'AEDICAO'
RH534.PRG(48)  Warning C1003  Ambiguous reference: 'DDT_RECIB'
RH534.PRG(54)  Warning C1004  Ambiguous reference, assuming memvar: 'XNIVEL'
RH534.PRG(55)  Warning C1004  Ambiguous reference, assuming memvar: 'XFLAG'
RH534.PRG(56)  Warning C1004  Ambiguous reference, assuming memvar: 'CMATRICULA'
RH534.PRG(57)  Warning C1004  Ambiguous reference, assuming memvar: 'CGRUPO'
RH534.PRG(58)  Warning C1004  Ambiguous reference, assuming memvar: 'CTIPO'
RH534.PRG(59)  Warning C1004  Ambiguous reference, assuming memvar: 'CCENTRO'
RH534.PRG(63)  Warning C1003  Ambiguous reference: 'XNIVEL'
RH534.PRG(63)  Warning C1003  Ambiguous reference: 'XNIVEL'
RH534.PRG(63)  Warning C1003  Ambiguous reference: 'AEDICAO'
RH534.PRG(64)  Warning C1004  Ambiguous reference, assuming memvar: 'AEDICAO'
RH534.PRG(64)  Warning C1003  Ambiguous reference: 'XNIVEL'
RH534.PRG(66)  Warning C1004  Ambiguous reference, assuming memvar: 'AEDICAO'
RH534.PRG(66)  Warning C1003  Ambiguous reference: 'XNIVEL'
RH534.PRG(67)  Warning C1003  Ambiguous reference: 'XFLAG'
RH534.PRG(67)  Warning C1004  Ambiguous reference, assuming memvar: 'XNIVEL'
RH534.PRG(67)  Warning C1004  Ambiguous reference, assuming memvar: 'XNIVEL'
RH534.PRG(67)  Warning C1004  Ambiguous reference, assuming memvar: 'XNIVEL'
RH534.PRG(67)  Warning C1004  Ambiguous reference, assuming memvar: 'XNIVEL'
RH534.PRG(70)  Warning C1003  Ambiguous reference: 'CCENTRO'
RH534.PRG(75)  Warning C1003  Ambiguous reference: 'CMATRICULA'
RH534.PRG(75)  Warning C1003  Ambiguous reference: 'CGRUPO'
RH534.PRG(85)  Warning C1003  Ambiguous reference: 'XFLAG'
RH534.PRG(88)  Warning C1003  Ambiguous reference: 'XNIVEL'
RH534.PRG(88)  Warning C1003  Ambiguous reference: 'CTIPO'
RH534.PRG(90)  Warning C1003  Ambiguous reference: 'CMATRICULA'
RH534.PRG(91)  Warning C1003  Ambiguous reference: 'XNIVEL'
RH534.PRG(91)  Warning C1003  Ambiguous reference: 'CMATRICULA'
RH534.PRG(91)  Warning C1004  Ambiguous reference, assuming memvar: 'CMATRICULA'
RH534.PRG(92)  Warning C1003  Ambiguous reference: 'CMATRICULA'
RH534.PRG(92)  Warning C1003  Ambiguous reference: 'CMATRICULA'
RH534.PRG(100) Warning C1003  Ambiguous reference: 'XNIVEL'
RH534.PRG(103) Warning C1003  Ambiguous reference: 'CGRUPO'
RH534.PRG(104) Warning C1003  Ambiguous reference: 'CGRUPO'
RH534.PRG(108) Warning C1003  Ambiguous reference: 'XNIVEL'
RH534.PRG(113) Warning C1003  Ambiguous reference: 'CCENTRO'
RH534.PRG(114) Warning C1003  Ambiguous reference: 'CCENTRO'
RH534.PRG(118) Warning C1003  Ambiguous reference: 'XNIVEL'
RH534.PRG(123) Warning C1003  Ambiguous reference: 'CTIPO'
RH534.PRG(123) Warning C1003  Ambiguous reference: 'CCENTRO'
RH534.PRG(124) Warning C1004  Ambiguous reference, assuming memvar: 'XNIVEL'
RH534.PRG(124) Warning C1004  Ambiguous reference, assuming memvar: 'XNIVEL'
RH534.PRG(125) Warning C1003  Ambiguous reference: 'NVIAS'
RH534.PRG(138) Warning C1001  RETURN statement with no value in function
RH534.PRG(140) Warning C1003  Ambiguous reference: 'CGRUPO'
RH534.PRG(141) Warning C1003  Ambiguous reference: 'CGRUPO'
RH534.PRG(142) Warning C1003  Ambiguous reference: 'CGRUPO'
RH534.PRG(143) Warning C1003  Ambiguous reference: 'CMATRICULA'
RH534.PRG(145) Warning C1003  Ambiguous reference: 'CTIPO'
RH534.PRG(148) Warning C1004  Ambiguous reference, assuming memvar: 'NCONT'
RH534.PRG(148) Warning C1004  Ambiguous reference, assuming memvar: 'NCONT'
RH534.PRG(148) Warning C1004  Ambiguous reference, assuming memvar: 'NCONT'
RH534.PRG(148) Warning C1003  Ambiguous reference: 'NCONT'
RH534.PRG(148) Warning C1003  Ambiguous reference: 'NVIAS'
RH534.PRG(156) Warning C1003  Ambiguous reference: 'CMATRICULA'
RH534.PRG(156) Warning C1003  Ambiguous reference: 'CMATRICULA'
RH534.PRG(158) Warning C1003  Ambiguous reference: 'CTIPO'
RH534.PRG(161) Warning C1004  Ambiguous reference, assuming memvar: 'NCONT'
RH534.PRG(161) Warning C1004  Ambiguous reference, assuming memvar: 'NCONT'
RH534.PRG(161) Warning C1004  Ambiguous reference, assuming memvar: 'NCONT'
RH534.PRG(161) Warning C1003  Ambiguous reference: 'NCONT'
RH534.PRG(161) Warning C1003  Ambiguous reference: 'NVIAS'
RH534.PRG(162) Warning C1003  Ambiguous reference: 'XCOD_PRN'
RH534.PRG(174) Warning C1001  RETURN statement with no value in function
RH534.PRG(180) Warning C1004  Ambiguous reference, assuming memvar: 'NTOTDESC'
RH534.PRG(180) Warning C1004  Ambiguous reference, assuming memvar: 'NTOTPROV'
RH534.PRG(180) Warning C1004  Ambiguous reference, assuming memvar: 'NABONO'
RH534.PRG(181) Warning C1003  Ambiguous reference: 'XANOMES'
RH534.PRG(187) Warning C1003  Ambiguous reference: 'XCOND1'
RH534.PRG(218) Warning C1004  Ambiguous reference, assuming memvar: 'NFALTAS'
RH534.PRG(221) Warning C1004  Ambiguous reference, assuming memvar: 'NFALTAS'
RH534.PRG(224) Warning C1003  Ambiguous reference: 'NFALTAS'
RH534.PRG(236) Warning C1004  Ambiguous reference, assuming memvar: 'NABONO'
RH534.PRG(236) Warning C1004  Ambiguous reference, assuming memvar: 'NABONO'
RH534.PRG(241) Warning C1003  Ambiguous reference: 'NABONO'
RH534.PRG(272) Warning C1003  Ambiguous reference: 'DDT_AVISO'
RH534.PRG(286) Warning C1003  Ambiguous reference: 'DDT_RECIB'
RH534.PRG(291) Warning C1001  RETURN statement with no value in function
RH534.PRG(297) Warning C1004  Ambiguous reference, assuming memvar: 'NTOTDESC'
RH534.PRG(297) Warning C1004  Ambiguous reference, assuming memvar: 'NTOTPROV'
RH534.PRG(297) Warning C1004  Ambiguous reference, assuming memvar: 'NABONO'
RH534.PRG(298) Warning C1003  Ambiguous reference: 'XANOMES'
RH534.PRG(302) Warning C1004  Ambiguous reference, assuming memvar: 'NCONTD'
RH534.PRG(303) Warning C1004  Ambiguous reference, assuming memvar: 'LPROV'
RH534.PRG(312) Warning C1003  Ambiguous reference: 'XCOND1'
RH534.PRG(313) Warning C1003  Ambiguous reference: 'XAENFAT'
RH534.PRG(313) Warning C1003  Ambiguous reference: 'XCOND0'
RH534.PRG(313) Warning C1003  Ambiguous reference: 'XAEXPAN'
RH534.PRG(313) Warning C1003  Ambiguous reference: 'XDEXPAN'
RH534.PRG(313) Warning C1003  Ambiguous reference: 'XCOND1'
RH534.PRG(316) Warning C1003  Ambiguous reference: 'XCOND0'
RH534.PRG(316) Warning C1003  Ambiguous reference: 'XAEXPAN'
RH534.PRG(316) Warning C1003  Ambiguous reference: 'XDEXPAN'
RH534.PRG(316) Warning C1003  Ambiguous reference: 'XCOND1'
RH534.PRG(322) Warning C1003  Ambiguous reference: 'XCOND0'
RH534.PRG(322) Warning C1003  Ambiguous reference: 'XAEXPAN'
RH534.PRG(322) Warning C1003  Ambiguous reference: 'XDEXPAN'
RH534.PRG(322) Warning C1003  Ambiguous reference: 'XCOND1'
RH534.PRG(322) Warning C1003  Ambiguous reference: 'XDENFAT'
RH534.PRG(324) Warning C1003  Ambiguous reference: 'XCOND0'
RH534.PRG(324) Warning C1003  Ambiguous reference: 'XCOND1'
RH534.PRG(325) Warning C1003  Ambiguous reference: 'XCOND0'
RH534.PRG(325) Warning C1003  Ambiguous reference: 'XCOND1'
RH534.PRG(325) Warning C1003  Ambiguous reference: 'XCOND0'
RH534.PRG(325) Warning C1003  Ambiguous reference: 'XCOND1'
RH534.PRG(328) Warning C1003  Ambiguous reference: 'XCOND0'
RH534.PRG(328) Warning C1003  Ambiguous reference: 'XCOND1'
RH534.PRG(329) Warning C1003  Ambiguous reference: 'XCOND0'
RH534.PRG(329) Warning C1003  Ambiguous reference: 'XCOND1'
RH534.PRG(334) Warning C1003  Ambiguous reference: 'XCOND0'
RH534.PRG(334) Warning C1003  Ambiguous reference: 'XCOND1'
RH534.PRG(338) Warning C1003  Ambiguous reference: 'XCOND0'
RH534.PRG(338) Warning C1003  Ambiguous reference: 'XCOND1'
RH534.PRG(340) Warning C1003  Ambiguous reference: 'XCOND0'
RH534.PRG(340) Warning C1003  Ambiguous reference: 'XCOND1'
RH534.PRG(345) Warning C1003  Ambiguous reference: 'XAENFAT'
RH534.PRG(345) Warning C1003  Ambiguous reference: 'XCOND0'
RH534.PRG(345) Warning C1003  Ambiguous reference: 'XAEXPAN'
RH534.PRG(345) Warning C1003  Ambiguous reference: 'XDEXPAN'
RH534.PRG(345) Warning C1003  Ambiguous reference: 'XCOND1'
RH534.PRG(345) Warning C1003  Ambiguous reference: 'XDENFAT'
RH534.PRG(348) Warning C1004  Ambiguous reference, assuming memvar: 'NFALTAS'
RH534.PRG(350) Warning C1003  Ambiguous reference: 'XANOMES'
RH534.PRG(351) Warning C1004  Ambiguous reference, assuming memvar: 'NFALTAS'
RH534.PRG(354) Warning C1003  Ambiguous reference: 'XANOMES'
RH534.PRG(355) Warning C1004  Ambiguous reference, assuming memvar: 'NFERIAS'
RH534.PRG(358) Warning C1003  Ambiguous reference: 'XCOND0'
RH534.PRG(358) Warning C1003  Ambiguous reference: 'NFALTAS'
RH534.PRG(358) Warning C1003  Ambiguous reference: 'XCOND1'
RH534.PRG(359) Warning C1003  Ambiguous reference: 'XCOND0'
RH534.PRG(359) Warning C1003  Ambiguous reference: 'XCOND1'
RH534.PRG(360) Warning C1003  Ambiguous reference: 'XCOND0'
RH534.PRG(360) Warning C1003  Ambiguous reference: 'NFERIAS'
RH534.PRG(360) Warning C1003  Ambiguous reference: 'XCOND1'
RH534.PRG(362) Warning C1003  Ambiguous reference: 'XAENFAT'
RH534.PRG(362) Warning C1003  Ambiguous reference: 'XCOND0'
RH534.PRG(362) Warning C1003  Ambiguous reference: 'XAEXPAN'
RH534.PRG(362) Warning C1003  Ambiguous reference: 'XDEXPAN'
RH534.PRG(362) Warning C1003  Ambiguous reference: 'XCOND1'
RH534.PRG(363) Warning C1003  Ambiguous reference: 'XCOND0'
RH534.PRG(363) Warning C1003  Ambiguous reference: 'XAEXPAN'
RH534.PRG(363) Warning C1003  Ambiguous reference: 'XDEXPAN'
RH534.PRG(363) Warning C1003  Ambiguous reference: 'XCOND1'
RH534.PRG(363) Warning C1003  Ambiguous reference: 'XDENFAT'
RH534.PRG(368) Warning C1003  Ambiguous reference: 'XANOMES'
RH534.PRG(370) Warning C1003  Ambiguous reference: 'XANOMES'
RH534.PRG(385) Warning C1003  Ambiguous reference: 'LPROV'
RH534.PRG(396) Warning C1004  Ambiguous reference, assuming memvar: 'LPROV'
RH534.PRG(399) Warning C1003  Ambiguous reference: 'NCONTD'
RH534.PRG(400) Warning C1003  Ambiguous reference: 'NCONTD'
RH534.PRG(401) Warning C1003  Ambiguous reference: 'NCONTD'
RH534.PRG(402) Warning C1003  Ambiguous reference: 'NCONTD'
RH534.PRG(403) Warning C1003  Ambiguous reference: 'NCONTD'
RH534.PRG(404) Warning C1004  Ambiguous reference, assuming memvar: 'NCONTD'
RH534.PRG(404) Warning C1004  Ambiguous reference, assuming memvar: 'NCONTD'
RH534.PRG(414) Warning C1003  Ambiguous reference: 'XCOND0'
RH534.PRG(414) Warning C1003  Ambiguous reference: 'XCOND1'
RH534.PRG(415) Warning C1003  Ambiguous reference: 'XCOND0'
RH534.PRG(415) Warning C1003  Ambiguous reference: 'XCOND1'
RH534.PRG(427) Warning C1003  Ambiguous reference: 'XCOND0'
RH534.PRG(427) Warning C1003  Ambiguous reference: 'XCOND1'
RH534.PRG(433) Warning C1003  Ambiguous reference: 'DDT_AVISO'
RH534.PRG(439) Warning C1003  Ambiguous reference: 'XAENFAT'
RH534.PRG(439) Warning C1003  Ambiguous reference: 'XCOND0'
RH534.PRG(439) Warning C1003  Ambiguous reference: 'XAEXPAN'
RH534.PRG(439) Warning C1003  Ambiguous reference: 'XDEXPAN'
RH534.PRG(439) Warning C1003  Ambiguous reference: 'XCOND1'
RH534.PRG(440) Warning C1003  Ambiguous reference: 'XDENFAT'
RH534.PRG(444) Warning C1003  Ambiguous reference: 'XCOND0'
RH534.PRG(444) Warning C1003  Ambiguous reference: 'XCOND1'
RH534.PRG(451) Warning C1003  Ambiguous reference: 'DDT_RECIB'
RH534.PRG(458) Warning C1003  Ambiguous reference: 'XAENFAT'
RH534.PRG(459) Warning C1003  Ambiguous reference: 'XDENFAT'
RH534.PRG(464) Warning C1001  RETURN statement with no value in function
RH534.PRG(467) Warning C1004  Ambiguous reference, assuming memvar: 'NTOTDESC'
RH534.PRG(467) Warning C1004  Ambiguous reference, assuming memvar: 'NTOTPROV'
RH534.PRG(467) Warning C1004  Ambiguous reference, assuming memvar: 'NABONO'
RH534.PRG(468) Warning C1003  Ambiguous reference: 'XANOMES'
RH534.PRG(472) Warning C1004  Ambiguous reference, assuming memvar: 'NCONTD'
RH534.PRG(473) Warning C1004  Ambiguous reference, assuming memvar: 'LPROV'
RH534.PRG(482) Warning C1003  Ambiguous reference: 'XCOND1'
RH534.PRG(483) Warning C1003  Ambiguous reference: 'XAENFAT'
RH534.PRG(483) Warning C1003  Ambiguous reference: 'XCOND0'
RH534.PRG(483) Warning C1003  Ambiguous reference: 'XAEXPAN'
RH534.PRG(483) Warning C1003  Ambiguous reference: 'XDEXPAN'
RH534.PRG(483) Warning C1003  Ambiguous reference: 'XCOND1'
RH534.PRG(486) Warning C1003  Ambiguous reference: 'XCOND0'
RH534.PRG(486) Warning C1003  Ambiguous reference: 'XAEXPAN'
RH534.PRG(486) Warning C1003  Ambiguous reference: 'XDEXPAN'
RH534.PRG(486) Warning C1003  Ambiguous reference: 'XCOND1'
RH534.PRG(492) Warning C1003  Ambiguous reference: 'XCOND0'
RH534.PRG(492) Warning C1003  Ambiguous reference: 'XAEXPAN'
RH534.PRG(492) Warning C1003  Ambiguous reference: 'XDEXPAN'
RH534.PRG(492) Warning C1003  Ambiguous reference: 'XCOND1'
RH534.PRG(492) Warning C1003  Ambiguous reference: 'XDENFAT'
RH534.PRG(494) Warning C1003  Ambiguous reference: 'XCOND0'
RH534.PRG(494) Warning C1003  Ambiguous reference: 'XCOND1'
RH534.PRG(495) Warning C1003  Ambiguous reference: 'XCOND0'
RH534.PRG(495) Warning C1003  Ambiguous reference: 'XCOND1'
RH534.PRG(495) Warning C1003  Ambiguous reference: 'XCOND0'
RH534.PRG(495) Warning C1003  Ambiguous reference: 'XCOND1'
RH534.PRG(498) Warning C1003  Ambiguous reference: 'XCOND0'
RH534.PRG(498) Warning C1003  Ambiguous reference: 'XCOND1'
RH534.PRG(499) Warning C1003  Ambiguous reference: 'XCOND0'
RH534.PRG(499) Warning C1003  Ambiguous reference: 'XCOND1'
RH534.PRG(515) Warning C1003  Ambiguous reference: 'XAENFAT'
RH534.PRG(515) Warning C1003  Ambiguous reference: 'XCOND0'
RH534.PRG(515) Warning C1003  Ambiguous reference: 'XAEXPAN'
RH534.PRG(515) Warning C1003  Ambiguous reference: 'XDEXPAN'
RH534.PRG(515) Warning C1003  Ambiguous reference: 'XCOND1'
RH534.PRG(515) Warning C1003  Ambiguous reference: 'XDENFAT'
RH534.PRG(518) Warning C1004  Ambiguous reference, assuming memvar: 'NFALTAS'
RH534.PRG(520) Warning C1003  Ambiguous reference: 'XANOMES'
RH534.PRG(521) Warning C1004  Ambiguous reference, assuming memvar: 'NFALTAS'
RH534.PRG(524) Warning C1003  Ambiguous reference: 'XANOMES'
RH534.PRG(525) Warning C1004  Ambiguous reference, assuming memvar: 'NFERIAS'
RH534.PRG(528) Warning C1003  Ambiguous reference: 'XCOND0'
RH534.PRG(528) Warning C1003  Ambiguous reference: 'NFALTAS'
RH534.PRG(528) Warning C1003  Ambiguous reference: 'XCOND1'
RH534.PRG(529) Warning C1003  Ambiguous reference: 'XCOND0'
RH534.PRG(529) Warning C1003  Ambiguous reference: 'XCOND1'
RH534.PRG(530) Warning C1003  Ambiguous reference: 'XCOND0'
RH534.PRG(530) Warning C1003  Ambiguous reference: 'NFERIAS'
RH534.PRG(530) Warning C1003  Ambiguous reference: 'XCOND1'
RH534.PRG(532) Warning C1003  Ambiguous reference: 'XAENFAT'
RH534.PRG(532) Warning C1003  Ambiguous reference: 'XCOND0'
RH534.PRG(532) Warning C1003  Ambiguous reference: 'XAEXPAN'
RH534.PRG(532) Warning C1003  Ambiguous reference: 'XDEXPAN'
RH534.PRG(532) Warning C1003  Ambiguous reference: 'XCOND1'
RH534.PRG(533) Warning C1003  Ambiguous reference: 'XCOND0'
RH534.PRG(533) Warning C1003  Ambiguous reference: 'XAEXPAN'
RH534.PRG(533) Warning C1003  Ambiguous reference: 'XDEXPAN'
RH534.PRG(533) Warning C1003  Ambiguous reference: 'XCOND1'
RH534.PRG(533) Warning C1003  Ambiguous reference: 'XDENFAT'
RH534.PRG(538) Warning C1003  Ambiguous reference: 'XANOMES'
RH534.PRG(540) Warning C1003  Ambiguous reference: 'XANOMES'
RH534.PRG(555) Warning C1003  Ambiguous reference: 'LPROV'
RH534.PRG(566) Warning C1004  Ambiguous reference, assuming memvar: 'LPROV'
RH534.PRG(569) Warning C1003  Ambiguous reference: 'NCONTD'
RH534.PRG(570) Warning C1003  Ambiguous reference: 'NCONTD'
RH534.PRG(571) Warning C1003  Ambiguous reference: 'NCONTD'
RH534.PRG(572) Warning C1003  Ambiguous reference: 'NCONTD'
RH534.PRG(573) Warning C1003  Ambiguous reference: 'NCONTD'
RH534.PRG(574) Warning C1004  Ambiguous reference, assuming memvar: 'NCONTD'
RH534.PRG(574) Warning C1004  Ambiguous reference, assuming memvar: 'NCONTD'
RH534.PRG(584) Warning C1003  Ambiguous reference: 'XCOND0'
RH534.PRG(584) Warning C1003  Ambiguous reference: 'XCOND1'
RH534.PRG(585) Warning C1003  Ambiguous reference: 'XCOND0'
RH534.PRG(585) Warning C1003  Ambiguous reference: 'XCOND1'
RH534.PRG(603) Warning C1003  Ambiguous reference: 'DDT_AVISO'
RH534.PRG(609) Warning C1003  Ambiguous reference: 'XAENFAT'
RH534.PRG(609) Warning C1003  Ambiguous reference: 'XCOND0'
RH534.PRG(609) Warning C1003  Ambiguous reference: 'XAEXPAN'
RH534.PRG(609) Warning C1003  Ambiguous reference: 'XDEXPAN'
RH534.PRG(609) Warning C1003  Ambiguous reference: 'XCOND1'
RH534.PRG(609) Warning C1003  Ambiguous reference: 'XCOND2'
RH534.PRG(609) Warning C1003  Ambiguous reference: 'XCOND1'
RH534.PRG(610) Warning C1003  Ambiguous reference: 'XDENFAT'
RH534.PRG(621) Warning C1003  Ambiguous reference: 'DDT_RECIB'
RH534.PRG(628) Warning C1003  Ambiguous reference: 'XAENFAT'
RH534.PRG(629) Warning C1003  Ambiguous reference: 'XDENFAT'
RH534.PRG(634) Warning C1001  RETURN statement with no value in function
RH534.PRG(660) Warning C1004  Ambiguous reference, assuming memvar: 'NTOTDESC'
RH534.PRG(660) Warning C1004  Ambiguous reference, assuming memvar: 'NTOTPROV'
RH534.PRG(660) Warning C1004  Ambiguous reference, assuming memvar: 'NABONO'
RH534.PRG(661) Warning C1003  Ambiguous reference: 'XANOMES'
RH534.PRG(664) Warning C1004  Ambiguous reference, assuming memvar: 'NCONTD'
RH534.PRG(665) Warning C1004  Ambiguous reference, assuming memvar: 'LPROV'
RH534.PRG(674) Warning C1003  Ambiguous reference: 'CCENTRO'
RH534.PRG(685) Warning C1003  Ambiguous reference: 'XCOND1'
RH534.PRG(686) Warning C1003  Ambiguous reference: 'XAENFAT'
RH534.PRG(686) Warning C1003  Ambiguous reference: 'XCOND0'
RH534.PRG(686) Warning C1003  Ambiguous reference: 'XAEXPAN'
RH534.PRG(686) Warning C1003  Ambiguous reference: 'XDEXPAN'
RH534.PRG(686) Warning C1003  Ambiguous reference: 'XCOND1'
RH534.PRG(689) Warning C1003  Ambiguous reference: 'XCOND0'
RH534.PRG(689) Warning C1003  Ambiguous reference: 'XAEXPAN'
RH534.PRG(689) Warning C1003  Ambiguous reference: 'XDEXPAN'
RH534.PRG(689) Warning C1003  Ambiguous reference: 'XCOND1'
RH534.PRG(695) Warning C1003  Ambiguous reference: 'XCOND0'
RH534.PRG(695) Warning C1003  Ambiguous reference: 'XAEXPAN'
RH534.PRG(695) Warning C1003  Ambiguous reference: 'XDEXPAN'
RH534.PRG(695) Warning C1003  Ambiguous reference: 'XCOND1'
RH534.PRG(695) Warning C1003  Ambiguous reference: 'XDENFAT'
RH534.PRG(695) Warning C1003  Ambiguous reference: 'XCOND1'
RH534.PRG(697) Warning C1003  Ambiguous reference: 'XCOND0'
RH534.PRG(697) Warning C1003  Ambiguous reference: 'XCOND1'
RH534.PRG(698) Warning C1003  Ambiguous reference: 'XCOND0'
RH534.PRG(698) Warning C1003  Ambiguous reference: 'XCOND1'
RH534.PRG(698) Warning C1003  Ambiguous reference: 'XCOND0'
RH534.PRG(698) Warning C1003  Ambiguous reference: 'XCOND1'
RH534.PRG(701) Warning C1003  Ambiguous reference: 'XCOND0'
RH534.PRG(701) Warning C1003  Ambiguous reference: 'XCOND1'
RH534.PRG(702) Warning C1003  Ambiguous reference: 'XCOND0'
RH534.PRG(702) Warning C1003  Ambiguous reference: 'XCOND1'
RH534.PRG(707) Warning C1003  Ambiguous reference: 'XCOND0'
RH534.PRG(707) Warning C1003  Ambiguous reference: 'XCOND1'
RH534.PRG(711) Warning C1003  Ambiguous reference: 'XCOND0'
RH534.PRG(711) Warning C1003  Ambiguous reference: 'XCOND1'
RH534.PRG(713) Warning C1003  Ambiguous reference: 'XCOND0'
RH534.PRG(713) Warning C1003  Ambiguous reference: 'XCOND1'
RH534.PRG(718) Warning C1003  Ambiguous reference: 'XAENFAT'
RH534.PRG(718) Warning C1003  Ambiguous reference: 'XCOND0'
RH534.PRG(718) Warning C1003  Ambiguous reference: 'XAEXPAN'
RH534.PRG(718) Warning C1003  Ambiguous reference: 'XDEXPAN'
RH534.PRG(718) Warning C1003  Ambiguous reference: 'XCOND1'
RH534.PRG(718) Warning C1003  Ambiguous reference: 'XDENFAT'
RH534.PRG(721) Warning C1004  Ambiguous reference, assuming memvar: 'NFALTAS'
RH534.PRG(723) Warning C1003  Ambiguous reference: 'XANOMES'
RH534.PRG(724) Warning C1004  Ambiguous reference, assuming memvar: 'NFALTAS'
RH534.PRG(727) Warning C1003  Ambiguous reference: 'XCOND0'
RH534.PRG(727) Warning C1003  Ambiguous reference: 'NFALTAS'
RH534.PRG(727) Warning C1003  Ambiguous reference: 'XCOND1'
RH534.PRG(728) Warning C1003  Ambiguous reference: 'XCOND0'
RH534.PRG(728) Warning C1003  Ambiguous reference: 'XCOND1'
RH534.PRG(729) Warning C1003  Ambiguous reference: 'XCOND0'
RH534.PRG(729) Warning C1003  Ambiguous reference: 'XCOND1'
RH534.PRG(731) Warning C1003  Ambiguous reference: 'XAENFAT'
RH534.PRG(731) Warning C1003  Ambiguous reference: 'XCOND0'
RH534.PRG(731) Warning C1003  Ambiguous reference: 'XAEXPAN'
RH534.PRG(731) Warning C1003  Ambiguous reference: 'XDEXPAN'
RH534.PRG(731) Warning C1003  Ambiguous reference: 'XCOND1'
RH534.PRG(732) Warning C1003  Ambiguous reference: 'XCOND0'
RH534.PRG(732) Warning C1003  Ambiguous reference: 'XAEXPAN'
RH534.PRG(732) Warning C1003  Ambiguous reference: 'XDEXPAN'
RH534.PRG(732) Warning C1003  Ambiguous reference: 'XCOND1'
RH534.PRG(732) Warning C1003  Ambiguous reference: 'XDENFAT'
RH534.PRG(737) Warning C1003  Ambiguous reference: 'XANOMES'
RH534.PRG(739) Warning C1003  Ambiguous reference: 'XANOMES'
RH534.PRG(754) Warning C1003  Ambiguous reference: 'LPROV'
RH534.PRG(765) Warning C1004  Ambiguous reference, assuming memvar: 'LPROV'
RH534.PRG(768) Warning C1003  Ambiguous reference: 'NCONTD'
RH534.PRG(769) Warning C1003  Ambiguous reference: 'NCONTD'
RH534.PRG(770) Warning C1003  Ambiguous reference: 'NCONTD'
RH534.PRG(771) Warning C1003  Ambiguous reference: 'NCONTD'
RH534.PRG(772) Warning C1003  Ambiguous reference: 'NCONTD'
RH534.PRG(773) Warning C1004  Ambiguous reference, assuming memvar: 'NCONTD'
RH534.PRG(773) Warning C1004  Ambiguous reference, assuming memvar: 'NCONTD'
RH534.PRG(783) Warning C1003  Ambiguous reference: 'XCOND0'
RH534.PRG(783) Warning C1003  Ambiguous reference: 'XCOND1'
RH534.PRG(784) Warning C1003  Ambiguous reference: 'XCOND0'
RH534.PRG(784) Warning C1003  Ambiguous reference: 'XCOND1'
RH534.PRG(796) Warning C1003  Ambiguous reference: 'XCOND0'
RH534.PRG(796) Warning C1003  Ambiguous reference: 'XCOND1'
RH534.PRG(802) Warning C1003  Ambiguous reference: 'DDT_AVISO'
RH534.PRG(808) Warning C1003  Ambiguous reference: 'XAENFAT'
RH534.PRG(808) Warning C1003  Ambiguous reference: 'XCOND0'
RH534.PRG(808) Warning C1003  Ambiguous reference: 'XAEXPAN'
RH534.PRG(808) Warning C1003  Ambiguous reference: 'XDEXPAN'
RH534.PRG(808) Warning C1003  Ambiguous reference: 'XCOND1'
RH534.PRG(809) Warning C1003  Ambiguous reference: 'XDENFAT'
RH534.PRG(813) Warning C1003  Ambiguous reference: 'XCOND0'
RH534.PRG(813) Warning C1003  Ambiguous reference: 'XCOND1'
RH534.PRG(821) Warning C1003  Ambiguous reference: 'DDT_RECIB'
RH534.PRG(828) Warning C1003  Ambiguous reference: 'XAENFAT'
RH534.PRG(829) Warning C1003  Ambiguous reference: 'XDENFAT'
RH534.PRG(840) Warning C1001  RETURN statement with no value in function
391 warnings                
Code size 11769, Symbols 1680, Constants 11687
