238K available
Compiling RH533.PRG
RH533.PRG(14)  Warning C1003  Ambiguous reference: 'XNIVEL'
RH533.PRG(14)  Warning C1003  Ambiguous reference: 'XFLAG'
RH533.PRG(14)  Warning C1003  Ambiguous reference: 'XNIVEL'
RH533.PRG(16)  Warning C1004  Ambiguous reference, assuming memvar: 'SBLOCO1'
RH533.PRG(21)  Warning C1004  Ambiguous reference, assuming memvar: 'NVIAS'
RH533.PRG(22)  Warning C1004  Ambiguous reference, assuming memvar: 'NPERC'
RH533.PRG(23)  Warning C1004  Ambiguous reference, assuming memvar: 'AEDICAO'
RH533.PRG(24)  Warning C1004  Ambiguous reference, assuming memvar: 'NBASEIS'
RH533.PRG(25)  Warning C1004  Ambiguous reference, assuming memvar: 'NBASEIR'
RH533.PRG(26)  Warning C1004  Ambiguous reference, assuming memvar: 'NBASEFG'
RH533.PRG(27)  Warning C1004  Ambiguous reference, assuming memvar: 'DDT_HOMO'
RH533.PRG(28)  Warning C1004  Ambiguous reference, assuming memvar: 'DPGTO'
RH533.PRG(29)  Warning C1004  Ambiguous reference, assuming memvar: 'CPREP'
RH533.PRG(30)  Warning C1004  Ambiguous reference, assuming memvar: 'NFILE'
RH533.PRG(32)  Warning C1003  Ambiguous reference: 'ANOMES'
RH533.PRG(32)  Warning C1003  Ambiguous reference: 'XANOMES'
RH533.PRG(36)  Warning C1003  Ambiguous reference: 'EVENTO'
RH533.PRG(37)  Warning C1003  Ambiguous reference: 'XANOMES'
RH533.PRG(37)  Warning C1003  Ambiguous reference: 'MATRICULA'
RH533.PRG(38)  Warning C1003  Ambiguous reference: 'MATRICULA'
RH533.PRG(38)  Warning C1003  Ambiguous reference: 'XANOMES'
RH533.PRG(39)  Warning C1003  Ambiguous reference: 'CARGO'
RH533.PRG(40)  Warning C1003  Ambiguous reference: 'AF_COD'
RH533.PRG(41)  Warning C1003  Ambiguous reference: 'SIND_COD'
RH533.PRG(45)  Warning C1003  Ambiguous reference: 'AEDICAO'
RH533.PRG(45)  Warning C1003  Ambiguous reference: 'CMATRICULA'
RH533.PRG(46)  Warning C1003  Ambiguous reference: 'AEDICAO'
RH533.PRG(47)  Warning C1003  Ambiguous reference: 'AEDICAO'
RH533.PRG(47)  Warning C1003  Ambiguous reference: 'CGRUPO'
RH533.PRG(48)  Warning C1003  Ambiguous reference: 'AEDICAO'
RH533.PRG(49)  Warning C1003  Ambiguous reference: 'AEDICAO'
RH533.PRG(49)  Warning C1003  Ambiguous reference: 'CPREP'
RH533.PRG(50)  Warning C1003  Ambiguous reference: 'AEDICAO'
RH533.PRG(50)  Warning C1003  Ambiguous reference: 'CTIPOREL'
RH533.PRG(50)  Warning C1003  Ambiguous reference: 'SBLOCO1'
RH533.PRG(51)  Warning C1003  Ambiguous reference: 'AEDICAO'
RH533.PRG(51)  Warning C1003  Ambiguous reference: 'DDT_HOMO'
RH533.PRG(52)  Warning C1003  Ambiguous reference: 'AEDICAO'
RH533.PRG(52)  Warning C1003  Ambiguous reference: 'DPGTO'
RH533.PRG(57)  Warning C1004  Ambiguous reference, assuming memvar: 'XNIVEL'
RH533.PRG(58)  Warning C1004  Ambiguous reference, assuming memvar: 'XFLAG'
RH533.PRG(59)  Warning C1004  Ambiguous reference, assuming memvar: 'CTIPOREL'
RH533.PRG(60)  Warning C1004  Ambiguous reference, assuming memvar: 'CMATRICULA'
RH533.PRG(61)  Warning C1004  Ambiguous reference, assuming memvar: 'CGRUPO'
RH533.PRG(62)  Warning C1004  Ambiguous reference, assuming memvar: 'CPREP'
RH533.PRG(63)  Warning C1004  Ambiguous reference, assuming memvar: 'DPGTO'
RH533.PRG(66)  Warning C1003  Ambiguous reference: 'XNIVEL'
RH533.PRG(66)  Warning C1003  Ambiguous reference: 'XNIVEL'
RH533.PRG(66)  Warning C1003  Ambiguous reference: 'AEDICAO'
RH533.PRG(67)  Warning C1004  Ambiguous reference, assuming memvar: 'AEDICAO'
RH533.PRG(67)  Warning C1003  Ambiguous reference: 'XNIVEL'
RH533.PRG(69)  Warning C1004  Ambiguous reference, assuming memvar: 'AEDICAO'
RH533.PRG(69)  Warning C1003  Ambiguous reference: 'XNIVEL'
RH533.PRG(70)  Warning C1003  Ambiguous reference: 'XFLAG'
RH533.PRG(70)  Warning C1004  Ambiguous reference, assuming memvar: 'XNIVEL'
RH533.PRG(70)  Warning C1004  Ambiguous reference, assuming memvar: 'XNIVEL'
RH533.PRG(70)  Warning C1004  Ambiguous reference, assuming memvar: 'XNIVEL'
RH533.PRG(70)  Warning C1004  Ambiguous reference, assuming memvar: 'XNIVEL'
RH533.PRG(73)  Warning C1003  Ambiguous reference: 'CMATRICULA'
RH533.PRG(73)  Warning C1003  Ambiguous reference: 'CGRUPO'
RH533.PRG(85)  Warning C1003  Ambiguous reference: 'CMATRICULA'
RH533.PRG(86)  Warning C1003  Ambiguous reference: 'XNIVEL'
RH533.PRG(86)  Warning C1003  Ambiguous reference: 'CMATRICULA'
RH533.PRG(86)  Warning C1004  Ambiguous reference, assuming memvar: 'CMATRICULA'
RH533.PRG(87)  Warning C1003  Ambiguous reference: 'CMATRICULA'
RH533.PRG(92)  Warning C1003  Ambiguous reference: 'XANOMES'
RH533.PRG(99)  Warning C1004  Ambiguous reference, assuming memvar: 'CMATRICULA'
RH533.PRG(102) Warning C1003  Ambiguous reference: 'XNIVEL'
RH533.PRG(104) Warning C1004  Ambiguous reference, assuming memvar: 'XNIVEL'
RH533.PRG(104) Warning C1004  Ambiguous reference, assuming memvar: 'XNIVEL'
RH533.PRG(107) Warning C1003  Ambiguous reference: 'CGRUPO'
RH533.PRG(108) Warning C1003  Ambiguous reference: 'CGRUPO'
RH533.PRG(112) Warning C1003  Ambiguous reference: 'XNIVEL'
RH533.PRG(116) Warning C1003  Ambiguous reference: 'CTIPOREL'
RH533.PRG(117) Warning C1003  Ambiguous reference: 'XNIVEL'
RH533.PRG(117) Warning C1003  Ambiguous reference: 'CTIPOREL'
RH533.PRG(120) Warning C1003  Ambiguous reference: 'CTIPOREL'
RH533.PRG(121) Warning C1004  Ambiguous reference, assuming memvar: 'XNIVEL'
RH533.PRG(121) Warning C1004  Ambiguous reference, assuming memvar: 'XNIVEL'
RH533.PRG(122) Warning C1003  Ambiguous reference: 'NVIAS'
RH533.PRG(123) Warning C1004  Ambiguous reference, assuming memvar: 'XNIVEL'
RH533.PRG(123) Warning C1004  Ambiguous reference, assuming memvar: 'XNIVEL'
RH533.PRG(124) Warning C1003  Ambiguous reference: 'NPERC'
RH533.PRG(141) Warning C1001  RETURN statement with no value in function
RH533.PRG(148) Warning C1004  Ambiguous reference, assuming memvar: 'NTOTDESC'
RH533.PRG(153) Warning C1003  Ambiguous reference: 'XCOND1'
RH533.PRG(154) Warning C1003  Ambiguous reference: 'XAEXPAN'
RH533.PRG(154) Warning C1003  Ambiguous reference: 'XDEXPAN'
RH533.PRG(183) Warning C1003  Ambiguous reference: 'XANOMES'
RH533.PRG(190) Warning C1004  Ambiguous reference, assuming memvar: 'NTOTDESC'
RH533.PRG(190) Warning C1004  Ambiguous reference, assuming memvar: 'NTOTDESC'
RH533.PRG(202) Warning C1003  Ambiguous reference: 'NTOTDESC'
RH533.PRG(205) Warning C1003  Ambiguous reference: 'NTOTDESC'
RH533.PRG(207) Warning C1004  Ambiguous reference, assuming memvar: 'NBASEIS'
RH533.PRG(208) Warning C1004  Ambiguous reference, assuming memvar: 'NBASEIR'
RH533.PRG(209) Warning C1004  Ambiguous reference, assuming memvar: 'NBASEFG'
RH533.PRG(213) Warning C1003  Ambiguous reference: 'NBASEIS'
RH533.PRG(213) Warning C1003  Ambiguous reference: 'NBASEIR'
RH533.PRG(213) Warning C1003  Ambiguous reference: 'NBASEFG'
RH533.PRG(217) Warning C1003  Ambiguous reference: 'DDT_HOMO'
RH533.PRG(218) Warning C1003  Ambiguous reference: 'XRAZAO'
RH533.PRG(221) Warning C1003  Ambiguous reference: 'XRAZAO'
RH533.PRG(227) Warning C1001  RETURN statement with no value in function
RH533.PRG(234) Warning C1004  Ambiguous reference, assuming memvar: 'NTOTDESC'
RH533.PRG(239) Warning C1003  Ambiguous reference: 'XCOND1'
RH533.PRG(240) Warning C1003  Ambiguous reference: 'XAEXPAN'
RH533.PRG(240) Warning C1003  Ambiguous reference: 'XDEXPAN'
RH533.PRG(244) Warning C1003  Ambiguous reference: 'XCGM'
RH533.PRG(269) Warning C1003  Ambiguous reference: 'XANOMES'
RH533.PRG(276) Warning C1004  Ambiguous reference, assuming memvar: 'NTOTDESC'
RH533.PRG(276) Warning C1004  Ambiguous reference, assuming memvar: 'NTOTDESC'
RH533.PRG(288) Warning C1003  Ambiguous reference: 'NTOTDESC'
RH533.PRG(291) Warning C1003  Ambiguous reference: 'NTOTDESC'
RH533.PRG(293) Warning C1004  Ambiguous reference, assuming memvar: 'NBASEIS'
RH533.PRG(294) Warning C1004  Ambiguous reference, assuming memvar: 'NBASEIR'
RH533.PRG(295) Warning C1004  Ambiguous reference, assuming memvar: 'NBASEFG'
RH533.PRG(299) Warning C1003  Ambiguous reference: 'NBASEIS'
RH533.PRG(299) Warning C1003  Ambiguous reference: 'NBASEIR'
RH533.PRG(299) Warning C1003  Ambiguous reference: 'NBASEFG'
RH533.PRG(302) Warning C1003  Ambiguous reference: 'DDT_HOMO'
RH533.PRG(303) Warning C1003  Ambiguous reference: 'XRAZAO'
RH533.PRG(306) Warning C1003  Ambiguous reference: 'XRAZAO'
RH533.PRG(312) Warning C1001  RETURN statement with no value in function
RH533.PRG(319) Warning C1004  Ambiguous reference, assuming memvar: 'NTOTDESC'
RH533.PRG(324) Warning C1003  Ambiguous reference: 'XCOND1'
RH533.PRG(325) Warning C1003  Ambiguous reference: 'XAEXPAN'
RH533.PRG(325) Warning C1003  Ambiguous reference: 'XDEXPAN'
RH533.PRG(354) Warning C1003  Ambiguous reference: 'XANOMES'
RH533.PRG(361) Warning C1004  Ambiguous reference, assuming memvar: 'NTOTDESC'
RH533.PRG(361) Warning C1004  Ambiguous reference, assuming memvar: 'NTOTDESC'
RH533.PRG(373) Warning C1003  Ambiguous reference: 'NTOTDESC'
RH533.PRG(376) Warning C1003  Ambiguous reference: 'NTOTDESC'
RH533.PRG(378) Warning C1004  Ambiguous reference, assuming memvar: 'NBASEIS'
RH533.PRG(379) Warning C1004  Ambiguous reference, assuming memvar: 'NBASEIR'
RH533.PRG(380) Warning C1004  Ambiguous reference, assuming memvar: 'NBASEFG'
RH533.PRG(384) Warning C1003  Ambiguous reference: 'NBASEIS'
RH533.PRG(384) Warning C1003  Ambiguous reference: 'NBASEIR'
RH533.PRG(384) Warning C1003  Ambiguous reference: 'NBASEFG'
RH533.PRG(388) Warning C1003  Ambiguous reference: 'DDT_HOMO'
RH533.PRG(389) Warning C1003  Ambiguous reference: 'XRAZAO'
RH533.PRG(392) Warning C1003  Ambiguous reference: 'XRAZAO'
RH533.PRG(398) Warning C1001  RETURN statement with no value in function
RH533.PRG(405) Warning C1004  Ambiguous reference, assuming memvar: 'NTOTDESC'
RH533.PRG(413) Warning C1003  Ambiguous reference: 'XCOND1'
RH533.PRG(414) Warning C1003  Ambiguous reference: 'XCOND0'
RH533.PRG(414) Warning C1003  Ambiguous reference: 'XAEXPAN'
RH533.PRG(414) Warning C1003  Ambiguous reference: 'XDEXPAN'
RH533.PRG(414) Warning C1003  Ambiguous reference: 'XCOND1'
RH533.PRG(415) Warning C1003  Ambiguous reference: 'XCOND1'
RH533.PRG(415) Warning C1003  Ambiguous reference: 'XAEXPAN'
RH533.PRG(415) Warning C1003  Ambiguous reference: 'XDEXPAN'
RH533.PRG(415) Warning C1003  Ambiguous reference: 'XCOND1'
RH533.PRG(419) Warning C1003  Ambiguous reference: 'XCOND0'
RH533.PRG(419) Warning C1003  Ambiguous reference: 'XAEXPAN'
RH533.PRG(419) Warning C1003  Ambiguous reference: 'XDEXPAN'
RH533.PRG(419) Warning C1003  Ambiguous reference: 'XCOND1'
RH533.PRG(448) Warning C1003  Ambiguous reference: 'NPERC'
RH533.PRG(451) Warning C1003  Ambiguous reference: 'XCOND0'
RH533.PRG(451) Warning C1003  Ambiguous reference: 'XAEXPAN'
RH533.PRG(451) Warning C1003  Ambiguous reference: 'XDEXPAN'
RH533.PRG(451) Warning C1003  Ambiguous reference: 'XCOND1'
RH533.PRG(460) Warning C1003  Ambiguous reference: 'XANOMES'
RH533.PRG(467) Warning C1004  Ambiguous reference, assuming memvar: 'NTOTDESC'
RH533.PRG(467) Warning C1004  Ambiguous reference, assuming memvar: 'NTOTDESC'
RH533.PRG(482) Warning C1003  Ambiguous reference: 'NTOTDESC'
RH533.PRG(488) Warning C1003  Ambiguous reference: 'NTOTDESC'
RH533.PRG(491) Warning C1004  Ambiguous reference, assuming memvar: 'NBASEIS'
RH533.PRG(492) Warning C1004  Ambiguous reference, assuming memvar: 'NBASEIR'
RH533.PRG(493) Warning C1004  Ambiguous reference, assuming memvar: 'NBASEFG'
RH533.PRG(499) Warning C1003  Ambiguous reference: 'NBASEIS'
RH533.PRG(499) Warning C1003  Ambiguous reference: 'NBASEIR'
RH533.PRG(499) Warning C1003  Ambiguous reference: 'NBASEFG'
RH533.PRG(512) Warning C1003  Ambiguous reference: 'DDT_HOMO'
RH533.PRG(512) Warning C1003  Ambiguous reference: 'DDT_HOMO'
RH533.PRG(513) Warning C1003  Ambiguous reference: 'CPREP'
RH533.PRG(529) Warning C1003  Ambiguous reference: 'XCOND0'
RH533.PRG(529) Warning C1003  Ambiguous reference: 'XAEXPAN'
RH533.PRG(529) Warning C1003  Ambiguous reference: 'XDEXPAN'
RH533.PRG(529) Warning C1003  Ambiguous reference: 'XCOND1'
RH533.PRG(537) Warning C1003  Ambiguous reference: 'CPREP'
RH533.PRG(578) Warning C1001  RETURN statement with no value in function
RH533.PRG(585) Warning C1004  Ambiguous reference, assuming memvar: 'NTOTDESC'
RH533.PRG(589) Warning C1004  Ambiguous reference, assuming memvar: 'NCAM_50'
RH533.PRG(589) Warning C1004  Ambiguous reference, assuming memvar: 'NCAM_37'
RH533.PRG(589) Warning C1004  Ambiguous reference, assuming memvar: 'NCAM_36'
RH533.PRG(589) Warning C1004  Ambiguous reference, assuming memvar: 'NCAM_35'
RH533.PRG(589) Warning C1004  Ambiguous reference, assuming memvar: 'NCAM_34'
RH533.PRG(589) Warning C1004  Ambiguous reference, assuming memvar: 'NCAM_33'
RH533.PRG(589) Warning C1004  Ambiguous reference, assuming memvar: 'NCAM_32'
RH533.PRG(589) Warning C1004  Ambiguous reference, assuming memvar: 'NCAM_31'
RH533.PRG(589) Warning C1004  Ambiguous reference, assuming memvar: 'NCAM_30'
RH533.PRG(590) Warning C1004  Ambiguous reference, assuming memvar: 'NCAM_55'
RH533.PRG(590) Warning C1004  Ambiguous reference, assuming memvar: 'NCAM_54'
RH533.PRG(590) Warning C1004  Ambiguous reference, assuming memvar: 'NCAM_49'
RH533.PRG(590) Warning C1004  Ambiguous reference, assuming memvar: 'NCAM_48'
RH533.PRG(590) Warning C1004  Ambiguous reference, assuming memvar: 'NCAM_47'
RH533.PRG(590) Warning C1004  Ambiguous reference, assuming memvar: 'NCAM_46'
RH533.PRG(590) Warning C1004  Ambiguous reference, assuming memvar: 'NCAM_41'
RH533.PRG(590) Warning C1004  Ambiguous reference, assuming memvar: 'NCAM_40'
RH533.PRG(590) Warning C1004  Ambiguous reference, assuming memvar: 'NCAM_39'
RH533.PRG(591) Warning C1004  Ambiguous reference, assuming memvar: 'NCAM_51'
RH533.PRG(591) Warning C1004  Ambiguous reference, assuming memvar: 'NLIQ'
RH533.PRG(591) Warning C1004  Ambiguous reference, assuming memvar: 'NPROV'
RH533.PRG(591) Warning C1004  Ambiguous reference, assuming memvar: 'NDED'
RH533.PRG(591) Warning C1004  Ambiguous reference, assuming memvar: 'NZERO'
RH533.PRG(591) Warning C1004  Ambiguous reference, assuming memvar: 'NFRA40'
RH533.PRG(591) Warning C1004  Ambiguous reference, assuming memvar: 'NFRA36'
RH533.PRG(591) Warning C1004  Ambiguous reference, assuming memvar: 'NFRA34'
RH533.PRG(591) Warning C1004  Ambiguous reference, assuming memvar: 'NFRA32'
RH533.PRG(596) Warning C1003  Ambiguous reference: 'XCOND1'
RH533.PRG(597) Warning C1003  Ambiguous reference: 'XCOND0'
RH533.PRG(597) Warning C1003  Ambiguous reference: 'XCOND1'
RH533.PRG(598) Warning C1003  Ambiguous reference: 'XCOND1'
RH533.PRG(604) Warning C1003  Ambiguous reference: 'XCOND1'
RH533.PRG(611) Warning C1003  Ambiguous reference: 'XCOND1'
RH533.PRG(615) Warning C1003  Ambiguous reference: 'NPERC'
RH533.PRG(616) Warning C1003  Ambiguous reference: 'XCOND1'
RH533.PRG(617) Warning C1003  Ambiguous reference: 'XCOND0'
RH533.PRG(617) Warning C1003  Ambiguous reference: 'XAEXPAN'
RH533.PRG(617) Warning C1003  Ambiguous reference: 'XDEXPAN'
RH533.PRG(617) Warning C1003  Ambiguous reference: 'XCOND1'
RH533.PRG(620) Warning C1003  Ambiguous reference: 'XANOMES'
RH533.PRG(624) Warning C1003  Ambiguous reference: 'XANOMES'
RH533.PRG(625) Warning C1004  Ambiguous reference, assuming memvar: 'NCAM_30'
RH533.PRG(626) Warning C1004  Ambiguous reference, assuming memvar: 'NFRA30'
RH533.PRG(627) Warning C1004  Ambiguous reference, assuming memvar: 'NFRA36'
RH533.PRG(630) Warning C1003  Ambiguous reference: 'XANOMES'
RH533.PRG(631) Warning C1004  Ambiguous reference, assuming memvar: 'NCAM_31'
RH533.PRG(635) Warning C1003  Ambiguous reference: 'XANOMES'
RH533.PRG(636) Warning C1004  Ambiguous reference, assuming memvar: 'NCAM_32'
RH533.PRG(637) Warning C1004  Ambiguous reference, assuming memvar: 'NFRA32'
RH533.PRG(640) Warning C1003  Ambiguous reference: 'XANOMES'
RH533.PRG(641) Warning C1004  Ambiguous reference, assuming memvar: 'NCAM_33'
RH533.PRG(644) Warning C1003  Ambiguous reference: 'XANOMES'
RH533.PRG(645) Warning C1004  Ambiguous reference, assuming memvar: 'NCAM_34'
RH533.PRG(646) Warning C1004  Ambiguous reference, assuming memvar: 'NFRA34'
RH533.PRG(649) Warning C1003  Ambiguous reference: 'XANOMES'
RH533.PRG(650) Warning C1004  Ambiguous reference, assuming memvar: 'NCAM_35'
RH533.PRG(650) Warning C1004  Ambiguous reference, assuming memvar: 'NCAM_35'
RH533.PRG(653) Warning C1003  Ambiguous reference: 'XANOMES'
RH533.PRG(654) Warning C1004  Ambiguous reference, assuming memvar: 'NCAM_35'
RH533.PRG(654) Warning C1004  Ambiguous reference, assuming memvar: 'NCAM_35'
RH533.PRG(657) Warning C1003  Ambiguous reference: 'XANOMES'
RH533.PRG(658) Warning C1004  Ambiguous reference, assuming memvar: 'NCAM_36'
RH533.PRG(661) Warning C1003  Ambiguous reference: 'XANOMES'
RH533.PRG(662) Warning C1004  Ambiguous reference, assuming memvar: 'NCAM_37'
RH533.PRG(665) Warning C1003  Ambiguous reference: 'XANOMES'
RH533.PRG(669) Warning C1003  Ambiguous reference: 'XANOMES'
RH533.PRG(670) Warning C1004  Ambiguous reference, assuming memvar: 'NCAM_39'
RH533.PRG(673) Warning C1003  Ambiguous reference: 'XANOMES'
RH533.PRG(674) Warning C1004  Ambiguous reference, assuming memvar: 'NCAM_40'
RH533.PRG(674) Warning C1004  Ambiguous reference, assuming memvar: 'NCAM_40'
RH533.PRG(675) Warning C1004  Ambiguous reference, assuming memvar: 'NFRA40'
RH533.PRG(675) Warning C1004  Ambiguous reference, assuming memvar: 'NFRA40'
RH533.PRG(678) Warning C1003  Ambiguous reference: 'XANOMES'
RH533.PRG(679) Warning C1004  Ambiguous reference, assuming memvar: 'NCAM_40'
RH533.PRG(679) Warning C1004  Ambiguous reference, assuming memvar: 'NCAM_40'
RH533.PRG(680) Warning C1004  Ambiguous reference, assuming memvar: 'NFRA40'
RH533.PRG(680) Warning C1004  Ambiguous reference, assuming memvar: 'NFRA40'
RH533.PRG(683) Warning C1003  Ambiguous reference: 'XANOMES'
RH533.PRG(684) Warning C1004  Ambiguous reference, assuming memvar: 'NCAM_40'
RH533.PRG(684) Warning C1004  Ambiguous reference, assuming memvar: 'NCAM_40'
RH533.PRG(685) Warning C1004  Ambiguous reference, assuming memvar: 'NFRA40'
RH533.PRG(685) Warning C1004  Ambiguous reference, assuming memvar: 'NFRA40'
RH533.PRG(688) Warning C1003  Ambiguous reference: 'XANOMES'
RH533.PRG(689) Warning C1004  Ambiguous reference, assuming memvar: 'NCAM_40'
RH533.PRG(689) Warning C1004  Ambiguous reference, assuming memvar: 'NCAM_40'
RH533.PRG(690) Warning C1004  Ambiguous reference, assuming memvar: 'NFRA40'
RH533.PRG(690) Warning C1004  Ambiguous reference, assuming memvar: 'NFRA40'
RH533.PRG(693) Warning C1003  Ambiguous reference: 'XANOMES'
RH533.PRG(694) Warning C1004  Ambiguous reference, assuming memvar: 'NCAM_40'
RH533.PRG(694) Warning C1004  Ambiguous reference, assuming memvar: 'NCAM_40'
RH533.PRG(695) Warning C1004  Ambiguous reference, assuming memvar: 'NFRA40'
RH533.PRG(695) Warning C1004  Ambiguous reference, assuming memvar: 'NFRA40'
RH533.PRG(698) Warning C1003  Ambiguous reference: 'XANOMES'
RH533.PRG(699) Warning C1004  Ambiguous reference, assuming memvar: 'NCAM_40'
RH533.PRG(699) Warning C1004  Ambiguous reference, assuming memvar: 'NCAM_40'
RH533.PRG(700) Warning C1004  Ambiguous reference, assuming memvar: 'NFRA40'
RH533.PRG(700) Warning C1004  Ambiguous reference, assuming memvar: 'NFRA40'
RH533.PRG(703) Warning C1003  Ambiguous reference: 'XANOMES'
RH533.PRG(704) Warning C1004  Ambiguous reference, assuming memvar: 'NCAM_40'
RH533.PRG(704) Warning C1004  Ambiguous reference, assuming memvar: 'NCAM_40'
RH533.PRG(705) Warning C1004  Ambiguous reference, assuming memvar: 'NFRA40'
RH533.PRG(705) Warning C1004  Ambiguous reference, assuming memvar: 'NFRA40'
RH533.PRG(708) Warning C1003  Ambiguous reference: 'XANOMES'
RH533.PRG(709) Warning C1004  Ambiguous reference, assuming memvar: 'NCAM_40'
RH533.PRG(709) Warning C1004  Ambiguous reference, assuming memvar: 'NCAM_40'
RH533.PRG(710) Warning C1004  Ambiguous reference, assuming memvar: 'NFRA40'
RH533.PRG(710) Warning C1004  Ambiguous reference, assuming memvar: 'NFRA40'
RH533.PRG(713) Warning C1003  Ambiguous reference: 'XANOMES'
RH533.PRG(714) Warning C1004  Ambiguous reference, assuming memvar: 'NCAM_40'
RH533.PRG(714) Warning C1004  Ambiguous reference, assuming memvar: 'NCAM_40'
RH533.PRG(715) Warning C1004  Ambiguous reference, assuming memvar: 'NFRA40'
RH533.PRG(715) Warning C1004  Ambiguous reference, assuming memvar: 'NFRA40'
RH533.PRG(718) Warning C1003  Ambiguous reference: 'XANOMES'
RH533.PRG(719) Warning C1004  Ambiguous reference, assuming memvar: 'NCAM_40'
RH533.PRG(719) Warning C1004  Ambiguous reference, assuming memvar: 'NCAM_40'
RH533.PRG(720) Warning C1004  Ambiguous reference, assuming memvar: 'NFRA40'
RH533.PRG(720) Warning C1004  Ambiguous reference, assuming memvar: 'NFRA40'
RH533.PRG(723) Warning C1003  Ambiguous reference: 'XANOMES'
RH533.PRG(724) Warning C1004  Ambiguous reference, assuming memvar: 'NCAM_40'
RH533.PRG(724) Warning C1004  Ambiguous reference, assuming memvar: 'NCAM_40'
RH533.PRG(725) Warning C1004  Ambiguous reference, assuming memvar: 'NFRA40'
RH533.PRG(725) Warning C1004  Ambiguous reference, assuming memvar: 'NFRA40'
RH533.PRG(728) Warning C1003  Ambiguous reference: 'XANOMES'
RH533.PRG(729) Warning C1004  Ambiguous reference, assuming memvar: 'NFRA40'
RH533.PRG(729) Warning C1004  Ambiguous reference, assuming memvar: 'NFRA40'
RH533.PRG(730) Warning C1004  Ambiguous reference, assuming memvar: 'NCAM_40'
RH533.PRG(730) Warning C1004  Ambiguous reference, assuming memvar: 'NCAM_40'
RH533.PRG(732) Warning C1003  Ambiguous reference: 'XANOMES'
RH533.PRG(733) Warning C1004  Ambiguous reference, assuming memvar: 'NFRA40'
RH533.PRG(733) Warning C1004  Ambiguous reference, assuming memvar: 'NFRA40'
RH533.PRG(734) Warning C1004  Ambiguous reference, assuming memvar: 'NCAM_40'
RH533.PRG(734) Warning C1004  Ambiguous reference, assuming memvar: 'NCAM_40'
RH533.PRG(736) Warning C1003  Ambiguous reference: 'XANOMES'
RH533.PRG(737) Warning C1004  Ambiguous reference, assuming memvar: 'NFRA40'
RH533.PRG(737) Warning C1004  Ambiguous reference, assuming memvar: 'NFRA40'
RH533.PRG(738) Warning C1004  Ambiguous reference, assuming memvar: 'NCAM_40'
RH533.PRG(738) Warning C1004  Ambiguous reference, assuming memvar: 'NCAM_40'
RH533.PRG(740) Warning C1003  Ambiguous reference: 'XANOMES'
RH533.PRG(741) Warning C1004  Ambiguous reference, assuming memvar: 'NFRA40'
RH533.PRG(741) Warning C1004  Ambiguous reference, assuming memvar: 'NFRA40'
RH533.PRG(742) Warning C1004  Ambiguous reference, assuming memvar: 'NCAM_40'
RH533.PRG(742) Warning C1004  Ambiguous reference, assuming memvar: 'NCAM_40'
RH533.PRG(744) Warning C1003  Ambiguous reference: 'XANOMES'
RH533.PRG(745) Warning C1004  Ambiguous reference, assuming memvar: 'NFRA40'
RH533.PRG(745) Warning C1004  Ambiguous reference, assuming memvar: 'NFRA40'
RH533.PRG(746) Warning C1004  Ambiguous reference, assuming memvar: 'NCAM_40'
RH533.PRG(746) Warning C1004  Ambiguous reference, assuming memvar: 'NCAM_40'
RH533.PRG(748) Warning C1003  Ambiguous reference: 'XANOMES'
RH533.PRG(749) Warning C1004  Ambiguous reference, assuming memvar: 'NCAM_47'
RH533.PRG(751) Warning C1003  Ambiguous reference: 'XANOMES'
RH533.PRG(752) Warning C1004  Ambiguous reference, assuming memvar: 'NCAM_48'
RH533.PRG(752) Warning C1004  Ambiguous reference, assuming memvar: 'NCAM_48'
RH533.PRG(754) Warning C1003  Ambiguous reference: 'XANOMES'
RH533.PRG(755) Warning C1004  Ambiguous reference, assuming memvar: 'NCAM_49'
RH533.PRG(755) Warning C1004  Ambiguous reference, assuming memvar: 'NCAM_49'
RH533.PRG(757) Warning C1003  Ambiguous reference: 'XANOMES'
RH533.PRG(758) Warning C1004  Ambiguous reference, assuming memvar: 'NCAM_50'
RH533.PRG(758) Warning C1004  Ambiguous reference, assuming memvar: 'NCAM_50'
RH533.PRG(760) Warning C1003  Ambiguous reference: 'XANOMES'
RH533.PRG(761) Warning C1004  Ambiguous reference, assuming memvar: 'NCAM_50'
RH533.PRG(761) Warning C1004  Ambiguous reference, assuming memvar: 'NCAM_50'
RH533.PRG(764) Warning C1003  Ambiguous reference: 'XANOMES'
RH533.PRG(765) Warning C1004  Ambiguous reference, assuming memvar: 'NCAM_51'
RH533.PRG(765) Warning C1004  Ambiguous reference, assuming memvar: 'NCAM_51'
RH533.PRG(768) Warning C1004  Ambiguous reference, assuming memvar: 'NZERO'
RH533.PRG(769) Warning C1003  Ambiguous reference: 'NCAM_30'
RH533.PRG(769) Warning C1003  Ambiguous reference: 'NCAM_31'
RH533.PRG(769) Warning C1003  Ambiguous reference: 'NCAM_32'
RH533.PRG(769) Warning C1003  Ambiguous reference: 'NCAM_33'
RH533.PRG(769) Warning C1003  Ambiguous reference: 'NCAM_34'
RH533.PRG(769) Warning C1003  Ambiguous reference: 'NCAM_35'
RH533.PRG(769) Warning C1003  Ambiguous reference: 'NCAM_36'
RH533.PRG(769) Warning C1003  Ambiguous reference: 'NCAM_37'
RH533.PRG(769) Warning C1003  Ambiguous reference: 'NCAM_39'
RH533.PRG(769) Warning C1003  Ambiguous reference: 'NCAM_40'
RH533.PRG(769) Warning C1003  Ambiguous reference: 'NCAM_41'
RH533.PRG(769) Warning C1004  Ambiguous reference, assuming memvar: 'NPROV'
RH533.PRG(770) Warning C1003  Ambiguous reference: 'NCAM_47'
RH533.PRG(770) Warning C1003  Ambiguous reference: 'NCAM_48'
RH533.PRG(770) Warning C1003  Ambiguous reference: 'NCAM_49'
RH533.PRG(770) Warning C1003  Ambiguous reference: 'NCAM_50'
RH533.PRG(770) Warning C1003  Ambiguous reference: 'NCAM_51'
RH533.PRG(770) Warning C1004  Ambiguous reference, assuming memvar: 'NDED'
RH533.PRG(771) Warning C1003  Ambiguous reference: 'NPROV'
RH533.PRG(771) Warning C1003  Ambiguous reference: 'NDED'
RH533.PRG(771) Warning C1004  Ambiguous reference, assuming memvar: 'NLIQ'
RH533.PRG(773) Warning C1003  Ambiguous reference: 'NCAM_47'
RH533.PRG(774) Warning C1003  Ambiguous reference: 'XCOND1'
RH533.PRG(775) Warning C1003  Ambiguous reference: 'NFRA30'
RH533.PRG(775) Warning C1003  Ambiguous reference: 'NCAM_30'
RH533.PRG(775) Warning C1003  Ambiguous reference: 'NCAM_39'
RH533.PRG(775) Warning C1003  Ambiguous reference: 'NCAM_48'
RH533.PRG(776) Warning C1003  Ambiguous reference: 'XCOND1'
RH533.PRG(777) Warning C1003  Ambiguous reference: 'NCAM_31'
RH533.PRG(777) Warning C1003  Ambiguous reference: 'NFRA40'
RH533.PRG(777) Warning C1003  Ambiguous reference: 'NCAM_40'
RH533.PRG(777) Warning C1003  Ambiguous reference: 'NCAM_49'
RH533.PRG(778) Warning C1003  Ambiguous reference: 'XCOND1'
RH533.PRG(779) Warning C1003  Ambiguous reference: 'NFRA32'
RH533.PRG(779) Warning C1003  Ambiguous reference: 'NCAM_32'
RH533.PRG(779) Warning C1003  Ambiguous reference: 'NCAM_41'
RH533.PRG(779) Warning C1003  Ambiguous reference: 'NCAM_50'
RH533.PRG(780) Warning C1003  Ambiguous reference: 'XCOND1'
RH533.PRG(781) Warning C1003  Ambiguous reference: 'NCAM_33'
RH533.PRG(781) Warning C1003  Ambiguous reference: 'NZERO'
RH533.PRG(781) Warning C1003  Ambiguous reference: 'NCAM_51'
RH533.PRG(782) Warning C1003  Ambiguous reference: 'XCOND1'
RH533.PRG(783) Warning C1003  Ambiguous reference: 'NFRA34'
RH533.PRG(783) Warning C1003  Ambiguous reference: 'NCAM_34'
RH533.PRG(783) Warning C1003  Ambiguous reference: 'NZERO'
RH533.PRG(783) Warning C1003  Ambiguous reference: 'NZERO'
RH533.PRG(784) Warning C1003  Ambiguous reference: 'XCOND1'
RH533.PRG(785) Warning C1003  Ambiguous reference: 'NCAM_35'
RH533.PRG(785) Warning C1003  Ambiguous reference: 'NZERO'
RH533.PRG(785) Warning C1003  Ambiguous reference: 'NZERO'
RH533.PRG(786) Warning C1003  Ambiguous reference: 'XCOND1'
RH533.PRG(787) Warning C1003  Ambiguous reference: 'NFRA36'
RH533.PRG(787) Warning C1003  Ambiguous reference: 'NCAM_36'
RH533.PRG(787) Warning C1003  Ambiguous reference: 'NZERO'
RH533.PRG(787) Warning C1003  Ambiguous reference: 'NDED'
RH533.PRG(788) Warning C1003  Ambiguous reference: 'XCOND1'
RH533.PRG(789) Warning C1003  Ambiguous reference: 'NCAM_37'
RH533.PRG(789) Warning C1003  Ambiguous reference: 'NPROV'
RH533.PRG(789) Warning C1003  Ambiguous reference: 'NLIQ'
RH533.PRG(790) Warning C1003  Ambiguous reference: 'XCOND1'
RH533.PRG(794) Warning C1003  Ambiguous reference: 'XCOND0'
RH533.PRG(794) Warning C1003  Ambiguous reference: 'XAEXPAN'
RH533.PRG(794) Warning C1003  Ambiguous reference: 'XDEXPAN'
RH533.PRG(794) Warning C1003  Ambiguous reference: 'XCOND1'
RH533.PRG(795) Warning C1003  Ambiguous reference: 'XCOND1'
RH533.PRG(797) Warning C1003  Ambiguous reference: 'DPGTO'
RH533.PRG(797) Warning C1003  Ambiguous reference: 'CPREP'
RH533.PRG(798) Warning C1003  Ambiguous reference: 'XCOND1'
RH533.PRG(801) Warning C1003  Ambiguous reference: 'XCOND1'
RH533.PRG(817) Warning C1003  Ambiguous reference: 'XCOND1'
RH533.PRG(824) Warning C1001  RETURN statement with no value in function
RH533.PRG(831) Warning C1004  Ambiguous reference, assuming memvar: 'NTOTDESC'
RH533.PRG(835) Warning C1004  Ambiguous reference, assuming memvar: 'NCAM_50'
RH533.PRG(835) Warning C1004  Ambiguous reference, assuming memvar: 'NCAM_37'
RH533.PRG(835) Warning C1004  Ambiguous reference, assuming memvar: 'NCAM_36'
RH533.PRG(835) Warning C1004  Ambiguous reference, assuming memvar: 'NCAM_35'
RH533.PRG(835) Warning C1004  Ambiguous reference, assuming memvar: 'NCAM_34'
RH533.PRG(835) Warning C1004  Ambiguous reference, assuming memvar: 'NCAM_33'
RH533.PRG(835) Warning C1004  Ambiguous reference, assuming memvar: 'NCAM_32'
RH533.PRG(835) Warning C1004  Ambiguous reference, assuming memvar: 'NCAM_31'
RH533.PRG(835) Warning C1004  Ambiguous reference, assuming memvar: 'NCAM_30'
RH533.PRG(836) Warning C1004  Ambiguous reference, assuming memvar: 'NCAM_55'
RH533.PRG(836) Warning C1004  Ambiguous reference, assuming memvar: 'NCAM_54'
RH533.PRG(836) Warning C1004  Ambiguous reference, assuming memvar: 'NCAM_49'
RH533.PRG(836) Warning C1004  Ambiguous reference, assuming memvar: 'NCAM_48'
RH533.PRG(836) Warning C1004  Ambiguous reference, assuming memvar: 'NCAM_47'
RH533.PRG(836) Warning C1004  Ambiguous reference, assuming memvar: 'NCAM_46'
RH533.PRG(836) Warning C1004  Ambiguous reference, assuming memvar: 'NCAM_41'
RH533.PRG(836) Warning C1004  Ambiguous reference, assuming memvar: 'NCAM_40'
RH533.PRG(836) Warning C1004  Ambiguous reference, assuming memvar: 'NCAM_39'
RH533.PRG(837) Warning C1004  Ambiguous reference, assuming memvar: 'NCAM_51'
RH533.PRG(837) Warning C1004  Ambiguous reference, assuming memvar: 'NLIQ'
RH533.PRG(837) Warning C1004  Ambiguous reference, assuming memvar: 'NPROV'
RH533.PRG(837) Warning C1004  Ambiguous reference, assuming memvar: 'NDED'
RH533.PRG(837) Warning C1004  Ambiguous reference, assuming memvar: 'NZERO'
RH533.PRG(837) Warning C1004  Ambiguous reference, assuming memvar: 'NFRA40'
RH533.PRG(837) Warning C1004  Ambiguous reference, assuming memvar: 'NFRA36'
RH533.PRG(837) Warning C1004  Ambiguous reference, assuming memvar: 'NFRA34'
RH533.PRG(837) Warning C1004  Ambiguous reference, assuming memvar: 'NFRA32'
RH533.PRG(844) Warning C1003  Ambiguous reference: 'XCOND1'
RH533.PRG(845) Warning C1003  Ambiguous reference: 'XCOND0'
RH533.PRG(845) Warning C1003  Ambiguous reference: 'XCOND1'
RH533.PRG(846) Warning C1003  Ambiguous reference: 'XCOND1'
RH533.PRG(852) Warning C1003  Ambiguous reference: 'XCOND1'
RH533.PRG(861) Warning C1003  Ambiguous reference: 'XCOND1'
RH533.PRG(865) Warning C1003  Ambiguous reference: 'NPERC'
RH533.PRG(866) Warning C1003  Ambiguous reference: 'XCOND1'
RH533.PRG(867) Warning C1003  Ambiguous reference: 'XCOND0'
RH533.PRG(867) Warning C1003  Ambiguous reference: 'XAEXPAN'
RH533.PRG(867) Warning C1003  Ambiguous reference: 'XDEXPAN'
RH533.PRG(867) Warning C1003  Ambiguous reference: 'XCOND1'
RH533.PRG(876) Warning C1003  Ambiguous reference: 'XANOMES'
RH533.PRG(883) Warning C1004  Ambiguous reference, assuming memvar: 'NTOTDESC'
RH533.PRG(883) Warning C1004  Ambiguous reference, assuming memvar: 'NTOTDESC'
RH533.PRG(898) Warning C1003  Ambiguous reference: 'NTOTDESC'
RH533.PRG(904) Warning C1003  Ambiguous reference: 'NTOTDESC'
RH533.PRG(907) Warning C1004  Ambiguous reference, assuming memvar: 'NBASEIS'
RH533.PRG(908) Warning C1004  Ambiguous reference, assuming memvar: 'NBASEIR'
RH533.PRG(909) Warning C1004  Ambiguous reference, assuming memvar: 'NBASEFG'
RH533.PRG(914) Warning C1004  Ambiguous reference, assuming memvar: 'NZERO'
RH533.PRG(915) Warning C1003  Ambiguous reference: 'XCOND1'
RH533.PRG(916) Warning C1003  Ambiguous reference: 'XCOND0'
RH533.PRG(916) Warning C1003  Ambiguous reference: 'XAEXPAN'
RH533.PRG(916) Warning C1003  Ambiguous reference: 'XDEXPAN'
RH533.PRG(916) Warning C1003  Ambiguous reference: 'XCOND1'
RH533.PRG(917) Warning C1003  Ambiguous reference: 'XCOND1'
RH533.PRG(919) Warning C1003  Ambiguous reference: 'DPGTO'
RH533.PRG(919) Warning C1003  Ambiguous reference: 'CPREP'
RH533.PRG(920) Warning C1003  Ambiguous reference: 'XCOND1'
RH533.PRG(923) Warning C1003  Ambiguous reference: 'XCOND1'
RH533.PRG(939) Warning C1003  Ambiguous reference: 'XCOND1'
RH533.PRG(944) Warning C1001  RETURN statement with no value in function
RH533.PRG(948) Warning C1004  Ambiguous reference, assuming memvar: 'NTOTDESC'
RH533.PRG(952) Warning C1004  Ambiguous reference, assuming memvar: 'NCAM_50'
RH533.PRG(952) Warning C1004  Ambiguous reference, assuming memvar: 'NCAM_37'
RH533.PRG(952) Warning C1004  Ambiguous reference, assuming memvar: 'NCAM_36'
RH533.PRG(952) Warning C1004  Ambiguous reference, assuming memvar: 'NCAM_35'
RH533.PRG(952) Warning C1004  Ambiguous reference, assuming memvar: 'NCAM_34'
RH533.PRG(952) Warning C1004  Ambiguous reference, assuming memvar: 'NCAM_33'
RH533.PRG(952) Warning C1004  Ambiguous reference, assuming memvar: 'NCAM_32'
RH533.PRG(952) Warning C1004  Ambiguous reference, assuming memvar: 'NCAM_31'
RH533.PRG(952) Warning C1004  Ambiguous reference, assuming memvar: 'NCAM_30'
RH533.PRG(953) Warning C1004  Ambiguous reference, assuming memvar: 'NCAM_55'
RH533.PRG(953) Warning C1004  Ambiguous reference, assuming memvar: 'NCAM_54'
RH533.PRG(953) Warning C1004  Ambiguous reference, assuming memvar: 'NCAM_49'
RH533.PRG(953) Warning C1004  Ambiguous reference, assuming memvar: 'NCAM_48'
RH533.PRG(953) Warning C1004  Ambiguous reference, assuming memvar: 'NCAM_47'
RH533.PRG(953) Warning C1004  Ambiguous reference, assuming memvar: 'NCAM_46'
RH533.PRG(953) Warning C1004  Ambiguous reference, assuming memvar: 'NCAM_41'
RH533.PRG(953) Warning C1004  Ambiguous reference, assuming memvar: 'NCAM_40'
RH533.PRG(953) Warning C1004  Ambiguous reference, assuming memvar: 'NCAM_39'
RH533.PRG(954) Warning C1004  Ambiguous reference, assuming memvar: 'NCAM_51'
RH533.PRG(954) Warning C1004  Ambiguous reference, assuming memvar: 'NLIQ'
RH533.PRG(954) Warning C1004  Ambiguous reference, assuming memvar: 'NPROV'
RH533.PRG(954) Warning C1004  Ambiguous reference, assuming memvar: 'NDED'
RH533.PRG(954) Warning C1004  Ambiguous reference, assuming memvar: 'NZERO'
RH533.PRG(954) Warning C1004  Ambiguous reference, assuming memvar: 'NFRA40'
RH533.PRG(954) Warning C1004  Ambiguous reference, assuming memvar: 'NFRA36'
RH533.PRG(954) Warning C1004  Ambiguous reference, assuming memvar: 'NFRA34'
RH533.PRG(954) Warning C1004  Ambiguous reference, assuming memvar: 'NFRA32'
RH533.PRG(961) Warning C1003  Ambiguous reference: 'XCOND1'
RH533.PRG(995) Warning C1003  Ambiguous reference: 'NPERC'
RH533.PRG(1006)    Warning C1003  Ambiguous reference: 'XANOMES'
RH533.PRG(1013)    Warning C1004  Ambiguous reference, assuming memvar: 'NTOTDESC'
RH533.PRG(1013)    Warning C1004  Ambiguous reference, assuming memvar: 'NTOTDESC'
RH533.PRG(1028)    Warning C1003  Ambiguous reference: 'NTOTDESC'
RH533.PRG(1034)    Warning C1003  Ambiguous reference: 'NTOTDESC'
RH533.PRG(1037)    Warning C1004  Ambiguous reference, assuming memvar: 'NBASEIS'
RH533.PRG(1038)    Warning C1004  Ambiguous reference, assuming memvar: 'NBASEIR'
RH533.PRG(1039)    Warning C1004  Ambiguous reference, assuming memvar: 'NBASEFG'
RH533.PRG(1044)    Warning C1004  Ambiguous reference, assuming memvar: 'NZERO'
RH533.PRG(1045)    Warning C1003  Ambiguous reference: 'XCOND1'
RH533.PRG(1046)    Warning C1003  Ambiguous reference: 'XCOND0'
RH533.PRG(1046)    Warning C1003  Ambiguous reference: 'XAEXPAN'
RH533.PRG(1046)    Warning C1003  Ambiguous reference: 'XDEXPAN'
RH533.PRG(1046)    Warning C1003  Ambiguous reference: 'XCOND1'
RH533.PRG(1047)    Warning C1003  Ambiguous reference: 'XCOND1'
RH533.PRG(1049)    Warning C1003  Ambiguous reference: 'DPGTO'
RH533.PRG(1049)    Warning C1003  Ambiguous reference: 'CPREP'
RH533.PRG(1050)    Warning C1003  Ambiguous reference: 'XCOND1'
RH533.PRG(1053)    Warning C1003  Ambiguous reference: 'XCOND1'
RH533.PRG(1069)    Warning C1003  Ambiguous reference: 'XCOND1'
RH533.PRG(1074)    Warning C1001  RETURN statement with no value in function
RH533.PRG(1082)    Warning C1004  Ambiguous reference, assuming memvar: 'NTOTDESC'
RH533.PRG(1086)    Warning C1004  Ambiguous reference, assuming memvar: 'NCAM_50'
RH533.PRG(1086)    Warning C1004  Ambiguous reference, assuming memvar: 'NCAM_37'
RH533.PRG(1086)    Warning C1004  Ambiguous reference, assuming memvar: 'NCAM_36'
RH533.PRG(1086)    Warning C1004  Ambiguous reference, assuming memvar: 'NCAM_35'
RH533.PRG(1086)    Warning C1004  Ambiguous reference, assuming memvar: 'NCAM_34'
RH533.PRG(1086)    Warning C1004  Ambiguous reference, assuming memvar: 'NCAM_33'
RH533.PRG(1086)    Warning C1004  Ambiguous reference, assuming memvar: 'NCAM_32'
RH533.PRG(1086)    Warning C1004  Ambiguous reference, assuming memvar: 'NCAM_31'
RH533.PRG(1086)    Warning C1004  Ambiguous reference, assuming memvar: 'NCAM_30'
RH533.PRG(1087)    Warning C1004  Ambiguous reference, assuming memvar: 'NCAM_55'
RH533.PRG(1087)    Warning C1004  Ambiguous reference, assuming memvar: 'NCAM_54'
RH533.PRG(1087)    Warning C1004  Ambiguous reference, assuming memvar: 'NCAM_49'
RH533.PRG(1087)    Warning C1004  Ambiguous reference, assuming memvar: 'NCAM_48'
RH533.PRG(1087)    Warning C1004  Ambiguous reference, assuming memvar: 'NCAM_47'
RH533.PRG(1087)    Warning C1004  Ambiguous reference, assuming memvar: 'NCAM_46'
RH533.PRG(1087)    Warning C1004  Ambiguous reference, assuming memvar: 'NCAM_41'
RH533.PRG(1087)    Warning C1004  Ambiguous reference, assuming memvar: 'NCAM_40'
RH533.PRG(1087)    Warning C1004  Ambiguous reference, assuming memvar: 'NCAM_39'
RH533.PRG(1088)    Warning C1004  Ambiguous reference, assuming memvar: 'NCAM_51'
RH533.PRG(1088)    Warning C1004  Ambiguous reference, assuming memvar: 'NLIQ'
RH533.PRG(1088)    Warning C1004  Ambiguous reference, assuming memvar: 'NPROV'
RH533.PRG(1088)    Warning C1004  Ambiguous reference, assuming memvar: 'NDED'
RH533.PRG(1088)    Warning C1004  Ambiguous reference, assuming memvar: 'NZERO'
RH533.PRG(1088)    Warning C1004  Ambiguous reference, assuming memvar: 'NFRA40'
RH533.PRG(1088)    Warning C1004  Ambiguous reference, assuming memvar: 'NFRA36'
RH533.PRG(1088)    Warning C1004  Ambiguous reference, assuming memvar: 'NFRA34'
RH533.PRG(1088)    Warning C1004  Ambiguous reference, assuming memvar: 'NFRA32'
RH533.PRG(1095)    Warning C1003  Ambiguous reference: 'XCOND1'
RH533.PRG(1096)    Warning C1003  Ambiguous reference: 'XCOND0'
RH533.PRG(1096)    Warning C1003  Ambiguous reference: 'XCOND1'
RH533.PRG(1097)    Warning C1003  Ambiguous reference: 'XCOND1'
RH533.PRG(1103)    Warning C1003  Ambiguous reference: 'XCOND1'
RH533.PRG(1112)    Warning C1003  Ambiguous reference: 'XCOND1'
RH533.PRG(1116)    Warning C1003  Ambiguous reference: 'NPERC'
RH533.PRG(1117)    Warning C1003  Ambiguous reference: 'XCOND1'
RH533.PRG(1118)    Warning C1003  Ambiguous reference: 'XCOND0'
RH533.PRG(1118)    Warning C1003  Ambiguous reference: 'XAEXPAN'
RH533.PRG(1118)    Warning C1003  Ambiguous reference: 'XDEXPAN'
RH533.PRG(1118)    Warning C1003  Ambiguous reference: 'XCOND1'
RH533.PRG(1127)    Warning C1003  Ambiguous reference: 'XANOMES'
RH533.PRG(1134)    Warning C1004  Ambiguous reference, assuming memvar: 'NTOTDESC'
RH533.PRG(1134)    Warning C1004  Ambiguous reference, assuming memvar: 'NTOTDESC'
RH533.PRG(1149)    Warning C1003  Ambiguous reference: 'NTOTDESC'
RH533.PRG(1155)    Warning C1003  Ambiguous reference: 'NTOTDESC'
RH533.PRG(1158)    Warning C1004  Ambiguous reference, assuming memvar: 'NBASEIS'
RH533.PRG(1159)    Warning C1004  Ambiguous reference, assuming memvar: 'NBASEIR'
RH533.PRG(1160)    Warning C1004  Ambiguous reference, assuming memvar: 'NBASEFG'
RH533.PRG(1165)    Warning C1004  Ambiguous reference, assuming memvar: 'NZERO'
RH533.PRG(1166)    Warning C1003  Ambiguous reference: 'XCOND1'
RH533.PRG(1167)    Warning C1003  Ambiguous reference: 'XCOND0'
RH533.PRG(1167)    Warning C1003  Ambiguous reference: 'XAEXPAN'
RH533.PRG(1167)    Warning C1003  Ambiguous reference: 'XDEXPAN'
RH533.PRG(1167)    Warning C1003  Ambiguous reference: 'XCOND1'
RH533.PRG(1168)    Warning C1003  Ambiguous reference: 'XCOND1'
RH533.PRG(1170)    Warning C1003  Ambiguous reference: 'DPGTO'
RH533.PRG(1170)    Warning C1003  Ambiguous reference: 'CPREP'
RH533.PRG(1171)    Warning C1003  Ambiguous reference: 'XCOND1'
RH533.PRG(1174)    Warning C1003  Ambiguous reference: 'XCOND1'
RH533.PRG(1190)    Warning C1003  Ambiguous reference: 'XCOND1'
RH533.PRG(1194)    Warning C1001  RETURN statement with no value in function
RH533.PRG(1198)    Warning C1004  Ambiguous reference, assuming memvar: 'NTOTDESC'
RH533.PRG(1202)    Warning C1004  Ambiguous reference, assuming memvar: 'NCAM_50'
RH533.PRG(1202)    Warning C1004  Ambiguous reference, assuming memvar: 'NCAM_37'
RH533.PRG(1202)    Warning C1004  Ambiguous reference, assuming memvar: 'NCAM_36'
RH533.PRG(1202)    Warning C1004  Ambiguous reference, assuming memvar: 'NCAM_35'
RH533.PRG(1202)    Warning C1004  Ambiguous reference, assuming memvar: 'NCAM_34'
RH533.PRG(1202)    Warning C1004  Ambiguous reference, assuming memvar: 'NCAM_33'
RH533.PRG(1202)    Warning C1004  Ambiguous reference, assuming memvar: 'NCAM_32'
RH533.PRG(1202)    Warning C1004  Ambiguous reference, assuming memvar: 'NCAM_31'
RH533.PRG(1202)    Warning C1004  Ambiguous reference, assuming memvar: 'NCAM_30'
RH533.PRG(1203)    Warning C1004  Ambiguous reference, assuming memvar: 'NCAM_55'
RH533.PRG(1203)    Warning C1004  Ambiguous reference, assuming memvar: 'NCAM_54'
RH533.PRG(1203)    Warning C1004  Ambiguous reference, assuming memvar: 'NCAM_49'
RH533.PRG(1203)    Warning C1004  Ambiguous reference, assuming memvar: 'NCAM_48'
RH533.PRG(1203)    Warning C1004  Ambiguous reference, assuming memvar: 'NCAM_47'
RH533.PRG(1203)    Warning C1004  Ambiguous reference, assuming memvar: 'NCAM_46'
RH533.PRG(1203)    Warning C1004  Ambiguous reference, assuming memvar: 'NCAM_41'
RH533.PRG(1203)    Warning C1004  Ambiguous reference, assuming memvar: 'NCAM_40'
RH533.PRG(1203)    Warning C1004  Ambiguous reference, assuming memvar: 'NCAM_39'
RH533.PRG(1204)    Warning C1004  Ambiguous reference, assuming memvar: 'NCAM_51'
RH533.PRG(1204)    Warning C1004  Ambiguous reference, assuming memvar: 'NLIQ'
RH533.PRG(1204)    Warning C1004  Ambiguous reference, assuming memvar: 'NPROV'
RH533.PRG(1204)    Warning C1004  Ambiguous reference, assuming memvar: 'NDED'
RH533.PRG(1204)    Warning C1004  Ambiguous reference, assuming memvar: 'NZERO'
RH533.PRG(1204)    Warning C1004  Ambiguous reference, assuming memvar: 'NFRA40'
RH533.PRG(1204)    Warning C1004  Ambiguous reference, assuming memvar: 'NFRA36'
RH533.PRG(1204)    Warning C1004  Ambiguous reference, assuming memvar: 'NFRA34'
RH533.PRG(1204)    Warning C1004  Ambiguous reference, assuming memvar: 'NFRA32'
RH533.PRG(1232)    Warning C1003  Ambiguous reference: 'NPERC'
RH533.PRG(1243)    Warning C1003  Ambiguous reference: 'XANOMES'
RH533.PRG(1250)    Warning C1004  Ambiguous reference, assuming memvar: 'NTOTDESC'
RH533.PRG(1250)    Warning C1004  Ambiguous reference, assuming memvar: 'NTOTDESC'
RH533.PRG(1265)    Warning C1003  Ambiguous reference: 'NTOTDESC'
RH533.PRG(1271)    Warning C1003  Ambiguous reference: 'NTOTDESC'
RH533.PRG(1274)    Warning C1004  Ambiguous reference, assuming memvar: 'NBASEIS'
RH533.PRG(1275)    Warning C1004  Ambiguous reference, assuming memvar: 'NBASEIR'
RH533.PRG(1276)    Warning C1004  Ambiguous reference, assuming memvar: 'NBASEFG'
RH533.PRG(1281)    Warning C1004  Ambiguous reference, assuming memvar: 'NZERO'
RH533.PRG(1286)    Warning C1003  Ambiguous reference: 'DPGTO'
RH533.PRG(1286)    Warning C1003  Ambiguous reference: 'CPREP'
RH533.PRG(1310)    Warning C1001  RETURN statement with no value in function
RH533.PRG(1313)    Warning C1003  Ambiguous reference: 'XEMPRESA'
RH533.PRG(1363)    Warning C1003  Ambiguous reference: 'XANOMES'
RH533.PRG(1470)    Warning C1003  Ambiguous reference: 'XANOMES'
RH533.PRG(1979)    Warning C1001  RETURN statement with no value in function
RH533.PRG(2022)    Warning C1001  RETURN statement with no value in function
RH533.PRG(2041)    Warning C1001  RETURN statement with no value in function
RH533.PRG(2081)    Warning C1001  RETURN statement with no value in function
RH533.PRG(2090)    Warning C1001  RETURN statement with no value in function
RH533.PRG(2105)    Warning C1001  RETURN statement with no value in function
RH533.PRG(2112)    Warning C1001  RETURN statement with no value in function
RH533.PRG(2119)    Warning C1001  RETURN statement with no value in function
RH533.PRG(2134)    Warning C1001  RETURN statement with no value in function
RH533.PRG(2151)    Warning C1001  RETURN statement with no value in function
RH533.PRG(2160)    Warning C1001  RETURN statement with no value in function
RH533.PRG(2175)    Warning C1001  RETURN statement with no value in function
RH533.PRG(2204)    Warning C1001  RETURN statement with no value in function
RH533.PRG(2219)    Warning C1001  RETURN statement with no value in function
RH533.PRG(2345)    Warning C1001  RETURN statement with no value in function
650 warnings                
Code size 37027, Symbols 2768, Constants 44189
