312K available
Compiling RH538.PRG
RH538.PRG(17)  Warning C1004  Ambiguous reference, assuming memvar: 'SBLOCO1'
RH538.PRG(19)  Warning C1004  Ambiguous reference, assuming memvar: 'LPAUSA'
RH538.PRG(20)  Warning C1004  Ambiguous reference, assuming memvar: 'CLOCALIMP'
RH538.PRG(24)  Warning C1004  Ambiguous reference, assuming memvar: 'CAMBIENTE'
RH538.PRG(26)  Warning C1003  Ambiguous reference: 'XANOMES'
RH538.PRG(26)  Warning C1003  Ambiguous reference: 'XANOMES'
RH538.PRG(26)  Warning C1004  Ambiguous reference, assuming memvar: 'CMESANO'
RH538.PRG(27)  Warning C1004  Ambiguous reference, assuming memvar: 'CPAGTO'
RH538.PRG(28)  Warning C1004  Ambiguous reference, assuming memvar: 'CCLASSE'
RH538.PRG(29)  Warning C1004  Ambiguous reference, assuming memvar: 'CFUN'
RH538.PRG(30)  Warning C1004  Ambiguous reference, assuming memvar: 'NJUROS'
RH538.PRG(38)  Warning C1003  Ambiguous reference: 'CAMBIENTE'
RH538.PRG(38)  Warning C1003  Ambiguous reference: 'SBLOCO1'
RH538.PRG(42)  Warning C1003  Ambiguous reference: 'CAMBIENTE'
RH538.PRG(46)  Warning C1003  Ambiguous reference: 'CMESANO'
RH538.PRG(50)  Warning C1003  Ambiguous reference: 'CMESANO'
RH538.PRG(50)  Warning C1003  Ambiguous reference: 'CMESANO'
RH538.PRG(50)  Warning C1004  Ambiguous reference, assuming memvar: 'CANOMES'
RH538.PRG(52)  Warning C1003  Ambiguous reference: 'CPAGTO'
RH538.PRG(56)  Warning C1003  Ambiguous reference: 'XDRV_RH'
RH538.PRG(56)  Warning C1002  Procedure returns value
RH538.PRG(57)  Warning C1003  Ambiguous reference: 'CPAGTO'
RH538.PRG(59)  Warning C1003  Ambiguous reference: 'CCLASSE'
RH538.PRG(61)  Warning C1003  Ambiguous reference: 'CFUN'
RH538.PRG(63)  Warning C1003  Ambiguous reference: 'CFUN'
RH538.PRG(66)  Warning C1003  Ambiguous reference: 'NJUROS'
RH538.PRG(68)  Warning C1004  Ambiguous reference, assuming memvar: 'CLOCALIMP'
RH538.PRG(72)  Warning C1004  Ambiguous reference, assuming memvar: 'AEMP'
RH538.PRG(79)  Warning C1004  Ambiguous reference, assuming memvar: 'LPAUSA'
RH538.PRG(86)  Warning C1003  Ambiguous reference: 'CPAGTO'
RH538.PRG(87)  Warning C1003  Ambiguous reference: 'XDRV_RH'
RH538.PRG(87)  Warning C1002  Procedure returns value
RH538.PRG(88)  Warning C1003  Ambiguous reference: 'ANOMES'
RH538.PRG(88)  Warning C1003  Ambiguous reference: 'CANOMES'
RH538.PRG(93)  Warning C1003  Ambiguous reference: 'AEMP'
RH538.PRG(96)  Warning C1003  Ambiguous reference: 'AEMP'
RH538.PRG(97)  Warning C1004  Ambiguous reference, assuming memvar: 'AEMP'
RH538.PRG(116) Warning C1003  Ambiguous reference: 'XDRV_RH'
RH538.PRG(117) Warning C1003  Ambiguous reference: 'XDRV_RH'
RH538.PRG(118) Warning C1003  Ambiguous reference: 'XDRV_RH'
RH538.PRG(119) Warning C1003  Ambiguous reference: 'XDRV_RH'
RH538.PRG(120) Warning C1003  Ambiguous reference: 'XDRV_RH'
RH538.PRG(121) Warning C1003  Ambiguous reference: 'XDRV_RH'
RH538.PRG(123) Warning C1003  Ambiguous reference: 'ANOMES'
RH538.PRG(123) Warning C1003  Ambiguous reference: 'CANOMES'
RH538.PRG(125) Warning C1003  Ambiguous reference: 'ANOMES'
RH538.PRG(125) Warning C1003  Ambiguous reference: 'CANOMES'
RH538.PRG(130) Warning C1003  Ambiguous reference: 'MATRICULA'
RH538.PRG(130) Warning C1003  Ambiguous reference: 'CANOMES'
RH538.PRG(135) Warning C1003  Ambiguous reference: 'CANOMES'
RH538.PRG(139) Warning C1003  Ambiguous reference: 'XRAZAO'
RH538.PRG(142) Warning C1004  Ambiguous reference, assuming memvar: 'XNIVEL'
RH538.PRG(143) Warning C1004  Ambiguous reference, assuming memvar: 'NAUTO'
RH538.PRG(144) Warning C1004  Ambiguous reference, assuming memvar: 'CMENSA1'
RH538.PRG(145) Warning C1004  Ambiguous reference, assuming memvar: 'CMENSA2'
RH538.PRG(147) Warning C1003  Ambiguous reference: 'LPAUSA'
RH538.PRG(148) Warning C1003  Ambiguous reference: 'NAUTO'
RH538.PRG(153) Warning C1004  Ambiguous reference, assuming memvar: 'XNIVEL'
RH538.PRG(153) Warning C1004  Ambiguous reference, assuming memvar: 'XNIVEL'
RH538.PRG(154) Warning C1003  Ambiguous reference: 'CMENSA1'
RH538.PRG(159) Warning C1004  Ambiguous reference, assuming memvar: 'XNIVEL'
RH538.PRG(159) Warning C1004  Ambiguous reference, assuming memvar: 'XNIVEL'
RH538.PRG(160) Warning C1003  Ambiguous reference: 'CMENSA2'
RH538.PRG(181) Warning C1001  RETURN statement with no value in function
RH538.PRG(188) Warning C1004  Ambiguous reference, assuming memvar: 'NTOTLIQ'
RH538.PRG(188) Warning C1004  Ambiguous reference, assuming memvar: 'NTOTSAT'
RH538.PRG(188) Warning C1004  Ambiguous reference, assuming memvar: 'NTOTDED'
RH538.PRG(188) Warning C1004  Ambiguous reference, assuming memvar: 'NTOTTER'
RH538.PRG(188) Warning C1004  Ambiguous reference, assuming memvar: 'NTOTEMP'
RH538.PRG(190) Warning C1004  Ambiguous reference, assuming memvar: 'NTBASE2'
RH538.PRG(190) Warning C1004  Ambiguous reference, assuming memvar: 'NTBASE1'
RH538.PRG(194) Warning C1003  Ambiguous reference: 'CANOMES'
RH538.PRG(194) Warning C1003  Ambiguous reference: 'CANOMES'
RH538.PRG(195) Warning C1003  Ambiguous reference: 'CANOMES'
RH538.PRG(199) Warning C1003  Ambiguous reference: 'CLOCALIMP'
RH538.PRG(199) Warning C1001  RETURN statement with no value in function
RH538.PRG(202) Warning C1003  Ambiguous reference: 'CLOCALIMP'
RH538.PRG(203) Warning C1003  Ambiguous reference: 'XLOCALIMP'
RH538.PRG(203) Warning C1004  Ambiguous reference, assuming memvar: 'CLOCALIMP'
RH538.PRG(217) Warning C1003  Ambiguous reference: 'XDATASYS'
RH538.PRG(241) Warning C1003  Ambiguous reference: 'CAMBIENTE'
RH538.PRG(242) Warning C1003  Ambiguous reference: 'CANOMES'
RH538.PRG(243) Warning C1004  Ambiguous reference, assuming memvar: 'NTBASE2'
RH538.PRG(243) Warning C1004  Ambiguous reference, assuming memvar: 'NTBASE2'
RH538.PRG(244) Warning C1004  Ambiguous reference, assuming memvar: 'NTBASE1'
RH538.PRG(244) Warning C1004  Ambiguous reference, assuming memvar: 'NTBASE1'
RH538.PRG(247) Warning C1003  Ambiguous reference: 'CANOMES'
RH538.PRG(248) Warning C1004  Ambiguous reference, assuming memvar: 'NTBASE2'
RH538.PRG(248) Warning C1004  Ambiguous reference, assuming memvar: 'NTBASE2'
RH538.PRG(249) Warning C1004  Ambiguous reference, assuming memvar: 'NTBASE1'
RH538.PRG(249) Warning C1004  Ambiguous reference, assuming memvar: 'NTBASE1'
RH538.PRG(253) Warning C1003  Ambiguous reference: 'CANOMES'
RH538.PRG(254) Warning C1004  Ambiguous reference, assuming memvar: 'NTBASE2'
RH538.PRG(254) Warning C1004  Ambiguous reference, assuming memvar: 'NTBASE2'
RH538.PRG(255) Warning C1004  Ambiguous reference, assuming memvar: 'NTBASE1'
RH538.PRG(255) Warning C1004  Ambiguous reference, assuming memvar: 'NTBASE1'
RH538.PRG(259) Warning C1003  Ambiguous reference: 'CANOMES'
RH538.PRG(260) Warning C1004  Ambiguous reference, assuming memvar: 'NTBASE2'
RH538.PRG(260) Warning C1004  Ambiguous reference, assuming memvar: 'NTBASE2'
RH538.PRG(261) Warning C1004  Ambiguous reference, assuming memvar: 'NTBASE1'
RH538.PRG(261) Warning C1004  Ambiguous reference, assuming memvar: 'NTBASE1'
RH538.PRG(265) Warning C1003  Ambiguous reference: 'CANOMES'
RH538.PRG(266) Warning C1004  Ambiguous reference, assuming memvar: 'NTBASE2'
RH538.PRG(266) Warning C1004  Ambiguous reference, assuming memvar: 'NTBASE2'
RH538.PRG(267) Warning C1004  Ambiguous reference, assuming memvar: 'NTBASE1'
RH538.PRG(267) Warning C1004  Ambiguous reference, assuming memvar: 'NTBASE1'
RH538.PRG(271) Warning C1003  Ambiguous reference: 'CANOMES'
RH538.PRG(272) Warning C1004  Ambiguous reference, assuming memvar: 'NTBASE2'
RH538.PRG(272) Warning C1004  Ambiguous reference, assuming memvar: 'NTBASE2'
RH538.PRG(273) Warning C1004  Ambiguous reference, assuming memvar: 'NTBASE1'
RH538.PRG(273) Warning C1004  Ambiguous reference, assuming memvar: 'NTBASE1'
RH538.PRG(277) Warning C1003  Ambiguous reference: 'CANOMES'
RH538.PRG(278) Warning C1004  Ambiguous reference, assuming memvar: 'NTBASE2'
RH538.PRG(278) Warning C1004  Ambiguous reference, assuming memvar: 'NTBASE2'
RH538.PRG(279) Warning C1004  Ambiguous reference, assuming memvar: 'NTBASE1'
RH538.PRG(279) Warning C1004  Ambiguous reference, assuming memvar: 'NTBASE1'
RH538.PRG(293) Warning C1003  Ambiguous reference: 'CMESANO'
RH538.PRG(293) Warning C1003  Ambiguous reference: 'CMESANO'
RH538.PRG(295) Warning C1003  Ambiguous reference: 'NTBASE2'
RH538.PRG(295) Warning C1004  Ambiguous reference, assuming memvar: 'NTOTEMP'
RH538.PRG(300) Warning C1003  Ambiguous reference: 'NTBASE1'
RH538.PRG(304) Warning C1003  Ambiguous reference: 'NTOTEMP'
RH538.PRG(304) Warning C1004  Ambiguous reference, assuming memvar: 'NTOTEMP'
RH538.PRG(305) Warning C1003  Ambiguous reference: 'NTOTTER'
RH538.PRG(305) Warning C1004  Ambiguous reference, assuming memvar: 'NTOTTER'
RH538.PRG(306) Warning C1003  Ambiguous reference: 'NTOTSAT'
RH538.PRG(306) Warning C1004  Ambiguous reference, assuming memvar: 'NTOTSAT'
RH538.PRG(307) Warning C1003  Ambiguous reference: 'NTOTDED'
RH538.PRG(307) Warning C1004  Ambiguous reference, assuming memvar: 'NTOTDED'
RH538.PRG(310) Warning C1003  Ambiguous reference: 'NTOTDED'
RH538.PRG(310) Warning C1004  Ambiguous reference, assuming memvar: 'NACUMULA'
RH538.PRG(312) Warning C1003  Ambiguous reference: 'NTOTEMP'
RH538.PRG(312) Warning C1003  Ambiguous reference: 'NTOTTER'
RH538.PRG(312) Warning C1003  Ambiguous reference: 'NTOTDED'
RH538.PRG(312) Warning C1004  Ambiguous reference, assuming memvar: 'NACUMULA'
RH538.PRG(318) Warning C1001  RETURN statement with no value in function
RH538.PRG(320) Warning C1003  Ambiguous reference: 'XCOND1'
RH538.PRG(323) Warning C1003  Ambiguous reference: 'XRAZAO'
RH538.PRG(338) Warning C1003  Ambiguous reference: 'NTOTTER'
RH538.PRG(344) Warning C1003  Ambiguous reference: 'NTOTSAT'
RH538.PRG(350) Warning C1003  Ambiguous reference: 'NTOTEMP'
RH538.PRG(355) Warning C1003  Ambiguous reference: 'NTOTDED'
RH538.PRG(358) Warning C1003  Ambiguous reference: 'NTOTDED'
RH538.PRG(360) Warning C1003  Ambiguous reference: 'NTOTEMP'
RH538.PRG(360) Warning C1003  Ambiguous reference: 'NTOTTER'
RH538.PRG(360) Warning C1003  Ambiguous reference: 'NTOTSAT'
RH538.PRG(360) Warning C1003  Ambiguous reference: 'NTOTDED'
RH538.PRG(363) Warning C1003  Ambiguous reference: 'NJUROS'
RH538.PRG(364) Warning C1003  Ambiguous reference: 'NTOTEMP'
RH538.PRG(364) Warning C1003  Ambiguous reference: 'NJUROS'
RH538.PRG(368) Warning C1003  Ambiguous reference: 'NTBASE2'
RH538.PRG(371) Warning C1003  Ambiguous reference: 'NTBASE2'
RH538.PRG(372) Warning C1003  Ambiguous reference: 'NTBASE2'
RH538.PRG(381) Warning C1003  Ambiguous reference: 'CMENSA1'
RH538.PRG(382) Warning C1003  Ambiguous reference: 'CMENSA2'
RH538.PRG(385) Warning C1003  Ambiguous reference: 'XCOND1'
RH538.PRG(386) Warning C1003  Ambiguous reference: 'CPAGTO'
RH538.PRG(388) Warning C1003  Ambiguous reference: 'CAMBIENTE'
RH538.PRG(388) Warning C1003  Ambiguous reference: 'CANOMES'
RH538.PRG(392) Warning C1003  Ambiguous reference: 'NTOTEMP'
RH538.PRG(392) Warning C1003  Ambiguous reference: 'NTOTSAT'
RH538.PRG(392) Warning C1003  Ambiguous reference: 'NTOTDED'
RH538.PRG(393) Warning C1003  Ambiguous reference: 'XRAZAO'
RH538.PRG(399) Warning C1003  Ambiguous reference: 'NTOTTER'
RH538.PRG(401) Warning C1003  Ambiguous reference: 'NJUROS'
RH538.PRG(403) Warning C1003  Ambiguous reference: 'NJUROS'
RH538.PRG(413) Warning C1003  Ambiguous reference: 'XCOND1'
RH538.PRG(414) Warning C1003  Ambiguous reference: 'CPAGTO'
RH538.PRG(416) Warning C1003  Ambiguous reference: 'CAMBIENTE'
RH538.PRG(416) Warning C1003  Ambiguous reference: 'CANOMES'
RH538.PRG(420) Warning C1003  Ambiguous reference: 'NTOTEMP'
RH538.PRG(420) Warning C1003  Ambiguous reference: 'NTOTSAT'
RH538.PRG(420) Warning C1003  Ambiguous reference: 'NTOTDED'
RH538.PRG(421) Warning C1003  Ambiguous reference: 'XRAZAO'
RH538.PRG(427) Warning C1003  Ambiguous reference: 'NTOTTER'
RH538.PRG(429) Warning C1003  Ambiguous reference: 'NJUROS'
RH538.PRG(431) Warning C1003  Ambiguous reference: 'NJUROS'
RH538.PRG(440) Warning C1001  RETURN statement with no value in function
RH538.PRG(448) Warning C1003  Ambiguous reference: 'CANOMES'
RH538.PRG(448) Warning C1003  Ambiguous reference: 'CANOMES'
RH538.PRG(449) Warning C1003  Ambiguous reference: 'CANOMES'
RH538.PRG(453) Warning C1003  Ambiguous reference: 'CLOCALIMP'
RH538.PRG(453) Warning C1001  RETURN statement with no value in function
RH538.PRG(456) Warning C1003  Ambiguous reference: 'CLOCALIMP'
RH538.PRG(457) Warning C1003  Ambiguous reference: 'XLOCALIMP'
RH538.PRG(457) Warning C1004  Ambiguous reference, assuming memvar: 'CLOCALIMP'
RH538.PRG(460) Warning C1001  RETURN statement with no value in function
RH538.PRG(462) Warning C1003  Ambiguous reference: 'XCOND1'
RH538.PRG(462) Warning C1003  Ambiguous reference: 'XACARTA'
RH538.PRG(463) Warning C1003  Ambiguous reference: 'CPAGTO'
RH538.PRG(464) Warning C1003  Ambiguous reference: 'CAMBIENTE'
RH538.PRG(467) Warning C1003  Ambiguous reference: 'CANOMES'
RH538.PRG(476) Warning C1003  Ambiguous reference: 'CCLASSE'
RH538.PRG(476) Warning C1004  Ambiguous reference, assuming memvar: 'NVALOR'
RH538.PRG(478) Warning C1004  Ambiguous reference, assuming memvar: 'NVALOR'
RH538.PRG(492) Warning C1004  Ambiguous reference, assuming memvar: 'NVALOR'
RH538.PRG(498) Warning C1001  RETURN statement with no value in function
197 warnings                
Code size 5315, Symbols 1712, Constants 6413
