238K available
Compiling RH540.PRG
RH540.PRG(14)  Warning C1003  Ambiguous reference: 'XNIVEL'
RH540.PRG(14)  Warning C1003  Ambiguous reference: 'XFLAG'
RH540.PRG(16)  Warning C1004  Ambiguous reference, assuming memvar: 'CMATRICULA'
RH540.PRG(17)  Warning C1004  Ambiguous reference, assuming memvar: 'LPRI'
RH540.PRG(19)  Warning C1004  Ambiguous reference, assuming memvar: 'AEDICAO'
RH540.PRG(25)  Warning C1003  Ambiguous reference: 'AEDICAO'
RH540.PRG(25)  Warning C1003  Ambiguous reference: 'CMATRICULA'
RH540.PRG(26)  Warning C1003  Ambiguous reference: 'AEDICAO'
RH540.PRG(31)  Warning C1004  Ambiguous reference, assuming memvar: 'XNIVEL'
RH540.PRG(32)  Warning C1004  Ambiguous reference, assuming memvar: 'XFLAG'
RH540.PRG(33)  Warning C1004  Ambiguous reference, assuming memvar: 'CMATRICULA'
RH540.PRG(37)  Warning C1003  Ambiguous reference: 'XNIVEL'
RH540.PRG(37)  Warning C1003  Ambiguous reference: 'XNIVEL'
RH540.PRG(37)  Warning C1003  Ambiguous reference: 'AEDICAO'
RH540.PRG(38)  Warning C1004  Ambiguous reference, assuming memvar: 'AEDICAO'
RH540.PRG(38)  Warning C1003  Ambiguous reference: 'XNIVEL'
RH540.PRG(40)  Warning C1004  Ambiguous reference, assuming memvar: 'AEDICAO'
RH540.PRG(40)  Warning C1003  Ambiguous reference: 'XNIVEL'
RH540.PRG(41)  Warning C1003  Ambiguous reference: 'XFLAG'
RH540.PRG(41)  Warning C1004  Ambiguous reference, assuming memvar: 'XNIVEL'
RH540.PRG(41)  Warning C1004  Ambiguous reference, assuming memvar: 'XNIVEL'
RH540.PRG(41)  Warning C1004  Ambiguous reference, assuming memvar: 'XNIVEL'
RH540.PRG(41)  Warning C1004  Ambiguous reference, assuming memvar: 'XNIVEL'
RH540.PRG(57)  Warning C1003  Ambiguous reference: 'CMATRICULA'
RH540.PRG(58)  Warning C1003  Ambiguous reference: 'XNIVEL'
RH540.PRG(58)  Warning C1003  Ambiguous reference: 'CMATRICULA'
RH540.PRG(58)  Warning C1004  Ambiguous reference, assuming memvar: 'CMATRICULA'
RH540.PRG(61)  Warning C1003  Ambiguous reference: 'CMATRICULA'
RH540.PRG(62)  Warning C1003  Ambiguous reference: 'XNIVEL'
RH540.PRG(124) Warning C1003  Ambiguous reference: 'MATRICULA'
RH540.PRG(124) Warning C1003  Ambiguous reference: 'ANOMES'
RH540.PRG(172) Warning C1004  Ambiguous reference, assuming memvar: 'CDEM_SL'
RH540.PRG(178) Warning C1004  Ambiguous reference, assuming memvar: 'NPERC'
RH540.PRG(180) Warning C1003  Ambiguous reference: 'NPERC'
RH540.PRG(207) Warning C1003  Ambiguous reference: 'MATRICULA'
RH540.PRG(207) Warning C1003  Ambiguous reference: 'ANOMES'
RH540.PRG(231) Warning C1001  RETURN statement with no value in function
RH540.PRG(234) Warning C1003  Ambiguous reference: 'XCOND1'
RH540.PRG(238) Warning C1003  Ambiguous reference: 'XDATASYS'
RH540.PRG(238) Warning C1003  Ambiguous reference: 'XDATASYS'
RH540.PRG(285) Warning C1004  Ambiguous reference, assuming memvar: 'NRESTO'
RH540.PRG(286) Warning C1003  Ambiguous reference: 'NRESTO'
RH540.PRG(287) Warning C1003  Ambiguous reference: 'NRESTO'
RH540.PRG(294) Warning C1004  Ambiguous reference, assuming memvar: 'NRESTO'
RH540.PRG(315) Warning C1004  Ambiguous reference, assuming memvar: 'NRESTO'
RH540.PRG(316) Warning C1003  Ambiguous reference: 'NRESTO'
RH540.PRG(317) Warning C1003  Ambiguous reference: 'NRESTO'
RH540.PRG(323) Warning C1004  Ambiguous reference, assuming memvar: 'NRESTO'
RH540.PRG(352) Warning C1004  Ambiguous reference, assuming memvar: 'NRESTO'
RH540.PRG(353) Warning C1003  Ambiguous reference: 'NRESTO'
RH540.PRG(354) Warning C1003  Ambiguous reference: 'NRESTO'
RH540.PRG(361) Warning C1004  Ambiguous reference, assuming memvar: 'NRESTO'
RH540.PRG(389) Warning C1004  Ambiguous reference, assuming memvar: 'NRESTO'
RH540.PRG(390) Warning C1003  Ambiguous reference: 'NRESTO'
RH540.PRG(391) Warning C1003  Ambiguous reference: 'NRESTO'
RH540.PRG(398) Warning C1004  Ambiguous reference, assuming memvar: 'NRESTO'
RH540.PRG(424) Warning C1004  Ambiguous reference, assuming memvar: 'NRESTO'
RH540.PRG(425) Warning C1003  Ambiguous reference: 'NRESTO'
RH540.PRG(426) Warning C1003  Ambiguous reference: 'NRESTO'
RH540.PRG(439) Warning C1004  Ambiguous reference, assuming memvar: 'NRESTO'
RH540.PRG(452) Warning C1001  RETURN statement with no value in function
61 warnings                
Code size 5357, Symbols 1200, Constants 2067
