312K available
Compiling RH541.PRG
RH541.PRG(14)  Warning C1003  Ambiguous reference: 'XNIVEL'
RH541.PRG(14)  Warning C1003  Ambiguous reference: 'XFLAG'
RH541.PRG(14)  Warning C1003  Ambiguous reference: 'CORDEM'
RH541.PRG(16)  Warning C1004  Ambiguous reference, assuming memvar: 'SBLOCO1'
RH541.PRG(19)  Warning C1003  Ambiguous reference: 'XDATASYS'
RH541.PRG(19)  Warning C1004  Ambiguous reference, assuming memvar: 'DDAT'
RH541.PRG(24)  Warning C1004  Ambiguous reference, assuming memvar: 'AEDICAO'
RH541.PRG(26)  Warning C1003  Ambiguous reference: 'ANOMES'
RH541.PRG(26)  Warning C1003  Ambiguous reference: 'XANOMES'
RH541.PRG(30)  Warning C1003  Ambiguous reference: 'AEDICAO'
RH541.PRG(30)  Warning C1003  Ambiguous reference: 'CORDEM'
RH541.PRG(30)  Warning C1003  Ambiguous reference: 'SBLOCO1'
RH541.PRG(31)  Warning C1003  Ambiguous reference: 'AEDICAO'
RH541.PRG(31)  Warning C1003  Ambiguous reference: 'DDAT'
RH541.PRG(32)  Warning C1003  Ambiguous reference: 'AEDICAO'
RH541.PRG(32)  Warning C1003  Ambiguous reference: 'CCENTRO'
RH541.PRG(33)  Warning C1003  Ambiguous reference: 'AEDICAO'
RH541.PRG(34)  Warning C1003  Ambiguous reference: 'AEDICAO'
RH541.PRG(34)  Warning C1003  Ambiguous reference: 'CFILIAL'
RH541.PRG(35)  Warning C1003  Ambiguous reference: 'AEDICAO'
RH541.PRG(36)  Warning C1003  Ambiguous reference: 'AEDICAO'
RH541.PRG(36)  Warning C1003  Ambiguous reference: 'CGRUPOC'
RH541.PRG(37)  Warning C1003  Ambiguous reference: 'AEDICAO'
RH541.PRG(42)  Warning C1004  Ambiguous reference, assuming memvar: 'XNIVEL'
RH541.PRG(43)  Warning C1004  Ambiguous reference, assuming memvar: 'XFLAG'
RH541.PRG(44)  Warning C1004  Ambiguous reference, assuming memvar: 'CMATRICULA'
RH541.PRG(45)  Warning C1004  Ambiguous reference, assuming memvar: 'CCENTRO'
RH541.PRG(46)  Warning C1004  Ambiguous reference, assuming memvar: 'CFILIAL'
RH541.PRG(47)  Warning C1004  Ambiguous reference, assuming memvar: 'CGRUPOC'
RH541.PRG(48)  Warning C1004  Ambiguous reference, assuming memvar: 'CPOSIC'
RH541.PRG(49)  Warning C1004  Ambiguous reference, assuming memvar: 'CORDEM'
RH541.PRG(53)  Warning C1003  Ambiguous reference: 'XNIVEL'
RH541.PRG(53)  Warning C1003  Ambiguous reference: 'XNIVEL'
RH541.PRG(53)  Warning C1003  Ambiguous reference: 'AEDICAO'
RH541.PRG(54)  Warning C1004  Ambiguous reference, assuming memvar: 'AEDICAO'
RH541.PRG(54)  Warning C1003  Ambiguous reference: 'XNIVEL'
RH541.PRG(56)  Warning C1004  Ambiguous reference, assuming memvar: 'AEDICAO'
RH541.PRG(56)  Warning C1003  Ambiguous reference: 'XNIVEL'
RH541.PRG(57)  Warning C1003  Ambiguous reference: 'XFLAG'
RH541.PRG(57)  Warning C1004  Ambiguous reference, assuming memvar: 'XNIVEL'
RH541.PRG(57)  Warning C1004  Ambiguous reference, assuming memvar: 'XNIVEL'
RH541.PRG(57)  Warning C1004  Ambiguous reference, assuming memvar: 'XNIVEL'
RH541.PRG(57)  Warning C1004  Ambiguous reference, assuming memvar: 'XNIVEL'
RH541.PRG(72)  Warning C1003  Ambiguous reference: 'XNIVEL'
RH541.PRG(72)  Warning C1003  Ambiguous reference: 'CORDEM'
RH541.PRG(74)  Warning C1003  Ambiguous reference: 'CCENTRO'
RH541.PRG(75)  Warning C1003  Ambiguous reference: 'CCENTRO'
RH541.PRG(79)  Warning C1003  Ambiguous reference: 'CCENTRO'
RH541.PRG(84)  Warning C1003  Ambiguous reference: 'XNIVEL'
RH541.PRG(84)  Warning C1003  Ambiguous reference: 'CCENTRO'
RH541.PRG(86)  Warning C1003  Ambiguous reference: 'XNIVEL'
RH541.PRG(86)  Warning C1003  Ambiguous reference: 'CFILIAL'
RH541.PRG(88)  Warning C1003  Ambiguous reference: 'XNIVEL'
RH541.PRG(88)  Warning C1003  Ambiguous reference: 'CGRUPOC'
RH541.PRG(100) Warning C1003  Ambiguous reference: 'CCENTRO'
RH541.PRG(102) Warning C1003  Ambiguous reference: 'CCENTRO'
RH541.PRG(102) Warning C1004  Ambiguous reference, assuming memvar: 'BFILTRO'
RH541.PRG(103) Warning C1003  Ambiguous reference: 'CFILIAL'
RH541.PRG(104) Warning C1003  Ambiguous reference: 'CFILIAL'
RH541.PRG(104) Warning C1004  Ambiguous reference, assuming memvar: 'BFILTRO'
RH541.PRG(105) Warning C1003  Ambiguous reference: 'CGRUPOC'
RH541.PRG(106) Warning C1003  Ambiguous reference: 'CGRUPOC'
RH541.PRG(106) Warning C1004  Ambiguous reference, assuming memvar: 'BFILTRO'
RH541.PRG(108) Warning C1004  Ambiguous reference, assuming memvar: 'BFILTRO'
RH541.PRG(114) Warning C1003  Ambiguous reference: 'CORDEM'
RH541.PRG(115) Warning C1003  Ambiguous reference: 'CORDEM'
RH541.PRG(132) Warning C1001  RETURN statement with no value in function
RH541.PRG(137) Warning C1003  Ambiguous reference: 'XDATASYS'
RH541.PRG(144) Warning C1001  RETURN statement with no value in function
RH541.PRG(146) Warning C1003  Ambiguous reference: 'XPAGINA'
RH541.PRG(148) Warning C1003  Ambiguous reference: 'XCOND1'
RH541.PRG(150) Warning C1003  Ambiguous reference: 'XCOND0'
RH541.PRG(150) Warning C1003  Ambiguous reference: 'XAEXPAN'
RH541.PRG(150) Warning C1003  Ambiguous reference: 'XDEXPAN'
RH541.PRG(150) Warning C1003  Ambiguous reference: 'XCOND1'
RH541.PRG(152) Warning C1003  Ambiguous reference: 'XRAZAO'
RH541.PRG(153) Warning C1003  Ambiguous reference: 'XCGCCPF'
RH541.PRG(154) Warning C1003  Ambiguous reference: 'XPAGINA'
RH541.PRG(155) Warning C1003  Ambiguous reference: 'XENDERECO'
RH541.PRG(155) Warning C1003  Ambiguous reference: 'XNUMERO'
RH541.PRG(156) Warning C1003  Ambiguous reference: 'XBAIRRO'
RH541.PRG(166) Warning C1003  Ambiguous reference: 'BFILTRO'
RH541.PRG(185) Warning C1001  RETURN statement with no value in function
RH541.PRG(193) Warning C1003  Ambiguous reference: 'XCGM'
RH541.PRG(194) Warning C1003  Ambiguous reference: 'DDAT'
RH541.PRG(195) Warning C1003  Ambiguous reference: 'DDAT'
RH541.PRG(196) Warning C1003  Ambiguous reference: 'DDAT'
RH541.PRG(201) Warning C1001  RETURN statement with no value in function
88 warnings                
Code size 2378, Symbols 1344, Constants 710
