238K available
Compiling RH542.PRG
RH542.PRG(14)  Warning C1003  Ambiguous reference: 'XNIVEL'
RH542.PRG(14)  Warning C1003  Ambiguous reference: 'XFLAG'
RH542.PRG(14)  Warning C1003  Ambiguous reference: 'NQUANT'
RH542.PRG(18)  Warning C1004  Ambiguous reference, assuming memvar: 'AEDICAO'
RH542.PRG(25)  Warning C1003  Ambiguous reference: 'AEDICAO'
RH542.PRG(25)  Warning C1003  Ambiguous reference: 'NQUANT'
RH542.PRG(26)  Warning C1003  Ambiguous reference: 'AEDICAO'
RH542.PRG(26)  Warning C1003  Ambiguous reference: 'CCENTRO'
RH542.PRG(27)  Warning C1003  Ambiguous reference: 'AEDICAO'
RH542.PRG(28)  Warning C1003  Ambiguous reference: 'AEDICAO'
RH542.PRG(28)  Warning C1003  Ambiguous reference: 'CFILIAL'
RH542.PRG(29)  Warning C1003  Ambiguous reference: 'AEDICAO'
RH542.PRG(35)  Warning C1004  Ambiguous reference, assuming memvar: 'XNIVEL'
RH542.PRG(36)  Warning C1004  Ambiguous reference, assuming memvar: 'XFLAG'
RH542.PRG(37)  Warning C1004  Ambiguous reference, assuming memvar: 'CCENTRO'
RH542.PRG(38)  Warning C1004  Ambiguous reference, assuming memvar: 'CFILIAL'
RH542.PRG(39)  Warning C1004  Ambiguous reference, assuming memvar: 'NQUANT'
RH542.PRG(43)  Warning C1003  Ambiguous reference: 'XNIVEL'
RH542.PRG(43)  Warning C1003  Ambiguous reference: 'XNIVEL'
RH542.PRG(43)  Warning C1003  Ambiguous reference: 'AEDICAO'
RH542.PRG(44)  Warning C1004  Ambiguous reference, assuming memvar: 'AEDICAO'
RH542.PRG(44)  Warning C1003  Ambiguous reference: 'XNIVEL'
RH542.PRG(46)  Warning C1004  Ambiguous reference, assuming memvar: 'AEDICAO'
RH542.PRG(46)  Warning C1003  Ambiguous reference: 'XNIVEL'
RH542.PRG(47)  Warning C1003  Ambiguous reference: 'XFLAG'
RH542.PRG(47)  Warning C1004  Ambiguous reference, assuming memvar: 'XNIVEL'
RH542.PRG(47)  Warning C1004  Ambiguous reference, assuming memvar: 'XNIVEL'
RH542.PRG(47)  Warning C1004  Ambiguous reference, assuming memvar: 'XNIVEL'
RH542.PRG(47)  Warning C1004  Ambiguous reference, assuming memvar: 'XNIVEL'
RH542.PRG(74)  Warning C1003  Ambiguous reference: 'XDATASYS'
RH542.PRG(74)  Warning C1004  Ambiguous reference, assuming memvar: 'NMESES'
RH542.PRG(75)  Warning C1003  Ambiguous reference: 'NMESES'
RH542.PRG(76)  Warning C1003  Ambiguous reference: 'NMESES'
RH542.PRG(76)  Warning C1004  Ambiguous reference, assuming memvar: 'NMESES'
RH542.PRG(78)  Warning C1003  Ambiguous reference: 'NMESES'
RH542.PRG(78)  Warning C1004  Ambiguous reference, assuming memvar: 'NMESES'
RH542.PRG(80)  Warning C1003  Ambiguous reference: 'NMESES'
RH542.PRG(88)  Warning C1003  Ambiguous reference: 'CCENTRO'
RH542.PRG(89)  Warning C1003  Ambiguous reference: 'CCENTRO'
RH542.PRG(93)  Warning C1003  Ambiguous reference: 'CCENTRO'
RH542.PRG(98)  Warning C1003  Ambiguous reference: 'XNIVEL'
RH542.PRG(98)  Warning C1003  Ambiguous reference: 'CCENTRO'
RH542.PRG(100) Warning C1003  Ambiguous reference: 'XNIVEL'
RH542.PRG(100) Warning C1003  Ambiguous reference: 'CFILIAL'
RH542.PRG(113) Warning C1004  Ambiguous reference, assuming memvar: 'NVENC'
RH542.PRG(114) Warning C1001  RETURN statement with no value in function
RH542.PRG(115) Warning C1003  Ambiguous reference: 'ANOMES'
RH542.PRG(115) Warning C1003  Ambiguous reference: 'XANOMES'
RH542.PRG(115) Warning C1003  Ambiguous reference: 'SITUACAO'
RH542.PRG(126) Warning C1003  Ambiguous reference: 'XDATASYS'
RH542.PRG(132) Warning C1001  RETURN statement with no value in function
RH542.PRG(134) Warning C1003  Ambiguous reference: 'XPAGINA'
RH542.PRG(135) Warning C1003  Ambiguous reference: 'XCOND0'
RH542.PRG(138) Warning C1003  Ambiguous reference: 'CCENTRO'
RH542.PRG(141) Warning C1003  Ambiguous reference: 'CFILIAL'
RH542.PRG(144) Warning C1003  Ambiguous reference: 'XCOND1'
RH542.PRG(148) Warning C1003  Ambiguous reference: 'XDATASYS'
RH542.PRG(148) Warning C1004  Ambiguous reference, assuming memvar: 'NVENC'
RH542.PRG(149) Warning C1003  Ambiguous reference: 'NVENC'
RH542.PRG(150) Warning C1003  Ambiguous reference: 'NVENC'
RH542.PRG(150) Warning C1004  Ambiguous reference, assuming memvar: 'NVENC'
RH542.PRG(152) Warning C1003  Ambiguous reference: 'NVENC'
RH542.PRG(152) Warning C1004  Ambiguous reference, assuming memvar: 'NVENC'
RH542.PRG(157) Warning C1003  Ambiguous reference: 'XCOND1'
RH542.PRG(160) Warning C1003  Ambiguous reference: 'XCOND0'
RH542.PRG(164) Warning C1003  Ambiguous reference: 'XCOND1'
RH542.PRG(164) Warning C1003  Ambiguous reference: 'NVENC'
RH542.PRG(165) Warning C1003  Ambiguous reference: 'NVENC'
RH542.PRG(166) Warning C1004  Ambiguous reference, assuming memvar: 'NVENC'
RH542.PRG(174) Warning C1003  Ambiguous reference: 'XCOND1'
RH542.PRG(175) Warning C1003  Ambiguous reference: 'XCOND1'
RH542.PRG(188) Warning C1001  RETURN statement with no value in function
72 warnings                
Code size 1785, Symbols 944, Constants 567
