312K available
Compiling RH543.PRG
RH543.PRG(14)  Warning C1003  Ambiguous reference: 'XNIVEL'
RH543.PRG(14)  Warning C1003  Ambiguous reference: 'XFLAG'
RH543.PRG(14)  Warning C1003  Ambiguous reference: 'CMESANO'
RH543.PRG(16)  Warning C1004  Ambiguous reference, assuming memvar: 'SBLOCO1'
RH543.PRG(28)  Warning C1004  Ambiguous reference, assuming memvar: 'NPER'
RH543.PRG(29)  Warning C1004  Ambiguous reference, assuming memvar: 'NSAL1'
RH543.PRG(30)  Warning C1004  Ambiguous reference, assuming memvar: 'NSAL2'
RH543.PRG(31)  Warning C1004  Ambiguous reference, assuming memvar: 'NSAL3'
RH543.PRG(32)  Warning C1004  Ambiguous reference, assuming memvar: 'LPRI'
RH543.PRG(34)  Warning C1004  Ambiguous reference, assuming memvar: 'AEDICAO'
RH543.PRG(36)  Warning C1003  Ambiguous reference: 'ANOMES'
RH543.PRG(36)  Warning C1003  Ambiguous reference: 'XANOMES'
RH543.PRG(40)  Warning C1003  Ambiguous reference: 'AEDICAO'
RH543.PRG(40)  Warning C1003  Ambiguous reference: 'CMESANO'
RH543.PRG(41)  Warning C1003  Ambiguous reference: 'AEDICAO'
RH543.PRG(41)  Warning C1003  Ambiguous reference: 'CORDEM'
RH543.PRG(41)  Warning C1003  Ambiguous reference: 'SBLOCO1'
RH543.PRG(42)  Warning C1003  Ambiguous reference: 'AEDICAO'
RH543.PRG(42)  Warning C1003  Ambiguous reference: 'CMATRICULA'
RH543.PRG(43)  Warning C1003  Ambiguous reference: 'AEDICAO'
RH543.PRG(44)  Warning C1003  Ambiguous reference: 'AEDICAO'
RH543.PRG(44)  Warning C1003  Ambiguous reference: 'CCENTRO'
RH543.PRG(45)  Warning C1003  Ambiguous reference: 'AEDICAO'
RH543.PRG(46)  Warning C1003  Ambiguous reference: 'AEDICAO'
RH543.PRG(46)  Warning C1003  Ambiguous reference: 'CFILIAL'
RH543.PRG(47)  Warning C1003  Ambiguous reference: 'AEDICAO'
RH543.PRG(48)  Warning C1003  Ambiguous reference: 'AEDICAO'
RH543.PRG(48)  Warning C1003  Ambiguous reference: 'CGRUPOC'
RH543.PRG(49)  Warning C1003  Ambiguous reference: 'AEDICAO'
RH543.PRG(56)  Warning C1004  Ambiguous reference, assuming memvar: 'XNIVEL'
RH543.PRG(57)  Warning C1004  Ambiguous reference, assuming memvar: 'XFLAG'
RH543.PRG(58)  Warning C1004  Ambiguous reference, assuming memvar: 'CMATRICULA'
RH543.PRG(59)  Warning C1004  Ambiguous reference, assuming memvar: 'CCENTRO'
RH543.PRG(60)  Warning C1004  Ambiguous reference, assuming memvar: 'CFILIAL'
RH543.PRG(61)  Warning C1004  Ambiguous reference, assuming memvar: 'CGRUPOC'
RH543.PRG(62)  Warning C1003  Ambiguous reference: 'XANOMES'
RH543.PRG(62)  Warning C1003  Ambiguous reference: 'XANOMES'
RH543.PRG(62)  Warning C1004  Ambiguous reference, assuming memvar: 'CMESANO'
RH543.PRG(63)  Warning C1004  Ambiguous reference, assuming memvar: 'CINCSAL'
RH543.PRG(63)  Warning C1004  Ambiguous reference, assuming memvar: 'CHOMOLO'
RH543.PRG(63)  Warning C1004  Ambiguous reference, assuming memvar: 'CORDEM'
RH543.PRG(67)  Warning C1003  Ambiguous reference: 'XNIVEL'
RH543.PRG(67)  Warning C1003  Ambiguous reference: 'XNIVEL'
RH543.PRG(67)  Warning C1003  Ambiguous reference: 'AEDICAO'
RH543.PRG(68)  Warning C1004  Ambiguous reference, assuming memvar: 'AEDICAO'
RH543.PRG(68)  Warning C1003  Ambiguous reference: 'XNIVEL'
RH543.PRG(70)  Warning C1004  Ambiguous reference, assuming memvar: 'AEDICAO'
RH543.PRG(70)  Warning C1003  Ambiguous reference: 'XNIVEL'
RH543.PRG(71)  Warning C1003  Ambiguous reference: 'XFLAG'
RH543.PRG(71)  Warning C1004  Ambiguous reference, assuming memvar: 'XNIVEL'
RH543.PRG(71)  Warning C1004  Ambiguous reference, assuming memvar: 'XNIVEL'
RH543.PRG(71)  Warning C1004  Ambiguous reference, assuming memvar: 'XNIVEL'
RH543.PRG(71)  Warning C1004  Ambiguous reference, assuming memvar: 'XNIVEL'
RH543.PRG(86)  Warning C1003  Ambiguous reference: 'CMESANO'
RH543.PRG(86)  Warning C1004  Ambiguous reference, assuming memvar: 'CANOMES'
RH543.PRG(88)  Warning C1003  Ambiguous reference: 'XNIVEL'
RH543.PRG(88)  Warning C1003  Ambiguous reference: 'CORDEM'
RH543.PRG(90)  Warning C1003  Ambiguous reference: 'CMATRICULA'
RH543.PRG(91)  Warning C1003  Ambiguous reference: 'XNIVEL'
RH543.PRG(91)  Warning C1003  Ambiguous reference: 'CMATRICULA'
RH543.PRG(91)  Warning C1004  Ambiguous reference, assuming memvar: 'CMATRICULA'
RH543.PRG(93)  Warning C1003  Ambiguous reference: 'XNIVEL'
RH543.PRG(93)  Warning C1003  Ambiguous reference: 'CMATRICULA'
RH543.PRG(95)  Warning C1003  Ambiguous reference: 'CCENTRO'
RH543.PRG(96)  Warning C1003  Ambiguous reference: 'CCENTRO'
RH543.PRG(100) Warning C1003  Ambiguous reference: 'CCENTRO'
RH543.PRG(105) Warning C1003  Ambiguous reference: 'XNIVEL'
RH543.PRG(105) Warning C1003  Ambiguous reference: 'CCENTRO'
RH543.PRG(107) Warning C1003  Ambiguous reference: 'XNIVEL'
RH543.PRG(107) Warning C1003  Ambiguous reference: 'CFILIAL'
RH543.PRG(109) Warning C1003  Ambiguous reference: 'XNIVEL'
RH543.PRG(109) Warning C1003  Ambiguous reference: 'CGRUPOC'
RH543.PRG(111) Warning C1003  Ambiguous reference: 'XNIVEL'
RH543.PRG(111) Warning C1003  Ambiguous reference: 'CINCSAL'
RH543.PRG(113) Warning C1003  Ambiguous reference: 'XNIVEL'
RH543.PRG(113) Warning C1003  Ambiguous reference: 'CHOMOLO'
RH543.PRG(125) Warning C1003  Ambiguous reference: 'CCENTRO'
RH543.PRG(127) Warning C1003  Ambiguous reference: 'CFILIAL'
RH543.PRG(128) Warning C1003  Ambiguous reference: 'CFILIAL'
RH543.PRG(128) Warning C1004  Ambiguous reference, assuming memvar: 'BFILTRO'
RH543.PRG(129) Warning C1003  Ambiguous reference: 'CGRUPOC'
RH543.PRG(130) Warning C1003  Ambiguous reference: 'CGRUPOC'
RH543.PRG(130) Warning C1004  Ambiguous reference, assuming memvar: 'BFILTRO'
RH543.PRG(132) Warning C1004  Ambiguous reference, assuming memvar: 'BFILTRO'
RH543.PRG(138) Warning C1003  Ambiguous reference: 'CORDEM'
RH543.PRG(139) Warning C1003  Ambiguous reference: 'CORDEM'
RH543.PRG(145) Warning C1003  Ambiguous reference: 'CMESANO'
RH543.PRG(145) Warning C1004  Ambiguous reference, assuming memvar: 'CANOMES'
RH543.PRG(146) Warning C1003  Ambiguous reference: 'ANOMES'
RH543.PRG(146) Warning C1003  Ambiguous reference: 'CANOMES'
RH543.PRG(148) Warning C1003  Ambiguous reference: 'CBO'
RH543.PRG(149) Warning C1003  Ambiguous reference: 'CARGO'
RH543.PRG(166) Warning C1001  RETURN statement with no value in function
RH543.PRG(168) Warning C1003  Ambiguous reference: 'CMATRICULA'
RH543.PRG(169) Warning C1003  Ambiguous reference: 'CMATRICULA'
RH543.PRG(178) Warning C1003  Ambiguous reference: 'CCENTRO'
RH543.PRG(178) Warning C1003  Ambiguous reference: 'CCENTRO'
RH543.PRG(183) Warning C1003  Ambiguous reference: 'XDATASYS'
RH543.PRG(188) Warning C1003  Ambiguous reference: 'XPAGINA'
RH543.PRG(190) Warning C1003  Ambiguous reference: 'XCOND1'
RH543.PRG(196) Warning C1001  RETURN statement with no value in function
RH543.PRG(201) Warning C1003  Ambiguous reference: 'BFILTRO'
RH543.PRG(201) Warning C1003  Ambiguous reference: 'CHOMOLO'
RH543.PRG(207) Warning C1003  Ambiguous reference: 'CMATRICULA'
RH543.PRG(213) Warning C1001  RETURN statement with no value in function
RH543.PRG(219) Warning C1004  Ambiguous reference, assuming memvar: 'NSAL1'
RH543.PRG(220) Warning C1004  Ambiguous reference, assuming memvar: 'LPRI'
RH543.PRG(221) Warning C1004  Ambiguous reference, assuming memvar: 'CMAT'
RH543.PRG(229) Warning C1004  Ambiguous reference, assuming memvar: 'NSAL2'
RH543.PRG(231) Warning C1004  Ambiguous reference, assuming memvar: 'NSAL3'
RH543.PRG(233) Warning C1003  Ambiguous reference: 'LPRI'
RH543.PRG(234) Warning C1003  Ambiguous reference: 'NSAL3'
RH543.PRG(234) Warning C1003  Ambiguous reference: 'NSAL1'
RH543.PRG(234) Warning C1003  Ambiguous reference: 'NSAL1'
RH543.PRG(234) Warning C1004  Ambiguous reference, assuming memvar: 'NPER'
RH543.PRG(236) Warning C1003  Ambiguous reference: 'NSAL3'
RH543.PRG(236) Warning C1003  Ambiguous reference: 'NSAL2'
RH543.PRG(236) Warning C1003  Ambiguous reference: 'NSAL2'
RH543.PRG(236) Warning C1004  Ambiguous reference, assuming memvar: 'NPER'
RH543.PRG(239) Warning C1003  Ambiguous reference: 'NSAL3'
RH543.PRG(239) Warning C1003  Ambiguous reference: 'NSAL2'
RH543.PRG(240) Warning C1004  Ambiguous reference, assuming memvar: 'NPER'
RH543.PRG(245) Warning C1003  Ambiguous reference: 'CMAT'
RH543.PRG(250) Warning C1003  Ambiguous reference: 'NPER'
RH543.PRG(250) Warning C1003  Ambiguous reference: 'NPER'
RH543.PRG(255) Warning C1001  RETURN statement with no value in function
126 warnings                
Code size 2729, Symbols 1280, Constants 951
