312K available
Compiling RH544.PRG
RH544.PRG(17)  Warning C1004  Ambiguous reference, assuming memvar: 'SBLOCO1'
RH544.PRG(19)  Warning C1004  Ambiguous reference, assuming memvar: 'LPAUSA'
RH544.PRG(20)  Warning C1004  Ambiguous reference, assuming memvar: 'CLOCALIMP'
RH544.PRG(24)  Warning C1004  Ambiguous reference, assuming memvar: 'CAMBIENTE'
RH544.PRG(26)  Warning C1003  Ambiguous reference: 'XANOMES'
RH544.PRG(26)  Warning C1003  Ambiguous reference: 'XANOMES'
RH544.PRG(26)  Warning C1004  Ambiguous reference, assuming memvar: 'CMESANO'
RH544.PRG(27)  Warning C1004  Ambiguous reference, assuming memvar: 'CPAGTO'
RH544.PRG(28)  Warning C1004  Ambiguous reference, assuming memvar: 'CCLASSE'
RH544.PRG(29)  Warning C1004  Ambiguous reference, assuming memvar: 'CFUN'
RH544.PRG(30)  Warning C1004  Ambiguous reference, assuming memvar: 'NBC_INSS'
RH544.PRG(31)  Warning C1004  Ambiguous reference, assuming memvar: 'NJUROS'
RH544.PRG(32)  Warning C1004  Ambiguous reference, assuming memvar: 'NCOMP'
RH544.PRG(41)  Warning C1003  Ambiguous reference: 'CAMBIENTE'
RH544.PRG(41)  Warning C1003  Ambiguous reference: 'SBLOCO1'
RH544.PRG(45)  Warning C1003  Ambiguous reference: 'CAMBIENTE'
RH544.PRG(49)  Warning C1003  Ambiguous reference: 'CMESANO'
RH544.PRG(53)  Warning C1003  Ambiguous reference: 'CMESANO'
RH544.PRG(53)  Warning C1003  Ambiguous reference: 'CMESANO'
RH544.PRG(53)  Warning C1004  Ambiguous reference, assuming memvar: 'CANOMES'
RH544.PRG(55)  Warning C1003  Ambiguous reference: 'CPAGTO'
RH544.PRG(59)  Warning C1003  Ambiguous reference: 'XDRV_RH'
RH544.PRG(59)  Warning C1002  Procedure returns value
RH544.PRG(60)  Warning C1003  Ambiguous reference: 'CPAGTO'
RH544.PRG(62)  Warning C1003  Ambiguous reference: 'CCLASSE'
RH544.PRG(64)  Warning C1003  Ambiguous reference: 'CFUN'
RH544.PRG(66)  Warning C1003  Ambiguous reference: 'CFUN'
RH544.PRG(70)  Warning C1003  Ambiguous reference: 'NJUROS'
RH544.PRG(71)  Warning C1003  Ambiguous reference: 'NBC_INSS'
RH544.PRG(72)  Warning C1003  Ambiguous reference: 'NCOMP'
RH544.PRG(73)  Warning C1004  Ambiguous reference, assuming memvar: 'CLOCALIMP'
RH544.PRG(77)  Warning C1004  Ambiguous reference, assuming memvar: 'AEMP'
RH544.PRG(84)  Warning C1004  Ambiguous reference, assuming memvar: 'LPAUSA'
RH544.PRG(91)  Warning C1003  Ambiguous reference: 'CPAGTO'
RH544.PRG(92)  Warning C1003  Ambiguous reference: 'XDRV_RH'
RH544.PRG(92)  Warning C1002  Procedure returns value
RH544.PRG(93)  Warning C1003  Ambiguous reference: 'ANOMES'
RH544.PRG(93)  Warning C1003  Ambiguous reference: 'CANOMES'
RH544.PRG(98)  Warning C1003  Ambiguous reference: 'AEMP'
RH544.PRG(101) Warning C1003  Ambiguous reference: 'AEMP'
RH544.PRG(102) Warning C1004  Ambiguous reference, assuming memvar: 'AEMP'
RH544.PRG(121) Warning C1003  Ambiguous reference: 'XDRV_RH'
RH544.PRG(122) Warning C1003  Ambiguous reference: 'XDRV_RH'
RH544.PRG(123) Warning C1003  Ambiguous reference: 'XDRV_RH'
RH544.PRG(124) Warning C1003  Ambiguous reference: 'XDRV_RH'
RH544.PRG(125) Warning C1003  Ambiguous reference: 'XDRV_RH'
RH544.PRG(126) Warning C1003  Ambiguous reference: 'XDRV_RH'
RH544.PRG(128) Warning C1003  Ambiguous reference: 'ANOMES'
RH544.PRG(128) Warning C1003  Ambiguous reference: 'CANOMES'
RH544.PRG(130) Warning C1003  Ambiguous reference: 'ANOMES'
RH544.PRG(130) Warning C1003  Ambiguous reference: 'CANOMES'
RH544.PRG(135) Warning C1003  Ambiguous reference: 'MATRICULA'
RH544.PRG(135) Warning C1003  Ambiguous reference: 'CANOMES'
RH544.PRG(137) Warning C1003  Ambiguous reference: 'CODIGO'
RH544.PRG(145) Warning C1003  Ambiguous reference: 'XRAZAO'
RH544.PRG(148) Warning C1004  Ambiguous reference, assuming memvar: 'XNIVEL'
RH544.PRG(149) Warning C1004  Ambiguous reference, assuming memvar: 'NAUTO'
RH544.PRG(150) Warning C1004  Ambiguous reference, assuming memvar: 'CMENSA1'
RH544.PRG(151) Warning C1004  Ambiguous reference, assuming memvar: 'CMENSA2'
RH544.PRG(153) Warning C1003  Ambiguous reference: 'LPAUSA'
RH544.PRG(154) Warning C1003  Ambiguous reference: 'NAUTO'
RH544.PRG(159) Warning C1004  Ambiguous reference, assuming memvar: 'XNIVEL'
RH544.PRG(159) Warning C1004  Ambiguous reference, assuming memvar: 'XNIVEL'
RH544.PRG(160) Warning C1003  Ambiguous reference: 'CMENSA1'
RH544.PRG(165) Warning C1004  Ambiguous reference, assuming memvar: 'XNIVEL'
RH544.PRG(165) Warning C1004  Ambiguous reference, assuming memvar: 'XNIVEL'
RH544.PRG(166) Warning C1003  Ambiguous reference: 'CMENSA2'
RH544.PRG(190) Warning C1001  RETURN statement with no value in function
RH544.PRG(197) Warning C1004  Ambiguous reference, assuming memvar: 'NTOTLIQ'
RH544.PRG(197) Warning C1004  Ambiguous reference, assuming memvar: 'NTOTDED'
RH544.PRG(197) Warning C1004  Ambiguous reference, assuming memvar: 'NTOTTER'
RH544.PRG(197) Warning C1004  Ambiguous reference, assuming memvar: 'NTOTEMP'
RH544.PRG(199) Warning C1004  Ambiguous reference, assuming memvar: 'NTBASE2'
RH544.PRG(199) Warning C1004  Ambiguous reference, assuming memvar: 'NTBASE1'
RH544.PRG(203) Warning C1003  Ambiguous reference: 'CANOMES'
RH544.PRG(203) Warning C1003  Ambiguous reference: 'CANOMES'
RH544.PRG(204) Warning C1003  Ambiguous reference: 'CANOMES'
RH544.PRG(208) Warning C1003  Ambiguous reference: 'CLOCALIMP'
RH544.PRG(208) Warning C1001  RETURN statement with no value in function
RH544.PRG(211) Warning C1003  Ambiguous reference: 'CLOCALIMP'
RH544.PRG(212) Warning C1003  Ambiguous reference: 'XLOCALIMP'
RH544.PRG(212) Warning C1004  Ambiguous reference, assuming memvar: 'CLOCALIMP'
RH544.PRG(226) Warning C1003  Ambiguous reference: 'XDATASYS'
RH544.PRG(254) Warning C1003  Ambiguous reference: 'CANOMES'
RH544.PRG(255) Warning C1003  Ambiguous reference: 'CANOMES'
RH544.PRG(256) Warning C1004  Ambiguous reference, assuming memvar: 'NTBASE1'
RH544.PRG(256) Warning C1004  Ambiguous reference, assuming memvar: 'NTBASE1'
RH544.PRG(260) Warning C1003  Ambiguous reference: 'CANOMES'
RH544.PRG(261) Warning C1003  Ambiguous reference: 'CAMBIENTE'
RH544.PRG(262) Warning C1004  Ambiguous reference, assuming memvar: 'NTBASE2'
RH544.PRG(262) Warning C1004  Ambiguous reference, assuming memvar: 'NTBASE2'
RH544.PRG(265) Warning C1004  Ambiguous reference, assuming memvar: 'NTBASE2'
RH544.PRG(268) Warning C1003  Ambiguous reference: 'CANOMES'
RH544.PRG(269) Warning C1003  Ambiguous reference: 'CAMBIENTE'
RH544.PRG(270) Warning C1004  Ambiguous reference, assuming memvar: 'NTBASE2'
RH544.PRG(270) Warning C1004  Ambiguous reference, assuming memvar: 'NTBASE2'
RH544.PRG(272) Warning C1004  Ambiguous reference, assuming memvar: 'NTBASE2'
RH544.PRG(275) Warning C1003  Ambiguous reference: 'CAMBIENTE'
RH544.PRG(276) Warning C1004  Ambiguous reference, assuming memvar: 'NTBASE1'
RH544.PRG(276) Warning C1004  Ambiguous reference, assuming memvar: 'NTBASE1'
RH544.PRG(278) Warning C1004  Ambiguous reference, assuming memvar: 'NTBASE1'
RH544.PRG(278) Warning C1004  Ambiguous reference, assuming memvar: 'NTBASE1'
RH544.PRG(285) Warning C1003  Ambiguous reference: 'CAMBIENTE'
RH544.PRG(293) Warning C1003  Ambiguous reference: 'CAMBIENTE'
RH544.PRG(294) Warning C1003  Ambiguous reference: 'CANOMES'
RH544.PRG(295) Warning C1004  Ambiguous reference, assuming memvar: 'NTOTDED'
RH544.PRG(295) Warning C1004  Ambiguous reference, assuming memvar: 'NTOTDED'
RH544.PRG(298) Warning C1003  Ambiguous reference: 'CANOMES'
RH544.PRG(299) Warning C1004  Ambiguous reference, assuming memvar: 'NTOTDED'
RH544.PRG(299) Warning C1004  Ambiguous reference, assuming memvar: 'NTOTDED'
RH544.PRG(303) Warning C1003  Ambiguous reference: 'CANOMES'
RH544.PRG(304) Warning C1004  Ambiguous reference, assuming memvar: 'NTOTDED'
RH544.PRG(304) Warning C1004  Ambiguous reference, assuming memvar: 'NTOTDED'
RH544.PRG(386) Warning C1003  Ambiguous reference: 'NTBASE1'
RH544.PRG(386) Warning C1004  Ambiguous reference, assuming memvar: 'NTOTEMP'
RH544.PRG(387) Warning C1004  Ambiguous reference, assuming memvar: 'NTOTEMP'
RH544.PRG(387) Warning C1003  Ambiguous reference: 'NTBASE2'
RH544.PRG(387) Warning C1004  Ambiguous reference, assuming memvar: 'NTOTEMP'
RH544.PRG(388) Warning C1004  Ambiguous reference, assuming memvar: 'NTOTEMP'
RH544.PRG(388) Warning C1003  Ambiguous reference: 'NAUTO'
RH544.PRG(388) Warning C1004  Ambiguous reference, assuming memvar: 'NTOTEMP'
RH544.PRG(389) Warning C1004  Ambiguous reference, assuming memvar: 'NTBASE2'
RH544.PRG(389) Warning C1003  Ambiguous reference: 'NAUTO'
RH544.PRG(389) Warning C1004  Ambiguous reference, assuming memvar: 'NTBASE2'
RH544.PRG(390) Warning C1003  Ambiguous reference: 'NTBASE1'
RH544.PRG(390) Warning C1004  Ambiguous reference, assuming memvar: 'NTOTTER'
RH544.PRG(395) Warning C1003  Ambiguous reference: 'NTOTEMP'
RH544.PRG(395) Warning C1004  Ambiguous reference, assuming memvar: 'NTOTEMP'
RH544.PRG(396) Warning C1003  Ambiguous reference: 'NTOTTER'
RH544.PRG(396) Warning C1004  Ambiguous reference, assuming memvar: 'NTOTTER'
RH544.PRG(397) Warning C1003  Ambiguous reference: 'NTOTDED'
RH544.PRG(397) Warning C1004  Ambiguous reference, assuming memvar: 'NTOTDED'
RH544.PRG(400) Warning C1003  Ambiguous reference: 'NTOTDED'
RH544.PRG(400) Warning C1004  Ambiguous reference, assuming memvar: 'NACUMULA'
RH544.PRG(402) Warning C1003  Ambiguous reference: 'NTOTEMP'
RH544.PRG(402) Warning C1003  Ambiguous reference: 'NTOTTER'
RH544.PRG(402) Warning C1003  Ambiguous reference: 'NTOTDED'
RH544.PRG(402) Warning C1004  Ambiguous reference, assuming memvar: 'NACUMULA'
RH544.PRG(405) Warning C1003  Ambiguous reference: 'NACUMULA'
RH544.PRG(415) Warning C1003  Ambiguous reference: 'NACUMULA'
RH544.PRG(417) Warning C1003  Ambiguous reference: 'NTOTEMP'
RH544.PRG(418) Warning C1003  Ambiguous reference: 'NTOTTER'
RH544.PRG(419) Warning C1003  Ambiguous reference: 'NTOTDED'
RH544.PRG(420) Warning C1003  Ambiguous reference: 'NTBASE1'
RH544.PRG(423) Warning C1003  Ambiguous reference: 'NACUMULA'
RH544.PRG(425) Warning C1003  Ambiguous reference: 'NTOTDED'
RH544.PRG(426) Warning C1003  Ambiguous reference: 'NTBASE1'
RH544.PRG(433) Warning C1001  RETURN statement with no value in function
RH544.PRG(442) Warning C1004  Ambiguous reference, assuming memvar: 'NACUMULA'
RH544.PRG(444) Warning C1001  RETURN statement with no value in function
RH544.PRG(448) Warning C1003  Ambiguous reference: 'NACUMULA'
RH544.PRG(448) Warning C1003  Ambiguous reference: 'NACUMULA'
RH544.PRG(454) Warning C1003  Ambiguous reference: 'NACUMULA'
RH544.PRG(456) Warning C1003  Ambiguous reference: 'NTOTEMP'
RH544.PRG(457) Warning C1003  Ambiguous reference: 'NTOTTER'
RH544.PRG(458) Warning C1003  Ambiguous reference: 'NTOTDED'
RH544.PRG(459) Warning C1003  Ambiguous reference: 'NTBASE1'
RH544.PRG(461) Warning C1003  Ambiguous reference: 'NACUMULA'
RH544.PRG(463) Warning C1003  Ambiguous reference: 'NTOTDED'
RH544.PRG(464) Warning C1003  Ambiguous reference: 'NTBASE1'
RH544.PRG(470) Warning C1001  RETURN statement with no value in function
RH544.PRG(479) Warning C1004  Ambiguous reference, assuming memvar: 'NACUMULA'
RH544.PRG(481) Warning C1001  RETURN statement with no value in function
RH544.PRG(486) Warning C1004  Ambiguous reference, assuming memvar: 'NACUMULA'
RH544.PRG(489) Warning C1004  Ambiguous reference, assuming memvar: 'NTOTEMP'
RH544.PRG(489) Warning C1004  Ambiguous reference, assuming memvar: 'NTOTEMP'
RH544.PRG(490) Warning C1004  Ambiguous reference, assuming memvar: 'NTOTTER'
RH544.PRG(490) Warning C1004  Ambiguous reference, assuming memvar: 'NTOTTER'
RH544.PRG(491) Warning C1004  Ambiguous reference, assuming memvar: 'NTOTDED'
RH544.PRG(491) Warning C1004  Ambiguous reference, assuming memvar: 'NTOTDED'
RH544.PRG(492) Warning C1004  Ambiguous reference, assuming memvar: 'NTBASE1'
RH544.PRG(492) Warning C1004  Ambiguous reference, assuming memvar: 'NTBASE1'
RH544.PRG(512) Warning C1004  Ambiguous reference, assuming memvar: 'NACUMULA'
RH544.PRG(515) Warning C1004  Ambiguous reference, assuming memvar: 'NTOTDED'
RH544.PRG(515) Warning C1004  Ambiguous reference, assuming memvar: 'NTOTDED'
RH544.PRG(516) Warning C1004  Ambiguous reference, assuming memvar: 'NTOTEMP'
RH544.PRG(516) Warning C1004  Ambiguous reference, assuming memvar: 'NTOTEMP'
RH544.PRG(517) Warning C1004  Ambiguous reference, assuming memvar: 'NTOTTER'
RH544.PRG(517) Warning C1004  Ambiguous reference, assuming memvar: 'NTOTTER'
RH544.PRG(518) Warning C1004  Ambiguous reference, assuming memvar: 'NTBASE1'
RH544.PRG(518) Warning C1004  Ambiguous reference, assuming memvar: 'NTBASE1'
RH544.PRG(535) Warning C1004  Ambiguous reference, assuming memvar: 'NACUMULA'
RH544.PRG(543) Warning C1001  RETURN statement with no value in function
RH544.PRG(545) Warning C1003  Ambiguous reference: 'XCOND1'
RH544.PRG(545) Warning C1003  Ambiguous reference: 'XACARTA'
RH544.PRG(546) Warning C1003  Ambiguous reference: 'CPAGTO'
RH544.PRG(547) Warning C1003  Ambiguous reference: 'CAMBIENTE'
RH544.PRG(550) Warning C1003  Ambiguous reference: 'CANOMES'
RH544.PRG(567) Warning C1003  Ambiguous reference: 'XRAZAO'
RH544.PRG(573) Warning C1003  Ambiguous reference: 'NBC_INSS'
RH544.PRG(575) Warning C1003  Ambiguous reference: 'NBC_INSS'
RH544.PRG(600) Warning C1003  Ambiguous reference: 'NCOMP'
RH544.PRG(606) Warning C1003  Ambiguous reference: 'NJUROS'
RH544.PRG(607) Warning C1003  Ambiguous reference: 'NJUROS'
RH544.PRG(615) Warning C1003  Ambiguous reference: 'NBC_INSS'
RH544.PRG(615) Warning C1003  Ambiguous reference: 'NCOMP'
RH544.PRG(615) Warning C1003  Ambiguous reference: 'NJUROS'
RH544.PRG(617) Warning C1003  Ambiguous reference: 'NBC_INSS'
RH544.PRG(617) Warning C1003  Ambiguous reference: 'NCOMP'
RH544.PRG(617) Warning C1003  Ambiguous reference: 'NJUROS'
RH544.PRG(628) Warning C1001  RETURN statement with no value in function
RH544.PRG(636) Warning C1003  Ambiguous reference: 'CANOMES'
RH544.PRG(636) Warning C1003  Ambiguous reference: 'CANOMES'
RH544.PRG(637) Warning C1003  Ambiguous reference: 'CANOMES'
RH544.PRG(641) Warning C1003  Ambiguous reference: 'CLOCALIMP'
RH544.PRG(641) Warning C1001  RETURN statement with no value in function
RH544.PRG(644) Warning C1003  Ambiguous reference: 'CLOCALIMP'
RH544.PRG(645) Warning C1003  Ambiguous reference: 'XLOCALIMP'
RH544.PRG(645) Warning C1004  Ambiguous reference, assuming memvar: 'CLOCALIMP'
RH544.PRG(648) Warning C1001  RETURN statement with no value in function
RH544.PRG(650) Warning C1003  Ambiguous reference: 'CANOMES'
RH544.PRG(651) Warning C1003  Ambiguous reference: 'CCLASSE'
RH544.PRG(651) Warning C1004  Ambiguous reference, assuming memvar: 'NVALOR'
RH544.PRG(654) Warning C1003  Ambiguous reference: 'XCOND1'
RH544.PRG(655) Warning C1003  Ambiguous reference: 'CPAGTO'
RH544.PRG(661) Warning C1004  Ambiguous reference, assuming memvar: 'NVALOR'
RH544.PRG(670) Warning C1003  Ambiguous reference: 'NJUROS'
RH544.PRG(672) Warning C1004  Ambiguous reference, assuming memvar: 'NVALOR'
RH544.PRG(672) Warning C1003  Ambiguous reference: 'NJUROS'
RH544.PRG(681) Warning C1003  Ambiguous reference: 'XCOND1'
RH544.PRG(682) Warning C1003  Ambiguous reference: 'CPAGTO'
RH544.PRG(688) Warning C1004  Ambiguous reference, assuming memvar: 'NVALOR'
RH544.PRG(697) Warning C1003  Ambiguous reference: 'NJUROS'
RH544.PRG(699) Warning C1004  Ambiguous reference, assuming memvar: 'NVALOR'
RH544.PRG(699) Warning C1003  Ambiguous reference: 'NJUROS'
RH544.PRG(709) Warning C1001  RETURN statement with no value in function
226 warnings                
Code size 6107, Symbols 2016, Constants 6053
