238K available
Compiling RH551.PRG
RH551.PRG(14)  Warning C1003  Ambiguous reference: 'XFLAG'
RH551.PRG(16)  Warning C1004  Ambiguous reference, assuming memvar: 'SBLOCO1'
RH551.PRG(22)  Warning C1004  Ambiguous reference, assuming memvar: 'AEDICAO'
RH551.PRG(24)  Warning C1003  Ambiguous reference: 'ANOMES'
RH551.PRG(24)  Warning C1003  Ambiguous reference: 'XANOMES'
RH551.PRG(28)  Warning C1003  Ambiguous reference: 'AEDICAO'
RH551.PRG(28)  Warning C1003  Ambiguous reference: 'CMATRICULA'
RH551.PRG(29)  Warning C1003  Ambiguous reference: 'AEDICAO'
RH551.PRG(30)  Warning C1003  Ambiguous reference: 'AEDICAO'
RH551.PRG(30)  Warning C1003  Ambiguous reference: 'CCENTRO'
RH551.PRG(31)  Warning C1003  Ambiguous reference: 'AEDICAO'
RH551.PRG(32)  Warning C1003  Ambiguous reference: 'AEDICAO'
RH551.PRG(32)  Warning C1003  Ambiguous reference: 'CFILIAL'
RH551.PRG(33)  Warning C1003  Ambiguous reference: 'AEDICAO'
RH551.PRG(38)  Warning C1004  Ambiguous reference, assuming memvar: 'XNIVEL'
RH551.PRG(39)  Warning C1004  Ambiguous reference, assuming memvar: 'XFLAG'
RH551.PRG(40)  Warning C1004  Ambiguous reference, assuming memvar: 'CCENTRO'
RH551.PRG(41)  Warning C1004  Ambiguous reference, assuming memvar: 'CFILIAL'
RH551.PRG(42)  Warning C1004  Ambiguous reference, assuming memvar: 'CMATRICULA'
RH551.PRG(46)  Warning C1003  Ambiguous reference: 'XNIVEL'
RH551.PRG(46)  Warning C1003  Ambiguous reference: 'XNIVEL'
RH551.PRG(46)  Warning C1003  Ambiguous reference: 'AEDICAO'
RH551.PRG(47)  Warning C1004  Ambiguous reference, assuming memvar: 'AEDICAO'
RH551.PRG(47)  Warning C1003  Ambiguous reference: 'XNIVEL'
RH551.PRG(49)  Warning C1004  Ambiguous reference, assuming memvar: 'AEDICAO'
RH551.PRG(49)  Warning C1003  Ambiguous reference: 'XNIVEL'
RH551.PRG(50)  Warning C1003  Ambiguous reference: 'XFLAG'
RH551.PRG(50)  Warning C1004  Ambiguous reference, assuming memvar: 'XNIVEL'
RH551.PRG(50)  Warning C1004  Ambiguous reference, assuming memvar: 'XNIVEL'
RH551.PRG(50)  Warning C1004  Ambiguous reference, assuming memvar: 'XNIVEL'
RH551.PRG(50)  Warning C1004  Ambiguous reference, assuming memvar: 'XNIVEL'
RH551.PRG(63)  Warning C1003  Ambiguous reference: 'CMATRICULA'
RH551.PRG(64)  Warning C1003  Ambiguous reference: 'CMATRICULA'
RH551.PRG(69)  Warning C1003  Ambiguous reference: 'XNIVEL'
RH551.PRG(69)  Warning C1003  Ambiguous reference: 'CMATRICULA'
RH551.PRG(71)  Warning C1003  Ambiguous reference: 'CCENTRO'
RH551.PRG(72)  Warning C1003  Ambiguous reference: 'CCENTRO'
RH551.PRG(76)  Warning C1003  Ambiguous reference: 'CCENTRO'
RH551.PRG(81)  Warning C1003  Ambiguous reference: 'XNIVEL'
RH551.PRG(81)  Warning C1003  Ambiguous reference: 'CCENTRO'
RH551.PRG(83)  Warning C1003  Ambiguous reference: 'XNIVEL'
RH551.PRG(83)  Warning C1003  Ambiguous reference: 'CFILIAL'
RH551.PRG(94)  Warning C1004  Ambiguous reference, assuming memvar: 'CTITULO'
RH551.PRG(104) Warning C1003  Ambiguous reference: 'FILIAL'
RH551.PRG(116) Warning C1004  Ambiguous reference, assuming memvar: 'NESTF1'
RH551.PRG(117) Warning C1004  Ambiguous reference, assuming memvar: 'NESTF2'
RH551.PRG(118) Warning C1004  Ambiguous reference, assuming memvar: 'NESTF3'
RH551.PRG(119) Warning C1004  Ambiguous reference, assuming memvar: 'NESTF4'
RH551.PRG(120) Warning C1004  Ambiguous reference, assuming memvar: 'NESTF5'
RH551.PRG(121) Warning C1004  Ambiguous reference, assuming memvar: 'NESTF6'
RH551.PRG(122) Warning C1004  Ambiguous reference, assuming memvar: 'NSEXOFM'
RH551.PRG(123) Warning C1004  Ambiguous reference, assuming memvar: 'NSEXOFF'
RH551.PRG(124) Warning C1004  Ambiguous reference, assuming memvar: 'NSEXODM'
RH551.PRG(125) Warning C1004  Ambiguous reference, assuming memvar: 'NSEXODF'
RH551.PRG(126) Warning C1004  Ambiguous reference, assuming memvar: 'NDEPE'
RH551.PRG(127) Warning C1004  Ambiguous reference, assuming memvar: 'NFUN'
RH551.PRG(131) Warning C1001  RETURN statement with no value in function
RH551.PRG(138) Warning C1003  Ambiguous reference: 'CCENTRO'
RH551.PRG(139) Warning C1003  Ambiguous reference: 'CCENTRO'
RH551.PRG(141) Warning C1004  Ambiguous reference, assuming memvar: 'CCENTRO_ATU'
RH551.PRG(146) Warning C1003  Ambiguous reference: 'CMATRICULA'
RH551.PRG(147) Warning C1003  Ambiguous reference: 'CMATRICULA'
RH551.PRG(153) Warning C1003  Ambiguous reference: 'CCENTRO'
RH551.PRG(154) Warning C1003  Ambiguous reference: 'CCENTRO'
RH551.PRG(170) Warning C1003  Ambiguous reference: 'CFILIAL'
RH551.PRG(170) Warning C1003  Ambiguous reference: 'CFILIAL'
RH551.PRG(175) Warning C1001  RETURN statement with no value in function
RH551.PRG(177) Warning C1003  Ambiguous reference: 'XPAGINA'
RH551.PRG(179) Warning C1003  Ambiguous reference: 'CTITULO'
RH551.PRG(187) Warning C1003  Ambiguous reference: 'XCOND1'
RH551.PRG(190) Warning C1004  Ambiguous reference, assuming memvar: 'NSEXOFM'
RH551.PRG(190) Warning C1004  Ambiguous reference, assuming memvar: 'NSEXOFM'
RH551.PRG(190) Warning C1004  Ambiguous reference, assuming memvar: 'NSEXOFF'
RH551.PRG(190) Warning C1004  Ambiguous reference, assuming memvar: 'NSEXOFF'
RH551.PRG(195) Warning C1004  Ambiguous reference, assuming memvar: 'NESTF1'
RH551.PRG(195) Warning C1004  Ambiguous reference, assuming memvar: 'NESTF1'
RH551.PRG(197) Warning C1004  Ambiguous reference, assuming memvar: 'NESTF2'
RH551.PRG(197) Warning C1004  Ambiguous reference, assuming memvar: 'NESTF2'
RH551.PRG(201) Warning C1004  Ambiguous reference, assuming memvar: 'NESTF3'
RH551.PRG(201) Warning C1004  Ambiguous reference, assuming memvar: 'NESTF3'
RH551.PRG(204) Warning C1004  Ambiguous reference, assuming memvar: 'NESTF4'
RH551.PRG(204) Warning C1004  Ambiguous reference, assuming memvar: 'NESTF4'
RH551.PRG(207) Warning C1004  Ambiguous reference, assuming memvar: 'NESTF5'
RH551.PRG(207) Warning C1004  Ambiguous reference, assuming memvar: 'NESTF5'
RH551.PRG(210) Warning C1004  Ambiguous reference, assuming memvar: 'NESTF6'
RH551.PRG(210) Warning C1004  Ambiguous reference, assuming memvar: 'NESTF6'
RH551.PRG(213) Warning C1004  Ambiguous reference, assuming memvar: 'NFUN'
RH551.PRG(213) Warning C1004  Ambiguous reference, assuming memvar: 'NFUN'
RH551.PRG(219) Warning C1004  Ambiguous reference, assuming memvar: 'NSEXODM'
RH551.PRG(219) Warning C1004  Ambiguous reference, assuming memvar: 'NSEXODM'
RH551.PRG(219) Warning C1004  Ambiguous reference, assuming memvar: 'NSEXODF'
RH551.PRG(219) Warning C1004  Ambiguous reference, assuming memvar: 'NSEXODF'
RH551.PRG(223) Warning C1004  Ambiguous reference, assuming memvar: 'NDEPE'
RH551.PRG(223) Warning C1004  Ambiguous reference, assuming memvar: 'NDEPE'
RH551.PRG(231) Warning C1003  Ambiguous reference: 'CCENTRO'
RH551.PRG(231) Warning C1003  Ambiguous reference: 'CCENTRO_ATU'
RH551.PRG(232) Warning C1003  Ambiguous reference: 'NFUN'
RH551.PRG(233) Warning C1003  Ambiguous reference: 'NDEPE'
RH551.PRG(234) Warning C1004  Ambiguous reference, assuming memvar: 'NDEPE'
RH551.PRG(234) Warning C1004  Ambiguous reference, assuming memvar: 'NFUN'
RH551.PRG(236) Warning C1004  Ambiguous reference, assuming memvar: 'CCENTRO_ATU'
RH551.PRG(246) Warning C1003  Ambiguous reference: 'NSEXOFM'
RH551.PRG(247) Warning C1003  Ambiguous reference: 'NSEXOFF'
RH551.PRG(248) Warning C1003  Ambiguous reference: 'NESTF1'
RH551.PRG(249) Warning C1003  Ambiguous reference: 'NESTF2'
RH551.PRG(250) Warning C1003  Ambiguous reference: 'NESTF3'
RH551.PRG(251) Warning C1003  Ambiguous reference: 'NESTF4'
RH551.PRG(252) Warning C1003  Ambiguous reference: 'NESTF5'
RH551.PRG(253) Warning C1003  Ambiguous reference: 'NESTF6'
RH551.PRG(254) Warning C1003  Ambiguous reference: 'NSEXODM'
RH551.PRG(255) Warning C1003  Ambiguous reference: 'NSEXODF'
RH551.PRG(261) Warning C1001  RETURN statement with no value in function
112 warnings                
Code size 2725, Symbols 1088, Constants 1211
