238K available
Compiling RH550.PRG
RH550.PRG(14)  Warning C1003  Ambiguous reference: 'XNIVEL'
RH550.PRG(14)  Warning C1003  Ambiguous reference: 'XFLAG'
RH550.PRG(21)  Warning C1004  Ambiguous reference, assuming memvar: 'AEDICAO'
RH550.PRG(38)  Warning C1003  Ambiguous reference: 'AEDICAO'
RH550.PRG(38)  Warning C1003  Ambiguous reference: 'CFILIAL'
RH550.PRG(39)  Warning C1003  Ambiguous reference: 'AEDICAO'
RH550.PRG(40)  Warning C1003  Ambiguous reference: 'AEDICAO'
RH550.PRG(40)  Warning C1003  Ambiguous reference: 'DDATA_INI'
RH550.PRG(41)  Warning C1003  Ambiguous reference: 'AEDICAO'
RH550.PRG(41)  Warning C1003  Ambiguous reference: 'DDATA_FIM'
RH550.PRG(47)  Warning C1004  Ambiguous reference, assuming memvar: 'XNIVEL'
RH550.PRG(48)  Warning C1004  Ambiguous reference, assuming memvar: 'XFLAG'
RH550.PRG(49)  Warning C1004  Ambiguous reference, assuming memvar: 'CFILIAL'
RH550.PRG(50)  Warning C1003  Ambiguous reference: 'XANOMES'
RH550.PRG(50)  Warning C1003  Ambiguous reference: 'XANOMES'
RH550.PRG(50)  Warning C1004  Ambiguous reference, assuming memvar: 'DDATA_INI'
RH550.PRG(51)  Warning C1003  Ambiguous reference: 'DDATA_INI'
RH550.PRG(51)  Warning C1004  Ambiguous reference, assuming memvar: 'DDATA_FIM'
RH550.PRG(52)  Warning C1004  Ambiguous reference, assuming memvar: 'NPROD_M'
RH550.PRG(53)  Warning C1004  Ambiguous reference, assuming memvar: 'NPROD_R'
RH550.PRG(54)  Warning C1004  Ambiguous reference, assuming memvar: 'NTOT_CUSTO'
RH550.PRG(55)  Warning C1004  Ambiguous reference, assuming memvar: 'NT_PROD_M'
RH550.PRG(56)  Warning C1004  Ambiguous reference, assuming memvar: 'NT_PROD_R'
RH550.PRG(57)  Warning C1004  Ambiguous reference, assuming memvar: 'NTOT_PREMIO'
RH550.PRG(58)  Warning C1004  Ambiguous reference, assuming memvar: 'NTOT_H_EXTRA'
RH550.PRG(59)  Warning C1004  Ambiguous reference, assuming memvar: 'NTOT_QUANT'
RH550.PRG(60)  Warning C1004  Ambiguous reference, assuming memvar: 'NPREMIO'
RH550.PRG(61)  Warning C1004  Ambiguous reference, assuming memvar: 'NH_EXTRA'
RH550.PRG(62)  Warning C1004  Ambiguous reference, assuming memvar: 'NACU_PROD'
RH550.PRG(63)  Warning C1004  Ambiguous reference, assuming memvar: 'NACU_MAN'
RH550.PRG(64)  Warning C1004  Ambiguous reference, assuming memvar: 'NACU_PREM'
RH550.PRG(68)  Warning C1003  Ambiguous reference: 'XNIVEL'
RH550.PRG(68)  Warning C1003  Ambiguous reference: 'XNIVEL'
RH550.PRG(68)  Warning C1003  Ambiguous reference: 'AEDICAO'
RH550.PRG(69)  Warning C1004  Ambiguous reference, assuming memvar: 'AEDICAO'
RH550.PRG(69)  Warning C1003  Ambiguous reference: 'XNIVEL'
RH550.PRG(71)  Warning C1004  Ambiguous reference, assuming memvar: 'AEDICAO'
RH550.PRG(71)  Warning C1003  Ambiguous reference: 'XNIVEL'
RH550.PRG(72)  Warning C1003  Ambiguous reference: 'XFLAG'
RH550.PRG(72)  Warning C1004  Ambiguous reference, assuming memvar: 'XNIVEL'
RH550.PRG(72)  Warning C1004  Ambiguous reference, assuming memvar: 'XNIVEL'
RH550.PRG(72)  Warning C1004  Ambiguous reference, assuming memvar: 'XNIVEL'
RH550.PRG(72)  Warning C1004  Ambiguous reference, assuming memvar: 'XNIVEL'
RH550.PRG(86)  Warning C1003  Ambiguous reference: 'CFILIAL'
RH550.PRG(87)  Warning C1003  Ambiguous reference: 'XNIVEL'
RH550.PRG(89)  Warning C1003  Ambiguous reference: 'XNIVEL'
RH550.PRG(89)  Warning C1003  Ambiguous reference: 'CFILIAL'
RH550.PRG(89)  Warning C1004  Ambiguous reference, assuming memvar: 'CFILIAL'
RH550.PRG(90)  Warning C1003  Ambiguous reference: 'CFILIAL'
RH550.PRG(94)  Warning C1003  Ambiguous reference: 'XNIVEL'
RH550.PRG(98)  Warning C1003  Ambiguous reference: 'DDATA_INI'
RH550.PRG(99)  Warning C1003  Ambiguous reference: 'DDATA_INI'
RH550.PRG(99)  Warning C1004  Ambiguous reference, assuming memvar: 'DDATA_FIM'
RH550.PRG(100) Warning C1003  Ambiguous reference: 'XNIVEL'
RH550.PRG(100) Warning C1003  Ambiguous reference: 'DDATA_FIM'
RH550.PRG(103) Warning C1003  Ambiguous reference: 'DDATA_FIM'
RH550.PRG(104) Warning C1003  Ambiguous reference: 'DDATA_INI'
RH550.PRG(104) Warning C1003  Ambiguous reference: 'DDATA_FIM'
RH550.PRG(119) Warning C1003  Ambiguous reference: 'DDATA_INI'
RH550.PRG(119) Warning C1003  Ambiguous reference: 'DDATA_FIM'
RH550.PRG(119) Warning C1004  Ambiguous reference, assuming memvar: 'CTITULO'
RH550.PRG(125) Warning C1003  Ambiguous reference: 'DDATA_INI'
RH550.PRG(125) Warning C1003  Ambiguous reference: 'DDATA_FIM'
RH550.PRG(125) Warning C1004  Ambiguous reference, assuming memvar: 'BFILTRO'
RH550.PRG(126) Warning C1003  Ambiguous reference: 'DDATA_INI'
RH550.PRG(126) Warning C1003  Ambiguous reference: 'DDATA_FIM'
RH550.PRG(126) Warning C1004  Ambiguous reference, assuming memvar: 'BFILTRO1'
RH550.PRG(130) Warning C1003  Ambiguous reference: 'XDRV_CP'
RH550.PRG(146) Warning C1003  Ambiguous reference: 'ANOMES'
RH550.PRG(146) Warning C1003  Ambiguous reference: 'DDATA_INI'
RH550.PRG(159) Warning C1001  RETURN statement with no value in function
RH550.PRG(161) Warning C1003  Ambiguous reference: 'CFILIAL'
RH550.PRG(162) Warning C1003  Ambiguous reference: 'CFILIAL'
RH550.PRG(167) Warning C1004  Ambiguous reference, assuming memvar: 'CTEMP_FILIAL'
RH550.PRG(168) Warning C1004  Ambiguous reference, assuming memvar: 'CTEMP_CENTRO'
RH550.PRG(180) Warning C1003  Ambiguous reference: 'CTEMP_CENTRO'
RH550.PRG(185) Warning C1004  Ambiguous reference, assuming memvar: 'CTEMP_CENTRO'
RH550.PRG(188) Warning C1003  Ambiguous reference: 'CFILIAL'
RH550.PRG(189) Warning C1003  Ambiguous reference: 'CFILIAL'
RH550.PRG(194) Warning C1003  Ambiguous reference: 'CTEMP_FILIAL'
RH550.PRG(197) Warning C1003  Ambiguous reference: 'CTITULO'
RH550.PRG(203) Warning C1004  Ambiguous reference, assuming memvar: 'CTEMP_FILIAL'
RH550.PRG(207) Warning C1003  Ambiguous reference: 'XPAGINA'
RH550.PRG(208) Warning C1003  Ambiguous reference: 'XCOND2'
RH550.PRG(210) Warning C1003  Ambiguous reference: 'CTITULO'
RH550.PRG(234) Warning C1003  Ambiguous reference: 'BFILTRO'
RH550.PRG(238) Warning C1004  Ambiguous reference, assuming memvar: 'NTOT_CUSTO'
RH550.PRG(238) Warning C1004  Ambiguous reference, assuming memvar: 'NTOT_CUSTO'
RH550.PRG(260) Warning C1003  Ambiguous reference: 'BFILTRO1'
RH550.PRG(264) Warning C1004  Ambiguous reference, assuming memvar: 'NTOT_CUSTO'
RH550.PRG(264) Warning C1004  Ambiguous reference, assuming memvar: 'NTOT_CUSTO'
RH550.PRG(295) Warning C1003  Ambiguous reference: 'DDATA_INI'
RH550.PRG(295) Warning C1003  Ambiguous reference: 'DDATA_FIM'
RH550.PRG(298) Warning C1004  Ambiguous reference, assuming memvar: 'NTOT_CUSTO'
RH550.PRG(298) Warning C1004  Ambiguous reference, assuming memvar: 'NTOT_CUSTO'
RH550.PRG(326) Warning C1003  Ambiguous reference: 'DDATA_INI'
RH550.PRG(326) Warning C1003  Ambiguous reference: 'DDATA_FIM'
RH550.PRG(327) Warning C1004  Ambiguous reference, assuming memvar: 'NTOT_CUSTO'
RH550.PRG(327) Warning C1004  Ambiguous reference, assuming memvar: 'NTOT_CUSTO'
RH550.PRG(336) Warning C1003  Ambiguous reference: 'DDATA_INI'
RH550.PRG(336) Warning C1003  Ambiguous reference: 'DDATA_FIM'
RH550.PRG(340) Warning C1004  Ambiguous reference, assuming memvar: 'NTOT_CUSTO'
RH550.PRG(340) Warning C1004  Ambiguous reference, assuming memvar: 'NTOT_CUSTO'
RH550.PRG(368) Warning C1003  Ambiguous reference: 'DDATA_INI'
RH550.PRG(368) Warning C1003  Ambiguous reference: 'DDATA_FIM'
RH550.PRG(370) Warning C1004  Ambiguous reference, assuming memvar: 'NT_PROD_M'
RH550.PRG(370) Warning C1004  Ambiguous reference, assuming memvar: 'NT_PROD_M'
RH550.PRG(371) Warning C1004  Ambiguous reference, assuming memvar: 'NT_PROD_R'
RH550.PRG(371) Warning C1004  Ambiguous reference, assuming memvar: 'NT_PROD_R'
RH550.PRG(395) Warning C1003  Ambiguous reference: 'DDATA_INI'
RH550.PRG(395) Warning C1003  Ambiguous reference: 'DDATA_FIM'
RH550.PRG(397) Warning C1004  Ambiguous reference, assuming memvar: 'NT_PROD_M'
RH550.PRG(397) Warning C1004  Ambiguous reference, assuming memvar: 'NT_PROD_M'
RH550.PRG(398) Warning C1004  Ambiguous reference, assuming memvar: 'NT_PROD_R'
RH550.PRG(398) Warning C1004  Ambiguous reference, assuming memvar: 'NT_PROD_R'
RH550.PRG(423) Warning C1003  Ambiguous reference: 'BFILTRO'
RH550.PRG(427) Warning C1004  Ambiguous reference, assuming memvar: 'NTOT_CUSTO'
RH550.PRG(427) Warning C1004  Ambiguous reference, assuming memvar: 'NTOT_CUSTO'
RH550.PRG(449) Warning C1003  Ambiguous reference: 'BFILTRO1'
RH550.PRG(453) Warning C1004  Ambiguous reference, assuming memvar: 'NTOT_CUSTO'
RH550.PRG(453) Warning C1004  Ambiguous reference, assuming memvar: 'NTOT_CUSTO'
RH550.PRG(484) Warning C1003  Ambiguous reference: 'DDATA_INI'
RH550.PRG(484) Warning C1003  Ambiguous reference: 'DDATA_FIM'
RH550.PRG(487) Warning C1004  Ambiguous reference, assuming memvar: 'NTOT_CUSTO'
RH550.PRG(487) Warning C1004  Ambiguous reference, assuming memvar: 'NTOT_CUSTO'
RH550.PRG(515) Warning C1003  Ambiguous reference: 'DDATA_INI'
RH550.PRG(515) Warning C1003  Ambiguous reference: 'DDATA_FIM'
RH550.PRG(516) Warning C1004  Ambiguous reference, assuming memvar: 'NTOT_CUSTO'
RH550.PRG(516) Warning C1004  Ambiguous reference, assuming memvar: 'NTOT_CUSTO'
RH550.PRG(525) Warning C1003  Ambiguous reference: 'DDATA_INI'
RH550.PRG(525) Warning C1003  Ambiguous reference: 'DDATA_FIM'
RH550.PRG(529) Warning C1004  Ambiguous reference, assuming memvar: 'NTOT_CUSTO'
RH550.PRG(529) Warning C1004  Ambiguous reference, assuming memvar: 'NTOT_CUSTO'
RH550.PRG(557) Warning C1003  Ambiguous reference: 'DDATA_INI'
RH550.PRG(557) Warning C1003  Ambiguous reference: 'DDATA_FIM'
RH550.PRG(559) Warning C1004  Ambiguous reference, assuming memvar: 'NT_PROD_M'
RH550.PRG(559) Warning C1004  Ambiguous reference, assuming memvar: 'NT_PROD_M'
RH550.PRG(560) Warning C1004  Ambiguous reference, assuming memvar: 'NT_PROD_R'
RH550.PRG(560) Warning C1004  Ambiguous reference, assuming memvar: 'NT_PROD_R'
RH550.PRG(584) Warning C1003  Ambiguous reference: 'DDATA_INI'
RH550.PRG(584) Warning C1003  Ambiguous reference: 'DDATA_FIM'
RH550.PRG(586) Warning C1004  Ambiguous reference, assuming memvar: 'NT_PROD_M'
RH550.PRG(586) Warning C1004  Ambiguous reference, assuming memvar: 'NT_PROD_M'
RH550.PRG(587) Warning C1004  Ambiguous reference, assuming memvar: 'NT_PROD_R'
RH550.PRG(587) Warning C1004  Ambiguous reference, assuming memvar: 'NT_PROD_R'
RH550.PRG(605) Warning C1003  Ambiguous reference: 'DDATA_INI'
RH550.PRG(606) Warning C1003  Ambiguous reference: 'NACU_PROD'
RH550.PRG(606) Warning C1004  Ambiguous reference, assuming memvar: 'NACU_PROD'
RH550.PRG(607) Warning C1003  Ambiguous reference: 'NACU_MAN'
RH550.PRG(607) Warning C1004  Ambiguous reference, assuming memvar: 'NACU_MAN'
RH550.PRG(609) Warning C1003  Ambiguous reference: 'NACU_PREM'
RH550.PRG(609) Warning C1004  Ambiguous reference, assuming memvar: 'NACU_PREM'
RH550.PRG(625) Warning C1003  Ambiguous reference: 'DDATA_INI'
RH550.PRG(627) Warning C1004  Ambiguous reference, assuming memvar: 'NCT_MES_ANT'
RH550.PRG(633) Warning C1003  Ambiguous reference: 'NT_PROD_M'
RH550.PRG(633) Warning C1004  Ambiguous reference, assuming memvar: 'NPREMIO'
RH550.PRG(634) Warning C1003  Ambiguous reference: 'NT_PROD_M'
RH550.PRG(634) Warning C1004  Ambiguous reference, assuming memvar: 'NH_EXTRA'
RH550.PRG(636) Warning C1003  Ambiguous reference: 'NTOT_PREMIO'
RH550.PRG(636) Warning C1003  Ambiguous reference: 'NPREMIO'
RH550.PRG(636) Warning C1004  Ambiguous reference, assuming memvar: 'NTOT_PREMIO'
RH550.PRG(637) Warning C1003  Ambiguous reference: 'NTOT_H_EXTRA'
RH550.PRG(637) Warning C1003  Ambiguous reference: 'NH_EXTRA'
RH550.PRG(637) Warning C1004  Ambiguous reference, assuming memvar: 'NTOT_H_EXTRA'
RH550.PRG(638) Warning C1003  Ambiguous reference: 'NTOT_QUANT'
RH550.PRG(638) Warning C1004  Ambiguous reference, assuming memvar: 'NTOT_QUANT'
RH550.PRG(662) Warning C1003  Ambiguous reference: 'NT_PROD_M'
RH550.PRG(662) Warning C1003  Ambiguous reference: 'NT_PROD_R'
RH550.PRG(662) Warning C1003  Ambiguous reference: 'NT_PROD_M'
RH550.PRG(662) Warning C1003  Ambiguous reference: 'NTOT_CUSTO'
RH550.PRG(662) Warning C1003  Ambiguous reference: 'NT_PROD_M'
RH550.PRG(662) Warning C1003  Ambiguous reference: 'NTOT_CUSTO'
RH550.PRG(662) Warning C1003  Ambiguous reference: 'NCT_MES_ANT'
RH550.PRG(662) Warning C1003  Ambiguous reference: 'NPREMIO'
RH550.PRG(662) Warning C1003  Ambiguous reference: 'NH_EXTRA'
RH550.PRG(662) Warning C1003  Ambiguous reference: 'NT_PROD_M'
RH550.PRG(662) Warning C1003  Ambiguous reference: 'NTOT_CUSTO'
RH550.PRG(662) Warning C1003  Ambiguous reference: 'NT_PROD_M'
RH550.PRG(662) Warning C1003  Ambiguous reference: 'NTOT_CUSTO'
RH550.PRG(662) Warning C1003  Ambiguous reference: 'NCT_MES_ANT'
RH550.PRG(662) Warning C1003  Ambiguous reference: 'NACU_PROD'
RH550.PRG(662) Warning C1003  Ambiguous reference: 'NT_PROD_M'
RH550.PRG(662) Warning C1003  Ambiguous reference: 'NACU_MAN'
RH550.PRG(662) Warning C1003  Ambiguous reference: 'NTOT_CUSTO'
RH550.PRG(662) Warning C1003  Ambiguous reference: 'NT_PROD_M'
RH550.PRG(662) Warning C1003  Ambiguous reference: 'NTOT_CUSTO'
RH550.PRG(662) Warning C1003  Ambiguous reference: 'NCT_MES_ANT'
RH550.PRG(662) Warning C1003  Ambiguous reference: 'NACU_PREM'
RH550.PRG(662) Warning C1003  Ambiguous reference: 'NPREMIO'
RH550.PRG(662) Warning C1003  Ambiguous reference: 'NT_PROD_M'
RH550.PRG(662) Warning C1003  Ambiguous reference: 'NTOT_CUSTO'
RH550.PRG(662) Warning C1003  Ambiguous reference: 'NCT_MES_ANT'
RH550.PRG(662) Warning C1003  Ambiguous reference: 'NACU_PREM'
RH550.PRG(662) Warning C1003  Ambiguous reference: 'NPREMIO'
RH550.PRG(664) Warning C1003  Ambiguous reference: 'DDATA_INI'
RH550.PRG(668) Warning C1003  Ambiguous reference: 'NT_PROD_M'
RH550.PRG(669) Warning C1003  Ambiguous reference: 'NT_PROD_R'
RH550.PRG(670) Warning C1003  Ambiguous reference: 'NT_PROD_M'
RH550.PRG(671) Warning C1003  Ambiguous reference: 'NTOT_CUSTO'
RH550.PRG(672) Warning C1003  Ambiguous reference: 'NPREMIO'
RH550.PRG(673) Warning C1003  Ambiguous reference: 'NH_EXTRA'
RH550.PRG(674) Warning C1003  Ambiguous reference: 'NT_PROD_M'
RH550.PRG(674) Warning C1003  Ambiguous reference: 'NTOT_CUSTO'
RH550.PRG(675) Warning C1003  Ambiguous reference: 'NT_PROD_M'
RH550.PRG(675) Warning C1003  Ambiguous reference: 'NTOT_CUSTO'
RH550.PRG(675) Warning C1003  Ambiguous reference: 'NCT_MES_ANT'
RH550.PRG(681) Warning C1003  Ambiguous reference: 'DDATA_INI'
RH550.PRG(684) Warning C1003  Ambiguous reference: 'NT_PROD_M'
RH550.PRG(685) Warning C1003  Ambiguous reference: 'NT_PROD_R'
RH550.PRG(686) Warning C1003  Ambiguous reference: 'NT_PROD_M'
RH550.PRG(687) Warning C1003  Ambiguous reference: 'NTOT_CUSTO'
RH550.PRG(688) Warning C1003  Ambiguous reference: 'NPREMIO'
RH550.PRG(689) Warning C1003  Ambiguous reference: 'NH_EXTRA'
RH550.PRG(690) Warning C1003  Ambiguous reference: 'NT_PROD_M'
RH550.PRG(690) Warning C1003  Ambiguous reference: 'NTOT_CUSTO'
RH550.PRG(691) Warning C1003  Ambiguous reference: 'NT_PROD_M'
RH550.PRG(691) Warning C1003  Ambiguous reference: 'NTOT_CUSTO'
RH550.PRG(691) Warning C1003  Ambiguous reference: 'NCT_MES_ANT'
RH550.PRG(699) Warning C1003  Ambiguous reference: 'NT_PROD_M'
RH550.PRG(699) Warning C1004  Ambiguous reference, assuming memvar: 'NPREMIO'
RH550.PRG(700) Warning C1003  Ambiguous reference: 'NT_PROD_M'
RH550.PRG(700) Warning C1004  Ambiguous reference, assuming memvar: 'NH_EXTRA'
RH550.PRG(724) Warning C1003  Ambiguous reference: 'NT_PROD_M'
RH550.PRG(724) Warning C1003  Ambiguous reference: 'NT_PROD_R'
RH550.PRG(724) Warning C1003  Ambiguous reference: 'NT_PROD_M'
RH550.PRG(724) Warning C1003  Ambiguous reference: 'NTOT_CUSTO'
RH550.PRG(724) Warning C1003  Ambiguous reference: 'NT_PROD_M'
RH550.PRG(724) Warning C1003  Ambiguous reference: 'NTOT_CUSTO'
RH550.PRG(724) Warning C1003  Ambiguous reference: 'NCT_MES_ANT'
RH550.PRG(724) Warning C1003  Ambiguous reference: 'NPREMIO'
RH550.PRG(724) Warning C1003  Ambiguous reference: 'NH_EXTRA'
RH550.PRG(724) Warning C1003  Ambiguous reference: 'NT_PROD_M'
RH550.PRG(724) Warning C1003  Ambiguous reference: 'NTOT_CUSTO'
RH550.PRG(724) Warning C1003  Ambiguous reference: 'NT_PROD_M'
RH550.PRG(724) Warning C1003  Ambiguous reference: 'NTOT_CUSTO'
RH550.PRG(724) Warning C1003  Ambiguous reference: 'NCT_MES_ANT'
RH550.PRG(724) Warning C1003  Ambiguous reference: 'NACU_PROD'
RH550.PRG(724) Warning C1003  Ambiguous reference: 'NT_PROD_M'
RH550.PRG(724) Warning C1003  Ambiguous reference: 'NACU_MAN'
RH550.PRG(724) Warning C1003  Ambiguous reference: 'NTOT_CUSTO'
RH550.PRG(724) Warning C1003  Ambiguous reference: 'NT_PROD_M'
RH550.PRG(724) Warning C1003  Ambiguous reference: 'NTOT_CUSTO'
RH550.PRG(724) Warning C1003  Ambiguous reference: 'NCT_MES_ANT'
RH550.PRG(724) Warning C1003  Ambiguous reference: 'NACU_PREM'
RH550.PRG(724) Warning C1003  Ambiguous reference: 'NPREMIO'
RH550.PRG(724) Warning C1003  Ambiguous reference: 'NT_PROD_M'
RH550.PRG(724) Warning C1003  Ambiguous reference: 'NTOT_CUSTO'
RH550.PRG(724) Warning C1003  Ambiguous reference: 'NCT_MES_ANT'
RH550.PRG(724) Warning C1003  Ambiguous reference: 'NACU_PREM'
RH550.PRG(724) Warning C1003  Ambiguous reference: 'NPREMIO'
RH550.PRG(726) Warning C1003  Ambiguous reference: 'DDATA_INI'
RH550.PRG(730) Warning C1003  Ambiguous reference: 'NT_PROD_M'
RH550.PRG(731) Warning C1003  Ambiguous reference: 'NT_PROD_R'
RH550.PRG(732) Warning C1003  Ambiguous reference: 'NT_PROD_M'
RH550.PRG(733) Warning C1003  Ambiguous reference: 'NTOT_CUSTO'
RH550.PRG(734) Warning C1003  Ambiguous reference: 'NPREMIO'
RH550.PRG(735) Warning C1003  Ambiguous reference: 'NH_EXTRA'
RH550.PRG(736) Warning C1003  Ambiguous reference: 'NT_PROD_M'
RH550.PRG(736) Warning C1003  Ambiguous reference: 'NTOT_CUSTO'
RH550.PRG(737) Warning C1003  Ambiguous reference: 'NT_PROD_M'
RH550.PRG(737) Warning C1003  Ambiguous reference: 'NTOT_CUSTO'
RH550.PRG(737) Warning C1003  Ambiguous reference: 'NCT_MES_ANT'
RH550.PRG(743) Warning C1003  Ambiguous reference: 'DDATA_INI'
RH550.PRG(746) Warning C1003  Ambiguous reference: 'NT_PROD_M'
RH550.PRG(747) Warning C1003  Ambiguous reference: 'NT_PROD_R'
RH550.PRG(748) Warning C1003  Ambiguous reference: 'NT_PROD_M'
RH550.PRG(749) Warning C1003  Ambiguous reference: 'NTOT_CUSTO'
RH550.PRG(750) Warning C1003  Ambiguous reference: 'NPREMIO'
RH550.PRG(751) Warning C1003  Ambiguous reference: 'NH_EXTRA'
RH550.PRG(752) Warning C1003  Ambiguous reference: 'NT_PROD_M'
RH550.PRG(752) Warning C1003  Ambiguous reference: 'NTOT_CUSTO'
RH550.PRG(753) Warning C1003  Ambiguous reference: 'NT_PROD_M'
RH550.PRG(753) Warning C1003  Ambiguous reference: 'NTOT_CUSTO'
RH550.PRG(753) Warning C1003  Ambiguous reference: 'NCT_MES_ANT'
RH550.PRG(770) Warning C1004  Ambiguous reference, assuming memvar: 'NACU_PROD'
RH550.PRG(771) Warning C1004  Ambiguous reference, assuming memvar: 'NACU_MAN'
RH550.PRG(772) Warning C1004  Ambiguous reference, assuming memvar: 'NACU_PREM'
RH550.PRG(775) Warning C1003  Ambiguous reference: 'DDATA_INI'
RH550.PRG(776) Warning C1003  Ambiguous reference: 'NACU_PROD'
RH550.PRG(776) Warning C1004  Ambiguous reference, assuming memvar: 'NACU_PROD'
RH550.PRG(777) Warning C1003  Ambiguous reference: 'NACU_MAN'
RH550.PRG(777) Warning C1004  Ambiguous reference, assuming memvar: 'NACU_MAN'
RH550.PRG(779) Warning C1003  Ambiguous reference: 'NACU_PREM'
RH550.PRG(779) Warning C1004  Ambiguous reference, assuming memvar: 'NACU_PREM'
RH550.PRG(788) Warning C1003  Ambiguous reference: 'DDATA_INI'
RH550.PRG(789) Warning C1004  Ambiguous reference, assuming memvar: 'NCT_MES_ANT'
RH550.PRG(813) Warning C1003  Ambiguous reference: 'NT_PROD_M'
RH550.PRG(813) Warning C1003  Ambiguous reference: 'NT_PROD_R'
RH550.PRG(813) Warning C1003  Ambiguous reference: 'NT_PROD_M'
RH550.PRG(813) Warning C1003  Ambiguous reference: 'NTOT_CUSTO'
RH550.PRG(813) Warning C1003  Ambiguous reference: 'NT_PROD_M'
RH550.PRG(813) Warning C1003  Ambiguous reference: 'NTOT_CUSTO'
RH550.PRG(813) Warning C1003  Ambiguous reference: 'NCT_MES_ANT'
RH550.PRG(813) Warning C1003  Ambiguous reference: 'NPREMIO'
RH550.PRG(813) Warning C1003  Ambiguous reference: 'NH_EXTRA'
RH550.PRG(813) Warning C1003  Ambiguous reference: 'NT_PROD_M'
RH550.PRG(813) Warning C1003  Ambiguous reference: 'NTOT_CUSTO'
RH550.PRG(813) Warning C1003  Ambiguous reference: 'NT_PROD_M'
RH550.PRG(813) Warning C1003  Ambiguous reference: 'NTOT_CUSTO'
RH550.PRG(813) Warning C1003  Ambiguous reference: 'NCT_MES_ANT'
RH550.PRG(813) Warning C1003  Ambiguous reference: 'NACU_PROD'
RH550.PRG(813) Warning C1003  Ambiguous reference: 'NT_PROD_M'
RH550.PRG(813) Warning C1003  Ambiguous reference: 'NACU_MAN'
RH550.PRG(813) Warning C1003  Ambiguous reference: 'NTOT_CUSTO'
RH550.PRG(813) Warning C1003  Ambiguous reference: 'NT_PROD_M'
RH550.PRG(813) Warning C1003  Ambiguous reference: 'NTOT_CUSTO'
RH550.PRG(813) Warning C1003  Ambiguous reference: 'NCT_MES_ANT'
RH550.PRG(813) Warning C1003  Ambiguous reference: 'NACU_PREM'
RH550.PRG(813) Warning C1003  Ambiguous reference: 'NPREMIO'
RH550.PRG(813) Warning C1003  Ambiguous reference: 'NT_PROD_M'
RH550.PRG(813) Warning C1003  Ambiguous reference: 'NTOT_CUSTO'
RH550.PRG(813) Warning C1003  Ambiguous reference: 'NCT_MES_ANT'
RH550.PRG(813) Warning C1003  Ambiguous reference: 'NACU_PREM'
RH550.PRG(813) Warning C1003  Ambiguous reference: 'NPREMIO'
RH550.PRG(815) Warning C1003  Ambiguous reference: 'DDATA_INI'
RH550.PRG(818) Warning C1003  Ambiguous reference: 'NT_PROD_M'
RH550.PRG(819) Warning C1003  Ambiguous reference: 'NT_PROD_R'
RH550.PRG(820) Warning C1003  Ambiguous reference: 'NT_PROD_M'
RH550.PRG(821) Warning C1003  Ambiguous reference: 'NTOT_CUSTO'
RH550.PRG(822) Warning C1003  Ambiguous reference: 'NPREMIO'
RH550.PRG(823) Warning C1003  Ambiguous reference: 'NH_EXTRA'
RH550.PRG(824) Warning C1003  Ambiguous reference: 'NT_PROD_M'
RH550.PRG(824) Warning C1003  Ambiguous reference: 'NTOT_CUSTO'
RH550.PRG(825) Warning C1003  Ambiguous reference: 'NT_PROD_M'
RH550.PRG(825) Warning C1003  Ambiguous reference: 'NTOT_CUSTO'
RH550.PRG(825) Warning C1003  Ambiguous reference: 'NCT_MES_ANT'
RH550.PRG(831) Warning C1003  Ambiguous reference: 'DDATA_INI'
RH550.PRG(833) Warning C1003  Ambiguous reference: 'NT_PROD_M'
RH550.PRG(834) Warning C1003  Ambiguous reference: 'NT_PROD_R'
RH550.PRG(835) Warning C1003  Ambiguous reference: 'NT_PROD_M'
RH550.PRG(836) Warning C1003  Ambiguous reference: 'NTOT_CUSTO'
RH550.PRG(837) Warning C1003  Ambiguous reference: 'NPREMIO'
RH550.PRG(838) Warning C1003  Ambiguous reference: 'NH_EXTRA'
RH550.PRG(839) Warning C1003  Ambiguous reference: 'NT_PROD_M'
RH550.PRG(839) Warning C1003  Ambiguous reference: 'NTOT_CUSTO'
RH550.PRG(840) Warning C1003  Ambiguous reference: 'NT_PROD_M'
RH550.PRG(840) Warning C1003  Ambiguous reference: 'NTOT_CUSTO'
RH550.PRG(840) Warning C1003  Ambiguous reference: 'NCT_MES_ANT'
RH550.PRG(850) Warning C1004  Ambiguous reference, assuming memvar: 'NPREMIO'
RH550.PRG(851) Warning C1004  Ambiguous reference, assuming memvar: 'NH_EXTRA'
RH550.PRG(873) Warning C1003  Ambiguous reference: 'DDATA_INI'
RH550.PRG(890) Warning C1003  Ambiguous reference: 'DDATA_INI'
RH550.PRG(909) Warning C1004  Ambiguous reference, assuming memvar: 'NTOT_CUSTO'
RH550.PRG(910) Warning C1004  Ambiguous reference, assuming memvar: 'NT_PROD_M'
RH550.PRG(911) Warning C1004  Ambiguous reference, assuming memvar: 'NT_PROD_R'
RH550.PRG(912) Warning C1004  Ambiguous reference, assuming memvar: 'NPREMIO'
RH550.PRG(913) Warning C1004  Ambiguous reference, assuming memvar: 'NH_EXTRA'
RH550.PRG(914) Warning C1004  Ambiguous reference, assuming memvar: 'NACU_PROD'
RH550.PRG(915) Warning C1004  Ambiguous reference, assuming memvar: 'NACU_MAN'
RH550.PRG(916) Warning C1004  Ambiguous reference, assuming memvar: 'NACU_PREM'
RH550.PRG(926) Warning C1001  RETURN statement with no value in function
RH550.PRG(937) Warning C1003  Ambiguous reference: 'CFILIAL'
RH550.PRG(938) Warning C1003  Ambiguous reference: 'CFILIAL'
RH550.PRG(947) Warning C1003  Ambiguous reference: 'CFILIAL'
RH550.PRG(948) Warning C1003  Ambiguous reference: 'CFILIAL'
RH550.PRG(949) Warning C1001  RETURN statement with no value in function
RH550.PRG(952) Warning C1003  Ambiguous reference: 'CTEMP_FILIAL'
RH550.PRG(953) Warning C1001  RETURN statement with no value in function
RH550.PRG(957) Warning C1003  Ambiguous reference: 'XPAGINA'
RH550.PRG(958) Warning C1003  Ambiguous reference: 'XCOND2'
RH550.PRG(960) Warning C1003  Ambiguous reference: 'CTITULO'
RH550.PRG(976) Warning C1004  Ambiguous reference, assuming memvar: 'NACU_PREM'
RH550.PRG(979) Warning C1003  Ambiguous reference: 'DDATA_INI'
RH550.PRG(981) Warning C1003  Ambiguous reference: 'NACU_PREM'
RH550.PRG(981) Warning C1004  Ambiguous reference, assuming memvar: 'NACU_PREM'
RH550.PRG(988) Warning C1003  Ambiguous reference: 'DDATA_INI'
RH550.PRG(989) Warning C1004  Ambiguous reference, assuming memvar: 'NCT_MES_ANT'
RH550.PRG(995) Warning C1003  Ambiguous reference: 'CTEMP_CENTRO'
RH550.PRG(996) Warning C1003  Ambiguous reference: 'NTOT_PREMIO'
RH550.PRG(996) Warning C1003  Ambiguous reference: 'NTOT_QUANT'
RH550.PRG(996) Warning C1004  Ambiguous reference, assuming memvar: 'NPREMIO'
RH550.PRG(997) Warning C1003  Ambiguous reference: 'NTOT_H_EXTRA'
RH550.PRG(997) Warning C1003  Ambiguous reference: 'NTOT_QUANT'
RH550.PRG(997) Warning C1004  Ambiguous reference, assuming memvar: 'NH_EXTRA'
RH550.PRG(998) Warning C1003  Ambiguous reference: 'NH_EXTRA'
RH550.PRG(998) Warning C1004  Ambiguous reference, assuming memvar: 'NH_EXTRA'
RH550.PRG(1021)    Warning C1003  Ambiguous reference: 'NPREMIO'
RH550.PRG(1021)    Warning C1003  Ambiguous reference: 'NH_EXTRA'
RH550.PRG(1021)    Warning C1003  Ambiguous reference: 'NACU_PREM'
RH550.PRG(1021)    Warning C1003  Ambiguous reference: 'NPREMIO'
RH550.PRG(1023)    Warning C1003  Ambiguous reference: 'DDATA_INI'
RH550.PRG(1030)    Warning C1003  Ambiguous reference: 'NPREMIO'
RH550.PRG(1031)    Warning C1003  Ambiguous reference: 'NH_EXTRA'
RH550.PRG(1039)    Warning C1003  Ambiguous reference: 'DDATA_INI'
RH550.PRG(1045)    Warning C1003  Ambiguous reference: 'NPREMIO'
RH550.PRG(1046)    Warning C1003  Ambiguous reference: 'NH_EXTRA'
RH550.PRG(1056)    Warning C1003  Ambiguous reference: 'CTEMP_CENTRO'
RH550.PRG(1057)    Warning C1003  Ambiguous reference: 'NTOT_PREMIO'
RH550.PRG(1057)    Warning C1003  Ambiguous reference: 'NTOT_QUANT'
RH550.PRG(1057)    Warning C1004  Ambiguous reference, assuming memvar: 'NPREMIO'
RH550.PRG(1058)    Warning C1003  Ambiguous reference: 'NTOT_H_EXTRA'
RH550.PRG(1058)    Warning C1003  Ambiguous reference: 'NTOT_QUANT'
RH550.PRG(1058)    Warning C1004  Ambiguous reference, assuming memvar: 'NH_EXTRA'
RH550.PRG(1059)    Warning C1003  Ambiguous reference: 'NH_EXTRA'
RH550.PRG(1059)    Warning C1004  Ambiguous reference, assuming memvar: 'NH_EXTRA'
RH550.PRG(1082)    Warning C1003  Ambiguous reference: 'NPREMIO'
RH550.PRG(1082)    Warning C1003  Ambiguous reference: 'NH_EXTRA'
RH550.PRG(1082)    Warning C1003  Ambiguous reference: 'NACU_PREM'
RH550.PRG(1082)    Warning C1003  Ambiguous reference: 'NPREMIO'
RH550.PRG(1084)    Warning C1003  Ambiguous reference: 'DDATA_INI'
RH550.PRG(1091)    Warning C1003  Ambiguous reference: 'NPREMIO'
RH550.PRG(1092)    Warning C1003  Ambiguous reference: 'NH_EXTRA'
RH550.PRG(1100)    Warning C1003  Ambiguous reference: 'DDATA_INI'
RH550.PRG(1106)    Warning C1003  Ambiguous reference: 'NPREMIO'
RH550.PRG(1107)    Warning C1003  Ambiguous reference: 'NH_EXTRA'
RH550.PRG(1117)    Warning C1003  Ambiguous reference: 'CTEMP_CENTRO'
RH550.PRG(1118)    Warning C1003  Ambiguous reference: 'NTOT_PREMIO'
RH550.PRG(1118)    Warning C1003  Ambiguous reference: 'NTOT_QUANT'
RH550.PRG(1118)    Warning C1004  Ambiguous reference, assuming memvar: 'NPREMIO'
RH550.PRG(1141)    Warning C1003  Ambiguous reference: 'NPREMIO'
RH550.PRG(1141)    Warning C1003  Ambiguous reference: 'NACU_PREM'
RH550.PRG(1141)    Warning C1003  Ambiguous reference: 'NPREMIO'
RH550.PRG(1143)    Warning C1003  Ambiguous reference: 'DDATA_INI'
RH550.PRG(1150)    Warning C1003  Ambiguous reference: 'NPREMIO'
RH550.PRG(1159)    Warning C1003  Ambiguous reference: 'DDATA_INI'
RH550.PRG(1165)    Warning C1003  Ambiguous reference: 'NPREMIO'
RH550.PRG(1176)    Warning C1003  Ambiguous reference: 'CTEMP_CENTRO'
RH550.PRG(1177)    Warning C1003  Ambiguous reference: 'NTOT_PREMIO'
RH550.PRG(1177)    Warning C1003  Ambiguous reference: 'NTOT_QUANT'
RH550.PRG(1177)    Warning C1004  Ambiguous reference, assuming memvar: 'NPREMIO'
RH550.PRG(1178)    Warning C1003  Ambiguous reference: 'NTOT_H_EXTRA'
RH550.PRG(1178)    Warning C1003  Ambiguous reference: 'NTOT_QUANT'
RH550.PRG(1178)    Warning C1004  Ambiguous reference, assuming memvar: 'NH_EXTRA'
RH550.PRG(1201)    Warning C1003  Ambiguous reference: 'NPREMIO'
RH550.PRG(1201)    Warning C1003  Ambiguous reference: 'NH_EXTRA'
RH550.PRG(1201)    Warning C1003  Ambiguous reference: 'NACU_PREM'
RH550.PRG(1201)    Warning C1003  Ambiguous reference: 'NPREMIO'
RH550.PRG(1203)    Warning C1003  Ambiguous reference: 'DDATA_INI'
RH550.PRG(1210)    Warning C1003  Ambiguous reference: 'NPREMIO'
RH550.PRG(1211)    Warning C1003  Ambiguous reference: 'NH_EXTRA'
RH550.PRG(1219)    Warning C1003  Ambiguous reference: 'DDATA_INI'
RH550.PRG(1225)    Warning C1003  Ambiguous reference: 'NPREMIO'
RH550.PRG(1226)    Warning C1003  Ambiguous reference: 'NH_EXTRA'
RH550.PRG(1236)    Warning C1003  Ambiguous reference: 'CTEMP_CENTRO'
RH550.PRG(1237)    Warning C1003  Ambiguous reference: 'NTOT_PREMIO'
RH550.PRG(1237)    Warning C1003  Ambiguous reference: 'NTOT_QUANT'
RH550.PRG(1237)    Warning C1004  Ambiguous reference, assuming memvar: 'NPREMIO'
RH550.PRG(1238)    Warning C1003  Ambiguous reference: 'NTOT_H_EXTRA'
RH550.PRG(1238)    Warning C1003  Ambiguous reference: 'NTOT_QUANT'
RH550.PRG(1238)    Warning C1004  Ambiguous reference, assuming memvar: 'NH_EXTRA'
RH550.PRG(1261)    Warning C1003  Ambiguous reference: 'NPREMIO'
RH550.PRG(1261)    Warning C1003  Ambiguous reference: 'NH_EXTRA'
RH550.PRG(1261)    Warning C1003  Ambiguous reference: 'NACU_PREM'
RH550.PRG(1261)    Warning C1003  Ambiguous reference: 'NPREMIO'
RH550.PRG(1263)    Warning C1003  Ambiguous reference: 'DDATA_INI'
RH550.PRG(1270)    Warning C1003  Ambiguous reference: 'NPREMIO'
RH550.PRG(1271)    Warning C1003  Ambiguous reference: 'NH_EXTRA'
RH550.PRG(1279)    Warning C1003  Ambiguous reference: 'DDATA_INI'
RH550.PRG(1285)    Warning C1003  Ambiguous reference: 'NPREMIO'
RH550.PRG(1286)    Warning C1003  Ambiguous reference: 'NH_EXTRA'
RH550.PRG(1296)    Warning C1003  Ambiguous reference: 'CTEMP_CENTRO'
RH550.PRG(1297)    Warning C1003  Ambiguous reference: 'NTOT_PREMIO'
RH550.PRG(1297)    Warning C1003  Ambiguous reference: 'NTOT_QUANT'
RH550.PRG(1297)    Warning C1004  Ambiguous reference, assuming memvar: 'NPREMIO'
RH550.PRG(1298)    Warning C1003  Ambiguous reference: 'NTOT_H_EXTRA'
RH550.PRG(1298)    Warning C1003  Ambiguous reference: 'NTOT_QUANT'
RH550.PRG(1298)    Warning C1004  Ambiguous reference, assuming memvar: 'NH_EXTRA'
RH550.PRG(1321)    Warning C1003  Ambiguous reference: 'NPREMIO'
RH550.PRG(1321)    Warning C1003  Ambiguous reference: 'NH_EXTRA'
RH550.PRG(1321)    Warning C1003  Ambiguous reference: 'NACU_PREM'
RH550.PRG(1321)    Warning C1003  Ambiguous reference: 'NPREMIO'
RH550.PRG(1323)    Warning C1003  Ambiguous reference: 'DDATA_INI'
RH550.PRG(1330)    Warning C1003  Ambiguous reference: 'NPREMIO'
RH550.PRG(1331)    Warning C1003  Ambiguous reference: 'NH_EXTRA'
RH550.PRG(1339)    Warning C1003  Ambiguous reference: 'DDATA_INI'
RH550.PRG(1345)    Warning C1003  Ambiguous reference: 'NPREMIO'
RH550.PRG(1346)    Warning C1003  Ambiguous reference: 'NH_EXTRA'
RH550.PRG(1356)    Warning C1003  Ambiguous reference: 'CTEMP_CENTRO'
RH550.PRG(1357)    Warning C1004  Ambiguous reference, assuming memvar: 'NPREMIO'
RH550.PRG(1358)    Warning C1004  Ambiguous reference, assuming memvar: 'NH_EXTRA'
RH550.PRG(1381)    Warning C1003  Ambiguous reference: 'NACU_PREM'
RH550.PRG(1381)    Warning C1003  Ambiguous reference: 'NPREMIO'
RH550.PRG(1385)    Warning C1004  Ambiguous reference, assuming memvar: 'NPREMIO'
RH550.PRG(1386)    Warning C1004  Ambiguous reference, assuming memvar: 'NH_EXTRA'
RH550.PRG(1392)    Warning C1001  RETURN statement with no value in function
475 warnings                
Code size 13278, Symbols 2032, Constants 5314
