312K available
Compiling RH552.PRG
RH552.PRG(14)  Warning C1003  Ambiguous reference: 'XFLAG'
RH552.PRG(22)  Warning C1004  Ambiguous reference, assuming memvar: 'AEDICAO'
RH552.PRG(23)  Warning C1004  Ambiguous reference, assuming memvar: 'SBLOCO1'
RH552.PRG(25)  Warning C1003  Ambiguous reference: 'ANOMES'
RH552.PRG(25)  Warning C1003  Ambiguous reference: 'XANOMES'
RH552.PRG(29)  Warning C1003  Ambiguous reference: 'AEDICAO'
RH552.PRG(29)  Warning C1003  Ambiguous reference: 'CMATRICULA'
RH552.PRG(30)  Warning C1003  Ambiguous reference: 'AEDICAO'
RH552.PRG(31)  Warning C1003  Ambiguous reference: 'AEDICAO'
RH552.PRG(31)  Warning C1003  Ambiguous reference: 'CCENTRO'
RH552.PRG(32)  Warning C1003  Ambiguous reference: 'AEDICAO'
RH552.PRG(33)  Warning C1003  Ambiguous reference: 'AEDICAO'
RH552.PRG(33)  Warning C1003  Ambiguous reference: 'CFILIAL'
RH552.PRG(34)  Warning C1003  Ambiguous reference: 'AEDICAO'
RH552.PRG(35)  Warning C1003  Ambiguous reference: 'AEDICAO'
RH552.PRG(35)  Warning C1003  Ambiguous reference: 'CEVENT'
RH552.PRG(36)  Warning C1003  Ambiguous reference: 'AEDICAO'
RH552.PRG(37)  Warning C1003  Ambiguous reference: 'AEDICAO'
RH552.PRG(37)  Warning C1003  Ambiguous reference: 'CTIPOREL'
RH552.PRG(37)  Warning C1003  Ambiguous reference: 'SBLOCO1'
RH552.PRG(42)  Warning C1004  Ambiguous reference, assuming memvar: 'XNIVEL'
RH552.PRG(43)  Warning C1004  Ambiguous reference, assuming memvar: 'XFLAG'
RH552.PRG(44)  Warning C1004  Ambiguous reference, assuming memvar: 'CCENTRO'
RH552.PRG(45)  Warning C1004  Ambiguous reference, assuming memvar: 'CFILIAL'
RH552.PRG(46)  Warning C1004  Ambiguous reference, assuming memvar: 'CMATRICULA'
RH552.PRG(47)  Warning C1004  Ambiguous reference, assuming memvar: 'CTIPOREL'
RH552.PRG(48)  Warning C1004  Ambiguous reference, assuming memvar: 'CEVENT'
RH552.PRG(52)  Warning C1003  Ambiguous reference: 'XNIVEL'
RH552.PRG(52)  Warning C1003  Ambiguous reference: 'XNIVEL'
RH552.PRG(52)  Warning C1003  Ambiguous reference: 'AEDICAO'
RH552.PRG(53)  Warning C1004  Ambiguous reference, assuming memvar: 'AEDICAO'
RH552.PRG(53)  Warning C1003  Ambiguous reference: 'XNIVEL'
RH552.PRG(55)  Warning C1004  Ambiguous reference, assuming memvar: 'AEDICAO'
RH552.PRG(55)  Warning C1003  Ambiguous reference: 'XNIVEL'
RH552.PRG(56)  Warning C1003  Ambiguous reference: 'XFLAG'
RH552.PRG(56)  Warning C1004  Ambiguous reference, assuming memvar: 'XNIVEL'
RH552.PRG(56)  Warning C1004  Ambiguous reference, assuming memvar: 'XNIVEL'
RH552.PRG(56)  Warning C1004  Ambiguous reference, assuming memvar: 'XNIVEL'
RH552.PRG(56)  Warning C1004  Ambiguous reference, assuming memvar: 'XNIVEL'
RH552.PRG(69)  Warning C1003  Ambiguous reference: 'CMATRICULA'
RH552.PRG(70)  Warning C1003  Ambiguous reference: 'CMATRICULA'
RH552.PRG(75)  Warning C1003  Ambiguous reference: 'XNIVEL'
RH552.PRG(75)  Warning C1003  Ambiguous reference: 'CMATRICULA'
RH552.PRG(78)  Warning C1003  Ambiguous reference: 'CEVENT'
RH552.PRG(79)  Warning C1003  Ambiguous reference: 'CEVENT'
RH552.PRG(80)  Warning C1003  Ambiguous reference: 'CEVENT'
RH552.PRG(84)  Warning C1003  Ambiguous reference: 'XNIVEL'
RH552.PRG(89)  Warning C1003  Ambiguous reference: 'CCENTRO'
RH552.PRG(90)  Warning C1003  Ambiguous reference: 'CCENTRO'
RH552.PRG(94)  Warning C1003  Ambiguous reference: 'CCENTRO'
RH552.PRG(99)  Warning C1003  Ambiguous reference: 'XNIVEL'
RH552.PRG(99)  Warning C1003  Ambiguous reference: 'CCENTRO'
RH552.PRG(101) Warning C1003  Ambiguous reference: 'XNIVEL'
RH552.PRG(101) Warning C1003  Ambiguous reference: 'CFILIAL'
RH552.PRG(103) Warning C1003  Ambiguous reference: 'CTIPOREL'
RH552.PRG(104) Warning C1003  Ambiguous reference: 'XNIVEL'
RH552.PRG(104) Warning C1003  Ambiguous reference: 'CTIPOREL'
RH552.PRG(116) Warning C1004  Ambiguous reference, assuming memvar: 'CTITULO'
RH552.PRG(126) Warning C1003  Ambiguous reference: 'FILIAL'
RH552.PRG(132) Warning C1003  Ambiguous reference: 'CEVENT'
RH552.PRG(142) Warning C1004  Ambiguous reference, assuming memvar: 'NESTF1'
RH552.PRG(143) Warning C1004  Ambiguous reference, assuming memvar: 'NESTF2'
RH552.PRG(144) Warning C1004  Ambiguous reference, assuming memvar: 'NESTF3'
RH552.PRG(145) Warning C1004  Ambiguous reference, assuming memvar: 'NESTF4'
RH552.PRG(146) Warning C1004  Ambiguous reference, assuming memvar: 'NESTF5'
RH552.PRG(147) Warning C1004  Ambiguous reference, assuming memvar: 'NESTF6'
RH552.PRG(148) Warning C1004  Ambiguous reference, assuming memvar: 'NSEXOFM'
RH552.PRG(149) Warning C1004  Ambiguous reference, assuming memvar: 'NSEXOFF'
RH552.PRG(150) Warning C1004  Ambiguous reference, assuming memvar: 'NSEXODM'
RH552.PRG(151) Warning C1004  Ambiguous reference, assuming memvar: 'NSEXODF'
RH552.PRG(152) Warning C1004  Ambiguous reference, assuming memvar: 'NDEPE'
RH552.PRG(153) Warning C1004  Ambiguous reference, assuming memvar: 'NFUN'
RH552.PRG(154) Warning C1004  Ambiguous reference, assuming memvar: 'NTOTAL'
RH552.PRG(155) Warning C1003  Ambiguous reference: 'CTIPOREL'
RH552.PRG(155) Warning C1004  Ambiguous reference, assuming memvar: 'CTIPOREL'
RH552.PRG(160) Warning C1001  RETURN statement with no value in function
RH552.PRG(175) Warning C1003  Ambiguous reference: 'CMATRICULA'
RH552.PRG(176) Warning C1003  Ambiguous reference: 'CMATRICULA'
RH552.PRG(194) Warning C1003  Ambiguous reference: 'CFILIAL'
RH552.PRG(194) Warning C1003  Ambiguous reference: 'CFILIAL'
RH552.PRG(199) Warning C1003  Ambiguous reference: 'XANOMES'
RH552.PRG(199) Warning C1003  Ambiguous reference: 'CTIPOREL'
RH552.PRG(199) Warning C1003  Ambiguous reference: 'CEVENT'
RH552.PRG(208) Warning C1001  RETURN statement with no value in function
RH552.PRG(210) Warning C1003  Ambiguous reference: 'XPAGINA'
RH552.PRG(212) Warning C1003  Ambiguous reference: 'CTITULO'
RH552.PRG(224) Warning C1003  Ambiguous reference: 'NTOTAL'
RH552.PRG(224) Warning C1004  Ambiguous reference, assuming memvar: 'NTOTAL'
RH552.PRG(226) Warning C1004  Ambiguous reference, assuming memvar: 'NFUN'
RH552.PRG(226) Warning C1004  Ambiguous reference, assuming memvar: 'NFUN'
RH552.PRG(243) Warning C1003  Ambiguous reference: 'NTOTAL'
RH552.PRG(244) Warning C1004  Ambiguous reference, assuming memvar: 'NTOTAL'
RH552.PRG(249) Warning C1001  RETURN statement with no value in function
93 warnings                
Code size 2215, Symbols 1120, Constants 777
