312K available
Compiling RH561.PRG
RH561.PRG(14)  Warning C1003  Ambiguous reference: 'XNIVEL'
RH561.PRG(14)  Warning C1003  Ambiguous reference: 'XFLAG'
RH561.PRG(16)  Warning C1004  Ambiguous reference, assuming memvar: 'SBLOCO1'
RH561.PRG(17)  Warning C1004  Ambiguous reference, assuming memvar: 'SBLOCO2'
RH561.PRG(18)  Warning C1004  Ambiguous reference, assuming memvar: 'SBLOCO3'
RH561.PRG(22)  Warning C1004  Ambiguous reference, assuming memvar: 'CMATRICULA'
RH561.PRG(23)  Warning C1004  Ambiguous reference, assuming memvar: 'CORDEM'
RH561.PRG(24)  Warning C1004  Ambiguous reference, assuming memvar: 'AEDICAO'
RH561.PRG(25)  Warning C1004  Ambiguous reference, assuming memvar: 'APROV'
RH561.PRG(26)  Warning C1004  Ambiguous reference, assuming memvar: 'ADESC'
RH561.PRG(27)  Warning C1004  Ambiguous reference, assuming memvar: 'ATOT_P'
RH561.PRG(28)  Warning C1004  Ambiguous reference, assuming memvar: 'ATOT_D'
RH561.PRG(29)  Warning C1004  Ambiguous reference, assuming memvar: 'NPROVENTOS'
RH561.PRG(30)  Warning C1004  Ambiguous reference, assuming memvar: 'NDESCONTOS'
RH561.PRG(31)  Warning C1004  Ambiguous reference, assuming memvar: 'AEVENTOS'
RH561.PRG(35)  Warning C1004  Ambiguous reference, assuming memvar: 'ANOVO'
RH561.PRG(36)  Warning C1004  Ambiguous reference, assuming memvar: 'NLIN'
RH561.PRG(37)  Warning C1004  Ambiguous reference, assuming memvar: 'LLIN'
RH561.PRG(41)  Warning C1003  Ambiguous reference: 'AEDICAO'
RH561.PRG(41)  Warning C1003  Ambiguous reference: 'CTIPOREL'
RH561.PRG(41)  Warning C1003  Ambiguous reference: 'SBLOCO2'
RH561.PRG(42)  Warning C1003  Ambiguous reference: 'AEDICAO'
RH561.PRG(42)  Warning C1003  Ambiguous reference: 'CORDEM'
RH561.PRG(42)  Warning C1003  Ambiguous reference: 'SBLOCO3'
RH561.PRG(43)  Warning C1003  Ambiguous reference: 'AEDICAO'
RH561.PRG(43)  Warning C1003  Ambiguous reference: 'CMATRICULA'
RH561.PRG(44)  Warning C1003  Ambiguous reference: 'AEDICAO'
RH561.PRG(50)  Warning C1004  Ambiguous reference, assuming memvar: 'XNIVEL'
RH561.PRG(51)  Warning C1004  Ambiguous reference, assuming memvar: 'XFLAG'
RH561.PRG(52)  Warning C1004  Ambiguous reference, assuming memvar: 'CTIPOREL'
RH561.PRG(56)  Warning C1003  Ambiguous reference: 'XNIVEL'
RH561.PRG(56)  Warning C1003  Ambiguous reference: 'XNIVEL'
RH561.PRG(56)  Warning C1003  Ambiguous reference: 'AEDICAO'
RH561.PRG(57)  Warning C1004  Ambiguous reference, assuming memvar: 'AEDICAO'
RH561.PRG(57)  Warning C1003  Ambiguous reference: 'XNIVEL'
RH561.PRG(59)  Warning C1004  Ambiguous reference, assuming memvar: 'AEDICAO'
RH561.PRG(59)  Warning C1003  Ambiguous reference: 'XNIVEL'
RH561.PRG(60)  Warning C1003  Ambiguous reference: 'XFLAG'
RH561.PRG(60)  Warning C1004  Ambiguous reference, assuming memvar: 'XNIVEL'
RH561.PRG(60)  Warning C1004  Ambiguous reference, assuming memvar: 'XNIVEL'
RH561.PRG(60)  Warning C1004  Ambiguous reference, assuming memvar: 'XNIVEL'
RH561.PRG(60)  Warning C1004  Ambiguous reference, assuming memvar: 'XNIVEL'
RH561.PRG(63)  Warning C1003  Ambiguous reference: 'XEMPRESA'
RH561.PRG(78)  Warning C1003  Ambiguous reference: 'CTIPOREL'
RH561.PRG(79)  Warning C1003  Ambiguous reference: 'XNIVEL'
RH561.PRG(79)  Warning C1003  Ambiguous reference: 'CTIPOREL'
RH561.PRG(81)  Warning C1003  Ambiguous reference: 'CORDEM'
RH561.PRG(82)  Warning C1003  Ambiguous reference: 'XNIVEL'
RH561.PRG(82)  Warning C1003  Ambiguous reference: 'CORDEM'
RH561.PRG(84)  Warning C1003  Ambiguous reference: 'CMATRICULA'
RH561.PRG(85)  Warning C1003  Ambiguous reference: 'XNIVEL'
RH561.PRG(87)  Warning C1003  Ambiguous reference: 'CMATRICULA'
RH561.PRG(87)  Warning C1004  Ambiguous reference, assuming memvar: 'CMATRICULA'
RH561.PRG(89)  Warning C1004  Ambiguous reference, assuming memvar: 'CMATRICULA'
RH561.PRG(96)  Warning C1003  Ambiguous reference: 'XNIVEL'
RH561.PRG(109) Warning C1003  Ambiguous reference: 'CTIPOREL'
RH561.PRG(109) Warning C1004  Ambiguous reference, assuming memvar: 'CTIPOREL'
RH561.PRG(111) Warning C1004  Ambiguous reference, assuming memvar: 'CTITULO'
RH561.PRG(114) Warning C1003  Ambiguous reference: 'CTIPOREL'
RH561.PRG(114) Warning C1004  Ambiguous reference, assuming memvar: 'CTITULO'
RH561.PRG(114) Warning C1004  Ambiguous reference, assuming memvar: 'CTITULO'
RH561.PRG(115) Warning C1003  Ambiguous reference: 'CTIPOREL'
RH561.PRG(115) Warning C1004  Ambiguous reference, assuming memvar: 'CTITULO'
RH561.PRG(115) Warning C1004  Ambiguous reference, assuming memvar: 'CTITULO'
RH561.PRG(116) Warning C1003  Ambiguous reference: 'CTIPOREL'
RH561.PRG(116) Warning C1004  Ambiguous reference, assuming memvar: 'CTITULO'
RH561.PRG(116) Warning C1004  Ambiguous reference, assuming memvar: 'CTITULO'
RH561.PRG(117) Warning C1003  Ambiguous reference: 'CTIPOREL'
RH561.PRG(117) Warning C1004  Ambiguous reference, assuming memvar: 'CTITULO'
RH561.PRG(117) Warning C1004  Ambiguous reference, assuming memvar: 'CTITULO'
RH561.PRG(120) Warning C1004  Ambiguous reference, assuming memvar: 'CTITULO'
RH561.PRG(120) Warning C1003  Ambiguous reference: 'XDATASYS'
RH561.PRG(120) Warning C1003  Ambiguous reference: 'XDATASYS'
RH561.PRG(120) Warning C1004  Ambiguous reference, assuming memvar: 'CTITULO'
RH561.PRG(125) Warning C1003  Ambiguous reference: 'CORDEM'
RH561.PRG(126) Warning C1003  Ambiguous reference: 'CORDEM'
RH561.PRG(144) Warning C1001  RETURN statement with no value in function
RH561.PRG(146) Warning C1003  Ambiguous reference: 'CMATRICULA'
RH561.PRG(148) Warning C1003  Ambiguous reference: 'CMATRICULA'
RH561.PRG(149) Warning C1003  Ambiguous reference: 'CORDEM'
RH561.PRG(156) Warning C1003  Ambiguous reference: 'CMATRICULA'
RH561.PRG(156) Warning C1003  Ambiguous reference: 'CMATRICULA'
RH561.PRG(167) Warning C1001  RETURN statement with no value in function
RH561.PRG(169) Warning C1003  Ambiguous reference: 'ANOMES'
RH561.PRG(169) Warning C1003  Ambiguous reference: 'XANOMES'
RH561.PRG(170) Warning C1003  Ambiguous reference: 'EVENTO'
RH561.PRG(171) Warning C1003  Ambiguous reference: 'MATRICULA'
RH561.PRG(171) Warning C1003  Ambiguous reference: 'XANOMES'
RH561.PRG(172) Warning C1003  Ambiguous reference: 'CARGO'
RH561.PRG(173) Warning C1003  Ambiguous reference: 'XANOMES'
RH561.PRG(173) Warning C1003  Ambiguous reference: 'MATRICULA'
RH561.PRG(173) Warning C1003  Ambiguous reference: 'CTIPOREL'
RH561.PRG(175) Warning C1003  Ambiguous reference: 'XPAGINA'
RH561.PRG(177) Warning C1003  Ambiguous reference: 'XCOND0'
RH561.PRG(178) Warning C1003  Ambiguous reference: 'CTITULO'
RH561.PRG(189) Warning C1004  Ambiguous reference, assuming memvar: 'APROV'
RH561.PRG(190) Warning C1004  Ambiguous reference, assuming memvar: 'ADESC'
RH561.PRG(191) Warning C1004  Ambiguous reference, assuming memvar: 'AEVENTOS'
RH561.PRG(192) Warning C1004  Ambiguous reference, assuming memvar: 'AORDEM'
RH561.PRG(193) Warning C1004  Ambiguous reference, assuming memvar: 'NTOT_PROV'
RH561.PRG(194) Warning C1004  Ambiguous reference, assuming memvar: 'NTOT_DESC'
RH561.PRG(196) Warning C1003  Ambiguous reference: 'XANOMES'
RH561.PRG(196) Warning C1003  Ambiguous reference: 'CTIPOREL'
RH561.PRG(201) Warning C1003  Ambiguous reference: 'APROV'
RH561.PRG(203) Warning C1003  Ambiguous reference: 'ANOVO'
RH561.PRG(204) Warning C1003  Ambiguous reference: 'ANOVO'
RH561.PRG(206) Warning C1003  Ambiguous reference: 'ANOVO'
RH561.PRG(206) Warning C1004  Ambiguous reference, assuming memvar: 'NLIN'
RH561.PRG(207) Warning C1004  Ambiguous reference, assuming memvar: 'ANOVO'
RH561.PRG(207) Warning C1003  Ambiguous reference: 'NLIN'
RH561.PRG(207) Warning C1004  Ambiguous reference, assuming memvar: 'ANOVO'
RH561.PRG(207) Warning C1003  Ambiguous reference: 'NLIN'
RH561.PRG(209) Warning C1003  Ambiguous reference: 'ANOVO'
RH561.PRG(214) Warning C1004  Ambiguous reference, assuming memvar: 'NTOT_PROV'
RH561.PRG(214) Warning C1004  Ambiguous reference, assuming memvar: 'NTOT_PROV'
RH561.PRG(217) Warning C1003  Ambiguous reference: 'ADESC'
RH561.PRG(219) Warning C1003  Ambiguous reference: 'ANOVO'
RH561.PRG(220) Warning C1003  Ambiguous reference: 'ANOVO'
RH561.PRG(222) Warning C1003  Ambiguous reference: 'ANOVO'
RH561.PRG(222) Warning C1004  Ambiguous reference, assuming memvar: 'NLIN'
RH561.PRG(223) Warning C1004  Ambiguous reference, assuming memvar: 'ANOVO'
RH561.PRG(223) Warning C1003  Ambiguous reference: 'NLIN'
RH561.PRG(223) Warning C1004  Ambiguous reference, assuming memvar: 'ANOVO'
RH561.PRG(223) Warning C1003  Ambiguous reference: 'NLIN'
RH561.PRG(225) Warning C1003  Ambiguous reference: 'ANOVO'
RH561.PRG(229) Warning C1004  Ambiguous reference, assuming memvar: 'NTOT_DESC'
RH561.PRG(229) Warning C1004  Ambiguous reference, assuming memvar: 'NTOT_DESC'
RH561.PRG(238) Warning C1004  Ambiguous reference, assuming memvar: 'NMATRICULA'
RH561.PRG(240) Warning C1004  Ambiguous reference, assuming memvar: 'NREC_FUN'
RH561.PRG(241) Warning C1004  Ambiguous reference, assuming memvar: 'NREC_LAN'
RH561.PRG(268) Warning C1003  Ambiguous reference: 'ANOMES'
RH561.PRG(268) Warning C1003  Ambiguous reference: 'XANOMES'
RH561.PRG(269) Warning C1003  Ambiguous reference: 'EVENTO'
RH561.PRG(270) Warning C1003  Ambiguous reference: 'MATRICULA'
RH561.PRG(270) Warning C1003  Ambiguous reference: 'XANOMES'
RH561.PRG(271) Warning C1003  Ambiguous reference: 'CARGO'
RH561.PRG(272) Warning C1003  Ambiguous reference: 'XANOMES'
RH561.PRG(272) Warning C1003  Ambiguous reference: 'MATRICULA'
RH561.PRG(272) Warning C1003  Ambiguous reference: 'CTIPOREL'
RH561.PRG(281) Warning C1003  Ambiguous reference: 'NMATRICULA'
RH561.PRG(283) Warning C1003  Ambiguous reference: 'CORDEM'
RH561.PRG(287) Warning C1003  Ambiguous reference: 'XANOMES'
RH561.PRG(287) Warning C1003  Ambiguous reference: 'CTIPOREL'
RH561.PRG(291) Warning C1003  Ambiguous reference: 'APROV'
RH561.PRG(293) Warning C1003  Ambiguous reference: 'ANOVO'
RH561.PRG(294) Warning C1003  Ambiguous reference: 'ANOVO'
RH561.PRG(296) Warning C1003  Ambiguous reference: 'ANOVO'
RH561.PRG(296) Warning C1004  Ambiguous reference, assuming memvar: 'NLIN'
RH561.PRG(297) Warning C1004  Ambiguous reference, assuming memvar: 'ANOVO'
RH561.PRG(297) Warning C1003  Ambiguous reference: 'NLIN'
RH561.PRG(297) Warning C1004  Ambiguous reference, assuming memvar: 'ANOVO'
RH561.PRG(297) Warning C1003  Ambiguous reference: 'NLIN'
RH561.PRG(299) Warning C1003  Ambiguous reference: 'ANOVO'
RH561.PRG(304) Warning C1004  Ambiguous reference, assuming memvar: 'NTOT_PROV'
RH561.PRG(304) Warning C1004  Ambiguous reference, assuming memvar: 'NTOT_PROV'
RH561.PRG(307) Warning C1003  Ambiguous reference: 'ADESC'
RH561.PRG(308) Warning C1004  Ambiguous reference, assuming memvar: 'NTOT_DESC'
RH561.PRG(308) Warning C1004  Ambiguous reference, assuming memvar: 'NTOT_DESC'
RH561.PRG(310) Warning C1003  Ambiguous reference: 'ANOVO'
RH561.PRG(311) Warning C1003  Ambiguous reference: 'ANOVO'
RH561.PRG(313) Warning C1003  Ambiguous reference: 'ANOVO'
RH561.PRG(313) Warning C1004  Ambiguous reference, assuming memvar: 'NLIN'
RH561.PRG(314) Warning C1004  Ambiguous reference, assuming memvar: 'ANOVO'
RH561.PRG(314) Warning C1003  Ambiguous reference: 'NLIN'
RH561.PRG(314) Warning C1004  Ambiguous reference, assuming memvar: 'ANOVO'
RH561.PRG(314) Warning C1003  Ambiguous reference: 'NLIN'
RH561.PRG(316) Warning C1003  Ambiguous reference: 'ANOVO'
RH561.PRG(354) Warning C1003  Ambiguous reference: 'APROV'
RH561.PRG(354) Warning C1004  Ambiguous reference, assuming memvar: 'AEVENTOS'
RH561.PRG(355) Warning C1004  Ambiguous reference, assuming memvar: 'AORDEM'
RH561.PRG(359) Warning C1004  Ambiguous reference, assuming memvar: 'NCONT'
RH561.PRG(359) Warning C1004  Ambiguous reference, assuming memvar: 'NCONT'
RH561.PRG(359) Warning C1004  Ambiguous reference, assuming memvar: 'NCONT'
RH561.PRG(359) Warning C1003  Ambiguous reference: 'NCONT'
RH561.PRG(359) Warning C1003  Ambiguous reference: 'APROV'
RH561.PRG(360) Warning C1004  Ambiguous reference, assuming memvar: 'APROV'
RH561.PRG(360) Warning C1003  Ambiguous reference: 'NCONT'
RH561.PRG(360) Warning C1004  Ambiguous reference, assuming memvar: 'AEVENTOS'
RH561.PRG(360) Warning C1003  Ambiguous reference: 'NCONT'
RH561.PRG(361) Warning C1004  Ambiguous reference, assuming memvar: 'AEVENTOS'
RH561.PRG(361) Warning C1003  Ambiguous reference: 'NCONT'
RH561.PRG(361) Warning C1004  Ambiguous reference, assuming memvar: 'APROV'
RH561.PRG(361) Warning C1003  Ambiguous reference: 'NCONT'
RH561.PRG(361) Warning C1004  Ambiguous reference, assuming memvar: 'AEVENTOS'
RH561.PRG(361) Warning C1003  Ambiguous reference: 'NCONT'
RH561.PRG(362) Warning C1004  Ambiguous reference, assuming memvar: 'AEVENTOS'
RH561.PRG(362) Warning C1003  Ambiguous reference: 'NCONT'
RH561.PRG(362) Warning C1004  Ambiguous reference, assuming memvar: 'APROV'
RH561.PRG(362) Warning C1003  Ambiguous reference: 'NCONT'
RH561.PRG(362) Warning C1004  Ambiguous reference, assuming memvar: 'AEVENTOS'
RH561.PRG(362) Warning C1003  Ambiguous reference: 'NCONT'
RH561.PRG(363) Warning C1004  Ambiguous reference, assuming memvar: 'AEVENTOS'
RH561.PRG(363) Warning C1003  Ambiguous reference: 'NCONT'
RH561.PRG(363) Warning C1004  Ambiguous reference, assuming memvar: 'APROV'
RH561.PRG(363) Warning C1003  Ambiguous reference: 'NCONT'
RH561.PRG(363) Warning C1004  Ambiguous reference, assuming memvar: 'AEVENTOS'
RH561.PRG(363) Warning C1003  Ambiguous reference: 'NCONT'
RH561.PRG(364) Warning C1004  Ambiguous reference, assuming memvar: 'APROV'
RH561.PRG(364) Warning C1003  Ambiguous reference: 'NCONT'
RH561.PRG(365) Warning C1004  Ambiguous reference, assuming memvar: 'AEVENTOS'
RH561.PRG(365) Warning C1003  Ambiguous reference: 'NCONT'
RH561.PRG(365) Warning C1004  Ambiguous reference, assuming memvar: 'AEVENTOS'
RH561.PRG(365) Warning C1003  Ambiguous reference: 'NCONT'
RH561.PRG(367) Warning C1004  Ambiguous reference, assuming memvar: 'AEVENTOS'
RH561.PRG(367) Warning C1003  Ambiguous reference: 'NCONT'
RH561.PRG(367) Warning C1004  Ambiguous reference, assuming memvar: 'APROV'
RH561.PRG(367) Warning C1003  Ambiguous reference: 'NCONT'
RH561.PRG(367) Warning C1004  Ambiguous reference, assuming memvar: 'AEVENTOS'
RH561.PRG(367) Warning C1003  Ambiguous reference: 'NCONT'
RH561.PRG(369) Warning C1004  Ambiguous reference, assuming memvar: 'APROV'
RH561.PRG(369) Warning C1003  Ambiguous reference: 'NCONT'
RH561.PRG(370) Warning C1004  Ambiguous reference, assuming memvar: 'AEVENTOS'
RH561.PRG(370) Warning C1003  Ambiguous reference: 'NCONT'
RH561.PRG(370) Warning C1004  Ambiguous reference, assuming memvar: 'APROV'
RH561.PRG(370) Warning C1003  Ambiguous reference: 'NCONT'
RH561.PRG(370) Warning C1004  Ambiguous reference, assuming memvar: 'AEVENTOS'
RH561.PRG(370) Warning C1003  Ambiguous reference: 'NCONT'
RH561.PRG(372) Warning C1004  Ambiguous reference, assuming memvar: 'AEVENTOS'
RH561.PRG(372) Warning C1003  Ambiguous reference: 'NCONT'
RH561.PRG(372) Warning C1004  Ambiguous reference, assuming memvar: 'AEVENTOS'
RH561.PRG(372) Warning C1003  Ambiguous reference: 'NCONT'
RH561.PRG(378) Warning C1004  Ambiguous reference, assuming memvar: 'NCONT'
RH561.PRG(378) Warning C1004  Ambiguous reference, assuming memvar: 'NCONT'
RH561.PRG(378) Warning C1004  Ambiguous reference, assuming memvar: 'NCONT'
RH561.PRG(378) Warning C1003  Ambiguous reference: 'NCONT'
RH561.PRG(378) Warning C1003  Ambiguous reference: 'AEVENTOS'
RH561.PRG(379) Warning C1004  Ambiguous reference, assuming memvar: 'AEVENTOS'
RH561.PRG(379) Warning C1003  Ambiguous reference: 'NCONT'
RH561.PRG(379) Warning C1003  Ambiguous reference: 'AORDEM'
RH561.PRG(379) Warning C1004  Ambiguous reference, assuming memvar: 'AEVENTOS'
RH561.PRG(379) Warning C1003  Ambiguous reference: 'NCONT'
RH561.PRG(381) Warning C1004  Ambiguous reference, assuming memvar: 'NCONT'
RH561.PRG(381) Warning C1004  Ambiguous reference, assuming memvar: 'NCONT'
RH561.PRG(381) Warning C1004  Ambiguous reference, assuming memvar: 'NCONT'
RH561.PRG(381) Warning C1003  Ambiguous reference: 'NCONT'
RH561.PRG(381) Warning C1003  Ambiguous reference: 'AEVENTOS'
RH561.PRG(382) Warning C1004  Ambiguous reference, assuming memvar: 'AEVENTOS'
RH561.PRG(382) Warning C1003  Ambiguous reference: 'NCONT'
RH561.PRG(382) Warning C1003  Ambiguous reference: 'AORDEM'
RH561.PRG(382) Warning C1004  Ambiguous reference, assuming memvar: 'AEVENTOS'
RH561.PRG(382) Warning C1003  Ambiguous reference: 'NCONT'
RH561.PRG(384) Warning C1004  Ambiguous reference, assuming memvar: 'NCONT'
RH561.PRG(384) Warning C1004  Ambiguous reference, assuming memvar: 'NCONT'
RH561.PRG(384) Warning C1004  Ambiguous reference, assuming memvar: 'NCONT'
RH561.PRG(384) Warning C1003  Ambiguous reference: 'NCONT'
RH561.PRG(384) Warning C1003  Ambiguous reference: 'AEVENTOS'
RH561.PRG(385) Warning C1004  Ambiguous reference, assuming memvar: 'AEVENTOS'
RH561.PRG(385) Warning C1003  Ambiguous reference: 'NCONT'
RH561.PRG(385) Warning C1003  Ambiguous reference: 'AORDEM'
RH561.PRG(385) Warning C1004  Ambiguous reference, assuming memvar: 'AEVENTOS'
RH561.PRG(385) Warning C1003  Ambiguous reference: 'NCONT'
RH561.PRG(387) Warning C1004  Ambiguous reference, assuming memvar: 'NCONT'
RH561.PRG(387) Warning C1004  Ambiguous reference, assuming memvar: 'NCONT'
RH561.PRG(387) Warning C1004  Ambiguous reference, assuming memvar: 'NCONT'
RH561.PRG(387) Warning C1003  Ambiguous reference: 'NCONT'
RH561.PRG(387) Warning C1003  Ambiguous reference: 'AEVENTOS'
RH561.PRG(388) Warning C1004  Ambiguous reference, assuming memvar: 'AEVENTOS'
RH561.PRG(388) Warning C1003  Ambiguous reference: 'NCONT'
RH561.PRG(388) Warning C1003  Ambiguous reference: 'AORDEM'
RH561.PRG(388) Warning C1004  Ambiguous reference, assuming memvar: 'AEVENTOS'
RH561.PRG(388) Warning C1003  Ambiguous reference: 'NCONT'
RH561.PRG(391) Warning C1003  Ambiguous reference: 'AORDEM'
RH561.PRG(391) Warning C1004  Ambiguous reference, assuming memvar: 'NMETADE'
RH561.PRG(393) Warning C1003  Ambiguous reference: 'NMETADE'
RH561.PRG(393) Warning C1003  Ambiguous reference: 'NMETADE'
RH561.PRG(394) Warning C1003  Ambiguous reference: 'AORDEM'
RH561.PRG(397) Warning C1003  Ambiguous reference: 'AORDEM'
RH561.PRG(397) Warning C1004  Ambiguous reference, assuming memvar: 'NMETADE'
RH561.PRG(399) Warning C1004  Ambiguous reference, assuming memvar: 'NCONT'
RH561.PRG(399) Warning C1004  Ambiguous reference, assuming memvar: 'NCONT'
RH561.PRG(399) Warning C1004  Ambiguous reference, assuming memvar: 'NCONT'
RH561.PRG(399) Warning C1003  Ambiguous reference: 'NCONT'
RH561.PRG(399) Warning C1003  Ambiguous reference: 'NMETADE'
RH561.PRG(400) Warning C1003  Ambiguous reference: 'XCOND1'
RH561.PRG(400) Warning C1004  Ambiguous reference, assuming memvar: 'AORDEM'
RH561.PRG(400) Warning C1003  Ambiguous reference: 'NCONT'
RH561.PRG(400) Warning C1004  Ambiguous reference, assuming memvar: 'AORDEM'
RH561.PRG(400) Warning C1003  Ambiguous reference: 'NCONT'
RH561.PRG(400) Warning C1003  Ambiguous reference: 'NMETADE'
RH561.PRG(400) Warning C1003  Ambiguous reference: 'XCOND0'
RH561.PRG(403) Warning C1004  Ambiguous reference, assuming memvar: 'AEVENTOS'
RH561.PRG(404) Warning C1003  Ambiguous reference: 'ADESC'
RH561.PRG(404) Warning C1004  Ambiguous reference, assuming memvar: 'AEVENTOS'
RH561.PRG(405) Warning C1004  Ambiguous reference, assuming memvar: 'AORDEM'
RH561.PRG(409) Warning C1004  Ambiguous reference, assuming memvar: 'NCONT'
RH561.PRG(409) Warning C1004  Ambiguous reference, assuming memvar: 'NCONT'
RH561.PRG(409) Warning C1004  Ambiguous reference, assuming memvar: 'NCONT'
RH561.PRG(409) Warning C1003  Ambiguous reference: 'NCONT'
RH561.PRG(409) Warning C1003  Ambiguous reference: 'ADESC'
RH561.PRG(410) Warning C1004  Ambiguous reference, assuming memvar: 'ADESC'
RH561.PRG(410) Warning C1003  Ambiguous reference: 'NCONT'
RH561.PRG(410) Warning C1004  Ambiguous reference, assuming memvar: 'AEVENTOS'
RH561.PRG(410) Warning C1003  Ambiguous reference: 'NCONT'
RH561.PRG(411) Warning C1004  Ambiguous reference, assuming memvar: 'AEVENTOS'
RH561.PRG(411) Warning C1003  Ambiguous reference: 'NCONT'
RH561.PRG(411) Warning C1004  Ambiguous reference, assuming memvar: 'ADESC'
RH561.PRG(411) Warning C1003  Ambiguous reference: 'NCONT'
RH561.PRG(411) Warning C1004  Ambiguous reference, assuming memvar: 'AEVENTOS'
RH561.PRG(411) Warning C1003  Ambiguous reference: 'NCONT'
RH561.PRG(412) Warning C1004  Ambiguous reference, assuming memvar: 'AEVENTOS'
RH561.PRG(412) Warning C1003  Ambiguous reference: 'NCONT'
RH561.PRG(412) Warning C1004  Ambiguous reference, assuming memvar: 'ADESC'
RH561.PRG(412) Warning C1003  Ambiguous reference: 'NCONT'
RH561.PRG(412) Warning C1004  Ambiguous reference, assuming memvar: 'AEVENTOS'
RH561.PRG(412) Warning C1003  Ambiguous reference: 'NCONT'
RH561.PRG(413) Warning C1004  Ambiguous reference, assuming memvar: 'AEVENTOS'
RH561.PRG(413) Warning C1003  Ambiguous reference: 'NCONT'
RH561.PRG(413) Warning C1004  Ambiguous reference, assuming memvar: 'ADESC'
RH561.PRG(413) Warning C1003  Ambiguous reference: 'NCONT'
RH561.PRG(413) Warning C1004  Ambiguous reference, assuming memvar: 'AEVENTOS'
RH561.PRG(413) Warning C1003  Ambiguous reference: 'NCONT'
RH561.PRG(414) Warning C1004  Ambiguous reference, assuming memvar: 'ADESC'
RH561.PRG(414) Warning C1003  Ambiguous reference: 'NCONT'
RH561.PRG(415) Warning C1004  Ambiguous reference, assuming memvar: 'AEVENTOS'
RH561.PRG(415) Warning C1003  Ambiguous reference: 'NCONT'
RH561.PRG(415) Warning C1004  Ambiguous reference, assuming memvar: 'AEVENTOS'
RH561.PRG(415) Warning C1003  Ambiguous reference: 'NCONT'
RH561.PRG(417) Warning C1004  Ambiguous reference, assuming memvar: 'AEVENTOS'
RH561.PRG(417) Warning C1003  Ambiguous reference: 'NCONT'
RH561.PRG(417) Warning C1004  Ambiguous reference, assuming memvar: 'ADESC'
RH561.PRG(417) Warning C1003  Ambiguous reference: 'NCONT'
RH561.PRG(417) Warning C1004  Ambiguous reference, assuming memvar: 'AEVENTOS'
RH561.PRG(417) Warning C1003  Ambiguous reference: 'NCONT'
RH561.PRG(419) Warning C1004  Ambiguous reference, assuming memvar: 'ADESC'
RH561.PRG(419) Warning C1003  Ambiguous reference: 'NCONT'
RH561.PRG(420) Warning C1004  Ambiguous reference, assuming memvar: 'AEVENTOS'
RH561.PRG(420) Warning C1003  Ambiguous reference: 'NCONT'
RH561.PRG(420) Warning C1004  Ambiguous reference, assuming memvar: 'ADESC'
RH561.PRG(420) Warning C1003  Ambiguous reference: 'NCONT'
RH561.PRG(420) Warning C1004  Ambiguous reference, assuming memvar: 'AEVENTOS'
RH561.PRG(420) Warning C1003  Ambiguous reference: 'NCONT'
RH561.PRG(422) Warning C1004  Ambiguous reference, assuming memvar: 'AEVENTOS'
RH561.PRG(422) Warning C1003  Ambiguous reference: 'NCONT'
RH561.PRG(422) Warning C1004  Ambiguous reference, assuming memvar: 'AEVENTOS'
RH561.PRG(422) Warning C1003  Ambiguous reference: 'NCONT'
RH561.PRG(426) Warning C1003  Ambiguous reference: 'AORDEM'
RH561.PRG(426) Warning C1004  Ambiguous reference, assuming memvar: 'NMETADE'
RH561.PRG(428) Warning C1003  Ambiguous reference: 'NMETADE'
RH561.PRG(428) Warning C1003  Ambiguous reference: 'NMETADE'
RH561.PRG(429) Warning C1003  Ambiguous reference: 'AORDEM'
RH561.PRG(434) Warning C1004  Ambiguous reference, assuming memvar: 'NCONT'
RH561.PRG(434) Warning C1004  Ambiguous reference, assuming memvar: 'NCONT'
RH561.PRG(434) Warning C1004  Ambiguous reference, assuming memvar: 'NCONT'
RH561.PRG(434) Warning C1003  Ambiguous reference: 'NCONT'
RH561.PRG(434) Warning C1003  Ambiguous reference: 'AEVENTOS'
RH561.PRG(435) Warning C1004  Ambiguous reference, assuming memvar: 'AEVENTOS'
RH561.PRG(435) Warning C1003  Ambiguous reference: 'NCONT'
RH561.PRG(435) Warning C1003  Ambiguous reference: 'AORDEM'
RH561.PRG(435) Warning C1004  Ambiguous reference, assuming memvar: 'AEVENTOS'
RH561.PRG(435) Warning C1003  Ambiguous reference: 'NCONT'
RH561.PRG(437) Warning C1004  Ambiguous reference, assuming memvar: 'NCONT'
RH561.PRG(437) Warning C1004  Ambiguous reference, assuming memvar: 'NCONT'
RH561.PRG(437) Warning C1004  Ambiguous reference, assuming memvar: 'NCONT'
RH561.PRG(437) Warning C1003  Ambiguous reference: 'NCONT'
RH561.PRG(437) Warning C1003  Ambiguous reference: 'AEVENTOS'
RH561.PRG(438) Warning C1004  Ambiguous reference, assuming memvar: 'AEVENTOS'
RH561.PRG(438) Warning C1003  Ambiguous reference: 'NCONT'
RH561.PRG(438) Warning C1003  Ambiguous reference: 'AORDEM'
RH561.PRG(438) Warning C1004  Ambiguous reference, assuming memvar: 'AEVENTOS'
RH561.PRG(438) Warning C1003  Ambiguous reference: 'NCONT'
RH561.PRG(440) Warning C1004  Ambiguous reference, assuming memvar: 'NCONT'
RH561.PRG(440) Warning C1004  Ambiguous reference, assuming memvar: 'NCONT'
RH561.PRG(440) Warning C1004  Ambiguous reference, assuming memvar: 'NCONT'
RH561.PRG(440) Warning C1003  Ambiguous reference: 'NCONT'
RH561.PRG(440) Warning C1003  Ambiguous reference: 'AEVENTOS'
RH561.PRG(441) Warning C1004  Ambiguous reference, assuming memvar: 'AEVENTOS'
RH561.PRG(441) Warning C1003  Ambiguous reference: 'NCONT'
RH561.PRG(441) Warning C1003  Ambiguous reference: 'AORDEM'
RH561.PRG(441) Warning C1004  Ambiguous reference, assuming memvar: 'AEVENTOS'
RH561.PRG(441) Warning C1003  Ambiguous reference: 'NCONT'
RH561.PRG(443) Warning C1004  Ambiguous reference, assuming memvar: 'NCONT'
RH561.PRG(443) Warning C1004  Ambiguous reference, assuming memvar: 'NCONT'
RH561.PRG(443) Warning C1004  Ambiguous reference, assuming memvar: 'NCONT'
RH561.PRG(443) Warning C1003  Ambiguous reference: 'NCONT'
RH561.PRG(443) Warning C1003  Ambiguous reference: 'AEVENTOS'
RH561.PRG(444) Warning C1004  Ambiguous reference, assuming memvar: 'AEVENTOS'
RH561.PRG(444) Warning C1003  Ambiguous reference: 'NCONT'
RH561.PRG(444) Warning C1003  Ambiguous reference: 'AORDEM'
RH561.PRG(444) Warning C1004  Ambiguous reference, assuming memvar: 'AEVENTOS'
RH561.PRG(444) Warning C1003  Ambiguous reference: 'NCONT'
RH561.PRG(447) Warning C1003  Ambiguous reference: 'AORDEM'
RH561.PRG(447) Warning C1004  Ambiguous reference, assuming memvar: 'NMETADE'
RH561.PRG(449) Warning C1004  Ambiguous reference, assuming memvar: 'NCONT'
RH561.PRG(449) Warning C1004  Ambiguous reference, assuming memvar: 'NCONT'
RH561.PRG(449) Warning C1004  Ambiguous reference, assuming memvar: 'NCONT'
RH561.PRG(449) Warning C1003  Ambiguous reference: 'NCONT'
RH561.PRG(449) Warning C1003  Ambiguous reference: 'NMETADE'
RH561.PRG(450) Warning C1003  Ambiguous reference: 'XCOND1'
RH561.PRG(450) Warning C1004  Ambiguous reference, assuming memvar: 'AORDEM'
RH561.PRG(450) Warning C1003  Ambiguous reference: 'NCONT'
RH561.PRG(450) Warning C1004  Ambiguous reference, assuming memvar: 'AORDEM'
RH561.PRG(450) Warning C1003  Ambiguous reference: 'NCONT'
RH561.PRG(450) Warning C1003  Ambiguous reference: 'NMETADE'
RH561.PRG(450) Warning C1003  Ambiguous reference: 'XCOND0'
RH561.PRG(455) Warning C1003  Ambiguous reference: 'NTOT_PROV'
RH561.PRG(456) Warning C1003  Ambiguous reference: 'NTOT_DESC'
RH561.PRG(458) Warning C1003  Ambiguous reference: 'NTOT_PROV'
RH561.PRG(458) Warning C1003  Ambiguous reference: 'NTOT_DESC'
RH561.PRG(460) Warning C1003  Ambiguous reference: 'CORDEM'
RH561.PRG(462) Warning C1003  Ambiguous reference: 'NMATRICULA'
RH561.PRG(465) Warning C1003  Ambiguous reference: 'NMATRICULA'
RH561.PRG(470) Warning C1004  Ambiguous reference, assuming memvar: 'APROV'
RH561.PRG(471) Warning C1004  Ambiguous reference, assuming memvar: 'ADESC'
RH561.PRG(472) Warning C1004  Ambiguous reference, assuming memvar: 'AEVENTOS'
RH561.PRG(473) Warning C1004  Ambiguous reference, assuming memvar: 'AORDEM'
RH561.PRG(474) Warning C1004  Ambiguous reference, assuming memvar: 'NTOT_PROV'
RH561.PRG(475) Warning C1004  Ambiguous reference, assuming memvar: 'NTOT_DESC'
RH561.PRG(481) Warning C1004  Ambiguous reference, assuming memvar: 'CTITULO'
RH561.PRG(483) Warning C1003  Ambiguous reference: 'XCOND0'
RH561.PRG(484) Warning C1003  Ambiguous reference: 'CTITULO'
RH561.PRG(486) Warning C1003  Ambiguous reference: 'ANOVO'
RH561.PRG(486) Warning C1004  Ambiguous reference, assuming memvar: 'AEVENTOS'
RH561.PRG(488) Warning C1004  Ambiguous reference, assuming memvar: 'NCONT'
RH561.PRG(488) Warning C1004  Ambiguous reference, assuming memvar: 'NCONT'
RH561.PRG(488) Warning C1004  Ambiguous reference, assuming memvar: 'NCONT'
RH561.PRG(488) Warning C1003  Ambiguous reference: 'NCONT'
RH561.PRG(488) Warning C1003  Ambiguous reference: 'ANOVO'
RH561.PRG(489) Warning C1004  Ambiguous reference, assuming memvar: 'ANOVO'
RH561.PRG(489) Warning C1003  Ambiguous reference: 'NCONT'
RH561.PRG(489) Warning C1004  Ambiguous reference, assuming memvar: 'AEVENTOS'
RH561.PRG(489) Warning C1003  Ambiguous reference: 'NCONT'
RH561.PRG(490) Warning C1004  Ambiguous reference, assuming memvar: 'AEVENTOS'
RH561.PRG(490) Warning C1003  Ambiguous reference: 'NCONT'
RH561.PRG(490) Warning C1004  Ambiguous reference, assuming memvar: 'ANOVO'
RH561.PRG(490) Warning C1003  Ambiguous reference: 'NCONT'
RH561.PRG(490) Warning C1004  Ambiguous reference, assuming memvar: 'AEVENTOS'
RH561.PRG(490) Warning C1003  Ambiguous reference: 'NCONT'
RH561.PRG(491) Warning C1004  Ambiguous reference, assuming memvar: 'AEVENTOS'
RH561.PRG(491) Warning C1003  Ambiguous reference: 'NCONT'
RH561.PRG(491) Warning C1004  Ambiguous reference, assuming memvar: 'ANOVO'
RH561.PRG(491) Warning C1003  Ambiguous reference: 'NCONT'
RH561.PRG(491) Warning C1004  Ambiguous reference, assuming memvar: 'AEVENTOS'
RH561.PRG(491) Warning C1003  Ambiguous reference: 'NCONT'
RH561.PRG(492) Warning C1004  Ambiguous reference, assuming memvar: 'AEVENTOS'
RH561.PRG(492) Warning C1003  Ambiguous reference: 'NCONT'
RH561.PRG(492) Warning C1004  Ambiguous reference, assuming memvar: 'ANOVO'
RH561.PRG(492) Warning C1003  Ambiguous reference: 'NCONT'
RH561.PRG(492) Warning C1004  Ambiguous reference, assuming memvar: 'AEVENTOS'
RH561.PRG(492) Warning C1003  Ambiguous reference: 'NCONT'
RH561.PRG(493) Warning C1004  Ambiguous reference, assuming memvar: 'ANOVO'
RH561.PRG(493) Warning C1003  Ambiguous reference: 'NCONT'
RH561.PRG(494) Warning C1004  Ambiguous reference, assuming memvar: 'AEVENTOS'
RH561.PRG(494) Warning C1003  Ambiguous reference: 'NCONT'
RH561.PRG(494) Warning C1004  Ambiguous reference, assuming memvar: 'AEVENTOS'
RH561.PRG(494) Warning C1003  Ambiguous reference: 'NCONT'
RH561.PRG(496) Warning C1004  Ambiguous reference, assuming memvar: 'AEVENTOS'
RH561.PRG(496) Warning C1003  Ambiguous reference: 'NCONT'
RH561.PRG(496) Warning C1004  Ambiguous reference, assuming memvar: 'ANOVO'
RH561.PRG(496) Warning C1003  Ambiguous reference: 'NCONT'
RH561.PRG(496) Warning C1004  Ambiguous reference, assuming memvar: 'AEVENTOS'
RH561.PRG(496) Warning C1003  Ambiguous reference: 'NCONT'
RH561.PRG(498) Warning C1004  Ambiguous reference, assuming memvar: 'ANOVO'
RH561.PRG(498) Warning C1003  Ambiguous reference: 'NCONT'
RH561.PRG(499) Warning C1004  Ambiguous reference, assuming memvar: 'AEVENTOS'
RH561.PRG(499) Warning C1003  Ambiguous reference: 'NCONT'
RH561.PRG(499) Warning C1004  Ambiguous reference, assuming memvar: 'ANOVO'
RH561.PRG(499) Warning C1003  Ambiguous reference: 'NCONT'
RH561.PRG(499) Warning C1004  Ambiguous reference, assuming memvar: 'AEVENTOS'
RH561.PRG(499) Warning C1003  Ambiguous reference: 'NCONT'
RH561.PRG(501) Warning C1004  Ambiguous reference, assuming memvar: 'AEVENTOS'
RH561.PRG(501) Warning C1003  Ambiguous reference: 'NCONT'
RH561.PRG(501) Warning C1004  Ambiguous reference, assuming memvar: 'AEVENTOS'
RH561.PRG(501) Warning C1003  Ambiguous reference: 'NCONT'
RH561.PRG(503) Warning C1004  Ambiguous reference, assuming memvar: 'AEVENTOS'
RH561.PRG(503) Warning C1003  Ambiguous reference: 'NCONT'
RH561.PRG(504) Warning C1004  Ambiguous reference, assuming memvar: 'NPROVENTOS'
RH561.PRG(504) Warning C1004  Ambiguous reference, assuming memvar: 'ANOVO'
RH561.PRG(504) Warning C1003  Ambiguous reference: 'NCONT'
RH561.PRG(504) Warning C1004  Ambiguous reference, assuming memvar: 'NPROVENTOS'
RH561.PRG(504) Warning C1004  Ambiguous reference, assuming memvar: 'AEVENTOS'
RH561.PRG(504) Warning C1003  Ambiguous reference: 'NCONT'
RH561.PRG(506) Warning C1004  Ambiguous reference, assuming memvar: 'NDESCONTOS'
RH561.PRG(506) Warning C1004  Ambiguous reference, assuming memvar: 'ANOVO'
RH561.PRG(506) Warning C1003  Ambiguous reference: 'NCONT'
RH561.PRG(506) Warning C1004  Ambiguous reference, assuming memvar: 'NDESCONTOS'
RH561.PRG(512) Warning C1004  Ambiguous reference, assuming memvar: 'NCONT'
RH561.PRG(512) Warning C1004  Ambiguous reference, assuming memvar: 'NCONT'
RH561.PRG(512) Warning C1004  Ambiguous reference, assuming memvar: 'NCONT'
RH561.PRG(512) Warning C1003  Ambiguous reference: 'NCONT'
RH561.PRG(512) Warning C1003  Ambiguous reference: 'AEVENTOS'
RH561.PRG(513) Warning C1004  Ambiguous reference, assuming memvar: 'AEVENTOS'
RH561.PRG(513) Warning C1003  Ambiguous reference: 'NCONT'
RH561.PRG(513) Warning C1003  Ambiguous reference: 'AORDEM'
RH561.PRG(513) Warning C1004  Ambiguous reference, assuming memvar: 'AEVENTOS'
RH561.PRG(513) Warning C1003  Ambiguous reference: 'NCONT'
RH561.PRG(515) Warning C1004  Ambiguous reference, assuming memvar: 'NCONT'
RH561.PRG(515) Warning C1004  Ambiguous reference, assuming memvar: 'NCONT'
RH561.PRG(515) Warning C1004  Ambiguous reference, assuming memvar: 'NCONT'
RH561.PRG(515) Warning C1003  Ambiguous reference: 'NCONT'
RH561.PRG(515) Warning C1003  Ambiguous reference: 'AEVENTOS'
RH561.PRG(516) Warning C1004  Ambiguous reference, assuming memvar: 'AEVENTOS'
RH561.PRG(516) Warning C1003  Ambiguous reference: 'NCONT'
RH561.PRG(516) Warning C1003  Ambiguous reference: 'AORDEM'
RH561.PRG(516) Warning C1004  Ambiguous reference, assuming memvar: 'AEVENTOS'
RH561.PRG(516) Warning C1003  Ambiguous reference: 'NCONT'
RH561.PRG(518) Warning C1004  Ambiguous reference, assuming memvar: 'NCONT'
RH561.PRG(518) Warning C1004  Ambiguous reference, assuming memvar: 'NCONT'
RH561.PRG(518) Warning C1004  Ambiguous reference, assuming memvar: 'NCONT'
RH561.PRG(518) Warning C1003  Ambiguous reference: 'NCONT'
RH561.PRG(518) Warning C1003  Ambiguous reference: 'AEVENTOS'
RH561.PRG(519) Warning C1004  Ambiguous reference, assuming memvar: 'AEVENTOS'
RH561.PRG(519) Warning C1003  Ambiguous reference: 'NCONT'
RH561.PRG(519) Warning C1003  Ambiguous reference: 'AORDEM'
RH561.PRG(519) Warning C1004  Ambiguous reference, assuming memvar: 'AEVENTOS'
RH561.PRG(519) Warning C1003  Ambiguous reference: 'NCONT'
RH561.PRG(521) Warning C1004  Ambiguous reference, assuming memvar: 'NCONT'
RH561.PRG(521) Warning C1004  Ambiguous reference, assuming memvar: 'NCONT'
RH561.PRG(521) Warning C1004  Ambiguous reference, assuming memvar: 'NCONT'
RH561.PRG(521) Warning C1003  Ambiguous reference: 'NCONT'
RH561.PRG(521) Warning C1003  Ambiguous reference: 'AEVENTOS'
RH561.PRG(522) Warning C1004  Ambiguous reference, assuming memvar: 'AEVENTOS'
RH561.PRG(522) Warning C1003  Ambiguous reference: 'NCONT'
RH561.PRG(522) Warning C1003  Ambiguous reference: 'AORDEM'
RH561.PRG(522) Warning C1004  Ambiguous reference, assuming memvar: 'AEVENTOS'
RH561.PRG(522) Warning C1003  Ambiguous reference: 'NCONT'
RH561.PRG(525) Warning C1003  Ambiguous reference: 'AORDEM'
RH561.PRG(525) Warning C1004  Ambiguous reference, assuming memvar: 'NMETADE'
RH561.PRG(527) Warning C1003  Ambiguous reference: 'NMETADE'
RH561.PRG(527) Warning C1003  Ambiguous reference: 'NMETADE'
RH561.PRG(528) Warning C1003  Ambiguous reference: 'AORDEM'
RH561.PRG(531) Warning C1003  Ambiguous reference: 'AORDEM'
RH561.PRG(531) Warning C1004  Ambiguous reference, assuming memvar: 'NMETADE'
RH561.PRG(533) Warning C1004  Ambiguous reference, assuming memvar: 'NCONT'
RH561.PRG(533) Warning C1004  Ambiguous reference, assuming memvar: 'NCONT'
RH561.PRG(533) Warning C1004  Ambiguous reference, assuming memvar: 'NCONT'
RH561.PRG(533) Warning C1003  Ambiguous reference: 'NCONT'
RH561.PRG(533) Warning C1003  Ambiguous reference: 'NMETADE'
RH561.PRG(534) Warning C1003  Ambiguous reference: 'XCOND1'
RH561.PRG(534) Warning C1004  Ambiguous reference, assuming memvar: 'AORDEM'
RH561.PRG(534) Warning C1003  Ambiguous reference: 'NCONT'
RH561.PRG(534) Warning C1004  Ambiguous reference, assuming memvar: 'AORDEM'
RH561.PRG(534) Warning C1003  Ambiguous reference: 'NCONT'
RH561.PRG(534) Warning C1003  Ambiguous reference: 'NMETADE'
RH561.PRG(534) Warning C1003  Ambiguous reference: 'XCOND0'
RH561.PRG(537) Warning C1003  Ambiguous reference: 'XCOND1'
RH561.PRG(537) Warning C1003  Ambiguous reference: 'NPROVENTOS'
RH561.PRG(538) Warning C1003  Ambiguous reference: 'NDESCONTOS'
RH561.PRG(539) Warning C1003  Ambiguous reference: 'NPROVENTOS'
RH561.PRG(539) Warning C1003  Ambiguous reference: 'NDESCONTOS'
RH561.PRG(541) Warning C1004  Ambiguous reference, assuming memvar: 'NDESCONTOS'
RH561.PRG(541) Warning C1004  Ambiguous reference, assuming memvar: 'NPROVENTOS'
RH561.PRG(545) Warning C1001  RETURN statement with no value in function
542 warnings                
Code size 6833, Symbols 1392, Constants 2703
