312K available
Compiling RH564.PRG
RH564.PRG(14)  Warning C1003  Ambiguous reference: 'XNIVEL'
RH564.PRG(14)  Warning C1003  Ambiguous reference: 'XFLAG'
RH564.PRG(14)  Warning C1003  Ambiguous reference: 'CTIPOREL'
RH564.PRG(16)  Warning C1004  Ambiguous reference, assuming memvar: 'SBLOCO1'
RH564.PRG(17)  Warning C1004  Ambiguous reference, assuming memvar: 'SBLOCO2'
RH564.PRG(18)  Warning C1004  Ambiguous reference, assuming memvar: 'SBLOCO3'
RH564.PRG(21)  Warning C1004  Ambiguous reference, assuming memvar: 'CORDEM'
RH564.PRG(22)  Warning C1004  Ambiguous reference, assuming memvar: 'CMATRICULA'
RH564.PRG(23)  Warning C1004  Ambiguous reference, assuming memvar: 'AEDICAO'
RH564.PRG(24)  Warning C1004  Ambiguous reference, assuming memvar: 'ABENEF'
RH564.PRG(25)  Warning C1004  Ambiguous reference, assuming memvar: 'NTOT_VAL'
RH564.PRG(26)  Warning C1004  Ambiguous reference, assuming memvar: 'NQTD_VAL'
RH564.PRG(27)  Warning C1004  Ambiguous reference, assuming memvar: 'CANOMES'
RH564.PRG(28)  Warning C1004  Ambiguous reference, assuming memvar: 'NFLAG'
RH564.PRG(32)  Warning C1003  Ambiguous reference: 'AEDICAO'
RH564.PRG(32)  Warning C1003  Ambiguous reference: 'CTIPOREL'
RH564.PRG(32)  Warning C1003  Ambiguous reference: 'SBLOCO2'
RH564.PRG(33)  Warning C1003  Ambiguous reference: 'AEDICAO'
RH564.PRG(33)  Warning C1003  Ambiguous reference: 'CORDEM'
RH564.PRG(33)  Warning C1003  Ambiguous reference: 'SBLOCO3'
RH564.PRG(34)  Warning C1003  Ambiguous reference: 'AEDICAO'
RH564.PRG(34)  Warning C1003  Ambiguous reference: 'CMATRICULA'
RH564.PRG(35)  Warning C1003  Ambiguous reference: 'AEDICAO'
RH564.PRG(40)  Warning C1004  Ambiguous reference, assuming memvar: 'XNIVEL'
RH564.PRG(41)  Warning C1004  Ambiguous reference, assuming memvar: 'XFLAG'
RH564.PRG(42)  Warning C1004  Ambiguous reference, assuming memvar: 'NFLAG'
RH564.PRG(43)  Warning C1004  Ambiguous reference, assuming memvar: 'CTIPOREL'
RH564.PRG(44)  Warning C1004  Ambiguous reference, assuming memvar: 'CMATRICULA'
RH564.PRG(48)  Warning C1003  Ambiguous reference: 'XNIVEL'
RH564.PRG(48)  Warning C1003  Ambiguous reference: 'XNIVEL'
RH564.PRG(48)  Warning C1003  Ambiguous reference: 'AEDICAO'
RH564.PRG(49)  Warning C1004  Ambiguous reference, assuming memvar: 'AEDICAO'
RH564.PRG(49)  Warning C1003  Ambiguous reference: 'XNIVEL'
RH564.PRG(51)  Warning C1004  Ambiguous reference, assuming memvar: 'AEDICAO'
RH564.PRG(51)  Warning C1003  Ambiguous reference: 'XNIVEL'
RH564.PRG(52)  Warning C1003  Ambiguous reference: 'XFLAG'
RH564.PRG(52)  Warning C1004  Ambiguous reference, assuming memvar: 'XNIVEL'
RH564.PRG(52)  Warning C1004  Ambiguous reference, assuming memvar: 'XNIVEL'
RH564.PRG(52)  Warning C1004  Ambiguous reference, assuming memvar: 'XNIVEL'
RH564.PRG(52)  Warning C1004  Ambiguous reference, assuming memvar: 'XNIVEL'
RH564.PRG(65)  Warning C1003  Ambiguous reference: 'CTIPOREL'
RH564.PRG(66)  Warning C1003  Ambiguous reference: 'XNIVEL'
RH564.PRG(66)  Warning C1003  Ambiguous reference: 'CTIPOREL'
RH564.PRG(68)  Warning C1003  Ambiguous reference: 'CORDEM'
RH564.PRG(69)  Warning C1003  Ambiguous reference: 'XNIVEL'
RH564.PRG(69)  Warning C1003  Ambiguous reference: 'CORDEM'
RH564.PRG(71)  Warning C1003  Ambiguous reference: 'CMATRICULA'
RH564.PRG(72)  Warning C1003  Ambiguous reference: 'XNIVEL'
RH564.PRG(74)  Warning C1003  Ambiguous reference: 'CMATRICULA'
RH564.PRG(74)  Warning C1004  Ambiguous reference, assuming memvar: 'CMATRICULA'
RH564.PRG(82)  Warning C1003  Ambiguous reference: 'XNIVEL'
RH564.PRG(99)  Warning C1003  Ambiguous reference: 'CTIPOREL'
RH564.PRG(99)  Warning C1004  Ambiguous reference, assuming memvar: 'CTIPOREL'
RH564.PRG(101) Warning C1003  Ambiguous reference: 'ANOMES'
RH564.PRG(101) Warning C1003  Ambiguous reference: 'XANOMES'
RH564.PRG(104) Warning C1003  Ambiguous reference: 'CORDEM'
RH564.PRG(105) Warning C1003  Ambiguous reference: 'CORDEM'
RH564.PRG(121) Warning C1004  Ambiguous reference, assuming memvar: 'NTOT_VAL'
RH564.PRG(122) Warning C1004  Ambiguous reference, assuming memvar: 'NQTD_VAL'
RH564.PRG(123) Warning C1004  Ambiguous reference, assuming memvar: 'ABENEF'
RH564.PRG(127) Warning C1001  RETURN statement with no value in function
RH564.PRG(129) Warning C1003  Ambiguous reference: 'CMATRICULA'
RH564.PRG(131) Warning C1003  Ambiguous reference: 'CMATRICULA'
RH564.PRG(132) Warning C1003  Ambiguous reference: 'CORDEM'
RH564.PRG(136) Warning C1004  Ambiguous reference, assuming memvar: 'NFLAG'
RH564.PRG(150) Warning C1001  RETURN statement with no value in function
RH564.PRG(152) Warning C1003  Ambiguous reference: 'CANOMES'
RH564.PRG(152) Warning C1003  Ambiguous reference: 'CTIPOREL'
RH564.PRG(157) Warning C1003  Ambiguous reference: 'CANOMES'
RH564.PRG(157) Warning C1003  Ambiguous reference: 'CTIPOREL'
RH564.PRG(158) Warning C1003  Ambiguous reference: 'CANOMES'
RH564.PRG(158) Warning C1003  Ambiguous reference: 'CTIPOREL'
RH564.PRG(159) Warning C1003  Ambiguous reference: 'CANOMES'
RH564.PRG(160) Warning C1003  Ambiguous reference: 'ABENEF'
RH564.PRG(161) Warning C1004  Ambiguous reference, assuming memvar: 'NTOT_VAL'
RH564.PRG(162) Warning C1004  Ambiguous reference, assuming memvar: 'NQTD_VAL'
RH564.PRG(167) Warning C1004  Ambiguous reference, assuming memvar: 'NMATRICULA'
RH564.PRG(168) Warning C1004  Ambiguous reference, assuming memvar: 'NNOME'
RH564.PRG(172) Warning C1004  Ambiguous reference, assuming memvar: 'NSALARIO'
RH564.PRG(174) Warning C1003  Ambiguous reference: 'NTOT_VAL'
RH564.PRG(174) Warning C1003  Ambiguous reference: 'NQTD_VAL'
RH564.PRG(176) Warning C1003  Ambiguous reference: 'XAEXPAN'
RH564.PRG(176) Warning C1003  Ambiguous reference: 'XDEXPAN'
RH564.PRG(177) Warning C1003  Ambiguous reference: 'XAEXPAN'
RH564.PRG(177) Warning C1003  Ambiguous reference: 'XDEXPAN'
RH564.PRG(179) Warning C1003  Ambiguous reference: 'XRAZAO'
RH564.PRG(180) Warning C1003  Ambiguous reference: 'NQTD_VAL'
RH564.PRG(180) Warning C1003  Ambiguous reference: 'NTOT_VAL'
RH564.PRG(181) Warning C1003  Ambiguous reference: 'NTOT_VAL'
RH564.PRG(181) Warning C1004  Ambiguous reference, assuming memvar: 'NLIN'
RH564.PRG(182) Warning C1003  Ambiguous reference: 'NTOT_VAL'
RH564.PRG(182) Warning C1003  Ambiguous reference: 'NLIN'
RH564.PRG(188) Warning C1003  Ambiguous reference: 'NNOME'
RH564.PRG(194) Warning C1003  Ambiguous reference: 'NSALARIO'
RH564.PRG(196) Warning C1004  Ambiguous reference, assuming memvar: 'NFLAG'
RH564.PRG(196) Warning C1004  Ambiguous reference, assuming memvar: 'NFLAG'
RH564.PRG(197) Warning C1003  Ambiguous reference: 'NFLAG'
RH564.PRG(199) Warning C1004  Ambiguous reference, assuming memvar: 'NFLAG'
RH564.PRG(202) Warning C1003  Ambiguous reference: 'CMATRICULA'
RH564.PRG(206) Warning C1004  Ambiguous reference, assuming memvar: 'NTOT_VAL'
RH564.PRG(207) Warning C1004  Ambiguous reference, assuming memvar: 'NQTD_VAL'
101 warnings                
Code size 2429, Symbols 1168, Constants 883
