312K available
Compiling RH565.PRG
RH565.PRG(14)  Warning C1003  Ambiguous reference: 'XNIVEL'
RH565.PRG(14)  Warning C1003  Ambiguous reference: 'XFLAG'
RH565.PRG(14)  Warning C1003  Ambiguous reference: 'CTIPOREL'
RH565.PRG(16)  Warning C1004  Ambiguous reference, assuming memvar: 'SBLOCO1'
RH565.PRG(17)  Warning C1004  Ambiguous reference, assuming memvar: 'SBLOCO2'
RH565.PRG(18)  Warning C1004  Ambiguous reference, assuming memvar: 'SBLOCO3'
RH565.PRG(22)  Warning C1004  Ambiguous reference, assuming memvar: 'CORDEM'
RH565.PRG(28)  Warning C1004  Ambiguous reference, assuming memvar: 'AEDICAO'
RH565.PRG(29)  Warning C1004  Ambiguous reference, assuming memvar: 'CMENSA1'
RH565.PRG(30)  Warning C1004  Ambiguous reference, assuming memvar: 'CMENSA2'
RH565.PRG(35)  Warning C1003  Ambiguous reference: 'ANOMES'
RH565.PRG(35)  Warning C1003  Ambiguous reference: 'XANOMES'
RH565.PRG(39)  Warning C1003  Ambiguous reference: 'AEDICAO'
RH565.PRG(39)  Warning C1003  Ambiguous reference: 'CTIPOREL'
RH565.PRG(39)  Warning C1003  Ambiguous reference: 'SBLOCO2'
RH565.PRG(40)  Warning C1003  Ambiguous reference: 'AEDICAO'
RH565.PRG(40)  Warning C1003  Ambiguous reference: 'CORDEM'
RH565.PRG(40)  Warning C1003  Ambiguous reference: 'SBLOCO3'
RH565.PRG(41)  Warning C1003  Ambiguous reference: 'AEDICAO'
RH565.PRG(41)  Warning C1003  Ambiguous reference: 'CMATRICULA'
RH565.PRG(42)  Warning C1003  Ambiguous reference: 'AEDICAO'
RH565.PRG(43)  Warning C1003  Ambiguous reference: 'AEDICAO'
RH565.PRG(43)  Warning C1003  Ambiguous reference: 'CGRUPO'
RH565.PRG(44)  Warning C1003  Ambiguous reference: 'AEDICAO'
RH565.PRG(45)  Warning C1003  Ambiguous reference: 'AEDICAO'
RH565.PRG(45)  Warning C1003  Ambiguous reference: 'CFILIAL'
RH565.PRG(46)  Warning C1003  Ambiguous reference: 'AEDICAO'
RH565.PRG(47)  Warning C1003  Ambiguous reference: 'AEDICAO'
RH565.PRG(47)  Warning C1003  Ambiguous reference: 'CCENTRO'
RH565.PRG(48)  Warning C1003  Ambiguous reference: 'AEDICAO'
RH565.PRG(49)  Warning C1003  Ambiguous reference: 'AEDICAO'
RH565.PRG(49)  Warning C1003  Ambiguous reference: 'CMENSA1'
RH565.PRG(50)  Warning C1003  Ambiguous reference: 'AEDICAO'
RH565.PRG(50)  Warning C1003  Ambiguous reference: 'CMENSA2'
RH565.PRG(55)  Warning C1004  Ambiguous reference, assuming memvar: 'XNIVEL'
RH565.PRG(56)  Warning C1004  Ambiguous reference, assuming memvar: 'XFLAG'
RH565.PRG(57)  Warning C1004  Ambiguous reference, assuming memvar: 'CMATRICULA'
RH565.PRG(58)  Warning C1004  Ambiguous reference, assuming memvar: 'CFILIAL'
RH565.PRG(59)  Warning C1004  Ambiguous reference, assuming memvar: 'CCENTRO'
RH565.PRG(60)  Warning C1004  Ambiguous reference, assuming memvar: 'CGRUPO'
RH565.PRG(61)  Warning C1004  Ambiguous reference, assuming memvar: 'CTIPOREL'
RH565.PRG(62)  Warning C1004  Ambiguous reference, assuming memvar: 'NQUANT_IMP'
RH565.PRG(64)  Warning C1003  Ambiguous reference: 'CMENSA1'
RH565.PRG(65)  Warning C1003  Ambiguous reference: 'CMENSA2'
RH565.PRG(71)  Warning C1003  Ambiguous reference: 'XNIVEL'
RH565.PRG(71)  Warning C1003  Ambiguous reference: 'XNIVEL'
RH565.PRG(71)  Warning C1003  Ambiguous reference: 'AEDICAO'
RH565.PRG(72)  Warning C1004  Ambiguous reference, assuming memvar: 'AEDICAO'
RH565.PRG(72)  Warning C1003  Ambiguous reference: 'XNIVEL'
RH565.PRG(74)  Warning C1004  Ambiguous reference, assuming memvar: 'AEDICAO'
RH565.PRG(74)  Warning C1003  Ambiguous reference: 'XNIVEL'
RH565.PRG(75)  Warning C1003  Ambiguous reference: 'XFLAG'
RH565.PRG(75)  Warning C1004  Ambiguous reference, assuming memvar: 'XNIVEL'
RH565.PRG(75)  Warning C1004  Ambiguous reference, assuming memvar: 'XNIVEL'
RH565.PRG(75)  Warning C1004  Ambiguous reference, assuming memvar: 'XNIVEL'
RH565.PRG(75)  Warning C1004  Ambiguous reference, assuming memvar: 'XNIVEL'
RH565.PRG(88)  Warning C1003  Ambiguous reference: 'CTIPOREL'
RH565.PRG(89)  Warning C1003  Ambiguous reference: 'XNIVEL'
RH565.PRG(89)  Warning C1003  Ambiguous reference: 'CTIPOREL'
RH565.PRG(91)  Warning C1003  Ambiguous reference: 'CMATRICULA'
RH565.PRG(92)  Warning C1003  Ambiguous reference: 'XNIVEL'
RH565.PRG(92)  Warning C1003  Ambiguous reference: 'CMATRICULA'
RH565.PRG(92)  Warning C1004  Ambiguous reference, assuming memvar: 'CMATRICULA'
RH565.PRG(94)  Warning C1003  Ambiguous reference: 'XNIVEL'
RH565.PRG(94)  Warning C1003  Ambiguous reference: 'CMATRICULA'
RH565.PRG(96)  Warning C1003  Ambiguous reference: 'XNIVEL'
RH565.PRG(96)  Warning C1003  Ambiguous reference: 'CFILIAL'
RH565.PRG(98)  Warning C1003  Ambiguous reference: 'CCENTRO'
RH565.PRG(99)  Warning C1003  Ambiguous reference: 'CCENTRO'
RH565.PRG(103) Warning C1003  Ambiguous reference: 'CCENTRO'
RH565.PRG(108) Warning C1003  Ambiguous reference: 'XNIVEL'
RH565.PRG(108) Warning C1003  Ambiguous reference: 'CCENTRO'
RH565.PRG(110) Warning C1003  Ambiguous reference: 'CGRUPO'
RH565.PRG(111) Warning C1003  Ambiguous reference: 'XNIVEL'
RH565.PRG(113) Warning C1003  Ambiguous reference: 'CGRUPO'
RH565.PRG(117) Warning C1003  Ambiguous reference: 'XNIVEL'
RH565.PRG(121) Warning C1003  Ambiguous reference: 'CORDEM'
RH565.PRG(122) Warning C1003  Ambiguous reference: 'XNIVEL'
RH565.PRG(122) Warning C1003  Ambiguous reference: 'CORDEM'
RH565.PRG(133) Warning C1003  Ambiguous reference: 'CTIPOREL'
RH565.PRG(133) Warning C1004  Ambiguous reference, assuming memvar: 'CTIPOREL'
RH565.PRG(134) Warning C1004  Ambiguous reference, assuming memvar: 'CTITULO'
RH565.PRG(137) Warning C1003  Ambiguous reference: 'CTIPOREL'
RH565.PRG(137) Warning C1004  Ambiguous reference, assuming memvar: 'CTITULO'
RH565.PRG(137) Warning C1004  Ambiguous reference, assuming memvar: 'CTITULO'
RH565.PRG(138) Warning C1003  Ambiguous reference: 'CTIPOREL'
RH565.PRG(138) Warning C1004  Ambiguous reference, assuming memvar: 'CTITULO'
RH565.PRG(138) Warning C1004  Ambiguous reference, assuming memvar: 'CTITULO'
RH565.PRG(139) Warning C1003  Ambiguous reference: 'CTIPOREL'
RH565.PRG(139) Warning C1004  Ambiguous reference, assuming memvar: 'CTITULO'
RH565.PRG(139) Warning C1004  Ambiguous reference, assuming memvar: 'CTITULO'
RH565.PRG(142) Warning C1004  Ambiguous reference, assuming memvar: 'CTITULO'
RH565.PRG(142) Warning C1003  Ambiguous reference: 'XDATASYS'
RH565.PRG(142) Warning C1003  Ambiguous reference: 'XDATASYS'
RH565.PRG(142) Warning C1004  Ambiguous reference, assuming memvar: 'CTITULO'
RH565.PRG(147) Warning C1003  Ambiguous reference: 'CORDEM'
RH565.PRG(148) Warning C1003  Ambiguous reference: 'CORDEM'
RH565.PRG(149) Warning C1003  Ambiguous reference: 'CORDEM'
RH565.PRG(150) Warning C1003  Ambiguous reference: 'CORDEM'
RH565.PRG(151) Warning C1003  Ambiguous reference: 'CORDEM'
RH565.PRG(152) Warning C1003  Ambiguous reference: 'CORDEM'
RH565.PRG(160) Warning C1003  Ambiguous reference: 'CCENTRO'
RH565.PRG(162) Warning C1003  Ambiguous reference: 'CCENTRO'
RH565.PRG(162) Warning C1004  Ambiguous reference, assuming memvar: 'BFILTRO'
RH565.PRG(163) Warning C1003  Ambiguous reference: 'CFILIAL'
RH565.PRG(164) Warning C1003  Ambiguous reference: 'CFILIAL'
RH565.PRG(164) Warning C1004  Ambiguous reference, assuming memvar: 'BFILTRO'
RH565.PRG(165) Warning C1003  Ambiguous reference: 'CGRUPO'
RH565.PRG(166) Warning C1003  Ambiguous reference: 'CGRUPO'
RH565.PRG(166) Warning C1004  Ambiguous reference, assuming memvar: 'BFILTRO'
RH565.PRG(168) Warning C1004  Ambiguous reference, assuming memvar: 'BFILTRO'
RH565.PRG(173) Warning C1003  Ambiguous reference: 'MATRICULA'
RH565.PRG(173) Warning C1003  Ambiguous reference: 'XANOMES'
RH565.PRG(175) Warning C1003  Ambiguous reference: 'CARGO'
RH565.PRG(177) Warning C1003  Ambiguous reference: 'XANOMES'
RH565.PRG(177) Warning C1003  Ambiguous reference: 'MATRICULA'
RH565.PRG(177) Warning C1003  Ambiguous reference: 'CTIPOREL'
RH565.PRG(179) Warning C1003  Ambiguous reference: 'EVENTO'
RH565.PRG(181) Warning C1003  Ambiguous reference: 'CENTRO'
RH565.PRG(183) Warning C1003  Ambiguous reference: 'FILIAL'
RH565.PRG(190) Warning C1003  Ambiguous reference: 'CMENSA1'
RH565.PRG(191) Warning C1003  Ambiguous reference: 'CMENSA2'
RH565.PRG(204) Warning C1001  RETURN statement with no value in function
RH565.PRG(206) Warning C1003  Ambiguous reference: 'CMATRICULA'
RH565.PRG(208) Warning C1003  Ambiguous reference: 'CMATRICULA'
RH565.PRG(224) Warning C1003  Ambiguous reference: 'CORDEM'
RH565.PRG(225) Warning C1003  Ambiguous reference: 'CORDEM'
RH565.PRG(228) Warning C1001  RETURN statement with no value in function
RH565.PRG(230) Warning C1003  Ambiguous reference: 'BFILTRO'
RH565.PRG(230) Warning C1003  Ambiguous reference: 'XDATASYS'
RH565.PRG(245) Warning C1003  Ambiguous reference: 'CMATRICULA'
RH565.PRG(251) Warning C1001  RETURN statement with no value in function
RH565.PRG(264) Warning C1003  Ambiguous reference: 'CTIPOREL'
RH565.PRG(265) Warning C1003  Ambiguous reference: 'CTIPOREL'
RH565.PRG(267) Warning C1001  RETURN statement with no value in function
RH565.PRG(269) Warning C1003  Ambiguous reference: 'XANOMES'
RH565.PRG(269) Warning C1003  Ambiguous reference: 'CTIPOREL'
RH565.PRG(281) Warning C1003  Ambiguous reference: 'XANOMES'
RH565.PRG(283) Warning C1004  Ambiguous reference, assuming memvar: 'NVALOR'
RH565.PRG(285) Warning C1003  Ambiguous reference: 'XANOMES'
RH565.PRG(285) Warning C1003  Ambiguous reference: 'CTIPOREL'
RH565.PRG(286) Warning C1004  Ambiguous reference, assuming memvar: 'NVALOR'
RH565.PRG(298) Warning C1003  Ambiguous reference: 'XCOND0'
RH565.PRG(302) Warning C1003  Ambiguous reference: 'NVALOR'
RH565.PRG(309) Warning C1003  Ambiguous reference: 'XCOND1'
RH565.PRG(312) Warning C1003  Ambiguous reference: 'NVALOR'
RH565.PRG(313) Warning C1003  Ambiguous reference: 'XCOND0'
RH565.PRG(327) Warning C1003  Ambiguous reference: 'XANOMES'
RH565.PRG(327) Warning C1003  Ambiguous reference: 'XANOMES'
RH565.PRG(328) Warning C1003  Ambiguous reference: 'XANOMES'
RH565.PRG(328) Warning C1003  Ambiguous reference: 'XANOMES'
RH565.PRG(349) Warning C1001  RETURN statement with no value in function
RH565.PRG(357) Warning C1003  Ambiguous reference: 'CTIPOREL'
RH565.PRG(358) Warning C1003  Ambiguous reference: 'CTIPOREL'
RH565.PRG(360) Warning C1001  RETURN statement with no value in function
RH565.PRG(362) Warning C1003  Ambiguous reference: 'XCOND1'
RH565.PRG(362) Warning C1003  Ambiguous reference: 'XRAZAO'
RH565.PRG(363) Warning C1003  Ambiguous reference: 'XCGCCPF'
RH565.PRG(364) Warning C1003  Ambiguous reference: 'CTITULO'
RH565.PRG(374) Warning C1003  Ambiguous reference: 'XANOMES'
RH565.PRG(374) Warning C1003  Ambiguous reference: 'CTIPOREL'
RH565.PRG(397) Warning C1003  Ambiguous reference: 'CMENSA1'
RH565.PRG(400) Warning C1003  Ambiguous reference: 'CMENSA2'
RH565.PRG(402) Warning C1003  Ambiguous reference: 'XDATASYS'
RH565.PRG(403) Warning C1003  Ambiguous reference: 'XDATASYS'
RH565.PRG(403) Warning C1004  Ambiguous reference, assuming memvar: 'CNASC'
RH565.PRG(404) Warning C1003  Ambiguous reference: 'CNASC'
RH565.PRG(404) Warning C1004  Ambiguous reference, assuming memvar: 'CMENSA3'
RH565.PRG(406) Warning C1004  Ambiguous reference, assuming memvar: 'CMENSA3'
RH565.PRG(410) Warning C1004  Ambiguous reference, assuming memvar: 'CMENSA3'
RH565.PRG(413) Warning C1003  Ambiguous reference: 'CMENSA3'
RH565.PRG(417) Warning C1003  Ambiguous reference: 'CTIPOREL'
RH565.PRG(420) Warning C1003  Ambiguous reference: 'CTIPOREL'
RH565.PRG(437) Warning C1001  RETURN statement with no value in function
RH565.PRG(446) Warning C1003  Ambiguous reference: 'CTIPOREL'
RH565.PRG(447) Warning C1003  Ambiguous reference: 'CTIPOREL'
RH565.PRG(449) Warning C1001  RETURN statement with no value in function
RH565.PRG(451) Warning C1003  Ambiguous reference: 'XCOND1'
RH565.PRG(451) Warning C1003  Ambiguous reference: 'XRAZAO'
RH565.PRG(452) Warning C1003  Ambiguous reference: 'XCOND2'
RH565.PRG(455) Warning C1003  Ambiguous reference: 'XDATASYS'
RH565.PRG(455) Warning C1003  Ambiguous reference: 'XDATASYS'
RH565.PRG(458) Warning C1003  Ambiguous reference: 'XCGM'
RH565.PRG(469) Warning C1003  Ambiguous reference: 'XANOMES'
RH565.PRG(469) Warning C1003  Ambiguous reference: 'CTIPOREL'
RH565.PRG(504) Warning C1003  Ambiguous reference: 'CTIPOREL'
RH565.PRG(512) Warning C1003  Ambiguous reference: 'CTIPOREL'
RH565.PRG(518) Warning C1003  Ambiguous reference: 'CTIPOREL'
RH565.PRG(526) Warning C1003  Ambiguous reference: 'CMENSA1'
RH565.PRG(527) Warning C1003  Ambiguous reference: 'CMENSA2'
RH565.PRG(529) Warning C1003  Ambiguous reference: 'XDATASYS'
RH565.PRG(530) Warning C1003  Ambiguous reference: 'XDATASYS'
RH565.PRG(530) Warning C1004  Ambiguous reference, assuming memvar: 'CNASC'
RH565.PRG(531) Warning C1003  Ambiguous reference: 'CNASC'
RH565.PRG(531) Warning C1004  Ambiguous reference, assuming memvar: 'CMENSA3'
RH565.PRG(533) Warning C1004  Ambiguous reference, assuming memvar: 'CMENSA3'
RH565.PRG(537) Warning C1004  Ambiguous reference, assuming memvar: 'CMENSA3'
RH565.PRG(540) Warning C1003  Ambiguous reference: 'CMENSA3'
RH565.PRG(543) Warning C1001  RETURN statement with no value in function
RH565.PRG(554) Warning C1003  Ambiguous reference: 'CTIPOREL'
RH565.PRG(555) Warning C1003  Ambiguous reference: 'CTIPOREL'
RH565.PRG(557) Warning C1001  RETURN statement with no value in function
RH565.PRG(559) Warning C1003  Ambiguous reference: 'XANOMES'
RH565.PRG(559) Warning C1003  Ambiguous reference: 'CTIPOREL'
RH565.PRG(577) Warning C1003  Ambiguous reference: 'XCOND1'
RH565.PRG(621) Warning C1003  Ambiguous reference: 'CTIPOREL'
RH565.PRG(624) Warning C1003  Ambiguous reference: 'CTIPOREL'
RH565.PRG(659) Warning C1003  Ambiguous reference: 'CTIPOREL'
RH565.PRG(680) Warning C1004  Ambiguous reference, assuming memvar: 'NQUANT_IMP'
RH565.PRG(680) Warning C1004  Ambiguous reference, assuming memvar: 'NQUANT_IMP'
RH565.PRG(682) Warning C1003  Ambiguous reference: 'NQUANT_IMP'
RH565.PRG(684) Warning C1004  Ambiguous reference, assuming memvar: 'NQUANT_IMP'
RH565.PRG(687) Warning C1001  RETURN statement with no value in function
213 warnings                
Code size 7829, Symbols 2016, Constants 3115
