312K available
Compiling RH562.PRG
RH562.PRG(14)  Warning C1003  Ambiguous reference: 'XNIVEL'
RH562.PRG(14)  Warning C1003  Ambiguous reference: 'XFLAG'
RH562.PRG(14)  Warning C1003  Ambiguous reference: 'CTIPOREL'
RH562.PRG(16)  Warning C1004  Ambiguous reference, assuming memvar: 'SBLOCO1'
RH562.PRG(17)  Warning C1004  Ambiguous reference, assuming memvar: 'SBLOCO2'
RH562.PRG(18)  Warning C1004  Ambiguous reference, assuming memvar: 'SBLOCO3'
RH562.PRG(21)  Warning C1004  Ambiguous reference, assuming memvar: 'CORDEM'
RH562.PRG(22)  Warning C1004  Ambiguous reference, assuming memvar: 'CMATRICULA'
RH562.PRG(23)  Warning C1004  Ambiguous reference, assuming memvar: 'AEDICAO'
RH562.PRG(24)  Warning C1004  Ambiguous reference, assuming memvar: 'ABENEF'
RH562.PRG(25)  Warning C1004  Ambiguous reference, assuming memvar: 'NTOT_VAL'
RH562.PRG(26)  Warning C1004  Ambiguous reference, assuming memvar: 'NQTD_VAL'
RH562.PRG(27)  Warning C1004  Ambiguous reference, assuming memvar: 'CANOMES'
RH562.PRG(28)  Warning C1004  Ambiguous reference, assuming memvar: 'NFLAG'
RH562.PRG(32)  Warning C1003  Ambiguous reference: 'AEDICAO'
RH562.PRG(32)  Warning C1003  Ambiguous reference: 'CTIPOREL'
RH562.PRG(32)  Warning C1003  Ambiguous reference: 'SBLOCO2'
RH562.PRG(33)  Warning C1003  Ambiguous reference: 'AEDICAO'
RH562.PRG(33)  Warning C1003  Ambiguous reference: 'CORDEM'
RH562.PRG(33)  Warning C1003  Ambiguous reference: 'SBLOCO3'
RH562.PRG(34)  Warning C1003  Ambiguous reference: 'AEDICAO'
RH562.PRG(34)  Warning C1003  Ambiguous reference: 'CMATRICULA'
RH562.PRG(35)  Warning C1003  Ambiguous reference: 'AEDICAO'
RH562.PRG(40)  Warning C1004  Ambiguous reference, assuming memvar: 'XNIVEL'
RH562.PRG(41)  Warning C1004  Ambiguous reference, assuming memvar: 'XFLAG'
RH562.PRG(42)  Warning C1004  Ambiguous reference, assuming memvar: 'CTIPOREL'
RH562.PRG(46)  Warning C1003  Ambiguous reference: 'XNIVEL'
RH562.PRG(46)  Warning C1003  Ambiguous reference: 'XNIVEL'
RH562.PRG(46)  Warning C1003  Ambiguous reference: 'AEDICAO'
RH562.PRG(47)  Warning C1004  Ambiguous reference, assuming memvar: 'AEDICAO'
RH562.PRG(47)  Warning C1003  Ambiguous reference: 'XNIVEL'
RH562.PRG(49)  Warning C1004  Ambiguous reference, assuming memvar: 'AEDICAO'
RH562.PRG(49)  Warning C1003  Ambiguous reference: 'XNIVEL'
RH562.PRG(50)  Warning C1003  Ambiguous reference: 'XFLAG'
RH562.PRG(50)  Warning C1004  Ambiguous reference, assuming memvar: 'XNIVEL'
RH562.PRG(50)  Warning C1004  Ambiguous reference, assuming memvar: 'XNIVEL'
RH562.PRG(50)  Warning C1004  Ambiguous reference, assuming memvar: 'XNIVEL'
RH562.PRG(50)  Warning C1004  Ambiguous reference, assuming memvar: 'XNIVEL'
RH562.PRG(53)  Warning C1003  Ambiguous reference: 'XEMPRESA'
RH562.PRG(68)  Warning C1003  Ambiguous reference: 'CTIPOREL'
RH562.PRG(69)  Warning C1003  Ambiguous reference: 'XNIVEL'
RH562.PRG(69)  Warning C1003  Ambiguous reference: 'CTIPOREL'
RH562.PRG(71)  Warning C1003  Ambiguous reference: 'CORDEM'
RH562.PRG(72)  Warning C1003  Ambiguous reference: 'XNIVEL'
RH562.PRG(72)  Warning C1003  Ambiguous reference: 'CORDEM'
RH562.PRG(74)  Warning C1003  Ambiguous reference: 'CMATRICULA'
RH562.PRG(75)  Warning C1003  Ambiguous reference: 'XNIVEL'
RH562.PRG(77)  Warning C1003  Ambiguous reference: 'CMATRICULA'
RH562.PRG(77)  Warning C1004  Ambiguous reference, assuming memvar: 'CMATRICULA'
RH562.PRG(85)  Warning C1003  Ambiguous reference: 'XNIVEL'
RH562.PRG(102) Warning C1003  Ambiguous reference: 'CTIPOREL'
RH562.PRG(102) Warning C1004  Ambiguous reference, assuming memvar: 'CTIPOREL'
RH562.PRG(105) Warning C1003  Ambiguous reference: 'CORDEM'
RH562.PRG(106) Warning C1003  Ambiguous reference: 'CORDEM'
RH562.PRG(124) Warning C1001  RETURN statement with no value in function
RH562.PRG(126) Warning C1003  Ambiguous reference: 'CMATRICULA'
RH562.PRG(128) Warning C1003  Ambiguous reference: 'CMATRICULA'
RH562.PRG(129) Warning C1003  Ambiguous reference: 'CORDEM'
RH562.PRG(136) Warning C1003  Ambiguous reference: 'CMATRICULA'
RH562.PRG(136) Warning C1003  Ambiguous reference: 'CMATRICULA'
RH562.PRG(147) Warning C1001  RETURN statement with no value in function
RH562.PRG(149) Warning C1003  Ambiguous reference: 'CANOMES'
RH562.PRG(149) Warning C1003  Ambiguous reference: 'MATRICULA'
RH562.PRG(149) Warning C1003  Ambiguous reference: 'CTIPOREL'
RH562.PRG(152) Warning C1004  Ambiguous reference, assuming memvar: 'NTOT_VAL'
RH562.PRG(152) Warning C1004  Ambiguous reference, assuming memvar: 'NTOT_VAL'
RH562.PRG(153) Warning C1004  Ambiguous reference, assuming memvar: 'NQTD_VAL'
RH562.PRG(153) Warning C1004  Ambiguous reference, assuming memvar: 'NQTD_VAL'
RH562.PRG(157) Warning C1003  Ambiguous reference: 'CANOMES'
RH562.PRG(157) Warning C1003  Ambiguous reference: 'CTIPOREL'
RH562.PRG(158) Warning C1003  Ambiguous reference: 'CANOMES'
RH562.PRG(158) Warning C1003  Ambiguous reference: 'CTIPOREL'
RH562.PRG(159) Warning C1003  Ambiguous reference: 'CANOMES'
RH562.PRG(160) Warning C1003  Ambiguous reference: 'ABENEF'
RH562.PRG(165) Warning C1004  Ambiguous reference, assuming memvar: 'NMATRICULA'
RH562.PRG(166) Warning C1004  Ambiguous reference, assuming memvar: 'NNOME'
RH562.PRG(168) Warning C1004  Ambiguous reference, assuming memvar: 'NREC_FUN'
RH562.PRG(189) Warning C1003  Ambiguous reference: 'CANOMES'
RH562.PRG(189) Warning C1003  Ambiguous reference: 'MATRICULA'
RH562.PRG(189) Warning C1003  Ambiguous reference: 'CTIPOREL'
RH562.PRG(194) Warning C1003  Ambiguous reference: 'NMATRICULA'
RH562.PRG(196) Warning C1003  Ambiguous reference: 'CORDEM'
RH562.PRG(202) Warning C1003  Ambiguous reference: 'CANOMES'
RH562.PRG(202) Warning C1003  Ambiguous reference: 'CTIPOREL'
RH562.PRG(203) Warning C1003  Ambiguous reference: 'CANOMES'
RH562.PRG(203) Warning C1003  Ambiguous reference: 'CTIPOREL'
RH562.PRG(204) Warning C1003  Ambiguous reference: 'CANOMES'
RH562.PRG(205) Warning C1003  Ambiguous reference: 'ABENEF'
RH562.PRG(210) Warning C1004  Ambiguous reference, assuming memvar: 'NTOT_VAL'
RH562.PRG(210) Warning C1004  Ambiguous reference, assuming memvar: 'NTOT_VAL'
RH562.PRG(211) Warning C1004  Ambiguous reference, assuming memvar: 'NQTD_VAL'
RH562.PRG(211) Warning C1004  Ambiguous reference, assuming memvar: 'NQTD_VAL'
RH562.PRG(215) Warning C1003  Ambiguous reference: 'NFLAG'
RH562.PRG(216) Warning C1003  Ambiguous reference: 'NTOT_VAL'
RH562.PRG(216) Warning C1003  Ambiguous reference: 'NQTD_VAL'
RH562.PRG(218) Warning C1003  Ambiguous reference: 'XAEXPAN'
RH562.PRG(219) Warning C1003  Ambiguous reference: 'XDEXPAN'
RH562.PRG(221) Warning C1003  Ambiguous reference: 'XRAZAO'
RH562.PRG(222) Warning C1003  Ambiguous reference: 'NQTD_VAL'
RH562.PRG(222) Warning C1003  Ambiguous reference: 'NTOT_VAL'
RH562.PRG(223) Warning C1003  Ambiguous reference: 'NTOT_VAL'
RH562.PRG(223) Warning C1004  Ambiguous reference, assuming memvar: 'NLIN'
RH562.PRG(224) Warning C1003  Ambiguous reference: 'NTOT_VAL'
RH562.PRG(224) Warning C1003  Ambiguous reference: 'NLIN'
RH562.PRG(228) Warning C1003  Ambiguous reference: 'NNOME'
RH562.PRG(230) Warning C1003  Ambiguous reference: 'XAEXPAN'
RH562.PRG(230) Warning C1003  Ambiguous reference: 'XDEXPAN'
RH562.PRG(232) Warning C1003  Ambiguous reference: 'ABENEF'
RH562.PRG(233) Warning C1004  Ambiguous reference, assuming memvar: 'NCONT'
RH562.PRG(233) Warning C1004  Ambiguous reference, assuming memvar: 'NCONT'
RH562.PRG(233) Warning C1004  Ambiguous reference, assuming memvar: 'NCONT'
RH562.PRG(233) Warning C1003  Ambiguous reference: 'NCONT'
RH562.PRG(233) Warning C1003  Ambiguous reference: 'ABENEF'
RH562.PRG(234) Warning C1004  Ambiguous reference, assuming memvar: 'ABENEF'
RH562.PRG(234) Warning C1003  Ambiguous reference: 'NCONT'
RH562.PRG(235) Warning C1004  Ambiguous reference, assuming memvar: 'ABENEF'
RH562.PRG(235) Warning C1003  Ambiguous reference: 'NCONT'
RH562.PRG(236) Warning C1004  Ambiguous reference, assuming memvar: 'ABENEF'
RH562.PRG(236) Warning C1003  Ambiguous reference: 'NCONT'
RH562.PRG(241) Warning C1004  Ambiguous reference, assuming memvar: 'NCONT'
RH562.PRG(241) Warning C1004  Ambiguous reference, assuming memvar: 'NCONT'
RH562.PRG(241) Warning C1004  Ambiguous reference, assuming memvar: 'NCONT'
RH562.PRG(241) Warning C1003  Ambiguous reference: 'NCONT'
RH562.PRG(245) Warning C1004  Ambiguous reference, assuming memvar: 'NFLAG'
RH562.PRG(245) Warning C1004  Ambiguous reference, assuming memvar: 'NFLAG'
RH562.PRG(248) Warning C1004  Ambiguous reference, assuming memvar: 'NFLAG'
RH562.PRG(270) Warning C1003  Ambiguous reference: 'CORDEM'
RH562.PRG(272) Warning C1003  Ambiguous reference: 'NMATRICULA'
RH562.PRG(275) Warning C1003  Ambiguous reference: 'NMATRICULA'
RH562.PRG(280) Warning C1004  Ambiguous reference, assuming memvar: 'NTOT_VAL'
RH562.PRG(281) Warning C1004  Ambiguous reference, assuming memvar: 'NQTD_VAL'
RH562.PRG(282) Warning C1004  Ambiguous reference, assuming memvar: 'ABENEF'
RH562.PRG(288) Warning C1001  RETURN statement with no value in function
133 warnings                
Code size 3210, Symbols 1120, Constants 1734
