238K available
Compiling RH560.PRG
RH560.PRG(14)  Warning C1003  Ambiguous reference: 'XNIVEL'
RH560.PRG(14)  Warning C1003  Ambiguous reference: 'XFLAG'
RH560.PRG(16)  Warning C1004  Ambiguous reference, assuming memvar: 'SBLOCO1'
RH560.PRG(17)  Warning C1004  Ambiguous reference, assuming memvar: 'SBLOCO2'
RH560.PRG(18)  Warning C1004  Ambiguous reference, assuming memvar: 'SBLOCO3'
RH560.PRG(22)  Warning C1004  Ambiguous reference, assuming memvar: 'CORDEM'
RH560.PRG(23)  Warning C1004  Ambiguous reference, assuming memvar: 'CMATRICULA'
RH560.PRG(24)  Warning C1004  Ambiguous reference, assuming memvar: 'AEDICAO'
RH560.PRG(25)  Warning C1004  Ambiguous reference, assuming memvar: 'APROV'
RH560.PRG(26)  Warning C1004  Ambiguous reference, assuming memvar: 'ADESC'
RH560.PRG(27)  Warning C1004  Ambiguous reference, assuming memvar: 'AEVENTOS'
RH560.PRG(29)  Warning C1004  Ambiguous reference, assuming memvar: 'NPROV1_MS'
RH560.PRG(30)  Warning C1004  Ambiguous reference, assuming memvar: 'NPROV1_AD'
RH560.PRG(31)  Warning C1004  Ambiguous reference, assuming memvar: 'NPROV1_FR'
RH560.PRG(32)  Warning C1004  Ambiguous reference, assuming memvar: 'NPROV1_DT'
RH560.PRG(33)  Warning C1004  Ambiguous reference, assuming memvar: 'NTOT_PROV'
RH560.PRG(34)  Warning C1004  Ambiguous reference, assuming memvar: 'NTOT_DESC'
RH560.PRG(36)  Warning C1004  Ambiguous reference, assuming memvar: 'NPROV2_MS'
RH560.PRG(37)  Warning C1004  Ambiguous reference, assuming memvar: 'NPROV2_AD'
RH560.PRG(38)  Warning C1004  Ambiguous reference, assuming memvar: 'NPROV2_FR'
RH560.PRG(39)  Warning C1004  Ambiguous reference, assuming memvar: 'NPROV2_DT'
RH560.PRG(43)  Warning C1003  Ambiguous reference: 'AEDICAO'
RH560.PRG(43)  Warning C1003  Ambiguous reference: 'CTIPOREL'
RH560.PRG(43)  Warning C1003  Ambiguous reference: 'SBLOCO2'
RH560.PRG(44)  Warning C1003  Ambiguous reference: 'AEDICAO'
RH560.PRG(44)  Warning C1003  Ambiguous reference: 'CORDEM'
RH560.PRG(44)  Warning C1003  Ambiguous reference: 'SBLOCO3'
RH560.PRG(45)  Warning C1003  Ambiguous reference: 'AEDICAO'
RH560.PRG(45)  Warning C1003  Ambiguous reference: 'CMATRICULA'
RH560.PRG(46)  Warning C1003  Ambiguous reference: 'AEDICAO'
RH560.PRG(52)  Warning C1004  Ambiguous reference, assuming memvar: 'XNIVEL'
RH560.PRG(53)  Warning C1004  Ambiguous reference, assuming memvar: 'XFLAG'
RH560.PRG(54)  Warning C1004  Ambiguous reference, assuming memvar: 'CTIPOREL'
RH560.PRG(58)  Warning C1003  Ambiguous reference: 'XNIVEL'
RH560.PRG(58)  Warning C1003  Ambiguous reference: 'XNIVEL'
RH560.PRG(58)  Warning C1003  Ambiguous reference: 'AEDICAO'
RH560.PRG(59)  Warning C1004  Ambiguous reference, assuming memvar: 'AEDICAO'
RH560.PRG(59)  Warning C1003  Ambiguous reference: 'XNIVEL'
RH560.PRG(61)  Warning C1004  Ambiguous reference, assuming memvar: 'AEDICAO'
RH560.PRG(61)  Warning C1003  Ambiguous reference: 'XNIVEL'
RH560.PRG(62)  Warning C1003  Ambiguous reference: 'XFLAG'
RH560.PRG(62)  Warning C1004  Ambiguous reference, assuming memvar: 'XNIVEL'
RH560.PRG(62)  Warning C1004  Ambiguous reference, assuming memvar: 'XNIVEL'
RH560.PRG(62)  Warning C1004  Ambiguous reference, assuming memvar: 'XNIVEL'
RH560.PRG(62)  Warning C1004  Ambiguous reference, assuming memvar: 'XNIVEL'
RH560.PRG(65)  Warning C1003  Ambiguous reference: 'XEMPRESA'
RH560.PRG(80)  Warning C1003  Ambiguous reference: 'CTIPOREL'
RH560.PRG(81)  Warning C1003  Ambiguous reference: 'XNIVEL'
RH560.PRG(81)  Warning C1003  Ambiguous reference: 'CTIPOREL'
RH560.PRG(83)  Warning C1003  Ambiguous reference: 'CORDEM'
RH560.PRG(84)  Warning C1003  Ambiguous reference: 'XNIVEL'
RH560.PRG(84)  Warning C1003  Ambiguous reference: 'CORDEM'
RH560.PRG(86)  Warning C1003  Ambiguous reference: 'CMATRICULA'
RH560.PRG(87)  Warning C1004  Ambiguous reference, assuming memvar: 'XNIVEL'
RH560.PRG(87)  Warning C1004  Ambiguous reference, assuming memvar: 'XNIVEL'
RH560.PRG(89)  Warning C1003  Ambiguous reference: 'CMATRICULA'
RH560.PRG(89)  Warning C1004  Ambiguous reference, assuming memvar: 'CMATRICULA'
RH560.PRG(93)  Warning C1004  Ambiguous reference, assuming memvar: 'XNIVEL'
RH560.PRG(93)  Warning C1004  Ambiguous reference, assuming memvar: 'XNIVEL'
RH560.PRG(106) Warning C1003  Ambiguous reference: 'CTIPOREL'
RH560.PRG(106) Warning C1004  Ambiguous reference, assuming memvar: 'CTIPOREL'
RH560.PRG(108) Warning C1004  Ambiguous reference, assuming memvar: 'CTITULO'
RH560.PRG(111) Warning C1003  Ambiguous reference: 'CTIPOREL'
RH560.PRG(111) Warning C1004  Ambiguous reference, assuming memvar: 'CTITULO'
RH560.PRG(111) Warning C1004  Ambiguous reference, assuming memvar: 'CTITULO'
RH560.PRG(112) Warning C1003  Ambiguous reference: 'CTIPOREL'
RH560.PRG(112) Warning C1004  Ambiguous reference, assuming memvar: 'CTITULO'
RH560.PRG(112) Warning C1004  Ambiguous reference, assuming memvar: 'CTITULO'
RH560.PRG(113) Warning C1003  Ambiguous reference: 'CTIPOREL'
RH560.PRG(113) Warning C1004  Ambiguous reference, assuming memvar: 'CTITULO'
RH560.PRG(113) Warning C1004  Ambiguous reference, assuming memvar: 'CTITULO'
RH560.PRG(114) Warning C1003  Ambiguous reference: 'CTIPOREL'
RH560.PRG(114) Warning C1004  Ambiguous reference, assuming memvar: 'CTITULO'
RH560.PRG(114) Warning C1004  Ambiguous reference, assuming memvar: 'CTITULO'
RH560.PRG(117) Warning C1004  Ambiguous reference, assuming memvar: 'CTITULO'
RH560.PRG(117) Warning C1003  Ambiguous reference: 'XDATASYS'
RH560.PRG(117) Warning C1003  Ambiguous reference: 'XDATASYS'
RH560.PRG(117) Warning C1004  Ambiguous reference, assuming memvar: 'CTITULO'
RH560.PRG(122) Warning C1003  Ambiguous reference: 'CORDEM'
RH560.PRG(123) Warning C1003  Ambiguous reference: 'CORDEM'
RH560.PRG(141) Warning C1001  RETURN statement with no value in function
RH560.PRG(143) Warning C1003  Ambiguous reference: 'CMATRICULA'
RH560.PRG(145) Warning C1003  Ambiguous reference: 'CMATRICULA'
RH560.PRG(146) Warning C1003  Ambiguous reference: 'CORDEM'
RH560.PRG(153) Warning C1003  Ambiguous reference: 'CMATRICULA'
RH560.PRG(153) Warning C1003  Ambiguous reference: 'CMATRICULA'
RH560.PRG(155) Warning C1001  RETURN statement with no value in function
RH560.PRG(175) Warning C1001  RETURN statement with no value in function
RH560.PRG(177) Warning C1003  Ambiguous reference: 'ANOMES'
RH560.PRG(177) Warning C1003  Ambiguous reference: 'XANOMES'
RH560.PRG(178) Warning C1003  Ambiguous reference: 'EVENTO'
RH560.PRG(179) Warning C1003  Ambiguous reference: 'MATRICULA'
RH560.PRG(179) Warning C1003  Ambiguous reference: 'XANOMES'
RH560.PRG(180) Warning C1003  Ambiguous reference: 'CARGO'
RH560.PRG(181) Warning C1003  Ambiguous reference: 'XANOMES'
RH560.PRG(181) Warning C1003  Ambiguous reference: 'MATRICULA'
RH560.PRG(181) Warning C1003  Ambiguous reference: 'CTIPOREL'
RH560.PRG(183) Warning C1003  Ambiguous reference: 'XPAGINA'
RH560.PRG(185) Warning C1003  Ambiguous reference: 'XCOND0'
RH560.PRG(186) Warning C1003  Ambiguous reference: 'CTITULO'
RH560.PRG(192) Warning C1004  Ambiguous reference, assuming memvar: 'APROV'
RH560.PRG(193) Warning C1004  Ambiguous reference, assuming memvar: 'ADESC'
RH560.PRG(194) Warning C1004  Ambiguous reference, assuming memvar: 'AEVENTOS'
RH560.PRG(195) Warning C1004  Ambiguous reference, assuming memvar: 'AORDEM'
RH560.PRG(196) Warning C1004  Ambiguous reference, assuming memvar: 'NTOT_PROV'
RH560.PRG(197) Warning C1004  Ambiguous reference, assuming memvar: 'NTOT_DESC'
RH560.PRG(199) Warning C1003  Ambiguous reference: 'XANOMES'
RH560.PRG(199) Warning C1003  Ambiguous reference: 'CTIPOREL'
RH560.PRG(203) Warning C1003  Ambiguous reference: 'APROV'
RH560.PRG(205) Warning C1004  Ambiguous reference, assuming memvar: 'NTOT_PROV'
RH560.PRG(205) Warning C1004  Ambiguous reference, assuming memvar: 'NTOT_PROV'
RH560.PRG(208) Warning C1003  Ambiguous reference: 'ADESC'
RH560.PRG(209) Warning C1004  Ambiguous reference, assuming memvar: 'NTOT_DESC'
RH560.PRG(209) Warning C1004  Ambiguous reference, assuming memvar: 'NTOT_DESC'
RH560.PRG(218) Warning C1003  Ambiguous reference: 'CTIPOREL'
RH560.PRG(219) Warning C1004  Ambiguous reference, assuming memvar: 'NPROV1_MS'
RH560.PRG(219) Warning C1004  Ambiguous reference, assuming memvar: 'NPROV1_MS'
RH560.PRG(220) Warning C1003  Ambiguous reference: 'CTIPOREL'
RH560.PRG(221) Warning C1004  Ambiguous reference, assuming memvar: 'NPROV1_AD'
RH560.PRG(221) Warning C1004  Ambiguous reference, assuming memvar: 'NPROV1_AD'
RH560.PRG(222) Warning C1003  Ambiguous reference: 'CTIPOREL'
RH560.PRG(223) Warning C1004  Ambiguous reference, assuming memvar: 'NPROV1_DT'
RH560.PRG(223) Warning C1004  Ambiguous reference, assuming memvar: 'NPROV1_DT'
RH560.PRG(224) Warning C1003  Ambiguous reference: 'CTIPOREL'
RH560.PRG(225) Warning C1004  Ambiguous reference, assuming memvar: 'NPROV1_FR'
RH560.PRG(225) Warning C1004  Ambiguous reference, assuming memvar: 'NPROV1_FR'
RH560.PRG(228) Warning C1004  Ambiguous reference, assuming memvar: 'NMATRICULA'
RH560.PRG(230) Warning C1004  Ambiguous reference, assuming memvar: 'NREC_FUN'
RH560.PRG(231) Warning C1004  Ambiguous reference, assuming memvar: 'NREC_LAN'
RH560.PRG(258) Warning C1003  Ambiguous reference: 'ANOMES'
RH560.PRG(258) Warning C1003  Ambiguous reference: 'XANOMES'
RH560.PRG(259) Warning C1003  Ambiguous reference: 'EVENTO'
RH560.PRG(260) Warning C1003  Ambiguous reference: 'MATRICULA'
RH560.PRG(260) Warning C1003  Ambiguous reference: 'XANOMES'
RH560.PRG(261) Warning C1003  Ambiguous reference: 'CARGO'
RH560.PRG(262) Warning C1003  Ambiguous reference: 'XANOMES'
RH560.PRG(262) Warning C1003  Ambiguous reference: 'MATRICULA'
RH560.PRG(262) Warning C1003  Ambiguous reference: 'CTIPOREL'
RH560.PRG(271) Warning C1003  Ambiguous reference: 'NMATRICULA'
RH560.PRG(273) Warning C1003  Ambiguous reference: 'CORDEM'
RH560.PRG(277) Warning C1003  Ambiguous reference: 'XANOMES'
RH560.PRG(277) Warning C1003  Ambiguous reference: 'CTIPOREL'
RH560.PRG(281) Warning C1003  Ambiguous reference: 'APROV'
RH560.PRG(283) Warning C1004  Ambiguous reference, assuming memvar: 'NTOT_PROV'
RH560.PRG(283) Warning C1004  Ambiguous reference, assuming memvar: 'NTOT_PROV'
RH560.PRG(286) Warning C1003  Ambiguous reference: 'ADESC'
RH560.PRG(287) Warning C1004  Ambiguous reference, assuming memvar: 'NTOT_DESC'
RH560.PRG(287) Warning C1004  Ambiguous reference, assuming memvar: 'NTOT_DESC'
RH560.PRG(296) Warning C1003  Ambiguous reference: 'CTIPOREL'
RH560.PRG(297) Warning C1004  Ambiguous reference, assuming memvar: 'NPROV2_MS'
RH560.PRG(297) Warning C1004  Ambiguous reference, assuming memvar: 'NPROV2_MS'
RH560.PRG(298) Warning C1003  Ambiguous reference: 'CTIPOREL'
RH560.PRG(299) Warning C1004  Ambiguous reference, assuming memvar: 'NPROV2_AD'
RH560.PRG(299) Warning C1004  Ambiguous reference, assuming memvar: 'NPROV2_AD'
RH560.PRG(300) Warning C1003  Ambiguous reference: 'CTIPOREL'
RH560.PRG(301) Warning C1004  Ambiguous reference, assuming memvar: 'NPROV2_DT'
RH560.PRG(301) Warning C1004  Ambiguous reference, assuming memvar: 'NPROV2_DT'
RH560.PRG(302) Warning C1003  Ambiguous reference: 'CTIPOREL'
RH560.PRG(303) Warning C1004  Ambiguous reference, assuming memvar: 'NPROV2_FR'
RH560.PRG(303) Warning C1004  Ambiguous reference, assuming memvar: 'NPROV2_FR'
RH560.PRG(333) Warning C1003  Ambiguous reference: 'XCOND0'
RH560.PRG(334) Warning C1003  Ambiguous reference: 'XAEXPAN'
RH560.PRG(334) Warning C1003  Ambiguous reference: 'XDEXPAN'
RH560.PRG(337) Warning C1003  Ambiguous reference: 'APROV'
RH560.PRG(337) Warning C1004  Ambiguous reference, assuming memvar: 'AEVENTOS'
RH560.PRG(338) Warning C1004  Ambiguous reference, assuming memvar: 'AORDEM'
RH560.PRG(342) Warning C1004  Ambiguous reference, assuming memvar: 'NCONT'
RH560.PRG(342) Warning C1004  Ambiguous reference, assuming memvar: 'NCONT'
RH560.PRG(342) Warning C1004  Ambiguous reference, assuming memvar: 'NCONT'
RH560.PRG(342) Warning C1003  Ambiguous reference: 'NCONT'
RH560.PRG(342) Warning C1003  Ambiguous reference: 'APROV'
RH560.PRG(343) Warning C1004  Ambiguous reference, assuming memvar: 'APROV'
RH560.PRG(343) Warning C1003  Ambiguous reference: 'NCONT'
RH560.PRG(343) Warning C1004  Ambiguous reference, assuming memvar: 'AEVENTOS'
RH560.PRG(343) Warning C1003  Ambiguous reference: 'NCONT'
RH560.PRG(344) Warning C1004  Ambiguous reference, assuming memvar: 'AEVENTOS'
RH560.PRG(344) Warning C1003  Ambiguous reference: 'NCONT'
RH560.PRG(344) Warning C1004  Ambiguous reference, assuming memvar: 'APROV'
RH560.PRG(344) Warning C1003  Ambiguous reference: 'NCONT'
RH560.PRG(344) Warning C1004  Ambiguous reference, assuming memvar: 'AEVENTOS'
RH560.PRG(344) Warning C1003  Ambiguous reference: 'NCONT'
RH560.PRG(345) Warning C1004  Ambiguous reference, assuming memvar: 'AEVENTOS'
RH560.PRG(345) Warning C1003  Ambiguous reference: 'NCONT'
RH560.PRG(345) Warning C1004  Ambiguous reference, assuming memvar: 'APROV'
RH560.PRG(345) Warning C1003  Ambiguous reference: 'NCONT'
RH560.PRG(345) Warning C1004  Ambiguous reference, assuming memvar: 'AEVENTOS'
RH560.PRG(345) Warning C1003  Ambiguous reference: 'NCONT'
RH560.PRG(346) Warning C1004  Ambiguous reference, assuming memvar: 'AEVENTOS'
RH560.PRG(346) Warning C1003  Ambiguous reference: 'NCONT'
RH560.PRG(346) Warning C1004  Ambiguous reference, assuming memvar: 'APROV'
RH560.PRG(346) Warning C1003  Ambiguous reference: 'NCONT'
RH560.PRG(346) Warning C1004  Ambiguous reference, assuming memvar: 'AEVENTOS'
RH560.PRG(346) Warning C1003  Ambiguous reference: 'NCONT'
RH560.PRG(347) Warning C1004  Ambiguous reference, assuming memvar: 'APROV'
RH560.PRG(347) Warning C1003  Ambiguous reference: 'NCONT'
RH560.PRG(348) Warning C1004  Ambiguous reference, assuming memvar: 'AEVENTOS'
RH560.PRG(348) Warning C1003  Ambiguous reference: 'NCONT'
RH560.PRG(348) Warning C1004  Ambiguous reference, assuming memvar: 'AEVENTOS'
RH560.PRG(348) Warning C1003  Ambiguous reference: 'NCONT'
RH560.PRG(350) Warning C1004  Ambiguous reference, assuming memvar: 'AEVENTOS'
RH560.PRG(350) Warning C1003  Ambiguous reference: 'NCONT'
RH560.PRG(350) Warning C1004  Ambiguous reference, assuming memvar: 'APROV'
RH560.PRG(350) Warning C1003  Ambiguous reference: 'NCONT'
RH560.PRG(350) Warning C1004  Ambiguous reference, assuming memvar: 'AEVENTOS'
RH560.PRG(350) Warning C1003  Ambiguous reference: 'NCONT'
RH560.PRG(352) Warning C1004  Ambiguous reference, assuming memvar: 'APROV'
RH560.PRG(352) Warning C1003  Ambiguous reference: 'NCONT'
RH560.PRG(353) Warning C1004  Ambiguous reference, assuming memvar: 'AEVENTOS'
RH560.PRG(353) Warning C1003  Ambiguous reference: 'NCONT'
RH560.PRG(353) Warning C1004  Ambiguous reference, assuming memvar: 'APROV'
RH560.PRG(353) Warning C1003  Ambiguous reference: 'NCONT'
RH560.PRG(353) Warning C1004  Ambiguous reference, assuming memvar: 'AEVENTOS'
RH560.PRG(353) Warning C1003  Ambiguous reference: 'NCONT'
RH560.PRG(355) Warning C1004  Ambiguous reference, assuming memvar: 'AEVENTOS'
RH560.PRG(355) Warning C1003  Ambiguous reference: 'NCONT'
RH560.PRG(355) Warning C1004  Ambiguous reference, assuming memvar: 'AEVENTOS'
RH560.PRG(355) Warning C1003  Ambiguous reference: 'NCONT'
RH560.PRG(361) Warning C1004  Ambiguous reference, assuming memvar: 'NCONT'
RH560.PRG(361) Warning C1004  Ambiguous reference, assuming memvar: 'NCONT'
RH560.PRG(361) Warning C1004  Ambiguous reference, assuming memvar: 'NCONT'
RH560.PRG(361) Warning C1003  Ambiguous reference: 'NCONT'
RH560.PRG(361) Warning C1003  Ambiguous reference: 'AEVENTOS'
RH560.PRG(362) Warning C1004  Ambiguous reference, assuming memvar: 'AEVENTOS'
RH560.PRG(362) Warning C1003  Ambiguous reference: 'NCONT'
RH560.PRG(362) Warning C1003  Ambiguous reference: 'AORDEM'
RH560.PRG(362) Warning C1004  Ambiguous reference, assuming memvar: 'AEVENTOS'
RH560.PRG(362) Warning C1003  Ambiguous reference: 'NCONT'
RH560.PRG(364) Warning C1004  Ambiguous reference, assuming memvar: 'NCONT'
RH560.PRG(364) Warning C1004  Ambiguous reference, assuming memvar: 'NCONT'
RH560.PRG(364) Warning C1004  Ambiguous reference, assuming memvar: 'NCONT'
RH560.PRG(364) Warning C1003  Ambiguous reference: 'NCONT'
RH560.PRG(364) Warning C1003  Ambiguous reference: 'AEVENTOS'
RH560.PRG(365) Warning C1004  Ambiguous reference, assuming memvar: 'AEVENTOS'
RH560.PRG(365) Warning C1003  Ambiguous reference: 'NCONT'
RH560.PRG(365) Warning C1003  Ambiguous reference: 'AORDEM'
RH560.PRG(365) Warning C1004  Ambiguous reference, assuming memvar: 'AEVENTOS'
RH560.PRG(365) Warning C1003  Ambiguous reference: 'NCONT'
RH560.PRG(367) Warning C1004  Ambiguous reference, assuming memvar: 'NCONT'
RH560.PRG(367) Warning C1004  Ambiguous reference, assuming memvar: 'NCONT'
RH560.PRG(367) Warning C1004  Ambiguous reference, assuming memvar: 'NCONT'
RH560.PRG(367) Warning C1003  Ambiguous reference: 'NCONT'
RH560.PRG(367) Warning C1003  Ambiguous reference: 'AEVENTOS'
RH560.PRG(368) Warning C1004  Ambiguous reference, assuming memvar: 'AEVENTOS'
RH560.PRG(368) Warning C1003  Ambiguous reference: 'NCONT'
RH560.PRG(368) Warning C1003  Ambiguous reference: 'AORDEM'
RH560.PRG(368) Warning C1004  Ambiguous reference, assuming memvar: 'AEVENTOS'
RH560.PRG(368) Warning C1003  Ambiguous reference: 'NCONT'
RH560.PRG(370) Warning C1004  Ambiguous reference, assuming memvar: 'NCONT'
RH560.PRG(370) Warning C1004  Ambiguous reference, assuming memvar: 'NCONT'
RH560.PRG(370) Warning C1004  Ambiguous reference, assuming memvar: 'NCONT'
RH560.PRG(370) Warning C1003  Ambiguous reference: 'NCONT'
RH560.PRG(370) Warning C1003  Ambiguous reference: 'AEVENTOS'
RH560.PRG(371) Warning C1004  Ambiguous reference, assuming memvar: 'AEVENTOS'
RH560.PRG(371) Warning C1003  Ambiguous reference: 'NCONT'
RH560.PRG(371) Warning C1003  Ambiguous reference: 'AORDEM'
RH560.PRG(371) Warning C1004  Ambiguous reference, assuming memvar: 'AEVENTOS'
RH560.PRG(371) Warning C1003  Ambiguous reference: 'NCONT'
RH560.PRG(374) Warning C1003  Ambiguous reference: 'AORDEM'
RH560.PRG(374) Warning C1004  Ambiguous reference, assuming memvar: 'NMETADE'
RH560.PRG(376) Warning C1003  Ambiguous reference: 'NMETADE'
RH560.PRG(376) Warning C1003  Ambiguous reference: 'NMETADE'
RH560.PRG(377) Warning C1003  Ambiguous reference: 'AORDEM'
RH560.PRG(380) Warning C1003  Ambiguous reference: 'AORDEM'
RH560.PRG(380) Warning C1004  Ambiguous reference, assuming memvar: 'NMETADE'
RH560.PRG(382) Warning C1004  Ambiguous reference, assuming memvar: 'NCONT'
RH560.PRG(382) Warning C1004  Ambiguous reference, assuming memvar: 'NCONT'
RH560.PRG(382) Warning C1004  Ambiguous reference, assuming memvar: 'NCONT'
RH560.PRG(382) Warning C1003  Ambiguous reference: 'NCONT'
RH560.PRG(382) Warning C1003  Ambiguous reference: 'NMETADE'
RH560.PRG(383) Warning C1003  Ambiguous reference: 'XCOND1'
RH560.PRG(383) Warning C1004  Ambiguous reference, assuming memvar: 'AORDEM'
RH560.PRG(383) Warning C1003  Ambiguous reference: 'NCONT'
RH560.PRG(383) Warning C1004  Ambiguous reference, assuming memvar: 'AORDEM'
RH560.PRG(383) Warning C1003  Ambiguous reference: 'NCONT'
RH560.PRG(383) Warning C1003  Ambiguous reference: 'NMETADE'
RH560.PRG(383) Warning C1003  Ambiguous reference: 'XCOND0'
RH560.PRG(386) Warning C1003  Ambiguous reference: 'NTOT_PROV'
RH560.PRG(390) Warning C1003  Ambiguous reference: 'XAEXPAN'
RH560.PRG(390) Warning C1003  Ambiguous reference: 'XDEXPAN'
RH560.PRG(393) Warning C1004  Ambiguous reference, assuming memvar: 'AEVENTOS'
RH560.PRG(394) Warning C1003  Ambiguous reference: 'ADESC'
RH560.PRG(394) Warning C1004  Ambiguous reference, assuming memvar: 'AEVENTOS'
RH560.PRG(395) Warning C1004  Ambiguous reference, assuming memvar: 'AORDEM'
RH560.PRG(399) Warning C1004  Ambiguous reference, assuming memvar: 'NCONT'
RH560.PRG(399) Warning C1004  Ambiguous reference, assuming memvar: 'NCONT'
RH560.PRG(399) Warning C1004  Ambiguous reference, assuming memvar: 'NCONT'
RH560.PRG(399) Warning C1003  Ambiguous reference: 'NCONT'
RH560.PRG(399) Warning C1003  Ambiguous reference: 'ADESC'
RH560.PRG(400) Warning C1004  Ambiguous reference, assuming memvar: 'ADESC'
RH560.PRG(400) Warning C1003  Ambiguous reference: 'NCONT'
RH560.PRG(400) Warning C1004  Ambiguous reference, assuming memvar: 'AEVENTOS'
RH560.PRG(400) Warning C1003  Ambiguous reference: 'NCONT'
RH560.PRG(401) Warning C1004  Ambiguous reference, assuming memvar: 'AEVENTOS'
RH560.PRG(401) Warning C1003  Ambiguous reference: 'NCONT'
RH560.PRG(401) Warning C1004  Ambiguous reference, assuming memvar: 'ADESC'
RH560.PRG(401) Warning C1003  Ambiguous reference: 'NCONT'
RH560.PRG(401) Warning C1004  Ambiguous reference, assuming memvar: 'AEVENTOS'
RH560.PRG(401) Warning C1003  Ambiguous reference: 'NCONT'
RH560.PRG(402) Warning C1004  Ambiguous reference, assuming memvar: 'AEVENTOS'
RH560.PRG(402) Warning C1003  Ambiguous reference: 'NCONT'
RH560.PRG(402) Warning C1004  Ambiguous reference, assuming memvar: 'ADESC'
RH560.PRG(402) Warning C1003  Ambiguous reference: 'NCONT'
RH560.PRG(402) Warning C1004  Ambiguous reference, assuming memvar: 'AEVENTOS'
RH560.PRG(402) Warning C1003  Ambiguous reference: 'NCONT'
RH560.PRG(403) Warning C1004  Ambiguous reference, assuming memvar: 'AEVENTOS'
RH560.PRG(403) Warning C1003  Ambiguous reference: 'NCONT'
RH560.PRG(403) Warning C1004  Ambiguous reference, assuming memvar: 'ADESC'
RH560.PRG(403) Warning C1003  Ambiguous reference: 'NCONT'
RH560.PRG(403) Warning C1004  Ambiguous reference, assuming memvar: 'AEVENTOS'
RH560.PRG(403) Warning C1003  Ambiguous reference: 'NCONT'
RH560.PRG(404) Warning C1004  Ambiguous reference, assuming memvar: 'ADESC'
RH560.PRG(404) Warning C1003  Ambiguous reference: 'NCONT'
RH560.PRG(405) Warning C1004  Ambiguous reference, assuming memvar: 'AEVENTOS'
RH560.PRG(405) Warning C1003  Ambiguous reference: 'NCONT'
RH560.PRG(405) Warning C1004  Ambiguous reference, assuming memvar: 'AEVENTOS'
RH560.PRG(405) Warning C1003  Ambiguous reference: 'NCONT'
RH560.PRG(407) Warning C1004  Ambiguous reference, assuming memvar: 'AEVENTOS'
RH560.PRG(407) Warning C1003  Ambiguous reference: 'NCONT'
RH560.PRG(407) Warning C1004  Ambiguous reference, assuming memvar: 'ADESC'
RH560.PRG(407) Warning C1003  Ambiguous reference: 'NCONT'
RH560.PRG(407) Warning C1004  Ambiguous reference, assuming memvar: 'AEVENTOS'
RH560.PRG(407) Warning C1003  Ambiguous reference: 'NCONT'
RH560.PRG(409) Warning C1004  Ambiguous reference, assuming memvar: 'ADESC'
RH560.PRG(409) Warning C1003  Ambiguous reference: 'NCONT'
RH560.PRG(410) Warning C1004  Ambiguous reference, assuming memvar: 'AEVENTOS'
RH560.PRG(410) Warning C1003  Ambiguous reference: 'NCONT'
RH560.PRG(410) Warning C1004  Ambiguous reference, assuming memvar: 'ADESC'
RH560.PRG(410) Warning C1003  Ambiguous reference: 'NCONT'
RH560.PRG(410) Warning C1004  Ambiguous reference, assuming memvar: 'AEVENTOS'
RH560.PRG(410) Warning C1003  Ambiguous reference: 'NCONT'
RH560.PRG(412) Warning C1004  Ambiguous reference, assuming memvar: 'AEVENTOS'
RH560.PRG(412) Warning C1003  Ambiguous reference: 'NCONT'
RH560.PRG(412) Warning C1004  Ambiguous reference, assuming memvar: 'AEVENTOS'
RH560.PRG(412) Warning C1003  Ambiguous reference: 'NCONT'
RH560.PRG(416) Warning C1003  Ambiguous reference: 'AORDEM'
RH560.PRG(416) Warning C1004  Ambiguous reference, assuming memvar: 'NMETADE'
RH560.PRG(418) Warning C1003  Ambiguous reference: 'NMETADE'
RH560.PRG(418) Warning C1003  Ambiguous reference: 'NMETADE'
RH560.PRG(419) Warning C1003  Ambiguous reference: 'AORDEM'
RH560.PRG(424) Warning C1004  Ambiguous reference, assuming memvar: 'NCONT'
RH560.PRG(424) Warning C1004  Ambiguous reference, assuming memvar: 'NCONT'
RH560.PRG(424) Warning C1004  Ambiguous reference, assuming memvar: 'NCONT'
RH560.PRG(424) Warning C1003  Ambiguous reference: 'NCONT'
RH560.PRG(424) Warning C1003  Ambiguous reference: 'AEVENTOS'
RH560.PRG(425) Warning C1004  Ambiguous reference, assuming memvar: 'AEVENTOS'
RH560.PRG(425) Warning C1003  Ambiguous reference: 'NCONT'
RH560.PRG(425) Warning C1003  Ambiguous reference: 'AORDEM'
RH560.PRG(425) Warning C1004  Ambiguous reference, assuming memvar: 'AEVENTOS'
RH560.PRG(425) Warning C1003  Ambiguous reference: 'NCONT'
RH560.PRG(427) Warning C1004  Ambiguous reference, assuming memvar: 'NCONT'
RH560.PRG(427) Warning C1004  Ambiguous reference, assuming memvar: 'NCONT'
RH560.PRG(427) Warning C1004  Ambiguous reference, assuming memvar: 'NCONT'
RH560.PRG(427) Warning C1003  Ambiguous reference: 'NCONT'
RH560.PRG(427) Warning C1003  Ambiguous reference: 'AEVENTOS'
RH560.PRG(428) Warning C1004  Ambiguous reference, assuming memvar: 'AEVENTOS'
RH560.PRG(428) Warning C1003  Ambiguous reference: 'NCONT'
RH560.PRG(428) Warning C1003  Ambiguous reference: 'AORDEM'
RH560.PRG(428) Warning C1004  Ambiguous reference, assuming memvar: 'AEVENTOS'
RH560.PRG(428) Warning C1003  Ambiguous reference: 'NCONT'
RH560.PRG(430) Warning C1004  Ambiguous reference, assuming memvar: 'NCONT'
RH560.PRG(430) Warning C1004  Ambiguous reference, assuming memvar: 'NCONT'
RH560.PRG(430) Warning C1004  Ambiguous reference, assuming memvar: 'NCONT'
RH560.PRG(430) Warning C1003  Ambiguous reference: 'NCONT'
RH560.PRG(430) Warning C1003  Ambiguous reference: 'AEVENTOS'
RH560.PRG(431) Warning C1004  Ambiguous reference, assuming memvar: 'AEVENTOS'
RH560.PRG(431) Warning C1003  Ambiguous reference: 'NCONT'
RH560.PRG(431) Warning C1003  Ambiguous reference: 'AORDEM'
RH560.PRG(431) Warning C1004  Ambiguous reference, assuming memvar: 'AEVENTOS'
RH560.PRG(431) Warning C1003  Ambiguous reference: 'NCONT'
RH560.PRG(433) Warning C1004  Ambiguous reference, assuming memvar: 'NCONT'
RH560.PRG(433) Warning C1004  Ambiguous reference, assuming memvar: 'NCONT'
RH560.PRG(433) Warning C1004  Ambiguous reference, assuming memvar: 'NCONT'
RH560.PRG(433) Warning C1003  Ambiguous reference: 'NCONT'
RH560.PRG(433) Warning C1003  Ambiguous reference: 'AEVENTOS'
RH560.PRG(434) Warning C1004  Ambiguous reference, assuming memvar: 'AEVENTOS'
RH560.PRG(434) Warning C1003  Ambiguous reference: 'NCONT'
RH560.PRG(434) Warning C1003  Ambiguous reference: 'AORDEM'
RH560.PRG(434) Warning C1004  Ambiguous reference, assuming memvar: 'AEVENTOS'
RH560.PRG(434) Warning C1003  Ambiguous reference: 'NCONT'
RH560.PRG(437) Warning C1003  Ambiguous reference: 'AORDEM'
RH560.PRG(437) Warning C1004  Ambiguous reference, assuming memvar: 'NMETADE'
RH560.PRG(439) Warning C1004  Ambiguous reference, assuming memvar: 'NCONT'
RH560.PRG(439) Warning C1004  Ambiguous reference, assuming memvar: 'NCONT'
RH560.PRG(439) Warning C1004  Ambiguous reference, assuming memvar: 'NCONT'
RH560.PRG(439) Warning C1003  Ambiguous reference: 'NCONT'
RH560.PRG(439) Warning C1003  Ambiguous reference: 'NMETADE'
RH560.PRG(440) Warning C1003  Ambiguous reference: 'XCOND1'
RH560.PRG(440) Warning C1004  Ambiguous reference, assuming memvar: 'AORDEM'
RH560.PRG(440) Warning C1003  Ambiguous reference: 'NCONT'
RH560.PRG(440) Warning C1004  Ambiguous reference, assuming memvar: 'AORDEM'
RH560.PRG(440) Warning C1003  Ambiguous reference: 'NCONT'
RH560.PRG(440) Warning C1003  Ambiguous reference: 'NMETADE'
RH560.PRG(440) Warning C1003  Ambiguous reference: 'XCOND0'
RH560.PRG(443) Warning C1003  Ambiguous reference: 'NTOT_DESC'
RH560.PRG(451) Warning C1003  Ambiguous reference: 'NTOT_PROV'
RH560.PRG(451) Warning C1003  Ambiguous reference: 'NTOT_DESC'
RH560.PRG(453) Warning C1003  Ambiguous reference: 'XCOND0'
RH560.PRG(454) Warning C1003  Ambiguous reference: 'XAEXPAN'
RH560.PRG(454) Warning C1003  Ambiguous reference: 'XDEXPAN'
RH560.PRG(459) Warning C1003  Ambiguous reference: 'CTIPOREL'
RH560.PRG(460) Warning C1003  Ambiguous reference: 'NPROV1_MS'
RH560.PRG(461) Warning C1003  Ambiguous reference: 'CTIPOREL'
RH560.PRG(462) Warning C1003  Ambiguous reference: 'NPROV1_AD'
RH560.PRG(463) Warning C1003  Ambiguous reference: 'CTIPOREL'
RH560.PRG(464) Warning C1003  Ambiguous reference: 'NPROV1_DT'
RH560.PRG(465) Warning C1003  Ambiguous reference: 'CTIPOREL'
RH560.PRG(466) Warning C1003  Ambiguous reference: 'NPROV1_FR'
RH560.PRG(474) Warning C1003  Ambiguous reference: 'CTIPOREL'
RH560.PRG(475) Warning C1003  Ambiguous reference: 'NPROV2_MS'
RH560.PRG(476) Warning C1003  Ambiguous reference: 'CTIPOREL'
RH560.PRG(477) Warning C1003  Ambiguous reference: 'NPROV2_AD'
RH560.PRG(478) Warning C1003  Ambiguous reference: 'CTIPOREL'
RH560.PRG(479) Warning C1003  Ambiguous reference: 'NPROV2_DT'
RH560.PRG(480) Warning C1003  Ambiguous reference: 'CTIPOREL'
RH560.PRG(481) Warning C1003  Ambiguous reference: 'NPROV2_FR'
RH560.PRG(487) Warning C1003  Ambiguous reference: 'CTIPOREL'
RH560.PRG(488) Warning C1003  Ambiguous reference: 'NPROV2_MS'
RH560.PRG(488) Warning C1003  Ambiguous reference: 'NPROV1_MS'
RH560.PRG(488) Warning C1004  Ambiguous reference, assuming memvar: 'NPROV_TOT'
RH560.PRG(489) Warning C1003  Ambiguous reference: 'CTIPOREL'
RH560.PRG(490) Warning C1003  Ambiguous reference: 'NPROV2_AD'
RH560.PRG(490) Warning C1003  Ambiguous reference: 'NPROV1_AD'
RH560.PRG(490) Warning C1004  Ambiguous reference, assuming memvar: 'NPROV_TOT'
RH560.PRG(491) Warning C1003  Ambiguous reference: 'CTIPOREL'
RH560.PRG(492) Warning C1003  Ambiguous reference: 'NPROV2_DT'
RH560.PRG(492) Warning C1003  Ambiguous reference: 'NPROV1_DT'
RH560.PRG(492) Warning C1004  Ambiguous reference, assuming memvar: 'NPROV_TOT'
RH560.PRG(493) Warning C1003  Ambiguous reference: 'CTIPOREL'
RH560.PRG(494) Warning C1003  Ambiguous reference: 'NPROV2_FR'
RH560.PRG(494) Warning C1003  Ambiguous reference: 'NPROV1_FR'
RH560.PRG(494) Warning C1004  Ambiguous reference, assuming memvar: 'NPROV_TOT'
RH560.PRG(498) Warning C1003  Ambiguous reference: 'XAENFAT'
RH560.PRG(498) Warning C1003  Ambiguous reference: 'XDENFAT'
RH560.PRG(499) Warning C1003  Ambiguous reference: 'NPROV_TOT'
RH560.PRG(501) Warning C1003  Ambiguous reference: 'XCOND1'
RH560.PRG(501) Warning C1003  Ambiguous reference: 'NPROV_TOT'
RH560.PRG(501) Warning C1003  Ambiguous reference: 'XCOND0'
RH560.PRG(507) Warning C1004  Ambiguous reference, assuming memvar: 'NPROV1_MS'
RH560.PRG(508) Warning C1004  Ambiguous reference, assuming memvar: 'NPROV1_AD'
RH560.PRG(509) Warning C1004  Ambiguous reference, assuming memvar: 'NPROV1_FR'
RH560.PRG(510) Warning C1004  Ambiguous reference, assuming memvar: 'NPROV1_DT'
RH560.PRG(512) Warning C1004  Ambiguous reference, assuming memvar: 'NPROV2_MS'
RH560.PRG(513) Warning C1004  Ambiguous reference, assuming memvar: 'NPROV2_AD'
RH560.PRG(514) Warning C1004  Ambiguous reference, assuming memvar: 'NPROV2_FR'
RH560.PRG(515) Warning C1004  Ambiguous reference, assuming memvar: 'NPROV2_DT'
RH560.PRG(517) Warning C1004  Ambiguous reference, assuming memvar: 'APROV'
RH560.PRG(518) Warning C1004  Ambiguous reference, assuming memvar: 'ADESC'
RH560.PRG(519) Warning C1004  Ambiguous reference, assuming memvar: 'AEVENTOS'
RH560.PRG(520) Warning C1004  Ambiguous reference, assuming memvar: 'AORDEM'
RH560.PRG(521) Warning C1004  Ambiguous reference, assuming memvar: 'NTOT_PROV'
RH560.PRG(522) Warning C1004  Ambiguous reference, assuming memvar: 'NTOT_DESC'
RH560.PRG(524) Warning C1003  Ambiguous reference: 'CORDEM'
RH560.PRG(526) Warning C1003  Ambiguous reference: 'NMATRICULA'
RH560.PRG(529) Warning C1003  Ambiguous reference: 'NMATRICULA'
RH560.PRG(538) Warning C1001  RETURN statement with no value in function
455 warnings                
Code size 6158, Symbols 1584, Constants 2994
