312K available
Compiling RH568.PRG
RH568.PRG(14)  Warning C1003  Ambiguous reference: 'XNIVEL'
RH568.PRG(14)  Warning C1003  Ambiguous reference: 'XFLAG'
RH568.PRG(14)  Warning C1003  Ambiguous reference: 'CTIPOREL'
RH568.PRG(16)  Warning C1004  Ambiguous reference, assuming memvar: 'SBLOCO1'
RH568.PRG(17)  Warning C1004  Ambiguous reference, assuming memvar: 'SBLOCO2'
RH568.PRG(18)  Warning C1004  Ambiguous reference, assuming memvar: 'SBLOCO3'
RH568.PRG(21)  Warning C1004  Ambiguous reference, assuming memvar: 'CORDEM'
RH568.PRG(22)  Warning C1004  Ambiguous reference, assuming memvar: 'CMATRICULA'
RH568.PRG(23)  Warning C1004  Ambiguous reference, assuming memvar: 'AEDICAO'
RH568.PRG(24)  Warning C1004  Ambiguous reference, assuming memvar: 'ABENEF'
RH568.PRG(25)  Warning C1004  Ambiguous reference, assuming memvar: 'NTOT_VAL'
RH568.PRG(26)  Warning C1004  Ambiguous reference, assuming memvar: 'NQTD_VAL'
RH568.PRG(27)  Warning C1004  Ambiguous reference, assuming memvar: 'CANOMES'
RH568.PRG(28)  Warning C1004  Ambiguous reference, assuming memvar: 'NFLAG'
RH568.PRG(32)  Warning C1003  Ambiguous reference: 'AEDICAO'
RH568.PRG(32)  Warning C1003  Ambiguous reference: 'CTIPOREL'
RH568.PRG(32)  Warning C1003  Ambiguous reference: 'SBLOCO2'
RH568.PRG(33)  Warning C1003  Ambiguous reference: 'AEDICAO'
RH568.PRG(33)  Warning C1003  Ambiguous reference: 'CORDEM'
RH568.PRG(33)  Warning C1003  Ambiguous reference: 'SBLOCO3'
RH568.PRG(34)  Warning C1003  Ambiguous reference: 'AEDICAO'
RH568.PRG(34)  Warning C1003  Ambiguous reference: 'CMATRICULA'
RH568.PRG(35)  Warning C1003  Ambiguous reference: 'AEDICAO'
RH568.PRG(40)  Warning C1004  Ambiguous reference, assuming memvar: 'XNIVEL'
RH568.PRG(41)  Warning C1004  Ambiguous reference, assuming memvar: 'XFLAG'
RH568.PRG(42)  Warning C1004  Ambiguous reference, assuming memvar: 'NFLAG'
RH568.PRG(43)  Warning C1004  Ambiguous reference, assuming memvar: 'CTIPOREL'
RH568.PRG(44)  Warning C1004  Ambiguous reference, assuming memvar: 'CMATRICULA'
RH568.PRG(48)  Warning C1003  Ambiguous reference: 'XNIVEL'
RH568.PRG(48)  Warning C1003  Ambiguous reference: 'XNIVEL'
RH568.PRG(48)  Warning C1003  Ambiguous reference: 'AEDICAO'
RH568.PRG(49)  Warning C1004  Ambiguous reference, assuming memvar: 'AEDICAO'
RH568.PRG(49)  Warning C1003  Ambiguous reference: 'XNIVEL'
RH568.PRG(51)  Warning C1004  Ambiguous reference, assuming memvar: 'AEDICAO'
RH568.PRG(51)  Warning C1003  Ambiguous reference: 'XNIVEL'
RH568.PRG(52)  Warning C1003  Ambiguous reference: 'XFLAG'
RH568.PRG(52)  Warning C1004  Ambiguous reference, assuming memvar: 'XNIVEL'
RH568.PRG(52)  Warning C1004  Ambiguous reference, assuming memvar: 'XNIVEL'
RH568.PRG(52)  Warning C1004  Ambiguous reference, assuming memvar: 'XNIVEL'
RH568.PRG(52)  Warning C1004  Ambiguous reference, assuming memvar: 'XNIVEL'
RH568.PRG(65)  Warning C1003  Ambiguous reference: 'CTIPOREL'
RH568.PRG(66)  Warning C1003  Ambiguous reference: 'XNIVEL'
RH568.PRG(66)  Warning C1003  Ambiguous reference: 'CTIPOREL'
RH568.PRG(68)  Warning C1003  Ambiguous reference: 'CORDEM'
RH568.PRG(69)  Warning C1003  Ambiguous reference: 'XNIVEL'
RH568.PRG(69)  Warning C1003  Ambiguous reference: 'CORDEM'
RH568.PRG(71)  Warning C1003  Ambiguous reference: 'CMATRICULA'
RH568.PRG(72)  Warning C1003  Ambiguous reference: 'XNIVEL'
RH568.PRG(74)  Warning C1003  Ambiguous reference: 'CMATRICULA'
RH568.PRG(74)  Warning C1004  Ambiguous reference, assuming memvar: 'CMATRICULA'
RH568.PRG(82)  Warning C1003  Ambiguous reference: 'XNIVEL'
RH568.PRG(99)  Warning C1003  Ambiguous reference: 'CTIPOREL'
RH568.PRG(99)  Warning C1004  Ambiguous reference, assuming memvar: 'CTIPOREL'
RH568.PRG(101) Warning C1003  Ambiguous reference: 'ANOMES'
RH568.PRG(101) Warning C1003  Ambiguous reference: 'XANOMES'
RH568.PRG(104) Warning C1003  Ambiguous reference: 'CORDEM'
RH568.PRG(105) Warning C1003  Ambiguous reference: 'CORDEM'
RH568.PRG(121) Warning C1004  Ambiguous reference, assuming memvar: 'NTOT_VAL'
RH568.PRG(122) Warning C1004  Ambiguous reference, assuming memvar: 'NQTD_VAL'
RH568.PRG(123) Warning C1004  Ambiguous reference, assuming memvar: 'ABENEF'
RH568.PRG(127) Warning C1001  RETURN statement with no value in function
RH568.PRG(129) Warning C1003  Ambiguous reference: 'CMATRICULA'
RH568.PRG(131) Warning C1003  Ambiguous reference: 'CMATRICULA'
RH568.PRG(132) Warning C1003  Ambiguous reference: 'CORDEM'
RH568.PRG(136) Warning C1004  Ambiguous reference, assuming memvar: 'NFLAG'
RH568.PRG(150) Warning C1001  RETURN statement with no value in function
RH568.PRG(152) Warning C1003  Ambiguous reference: 'CANOMES'
RH568.PRG(152) Warning C1003  Ambiguous reference: 'CTIPOREL'
RH568.PRG(155) Warning C1004  Ambiguous reference, assuming memvar: 'NTOT_VAL'
RH568.PRG(156) Warning C1004  Ambiguous reference, assuming memvar: 'NQTD_VAL'
RH568.PRG(158) Warning C1004  Ambiguous reference, assuming memvar: 'NMATRICULA'
RH568.PRG(159) Warning C1004  Ambiguous reference, assuming memvar: 'NNOME'
RH568.PRG(163) Warning C1004  Ambiguous reference, assuming memvar: 'NSALARIO'
RH568.PRG(165) Warning C1003  Ambiguous reference: 'NTOT_VAL'
RH568.PRG(165) Warning C1003  Ambiguous reference: 'NQTD_VAL'
RH568.PRG(167) Warning C1003  Ambiguous reference: 'XAEXPAN'
RH568.PRG(167) Warning C1003  Ambiguous reference: 'XDEXPAN'
RH568.PRG(168) Warning C1003  Ambiguous reference: 'XAEXPAN'
RH568.PRG(168) Warning C1003  Ambiguous reference: 'XDEXPAN'
RH568.PRG(170) Warning C1003  Ambiguous reference: 'XRAZAO'
RH568.PRG(171) Warning C1003  Ambiguous reference: 'NQTD_VAL'
RH568.PRG(171) Warning C1003  Ambiguous reference: 'NTOT_VAL'
RH568.PRG(172) Warning C1003  Ambiguous reference: 'NTOT_VAL'
RH568.PRG(172) Warning C1004  Ambiguous reference, assuming memvar: 'NLIN'
RH568.PRG(173) Warning C1003  Ambiguous reference: 'NTOT_VAL'
RH568.PRG(173) Warning C1003  Ambiguous reference: 'NLIN'
RH568.PRG(179) Warning C1003  Ambiguous reference: 'NNOME'
RH568.PRG(185) Warning C1003  Ambiguous reference: 'NSALARIO'
RH568.PRG(187) Warning C1004  Ambiguous reference, assuming memvar: 'NFLAG'
RH568.PRG(187) Warning C1004  Ambiguous reference, assuming memvar: 'NFLAG'
RH568.PRG(188) Warning C1003  Ambiguous reference: 'NFLAG'
RH568.PRG(190) Warning C1004  Ambiguous reference, assuming memvar: 'NFLAG'
RH568.PRG(193) Warning C1003  Ambiguous reference: 'CMATRICULA'
RH568.PRG(197) Warning C1004  Ambiguous reference, assuming memvar: 'NTOT_VAL'
RH568.PRG(198) Warning C1004  Ambiguous reference, assuming memvar: 'NQTD_VAL'
95 warnings                
Code size 2231, Symbols 1088, Constants 873
