238K available
Compiling RH572.PRG
RH572.PRG(17)  Warning C1003  Ambiguous reference: 'XNIVEL'
RH572.PRG(17)  Warning C1003  Ambiguous reference: 'XFLAG'
RH572.PRG(19)  Warning C1003  Ambiguous reference: 'XDATASYS'
RH572.PRG(19)  Warning C1004  Ambiguous reference, assuming memvar: 'CANOMES'
RH572.PRG(20)  Warning C1004  Ambiguous reference, assuming memvar: 'CPIC'
RH572.PRG(21)  Warning C1004  Ambiguous reference, assuming memvar: 'NCOD_REC'
RH572.PRG(22)  Warning C1004  Ambiguous reference, assuming memvar: 'NCONT_PG'
RH572.PRG(23)  Warning C1004  Ambiguous reference, assuming memvar: 'NPAG_TOT'
RH572.PRG(24)  Warning C1004  Ambiguous reference, assuming memvar: 'NFUNC'
RH572.PRG(25)  Warning C1004  Ambiguous reference, assuming memvar: 'CFILIAL'
RH572.PRG(26)  Warning C1004  Ambiguous reference, assuming memvar: 'CCENTRO'
RH572.PRG(27)  Warning C1004  Ambiguous reference, assuming memvar: 'LACHOU'
RH572.PRG(28)  Warning C1004  Ambiguous reference, assuming memvar: 'NCAM_37'
RH572.PRG(29)  Warning C1004  Ambiguous reference, assuming memvar: 'NCAM_38'
RH572.PRG(30)  Warning C1004  Ambiguous reference, assuming memvar: 'NCAM_39'
RH572.PRG(31)  Warning C1004  Ambiguous reference, assuming memvar: 'NCAM_17'
RH572.PRG(32)  Warning C1004  Ambiguous reference, assuming memvar: 'NCAM_18'
RH572.PRG(33)  Warning C1004  Ambiguous reference, assuming memvar: 'NCAM_19'
RH572.PRG(34)  Warning C1004  Ambiguous reference, assuming memvar: 'NCAM_20'
RH572.PRG(35)  Warning C1004  Ambiguous reference, assuming memvar: 'NCAM_21'
RH572.PRG(36)  Warning C1004  Ambiguous reference, assuming memvar: 'NCAM_22'
RH572.PRG(37)  Warning C1004  Ambiguous reference, assuming memvar: 'NCAM_40'
RH572.PRG(38)  Warning C1004  Ambiguous reference, assuming memvar: 'NCAM_41'
RH572.PRG(39)  Warning C1004  Ambiguous reference, assuming memvar: 'NLIN'
RH572.PRG(40)  Warning C1004  Ambiguous reference, assuming memvar: 'NPROLABO'
RH572.PRG(43)  Warning C1004  Ambiguous reference, assuming memvar: 'NAUTO'
RH572.PRG(44)  Warning C1004  Ambiguous reference, assuming memvar: 'NMENOS'
RH572.PRG(46)  Warning C1004  Ambiguous reference, assuming memvar: 'SBLOC1'
RH572.PRG(47)  Warning C1004  Ambiguous reference, assuming memvar: 'SBLOC2'
RH572.PRG(48)  Warning C1004  Ambiguous reference, assuming memvar: 'SBLOC3'
RH572.PRG(52)  Warning C1004  Ambiguous reference, assuming memvar: 'AEDICAO'
RH572.PRG(55)  Warning C1004  Ambiguous reference, assuming memvar: 'ALINHA'
RH572.PRG(56)  Warning C1004  Ambiguous reference, assuming memvar: 'CCAM_01'
RH572.PRG(57)  Warning C1004  Ambiguous reference, assuming memvar: 'CCAM_02'
RH572.PRG(58)  Warning C1004  Ambiguous reference, assuming memvar: 'CCAM_03'
RH572.PRG(59)  Warning C1004  Ambiguous reference, assuming memvar: 'CCAM_04'
RH572.PRG(60)  Warning C1004  Ambiguous reference, assuming memvar: 'CCAM_05'
RH572.PRG(61)  Warning C1004  Ambiguous reference, assuming memvar: 'CCAM_06'
RH572.PRG(62)  Warning C1004  Ambiguous reference, assuming memvar: 'CCAM_07'
RH572.PRG(63)  Warning C1004  Ambiguous reference, assuming memvar: 'CCAM_08'
RH572.PRG(64)  Warning C1004  Ambiguous reference, assuming memvar: 'CCAM_09'
RH572.PRG(65)  Warning C1004  Ambiguous reference, assuming memvar: 'CCAM_10'
RH572.PRG(66)  Warning C1004  Ambiguous reference, assuming memvar: 'CCAM_11'
RH572.PRG(67)  Warning C1004  Ambiguous reference, assuming memvar: 'CCAM_12'
RH572.PRG(69)  Warning C1003  Ambiguous reference: 'ANOMES'
RH572.PRG(69)  Warning C1003  Ambiguous reference: 'XANOMES'
RH572.PRG(71)  Warning C1003  Ambiguous reference: 'ANOMES'
RH572.PRG(71)  Warning C1003  Ambiguous reference: 'XANOMES'
RH572.PRG(78)  Warning C1003  Ambiguous reference: 'AEDICAO'
RH572.PRG(78)  Warning C1003  Ambiguous reference: 'CTIPOREL'
RH572.PRG(78)  Warning C1003  Ambiguous reference: 'SBLOC2'
RH572.PRG(79)  Warning C1003  Ambiguous reference: 'AEDICAO'
RH572.PRG(79)  Warning C1003  Ambiguous reference: 'CTIPOAMB'
RH572.PRG(79)  Warning C1003  Ambiguous reference: 'SBLOC3'
RH572.PRG(80)  Warning C1003  Ambiguous reference: 'AEDICAO'
RH572.PRG(80)  Warning C1003  Ambiguous reference: 'NCOD_REC'
RH572.PRG(80)  Warning C1003  Ambiguous reference: 'CPIC'
RH572.PRG(81)  Warning C1003  Ambiguous reference: 'AEDICAO'
RH572.PRG(81)  Warning C1003  Ambiguous reference: 'NAUTO'
RH572.PRG(82)  Warning C1003  Ambiguous reference: 'AEDICAO'
RH572.PRG(82)  Warning C1003  Ambiguous reference: 'CFILIAL'
RH572.PRG(83)  Warning C1003  Ambiguous reference: 'AEDICAO'
RH572.PRG(84)  Warning C1003  Ambiguous reference: 'AEDICAO'
RH572.PRG(84)  Warning C1003  Ambiguous reference: 'CCENTRO'
RH572.PRG(85)  Warning C1003  Ambiguous reference: 'AEDICAO'
RH572.PRG(90)  Warning C1004  Ambiguous reference, assuming memvar: 'XNIVEL'
RH572.PRG(91)  Warning C1004  Ambiguous reference, assuming memvar: 'CTIPOREL'
RH572.PRG(92)  Warning C1004  Ambiguous reference, assuming memvar: 'CTIPOAMB'
RH572.PRG(93)  Warning C1004  Ambiguous reference, assuming memvar: 'NPAG_TOT'
RH572.PRG(94)  Warning C1004  Ambiguous reference, assuming memvar: 'NCONT_PG'
RH572.PRG(95)  Warning C1004  Ambiguous reference, assuming memvar: 'CFILIAL'
RH572.PRG(96)  Warning C1004  Ambiguous reference, assuming memvar: 'CCENTRO'
RH572.PRG(100) Warning C1003  Ambiguous reference: 'XNIVEL'
RH572.PRG(100) Warning C1003  Ambiguous reference: 'XNIVEL'
RH572.PRG(100) Warning C1003  Ambiguous reference: 'AEDICAO'
RH572.PRG(101) Warning C1004  Ambiguous reference, assuming memvar: 'AEDICAO'
RH572.PRG(101) Warning C1003  Ambiguous reference: 'XNIVEL'
RH572.PRG(103) Warning C1004  Ambiguous reference, assuming memvar: 'AEDICAO'
RH572.PRG(103) Warning C1003  Ambiguous reference: 'XNIVEL'
RH572.PRG(104) Warning C1003  Ambiguous reference: 'XFLAG'
RH572.PRG(104) Warning C1004  Ambiguous reference, assuming memvar: 'XNIVEL'
RH572.PRG(104) Warning C1004  Ambiguous reference, assuming memvar: 'XNIVEL'
RH572.PRG(104) Warning C1004  Ambiguous reference, assuming memvar: 'XNIVEL'
RH572.PRG(104) Warning C1004  Ambiguous reference, assuming memvar: 'XNIVEL'
RH572.PRG(119) Warning C1003  Ambiguous reference: 'CTIPOREL'
RH572.PRG(120) Warning C1003  Ambiguous reference: 'XNIVEL'
RH572.PRG(120) Warning C1003  Ambiguous reference: 'CTIPOREL'
RH572.PRG(122) Warning C1003  Ambiguous reference: 'CTIPOAMB'
RH572.PRG(123) Warning C1003  Ambiguous reference: 'XNIVEL'
RH572.PRG(123) Warning C1003  Ambiguous reference: 'CTIPOAMB'
RH572.PRG(125) Warning C1003  Ambiguous reference: 'NCOD_REC'
RH572.PRG(126) Warning C1003  Ambiguous reference: 'NCOD_REC'
RH572.PRG(131) Warning C1003  Ambiguous reference: 'CFILIAL'
RH572.PRG(132) Warning C1003  Ambiguous reference: 'CFILIAL'
RH572.PRG(137) Warning C1003  Ambiguous reference: 'XNIVEL'
RH572.PRG(140) Warning C1003  Ambiguous reference: 'CCENTRO'
RH572.PRG(141) Warning C1003  Ambiguous reference: 'CCENTRO'
RH572.PRG(146) Warning C1003  Ambiguous reference: 'XNIVEL'
RH572.PRG(146) Warning C1003  Ambiguous reference: 'CCENTRO'
RH572.PRG(159) Warning C1003  Ambiguous reference: 'SITUACAO'
RH572.PRG(159) Warning C1003  Ambiguous reference: 'XDATASYS'
RH572.PRG(167) Warning C1003  Ambiguous reference: 'CCENTRO'
RH572.PRG(167) Warning C1003  Ambiguous reference: 'CCENTRO'
RH572.PRG(173) Warning C1003  Ambiguous reference: 'XDATASYS'
RH572.PRG(176) Warning C1003  Ambiguous reference: 'CANOMES'
RH572.PRG(178) Warning C1003  Ambiguous reference: 'CTIPOAMB'
RH572.PRG(180) Warning C1004  Ambiguous reference, assuming memvar: 'LACHOU'
RH572.PRG(181) Warning C1004  Ambiguous reference, assuming memvar: 'NCONT_PG'
RH572.PRG(181) Warning C1004  Ambiguous reference, assuming memvar: 'NCONT_PG'
RH572.PRG(183) Warning C1003  Ambiguous reference: 'CTIPOAMB'
RH572.PRG(185) Warning C1004  Ambiguous reference, assuming memvar: 'LACHOU'
RH572.PRG(186) Warning C1004  Ambiguous reference, assuming memvar: 'NCONT_PG'
RH572.PRG(186) Warning C1004  Ambiguous reference, assuming memvar: 'NCONT_PG'
RH572.PRG(188) Warning C1003  Ambiguous reference: 'CTIPOAMB'
RH572.PRG(190) Warning C1004  Ambiguous reference, assuming memvar: 'LACHOU'
RH572.PRG(191) Warning C1004  Ambiguous reference, assuming memvar: 'NCONT_PG'
RH572.PRG(191) Warning C1004  Ambiguous reference, assuming memvar: 'NCONT_PG'
RH572.PRG(193) Warning C1003  Ambiguous reference: 'CTIPOAMB'
RH572.PRG(195) Warning C1004  Ambiguous reference, assuming memvar: 'LACHOU'
RH572.PRG(196) Warning C1004  Ambiguous reference, assuming memvar: 'NCONT_PG'
RH572.PRG(196) Warning C1004  Ambiguous reference, assuming memvar: 'NCONT_PG'
RH572.PRG(206) Warning C1003  Ambiguous reference: 'NCONT_PG'
RH572.PRG(206) Warning C1004  Ambiguous reference, assuming memvar: 'NPAG_TOT2'
RH572.PRG(207) Warning C1003  Ambiguous reference: 'NCONT_PG'
RH572.PRG(207) Warning C1004  Ambiguous reference, assuming memvar: 'NPAG_TOT1'
RH572.PRG(208) Warning C1003  Ambiguous reference: 'NPAG_TOT2'
RH572.PRG(208) Warning C1003  Ambiguous reference: 'NPAG_TOT1'
RH572.PRG(208) Warning C1004  Ambiguous reference, assuming memvar: 'NDIFEREN'
RH572.PRG(209) Warning C1003  Ambiguous reference: 'NPAG_TOT1'
RH572.PRG(209) Warning C1004  Ambiguous reference, assuming memvar: 'NPAG_TOT'
RH572.PRG(210) Warning C1003  Ambiguous reference: 'NDIFEREN'
RH572.PRG(211) Warning C1004  Ambiguous reference, assuming memvar: 'NPAG_TOT'
RH572.PRG(212) Warning C1003  Ambiguous reference: 'NPAG_TOT1'
RH572.PRG(212) Warning C1004  Ambiguous reference, assuming memvar: 'NPAG_TOT'
RH572.PRG(215) Warning C1001  RETURN statement with no value in function
RH572.PRG(221) Warning C1003  Ambiguous reference: 'CFILIAL'
RH572.PRG(221) Warning C1003  Ambiguous reference: 'CFILIAL'
RH572.PRG(242) Warning C1004  Ambiguous reference, assuming memvar: 'NCAM_32'
RH572.PRG(242) Warning C1004  Ambiguous reference, assuming memvar: 'NCAM_31'
RH572.PRG(242) Warning C1004  Ambiguous reference, assuming memvar: 'NSOMA2'
RH572.PRG(242) Warning C1004  Ambiguous reference, assuming memvar: 'NSOMA1'
RH572.PRG(244) Warning C1001  RETURN statement with no value in function
RH572.PRG(249) Warning C1003  Ambiguous reference: 'CTIPOREL'
RH572.PRG(255) Warning C1003  Ambiguous reference: 'CCENTRO'
RH572.PRG(255) Warning C1003  Ambiguous reference: 'CCENTRO'
RH572.PRG(260) Warning C1001  RETURN statement with no value in function
RH572.PRG(264) Warning C1003  Ambiguous reference: 'CANOMES'
RH572.PRG(266) Warning C1003  Ambiguous reference: 'CTIPOAMB'
RH572.PRG(271) Warning C1003  Ambiguous reference: 'CTIPOAMB'
RH572.PRG(276) Warning C1003  Ambiguous reference: 'CTIPOAMB'
RH572.PRG(281) Warning C1003  Ambiguous reference: 'CTIPOAMB'
RH572.PRG(295) Warning C1003  Ambiguous reference: 'XDATASYS'
RH572.PRG(312) Warning C1001  RETURN statement with no value in function
RH572.PRG(324) Warning C1003  Ambiguous reference: 'NSOMA1'
RH572.PRG(324) Warning C1003  Ambiguous reference: 'NSOMA2'
RH572.PRG(324) Warning C1003  Ambiguous reference: 'XCOND0'
RH572.PRG(332) Warning C1003  Ambiguous reference: 'XANOMES'
RH572.PRG(342) Warning C1003  Ambiguous reference: 'CCENTRO'
RH572.PRG(351) Warning C1003  Ambiguous reference: 'CCENTRO'
RH572.PRG(351) Warning C1003  Ambiguous reference: 'CCENTRO'
RH572.PRG(361) Warning C1003  Ambiguous reference: 'XDATASYS'
RH572.PRG(375) Warning C1003  Ambiguous reference: 'ALINHA'
RH572.PRG(377) Warning C1004  Ambiguous reference, assuming memvar: 'I'
RH572.PRG(377) Warning C1004  Ambiguous reference, assuming memvar: 'I'
RH572.PRG(377) Warning C1004  Ambiguous reference, assuming memvar: 'I'
RH572.PRG(377) Warning C1003  Ambiguous reference: 'I'
RH572.PRG(379) Warning C1003  Ambiguous reference: 'XPAGINA'
RH572.PRG(379) Warning C1003  Ambiguous reference: 'NFUNC'
RH572.PRG(380) Warning C1003  Ambiguous reference: 'XPAGINA'
RH572.PRG(382) Warning C1003  Ambiguous reference: 'NCAM_37'
RH572.PRG(382) Warning C1003  Ambiguous reference: 'NCAM_38'
RH572.PRG(382) Warning C1003  Ambiguous reference: 'NCAM_39'
RH572.PRG(383) Warning C1003  Ambiguous reference: 'NCAM_40'
RH572.PRG(384) Warning C1003  Ambiguous reference: 'NCAM_40'
RH572.PRG(384) Warning C1003  Ambiguous reference: 'NCAM_41'
RH572.PRG(386) Warning C1004  Ambiguous reference, assuming memvar: 'NMENOS'
RH572.PRG(388) Warning C1004  Ambiguous reference, assuming memvar: 'NSOMA2'
RH572.PRG(388) Warning C1004  Ambiguous reference, assuming memvar: 'NSOMA1'
RH572.PRG(388) Warning C1004  Ambiguous reference, assuming memvar: 'NFUNC'
RH572.PRG(389) Warning C1004  Ambiguous reference, assuming memvar: 'NCAM_40'
RH572.PRG(389) Warning C1004  Ambiguous reference, assuming memvar: 'NCAM_39'
RH572.PRG(389) Warning C1004  Ambiguous reference, assuming memvar: 'NCAM_38'
RH572.PRG(389) Warning C1004  Ambiguous reference, assuming memvar: 'NCAM_37'
RH572.PRG(391) Warning C1004  Ambiguous reference, assuming memvar: 'XPAGINA'
RH572.PRG(391) Warning C1004  Ambiguous reference, assuming memvar: 'XPAGINA'
RH572.PRG(393) Warning C1004  Ambiguous reference, assuming memvar: 'NLIN'
RH572.PRG(396) Warning C1003  Ambiguous reference: 'I'
RH572.PRG(397) Warning C1003  Ambiguous reference: 'I'
RH572.PRG(398) Warning C1003  Ambiguous reference: 'I'
RH572.PRG(399) Warning C1003  Ambiguous reference: 'I'
RH572.PRG(400) Warning C1003  Ambiguous reference: 'I'
RH572.PRG(401) Warning C1003  Ambiguous reference: 'I'
RH572.PRG(402) Warning C1003  Ambiguous reference: 'I'
RH572.PRG(403) Warning C1003  Ambiguous reference: 'I'
RH572.PRG(404) Warning C1003  Ambiguous reference: 'I'
RH572.PRG(405) Warning C1003  Ambiguous reference: 'I'
RH572.PRG(406) Warning C1003  Ambiguous reference: 'I'
RH572.PRG(408) Warning C1004  Ambiguous reference, assuming memvar: 'NCAM_37'
RH572.PRG(408) Warning C1003  Ambiguous reference: 'I'
RH572.PRG(408) Warning C1004  Ambiguous reference, assuming memvar: 'NCAM_37'
RH572.PRG(409) Warning C1004  Ambiguous reference, assuming memvar: 'NCAM_38'
RH572.PRG(409) Warning C1003  Ambiguous reference: 'I'
RH572.PRG(409) Warning C1004  Ambiguous reference, assuming memvar: 'NCAM_38'
RH572.PRG(410) Warning C1004  Ambiguous reference, assuming memvar: 'NCAM_39'
RH572.PRG(410) Warning C1003  Ambiguous reference: 'I'
RH572.PRG(410) Warning C1004  Ambiguous reference, assuming memvar: 'NCAM_39'
RH572.PRG(411) Warning C1003  Ambiguous reference: 'I'
RH572.PRG(412) Warning C1003  Ambiguous reference: 'I'
RH572.PRG(413) Warning C1004  Ambiguous reference, assuming memvar: 'NCAM_40'
RH572.PRG(413) Warning C1003  Ambiguous reference: 'I'
RH572.PRG(413) Warning C1003  Ambiguous reference: 'I'
RH572.PRG(413) Warning C1004  Ambiguous reference, assuming memvar: 'NCAM_40'
RH572.PRG(413) Warning C1003  Ambiguous reference: 'I'
RH572.PRG(416) Warning C1003  Ambiguous reference: 'I'
RH572.PRG(417) Warning C1004  Ambiguous reference, assuming memvar: 'NCAM_41'
RH572.PRG(417) Warning C1003  Ambiguous reference: 'I'
RH572.PRG(417) Warning C1003  Ambiguous reference: 'I'
RH572.PRG(417) Warning C1004  Ambiguous reference, assuming memvar: 'NCAM_41'
RH572.PRG(421) Warning C1004  Ambiguous reference, assuming memvar: 'NFUNC'
RH572.PRG(421) Warning C1004  Ambiguous reference, assuming memvar: 'NFUNC'
RH572.PRG(422) Warning C1004  Ambiguous reference, assuming memvar: 'NLIN'
RH572.PRG(422) Warning C1004  Ambiguous reference, assuming memvar: 'NLIN'
RH572.PRG(426) Warning C1003  Ambiguous reference: 'NLIN'
RH572.PRG(426) Warning C1004  Ambiguous reference, assuming memvar: 'NRESTO'
RH572.PRG(427) Warning C1003  Ambiguous reference: 'NRESTO'
RH572.PRG(432) Warning C1003  Ambiguous reference: 'NCAM_37'
RH572.PRG(432) Warning C1003  Ambiguous reference: 'NCAM_38'
RH572.PRG(432) Warning C1003  Ambiguous reference: 'NCAM_39'
RH572.PRG(433) Warning C1003  Ambiguous reference: 'NCAM_40'
RH572.PRG(434) Warning C1003  Ambiguous reference: 'NCAM_40'
RH572.PRG(434) Warning C1003  Ambiguous reference: 'NCAM_41'
RH572.PRG(437) Warning C1004  Ambiguous reference, assuming memvar: 'NMENOS'
RH572.PRG(438) Warning C1004  Ambiguous reference, assuming memvar: 'NCAM_40'
RH572.PRG(438) Warning C1004  Ambiguous reference, assuming memvar: 'NCAM_39'
RH572.PRG(438) Warning C1004  Ambiguous reference, assuming memvar: 'NCAM_38'
RH572.PRG(438) Warning C1004  Ambiguous reference, assuming memvar: 'NCAM_37'
RH572.PRG(442) Warning C1004  Ambiguous reference, assuming memvar: 'ALINHA'
RH572.PRG(443) Warning C1004  Ambiguous reference, assuming memvar: 'NFUNC'
RH572.PRG(444) Warning C1004  Ambiguous reference, assuming memvar: 'XPAGINA'
RH572.PRG(452) Warning C1001  RETURN statement with no value in function
RH572.PRG(459) Warning C1003  Ambiguous reference: 'XPAGINA'
RH572.PRG(461) Warning C1003  Ambiguous reference: 'XCOND0'
RH572.PRG(468) Warning C1003  Ambiguous reference: 'XCOND1'
RH572.PRG(470) Warning C1003  Ambiguous reference: 'XPAGINA'
RH572.PRG(483) Warning C1001  RETURN statement with no value in function
RH572.PRG(501) Warning C1003  Ambiguous reference: 'CTIPOAMB'
RH572.PRG(504) Warning C1003  Ambiguous reference: 'CTIPOAMB'
RH572.PRG(507) Warning C1003  Ambiguous reference: 'CTIPOAMB'
RH572.PRG(510) Warning C1003  Ambiguous reference: 'CTIPOAMB'
RH572.PRG(525) Warning C1003  Ambiguous reference: 'CTIPOAMB'
RH572.PRG(527) Warning C1004  Ambiguous reference, assuming memvar: 'NSOMA1'
RH572.PRG(527) Warning C1003  Ambiguous reference: 'NSALARIO'
RH572.PRG(527) Warning C1003  Ambiguous reference: 'NPROLABO'
RH572.PRG(527) Warning C1004  Ambiguous reference, assuming memvar: 'NSOMA1'
RH572.PRG(528) Warning C1004  Ambiguous reference, assuming memvar: 'NSOMA2'
RH572.PRG(528) Warning C1004  Ambiguous reference, assuming memvar: 'NSOMA2'
RH572.PRG(529) Warning C1003  Ambiguous reference: 'CTIPOAMB'
RH572.PRG(530) Warning C1004  Ambiguous reference, assuming memvar: 'NSOMA1'
RH572.PRG(530) Warning C1004  Ambiguous reference, assuming memvar: 'NSOMA1'
RH572.PRG(531) Warning C1003  Ambiguous reference: 'CTIPOAMB'
RH572.PRG(532) Warning C1004  Ambiguous reference, assuming memvar: 'NSOMA1'
RH572.PRG(532) Warning C1004  Ambiguous reference, assuming memvar: 'NSOMA1'
RH572.PRG(533) Warning C1003  Ambiguous reference: 'CTIPOAMB'
RH572.PRG(534) Warning C1004  Ambiguous reference, assuming memvar: 'NSOMA2'
RH572.PRG(534) Warning C1004  Ambiguous reference, assuming memvar: 'NSOMA2'
RH572.PRG(536) Warning C1001  RETURN statement with no value in function
RH572.PRG(543) Warning C1003  Ambiguous reference: 'CTIPOAMB'
RH572.PRG(544) Warning C1003  Ambiguous reference: 'CANOMES'
RH572.PRG(544) Warning C1004  Ambiguous reference, assuming memvar: 'CDATA_COMP'
RH572.PRG(546) Warning C1003  Ambiguous reference: 'CANOMES'
RH572.PRG(546) Warning C1003  Ambiguous reference: 'CANOMES'
RH572.PRG(546) Warning C1004  Ambiguous reference, assuming memvar: 'CDATA_COMP'
RH572.PRG(553) Warning C1003  Ambiguous reference: 'XCOND1'
RH572.PRG(557) Warning C1003  Ambiguous reference: 'CDATA_COMP'
RH572.PRG(560) Warning C1003  Ambiguous reference: 'NCOD_REC'
RH572.PRG(563) Warning C1003  Ambiguous reference: 'XCONTATO'
RH572.PRG(588) Warning C1003  Ambiguous reference: 'CCENTRO'
RH572.PRG(588) Warning C1003  Ambiguous reference: 'CCENTRO'
RH572.PRG(592) Warning C1003  Ambiguous reference: 'CANOMES'
RH572.PRG(596) Warning C1004  Ambiguous reference, assuming memvar: 'NCAM_17'
RH572.PRG(596) Warning C1004  Ambiguous reference, assuming memvar: 'NCAM_17'
RH572.PRG(597) Warning C1004  Ambiguous reference, assuming memvar: 'NCAM_18'
RH572.PRG(597) Warning C1004  Ambiguous reference, assuming memvar: 'NCAM_18'
RH572.PRG(599) Warning C1004  Ambiguous reference, assuming memvar: 'NBASE'
RH572.PRG(600) Warning C1004  Ambiguous reference, assuming memvar: 'NPERC'
RH572.PRG(601) Warning C1003  Ambiguous reference: 'NBASE'
RH572.PRG(601) Warning C1003  Ambiguous reference: 'NPERC'
RH572.PRG(601) Warning C1004  Ambiguous reference, assuming memvar: 'NTOTEMP'
RH572.PRG(602) Warning C1004  Ambiguous reference, assuming memvar: 'NCAM_17'
RH572.PRG(602) Warning C1003  Ambiguous reference: 'NTOTEMP'
RH572.PRG(602) Warning C1004  Ambiguous reference, assuming memvar: 'NCAM_17'
RH572.PRG(603) Warning C1004  Ambiguous reference, assuming memvar: 'NCAM_18'
RH572.PRG(603) Warning C1004  Ambiguous reference, assuming memvar: 'NCAM_18'
RH572.PRG(642) Warning C1003  Ambiguous reference: 'ANOMES'
RH572.PRG(642) Warning C1003  Ambiguous reference: 'XANOMES'
RH572.PRG(646) Warning C1004  Ambiguous reference, assuming memvar: 'NMATER'
RH572.PRG(652) Warning C1003  Ambiguous reference: 'XANOMES'
RH572.PRG(660) Warning C1004  Ambiguous reference, assuming memvar: 'NCAM_19'
RH572.PRG(660) Warning C1004  Ambiguous reference, assuming memvar: 'NCAM_19'
RH572.PRG(666) Warning C1004  Ambiguous reference, assuming memvar: 'NMATER'
RH572.PRG(666) Warning C1004  Ambiguous reference, assuming memvar: 'NMATER'
RH572.PRG(673) Warning C1004  Ambiguous reference, assuming memvar: 'NVAL'
RH572.PRG(674) Warning C1003  Ambiguous reference: 'NAUTO'
RH572.PRG(675) Warning C1003  Ambiguous reference: 'NAUTO'
RH572.PRG(675) Warning C1004  Ambiguous reference, assuming memvar: 'NVAL'
RH572.PRG(678) Warning C1003  Ambiguous reference: 'NCAM_17'
RH572.PRG(678) Warning C1003  Ambiguous reference: 'NMENOS'
RH572.PRG(678) Warning C1003  Ambiguous reference: 'NCAM_19'
RH572.PRG(678) Warning C1003  Ambiguous reference: 'NMATER'
RH572.PRG(678) Warning C1003  Ambiguous reference: 'NVAL'
RH572.PRG(678) Warning C1004  Ambiguous reference, assuming memvar: 'NCAM_17'
RH572.PRG(680) Warning C1003  Ambiguous reference: 'NCAM_17'
RH572.PRG(681) Warning C1003  Ambiguous reference: 'NCAM_18'
RH572.PRG(682) Warning C1003  Ambiguous reference: 'NCAM_19'
RH572.PRG(683) Warning C1003  Ambiguous reference: 'NCAM_20'
RH572.PRG(684) Warning C1003  Ambiguous reference: 'NCAM_21'
RH572.PRG(685) Warning C1003  Ambiguous reference: 'NCAM_22'
RH572.PRG(686) Warning C1003  Ambiguous reference: 'NCAM_17'
RH572.PRG(686) Warning C1003  Ambiguous reference: 'NCAM_18'
RH572.PRG(686) Warning C1003  Ambiguous reference: 'NCAM_19'
RH572.PRG(686) Warning C1003  Ambiguous reference: 'NCAM_20'
RH572.PRG(686) Warning C1003  Ambiguous reference: 'NCAM_21'
RH572.PRG(686) Warning C1003  Ambiguous reference: 'NCAM_22'
RH572.PRG(690) Warning C1004  Ambiguous reference, assuming memvar: 'NCAM_17'
RH572.PRG(691) Warning C1004  Ambiguous reference, assuming memvar: 'NCAM_18'
RH572.PRG(692) Warning C1004  Ambiguous reference, assuming memvar: 'NCAM_19'
RH572.PRG(693) Warning C1004  Ambiguous reference, assuming memvar: 'NCAM_20'
RH572.PRG(694) Warning C1004  Ambiguous reference, assuming memvar: 'NCAM_21'
RH572.PRG(695) Warning C1004  Ambiguous reference, assuming memvar: 'NCAM_22'
RH572.PRG(701) Warning C1001  RETURN statement with no value in function
RH572.PRG(710) Warning C1004  Ambiguous reference, assuming memvar: 'CCAM_01'
RH572.PRG(711) Warning C1004  Ambiguous reference, assuming memvar: 'CCAM_02'
RH572.PRG(712) Warning C1004  Ambiguous reference, assuming memvar: 'CCAM_03'
RH572.PRG(713) Warning C1004  Ambiguous reference, assuming memvar: 'CCAM_04'
RH572.PRG(714) Warning C1004  Ambiguous reference, assuming memvar: 'CCAM_05'
RH572.PRG(715) Warning C1004  Ambiguous reference, assuming memvar: 'CCAM_06'
RH572.PRG(716) Warning C1004  Ambiguous reference, assuming memvar: 'CCAM_07'
RH572.PRG(717) Warning C1004  Ambiguous reference, assuming memvar: 'CCAM_08'
RH572.PRG(718) Warning C1004  Ambiguous reference, assuming memvar: 'CCAM_09'
RH572.PRG(719) Warning C1004  Ambiguous reference, assuming memvar: 'CCAM_10'
RH572.PRG(720) Warning C1004  Ambiguous reference, assuming memvar: 'CCAM_11'
RH572.PRG(721) Warning C1004  Ambiguous reference, assuming memvar: 'CCAM_12'
RH572.PRG(727) Warning C1003  Ambiguous reference: 'CANOMES'
RH572.PRG(728) Warning C1001  RETURN statement with no value in function
RH572.PRG(732) Warning C1004  Ambiguous reference, assuming memvar: 'CCAM_01'
RH572.PRG(733) Warning C1004  Ambiguous reference, assuming memvar: 'CCAM_02'
RH572.PRG(734) Warning C1004  Ambiguous reference, assuming memvar: 'CCAM_03'
RH572.PRG(738) Warning C1004  Ambiguous reference, assuming memvar: 'NSALARIO'
RH572.PRG(739) Warning C1004  Ambiguous reference, assuming memvar: 'NPROLABO'
RH572.PRG(740) Warning C1004  Ambiguous reference, assuming memvar: 'VTEST'
RH572.PRG(743) Warning C1004  Ambiguous reference, assuming memvar: 'NSALARIO'
RH572.PRG(743) Warning C1004  Ambiguous reference, assuming memvar: 'NSALARIO'
RH572.PRG(746) Warning C1004  Ambiguous reference, assuming memvar: 'NDECIMO'
RH572.PRG(749) Warning C1004  Ambiguous reference, assuming memvar: 'NDECIMO'
RH572.PRG(749) Warning C1004  Ambiguous reference, assuming memvar: 'NDECIMO'
RH572.PRG(755) Warning C1004  Ambiguous reference, assuming memvar: 'NDECIMO'
RH572.PRG(756) Warning C1004  Ambiguous reference, assuming memvar: 'NSALARIO'
RH572.PRG(761) Warning C1004  Ambiguous reference, assuming memvar: 'CCAM_04'
RH572.PRG(765) Warning C1004  Ambiguous reference, assuming memvar: 'CCAM_04'
RH572.PRG(771) Warning C1003  Ambiguous reference: 'CANOMES'
RH572.PRG(772) Warning C1004  Ambiguous reference, assuming memvar: 'NPROLABO'
RH572.PRG(773) Warning C1004  Ambiguous reference, assuming memvar: 'CCAM_04'
RH572.PRG(774) Warning C1003  Ambiguous reference: 'NPROLABO'
RH572.PRG(774) Warning C1004  Ambiguous reference, assuming memvar: 'CCAM_05'
RH572.PRG(775) Warning C1004  Ambiguous reference, assuming memvar: 'CCAM_12'
RH572.PRG(776) Warning C1004  Ambiguous reference, assuming memvar: 'VTEST'
RH572.PRG(778) Warning C1003  Ambiguous reference: 'VTEST'
RH572.PRG(779) Warning C1004  Ambiguous reference, assuming memvar: 'CCAM_04'
RH572.PRG(782) Warning C1004  Ambiguous reference, assuming memvar: 'CCAM_04'
RH572.PRG(784) Warning C1004  Ambiguous reference, assuming memvar: 'CCAM_04'
RH572.PRG(789) Warning C1004  Ambiguous reference, assuming memvar: 'CCAM_04'
RH572.PRG(791) Warning C1003  Ambiguous reference: 'CANOMES'
RH572.PRG(792) Warning C1004  Ambiguous reference, assuming memvar: 'NPROLABO'
RH572.PRG(793) Warning C1004  Ambiguous reference, assuming memvar: 'CCAM_12'
RH572.PRG(794) Warning C1004  Ambiguous reference, assuming memvar: 'VTEST'
RH572.PRG(794) Warning C1003  Ambiguous reference: 'CANOMES'
RH572.PRG(796) Warning C1004  Ambiguous reference, assuming memvar: 'NPROLABO'
RH572.PRG(797) Warning C1004  Ambiguous reference, assuming memvar: 'CCAM_12'
RH572.PRG(798) Warning C1004  Ambiguous reference, assuming memvar: 'VTEST'
RH572.PRG(800) Warning C1003  Ambiguous reference: 'NPROLABO'
RH572.PRG(800) Warning C1004  Ambiguous reference, assuming memvar: 'CCAM_05'
RH572.PRG(803) Warning C1004  Ambiguous reference, assuming memvar: 'CCAM_04'
RH572.PRG(810) Warning C1003  Ambiguous reference: 'CANOMES'
RH572.PRG(811) Warning C1004  Ambiguous reference, assuming memvar: 'NPROLABO'
RH572.PRG(812) Warning C1004  Ambiguous reference, assuming memvar: 'CCAM_04'
RH572.PRG(813) Warning C1003  Ambiguous reference: 'NPROLABO'
RH572.PRG(813) Warning C1004  Ambiguous reference, assuming memvar: 'CCAM_05'
RH572.PRG(814) Warning C1004  Ambiguous reference, assuming memvar: 'CCAM_12'
RH572.PRG(815) Warning C1004  Ambiguous reference, assuming memvar: 'VTEST'
RH572.PRG(817) Warning C1003  Ambiguous reference: 'VTEST'
RH572.PRG(818) Warning C1004  Ambiguous reference, assuming memvar: 'CCAM_04'
RH572.PRG(821) Warning C1004  Ambiguous reference, assuming memvar: 'CCAM_04'
RH572.PRG(823) Warning C1004  Ambiguous reference, assuming memvar: 'CCAM_04'
RH572.PRG(826) Warning C1004  Ambiguous reference, assuming memvar: 'CCAM_04'
RH572.PRG(827) Warning C1003  Ambiguous reference: 'CANOMES'
RH572.PRG(828) Warning C1004  Ambiguous reference, assuming memvar: 'NPROLABO'
RH572.PRG(829) Warning C1004  Ambiguous reference, assuming memvar: 'VTEST'
RH572.PRG(830) Warning C1004  Ambiguous reference, assuming memvar: 'CCAM_12'
RH572.PRG(830) Warning C1003  Ambiguous reference: 'CANOMES'
RH572.PRG(832) Warning C1004  Ambiguous reference, assuming memvar: 'NPROLABO'
RH572.PRG(833) Warning C1004  Ambiguous reference, assuming memvar: 'CCAM_12'
RH572.PRG(834) Warning C1004  Ambiguous reference, assuming memvar: 'VTEST'
RH572.PRG(836) Warning C1003  Ambiguous reference: 'NPROLABO'
RH572.PRG(836) Warning C1004  Ambiguous reference, assuming memvar: 'CCAM_05'
RH572.PRG(839) Warning C1004  Ambiguous reference, assuming memvar: 'CCAM_04'
RH572.PRG(843) Warning C1003  Ambiguous reference: 'VTEST'
RH572.PRG(844) Warning C1003  Ambiguous reference: 'NSALARIO'
RH572.PRG(844) Warning C1004  Ambiguous reference, assuming memvar: 'CCAM_05'
RH572.PRG(847) Warning C1004  Ambiguous reference, assuming memvar: 'NSOMA1'
RH572.PRG(847) Warning C1003  Ambiguous reference: 'NPROLABO'
RH572.PRG(847) Warning C1004  Ambiguous reference, assuming memvar: 'NSOMA1'
RH572.PRG(848) Warning C1004  Ambiguous reference, assuming memvar: 'NMENOS'
RH572.PRG(848) Warning C1003  Ambiguous reference: 'NPROLABO'
RH572.PRG(848) Warning C1004  Ambiguous reference, assuming memvar: 'NMENOS'
RH572.PRG(850) Warning C1003  Ambiguous reference: 'NDECIMO'
RH572.PRG(850) Warning C1004  Ambiguous reference, assuming memvar: 'CCAM_06'
RH572.PRG(852) Warning C1004  Ambiguous reference, assuming memvar: 'NSOMA2'
RH572.PRG(852) Warning C1003  Ambiguous reference: 'NDECIMO'
RH572.PRG(852) Warning C1004  Ambiguous reference, assuming memvar: 'NSOMA2'
RH572.PRG(855) Warning C1004  Ambiguous reference, assuming memvar: 'CCAM_07'
RH572.PRG(857) Warning C1004  Ambiguous reference, assuming memvar: 'CCAM_07'
RH572.PRG(860) Warning C1004  Ambiguous reference, assuming memvar: 'CCAM_07'
RH572.PRG(863) Warning C1004  Ambiguous reference, assuming memvar: 'CCAM_08'
RH572.PRG(868) Warning C1004  Ambiguous reference, assuming memvar: 'CCAM_09'
RH572.PRG(869) Warning C1004  Ambiguous reference, assuming memvar: 'CCAM_10'
RH572.PRG(871) Warning C1004  Ambiguous reference, assuming memvar: 'CCAM_09'
RH572.PRG(872) Warning C1004  Ambiguous reference, assuming memvar: 'CCAM_10'
RH572.PRG(875) Warning C1004  Ambiguous reference, assuming memvar: 'CCAM_11'
RH572.PRG(877) Warning C1003  Ambiguous reference: 'ALINHA'
RH572.PRG(877) Warning C1003  Ambiguous reference: 'CCAM_01'
RH572.PRG(877) Warning C1003  Ambiguous reference: 'CCAM_02'
RH572.PRG(877) Warning C1003  Ambiguous reference: 'CCAM_03'
RH572.PRG(877) Warning C1003  Ambiguous reference: 'CCAM_04'
RH572.PRG(877) Warning C1003  Ambiguous reference: 'CCAM_05'
RH572.PRG(877) Warning C1003  Ambiguous reference: 'CCAM_06'
RH572.PRG(877) Warning C1003  Ambiguous reference: 'CCAM_07'
RH572.PRG(877) Warning C1003  Ambiguous reference: 'CCAM_08'
RH572.PRG(877) Warning C1003  Ambiguous reference: 'CCAM_09'
RH572.PRG(877) Warning C1003  Ambiguous reference: 'CCAM_10'
RH572.PRG(877) Warning C1003  Ambiguous reference: 'CCAM_11'
RH572.PRG(877) Warning C1003  Ambiguous reference: 'CCAM_12'
RH572.PRG(879) Warning C1001  RETURN statement with no value in function
442 warnings                
Code size 9161, Symbols 2928, Constants 2167
