312K available
Compiling RH571.PRG
RH571.PRG(17)  Warning C1003  Ambiguous reference: 'XNIVEL'
RH571.PRG(17)  Warning C1003  Ambiguous reference: 'XFLAG'
RH571.PRG(19)  Warning C1003  Ambiguous reference: 'XDATASYS'
RH571.PRG(19)  Warning C1004  Ambiguous reference, assuming memvar: 'CANOMES'
RH571.PRG(20)  Warning C1004  Ambiguous reference, assuming memvar: 'CPIC'
RH571.PRG(21)  Warning C1004  Ambiguous reference, assuming memvar: 'NCOD_REC'
RH571.PRG(22)  Warning C1004  Ambiguous reference, assuming memvar: 'NCONT_PG'
RH571.PRG(23)  Warning C1004  Ambiguous reference, assuming memvar: 'NPAG_TOT'
RH571.PRG(24)  Warning C1004  Ambiguous reference, assuming memvar: 'NFUNC'
RH571.PRG(25)  Warning C1004  Ambiguous reference, assuming memvar: 'CFILIAL'
RH571.PRG(26)  Warning C1004  Ambiguous reference, assuming memvar: 'CCENTRO'
RH571.PRG(27)  Warning C1004  Ambiguous reference, assuming memvar: 'CTIT'
RH571.PRG(28)  Warning C1004  Ambiguous reference, assuming memvar: 'LACHOU'
RH571.PRG(30)  Warning C1004  Ambiguous reference, assuming memvar: 'SBLOC1'
RH571.PRG(31)  Warning C1004  Ambiguous reference, assuming memvar: 'SBLOC2'
RH571.PRG(32)  Warning C1004  Ambiguous reference, assuming memvar: 'SBLOC3'
RH571.PRG(36)  Warning C1004  Ambiguous reference, assuming memvar: 'AEDICAO'
RH571.PRG(39)  Warning C1003  Ambiguous reference: 'ANOMES'
RH571.PRG(39)  Warning C1003  Ambiguous reference: 'XANOMES'
RH571.PRG(40)  Warning C1003  Ambiguous reference: 'ANOMES'
RH571.PRG(40)  Warning C1003  Ambiguous reference: 'XANOMES'
RH571.PRG(44)  Warning C1003  Ambiguous reference: 'AEDICAO'
RH571.PRG(44)  Warning C1003  Ambiguous reference: 'CTIPOREL'
RH571.PRG(44)  Warning C1003  Ambiguous reference: 'SBLOC2'
RH571.PRG(45)  Warning C1003  Ambiguous reference: 'AEDICAO'
RH571.PRG(45)  Warning C1003  Ambiguous reference: 'CTIPOAMB'
RH571.PRG(45)  Warning C1003  Ambiguous reference: 'SBLOC3'
RH571.PRG(46)  Warning C1003  Ambiguous reference: 'AEDICAO'
RH571.PRG(46)  Warning C1003  Ambiguous reference: 'NCOD_REC'
RH571.PRG(46)  Warning C1003  Ambiguous reference: 'CPIC'
RH571.PRG(47)  Warning C1003  Ambiguous reference: 'AEDICAO'
RH571.PRG(47)  Warning C1003  Ambiguous reference: 'CFILIAL'
RH571.PRG(48)  Warning C1003  Ambiguous reference: 'AEDICAO'
RH571.PRG(49)  Warning C1003  Ambiguous reference: 'AEDICAO'
RH571.PRG(49)  Warning C1003  Ambiguous reference: 'CCENTRO'
RH571.PRG(50)  Warning C1003  Ambiguous reference: 'AEDICAO'
RH571.PRG(56)  Warning C1004  Ambiguous reference, assuming memvar: 'XNIVEL'
RH571.PRG(57)  Warning C1004  Ambiguous reference, assuming memvar: 'CTIPOREL'
RH571.PRG(58)  Warning C1004  Ambiguous reference, assuming memvar: 'CTIPOAMB'
RH571.PRG(59)  Warning C1004  Ambiguous reference, assuming memvar: 'NPAG_TOT'
RH571.PRG(60)  Warning C1004  Ambiguous reference, assuming memvar: 'NCONT_PG'
RH571.PRG(61)  Warning C1004  Ambiguous reference, assuming memvar: 'CFILIAL'
RH571.PRG(62)  Warning C1004  Ambiguous reference, assuming memvar: 'CCENTRO'
RH571.PRG(66)  Warning C1003  Ambiguous reference: 'XNIVEL'
RH571.PRG(66)  Warning C1003  Ambiguous reference: 'XNIVEL'
RH571.PRG(66)  Warning C1003  Ambiguous reference: 'AEDICAO'
RH571.PRG(67)  Warning C1004  Ambiguous reference, assuming memvar: 'AEDICAO'
RH571.PRG(67)  Warning C1003  Ambiguous reference: 'XNIVEL'
RH571.PRG(69)  Warning C1004  Ambiguous reference, assuming memvar: 'AEDICAO'
RH571.PRG(69)  Warning C1003  Ambiguous reference: 'XNIVEL'
RH571.PRG(70)  Warning C1003  Ambiguous reference: 'XFLAG'
RH571.PRG(70)  Warning C1004  Ambiguous reference, assuming memvar: 'XNIVEL'
RH571.PRG(70)  Warning C1004  Ambiguous reference, assuming memvar: 'XNIVEL'
RH571.PRG(70)  Warning C1004  Ambiguous reference, assuming memvar: 'XNIVEL'
RH571.PRG(70)  Warning C1004  Ambiguous reference, assuming memvar: 'XNIVEL'
RH571.PRG(85)  Warning C1003  Ambiguous reference: 'CTIPOREL'
RH571.PRG(86)  Warning C1003  Ambiguous reference: 'XNIVEL'
RH571.PRG(86)  Warning C1003  Ambiguous reference: 'CTIPOREL'
RH571.PRG(88)  Warning C1003  Ambiguous reference: 'CTIPOAMB'
RH571.PRG(89)  Warning C1003  Ambiguous reference: 'XNIVEL'
RH571.PRG(89)  Warning C1003  Ambiguous reference: 'CTIPOAMB'
RH571.PRG(91)  Warning C1003  Ambiguous reference: 'NCOD_REC'
RH571.PRG(93)  Warning C1003  Ambiguous reference: 'CFILIAL'
RH571.PRG(98)  Warning C1003  Ambiguous reference: 'CFILIAL'
RH571.PRG(103) Warning C1003  Ambiguous reference: 'XNIVEL'
RH571.PRG(103) Warning C1003  Ambiguous reference: 'CFILIAL'
RH571.PRG(105) Warning C1003  Ambiguous reference: 'CCENTRO'
RH571.PRG(106) Warning C1003  Ambiguous reference: 'CCENTRO'
RH571.PRG(111) Warning C1003  Ambiguous reference: 'XNIVEL'
RH571.PRG(111) Warning C1003  Ambiguous reference: 'CCENTRO'
RH571.PRG(126) Warning C1003  Ambiguous reference: 'SITUACAO'
RH571.PRG(126) Warning C1003  Ambiguous reference: 'XDATASYS'
RH571.PRG(134) Warning C1003  Ambiguous reference: 'CCENTRO'
RH571.PRG(134) Warning C1003  Ambiguous reference: 'CCENTRO'
RH571.PRG(140) Warning C1003  Ambiguous reference: 'XDATASYS'
RH571.PRG(143) Warning C1003  Ambiguous reference: 'CANOMES'
RH571.PRG(145) Warning C1003  Ambiguous reference: 'CTIPOAMB'
RH571.PRG(147) Warning C1004  Ambiguous reference, assuming memvar: 'LACHOU'
RH571.PRG(148) Warning C1004  Ambiguous reference, assuming memvar: 'NCONT_PG'
RH571.PRG(148) Warning C1004  Ambiguous reference, assuming memvar: 'NCONT_PG'
RH571.PRG(150) Warning C1003  Ambiguous reference: 'CTIPOAMB'
RH571.PRG(152) Warning C1004  Ambiguous reference, assuming memvar: 'LACHOU'
RH571.PRG(153) Warning C1004  Ambiguous reference, assuming memvar: 'NCONT_PG'
RH571.PRG(153) Warning C1004  Ambiguous reference, assuming memvar: 'NCONT_PG'
RH571.PRG(155) Warning C1003  Ambiguous reference: 'CTIPOAMB'
RH571.PRG(157) Warning C1004  Ambiguous reference, assuming memvar: 'LACHOU'
RH571.PRG(158) Warning C1004  Ambiguous reference, assuming memvar: 'NCONT_PG'
RH571.PRG(158) Warning C1004  Ambiguous reference, assuming memvar: 'NCONT_PG'
RH571.PRG(160) Warning C1003  Ambiguous reference: 'CTIPOAMB'
RH571.PRG(162) Warning C1004  Ambiguous reference, assuming memvar: 'LACHOU'
RH571.PRG(163) Warning C1004  Ambiguous reference, assuming memvar: 'NCONT_PG'
RH571.PRG(163) Warning C1004  Ambiguous reference, assuming memvar: 'NCONT_PG'
RH571.PRG(173) Warning C1003  Ambiguous reference: 'NCONT_PG'
RH571.PRG(173) Warning C1004  Ambiguous reference, assuming memvar: 'NPAG_TOT2'
RH571.PRG(174) Warning C1003  Ambiguous reference: 'NCONT_PG'
RH571.PRG(174) Warning C1004  Ambiguous reference, assuming memvar: 'NPAG_TOT1'
RH571.PRG(175) Warning C1003  Ambiguous reference: 'NPAG_TOT2'
RH571.PRG(175) Warning C1003  Ambiguous reference: 'NPAG_TOT1'
RH571.PRG(175) Warning C1004  Ambiguous reference, assuming memvar: 'NDIFEREN'
RH571.PRG(176) Warning C1003  Ambiguous reference: 'NPAG_TOT1'
RH571.PRG(176) Warning C1004  Ambiguous reference, assuming memvar: 'NPAG_TOT'
RH571.PRG(177) Warning C1003  Ambiguous reference: 'NDIFEREN'
RH571.PRG(178) Warning C1004  Ambiguous reference, assuming memvar: 'NPAG_TOT'
RH571.PRG(179) Warning C1003  Ambiguous reference: 'NPAG_TOT1'
RH571.PRG(179) Warning C1004  Ambiguous reference, assuming memvar: 'NPAG_TOT'
RH571.PRG(181) Warning C1004  Ambiguous reference, assuming memvar: 'CTIT'
RH571.PRG(182) Warning C1001  RETURN statement with no value in function
RH571.PRG(188) Warning C1003  Ambiguous reference: 'CFILIAL'
RH571.PRG(188) Warning C1003  Ambiguous reference: 'CFILIAL'
RH571.PRG(208) Warning C1004  Ambiguous reference, assuming memvar: 'NSOMA2'
RH571.PRG(208) Warning C1004  Ambiguous reference, assuming memvar: 'NSOMA1'
RH571.PRG(210) Warning C1001  RETURN statement with no value in function
RH571.PRG(214) Warning C1003  Ambiguous reference: 'CTIPOREL'
RH571.PRG(220) Warning C1003  Ambiguous reference: 'CCENTRO'
RH571.PRG(220) Warning C1003  Ambiguous reference: 'CCENTRO'
RH571.PRG(225) Warning C1001  RETURN statement with no value in function
RH571.PRG(229) Warning C1003  Ambiguous reference: 'CANOMES'
RH571.PRG(231) Warning C1003  Ambiguous reference: 'CTIPOAMB'
RH571.PRG(236) Warning C1003  Ambiguous reference: 'CTIPOAMB'
RH571.PRG(241) Warning C1003  Ambiguous reference: 'CTIPOAMB'
RH571.PRG(246) Warning C1003  Ambiguous reference: 'CTIPOAMB'
RH571.PRG(259) Warning C1003  Ambiguous reference: 'XDATASYS'
RH571.PRG(259) Warning C1003  Ambiguous reference: 'XDATASYS'
RH571.PRG(276) Warning C1001  RETURN statement with no value in function
RH571.PRG(288) Warning C1003  Ambiguous reference: 'NSOMA1'
RH571.PRG(288) Warning C1003  Ambiguous reference: 'NSOMA2'
RH571.PRG(288) Warning C1003  Ambiguous reference: 'XCOND0'
RH571.PRG(298) Warning C1003  Ambiguous reference: 'CCENTRO'
RH571.PRG(298) Warning C1003  Ambiguous reference: 'CCENTRO'
RH571.PRG(303) Warning C1003  Ambiguous reference: 'CANOMES'
RH571.PRG(305) Warning C1003  Ambiguous reference: 'CTIPOAMB'
RH571.PRG(310) Warning C1003  Ambiguous reference: 'CTIPOAMB'
RH571.PRG(315) Warning C1003  Ambiguous reference: 'CTIPOAMB'
RH571.PRG(320) Warning C1003  Ambiguous reference: 'CTIPOAMB'
RH571.PRG(333) Warning C1003  Ambiguous reference: 'XPAGINA'
RH571.PRG(333) Warning C1003  Ambiguous reference: 'NFUNC'
RH571.PRG(334) Warning C1003  Ambiguous reference: 'XPAGINA'
RH571.PRG(336) Warning C1003  Ambiguous reference: 'NSOMA1'
RH571.PRG(336) Warning C1003  Ambiguous reference: 'NSOMA2'
RH571.PRG(336) Warning C1003  Ambiguous reference: 'NSOMA1'
RH571.PRG(336) Warning C1003  Ambiguous reference: 'NSOMA2'
RH571.PRG(339) Warning C1004  Ambiguous reference, assuming memvar: 'NSOMA2'
RH571.PRG(339) Warning C1004  Ambiguous reference, assuming memvar: 'NSOMA1'
RH571.PRG(339) Warning C1004  Ambiguous reference, assuming memvar: 'NFUNC'
RH571.PRG(341) Warning C1004  Ambiguous reference, assuming memvar: 'XPAGINA'
RH571.PRG(341) Warning C1004  Ambiguous reference, assuming memvar: 'XPAGINA'
RH571.PRG(344) Warning C1003  Ambiguous reference: 'CTIPOREL'
RH571.PRG(346) Warning C1003  Ambiguous reference: 'CTIPOREL'
RH571.PRG(352) Warning C1003  Ambiguous reference: 'XDATASYS'
RH571.PRG(352) Warning C1003  Ambiguous reference: 'XDATASYS'
RH571.PRG(357) Warning C1003  Ambiguous reference: 'CTIPOREL'
RH571.PRG(359) Warning C1003  Ambiguous reference: 'CTIPOREL'
RH571.PRG(373) Warning C1001  RETURN statement with no value in function
RH571.PRG(375) Warning C1003  Ambiguous reference: 'XPAGINA'
RH571.PRG(375) Warning C1003  Ambiguous reference: 'NFUNC'
RH571.PRG(376) Warning C1003  Ambiguous reference: 'XPAGINA'
RH571.PRG(378) Warning C1003  Ambiguous reference: 'NSOMA1'
RH571.PRG(378) Warning C1003  Ambiguous reference: 'NSOMA2'
RH571.PRG(378) Warning C1003  Ambiguous reference: 'NSOMA1'
RH571.PRG(378) Warning C1003  Ambiguous reference: 'NSOMA2'
RH571.PRG(381) Warning C1004  Ambiguous reference, assuming memvar: 'NSOMA2'
RH571.PRG(381) Warning C1004  Ambiguous reference, assuming memvar: 'NSOMA1'
RH571.PRG(381) Warning C1004  Ambiguous reference, assuming memvar: 'NFUNC'
RH571.PRG(385) Warning C1003  Ambiguous reference: 'CTIPOREL'
RH571.PRG(387) Warning C1003  Ambiguous reference: 'CTIPOREL'
RH571.PRG(399) Warning C1003  Ambiguous reference: 'CTIPOREL'
RH571.PRG(401) Warning C1003  Ambiguous reference: 'CTIPOREL'
RH571.PRG(409) Warning C1003  Ambiguous reference: 'LACHOU'
RH571.PRG(411) Warning C1003  Ambiguous reference: 'NSOMA1'
RH571.PRG(411) Warning C1003  Ambiguous reference: 'NSOMA2'
RH571.PRG(411) Warning C1003  Ambiguous reference: 'NSOMA1'
RH571.PRG(411) Warning C1003  Ambiguous reference: 'NSOMA2'
RH571.PRG(415) Warning C1004  Ambiguous reference, assuming memvar: 'NSOMA2'
RH571.PRG(415) Warning C1004  Ambiguous reference, assuming memvar: 'NSOMA1'
RH571.PRG(420) Warning C1001  RETURN statement with no value in function
RH571.PRG(427) Warning C1003  Ambiguous reference: 'XPAGINA'
RH571.PRG(429) Warning C1003  Ambiguous reference: 'XCOND0'
RH571.PRG(430) Warning C1003  Ambiguous reference: 'CTIT'
RH571.PRG(436) Warning C1003  Ambiguous reference: 'XCOND1'
RH571.PRG(438) Warning C1003  Ambiguous reference: 'XPAGINA'
RH571.PRG(451) Warning C1001  RETURN statement with no value in function
RH571.PRG(465) Warning C1003  Ambiguous reference: 'CANOMES'
RH571.PRG(468) Warning C1003  Ambiguous reference: 'CTIPOAMB'
RH571.PRG(471) Warning C1003  Ambiguous reference: 'CTIPOAMB'
RH571.PRG(474) Warning C1003  Ambiguous reference: 'CTIPOAMB'
RH571.PRG(477) Warning C1003  Ambiguous reference: 'CTIPOAMB'
RH571.PRG(491) Warning C1003  Ambiguous reference: 'CTIPOAMB'
RH571.PRG(492) Warning C1004  Ambiguous reference, assuming memvar: 'NSOMA1'
RH571.PRG(492) Warning C1004  Ambiguous reference, assuming memvar: 'NSOMA1'
RH571.PRG(493) Warning C1004  Ambiguous reference, assuming memvar: 'NSOMA2'
RH571.PRG(493) Warning C1004  Ambiguous reference, assuming memvar: 'NSOMA2'
RH571.PRG(494) Warning C1003  Ambiguous reference: 'CTIPOAMB'
RH571.PRG(495) Warning C1004  Ambiguous reference, assuming memvar: 'NSOMA1'
RH571.PRG(495) Warning C1004  Ambiguous reference, assuming memvar: 'NSOMA1'
RH571.PRG(496) Warning C1003  Ambiguous reference: 'CTIPOAMB'
RH571.PRG(497) Warning C1004  Ambiguous reference, assuming memvar: 'NSOMA1'
RH571.PRG(497) Warning C1004  Ambiguous reference, assuming memvar: 'NSOMA1'
RH571.PRG(498) Warning C1003  Ambiguous reference: 'CTIPOAMB'
RH571.PRG(499) Warning C1004  Ambiguous reference, assuming memvar: 'NSOMA2'
RH571.PRG(499) Warning C1004  Ambiguous reference, assuming memvar: 'NSOMA2'
RH571.PRG(501) Warning C1001  RETURN statement with no value in function
RH571.PRG(508) Warning C1003  Ambiguous reference: 'CANOMES'
RH571.PRG(508) Warning C1003  Ambiguous reference: 'CANOMES'
RH571.PRG(514) Warning C1003  Ambiguous reference: 'XCOND0'
RH571.PRG(515) Warning C1003  Ambiguous reference: 'XCOND1'
RH571.PRG(515) Warning C1003  Ambiguous reference: 'XAEXPAN'
RH571.PRG(515) Warning C1003  Ambiguous reference: 'XDEXPAN'
RH571.PRG(523) Warning C1003  Ambiguous reference: 'NCOD_REC'
RH571.PRG(523) Warning C1003  Ambiguous reference: 'CPIC'
RH571.PRG(526) Warning C1003  Ambiguous reference: 'XPAGINA'
RH571.PRG(526) Warning C1003  Ambiguous reference: 'NPAG_TOT'
RH571.PRG(530) Warning C1001  RETURN statement with no value in function
RH571.PRG(558) Warning C1003  Ambiguous reference: 'CANOMES'
RH571.PRG(561) Warning C1003  Ambiguous reference: 'CTIPOAMB'
RH571.PRG(564) Warning C1003  Ambiguous reference: 'CTIPOAMB'
RH571.PRG(567) Warning C1003  Ambiguous reference: 'CTIPOAMB'
RH571.PRG(570) Warning C1003  Ambiguous reference: 'CTIPOAMB'
RH571.PRG(584) Warning C1003  Ambiguous reference: 'CTIPOAMB'
RH571.PRG(585) Warning C1004  Ambiguous reference, assuming memvar: 'NSOMA1'
RH571.PRG(585) Warning C1004  Ambiguous reference, assuming memvar: 'NSOMA1'
RH571.PRG(586) Warning C1004  Ambiguous reference, assuming memvar: 'NSOMA2'
RH571.PRG(586) Warning C1004  Ambiguous reference, assuming memvar: 'NSOMA2'
RH571.PRG(587) Warning C1003  Ambiguous reference: 'CTIPOAMB'
RH571.PRG(588) Warning C1004  Ambiguous reference, assuming memvar: 'NSOMA1'
RH571.PRG(588) Warning C1004  Ambiguous reference, assuming memvar: 'NSOMA1'
RH571.PRG(589) Warning C1003  Ambiguous reference: 'CTIPOAMB'
RH571.PRG(590) Warning C1004  Ambiguous reference, assuming memvar: 'NSOMA1'
RH571.PRG(590) Warning C1004  Ambiguous reference, assuming memvar: 'NSOMA1'
RH571.PRG(591) Warning C1003  Ambiguous reference: 'CTIPOAMB'
RH571.PRG(592) Warning C1004  Ambiguous reference, assuming memvar: 'NSOMA2'
RH571.PRG(592) Warning C1004  Ambiguous reference, assuming memvar: 'NSOMA2'
RH571.PRG(598) Warning C1004  Ambiguous reference, assuming memvar: 'NFUNC'
RH571.PRG(598) Warning C1004  Ambiguous reference, assuming memvar: 'NFUNC'
RH571.PRG(600) Warning C1001  RETURN statement with no value in function
RH571.PRG(607) Warning C1003  Ambiguous reference: 'CANOMES'
RH571.PRG(607) Warning C1003  Ambiguous reference: 'CANOMES'
RH571.PRG(613) Warning C1003  Ambiguous reference: 'XCOND0'
RH571.PRG(614) Warning C1003  Ambiguous reference: 'XCOND1'
RH571.PRG(614) Warning C1003  Ambiguous reference: 'XAEXPAN'
RH571.PRG(614) Warning C1003  Ambiguous reference: 'XDEXPAN'
RH571.PRG(623) Warning C1003  Ambiguous reference: 'NCOD_REC'
RH571.PRG(623) Warning C1003  Ambiguous reference: 'CPIC'
RH571.PRG(626) Warning C1003  Ambiguous reference: 'XPAGINA'
RH571.PRG(626) Warning C1003  Ambiguous reference: 'NPAG_TOT'
RH571.PRG(631) Warning C1001  RETURN statement with no value in function
RH571.PRG(659) Warning C1003  Ambiguous reference: 'CANOMES'
RH571.PRG(662) Warning C1003  Ambiguous reference: 'CTIPOAMB'
RH571.PRG(665) Warning C1003  Ambiguous reference: 'CTIPOAMB'
RH571.PRG(668) Warning C1003  Ambiguous reference: 'CTIPOAMB'
RH571.PRG(671) Warning C1003  Ambiguous reference: 'CTIPOAMB'
RH571.PRG(685) Warning C1003  Ambiguous reference: 'CTIPOAMB'
RH571.PRG(686) Warning C1004  Ambiguous reference, assuming memvar: 'NSOMA1'
RH571.PRG(686) Warning C1004  Ambiguous reference, assuming memvar: 'NSOMA1'
RH571.PRG(687) Warning C1004  Ambiguous reference, assuming memvar: 'NSOMA2'
RH571.PRG(687) Warning C1004  Ambiguous reference, assuming memvar: 'NSOMA2'
RH571.PRG(688) Warning C1003  Ambiguous reference: 'CTIPOAMB'
RH571.PRG(689) Warning C1004  Ambiguous reference, assuming memvar: 'NSOMA1'
RH571.PRG(689) Warning C1004  Ambiguous reference, assuming memvar: 'NSOMA1'
RH571.PRG(690) Warning C1003  Ambiguous reference: 'CTIPOAMB'
RH571.PRG(691) Warning C1004  Ambiguous reference, assuming memvar: 'NSOMA1'
RH571.PRG(691) Warning C1004  Ambiguous reference, assuming memvar: 'NSOMA1'
RH571.PRG(692) Warning C1003  Ambiguous reference: 'CTIPOAMB'
RH571.PRG(693) Warning C1004  Ambiguous reference, assuming memvar: 'NSOMA2'
RH571.PRG(693) Warning C1004  Ambiguous reference, assuming memvar: 'NSOMA2'
RH571.PRG(698) Warning C1004  Ambiguous reference, assuming memvar: 'NFUNC'
RH571.PRG(698) Warning C1004  Ambiguous reference, assuming memvar: 'NFUNC'
RH571.PRG(700) Warning C1001  RETURN statement with no value in function
267 warnings                
Code size 8028, Symbols 1920, Constants 2084
