312K available
Compiling RH570.PRG
RH570.PRG(14)  Warning C1003  Ambiguous reference: 'XNIVEL'
RH570.PRG(14)  Warning C1003  Ambiguous reference: 'XFLAG'
RH570.PRG(14)  Warning C1003  Ambiguous reference: 'CTIPOREL'
RH570.PRG(16)  Warning C1004  Ambiguous reference, assuming memvar: 'SBLOCO1'
RH570.PRG(17)  Warning C1004  Ambiguous reference, assuming memvar: 'SBLOCO2'
RH570.PRG(18)  Warning C1004  Ambiguous reference, assuming memvar: 'SBLOCO3'
RH570.PRG(21)  Warning C1004  Ambiguous reference, assuming memvar: 'CORDEM'
RH570.PRG(22)  Warning C1004  Ambiguous reference, assuming memvar: 'CMATRICULA'
RH570.PRG(23)  Warning C1004  Ambiguous reference, assuming memvar: 'AEDICAO'
RH570.PRG(24)  Warning C1004  Ambiguous reference, assuming memvar: 'ABENEF'
RH570.PRG(25)  Warning C1004  Ambiguous reference, assuming memvar: 'NTOT_VAL'
RH570.PRG(26)  Warning C1004  Ambiguous reference, assuming memvar: 'NQTD_VAL'
RH570.PRG(27)  Warning C1004  Ambiguous reference, assuming memvar: 'CANOMES'
RH570.PRG(28)  Warning C1004  Ambiguous reference, assuming memvar: 'NFLAG'
RH570.PRG(32)  Warning C1003  Ambiguous reference: 'AEDICAO'
RH570.PRG(32)  Warning C1003  Ambiguous reference: 'CTIPOREL'
RH570.PRG(32)  Warning C1003  Ambiguous reference: 'SBLOCO2'
RH570.PRG(33)  Warning C1003  Ambiguous reference: 'AEDICAO'
RH570.PRG(33)  Warning C1003  Ambiguous reference: 'CORDEM'
RH570.PRG(33)  Warning C1003  Ambiguous reference: 'SBLOCO3'
RH570.PRG(34)  Warning C1003  Ambiguous reference: 'AEDICAO'
RH570.PRG(34)  Warning C1003  Ambiguous reference: 'CMATRICULA'
RH570.PRG(35)  Warning C1003  Ambiguous reference: 'AEDICAO'
RH570.PRG(40)  Warning C1004  Ambiguous reference, assuming memvar: 'XNIVEL'
RH570.PRG(41)  Warning C1004  Ambiguous reference, assuming memvar: 'XFLAG'
RH570.PRG(42)  Warning C1004  Ambiguous reference, assuming memvar: 'NFLAG'
RH570.PRG(43)  Warning C1004  Ambiguous reference, assuming memvar: 'CTIPOREL'
RH570.PRG(44)  Warning C1004  Ambiguous reference, assuming memvar: 'CMATRICULA'
RH570.PRG(48)  Warning C1003  Ambiguous reference: 'XNIVEL'
RH570.PRG(48)  Warning C1003  Ambiguous reference: 'XNIVEL'
RH570.PRG(48)  Warning C1003  Ambiguous reference: 'AEDICAO'
RH570.PRG(49)  Warning C1004  Ambiguous reference, assuming memvar: 'AEDICAO'
RH570.PRG(49)  Warning C1003  Ambiguous reference: 'XNIVEL'
RH570.PRG(51)  Warning C1004  Ambiguous reference, assuming memvar: 'AEDICAO'
RH570.PRG(51)  Warning C1003  Ambiguous reference: 'XNIVEL'
RH570.PRG(52)  Warning C1003  Ambiguous reference: 'XFLAG'
RH570.PRG(52)  Warning C1004  Ambiguous reference, assuming memvar: 'XNIVEL'
RH570.PRG(52)  Warning C1004  Ambiguous reference, assuming memvar: 'XNIVEL'
RH570.PRG(52)  Warning C1004  Ambiguous reference, assuming memvar: 'XNIVEL'
RH570.PRG(52)  Warning C1004  Ambiguous reference, assuming memvar: 'XNIVEL'
RH570.PRG(65)  Warning C1003  Ambiguous reference: 'CTIPOREL'
RH570.PRG(66)  Warning C1003  Ambiguous reference: 'XNIVEL'
RH570.PRG(66)  Warning C1003  Ambiguous reference: 'CTIPOREL'
RH570.PRG(68)  Warning C1003  Ambiguous reference: 'CORDEM'
RH570.PRG(69)  Warning C1003  Ambiguous reference: 'XNIVEL'
RH570.PRG(69)  Warning C1003  Ambiguous reference: 'CORDEM'
RH570.PRG(71)  Warning C1003  Ambiguous reference: 'CMATRICULA'
RH570.PRG(72)  Warning C1003  Ambiguous reference: 'XNIVEL'
RH570.PRG(74)  Warning C1003  Ambiguous reference: 'CMATRICULA'
RH570.PRG(74)  Warning C1004  Ambiguous reference, assuming memvar: 'CMATRICULA'
RH570.PRG(82)  Warning C1003  Ambiguous reference: 'XNIVEL'
RH570.PRG(99)  Warning C1003  Ambiguous reference: 'CTIPOREL'
RH570.PRG(99)  Warning C1004  Ambiguous reference, assuming memvar: 'CTIPOREL'
RH570.PRG(101) Warning C1003  Ambiguous reference: 'ANOMES'
RH570.PRG(101) Warning C1003  Ambiguous reference: 'XANOMES'
RH570.PRG(104) Warning C1003  Ambiguous reference: 'CORDEM'
RH570.PRG(105) Warning C1003  Ambiguous reference: 'CORDEM'
RH570.PRG(121) Warning C1004  Ambiguous reference, assuming memvar: 'NTOT_VAL'
RH570.PRG(122) Warning C1004  Ambiguous reference, assuming memvar: 'NQTD_VAL'
RH570.PRG(123) Warning C1004  Ambiguous reference, assuming memvar: 'ABENEF'
RH570.PRG(127) Warning C1001  RETURN statement with no value in function
RH570.PRG(129) Warning C1003  Ambiguous reference: 'CMATRICULA'
RH570.PRG(131) Warning C1003  Ambiguous reference: 'CMATRICULA'
RH570.PRG(132) Warning C1003  Ambiguous reference: 'CORDEM'
RH570.PRG(136) Warning C1004  Ambiguous reference, assuming memvar: 'NFLAG'
RH570.PRG(150) Warning C1001  RETURN statement with no value in function
RH570.PRG(152) Warning C1003  Ambiguous reference: 'CANOMES'
RH570.PRG(152) Warning C1003  Ambiguous reference: 'CTIPOREL'
RH570.PRG(155) Warning C1004  Ambiguous reference, assuming memvar: 'NTOT_VAL'
RH570.PRG(156) Warning C1004  Ambiguous reference, assuming memvar: 'NQTD_VAL'
RH570.PRG(158) Warning C1004  Ambiguous reference, assuming memvar: 'NMATRICULA'
RH570.PRG(159) Warning C1004  Ambiguous reference, assuming memvar: 'NNOME'
RH570.PRG(163) Warning C1004  Ambiguous reference, assuming memvar: 'NSALARIO'
RH570.PRG(165) Warning C1003  Ambiguous reference: 'NTOT_VAL'
RH570.PRG(165) Warning C1003  Ambiguous reference: 'NQTD_VAL'
RH570.PRG(167) Warning C1003  Ambiguous reference: 'XAEXPAN'
RH570.PRG(167) Warning C1003  Ambiguous reference: 'XDEXPAN'
RH570.PRG(168) Warning C1003  Ambiguous reference: 'XAEXPAN'
RH570.PRG(168) Warning C1003  Ambiguous reference: 'XDEXPAN'
RH570.PRG(170) Warning C1003  Ambiguous reference: 'XRAZAO'
RH570.PRG(171) Warning C1003  Ambiguous reference: 'NQTD_VAL'
RH570.PRG(171) Warning C1003  Ambiguous reference: 'NTOT_VAL'
RH570.PRG(172) Warning C1003  Ambiguous reference: 'NTOT_VAL'
RH570.PRG(172) Warning C1004  Ambiguous reference, assuming memvar: 'NLIN'
RH570.PRG(173) Warning C1003  Ambiguous reference: 'NTOT_VAL'
RH570.PRG(173) Warning C1003  Ambiguous reference: 'NLIN'
RH570.PRG(179) Warning C1003  Ambiguous reference: 'NNOME'
RH570.PRG(185) Warning C1003  Ambiguous reference: 'NSALARIO'
RH570.PRG(187) Warning C1004  Ambiguous reference, assuming memvar: 'NFLAG'
RH570.PRG(187) Warning C1004  Ambiguous reference, assuming memvar: 'NFLAG'
RH570.PRG(188) Warning C1003  Ambiguous reference: 'NFLAG'
RH570.PRG(190) Warning C1004  Ambiguous reference, assuming memvar: 'NFLAG'
RH570.PRG(193) Warning C1003  Ambiguous reference: 'CMATRICULA'
RH570.PRG(197) Warning C1004  Ambiguous reference, assuming memvar: 'NTOT_VAL'
RH570.PRG(198) Warning C1004  Ambiguous reference, assuming memvar: 'NQTD_VAL'
95 warnings                
Code size 2231, Symbols 1088, Constants 873
