238K available
Compiling RH587.PRG
RH587.PRG(14)  Warning C1003  Ambiguous reference: 'XNIVEL'
RH587.PRG(14)  Warning C1003  Ambiguous reference: 'XFLAG'
RH587.PRG(14)  Warning C1003  Ambiguous reference: 'CPERI'
RH587.PRG(14)  Warning C1003  Ambiguous reference: 'XNIVEL'
RH587.PRG(16)  Warning C1004  Ambiguous reference, assuming memvar: 'SBLOCO1'
RH587.PRG(17)  Warning C1004  Ambiguous reference, assuming memvar: 'SBLOCO2'
RH587.PRG(18)  Warning C1004  Ambiguous reference, assuming memvar: 'SBLOCO3'
RH587.PRG(19)  Warning C1004  Ambiguous reference, assuming memvar: 'SBLOCO4'
RH587.PRG(24)  Warning C1004  Ambiguous reference, assuming memvar: 'CORDEM'
RH587.PRG(28)  Warning C1004  Ambiguous reference, assuming memvar: 'AEDICAO'
RH587.PRG(32)  Warning C1004  Ambiguous reference, assuming memvar: 'AFUN'
RH587.PRG(37)  Warning C1003  Ambiguous reference: 'AEDICAO'
RH587.PRG(37)  Warning C1003  Ambiguous reference: 'CPERI'
RH587.PRG(38)  Warning C1003  Ambiguous reference: 'AEDICAO'
RH587.PRG(38)  Warning C1003  Ambiguous reference: 'CPERF'
RH587.PRG(39)  Warning C1003  Ambiguous reference: 'AEDICAO'
RH587.PRG(39)  Warning C1003  Ambiguous reference: 'CTIPOREL'
RH587.PRG(39)  Warning C1003  Ambiguous reference: 'SBLOCO2'
RH587.PRG(40)  Warning C1003  Ambiguous reference: 'AEDICAO'
RH587.PRG(40)  Warning C1003  Ambiguous reference: 'CORDEM'
RH587.PRG(40)  Warning C1003  Ambiguous reference: 'SBLOCO3'
RH587.PRG(41)  Warning C1003  Ambiguous reference: 'AEDICAO'
RH587.PRG(41)  Warning C1003  Ambiguous reference: 'CMATRICULA'
RH587.PRG(42)  Warning C1003  Ambiguous reference: 'AEDICAO'
RH587.PRG(43)  Warning C1003  Ambiguous reference: 'AEDICAO'
RH587.PRG(43)  Warning C1003  Ambiguous reference: 'CEVENTO'
RH587.PRG(44)  Warning C1003  Ambiguous reference: 'AEDICAO'
RH587.PRG(45)  Warning C1003  Ambiguous reference: 'AEDICAO'
RH587.PRG(45)  Warning C1003  Ambiguous reference: 'CQUEBRA'
RH587.PRG(45)  Warning C1003  Ambiguous reference: 'SBLOCO4'
RH587.PRG(50)  Warning C1004  Ambiguous reference, assuming memvar: 'XNIVEL'
RH587.PRG(51)  Warning C1004  Ambiguous reference, assuming memvar: 'XFLAG'
RH587.PRG(52)  Warning C1004  Ambiguous reference, assuming memvar: 'CMATRICULA'
RH587.PRG(53)  Warning C1004  Ambiguous reference, assuming memvar: 'CEVENTO'
RH587.PRG(54)  Warning C1004  Ambiguous reference, assuming memvar: 'CQUEBRA'
RH587.PRG(55)  Warning C1004  Ambiguous reference, assuming memvar: 'CTIPOREL'
RH587.PRG(56)  Warning C1004  Ambiguous reference, assuming memvar: 'CPERI'
RH587.PRG(57)  Warning C1004  Ambiguous reference, assuming memvar: 'CPERF'
RH587.PRG(63)  Warning C1003  Ambiguous reference: 'XNIVEL'
RH587.PRG(63)  Warning C1003  Ambiguous reference: 'XNIVEL'
RH587.PRG(63)  Warning C1003  Ambiguous reference: 'AEDICAO'
RH587.PRG(64)  Warning C1003  Ambiguous reference: 'CEVENTO'
RH587.PRG(65)  Warning C1004  Ambiguous reference, assuming memvar: 'AEDICAO'
RH587.PRG(65)  Warning C1003  Ambiguous reference: 'XNIVEL'
RH587.PRG(65)  Warning C1003  Ambiguous reference: 'XNIVEL'
RH587.PRG(65)  Warning C1003  Ambiguous reference: 'CEVENTO'
RH587.PRG(67)  Warning C1003  Ambiguous reference: 'XNIVEL'
RH587.PRG(70)  Warning C1004  Ambiguous reference, assuming memvar: 'AEDICAO'
RH587.PRG(70)  Warning C1003  Ambiguous reference: 'XNIVEL'
RH587.PRG(71)  Warning C1003  Ambiguous reference: 'XFLAG'
RH587.PRG(71)  Warning C1004  Ambiguous reference, assuming memvar: 'XNIVEL'
RH587.PRG(71)  Warning C1004  Ambiguous reference, assuming memvar: 'XNIVEL'
RH587.PRG(71)  Warning C1004  Ambiguous reference, assuming memvar: 'XNIVEL'
RH587.PRG(71)  Warning C1004  Ambiguous reference, assuming memvar: 'XNIVEL'
RH587.PRG(82)  Warning C1003  Ambiguous reference: 'XFLAG'
RH587.PRG(85)  Warning C1003  Ambiguous reference: 'CTIPOREL'
RH587.PRG(86)  Warning C1003  Ambiguous reference: 'XNIVEL'
RH587.PRG(86)  Warning C1003  Ambiguous reference: 'CTIPOREL'
RH587.PRG(88)  Warning C1003  Ambiguous reference: 'CMATRICULA'
RH587.PRG(89)  Warning C1003  Ambiguous reference: 'XNIVEL'
RH587.PRG(89)  Warning C1003  Ambiguous reference: 'CMATRICULA'
RH587.PRG(89)  Warning C1004  Ambiguous reference, assuming memvar: 'CMATRICULA'
RH587.PRG(91)  Warning C1003  Ambiguous reference: 'XNIVEL'
RH587.PRG(91)  Warning C1003  Ambiguous reference: 'CMATRICULA'
RH587.PRG(93)  Warning C1003  Ambiguous reference: 'CEVENTO'
RH587.PRG(94)  Warning C1003  Ambiguous reference: 'XNIVEL'
RH587.PRG(94)  Warning C1003  Ambiguous reference: 'CEVENTO'
RH587.PRG(94)  Warning C1004  Ambiguous reference, assuming memvar: 'CEVENTO'
RH587.PRG(96)  Warning C1003  Ambiguous reference: 'XNIVEL'
RH587.PRG(96)  Warning C1003  Ambiguous reference: 'CEVENTO'
RH587.PRG(98)  Warning C1003  Ambiguous reference: 'CORDEM'
RH587.PRG(99)  Warning C1003  Ambiguous reference: 'XNIVEL'
RH587.PRG(99)  Warning C1003  Ambiguous reference: 'CORDEM'
RH587.PRG(101) Warning C1003  Ambiguous reference: 'CQUEBRA'
RH587.PRG(102) Warning C1003  Ambiguous reference: 'XNIVEL'
RH587.PRG(102) Warning C1003  Ambiguous reference: 'CQUEBRA'
RH587.PRG(114) Warning C1003  Ambiguous reference: 'CTIPOREL'
RH587.PRG(114) Warning C1004  Ambiguous reference, assuming memvar: 'CTIPOREL'
RH587.PRG(116) Warning C1004  Ambiguous reference, assuming memvar: 'CTITULO'
RH587.PRG(119) Warning C1003  Ambiguous reference: 'CTIPOREL'
RH587.PRG(119) Warning C1004  Ambiguous reference, assuming memvar: 'CTITULO'
RH587.PRG(119) Warning C1004  Ambiguous reference, assuming memvar: 'CTITULO'
RH587.PRG(120) Warning C1003  Ambiguous reference: 'CTIPOREL'
RH587.PRG(120) Warning C1004  Ambiguous reference, assuming memvar: 'CTITULO'
RH587.PRG(120) Warning C1004  Ambiguous reference, assuming memvar: 'CTITULO'
RH587.PRG(121) Warning C1003  Ambiguous reference: 'CTIPOREL'
RH587.PRG(121) Warning C1004  Ambiguous reference, assuming memvar: 'CTITULO'
RH587.PRG(121) Warning C1004  Ambiguous reference, assuming memvar: 'CTITULO'
RH587.PRG(122) Warning C1003  Ambiguous reference: 'CTIPOREL'
RH587.PRG(122) Warning C1004  Ambiguous reference, assuming memvar: 'CTITULO'
RH587.PRG(122) Warning C1004  Ambiguous reference, assuming memvar: 'CTITULO'
RH587.PRG(126) Warning C1004  Ambiguous reference, assuming memvar: 'CTITULO'
RH587.PRG(126) Warning C1003  Ambiguous reference: 'CPERI'
RH587.PRG(126) Warning C1003  Ambiguous reference: 'CPERI'
RH587.PRG(126) Warning C1003  Ambiguous reference: 'CPERF'
RH587.PRG(126) Warning C1003  Ambiguous reference: 'CPERF'
RH587.PRG(126) Warning C1004  Ambiguous reference, assuming memvar: 'CTITULO'
RH587.PRG(131) Warning C1003  Ambiguous reference: 'CORDEM'
RH587.PRG(132) Warning C1003  Ambiguous reference: 'CORDEM'
RH587.PRG(140) Warning C1003  Ambiguous reference: 'CEVENTO'
RH587.PRG(141) Warning C1004  Ambiguous reference, assuming memvar: 'CNOMEEVE'
RH587.PRG(147) Warning C1003  Ambiguous reference: 'EVENTO'
RH587.PRG(150) Warning C1003  Ambiguous reference: 'CARGO'
RH587.PRG(166) Warning C1001  RETURN statement with no value in function
RH587.PRG(168) Warning C1003  Ambiguous reference: 'XCOND1'
RH587.PRG(170) Warning C1003  Ambiguous reference: 'CMATRICULA'
RH587.PRG(171) Warning C1003  Ambiguous reference: 'CMATRICULA'
RH587.PRG(174) Warning C1003  Ambiguous reference: 'CPERI'
RH587.PRG(174) Warning C1003  Ambiguous reference: 'CPERI'
RH587.PRG(174) Warning C1004  Ambiguous reference, assuming memvar: 'CPERI'
RH587.PRG(175) Warning C1003  Ambiguous reference: 'CPERF'
RH587.PRG(175) Warning C1003  Ambiguous reference: 'CPERF'
RH587.PRG(175) Warning C1004  Ambiguous reference, assuming memvar: 'CPERF'
RH587.PRG(177) Warning C1003  Ambiguous reference: 'CQUEBRA'
RH587.PRG(177) Warning C1003  Ambiguous reference: 'CMATRICULA'
RH587.PRG(185) Warning C1003  Ambiguous reference: 'XDATASYS'
RH587.PRG(190) Warning C1003  Ambiguous reference: 'CPERI'
RH587.PRG(190) Warning C1003  Ambiguous reference: 'CPERF'
RH587.PRG(197) Warning C1001  RETURN statement with no value in function
RH587.PRG(200) Warning C1003  Ambiguous reference: 'CQUEBRA'
RH587.PRG(200) Warning C1003  Ambiguous reference: 'CQUEBRA'
RH587.PRG(206) Warning C1003  Ambiguous reference: 'XPAGINA'
RH587.PRG(208) Warning C1003  Ambiguous reference: 'CTITULO'
RH587.PRG(209) Warning C1003  Ambiguous reference: 'CEVENTO'
RH587.PRG(210) Warning C1003  Ambiguous reference: 'CEVENTO'
RH587.PRG(210) Warning C1003  Ambiguous reference: 'CNOMEEVE'
RH587.PRG(215) Warning C1003  Ambiguous reference: 'CEVENTO'
RH587.PRG(216) Warning C1003  Ambiguous reference: 'CQUEBRA'
RH587.PRG(228) Warning C1003  Ambiguous reference: 'CMATRICULA'
RH587.PRG(236) Warning C1001  RETURN statement with no value in function
RH587.PRG(248) Warning C1004  Ambiguous reference, assuming memvar: 'AFUN'
RH587.PRG(253) Warning C1003  Ambiguous reference: 'CTIPOREL'
RH587.PRG(255) Warning C1004  Ambiguous reference, assuming memvar: 'AFUN'
RH587.PRG(263) Warning C1001  RETURN statement with no value in function
RH587.PRG(269) Warning C1003  Ambiguous reference: 'CTITULO'
RH587.PRG(278) Warning C1003  Ambiguous reference: 'CEVENTO'
RH587.PRG(281) Warning C1004  Ambiguous reference, assuming memvar: 'BPROV'
RH587.PRG(282) Warning C1004  Ambiguous reference, assuming memvar: 'BDESC'
RH587.PRG(288) Warning C1003  Ambiguous reference: 'BPROV'
RH587.PRG(294) Warning C1003  Ambiguous reference: 'BDESC'
RH587.PRG(300) Warning C1003  Ambiguous reference: 'BPROV'
RH587.PRG(300) Warning C1003  Ambiguous reference: 'BDESC'
RH587.PRG(306) Warning C1004  Ambiguous reference, assuming memvar: 'AFUN'
RH587.PRG(310) Warning C1001  RETURN statement with no value in function
RH587.PRG(323) Warning C1004  Ambiguous reference, assuming memvar: 'AFUN'
RH587.PRG(326) Warning C1003  Ambiguous reference: 'CTIPOREL'
RH587.PRG(326) Warning C1003  Ambiguous reference: 'CEVENTO'
RH587.PRG(327) Warning C1003  Ambiguous reference: 'CMATRICULA'
RH587.PRG(327) Warning C1003  Ambiguous reference: 'CMATRICULA'
RH587.PRG(327) Warning C1003  Ambiguous reference: 'CMATRICULA'
RH587.PRG(330) Warning C1004  Ambiguous reference, assuming memvar: 'AFUN'
RH587.PRG(338) Warning C1001  RETURN statement with no value in function
RH587.PRG(346) Warning C1004  Ambiguous reference, assuming memvar: 'AFUN'
RH587.PRG(348) Warning C1004  Ambiguous reference, assuming memvar: 'AFUN'
RH587.PRG(349) Warning C1004  Ambiguous reference, assuming memvar: 'AFUN'
RH587.PRG(350) Warning C1004  Ambiguous reference, assuming memvar: 'AFUN'
RH587.PRG(351) Warning C1004  Ambiguous reference, assuming memvar: 'AFUN'
RH587.PRG(352) Warning C1004  Ambiguous reference, assuming memvar: 'AFUN'
RH587.PRG(355) Warning C1004  Ambiguous reference, assuming memvar: 'AFUN'
RH587.PRG(359) Warning C1004  Ambiguous reference, assuming memvar: 'NMETADE'
RH587.PRG(361) Warning C1003  Ambiguous reference: 'NMETADE'
RH587.PRG(361) Warning C1003  Ambiguous reference: 'NMETADE'
RH587.PRG(365) Warning C1004  Ambiguous reference, assuming memvar: 'NMETADE'
RH587.PRG(367) Warning C1003  Ambiguous reference: 'NMETADE'
RH587.PRG(370) Warning C1003  Ambiguous reference: 'CTITULO'
RH587.PRG(371) Warning C1003  Ambiguous reference: 'CEVENTO'
RH587.PRG(371) Warning C1003  Ambiguous reference: 'CNOMEEVE'
RH587.PRG(376) Warning C1003  Ambiguous reference: 'NMETADE'
RH587.PRG(381) Warning C1001  RETURN statement with no value in function
RH587.PRG(393) Warning C1004  Ambiguous reference, assuming memvar: 'AFUN'
RH587.PRG(396) Warning C1003  Ambiguous reference: 'CMATRICULA'
RH587.PRG(397) Warning C1003  Ambiguous reference: 'CMATRICULA'
RH587.PRG(403) Warning C1003  Ambiguous reference: 'CTIPOREL'
RH587.PRG(406) Warning C1004  Ambiguous reference, assuming memvar: 'AFUN'
RH587.PRG(414) Warning C1003  Ambiguous reference: 'CTITULO'
RH587.PRG(425) Warning C1004  Ambiguous reference, assuming memvar: 'BPROV'
RH587.PRG(426) Warning C1004  Ambiguous reference, assuming memvar: 'BDESC'
RH587.PRG(432) Warning C1003  Ambiguous reference: 'BPROV'
RH587.PRG(438) Warning C1003  Ambiguous reference: 'BDESC'
RH587.PRG(444) Warning C1003  Ambiguous reference: 'BPROV'
RH587.PRG(444) Warning C1003  Ambiguous reference: 'BDESC'
RH587.PRG(449) Warning C1001  RETURN statement with no value in function
RH587.PRG(453) Warning C1004  Ambiguous reference, assuming memvar: 'AFUN'
RH587.PRG(457) Warning C1001  RETURN statement with no value in function
RH587.PRG(470) Warning C1001  RETURN statement with no value in function
RH587.PRG(478) Warning C1004  Ambiguous reference, assuming memvar: 'AFUN'
RH587.PRG(483) Warning C1004  Ambiguous reference, assuming memvar: 'AFUN'
RH587.PRG(484) Warning C1004  Ambiguous reference, assuming memvar: 'AFUN'
RH587.PRG(485) Warning C1004  Ambiguous reference, assuming memvar: 'AFUN'
RH587.PRG(486) Warning C1004  Ambiguous reference, assuming memvar: 'AFUN'
RH587.PRG(487) Warning C1004  Ambiguous reference, assuming memvar: 'AFUN'
RH587.PRG(488) Warning C1004  Ambiguous reference, assuming memvar: 'AFUN'
RH587.PRG(491) Warning C1004  Ambiguous reference, assuming memvar: 'AFUN'
RH587.PRG(521) Warning C1003  Ambiguous reference: 'CTITULO'
RH587.PRG(522) Warning C1003  Ambiguous reference: 'CQUEBRA'
RH587.PRG(535) Warning C1001  RETURN statement with no value in function
196 warnings                
Code size 6003, Symbols 1568, Constants 2045
