276K available
Compiling RH583.PRG
RH583.PRG(14)  Warning C1003  Ambiguous reference: 'XNIVEL'
RH583.PRG(14)  Warning C1003  Ambiguous reference: 'XFLAG'
RH583.PRG(14)  Warning C1003  Ambiguous reference: 'XNIVEL'
RH583.PRG(16)  Warning C1004  Ambiguous reference, assuming memvar: 'SBLOCO1'
RH583.PRG(18)  Warning C1004  Ambiguous reference, assuming memvar: 'CANOBASE'
RH583.PRG(20)  Warning C1004  Ambiguous reference, assuming memvar: 'CRESP'
RH583.PRG(21)  Warning C1004  Ambiguous reference, assuming memvar: 'AEDICAO'
RH583.PRG(22)  Warning C1004  Ambiguous reference, assuming memvar: 'CTITULO'
RH583.PRG(23)  Warning C1004  Ambiguous reference, assuming memvar: 'CTITULO2'
RH583.PRG(27)  Warning C1003  Ambiguous reference: 'AEDICAO'
RH583.PRG(27)  Warning C1003  Ambiguous reference: 'CMATRICULA'
RH583.PRG(28)  Warning C1003  Ambiguous reference: 'AEDICAO'
RH583.PRG(29)  Warning C1003  Ambiguous reference: 'AEDICAO'
RH583.PRG(29)  Warning C1003  Ambiguous reference: 'CRESP'
RH583.PRG(30)  Warning C1003  Ambiguous reference: 'AEDICAO'
RH583.PRG(30)  Warning C1003  Ambiguous reference: 'CANOBASE'
RH583.PRG(35)  Warning C1004  Ambiguous reference, assuming memvar: 'XNIVEL'
RH583.PRG(36)  Warning C1004  Ambiguous reference, assuming memvar: 'XFLAG'
RH583.PRG(37)  Warning C1004  Ambiguous reference, assuming memvar: 'CMATRICULA'
RH583.PRG(41)  Warning C1003  Ambiguous reference: 'XNIVEL'
RH583.PRG(41)  Warning C1003  Ambiguous reference: 'XNIVEL'
RH583.PRG(41)  Warning C1003  Ambiguous reference: 'AEDICAO'
RH583.PRG(42)  Warning C1004  Ambiguous reference, assuming memvar: 'AEDICAO'
RH583.PRG(42)  Warning C1003  Ambiguous reference: 'XNIVEL'
RH583.PRG(44)  Warning C1004  Ambiguous reference, assuming memvar: 'AEDICAO'
RH583.PRG(44)  Warning C1003  Ambiguous reference: 'XNIVEL'
RH583.PRG(45)  Warning C1003  Ambiguous reference: 'XFLAG'
RH583.PRG(45)  Warning C1004  Ambiguous reference, assuming memvar: 'XNIVEL'
RH583.PRG(45)  Warning C1004  Ambiguous reference, assuming memvar: 'XNIVEL'
RH583.PRG(45)  Warning C1004  Ambiguous reference, assuming memvar: 'XNIVEL'
RH583.PRG(45)  Warning C1004  Ambiguous reference, assuming memvar: 'XNIVEL'
RH583.PRG(58)  Warning C1003  Ambiguous reference: 'CMATRICULA'
RH583.PRG(59)  Warning C1003  Ambiguous reference: 'XNIVEL'
RH583.PRG(59)  Warning C1003  Ambiguous reference: 'CMATRICULA'
RH583.PRG(59)  Warning C1004  Ambiguous reference, assuming memvar: 'CMATRICULA'
RH583.PRG(60)  Warning C1003  Ambiguous reference: 'CMATRICULA'
RH583.PRG(64)  Warning C1003  Ambiguous reference: 'XNIVEL'
RH583.PRG(67)  Warning C1003  Ambiguous reference: 'XNIVEL'
RH583.PRG(70)  Warning C1003  Ambiguous reference: 'CRESP'
RH583.PRG(75)  Warning C1003  Ambiguous reference: 'CANOBASE'
RH583.PRG(79)  Warning C1003  Ambiguous reference: 'CANOBASE'
RH583.PRG(79)  Warning C1004  Ambiguous reference, assuming memvar: 'CTITULO2'
RH583.PRG(87)  Warning C1004  Ambiguous reference, assuming memvar: 'NDECTERC'
RH583.PRG(87)  Warning C1004  Ambiguous reference, assuming memvar: 'NSALFAM'
RH583.PRG(87)  Warning C1004  Ambiguous reference, assuming memvar: 'NIRRF'
RH583.PRG(87)  Warning C1004  Ambiguous reference, assuming memvar: 'NPENSAO'
RH583.PRG(87)  Warning C1004  Ambiguous reference, assuming memvar: 'NCONTPREV'
RH583.PRG(88)  Warning C1003  Ambiguous reference: 'CANOBASE'
RH583.PRG(89)  Warning C1003  Ambiguous reference: 'CANOBASE'
RH583.PRG(96)  Warning C1001  RETURN statement with no value in function
RH583.PRG(98)  Warning C1003  Ambiguous reference: 'XCOND1'
RH583.PRG(100) Warning C1003  Ambiguous reference: 'CMATRICULA'
RH583.PRG(101) Warning C1003  Ambiguous reference: 'CMATRICULA'
RH583.PRG(108) Warning C1003  Ambiguous reference: 'CANOBASE'
RH583.PRG(117) Warning C1003  Ambiguous reference: 'CANOBASE'
RH583.PRG(119) Warning C1004  Ambiguous reference, assuming memvar: 'NCONTPREV'
RH583.PRG(119) Warning C1004  Ambiguous reference, assuming memvar: 'NCONTPREV'
RH583.PRG(120) Warning C1004  Ambiguous reference, assuming memvar: 'NPENSAO'
RH583.PRG(120) Warning C1004  Ambiguous reference, assuming memvar: 'NPENSAO'
RH583.PRG(121) Warning C1004  Ambiguous reference, assuming memvar: 'NIRRF'
RH583.PRG(121) Warning C1004  Ambiguous reference, assuming memvar: 'NIRRF'
RH583.PRG(122) Warning C1004  Ambiguous reference, assuming memvar: 'NSALFAM'
RH583.PRG(122) Warning C1004  Ambiguous reference, assuming memvar: 'NSALFAM'
RH583.PRG(126) Warning C1004  Ambiguous reference, assuming memvar: 'NDECTERC'
RH583.PRG(126) Warning C1004  Ambiguous reference, assuming memvar: 'NDECTERC'
RH583.PRG(132) Warning C1003  Ambiguous reference: 'CANOBASE'
RH583.PRG(133) Warning C1003  Ambiguous reference: 'CANOBASE'
RH583.PRG(147) Warning C1003  Ambiguous reference: 'NCONTPREV'
RH583.PRG(147) Warning C1004  Ambiguous reference, assuming memvar: 'NCONTPREV'
RH583.PRG(148) Warning C1003  Ambiguous reference: 'NPENSAO'
RH583.PRG(148) Warning C1004  Ambiguous reference, assuming memvar: 'NPENSAO'
RH583.PRG(149) Warning C1003  Ambiguous reference: 'NIRRF'
RH583.PRG(149) Warning C1004  Ambiguous reference, assuming memvar: 'NIRRF'
RH583.PRG(150) Warning C1003  Ambiguous reference: 'NSALFAM'
RH583.PRG(150) Warning C1004  Ambiguous reference, assuming memvar: 'NSALFAM'
RH583.PRG(151) Warning C1003  Ambiguous reference: 'NDECTERC'
RH583.PRG(151) Warning C1004  Ambiguous reference, assuming memvar: 'NDECTERC'
RH583.PRG(155) Warning C1001  RETURN statement with no value in function
RH583.PRG(157) Warning C1003  Ambiguous reference: 'XPAGINA'
RH583.PRG(159) Warning C1003  Ambiguous reference: 'CTITULO'
RH583.PRG(159) Warning C1003  Ambiguous reference: 'CTITULO2'
RH583.PRG(162) Warning C1003  Ambiguous reference: 'XCGM'
RH583.PRG(165) Warning C1003  Ambiguous reference: 'XRAZAO'
RH583.PRG(165) Warning C1003  Ambiguous reference: 'XCGCCPF'
RH583.PRG(178) Warning C1003  Ambiguous reference: 'NCONTPREV'
RH583.PRG(183) Warning C1003  Ambiguous reference: 'NPENSAO'
RH583.PRG(185) Warning C1003  Ambiguous reference: 'NIRRF'
RH583.PRG(220) Warning C1003  Ambiguous reference: 'NDECTERC'
RH583.PRG(237) Warning C1003  Ambiguous reference: 'CRESP'
RH583.PRG(242) Warning C1004  Ambiguous reference, assuming memvar: 'NDECTERC'
RH583.PRG(242) Warning C1004  Ambiguous reference, assuming memvar: 'NSALFAM'
RH583.PRG(242) Warning C1004  Ambiguous reference, assuming memvar: 'NIRRF'
RH583.PRG(242) Warning C1004  Ambiguous reference, assuming memvar: 'NPENSAO'
RH583.PRG(242) Warning C1004  Ambiguous reference, assuming memvar: 'NCONTPREV'
RH583.PRG(244) Warning C1003  Ambiguous reference: 'CMATRICULA'
RH583.PRG(254) Warning C1001  RETURN statement with no value in function
96 warnings                
Code size 2701, Symbols 1072, Constants 3203
