238K available
Compiling RH585.PRG
RH585.PRG(14)  Warning C1003  Ambiguous reference: 'XNIVEL'
RH585.PRG(14)  Warning C1003  Ambiguous reference: 'XFLAG'
RH585.PRG(18)  Warning C1004  Ambiguous reference, assuming memvar: 'AEDICAO'
RH585.PRG(31)  Warning C1003  Ambiguous reference: 'ANOMES'
RH585.PRG(31)  Warning C1003  Ambiguous reference: 'XANOMES'
RH585.PRG(35)  Warning C1003  Ambiguous reference: 'AEDICAO'
RH585.PRG(35)  Warning C1003  Ambiguous reference: 'CEVENT1'
RH585.PRG(36)  Warning C1003  Ambiguous reference: 'AEDICAO'
RH585.PRG(37)  Warning C1003  Ambiguous reference: 'AEDICAO'
RH585.PRG(37)  Warning C1003  Ambiguous reference: 'CEVENT2'
RH585.PRG(38)  Warning C1003  Ambiguous reference: 'AEDICAO'
RH585.PRG(39)  Warning C1003  Ambiguous reference: 'AEDICAO'
RH585.PRG(39)  Warning C1003  Ambiguous reference: 'CEVENT3'
RH585.PRG(40)  Warning C1003  Ambiguous reference: 'AEDICAO'
RH585.PRG(41)  Warning C1003  Ambiguous reference: 'AEDICAO'
RH585.PRG(41)  Warning C1004  Ambiguous reference, assuming memvar: 'LCONF'
RH585.PRG(46)  Warning C1004  Ambiguous reference, assuming memvar: 'XNIVEL'
RH585.PRG(47)  Warning C1004  Ambiguous reference, assuming memvar: 'XFLAG'
RH585.PRG(48)  Warning C1003  Ambiguous reference: 'XDATASYS'
RH585.PRG(48)  Warning C1004  Ambiguous reference, assuming memvar: 'CANOMES'
RH585.PRG(49)  Warning C1004  Ambiguous reference, assuming memvar: 'CEVENT3'
RH585.PRG(49)  Warning C1004  Ambiguous reference, assuming memvar: 'CEVENT2'
RH585.PRG(49)  Warning C1004  Ambiguous reference, assuming memvar: 'CEVENT1'
RH585.PRG(53)  Warning C1003  Ambiguous reference: 'XNIVEL'
RH585.PRG(53)  Warning C1003  Ambiguous reference: 'XNIVEL'
RH585.PRG(53)  Warning C1003  Ambiguous reference: 'AEDICAO'
RH585.PRG(54)  Warning C1004  Ambiguous reference, assuming memvar: 'AEDICAO'
RH585.PRG(54)  Warning C1003  Ambiguous reference: 'XNIVEL'
RH585.PRG(56)  Warning C1004  Ambiguous reference, assuming memvar: 'AEDICAO'
RH585.PRG(56)  Warning C1003  Ambiguous reference: 'XNIVEL'
RH585.PRG(57)  Warning C1003  Ambiguous reference: 'XFLAG'
RH585.PRG(57)  Warning C1004  Ambiguous reference, assuming memvar: 'XNIVEL'
RH585.PRG(57)  Warning C1004  Ambiguous reference, assuming memvar: 'XNIVEL'
RH585.PRG(57)  Warning C1004  Ambiguous reference, assuming memvar: 'XNIVEL'
RH585.PRG(57)  Warning C1004  Ambiguous reference, assuming memvar: 'XNIVEL'
RH585.PRG(70)  Warning C1003  Ambiguous reference: 'CEVENT1'
RH585.PRG(71)  Warning C1003  Ambiguous reference: 'CEVENT1'
RH585.PRG(71)  Warning C1004  Ambiguous reference, assuming memvar: 'CEVENT1'
RH585.PRG(72)  Warning C1003  Ambiguous reference: 'CEVENT1'
RH585.PRG(73)  Warning C1003  Ambiguous reference: 'XNIVEL'
RH585.PRG(83)  Warning C1003  Ambiguous reference: 'CEVENT2'
RH585.PRG(84)  Warning C1003  Ambiguous reference: 'CEVENT2'
RH585.PRG(84)  Warning C1003  Ambiguous reference: 'CEVENT1'
RH585.PRG(88)  Warning C1003  Ambiguous reference: 'CEVENT2'
RH585.PRG(88)  Warning C1004  Ambiguous reference, assuming memvar: 'CEVENT2'
RH585.PRG(89)  Warning C1003  Ambiguous reference: 'CEVENT2'
RH585.PRG(90)  Warning C1003  Ambiguous reference: 'XNIVEL'
RH585.PRG(97)  Warning C1003  Ambiguous reference: 'CEVENT3'
RH585.PRG(98)  Warning C1003  Ambiguous reference: 'CEVENT3'
RH585.PRG(98)  Warning C1003  Ambiguous reference: 'CEVENT1'
RH585.PRG(98)  Warning C1003  Ambiguous reference: 'CEVENT2'
RH585.PRG(102) Warning C1003  Ambiguous reference: 'CEVENT3'
RH585.PRG(102) Warning C1004  Ambiguous reference, assuming memvar: 'CEVENT3'
RH585.PRG(103) Warning C1003  Ambiguous reference: 'CEVENT3'
RH585.PRG(104) Warning C1003  Ambiguous reference: 'XNIVEL'
RH585.PRG(118) Warning C1003  Ambiguous reference: 'LCONF'
RH585.PRG(122) Warning C1003  Ambiguous reference: 'XDATASYS'
RH585.PRG(122) Warning C1004  Ambiguous reference, assuming memvar: 'CTITULO1'
RH585.PRG(124) Warning C1003  Ambiguous reference: 'XCGCCPF'
RH585.PRG(124) Warning C1004  Ambiguous reference, assuming memvar: 'CTITULO2'
RH585.PRG(128) Warning C1003  Ambiguous reference: 'XDRV_RH'
RH585.PRG(128) Warning C1003  Ambiguous reference: 'SIND_COD'
RH585.PRG(128) Warning C1003  Ambiguous reference: 'MATRICULA'
RH585.PRG(143) Warning C1001  RETURN statement with no value in function
RH585.PRG(145) Warning C1003  Ambiguous reference: 'XCOND1'
RH585.PRG(149) Warning C1004  Ambiguous reference, assuming memvar: 'CSINDANT'
RH585.PRG(150) Warning C1004  Ambiguous reference, assuming memvar: 'NTOTSIND'
RH585.PRG(152) Warning C1003  Ambiguous reference: 'CSINDANT'
RH585.PRG(155) Warning C1003  Ambiguous reference: 'XDATASYS'
RH585.PRG(160) Warning C1004  Ambiguous reference, assuming memvar: 'LACHOU'
RH585.PRG(161) Warning C1004  Ambiguous reference, assuming memvar: 'NTOTFUN'
RH585.PRG(163) Warning C1004  Ambiguous reference, assuming memvar: 'NCONT'
RH585.PRG(163) Warning C1004  Ambiguous reference, assuming memvar: 'NCONT'
RH585.PRG(163) Warning C1004  Ambiguous reference, assuming memvar: 'NCONT'
RH585.PRG(163) Warning C1003  Ambiguous reference: 'NCONT'
RH585.PRG(164) Warning C1003  Ambiguous reference: 'NCONT'
RH585.PRG(164) Warning C1004  Ambiguous reference, assuming memvar: 'CAUX'
RH585.PRG(165) Warning C1004  Ambiguous reference, assuming memvar: 'CAUX'
RH585.PRG(168) Warning C1003  Ambiguous reference: 'CANOMES'
RH585.PRG(168) Warning C1004  Ambiguous reference, assuming memvar: 'CAUX'
RH585.PRG(169) Warning C1004  Ambiguous reference, assuming memvar: 'NTOTFUN'
RH585.PRG(169) Warning C1004  Ambiguous reference, assuming memvar: 'NTOTFUN'
RH585.PRG(170) Warning C1004  Ambiguous reference, assuming memvar: 'NTOTSIND'
RH585.PRG(170) Warning C1004  Ambiguous reference, assuming memvar: 'NTOTSIND'
RH585.PRG(171) Warning C1004  Ambiguous reference, assuming memvar: 'LACHOU'
RH585.PRG(175) Warning C1003  Ambiguous reference: 'LACHOU'
RH585.PRG(178) Warning C1001  RETURN statement with no value in function
RH585.PRG(180) Warning C1003  Ambiguous reference: 'XPAGINA'
RH585.PRG(182) Warning C1003  Ambiguous reference: 'CTITULO1'
RH585.PRG(182) Warning C1003  Ambiguous reference: 'CTITULO2'
RH585.PRG(203) Warning C1003  Ambiguous reference: 'NTOTFUN'
RH585.PRG(212) Warning C1003  Ambiguous reference: 'LACHOU'
RH585.PRG(214) Warning C1003  Ambiguous reference: 'NTOTSIND'
RH585.PRG(225) Warning C1001  RETURN statement with no value in function
94 warnings                
Code size 2137, Symbols 1072, Constants 583
