238K available
Compiling RH589.PRG
RH589.PRG(12)  Warning C1003  Ambiguous reference: 'XNIVEL'
RH589.PRG(12)  Warning C1003  Ambiguous reference: 'XFLAG'
RH589.PRG(15)  Warning C1004  Ambiguous reference, assuming memvar: 'AEDICAO'
RH589.PRG(16)  Warning C1004  Ambiguous reference, assuming memvar: 'CDEPART'
RH589.PRG(17)  Warning C1004  Ambiguous reference, assuming memvar: 'CASSUNTO'
RH589.PRG(18)  Warning C1004  Ambiguous reference, assuming memvar: 'CPARA'
RH589.PRG(19)  Warning C1004  Ambiguous reference, assuming memvar: 'CNUM'
RH589.PRG(22)  Warning C1004  Ambiguous reference, assuming memvar: 'CLINHA1'
RH589.PRG(23)  Warning C1004  Ambiguous reference, assuming memvar: 'CLINHA2'
RH589.PRG(24)  Warning C1004  Ambiguous reference, assuming memvar: 'CLINHA3'
RH589.PRG(25)  Warning C1004  Ambiguous reference, assuming memvar: 'CLINHA4'
RH589.PRG(26)  Warning C1004  Ambiguous reference, assuming memvar: 'CLINHA5'
RH589.PRG(27)  Warning C1004  Ambiguous reference, assuming memvar: 'CLINHA6'
RH589.PRG(32)  Warning C1003  Ambiguous reference: 'AEDICAO'
RH589.PRG(32)  Warning C1003  Ambiguous reference: 'CDEPART'
RH589.PRG(33)  Warning C1003  Ambiguous reference: 'AEDICAO'
RH589.PRG(33)  Warning C1003  Ambiguous reference: 'CPARA'
RH589.PRG(34)  Warning C1003  Ambiguous reference: 'AEDICAO'
RH589.PRG(34)  Warning C1003  Ambiguous reference: 'CASSUNTO'
RH589.PRG(35)  Warning C1003  Ambiguous reference: 'AEDICAO'
RH589.PRG(35)  Warning C1003  Ambiguous reference: 'CLINHA1'
RH589.PRG(36)  Warning C1003  Ambiguous reference: 'AEDICAO'
RH589.PRG(36)  Warning C1003  Ambiguous reference: 'CLINHA2'
RH589.PRG(37)  Warning C1003  Ambiguous reference: 'AEDICAO'
RH589.PRG(37)  Warning C1003  Ambiguous reference: 'CLINHA3'
RH589.PRG(38)  Warning C1003  Ambiguous reference: 'AEDICAO'
RH589.PRG(38)  Warning C1003  Ambiguous reference: 'CLINHA4'
RH589.PRG(39)  Warning C1003  Ambiguous reference: 'AEDICAO'
RH589.PRG(39)  Warning C1003  Ambiguous reference: 'CLINHA5'
RH589.PRG(40)  Warning C1003  Ambiguous reference: 'AEDICAO'
RH589.PRG(40)  Warning C1003  Ambiguous reference: 'CLINHA6'
RH589.PRG(46)  Warning C1004  Ambiguous reference, assuming memvar: 'XNIVEL'
RH589.PRG(47)  Warning C1004  Ambiguous reference, assuming memvar: 'XFLAG'
RH589.PRG(49)  Warning C1004  Ambiguous reference, assuming memvar: 'CLINHA1'
RH589.PRG(50)  Warning C1004  Ambiguous reference, assuming memvar: 'CLINHA2'
RH589.PRG(51)  Warning C1004  Ambiguous reference, assuming memvar: 'CLINHA3'
RH589.PRG(52)  Warning C1004  Ambiguous reference, assuming memvar: 'CLINHA4'
RH589.PRG(53)  Warning C1004  Ambiguous reference, assuming memvar: 'CLINHA5'
RH589.PRG(54)  Warning C1004  Ambiguous reference, assuming memvar: 'CLINHA6'
RH589.PRG(55)  Warning C1004  Ambiguous reference, assuming memvar: 'CDEPART'
RH589.PRG(56)  Warning C1004  Ambiguous reference, assuming memvar: 'CPARA'
RH589.PRG(57)  Warning C1004  Ambiguous reference, assuming memvar: 'CASSUNTO'
RH589.PRG(58)  Warning C1004  Ambiguous reference, assuming memvar: 'CNUM'
RH589.PRG(61)  Warning C1003  Ambiguous reference: 'XNIVEL'
RH589.PRG(61)  Warning C1003  Ambiguous reference: 'XNIVEL'
RH589.PRG(61)  Warning C1003  Ambiguous reference: 'AEDICAO'
RH589.PRG(62)  Warning C1004  Ambiguous reference, assuming memvar: 'AEDICAO'
RH589.PRG(62)  Warning C1003  Ambiguous reference: 'XNIVEL'
RH589.PRG(64)  Warning C1004  Ambiguous reference, assuming memvar: 'AEDICAO'
RH589.PRG(64)  Warning C1003  Ambiguous reference: 'XNIVEL'
RH589.PRG(65)  Warning C1003  Ambiguous reference: 'XFLAG'
RH589.PRG(65)  Warning C1004  Ambiguous reference, assuming memvar: 'XNIVEL'
RH589.PRG(65)  Warning C1004  Ambiguous reference, assuming memvar: 'XNIVEL'
RH589.PRG(65)  Warning C1004  Ambiguous reference, assuming memvar: 'XNIVEL'
RH589.PRG(65)  Warning C1004  Ambiguous reference, assuming memvar: 'XNIVEL'
RH589.PRG(93)  Warning C1001  RETURN statement with no value in function
RH589.PRG(94)  Warning C1004  Ambiguous reference, assuming memvar: 'CNUM'
RH589.PRG(95)  Warning C1003  Ambiguous reference: 'XCOND1'
RH589.PRG(97)  Warning C1003  Ambiguous reference: 'CNUM'
RH589.PRG(104) Warning C1003  Ambiguous reference: 'CDEPART'
RH589.PRG(107) Warning C1003  Ambiguous reference: 'XRAZAO'
RH589.PRG(107) Warning C1003  Ambiguous reference: 'XCGCCPF'
RH589.PRG(108) Warning C1003  Ambiguous reference: 'XENDERECO'
RH589.PRG(108) Warning C1003  Ambiguous reference: 'XNUMERO'
RH589.PRG(108) Warning C1003  Ambiguous reference: 'XBAIRRO'
RH589.PRG(110) Warning C1003  Ambiguous reference: 'CPARA'
RH589.PRG(111) Warning C1003  Ambiguous reference: 'CASSUNTO'
RH589.PRG(115) Warning C1003  Ambiguous reference: 'CLINHA1'
RH589.PRG(116) Warning C1003  Ambiguous reference: 'CLINHA2'
RH589.PRG(117) Warning C1003  Ambiguous reference: 'CLINHA3'
RH589.PRG(118) Warning C1003  Ambiguous reference: 'CLINHA4'
RH589.PRG(119) Warning C1003  Ambiguous reference: 'CLINHA5'
RH589.PRG(120) Warning C1003  Ambiguous reference: 'CLINHA6'
RH589.PRG(127) Warning C1003  Ambiguous reference: 'CNUM'
RH589.PRG(134) Warning C1003  Ambiguous reference: 'CDEPART'
RH589.PRG(137) Warning C1003  Ambiguous reference: 'XRAZAO'
RH589.PRG(137) Warning C1003  Ambiguous reference: 'XCGCCPF'
RH589.PRG(138) Warning C1003  Ambiguous reference: 'XENDERECO'
RH589.PRG(138) Warning C1003  Ambiguous reference: 'XNUMERO'
RH589.PRG(138) Warning C1003  Ambiguous reference: 'XBAIRRO'
RH589.PRG(140) Warning C1003  Ambiguous reference: 'CPARA'
RH589.PRG(141) Warning C1003  Ambiguous reference: 'CASSUNTO'
RH589.PRG(145) Warning C1003  Ambiguous reference: 'CLINHA1'
RH589.PRG(146) Warning C1003  Ambiguous reference: 'CLINHA2'
RH589.PRG(147) Warning C1003  Ambiguous reference: 'CLINHA3'
RH589.PRG(148) Warning C1003  Ambiguous reference: 'CLINHA4'
RH589.PRG(149) Warning C1003  Ambiguous reference: 'CLINHA5'
RH589.PRG(150) Warning C1003  Ambiguous reference: 'CLINHA6'
RH589.PRG(156) Warning C1003  Ambiguous reference: 'CNUM'
RH589.PRG(161) Warning C1001  RETURN statement with no value in function
90 warnings                
Code size 2043, Symbols 592, Constants 1381
