312K available
Compiling RH584.PRG
RH584.PRG(16)  Warning C1004  Ambiguous reference, assuming memvar: 'SBLOCO3'
RH584.PRG(19)  Warning C1004  Ambiguous reference, assuming memvar: 'CORDEM'
RH584.PRG(21)  Warning C1004  Ambiguous reference, assuming memvar: 'AEDICAO'
RH584.PRG(26)  Warning C1004  Ambiguous reference, assuming memvar: 'CORDEM'
RH584.PRG(27)  Warning C1004  Ambiguous reference, assuming memvar: 'CPERIODO'
RH584.PRG(28)  Warning C1004  Ambiguous reference, assuming memvar: 'CANOMES'
RH584.PRG(29)  Warning C1004  Ambiguous reference, assuming memvar: 'CEVEN'
RH584.PRG(30)  Warning C1004  Ambiguous reference, assuming memvar: 'CVAL'
RH584.PRG(32)  Warning C1004  Ambiguous reference, assuming memvar: 'AFUN'
RH584.PRG(37)  Warning C1003  Ambiguous reference: 'AEDICAO'
RH584.PRG(37)  Warning C1003  Ambiguous reference: 'CPERI'
RH584.PRG(38)  Warning C1003  Ambiguous reference: 'AEDICAO'
RH584.PRG(38)  Warning C1003  Ambiguous reference: 'CPERF'
RH584.PRG(39)  Warning C1003  Ambiguous reference: 'AEDICAO'
RH584.PRG(39)  Warning C1003  Ambiguous reference: 'CFILIAL'
RH584.PRG(40)  Warning C1003  Ambiguous reference: 'AEDICAO'
RH584.PRG(41)  Warning C1003  Ambiguous reference: 'AEDICAO'
RH584.PRG(41)  Warning C1003  Ambiguous reference: 'CMATRICULA'
RH584.PRG(42)  Warning C1003  Ambiguous reference: 'AEDICAO'
RH584.PRG(43)  Warning C1003  Ambiguous reference: 'AEDICAO'
RH584.PRG(43)  Warning C1003  Ambiguous reference: 'CORDEM'
RH584.PRG(43)  Warning C1003  Ambiguous reference: 'SBLOCO3'
RH584.PRG(48)  Warning C1004  Ambiguous reference, assuming memvar: 'XNIVEL'
RH584.PRG(49)  Warning C1004  Ambiguous reference, assuming memvar: 'XFLAG'
RH584.PRG(50)  Warning C1004  Ambiguous reference, assuming memvar: 'CTIPOREL'
RH584.PRG(51)  Warning C1004  Ambiguous reference, assuming memvar: 'CFILIAL'
RH584.PRG(52)  Warning C1004  Ambiguous reference, assuming memvar: 'CMATRICULA'
RH584.PRG(53)  Warning C1004  Ambiguous reference, assuming memvar: 'CPERI'
RH584.PRG(54)  Warning C1004  Ambiguous reference, assuming memvar: 'CPERF'
RH584.PRG(60)  Warning C1003  Ambiguous reference: 'XNIVEL'
RH584.PRG(60)  Warning C1003  Ambiguous reference: 'XNIVEL'
RH584.PRG(60)  Warning C1003  Ambiguous reference: 'AEDICAO'
RH584.PRG(61)  Warning C1004  Ambiguous reference, assuming memvar: 'AEDICAO'
RH584.PRG(61)  Warning C1003  Ambiguous reference: 'XNIVEL'
RH584.PRG(63)  Warning C1004  Ambiguous reference, assuming memvar: 'AEDICAO'
RH584.PRG(63)  Warning C1003  Ambiguous reference: 'XNIVEL'
RH584.PRG(64)  Warning C1003  Ambiguous reference: 'XFLAG'
RH584.PRG(64)  Warning C1004  Ambiguous reference, assuming memvar: 'XNIVEL'
RH584.PRG(64)  Warning C1004  Ambiguous reference, assuming memvar: 'XNIVEL'
RH584.PRG(64)  Warning C1004  Ambiguous reference, assuming memvar: 'XNIVEL'
RH584.PRG(64)  Warning C1004  Ambiguous reference, assuming memvar: 'XNIVEL'
RH584.PRG(67)  Warning C1003  Ambiguous reference: 'CPERI'
RH584.PRG(67)  Warning C1003  Ambiguous reference: 'CPERI'
RH584.PRG(67)  Warning C1004  Ambiguous reference, assuming memvar: 'CPERIODO'
RH584.PRG(77)  Warning C1003  Ambiguous reference: 'XFLAG'
RH584.PRG(81)  Warning C1003  Ambiguous reference: 'CMATRICULA'
RH584.PRG(82)  Warning C1003  Ambiguous reference: 'XNIVEL'
RH584.PRG(86)  Warning C1003  Ambiguous reference: 'XNIVEL'
RH584.PRG(86)  Warning C1003  Ambiguous reference: 'CMATRICULA'
RH584.PRG(86)  Warning C1004  Ambiguous reference, assuming memvar: 'CMATRICULA'
RH584.PRG(87)  Warning C1003  Ambiguous reference: 'CMATRICULA'
RH584.PRG(91)  Warning C1003  Ambiguous reference: 'XNIVEL'
RH584.PRG(94)  Warning C1003  Ambiguous reference: 'CFILIAL'
RH584.PRG(95)  Warning C1003  Ambiguous reference: 'XNIVEL'
RH584.PRG(98)  Warning C1003  Ambiguous reference: 'XNIVEL'
RH584.PRG(98)  Warning C1003  Ambiguous reference: 'CFILIAL'
RH584.PRG(98)  Warning C1004  Ambiguous reference, assuming memvar: 'CFILIAL'
RH584.PRG(99)  Warning C1003  Ambiguous reference: 'CFILIAL'
RH584.PRG(103) Warning C1003  Ambiguous reference: 'XNIVEL'
RH584.PRG(107) Warning C1003  Ambiguous reference: 'CORDEM'
RH584.PRG(108) Warning C1003  Ambiguous reference: 'XNIVEL'
RH584.PRG(108) Warning C1003  Ambiguous reference: 'CORDEM'
RH584.PRG(121) Warning C1004  Ambiguous reference, assuming memvar: 'CTITULO'
RH584.PRG(124) Warning C1004  Ambiguous reference, assuming memvar: 'CTITULO'
RH584.PRG(124) Warning C1003  Ambiguous reference: 'CPERI'
RH584.PRG(124) Warning C1003  Ambiguous reference: 'CPERI'
RH584.PRG(124) Warning C1003  Ambiguous reference: 'CPERF'
RH584.PRG(124) Warning C1003  Ambiguous reference: 'CPERF'
RH584.PRG(124) Warning C1004  Ambiguous reference, assuming memvar: 'CTITULO'
RH584.PRG(131) Warning C1003  Ambiguous reference: 'CORDEM'
RH584.PRG(132) Warning C1003  Ambiguous reference: 'CORDEM'
RH584.PRG(138) Warning C1003  Ambiguous reference: 'CFILIAL'
RH584.PRG(138) Warning C1003  Ambiguous reference: 'CMATRICULA'
RH584.PRG(139) Warning C1003  Ambiguous reference: 'CFILIAL'
RH584.PRG(140) Warning C1004  Ambiguous reference, assuming memvar: 'CCOND'
RH584.PRG(141) Warning C1003  Ambiguous reference: 'CFILIAL'
RH584.PRG(141) Warning C1003  Ambiguous reference: 'CMATRICULA'
RH584.PRG(143) Warning C1003  Ambiguous reference: 'CMATRICULA'
RH584.PRG(144) Warning C1004  Ambiguous reference, assuming memvar: 'CCOND'
RH584.PRG(145) Warning C1003  Ambiguous reference: 'CFILIAL'
RH584.PRG(145) Warning C1003  Ambiguous reference: 'CMATRICULA'
RH584.PRG(146) Warning C1003  Ambiguous reference: 'CFILIAL'
RH584.PRG(146) Warning C1003  Ambiguous reference: 'CMATRICULA'
RH584.PRG(147) Warning C1004  Ambiguous reference, assuming memvar: 'CCOND'
RH584.PRG(148) Warning C1003  Ambiguous reference: 'CFILIAL'
RH584.PRG(148) Warning C1003  Ambiguous reference: 'CMATRICULA'
RH584.PRG(150) Warning C1004  Ambiguous reference, assuming memvar: 'CCOND'
RH584.PRG(156) Warning C1003  Ambiguous reference: 'CARGO'
RH584.PRG(158) Warning C1003  Ambiguous reference: 'EVENTO'
RH584.PRG(173) Warning C1001  RETURN statement with no value in function
RH584.PRG(175) Warning C1003  Ambiguous reference: 'XCOND1'
RH584.PRG(177) Warning C1004  Ambiguous reference, assuming memvar: 'CCOND'
RH584.PRG(181) Warning C1003  Ambiguous reference: 'XDATASYS'
RH584.PRG(186) Warning C1001  RETURN statement with no value in function
RH584.PRG(188) Warning C1003  Ambiguous reference: 'XPAGINA'
RH584.PRG(190) Warning C1003  Ambiguous reference: 'CTITULO'
RH584.PRG(205) Warning C1001  RETURN statement with no value in function
RH584.PRG(217) Warning C1004  Ambiguous reference, assuming memvar: 'AFUN'
RH584.PRG(219) Warning C1003  Ambiguous reference: 'CPERI'
RH584.PRG(219) Warning C1003  Ambiguous reference: 'CPERI'
RH584.PRG(219) Warning C1004  Ambiguous reference, assuming memvar: 'CANOMES'
RH584.PRG(224) Warning C1003  Ambiguous reference: 'CPERI'
RH584.PRG(226) Warning C1004  Ambiguous reference, assuming memvar: 'AFUN'
RH584.PRG(227) Warning C1003  Ambiguous reference: 'CEVEN'
RH584.PRG(228) Warning C1003  Ambiguous reference: 'CEVEN'
RH584.PRG(228) Warning C1004  Ambiguous reference, assuming memvar: 'CEVEN'
RH584.PRG(242) Warning C1004  Ambiguous reference, assuming memvar: 'AFUN'
RH584.PRG(244) Warning C1001  RETURN statement with no value in function
RH584.PRG(253) Warning C1003  Ambiguous reference: 'CTITULO'
RH584.PRG(266) Warning C1001  RETURN statement with no value in function
RH584.PRG(274) Warning C1004  Ambiguous reference, assuming memvar: 'AFUN'
RH584.PRG(276) Warning C1004  Ambiguous reference, assuming memvar: 'NVAL12'
RH584.PRG(276) Warning C1004  Ambiguous reference, assuming memvar: 'NVAL11'
RH584.PRG(276) Warning C1004  Ambiguous reference, assuming memvar: 'NVAL10'
RH584.PRG(276) Warning C1004  Ambiguous reference, assuming memvar: 'NVAL9'
RH584.PRG(276) Warning C1004  Ambiguous reference, assuming memvar: 'NVAL8'
RH584.PRG(276) Warning C1004  Ambiguous reference, assuming memvar: 'NVAL7'
RH584.PRG(276) Warning C1004  Ambiguous reference, assuming memvar: 'NVAL6'
RH584.PRG(276) Warning C1004  Ambiguous reference, assuming memvar: 'NVAL5'
RH584.PRG(276) Warning C1004  Ambiguous reference, assuming memvar: 'NVAL4'
RH584.PRG(276) Warning C1004  Ambiguous reference, assuming memvar: 'NVAL3'
RH584.PRG(276) Warning C1004  Ambiguous reference, assuming memvar: 'NVAL2'
RH584.PRG(277) Warning C1004  Ambiguous reference, assuming memvar: 'NFRA12'
RH584.PRG(277) Warning C1004  Ambiguous reference, assuming memvar: 'NFRA11'
RH584.PRG(277) Warning C1004  Ambiguous reference, assuming memvar: 'NFRA10'
RH584.PRG(277) Warning C1004  Ambiguous reference, assuming memvar: 'NFRA9'
RH584.PRG(277) Warning C1004  Ambiguous reference, assuming memvar: 'NFRA8'
RH584.PRG(277) Warning C1004  Ambiguous reference, assuming memvar: 'NFRA7'
RH584.PRG(277) Warning C1004  Ambiguous reference, assuming memvar: 'NFRA6'
RH584.PRG(277) Warning C1004  Ambiguous reference, assuming memvar: 'NFRA5'
RH584.PRG(277) Warning C1004  Ambiguous reference, assuming memvar: 'NFRA4'
RH584.PRG(277) Warning C1004  Ambiguous reference, assuming memvar: 'NFRA3'
RH584.PRG(277) Warning C1004  Ambiguous reference, assuming memvar: 'NFRA2'
RH584.PRG(279) Warning C1003  Ambiguous reference: 'CEVEN'
RH584.PRG(279) Warning C1004  Ambiguous reference, assuming memvar: 'CFLAG'
RH584.PRG(281) Warning C1003  Ambiguous reference: 'CEVEN'
RH584.PRG(282) Warning C1003  Ambiguous reference: 'CEVEN'
RH584.PRG(282) Warning C1004  Ambiguous reference, assuming memvar: 'CEVENT'
RH584.PRG(283) Warning C1004  Ambiguous reference, assuming memvar: 'NCONT'
RH584.PRG(283) Warning C1004  Ambiguous reference, assuming memvar: 'NCONT'
RH584.PRG(283) Warning C1004  Ambiguous reference, assuming memvar: 'NCONT'
RH584.PRG(283) Warning C1003  Ambiguous reference: 'NCONT'
RH584.PRG(283) Warning C1004  Ambiguous reference, assuming memvar: 'AFUN'
RH584.PRG(284) Warning C1004  Ambiguous reference, assuming memvar: 'AFUN'
RH584.PRG(284) Warning C1003  Ambiguous reference: 'NCONT'
RH584.PRG(285) Warning C1004  Ambiguous reference, assuming memvar: 'AFUN'
RH584.PRG(285) Warning C1004  Ambiguous reference, assuming memvar: 'NCONT'
RH584.PRG(288) Warning C1004  Ambiguous reference, assuming memvar: 'AFUN'
RH584.PRG(288) Warning C1003  Ambiguous reference: 'NCONT'
RH584.PRG(288) Warning C1003  Ambiguous reference: 'CPERI'
RH584.PRG(288) Warning C1004  Ambiguous reference, assuming memvar: 'AFUN'
RH584.PRG(288) Warning C1003  Ambiguous reference: 'NCONT'
RH584.PRG(288) Warning C1003  Ambiguous reference: 'CEVENT'
RH584.PRG(289) Warning C1004  Ambiguous reference, assuming memvar: 'AFUN'
RH584.PRG(289) Warning C1003  Ambiguous reference: 'NCONT'
RH584.PRG(290) Warning C1004  Ambiguous reference, assuming memvar: 'AFUN'
RH584.PRG(290) Warning C1003  Ambiguous reference: 'NCONT'
RH584.PRG(291) Warning C1004  Ambiguous reference, assuming memvar: 'AFUN'
RH584.PRG(291) Warning C1003  Ambiguous reference: 'NCONT'
RH584.PRG(291) Warning C1003  Ambiguous reference: 'CPERI'
RH584.PRG(291) Warning C1004  Ambiguous reference, assuming memvar: 'AFUN'
RH584.PRG(291) Warning C1003  Ambiguous reference: 'NCONT'
RH584.PRG(291) Warning C1003  Ambiguous reference: 'CEVENT'
RH584.PRG(292) Warning C1003  Ambiguous reference: 'NVAL2'
RH584.PRG(292) Warning C1004  Ambiguous reference, assuming memvar: 'AFUN'
RH584.PRG(292) Warning C1003  Ambiguous reference: 'NCONT'
RH584.PRG(292) Warning C1004  Ambiguous reference, assuming memvar: 'NVAL2'
RH584.PRG(293) Warning C1003  Ambiguous reference: 'NFRA2'
RH584.PRG(293) Warning C1004  Ambiguous reference, assuming memvar: 'AFUN'
RH584.PRG(293) Warning C1003  Ambiguous reference: 'NCONT'
RH584.PRG(293) Warning C1004  Ambiguous reference, assuming memvar: 'NFRA2'
RH584.PRG(294) Warning C1004  Ambiguous reference, assuming memvar: 'AFUN'
RH584.PRG(294) Warning C1003  Ambiguous reference: 'NCONT'
RH584.PRG(294) Warning C1003  Ambiguous reference: 'CPERI'
RH584.PRG(294) Warning C1004  Ambiguous reference, assuming memvar: 'AFUN'
RH584.PRG(294) Warning C1003  Ambiguous reference: 'NCONT'
RH584.PRG(294) Warning C1003  Ambiguous reference: 'CEVENT'
RH584.PRG(295) Warning C1003  Ambiguous reference: 'NVAL3'
RH584.PRG(295) Warning C1004  Ambiguous reference, assuming memvar: 'AFUN'
RH584.PRG(295) Warning C1003  Ambiguous reference: 'NCONT'
RH584.PRG(295) Warning C1004  Ambiguous reference, assuming memvar: 'NVAL3'
RH584.PRG(296) Warning C1003  Ambiguous reference: 'NFRA3'
RH584.PRG(296) Warning C1004  Ambiguous reference, assuming memvar: 'AFUN'
RH584.PRG(296) Warning C1003  Ambiguous reference: 'NCONT'
RH584.PRG(296) Warning C1004  Ambiguous reference, assuming memvar: 'NFRA3'
RH584.PRG(297) Warning C1004  Ambiguous reference, assuming memvar: 'AFUN'
RH584.PRG(297) Warning C1003  Ambiguous reference: 'NCONT'
RH584.PRG(297) Warning C1003  Ambiguous reference: 'CPERI'
RH584.PRG(297) Warning C1004  Ambiguous reference, assuming memvar: 'AFUN'
RH584.PRG(297) Warning C1003  Ambiguous reference: 'NCONT'
RH584.PRG(297) Warning C1003  Ambiguous reference: 'CEVENT'
RH584.PRG(298) Warning C1003  Ambiguous reference: 'NVAL4'
RH584.PRG(298) Warning C1004  Ambiguous reference, assuming memvar: 'AFUN'
RH584.PRG(298) Warning C1003  Ambiguous reference: 'NCONT'
RH584.PRG(298) Warning C1004  Ambiguous reference, assuming memvar: 'NVAL4'
RH584.PRG(299) Warning C1003  Ambiguous reference: 'NFRA4'
RH584.PRG(299) Warning C1004  Ambiguous reference, assuming memvar: 'AFUN'
RH584.PRG(299) Warning C1003  Ambiguous reference: 'NCONT'
RH584.PRG(299) Warning C1004  Ambiguous reference, assuming memvar: 'NFRA4'
RH584.PRG(300) Warning C1004  Ambiguous reference, assuming memvar: 'AFUN'
RH584.PRG(300) Warning C1003  Ambiguous reference: 'NCONT'
RH584.PRG(300) Warning C1003  Ambiguous reference: 'CPERI'
RH584.PRG(300) Warning C1004  Ambiguous reference, assuming memvar: 'AFUN'
RH584.PRG(300) Warning C1003  Ambiguous reference: 'NCONT'
RH584.PRG(300) Warning C1003  Ambiguous reference: 'CEVENT'
RH584.PRG(301) Warning C1003  Ambiguous reference: 'NVAL5'
RH584.PRG(301) Warning C1004  Ambiguous reference, assuming memvar: 'AFUN'
RH584.PRG(301) Warning C1003  Ambiguous reference: 'NCONT'
RH584.PRG(301) Warning C1004  Ambiguous reference, assuming memvar: 'NVAL5'
RH584.PRG(302) Warning C1003  Ambiguous reference: 'NFRA5'
RH584.PRG(302) Warning C1004  Ambiguous reference, assuming memvar: 'AFUN'
RH584.PRG(302) Warning C1003  Ambiguous reference: 'NCONT'
RH584.PRG(302) Warning C1004  Ambiguous reference, assuming memvar: 'NFRA5'
RH584.PRG(303) Warning C1004  Ambiguous reference, assuming memvar: 'AFUN'
RH584.PRG(303) Warning C1003  Ambiguous reference: 'NCONT'
RH584.PRG(303) Warning C1003  Ambiguous reference: 'CPERI'
RH584.PRG(303) Warning C1004  Ambiguous reference, assuming memvar: 'AFUN'
RH584.PRG(303) Warning C1003  Ambiguous reference: 'NCONT'
RH584.PRG(303) Warning C1003  Ambiguous reference: 'CEVENT'
RH584.PRG(304) Warning C1003  Ambiguous reference: 'NVAL6'
RH584.PRG(304) Warning C1004  Ambiguous reference, assuming memvar: 'AFUN'
RH584.PRG(304) Warning C1003  Ambiguous reference: 'NCONT'
RH584.PRG(304) Warning C1004  Ambiguous reference, assuming memvar: 'NVAL6'
RH584.PRG(305) Warning C1003  Ambiguous reference: 'NFRA6'
RH584.PRG(305) Warning C1004  Ambiguous reference, assuming memvar: 'AFUN'
RH584.PRG(305) Warning C1003  Ambiguous reference: 'NCONT'
RH584.PRG(305) Warning C1004  Ambiguous reference, assuming memvar: 'NFRA6'
RH584.PRG(308) Warning C1003  Ambiguous reference: 'NVAL2'
RH584.PRG(308) Warning C1003  Ambiguous reference: 'NVAL3'
RH584.PRG(308) Warning C1003  Ambiguous reference: 'NVAL4'
RH584.PRG(308) Warning C1003  Ambiguous reference: 'NVAL5'
RH584.PRG(308) Warning C1003  Ambiguous reference: 'NVAL6'
RH584.PRG(311) Warning C1003  Ambiguous reference: 'CEVENT'
RH584.PRG(311) Warning C1003  Ambiguous reference: 'CEVENT'
RH584.PRG(318) Warning C1003  Ambiguous reference: 'NVAL2'
RH584.PRG(318) Warning C1003  Ambiguous reference: 'NFRA2'
RH584.PRG(318) Warning C1003  Ambiguous reference: 'NVAL3'
RH584.PRG(318) Warning C1003  Ambiguous reference: 'NFRA3'
RH584.PRG(318) Warning C1003  Ambiguous reference: 'NVAL4'
RH584.PRG(318) Warning C1003  Ambiguous reference: 'NFRA4'
RH584.PRG(318) Warning C1003  Ambiguous reference: 'NVAL5'
RH584.PRG(318) Warning C1003  Ambiguous reference: 'NFRA5'
RH584.PRG(318) Warning C1003  Ambiguous reference: 'NVAL6'
RH584.PRG(318) Warning C1003  Ambiguous reference: 'NFRA6'
RH584.PRG(318) Warning C1003  Ambiguous reference: 'NVAL2'
RH584.PRG(318) Warning C1003  Ambiguous reference: 'NVAL3'
RH584.PRG(318) Warning C1003  Ambiguous reference: 'NVAL4'
RH584.PRG(318) Warning C1003  Ambiguous reference: 'NVAL5'
RH584.PRG(318) Warning C1003  Ambiguous reference: 'NVAL6'
RH584.PRG(320) Warning C1004  Ambiguous reference, assuming memvar: 'NVAL12'
RH584.PRG(320) Warning C1004  Ambiguous reference, assuming memvar: 'NVAL11'
RH584.PRG(320) Warning C1004  Ambiguous reference, assuming memvar: 'NVAL10'
RH584.PRG(320) Warning C1004  Ambiguous reference, assuming memvar: 'NVAL9'
RH584.PRG(320) Warning C1004  Ambiguous reference, assuming memvar: 'NVAL8'
RH584.PRG(320) Warning C1004  Ambiguous reference, assuming memvar: 'NVAL7'
RH584.PRG(320) Warning C1004  Ambiguous reference, assuming memvar: 'NVAL6'
RH584.PRG(320) Warning C1004  Ambiguous reference, assuming memvar: 'NVAL5'
RH584.PRG(320) Warning C1004  Ambiguous reference, assuming memvar: 'NVAL4'
RH584.PRG(320) Warning C1004  Ambiguous reference, assuming memvar: 'NVAL3'
RH584.PRG(320) Warning C1004  Ambiguous reference, assuming memvar: 'NVAL2'
RH584.PRG(321) Warning C1004  Ambiguous reference, assuming memvar: 'NFRA12'
RH584.PRG(321) Warning C1004  Ambiguous reference, assuming memvar: 'NFRA11'
RH584.PRG(321) Warning C1004  Ambiguous reference, assuming memvar: 'NFRA10'
RH584.PRG(321) Warning C1004  Ambiguous reference, assuming memvar: 'NFRA9'
RH584.PRG(321) Warning C1004  Ambiguous reference, assuming memvar: 'NFRA8'
RH584.PRG(321) Warning C1004  Ambiguous reference, assuming memvar: 'NFRA7'
RH584.PRG(321) Warning C1004  Ambiguous reference, assuming memvar: 'NFRA6'
RH584.PRG(321) Warning C1004  Ambiguous reference, assuming memvar: 'NFRA5'
RH584.PRG(321) Warning C1004  Ambiguous reference, assuming memvar: 'NFRA4'
RH584.PRG(321) Warning C1004  Ambiguous reference, assuming memvar: 'NFRA3'
RH584.PRG(321) Warning C1004  Ambiguous reference, assuming memvar: 'NFRA2'
RH584.PRG(322) Warning C1003  Ambiguous reference: 'CEVEN'
RH584.PRG(322) Warning C1004  Ambiguous reference, assuming memvar: 'CNUM'
RH584.PRG(323) Warning C1003  Ambiguous reference: 'CEVEN'
RH584.PRG(323) Warning C1003  Ambiguous reference: 'CNUM'
RH584.PRG(323) Warning C1004  Ambiguous reference, assuming memvar: 'CEVEN'
RH584.PRG(326) Warning C1004  Ambiguous reference, assuming memvar: 'NVAL12'
RH584.PRG(326) Warning C1004  Ambiguous reference, assuming memvar: 'NVAL11'
RH584.PRG(326) Warning C1004  Ambiguous reference, assuming memvar: 'NVAL10'
RH584.PRG(326) Warning C1004  Ambiguous reference, assuming memvar: 'NVAL9'
RH584.PRG(326) Warning C1004  Ambiguous reference, assuming memvar: 'NVAL8'
RH584.PRG(326) Warning C1004  Ambiguous reference, assuming memvar: 'NVAL7'
RH584.PRG(326) Warning C1004  Ambiguous reference, assuming memvar: 'NVAL6'
RH584.PRG(326) Warning C1004  Ambiguous reference, assuming memvar: 'NVAL5'
RH584.PRG(326) Warning C1004  Ambiguous reference, assuming memvar: 'NVAL4'
RH584.PRG(326) Warning C1004  Ambiguous reference, assuming memvar: 'NVAL3'
RH584.PRG(326) Warning C1004  Ambiguous reference, assuming memvar: 'NVAL2'
RH584.PRG(327) Warning C1004  Ambiguous reference, assuming memvar: 'NFRA12'
RH584.PRG(327) Warning C1004  Ambiguous reference, assuming memvar: 'NFRA11'
RH584.PRG(327) Warning C1004  Ambiguous reference, assuming memvar: 'NFRA10'
RH584.PRG(327) Warning C1004  Ambiguous reference, assuming memvar: 'NFRA9'
RH584.PRG(327) Warning C1004  Ambiguous reference, assuming memvar: 'NFRA8'
RH584.PRG(327) Warning C1004  Ambiguous reference, assuming memvar: 'NFRA7'
RH584.PRG(327) Warning C1004  Ambiguous reference, assuming memvar: 'NFRA6'
RH584.PRG(327) Warning C1004  Ambiguous reference, assuming memvar: 'NFRA5'
RH584.PRG(327) Warning C1004  Ambiguous reference, assuming memvar: 'NFRA4'
RH584.PRG(327) Warning C1004  Ambiguous reference, assuming memvar: 'NFRA3'
RH584.PRG(327) Warning C1004  Ambiguous reference, assuming memvar: 'NFRA2'
RH584.PRG(330) Warning C1004  Ambiguous reference, assuming memvar: 'CVAL'
RH584.PRG(331) Warning C1003  Ambiguous reference: 'CVAL'
RH584.PRG(333) Warning C1004  Ambiguous reference, assuming memvar: 'CVAL'
RH584.PRG(334) Warning C1003  Ambiguous reference: 'CVAL'
RH584.PRG(336) Warning C1004  Ambiguous reference, assuming memvar: 'CVAL'
RH584.PRG(337) Warning C1003  Ambiguous reference: 'CVAL'
RH584.PRG(339) Warning C1004  Ambiguous reference, assuming memvar: 'CVAL'
RH584.PRG(340) Warning C1003  Ambiguous reference: 'CVAL'
RH584.PRG(342) Warning C1004  Ambiguous reference, assuming memvar: 'CVAL'
RH584.PRG(343) Warning C1003  Ambiguous reference: 'CVAL'
RH584.PRG(345) Warning C1003  Ambiguous reference: 'CFLAG'
RH584.PRG(345) Warning C1004  Ambiguous reference, assuming memvar: 'CEVEN'
RH584.PRG(349) Warning C1003  Ambiguous reference: 'CEVEN'
RH584.PRG(350) Warning C1003  Ambiguous reference: 'CEVEN'
RH584.PRG(350) Warning C1004  Ambiguous reference, assuming memvar: 'CEVENT'
RH584.PRG(351) Warning C1004  Ambiguous reference, assuming memvar: 'NCONT'
RH584.PRG(351) Warning C1004  Ambiguous reference, assuming memvar: 'NCONT'
RH584.PRG(351) Warning C1004  Ambiguous reference, assuming memvar: 'NCONT'
RH584.PRG(351) Warning C1003  Ambiguous reference: 'NCONT'
RH584.PRG(351) Warning C1004  Ambiguous reference, assuming memvar: 'AFUN'
RH584.PRG(353) Warning C1004  Ambiguous reference, assuming memvar: 'AFUN'
RH584.PRG(353) Warning C1003  Ambiguous reference: 'NCONT'
RH584.PRG(353) Warning C1003  Ambiguous reference: 'CPERI'
RH584.PRG(353) Warning C1004  Ambiguous reference, assuming memvar: 'AFUN'
RH584.PRG(353) Warning C1003  Ambiguous reference: 'NCONT'
RH584.PRG(353) Warning C1003  Ambiguous reference: 'CEVENT'
RH584.PRG(354) Warning C1004  Ambiguous reference, assuming memvar: 'AFUN'
RH584.PRG(354) Warning C1003  Ambiguous reference: 'NCONT'
RH584.PRG(355) Warning C1004  Ambiguous reference, assuming memvar: 'AFUN'
RH584.PRG(355) Warning C1003  Ambiguous reference: 'NCONT'
RH584.PRG(356) Warning C1004  Ambiguous reference, assuming memvar: 'AFUN'
RH584.PRG(356) Warning C1003  Ambiguous reference: 'NCONT'
RH584.PRG(356) Warning C1003  Ambiguous reference: 'CPERI'
RH584.PRG(356) Warning C1004  Ambiguous reference, assuming memvar: 'AFUN'
RH584.PRG(356) Warning C1003  Ambiguous reference: 'NCONT'
RH584.PRG(356) Warning C1003  Ambiguous reference: 'CEVENT'
RH584.PRG(357) Warning C1003  Ambiguous reference: 'NVAL2'
RH584.PRG(357) Warning C1004  Ambiguous reference, assuming memvar: 'AFUN'
RH584.PRG(357) Warning C1003  Ambiguous reference: 'NCONT'
RH584.PRG(357) Warning C1004  Ambiguous reference, assuming memvar: 'NVAL2'
RH584.PRG(358) Warning C1003  Ambiguous reference: 'NFRA2'
RH584.PRG(358) Warning C1004  Ambiguous reference, assuming memvar: 'AFUN'
RH584.PRG(358) Warning C1003  Ambiguous reference: 'NCONT'
RH584.PRG(358) Warning C1004  Ambiguous reference, assuming memvar: 'NFRA2'
RH584.PRG(359) Warning C1004  Ambiguous reference, assuming memvar: 'AFUN'
RH584.PRG(359) Warning C1003  Ambiguous reference: 'NCONT'
RH584.PRG(359) Warning C1003  Ambiguous reference: 'CPERI'
RH584.PRG(359) Warning C1004  Ambiguous reference, assuming memvar: 'AFUN'
RH584.PRG(359) Warning C1003  Ambiguous reference: 'NCONT'
RH584.PRG(359) Warning C1003  Ambiguous reference: 'CEVENT'
RH584.PRG(360) Warning C1003  Ambiguous reference: 'NVAL3'
RH584.PRG(360) Warning C1004  Ambiguous reference, assuming memvar: 'AFUN'
RH584.PRG(360) Warning C1003  Ambiguous reference: 'NCONT'
RH584.PRG(360) Warning C1004  Ambiguous reference, assuming memvar: 'NVAL3'
RH584.PRG(361) Warning C1003  Ambiguous reference: 'NFRA3'
RH584.PRG(361) Warning C1004  Ambiguous reference, assuming memvar: 'AFUN'
RH584.PRG(361) Warning C1003  Ambiguous reference: 'NCONT'
RH584.PRG(361) Warning C1004  Ambiguous reference, assuming memvar: 'NFRA3'
RH584.PRG(362) Warning C1004  Ambiguous reference, assuming memvar: 'AFUN'
RH584.PRG(362) Warning C1003  Ambiguous reference: 'NCONT'
RH584.PRG(362) Warning C1003  Ambiguous reference: 'CPERI'
RH584.PRG(362) Warning C1004  Ambiguous reference, assuming memvar: 'AFUN'
RH584.PRG(362) Warning C1003  Ambiguous reference: 'NCONT'
RH584.PRG(362) Warning C1003  Ambiguous reference: 'CEVENT'
RH584.PRG(363) Warning C1003  Ambiguous reference: 'NVAL4'
RH584.PRG(363) Warning C1004  Ambiguous reference, assuming memvar: 'AFUN'
RH584.PRG(363) Warning C1003  Ambiguous reference: 'NCONT'
RH584.PRG(363) Warning C1004  Ambiguous reference, assuming memvar: 'NVAL4'
RH584.PRG(364) Warning C1003  Ambiguous reference: 'NFRA4'
RH584.PRG(364) Warning C1004  Ambiguous reference, assuming memvar: 'AFUN'
RH584.PRG(364) Warning C1003  Ambiguous reference: 'NCONT'
RH584.PRG(364) Warning C1004  Ambiguous reference, assuming memvar: 'NFRA4'
RH584.PRG(365) Warning C1004  Ambiguous reference, assuming memvar: 'AFUN'
RH584.PRG(365) Warning C1003  Ambiguous reference: 'NCONT'
RH584.PRG(365) Warning C1003  Ambiguous reference: 'CPERI'
RH584.PRG(365) Warning C1004  Ambiguous reference, assuming memvar: 'AFUN'
RH584.PRG(365) Warning C1003  Ambiguous reference: 'NCONT'
RH584.PRG(365) Warning C1003  Ambiguous reference: 'CEVENT'
RH584.PRG(366) Warning C1003  Ambiguous reference: 'NVAL5'
RH584.PRG(366) Warning C1004  Ambiguous reference, assuming memvar: 'AFUN'
RH584.PRG(366) Warning C1003  Ambiguous reference: 'NCONT'
RH584.PRG(366) Warning C1004  Ambiguous reference, assuming memvar: 'NVAL5'
RH584.PRG(367) Warning C1003  Ambiguous reference: 'NFRA5'
RH584.PRG(367) Warning C1004  Ambiguous reference, assuming memvar: 'AFUN'
RH584.PRG(367) Warning C1003  Ambiguous reference: 'NCONT'
RH584.PRG(367) Warning C1004  Ambiguous reference, assuming memvar: 'NFRA5'
RH584.PRG(368) Warning C1004  Ambiguous reference, assuming memvar: 'AFUN'
RH584.PRG(368) Warning C1003  Ambiguous reference: 'NCONT'
RH584.PRG(368) Warning C1003  Ambiguous reference: 'CPERI'
RH584.PRG(368) Warning C1004  Ambiguous reference, assuming memvar: 'AFUN'
RH584.PRG(368) Warning C1003  Ambiguous reference: 'NCONT'
RH584.PRG(368) Warning C1003  Ambiguous reference: 'CEVENT'
RH584.PRG(369) Warning C1003  Ambiguous reference: 'NVAL6'
RH584.PRG(369) Warning C1004  Ambiguous reference, assuming memvar: 'AFUN'
RH584.PRG(369) Warning C1003  Ambiguous reference: 'NCONT'
RH584.PRG(369) Warning C1004  Ambiguous reference, assuming memvar: 'NVAL6'
RH584.PRG(370) Warning C1003  Ambiguous reference: 'NFRA6'
RH584.PRG(370) Warning C1004  Ambiguous reference, assuming memvar: 'AFUN'
RH584.PRG(370) Warning C1003  Ambiguous reference: 'NCONT'
RH584.PRG(370) Warning C1004  Ambiguous reference, assuming memvar: 'NFRA6'
RH584.PRG(373) Warning C1003  Ambiguous reference: 'NVAL2'
RH584.PRG(373) Warning C1003  Ambiguous reference: 'NVAL3'
RH584.PRG(373) Warning C1003  Ambiguous reference: 'NVAL4'
RH584.PRG(373) Warning C1003  Ambiguous reference: 'NVAL5'
RH584.PRG(373) Warning C1003  Ambiguous reference: 'NVAL6'
RH584.PRG(376) Warning C1003  Ambiguous reference: 'CEVENT'
RH584.PRG(376) Warning C1003  Ambiguous reference: 'CEVENT'
RH584.PRG(383) Warning C1003  Ambiguous reference: 'NVAL2'
RH584.PRG(383) Warning C1003  Ambiguous reference: 'NFRA2'
RH584.PRG(383) Warning C1003  Ambiguous reference: 'NVAL3'
RH584.PRG(383) Warning C1003  Ambiguous reference: 'NFRA3'
RH584.PRG(383) Warning C1003  Ambiguous reference: 'NVAL4'
RH584.PRG(383) Warning C1003  Ambiguous reference: 'NFRA4'
RH584.PRG(383) Warning C1003  Ambiguous reference: 'NVAL5'
RH584.PRG(383) Warning C1003  Ambiguous reference: 'NFRA5'
RH584.PRG(383) Warning C1003  Ambiguous reference: 'NVAL6'
RH584.PRG(383) Warning C1003  Ambiguous reference: 'NFRA6'
RH584.PRG(383) Warning C1003  Ambiguous reference: 'NVAL2'
RH584.PRG(383) Warning C1003  Ambiguous reference: 'NVAL3'
RH584.PRG(383) Warning C1003  Ambiguous reference: 'NVAL4'
RH584.PRG(383) Warning C1003  Ambiguous reference: 'NVAL5'
RH584.PRG(383) Warning C1003  Ambiguous reference: 'NVAL6'
RH584.PRG(385) Warning C1004  Ambiguous reference, assuming memvar: 'NVAL12'
RH584.PRG(385) Warning C1004  Ambiguous reference, assuming memvar: 'NVAL11'
RH584.PRG(385) Warning C1004  Ambiguous reference, assuming memvar: 'NVAL10'
RH584.PRG(385) Warning C1004  Ambiguous reference, assuming memvar: 'NVAL9'
RH584.PRG(385) Warning C1004  Ambiguous reference, assuming memvar: 'NVAL8'
RH584.PRG(385) Warning C1004  Ambiguous reference, assuming memvar: 'NVAL7'
RH584.PRG(385) Warning C1004  Ambiguous reference, assuming memvar: 'NVAL6'
RH584.PRG(385) Warning C1004  Ambiguous reference, assuming memvar: 'NVAL5'
RH584.PRG(385) Warning C1004  Ambiguous reference, assuming memvar: 'NVAL4'
RH584.PRG(385) Warning C1004  Ambiguous reference, assuming memvar: 'NVAL3'
RH584.PRG(385) Warning C1004  Ambiguous reference, assuming memvar: 'NVAL2'
RH584.PRG(386) Warning C1004  Ambiguous reference, assuming memvar: 'NFRA12'
RH584.PRG(386) Warning C1004  Ambiguous reference, assuming memvar: 'NFRA11'
RH584.PRG(386) Warning C1004  Ambiguous reference, assuming memvar: 'NFRA10'
RH584.PRG(386) Warning C1004  Ambiguous reference, assuming memvar: 'NFRA9'
RH584.PRG(386) Warning C1004  Ambiguous reference, assuming memvar: 'NFRA8'
RH584.PRG(386) Warning C1004  Ambiguous reference, assuming memvar: 'NFRA7'
RH584.PRG(386) Warning C1004  Ambiguous reference, assuming memvar: 'NFRA6'
RH584.PRG(386) Warning C1004  Ambiguous reference, assuming memvar: 'NFRA5'
RH584.PRG(386) Warning C1004  Ambiguous reference, assuming memvar: 'NFRA4'
RH584.PRG(386) Warning C1004  Ambiguous reference, assuming memvar: 'NFRA3'
RH584.PRG(386) Warning C1004  Ambiguous reference, assuming memvar: 'NFRA2'
RH584.PRG(387) Warning C1003  Ambiguous reference: 'CEVEN'
RH584.PRG(387) Warning C1004  Ambiguous reference, assuming memvar: 'CNUM'
RH584.PRG(388) Warning C1003  Ambiguous reference: 'CEVEN'
RH584.PRG(388) Warning C1003  Ambiguous reference: 'CNUM'
RH584.PRG(388) Warning C1004  Ambiguous reference, assuming memvar: 'CEVEN'
RH584.PRG(392) Warning C1004  Ambiguous reference, assuming memvar: 'CVAL'
RH584.PRG(393) Warning C1003  Ambiguous reference: 'CVAL'
RH584.PRG(395) Warning C1004  Ambiguous reference, assuming memvar: 'CVAL'
RH584.PRG(396) Warning C1003  Ambiguous reference: 'CVAL'
RH584.PRG(398) Warning C1004  Ambiguous reference, assuming memvar: 'CVAL'
RH584.PRG(399) Warning C1003  Ambiguous reference: 'CVAL'
RH584.PRG(401) Warning C1004  Ambiguous reference, assuming memvar: 'CVAL'
RH584.PRG(402) Warning C1003  Ambiguous reference: 'CVAL'
RH584.PRG(404) Warning C1004  Ambiguous reference, assuming memvar: 'CVAL'
RH584.PRG(405) Warning C1003  Ambiguous reference: 'CVAL'
RH584.PRG(408) Warning C1001  RETURN statement with no value in function
RH584.PRG(411) Warning C1004  Ambiguous reference, assuming memvar: 'NCONT'
RH584.PRG(411) Warning C1004  Ambiguous reference, assuming memvar: 'NCONT'
RH584.PRG(411) Warning C1004  Ambiguous reference, assuming memvar: 'NCONT'
RH584.PRG(411) Warning C1003  Ambiguous reference: 'NCONT'
RH584.PRG(412) Warning C1003  Ambiguous reference: 'CANOMES'
RH584.PRG(412) Warning C1003  Ambiguous reference: 'NCONT'
RH584.PRG(414) Warning C1003  Ambiguous reference: 'NCONT'
RH584.PRG(416) Warning C1003  Ambiguous reference: 'NCONT'
RH584.PRG(418) Warning C1003  Ambiguous reference: 'NCONT'
RH584.PRG(420) Warning C1003  Ambiguous reference: 'NCONT'
RH584.PRG(422) Warning C1003  Ambiguous reference: 'NCONT'
RH584.PRG(424) Warning C1003  Ambiguous reference: 'NCONT'
RH584.PRG(429) Warning C1003  Ambiguous reference: 'NCONT'
RH584.PRG(431) Warning C1003  Ambiguous reference: 'NCONT'
RH584.PRG(433) Warning C1003  Ambiguous reference: 'NCONT'
RH584.PRG(435) Warning C1003  Ambiguous reference: 'NCONT'
RH584.PRG(437) Warning C1003  Ambiguous reference: 'NCONT'
RH584.PRG(439) Warning C1003  Ambiguous reference: 'NCONT'
RH584.PRG(444) Warning C1001  RETURN statement with no value in function
RH584.PRG(447) Warning C1004  Ambiguous reference, assuming memvar: 'NCONT'
RH584.PRG(447) Warning C1004  Ambiguous reference, assuming memvar: 'NCONT'
RH584.PRG(447) Warning C1004  Ambiguous reference, assuming memvar: 'NCONT'
RH584.PRG(447) Warning C1003  Ambiguous reference: 'NCONT'
RH584.PRG(448) Warning C1003  Ambiguous reference: 'CANOMES'
RH584.PRG(448) Warning C1003  Ambiguous reference: 'NCONT'
RH584.PRG(450) Warning C1003  Ambiguous reference: 'NCONT'
RH584.PRG(452) Warning C1003  Ambiguous reference: 'NCONT'
RH584.PRG(454) Warning C1003  Ambiguous reference: 'NCONT'
RH584.PRG(456) Warning C1003  Ambiguous reference: 'NCONT'
RH584.PRG(458) Warning C1003  Ambiguous reference: 'NCONT'
RH584.PRG(460) Warning C1003  Ambiguous reference: 'NCONT'
RH584.PRG(465) Warning C1003  Ambiguous reference: 'NCONT'
RH584.PRG(467) Warning C1003  Ambiguous reference: 'NCONT'
RH584.PRG(469) Warning C1003  Ambiguous reference: 'NCONT'
RH584.PRG(471) Warning C1003  Ambiguous reference: 'NCONT'
RH584.PRG(473) Warning C1003  Ambiguous reference: 'NCONT'
RH584.PRG(475) Warning C1003  Ambiguous reference: 'NCONT'
RH584.PRG(481) Warning C1001  RETURN statement with no value in function
496 warnings                
Code size 6601, Symbols 1760, Constants 2887
