312K available
Compiling RH586.PRG
RH586.PRG(14)  Warning C1003  Ambiguous reference: 'XNIVEL'
RH586.PRG(14)  Warning C1003  Ambiguous reference: 'XFLAG'
RH586.PRG(14)  Warning C1003  Ambiguous reference: 'XNIVEL'
RH586.PRG(15)  Warning C1004  Ambiguous reference, assuming memvar: 'NEVENTO134'
RH586.PRG(16)  Warning C1004  Ambiguous reference, assuming memvar: 'NEVENTO135'
RH586.PRG(17)  Warning C1004  Ambiguous reference, assuming memvar: 'NEVENTO136'
RH586.PRG(18)  Warning C1004  Ambiguous reference, assuming memvar: 'NEVENTO137'
RH586.PRG(19)  Warning C1004  Ambiguous reference, assuming memvar: 'NEVENTO138'
RH586.PRG(20)  Warning C1004  Ambiguous reference, assuming memvar: 'NEVENTO139'
RH586.PRG(21)  Warning C1004  Ambiguous reference, assuming memvar: 'NEVENTO140'
RH586.PRG(22)  Warning C1004  Ambiguous reference, assuming memvar: 'NEVENTO142'
RH586.PRG(23)  Warning C1004  Ambiguous reference, assuming memvar: 'NEVENTO143'
RH586.PRG(24)  Warning C1004  Ambiguous reference, assuming memvar: 'CANOBASE'
RH586.PRG(26)  Warning C1004  Ambiguous reference, assuming memvar: 'AEDICAO'
RH586.PRG(27)  Warning C1004  Ambiguous reference, assuming memvar: 'CTITULO'
RH586.PRG(31)  Warning C1003  Ambiguous reference: 'AEDICAO'
RH586.PRG(31)  Warning C1003  Ambiguous reference: 'CMATRICULA'
RH586.PRG(32)  Warning C1003  Ambiguous reference: 'AEDICAO'
RH586.PRG(33)  Warning C1003  Ambiguous reference: 'AEDICAO'
RH586.PRG(33)  Warning C1003  Ambiguous reference: 'CANOBASE'
RH586.PRG(38)  Warning C1004  Ambiguous reference, assuming memvar: 'XNIVEL'
RH586.PRG(39)  Warning C1004  Ambiguous reference, assuming memvar: 'XFLAG'
RH586.PRG(40)  Warning C1004  Ambiguous reference, assuming memvar: 'CMATRICULA'
RH586.PRG(44)  Warning C1003  Ambiguous reference: 'XNIVEL'
RH586.PRG(44)  Warning C1003  Ambiguous reference: 'XNIVEL'
RH586.PRG(44)  Warning C1003  Ambiguous reference: 'AEDICAO'
RH586.PRG(45)  Warning C1004  Ambiguous reference, assuming memvar: 'AEDICAO'
RH586.PRG(45)  Warning C1003  Ambiguous reference: 'XNIVEL'
RH586.PRG(47)  Warning C1004  Ambiguous reference, assuming memvar: 'AEDICAO'
RH586.PRG(47)  Warning C1003  Ambiguous reference: 'XNIVEL'
RH586.PRG(48)  Warning C1003  Ambiguous reference: 'XFLAG'
RH586.PRG(48)  Warning C1004  Ambiguous reference, assuming memvar: 'XNIVEL'
RH586.PRG(48)  Warning C1004  Ambiguous reference, assuming memvar: 'XNIVEL'
RH586.PRG(48)  Warning C1004  Ambiguous reference, assuming memvar: 'XNIVEL'
RH586.PRG(48)  Warning C1004  Ambiguous reference, assuming memvar: 'XNIVEL'
RH586.PRG(61)  Warning C1003  Ambiguous reference: 'XFLAG'
RH586.PRG(67)  Warning C1003  Ambiguous reference: 'CMATRICULA'
RH586.PRG(68)  Warning C1003  Ambiguous reference: 'XNIVEL'
RH586.PRG(68)  Warning C1003  Ambiguous reference: 'CMATRICULA'
RH586.PRG(68)  Warning C1004  Ambiguous reference, assuming memvar: 'CMATRICULA'
RH586.PRG(69)  Warning C1003  Ambiguous reference: 'CMATRICULA'
RH586.PRG(73)  Warning C1003  Ambiguous reference: 'XNIVEL'
RH586.PRG(76)  Warning C1003  Ambiguous reference: 'XNIVEL'
RH586.PRG(79)  Warning C1003  Ambiguous reference: 'CANOBASE'
RH586.PRG(87)  Warning C1003  Ambiguous reference: 'ANOMES'
RH586.PRG(87)  Warning C1003  Ambiguous reference: 'CANOBASE'
RH586.PRG(103) Warning C1001  RETURN statement with no value in function
RH586.PRG(105) Warning C1003  Ambiguous reference: 'XCOND1'
RH586.PRG(107) Warning C1003  Ambiguous reference: 'CMATRICULA'
RH586.PRG(108) Warning C1003  Ambiguous reference: 'CMATRICULA'
RH586.PRG(120) Warning C1003  Ambiguous reference: 'CMATRICULA'
RH586.PRG(128) Warning C1003  Ambiguous reference: 'CANOBASE'
RH586.PRG(130) Warning C1004  Ambiguous reference, assuming memvar: 'NEVENTO134'
RH586.PRG(130) Warning C1004  Ambiguous reference, assuming memvar: 'NEVENTO134'
RH586.PRG(133) Warning C1004  Ambiguous reference, assuming memvar: 'NEVENTO135'
RH586.PRG(133) Warning C1004  Ambiguous reference, assuming memvar: 'NEVENTO135'
RH586.PRG(136) Warning C1004  Ambiguous reference, assuming memvar: 'NEVENTO136'
RH586.PRG(136) Warning C1004  Ambiguous reference, assuming memvar: 'NEVENTO136'
RH586.PRG(139) Warning C1004  Ambiguous reference, assuming memvar: 'NEVENTO137'
RH586.PRG(139) Warning C1004  Ambiguous reference, assuming memvar: 'NEVENTO137'
RH586.PRG(142) Warning C1004  Ambiguous reference, assuming memvar: 'NEVENTO138'
RH586.PRG(142) Warning C1004  Ambiguous reference, assuming memvar: 'NEVENTO138'
RH586.PRG(145) Warning C1004  Ambiguous reference, assuming memvar: 'NEVENTO139'
RH586.PRG(145) Warning C1004  Ambiguous reference, assuming memvar: 'NEVENTO139'
RH586.PRG(148) Warning C1004  Ambiguous reference, assuming memvar: 'NEVENTO140'
RH586.PRG(148) Warning C1004  Ambiguous reference, assuming memvar: 'NEVENTO140'
RH586.PRG(151) Warning C1004  Ambiguous reference, assuming memvar: 'NEVENTO142'
RH586.PRG(151) Warning C1004  Ambiguous reference, assuming memvar: 'NEVENTO142'
RH586.PRG(154) Warning C1004  Ambiguous reference, assuming memvar: 'NEVENTO143'
RH586.PRG(154) Warning C1004  Ambiguous reference, assuming memvar: 'NEVENTO143'
RH586.PRG(160) Warning C1001  RETURN statement with no value in function
RH586.PRG(162) Warning C1003  Ambiguous reference: 'XPAGINA'
RH586.PRG(164) Warning C1003  Ambiguous reference: 'CTITULO'
RH586.PRG(167) Warning C1003  Ambiguous reference: 'NEVENTO134'
RH586.PRG(167) Warning C1003  Ambiguous reference: 'NEVENTO135'
RH586.PRG(167) Warning C1003  Ambiguous reference: 'NEVENTO136'
RH586.PRG(167) Warning C1003  Ambiguous reference: 'NEVENTO137'
RH586.PRG(167) Warning C1003  Ambiguous reference: 'NEVENTO138'
RH586.PRG(167) Warning C1003  Ambiguous reference: 'NEVENTO139'
RH586.PRG(167) Warning C1003  Ambiguous reference: 'NEVENTO140'
RH586.PRG(167) Warning C1003  Ambiguous reference: 'NEVENTO142'
RH586.PRG(167) Warning C1003  Ambiguous reference: 'NEVENTO143'
RH586.PRG(168) Warning C1003  Ambiguous reference: 'CMATRICULA'
RH586.PRG(177) Warning C1003  Ambiguous reference: 'NEVENTO134'
RH586.PRG(178) Warning C1003  Ambiguous reference: 'NEVENTO135'
RH586.PRG(179) Warning C1003  Ambiguous reference: 'NEVENTO136'
RH586.PRG(180) Warning C1003  Ambiguous reference: 'NEVENTO137'
RH586.PRG(181) Warning C1003  Ambiguous reference: 'NEVENTO138'
RH586.PRG(182) Warning C1003  Ambiguous reference: 'NEVENTO139'
RH586.PRG(183) Warning C1003  Ambiguous reference: 'NEVENTO140'
RH586.PRG(184) Warning C1003  Ambiguous reference: 'NEVENTO142'
RH586.PRG(185) Warning C1003  Ambiguous reference: 'NEVENTO143'
RH586.PRG(188) Warning C1004  Ambiguous reference, assuming memvar: 'NEVENTO134'
RH586.PRG(189) Warning C1004  Ambiguous reference, assuming memvar: 'NEVENTO135'
RH586.PRG(190) Warning C1004  Ambiguous reference, assuming memvar: 'NEVENTO136'
RH586.PRG(191) Warning C1004  Ambiguous reference, assuming memvar: 'NEVENTO137'
RH586.PRG(192) Warning C1004  Ambiguous reference, assuming memvar: 'NEVENTO138'
RH586.PRG(193) Warning C1004  Ambiguous reference, assuming memvar: 'NEVENTO139'
RH586.PRG(194) Warning C1004  Ambiguous reference, assuming memvar: 'NEVENTO140'
RH586.PRG(195) Warning C1004  Ambiguous reference, assuming memvar: 'NEVENTO142'
RH586.PRG(196) Warning C1004  Ambiguous reference, assuming memvar: 'NEVENTO143'
RH586.PRG(200) Warning C1003  Ambiguous reference: 'CMATRICULA'
RH586.PRG(210) Warning C1001  RETURN statement with no value in function
103 warnings                
Code size 2172, Symbols 800, Constants 1684
