238K available
Compiling RH594.PRG
RH594.PRG(12)  Warning C1003  Ambiguous reference: 'XNIVEL'
RH594.PRG(12)  Warning C1003  Ambiguous reference: 'XFLAG'
RH594.PRG(14)  Warning C1003  Ambiguous reference: 'MATRICULA'
RH594.PRG(15)  Warning C1003  Ambiguous reference: 'MATRICULA'
RH594.PRG(23)  Warning C1004  Ambiguous reference, assuming memvar: 'AEDICAO'
RH594.PRG(27)  Warning C1003  Ambiguous reference: 'AEDICAO'
RH594.PRG(27)  Warning C1003  Ambiguous reference: 'CPERI'
RH594.PRG(28)  Warning C1003  Ambiguous reference: 'AEDICAO'
RH594.PRG(28)  Warning C1003  Ambiguous reference: 'CPERF'
RH594.PRG(33)  Warning C1004  Ambiguous reference, assuming memvar: 'CPERI'
RH594.PRG(34)  Warning C1004  Ambiguous reference, assuming memvar: 'CPERF'
RH594.PRG(35)  Warning C1004  Ambiguous reference, assuming memvar: 'XNIVEL'
RH594.PRG(36)  Warning C1004  Ambiguous reference, assuming memvar: 'XFLAG'
RH594.PRG(37)  Warning C1004  Ambiguous reference, assuming memvar: 'CORDEM'
RH594.PRG(38)  Warning C1004  Ambiguous reference, assuming memvar: 'CTIPO'
RH594.PRG(39)  Warning C1004  Ambiguous reference, assuming memvar: 'CFILIAL'
RH594.PRG(43)  Warning C1003  Ambiguous reference: 'XNIVEL'
RH594.PRG(43)  Warning C1003  Ambiguous reference: 'XNIVEL'
RH594.PRG(43)  Warning C1003  Ambiguous reference: 'AEDICAO'
RH594.PRG(44)  Warning C1004  Ambiguous reference, assuming memvar: 'AEDICAO'
RH594.PRG(44)  Warning C1003  Ambiguous reference: 'XNIVEL'
RH594.PRG(46)  Warning C1004  Ambiguous reference, assuming memvar: 'AEDICAO'
RH594.PRG(46)  Warning C1003  Ambiguous reference: 'XNIVEL'
RH594.PRG(47)  Warning C1003  Ambiguous reference: 'XFLAG'
RH594.PRG(47)  Warning C1004  Ambiguous reference, assuming memvar: 'XNIVEL'
RH594.PRG(47)  Warning C1004  Ambiguous reference, assuming memvar: 'XNIVEL'
RH594.PRG(47)  Warning C1004  Ambiguous reference, assuming memvar: 'XNIVEL'
RH594.PRG(47)  Warning C1004  Ambiguous reference, assuming memvar: 'XNIVEL'
RH594.PRG(50)  Warning C1003  Ambiguous reference: 'CPERF'
RH594.PRG(50)  Warning C1003  Ambiguous reference: 'CPERF'
RH594.PRG(50)  Warning C1003  Ambiguous reference: 'CPERF'
RH594.PRG(50)  Warning C1004  Ambiguous reference, assuming memvar: 'CPERF'
RH594.PRG(51)  Warning C1003  Ambiguous reference: 'CPERI'
RH594.PRG(51)  Warning C1003  Ambiguous reference: 'CPERI'
RH594.PRG(51)  Warning C1003  Ambiguous reference: 'CPERI'
RH594.PRG(51)  Warning C1004  Ambiguous reference, assuming memvar: 'CPERI'
RH594.PRG(53)  Warning C1003  Ambiguous reference: 'CPERI'
RH594.PRG(54)  Warning C1003  Ambiguous reference: 'CPERF'
RH594.PRG(89)  Warning C1004  Ambiguous reference, assuming memvar: 'CTITULO'
RH594.PRG(107) Warning C1001  RETURN statement with no value in function
RH594.PRG(109) Warning C1004  Ambiguous reference, assuming memvar: 'ZMATRICULA'
RH594.PRG(124) Warning C1004  Ambiguous reference, assuming memvar: 'ZDATA'
RH594.PRG(128) Warning C1003  Ambiguous reference: 'XPAGINA'
RH594.PRG(128) Warning C1003  Ambiguous reference: 'ZMATRICULA'
RH594.PRG(131) Warning C1003  Ambiguous reference: 'CTITULO'
RH594.PRG(137) Warning C1003  Ambiguous reference: 'CPERI'
RH594.PRG(137) Warning C1003  Ambiguous reference: 'CPERF'
RH594.PRG(139) Warning C1003  Ambiguous reference: 'CPERI'
RH594.PRG(139) Warning C1003  Ambiguous reference: 'CPERF'
RH594.PRG(140) Warning C1003  Ambiguous reference: 'ZDATA'
RH594.PRG(143) Warning C1004  Ambiguous reference, assuming memvar: 'ZMATRICULA'
RH594.PRG(150) Warning C1001  RETURN statement with no value in function
52 warnings                
Code size 1144, Symbols 640, Constants 328
