238K available
Compiling RH803.PRG
RH803.PRG(38)  Warning C1003  Ambiguous reference: 'COPCAO'
RH803.PRG(38)  Warning C1004  Ambiguous reference, assuming memvar: 'COPCAO'
RH803.PRG(39)  Warning C1003  Ambiguous reference: 'COPCAO'
RH803.PRG(39)  Warning C1003  Ambiguous reference: 'XUSRA'
RH803.PRG(41)  Warning C1003  Ambiguous reference: 'COPCAO'
RH803.PRG(54)  Warning C1003  Ambiguous reference: 'FEVENTO'
RH803.PRG(54)  Warning C1003  Ambiguous reference: 'XNIVEL'
RH803.PRG(54)  Warning C1003  Ambiguous reference: 'XFLAG'
RH803.PRG(54)  Warning C1003  Ambiguous reference: 'FEVENTO'
RH803.PRG(54)  Warning C1003  Ambiguous reference: 'XNIVEL'
RH803.PRG(54)  Warning C1003  Ambiguous reference: 'COPCAO'
RH803.PRG(54)  Warning C1003  Ambiguous reference: 'XFLAG'
RH803.PRG(58)  Warning C1003  Ambiguous reference: 'COPCAO'
RH803.PRG(59)  Warning C1004  Ambiguous reference, assuming memvar: 'XNIVEL'
RH803.PRG(60)  Warning C1004  Ambiguous reference, assuming memvar: 'XNIVEL'
RH803.PRG(60)  Warning C1004  Ambiguous reference, assuming memvar: 'XNIVEL'
RH803.PRG(61)  Warning C1004  Ambiguous reference, assuming memvar: 'XNIVEL'
RH803.PRG(61)  Warning C1004  Ambiguous reference, assuming memvar: 'XNIVEL'
RH803.PRG(62)  Warning C1004  Ambiguous reference, assuming memvar: 'XNIVEL'
RH803.PRG(62)  Warning C1004  Ambiguous reference, assuming memvar: 'XNIVEL'
RH803.PRG(63)  Warning C1004  Ambiguous reference, assuming memvar: 'XNIVEL'
RH803.PRG(63)  Warning C1004  Ambiguous reference, assuming memvar: 'XNIVEL'
RH803.PRG(68)  Warning C1003  Ambiguous reference: 'COPCAO'
RH803.PRG(68)  Warning C1001  RETURN statement with no value in function
RH803.PRG(69)  Warning C1003  Ambiguous reference: 'COPCAO'
RH803.PRG(69)  Warning C1001  RETURN statement with no value in function
RH803.PRG(73)  Warning C1003  Ambiguous reference: 'COPCAO'
RH803.PRG(74)  Warning C1003  Ambiguous reference: 'FEVENTO'
RH803.PRG(80)  Warning C1003  Ambiguous reference: 'FTIPO'
RH803.PRG(81)  Warning C1003  Ambiguous reference: 'FREF'
RH803.PRG(82)  Warning C1003  Ambiguous reference: 'COPCAO'
RH803.PRG(87)  Warning C1003  Ambiguous reference: 'COPCAO'
RH803.PRG(88)  Warning C1004  Ambiguous reference, assuming memvar: 'XNIVEL'
RH803.PRG(89)  Warning C1004  Ambiguous reference, assuming memvar: 'XFLAG'
RH803.PRG(93)  Warning C1003  Ambiguous reference: 'XNIVEL'
RH803.PRG(93)  Warning C1003  Ambiguous reference: 'XNIVEL'
RH803.PRG(94)  Warning C1003  Ambiguous reference: 'XNIVEL'
RH803.PRG(95)  Warning C1001  RETURN statement with no value in function
RH803.PRG(96)  Warning C1003  Ambiguous reference: 'XNIVEL'
RH803.PRG(97)  Warning C1003  Ambiguous reference: 'XFLAG'
RH803.PRG(97)  Warning C1004  Ambiguous reference, assuming memvar: 'XNIVEL'
RH803.PRG(97)  Warning C1004  Ambiguous reference, assuming memvar: 'XNIVEL'
RH803.PRG(97)  Warning C1004  Ambiguous reference, assuming memvar: 'XNIVEL'
RH803.PRG(97)  Warning C1004  Ambiguous reference, assuming memvar: 'XNIVEL'
RH803.PRG(102) Warning C1001  RETURN statement with no value in function
RH803.PRG(104) Warning C1003  Ambiguous reference: 'COPCAO'
RH803.PRG(108) Warning C1003  Ambiguous reference: 'COPCAO'
RH803.PRG(111) Warning C1001  RETURN statement with no value in function
RH803.PRG(119) Warning C1003  Ambiguous reference: 'COPCAO'
RH803.PRG(120) Warning C1003  Ambiguous reference: 'XNIVEL'
RH803.PRG(120) Warning C1003  Ambiguous reference: 'FEVENTO'
RH803.PRG(120) Warning C1004  Ambiguous reference, assuming memvar: 'FEVENTO'
RH803.PRG(121) Warning C1003  Ambiguous reference: 'FEVENTO'
RH803.PRG(125) Warning C1003  Ambiguous reference: 'FEVENTO'
RH803.PRG(129) Warning C1003  Ambiguous reference: 'XNIVEL'
RH803.PRG(145) Warning C1001  RETURN statement with no value in function
56 warnings                
Code size 1504, Symbols 768, Constants 384
