312K available
Compiling RH801.PRG
RH801.PRG(17)  Warning C1003  Ambiguous reference: 'XNIVEL'
RH801.PRG(17)  Warning C1003  Ambiguous reference: 'XFLAG'
RH801.PRG(17)  Warning C1004  Ambiguous reference, assuming memvar: 'BESCAPE'
RH801.PRG(19)  Warning C1004  Ambiguous reference, assuming memvar: 'CTIPO_MAT'
RH801.PRG(20)  Warning C1004  Ambiguous reference, assuming memvar: 'CPROXMAT'
RH801.PRG(21)  Warning C1004  Ambiguous reference, assuming memvar: 'CSINC_SAL'
RH801.PRG(22)  Warning C1004  Ambiguous reference, assuming memvar: 'CAUTO_MS'
RH801.PRG(23)  Warning C1004  Ambiguous reference, assuming memvar: 'CBFGTS'
RH801.PRG(24)  Warning C1004  Ambiguous reference, assuming memvar: 'CCFGTS'
RH801.PRG(25)  Warning C1004  Ambiguous reference, assuming memvar: 'CTIPO_CC'
RH801.PRG(26)  Warning C1004  Ambiguous reference, assuming memvar: 'CCNAE'
RH801.PRG(27)  Warning C1004  Ambiguous reference, assuming memvar: 'CAGSAL'
RH801.PRG(28)  Warning C1004  Ambiguous reference, assuming memvar: 'CCCSAL'
RH801.PRG(29)  Warning C1004  Ambiguous reference, assuming memvar: 'NDIAS_CTR'
RH801.PRG(30)  Warning C1004  Ambiguous reference, assuming memvar: 'CGR_SIMPLES'
RH801.PRG(31)  Warning C1004  Ambiguous reference, assuming memvar: 'CFC_HORA'
RH801.PRG(32)  Warning C1004  Ambiguous reference, assuming memvar: 'CALIQ'
RH801.PRG(36)  Warning C1004  Ambiguous reference, assuming memvar: 'CDATASYS'
RH801.PRG(38)  Warning C1003  Ambiguous reference: 'CDATASYS'
RH801.PRG(39)  Warning C1003  Ambiguous reference: 'CDATASYS'
RH801.PRG(39)  Warning C1004  Ambiguous reference, assuming memvar: 'CDATASYS'
RH801.PRG(41)  Warning C1003  Ambiguous reference: 'CDATASYS'
RH801.PRG(42)  Warning C1003  Ambiguous reference: 'CDATASYS'
RH801.PRG(52)  Warning C1003  Ambiguous reference: 'CTIPO_MAT'
RH801.PRG(53)  Warning C1003  Ambiguous reference: 'CPROXMAT'
RH801.PRG(54)  Warning C1003  Ambiguous reference: 'CSINC_SAL'
RH801.PRG(54)  Warning C1003  Ambiguous reference: 'XSN'
RH801.PRG(55)  Warning C1003  Ambiguous reference: 'CAUTO_MS'
RH801.PRG(55)  Warning C1003  Ambiguous reference: 'XSN'
RH801.PRG(56)  Warning C1003  Ambiguous reference: 'CBFGTS'
RH801.PRG(58)  Warning C1003  Ambiguous reference: 'CCFGTS'
RH801.PRG(59)  Warning C1003  Ambiguous reference: 'CTIPO_CC'
RH801.PRG(60)  Warning C1003  Ambiguous reference: 'CCNAE'
RH801.PRG(62)  Warning C1003  Ambiguous reference: 'CAGSAL'
RH801.PRG(63)  Warning C1003  Ambiguous reference: 'CCCSAL'
RH801.PRG(64)  Warning C1003  Ambiguous reference: 'NDIAS_CTR'
RH801.PRG(65)  Warning C1003  Ambiguous reference: 'CGR_SIMPLES'
RH801.PRG(65)  Warning C1003  Ambiguous reference: 'XSN'
RH801.PRG(66)  Warning C1003  Ambiguous reference: 'CFC_HORA'
RH801.PRG(67)  Warning C1003  Ambiguous reference: 'CALIQ'
RH801.PRG(67)  Warning C1003  Ambiguous reference: 'XSN'
RH801.PRG(72)  Warning C1004  Ambiguous reference, assuming memvar: 'XNIVEL'
RH801.PRG(73)  Warning C1004  Ambiguous reference, assuming memvar: 'XNIVEL'
RH801.PRG(73)  Warning C1004  Ambiguous reference, assuming memvar: 'XNIVEL'
RH801.PRG(73)  Warning C1003  Ambiguous reference: 'CTIPO_MAT'
RH801.PRG(74)  Warning C1004  Ambiguous reference, assuming memvar: 'XNIVEL'
RH801.PRG(74)  Warning C1004  Ambiguous reference, assuming memvar: 'XNIVEL'
RH801.PRG(74)  Warning C1003  Ambiguous reference: 'CPROXMAT'
RH801.PRG(75)  Warning C1004  Ambiguous reference, assuming memvar: 'XNIVEL'
RH801.PRG(75)  Warning C1004  Ambiguous reference, assuming memvar: 'XNIVEL'
RH801.PRG(75)  Warning C1003  Ambiguous reference: 'CSINC_SAL'
RH801.PRG(76)  Warning C1004  Ambiguous reference, assuming memvar: 'XNIVEL'
RH801.PRG(76)  Warning C1004  Ambiguous reference, assuming memvar: 'XNIVEL'
RH801.PRG(76)  Warning C1003  Ambiguous reference: 'CAUTO_MS'
RH801.PRG(77)  Warning C1003  Ambiguous reference: 'CBFGTS'
RH801.PRG(78)  Warning C1004  Ambiguous reference, assuming memvar: 'XNIVEL'
RH801.PRG(78)  Warning C1004  Ambiguous reference, assuming memvar: 'XNIVEL'
RH801.PRG(78)  Warning C1003  Ambiguous reference: 'CBFGTS'
RH801.PRG(79)  Warning C1004  Ambiguous reference, assuming memvar: 'XNIVEL'
RH801.PRG(79)  Warning C1004  Ambiguous reference, assuming memvar: 'XNIVEL'
RH801.PRG(80)  Warning C1004  Ambiguous reference, assuming memvar: 'XNIVEL'
RH801.PRG(80)  Warning C1004  Ambiguous reference, assuming memvar: 'XNIVEL'
RH801.PRG(80)  Warning C1003  Ambiguous reference: 'CCFGTS'
RH801.PRG(81)  Warning C1004  Ambiguous reference, assuming memvar: 'XNIVEL'
RH801.PRG(81)  Warning C1004  Ambiguous reference, assuming memvar: 'XNIVEL'
RH801.PRG(81)  Warning C1003  Ambiguous reference: 'CTIPO_CC'
RH801.PRG(82)  Warning C1004  Ambiguous reference, assuming memvar: 'XNIVEL'
RH801.PRG(82)  Warning C1004  Ambiguous reference, assuming memvar: 'XNIVEL'
RH801.PRG(82)  Warning C1003  Ambiguous reference: 'CCNAE'
RH801.PRG(83)  Warning C1003  Ambiguous reference: 'CCNAE'
RH801.PRG(84)  Warning C1004  Ambiguous reference, assuming memvar: 'XNIVEL'
RH801.PRG(84)  Warning C1004  Ambiguous reference, assuming memvar: 'XNIVEL'
RH801.PRG(85)  Warning C1004  Ambiguous reference, assuming memvar: 'XNIVEL'
RH801.PRG(85)  Warning C1004  Ambiguous reference, assuming memvar: 'XNIVEL'
RH801.PRG(85)  Warning C1003  Ambiguous reference: 'CAGSAL'
RH801.PRG(86)  Warning C1004  Ambiguous reference, assuming memvar: 'XNIVEL'
RH801.PRG(86)  Warning C1004  Ambiguous reference, assuming memvar: 'XNIVEL'
RH801.PRG(86)  Warning C1003  Ambiguous reference: 'CCCSAL'
RH801.PRG(87)  Warning C1004  Ambiguous reference, assuming memvar: 'XNIVEL'
RH801.PRG(87)  Warning C1004  Ambiguous reference, assuming memvar: 'XNIVEL'
RH801.PRG(87)  Warning C1003  Ambiguous reference: 'NDIAS_CTR'
RH801.PRG(88)  Warning C1004  Ambiguous reference, assuming memvar: 'XNIVEL'
RH801.PRG(88)  Warning C1004  Ambiguous reference, assuming memvar: 'XNIVEL'
RH801.PRG(88)  Warning C1003  Ambiguous reference: 'CGR_SIMPLES'
RH801.PRG(89)  Warning C1004  Ambiguous reference, assuming memvar: 'XNIVEL'
RH801.PRG(89)  Warning C1004  Ambiguous reference, assuming memvar: 'XNIVEL'
RH801.PRG(89)  Warning C1003  Ambiguous reference: 'CFC_HORA'
RH801.PRG(90)  Warning C1004  Ambiguous reference, assuming memvar: 'XNIVEL'
RH801.PRG(90)  Warning C1004  Ambiguous reference, assuming memvar: 'XNIVEL'
RH801.PRG(90)  Warning C1003  Ambiguous reference: 'CALIQ'
RH801.PRG(92)  Warning C1004  Ambiguous reference, assuming memvar: 'XNIVEL'
RH801.PRG(93)  Warning C1004  Ambiguous reference, assuming memvar: 'XFLAG'
RH801.PRG(97)  Warning C1003  Ambiguous reference: 'XNIVEL'
RH801.PRG(97)  Warning C1003  Ambiguous reference: 'XNIVEL'
RH801.PRG(98)  Warning C1003  Ambiguous reference: 'XNIVEL'
RH801.PRG(99)  Warning C1003  Ambiguous reference: 'BESCAPE'
RH801.PRG(100) Warning C1003  Ambiguous reference: 'XNIVEL'
RH801.PRG(101) Warning C1003  Ambiguous reference: 'XFLAG'
RH801.PRG(101) Warning C1004  Ambiguous reference, assuming memvar: 'XNIVEL'
RH801.PRG(101) Warning C1004  Ambiguous reference, assuming memvar: 'XNIVEL'
RH801.PRG(101) Warning C1004  Ambiguous reference, assuming memvar: 'XNIVEL'
RH801.PRG(101) Warning C1004  Ambiguous reference, assuming memvar: 'XNIVEL'
RH801.PRG(108) Warning C1003  Ambiguous reference: 'CTIPO_MAT'
RH801.PRG(109) Warning C1003  Ambiguous reference: 'CPROXMAT'
RH801.PRG(110) Warning C1003  Ambiguous reference: 'CSINC_SAL'
RH801.PRG(111) Warning C1003  Ambiguous reference: 'CAUTO_MS'
RH801.PRG(112) Warning C1003  Ambiguous reference: 'CBFGTS'
RH801.PRG(113) Warning C1003  Ambiguous reference: 'CCFGTS'
RH801.PRG(114) Warning C1003  Ambiguous reference: 'CTIPO_CC'
RH801.PRG(115) Warning C1003  Ambiguous reference: 'CCNAE'
RH801.PRG(116) Warning C1003  Ambiguous reference: 'CAGSAL'
RH801.PRG(117) Warning C1003  Ambiguous reference: 'CCCSAL'
RH801.PRG(118) Warning C1003  Ambiguous reference: 'NDIAS_CTR'
RH801.PRG(119) Warning C1003  Ambiguous reference: 'CGR_SIMPLES'
RH801.PRG(120) Warning C1003  Ambiguous reference: 'CFC_HORA'
RH801.PRG(121) Warning C1003  Ambiguous reference: 'CALIQ'
RH801.PRG(136) Warning C1003  Ambiguous reference: 'CTIPO_MAT'
RH801.PRG(137) Warning C1003  Ambiguous reference: 'XNIVEL'
RH801.PRG(137) Warning C1003  Ambiguous reference: 'CTIPO_MAT'
RH801.PRG(139) Warning C1003  Ambiguous reference: 'CSINC_SAL'
RH801.PRG(140) Warning C1003  Ambiguous reference: 'XNIVEL'
RH801.PRG(140) Warning C1003  Ambiguous reference: 'CSINC_SAL'
RH801.PRG(142) Warning C1003  Ambiguous reference: 'CAUTO_MS'
RH801.PRG(143) Warning C1003  Ambiguous reference: 'XNIVEL'
RH801.PRG(143) Warning C1003  Ambiguous reference: 'CAUTO_MS'
RH801.PRG(145) Warning C1003  Ambiguous reference: 'CBFGTS'
RH801.PRG(146) Warning C1003  Ambiguous reference: 'XNIVEL'
RH801.PRG(148) Warning C1003  Ambiguous reference: 'CCNAE'
RH801.PRG(149) Warning C1003  Ambiguous reference: 'XNIVEL'
RH801.PRG(151) Warning C1003  Ambiguous reference: 'CGR_SIMPLES'
RH801.PRG(152) Warning C1003  Ambiguous reference: 'XNIVEL'
RH801.PRG(152) Warning C1003  Ambiguous reference: 'CGR_SIMPLES'
RH801.PRG(154) Warning C1003  Ambiguous reference: 'CFC_HORA'
RH801.PRG(155) Warning C1003  Ambiguous reference: 'XNIVEL'
RH801.PRG(155) Warning C1003  Ambiguous reference: 'CFC_HORA'
RH801.PRG(157) Warning C1003  Ambiguous reference: 'CALIQ'
RH801.PRG(158) Warning C1003  Ambiguous reference: 'XNIVEL'
RH801.PRG(158) Warning C1003  Ambiguous reference: 'CALIQ'
138 warnings                
Code size 2459, Symbols 896, Constants 629
