312K available
Compiling RH810.PRG
RH810.PRG(11)  Warning C1003  Ambiguous reference: 'XDATASYS'
RH810.PRG(11)  Warning C1004  Ambiguous reference, assuming memvar: 'CANOMES'
RH810.PRG(12)  Warning C1003  Ambiguous reference: 'XDATASYS'
RH810.PRG(12)  Warning C1004  Ambiguous reference, assuming memvar: 'CDATA_CONT'
RH810.PRG(13)  Warning C1003  Ambiguous reference: 'XDATASYS'
RH810.PRG(13)  Warning C1004  Ambiguous reference, assuming memvar: 'CTESTE'
RH810.PRG(14)  Warning C1003  Ambiguous reference: 'CTESTE'
RH810.PRG(14)  Warning C1004  Ambiguous reference, assuming memvar: 'CDATASYS'
RH810.PRG(15)  Warning C1004  Ambiguous reference, assuming memvar: 'XNIVEL'
RH810.PRG(17)  Warning C1004  Ambiguous reference, assuming memvar: 'NDOCNUM'
RH810.PRG(21)  Warning C1004  Ambiguous reference, assuming memvar: 'AEVENTOS'
RH810.PRG(23)  Warning C1003  Ambiguous reference: 'CDATASYS'
RH810.PRG(25)  Warning C1003  Ambiguous reference: 'CDATASYS'
RH810.PRG(26)  Warning C1003  Ambiguous reference: 'CDATASYS'
RH810.PRG(29)  Warning C1003  Ambiguous reference: 'XDATASYS'
RH810.PRG(35)  Warning C1004  Ambiguous reference, assuming memvar: 'CNUM_LOTE'
RH810.PRG(38)  Warning C1003  Ambiguous reference: 'CDATASYS'
RH810.PRG(39)  Warning C1003  Ambiguous reference: 'CDATASYS'
RH810.PRG(42)  Warning C1003  Ambiguous reference: 'CDATASYS'
RH810.PRG(42)  Warning C1004  Ambiguous reference, assuming memvar: 'XANOMES'
RH810.PRG(55)  Warning C1003  Ambiguous reference: 'XANOMES'
RH810.PRG(56)  Warning C1003  Ambiguous reference: 'CANOMES'
RH810.PRG(59)  Warning C1003  Ambiguous reference: 'XANOMES'
RH810.PRG(59)  Warning C1004  Ambiguous reference, assuming memvar: 'FANOMES'
RH810.PRG(74)  Warning C1003  Ambiguous reference: 'XANOMES'
RH810.PRG(75)  Warning C1003  Ambiguous reference: 'CANOMES'
RH810.PRG(78)  Warning C1003  Ambiguous reference: 'XANOMES'
RH810.PRG(78)  Warning C1004  Ambiguous reference, assuming memvar: 'FANOMES'
RH810.PRG(93)  Warning C1003  Ambiguous reference: 'XANOMES'
RH810.PRG(94)  Warning C1003  Ambiguous reference: 'CANOMES'
RH810.PRG(97)  Warning C1003  Ambiguous reference: 'XANOMES'
RH810.PRG(97)  Warning C1004  Ambiguous reference, assuming memvar: 'FANOMES'
RH810.PRG(112) Warning C1003  Ambiguous reference: 'XANOMES'
RH810.PRG(113) Warning C1003  Ambiguous reference: 'CANOMES'
RH810.PRG(116) Warning C1003  Ambiguous reference: 'XANOMES'
RH810.PRG(116) Warning C1004  Ambiguous reference, assuming memvar: 'FANOMES'
RH810.PRG(131) Warning C1003  Ambiguous reference: 'XANOMES'
RH810.PRG(132) Warning C1003  Ambiguous reference: 'CANOMES'
RH810.PRG(135) Warning C1003  Ambiguous reference: 'XANOMES'
RH810.PRG(135) Warning C1004  Ambiguous reference, assuming memvar: 'FANOMES'
RH810.PRG(150) Warning C1003  Ambiguous reference: 'XANOMES'
RH810.PRG(153) Warning C1003  Ambiguous reference: 'CANOMES'
RH810.PRG(156) Warning C1003  Ambiguous reference: 'XANOMES'
RH810.PRG(156) Warning C1004  Ambiguous reference, assuming memvar: 'FANOMES'
RH810.PRG(176) Warning C1003  Ambiguous reference: 'XANOMES'
RH810.PRG(179) Warning C1003  Ambiguous reference: 'CANOMES'
RH810.PRG(182) Warning C1003  Ambiguous reference: 'XANOMES'
RH810.PRG(182) Warning C1004  Ambiguous reference, assuming memvar: 'FANOMES'
RH810.PRG(219) Warning C1004  Ambiguous reference, assuming memvar: 'CCENTANT'
RH810.PRG(221) Warning C1004  Ambiguous reference, assuming memvar: 'AEVENTOS'
RH810.PRG(224) Warning C1003  Ambiguous reference: 'CCENTANT'
RH810.PRG(231) Warning C1003  Ambiguous reference: 'CANOMES'
RH810.PRG(233) Warning C1003  Ambiguous reference: 'CANOMES'
RH810.PRG(239) Warning C1003  Ambiguous reference: 'AEVENTOS'
RH810.PRG(239) Warning C1004  Ambiguous reference, assuming memvar: 'NPOINTER'
RH810.PRG(245) Warning C1003  Ambiguous reference: 'AEVENTOS'
RH810.PRG(248) Warning C1004  Ambiguous reference, assuming memvar: 'AEVENTOS'
RH810.PRG(248) Warning C1003  Ambiguous reference: 'NPOINTER'
RH810.PRG(248) Warning C1004  Ambiguous reference, assuming memvar: 'AEVENTOS'
RH810.PRG(248) Warning C1003  Ambiguous reference: 'NPOINTER'
RH810.PRG(322) Warning C1003  Ambiguous reference: 'XANOMES'
RH810.PRG(322) Warning C1004  Ambiguous reference, assuming memvar: 'FANOMES'
RH810.PRG(351) Warning C1003  Ambiguous reference: 'CDATASYS'
RH810.PRG(368) Warning C1003  Ambiguous reference: 'CDATASYS'
RH810.PRG(368) Warning C1003  Ambiguous reference: 'CDATASYS'
RH810.PRG(383) Warning C1003  Ambiguous reference: 'XANOMES'
RH810.PRG(384) Warning C1003  Ambiguous reference: 'CANOMES'
RH810.PRG(385) Warning C1003  Ambiguous reference: 'CANOMES'
RH810.PRG(388) Warning C1003  Ambiguous reference: 'XANOMES'
RH810.PRG(388) Warning C1004  Ambiguous reference, assuming memvar: 'FANOMES'
RH810.PRG(406) Warning C1003  Ambiguous reference: 'CDATASYS'
RH810.PRG(413) Warning C1003  Ambiguous reference: 'XANOMES'
RH810.PRG(426) Warning C1003  Ambiguous reference: 'CDATASYS'
RH810.PRG(437) Warning C1003  Ambiguous reference: 'CDATASYS'
RH810.PRG(482) Warning C1003  Ambiguous reference: 'CANOMES'
RH810.PRG(484) Warning C1004  Ambiguous reference, assuming memvar: 'NTOT_VAL'
RH810.PRG(486) Warning C1003  Ambiguous reference: 'CANOMES'
RH810.PRG(495) Warning C1004  Ambiguous reference, assuming memvar: 'NTOT_VAL'
RH810.PRG(495) Warning C1004  Ambiguous reference, assuming memvar: 'NTOT_VAL'
RH810.PRG(501) Warning C1004  Ambiguous reference, assuming memvar: 'NTOT_VAL'
RH810.PRG(501) Warning C1004  Ambiguous reference, assuming memvar: 'NTOT_VAL'
RH810.PRG(508) Warning C1003  Ambiguous reference: 'NTOT_VAL'
RH810.PRG(512) Warning C1003  Ambiguous reference: 'CDATA_CONT'
RH810.PRG(515) Warning C1003  Ambiguous reference: 'NTOT_VAL'
RH810.PRG(516) Warning C1003  Ambiguous reference: 'XUSRNUM'
RH810.PRG(533) Warning C1001  RETURN statement with no value in function
RH810.PRG(539) Warning C1003  Ambiguous reference: 'XDRV_CT'
87 warnings                
Code size 4597, Symbols 1648, Constants 859
