238K available
Compiling RH820.PRG
RH820.PRG(10)  Warning C1003  Ambiguous reference: 'XDATASYS'
RH820.PRG(10)  Warning C1004  Ambiguous reference, assuming memvar: 'CDATASYS'
RH820.PRG(11)  Warning C1004  Ambiguous reference, assuming memvar: 'CSENHA'
RH820.PRG(18)  Warning C1004  Ambiguous reference, assuming memvar: 'CTECLA'
RH820.PRG(20)  Warning C1003  Ambiguous reference: 'CSENHA'
RH820.PRG(21)  Warning C1003  Ambiguous reference: 'CSENHA'
RH820.PRG(21)  Warning C1003  Ambiguous reference: 'CSENHA'
RH820.PRG(21)  Warning C1004  Ambiguous reference, assuming memvar: 'CSENHA'
RH820.PRG(23)  Warning C1003  Ambiguous reference: 'CSENHA'
RH820.PRG(23)  Warning C1003  Ambiguous reference: 'CTECLA'
RH820.PRG(25)  Warning C1004  Ambiguous reference, assuming memvar: 'CSENHA'
RH820.PRG(25)  Warning C1003  Ambiguous reference: 'CTECLA'
RH820.PRG(25)  Warning C1004  Ambiguous reference, assuming memvar: 'CSENHA'
RH820.PRG(28)  Warning C1003  Ambiguous reference: 'CSENHA'
RH820.PRG(33)  Warning C1003  Ambiguous reference: 'CSENHA'
RH820.PRG(33)  Warning C1003  Ambiguous reference: 'CSENHA'
RH820.PRG(37)  Warning C1004  Ambiguous reference, assuming memvar: 'XNIVEL'
RH820.PRG(38)  Warning C1003  Ambiguous reference: 'CDATASYS'
RH820.PRG(45)  Warning C1003  Ambiguous reference: 'CDATASYS'
RH820.PRG(46)  Warning C1003  Ambiguous reference: 'CDATASYS'
RH820.PRG(48)  Warning C1003  Ambiguous reference: 'CDATASYS'
RH820.PRG(48)  Warning C1003  Ambiguous reference: 'XDATA_ATUAL'
RH820.PRG(54)  Warning C1003  Ambiguous reference: 'CDATASYS'
RH820.PRG(54)  Warning C1003  Ambiguous reference: 'XDATASYS'
RH820.PRG(60)  Warning C1003  Ambiguous reference: 'CDATASYS'
RH820.PRG(60)  Warning C1004  Ambiguous reference, assuming memvar: 'XANOMES'
RH820.PRG(62)  Warning C1003  Ambiguous reference: 'ANOMES'
RH820.PRG(62)  Warning C1003  Ambiguous reference: 'XANOMES'
RH820.PRG(69)  Warning C1003  Ambiguous reference: 'CDATASYS'
29 warnings                
Code size 754, Symbols 592, Constants 318
