312K available
Compiling RH830.PRG
RH830.PRG(38)  Warning C1003  Ambiguous reference: 'COPCAO'
RH830.PRG(38)  Warning C1004  Ambiguous reference, assuming memvar: 'COPCAO'
RH830.PRG(39)  Warning C1003  Ambiguous reference: 'COPCAO'
RH830.PRG(42)  Warning C1003  Ambiguous reference: 'COPCAO'
RH830.PRG(42)  Warning C1003  Ambiguous reference: 'XUSRA'
RH830.PRG(44)  Warning C1003  Ambiguous reference: 'COPCAO'
RH830.PRG(55)  Warning C1003  Ambiguous reference: 'CEMPRESA'
RH830.PRG(55)  Warning C1003  Ambiguous reference: 'XNIVEL'
RH830.PRG(55)  Warning C1003  Ambiguous reference: 'XFLAG'
RH830.PRG(55)  Warning C1003  Ambiguous reference: 'CEMPRESA'
RH830.PRG(55)  Warning C1003  Ambiguous reference: 'XNIVEL'
RH830.PRG(59)  Warning C1004  Ambiguous reference, assuming memvar: 'AEDICAO'
RH830.PRG(60)  Warning C1004  Ambiguous reference, assuming memvar: 'CEMPRESA'
RH830.PRG(66)  Warning C1003  Ambiguous reference: 'XDRV_SH'
RH830.PRG(68)  Warning C1003  Ambiguous reference: 'XEMPRESA'
RH830.PRG(68)  Warning C1004  Ambiguous reference, assuming memvar: 'CEMPFILT'
RH830.PRG(70)  Warning C1003  Ambiguous reference: 'EMPRESA'
RH830.PRG(70)  Warning C1003  Ambiguous reference: 'CEMPFILT'
RH830.PRG(74)  Warning C1003  Ambiguous reference: 'AEDICAO'
RH830.PRG(74)  Warning C1003  Ambiguous reference: 'CEMPRESA'
RH830.PRG(75)  Warning C1003  Ambiguous reference: 'AEDICAO'
RH830.PRG(75)  Warning C1004  Ambiguous reference, assuming memvar: 'LCONF'
RH830.PRG(80)  Warning C1004  Ambiguous reference, assuming memvar: 'CEMPRESA'
RH830.PRG(81)  Warning C1004  Ambiguous reference, assuming memvar: 'XNIVEL'
RH830.PRG(82)  Warning C1004  Ambiguous reference, assuming memvar: 'XFLAG'
RH830.PRG(86)  Warning C1003  Ambiguous reference: 'XNIVEL'
RH830.PRG(86)  Warning C1003  Ambiguous reference: 'XNIVEL'
RH830.PRG(86)  Warning C1003  Ambiguous reference: 'AEDICAO'
RH830.PRG(87)  Warning C1004  Ambiguous reference, assuming memvar: 'AEDICAO'
RH830.PRG(87)  Warning C1003  Ambiguous reference: 'XNIVEL'
RH830.PRG(88)  Warning C1001  RETURN statement with no value in function
RH830.PRG(89)  Warning C1004  Ambiguous reference, assuming memvar: 'AEDICAO'
RH830.PRG(89)  Warning C1003  Ambiguous reference: 'XNIVEL'
RH830.PRG(90)  Warning C1003  Ambiguous reference: 'XFLAG'
RH830.PRG(90)  Warning C1004  Ambiguous reference, assuming memvar: 'XNIVEL'
RH830.PRG(90)  Warning C1004  Ambiguous reference, assuming memvar: 'XNIVEL'
RH830.PRG(90)  Warning C1004  Ambiguous reference, assuming memvar: 'XNIVEL'
RH830.PRG(90)  Warning C1004  Ambiguous reference, assuming memvar: 'XNIVEL'
RH830.PRG(93)  Warning C1003  Ambiguous reference: 'XDRV_RH'
RH830.PRG(93)  Warning C1004  Ambiguous reference, assuming memvar: 'CCAMINHO1'
RH830.PRG(94)  Warning C1004  Ambiguous reference, assuming memvar: 'CCAMINHO2'
RH830.PRG(96)  Warning C1003  Ambiguous reference: 'LCONF'
RH830.PRG(100) Warning C1003  Ambiguous reference: 'CCAMINHO1'
RH830.PRG(100) Warning C1003  Ambiguous reference: 'CCAMINHO1'
RH830.PRG(104) Warning C1003  Ambiguous reference: 'CCAMINHO2'
RH830.PRG(104) Warning C1003  Ambiguous reference: 'CCAMINHO1'
RH830.PRG(105) Warning C1003  Ambiguous reference: 'CCAMINHO2'
RH830.PRG(105) Warning C1003  Ambiguous reference: 'CCAMINHO1'
RH830.PRG(107) Warning C1003  Ambiguous reference: 'XDRV_RH'
RH830.PRG(119) Warning C1003  Ambiguous reference: 'CEMPRESA'
RH830.PRG(119) Warning C1004  Ambiguous reference, assuming memvar: 'CEMPRESA'
RH830.PRG(120) Warning C1003  Ambiguous reference: 'XNIVEL'
RH830.PRG(120) Warning C1003  Ambiguous reference: 'CEMPRESA'
RH830.PRG(121) Warning C1003  Ambiguous reference: 'XNIVEL'
RH830.PRG(135) Warning C1003  Ambiguous reference: 'FEVENTO'
RH830.PRG(135) Warning C1003  Ambiguous reference: 'XNIVEL'
RH830.PRG(135) Warning C1003  Ambiguous reference: 'XFLAG'
RH830.PRG(139) Warning C1003  Ambiguous reference: 'COPCAO'
RH830.PRG(140) Warning C1004  Ambiguous reference, assuming memvar: 'XNIVEL'
RH830.PRG(141) Warning C1004  Ambiguous reference, assuming memvar: 'XNIVEL'
RH830.PRG(141) Warning C1004  Ambiguous reference, assuming memvar: 'XNIVEL'
RH830.PRG(142) Warning C1004  Ambiguous reference, assuming memvar: 'XNIVEL'
RH830.PRG(142) Warning C1004  Ambiguous reference, assuming memvar: 'XNIVEL'
RH830.PRG(143) Warning C1004  Ambiguous reference, assuming memvar: 'XNIVEL'
RH830.PRG(143) Warning C1004  Ambiguous reference, assuming memvar: 'XNIVEL'
RH830.PRG(144) Warning C1004  Ambiguous reference, assuming memvar: 'XNIVEL'
RH830.PRG(144) Warning C1004  Ambiguous reference, assuming memvar: 'XNIVEL'
RH830.PRG(145) Warning C1004  Ambiguous reference, assuming memvar: 'XNIVEL'
RH830.PRG(145) Warning C1004  Ambiguous reference, assuming memvar: 'XNIVEL'
RH830.PRG(146) Warning C1004  Ambiguous reference, assuming memvar: 'XNIVEL'
RH830.PRG(146) Warning C1004  Ambiguous reference, assuming memvar: 'XNIVEL'
RH830.PRG(147) Warning C1004  Ambiguous reference, assuming memvar: 'XNIVEL'
RH830.PRG(147) Warning C1004  Ambiguous reference, assuming memvar: 'XNIVEL'
RH830.PRG(148) Warning C1004  Ambiguous reference, assuming memvar: 'XNIVEL'
RH830.PRG(148) Warning C1004  Ambiguous reference, assuming memvar: 'XNIVEL'
RH830.PRG(153) Warning C1003  Ambiguous reference: 'COPCAO'
RH830.PRG(153) Warning C1001  RETURN statement with no value in function
RH830.PRG(154) Warning C1003  Ambiguous reference: 'COPCAO'
RH830.PRG(154) Warning C1001  RETURN statement with no value in function
RH830.PRG(158) Warning C1003  Ambiguous reference: 'FEVENTO'
RH830.PRG(160) Warning C1003  Ambiguous reference: 'FCONT_DB'
RH830.PRG(162) Warning C1003  Ambiguous reference: 'FCONT_CR'
RH830.PRG(164) Warning C1003  Ambiguous reference: 'FCCUSTO'
RH830.PRG(167) Warning C1003  Ambiguous reference: 'COPCAO'
RH830.PRG(175) Warning C1003  Ambiguous reference: 'COPCAO'
RH830.PRG(180) Warning C1003  Ambiguous reference: 'COPCAO'
RH830.PRG(181) Warning C1004  Ambiguous reference, assuming memvar: 'XNIVEL'
RH830.PRG(182) Warning C1004  Ambiguous reference, assuming memvar: 'XFLAG'
RH830.PRG(186) Warning C1003  Ambiguous reference: 'XNIVEL'
RH830.PRG(186) Warning C1003  Ambiguous reference: 'XNIVEL'
RH830.PRG(187) Warning C1003  Ambiguous reference: 'XNIVEL'
RH830.PRG(188) Warning C1001  RETURN statement with no value in function
RH830.PRG(189) Warning C1003  Ambiguous reference: 'XNIVEL'
RH830.PRG(190) Warning C1003  Ambiguous reference: 'XFLAG'
RH830.PRG(190) Warning C1004  Ambiguous reference, assuming memvar: 'XNIVEL'
RH830.PRG(190) Warning C1004  Ambiguous reference, assuming memvar: 'XNIVEL'
RH830.PRG(190) Warning C1004  Ambiguous reference, assuming memvar: 'XNIVEL'
RH830.PRG(190) Warning C1004  Ambiguous reference, assuming memvar: 'XNIVEL'
RH830.PRG(195) Warning C1001  RETURN statement with no value in function
RH830.PRG(197) Warning C1003  Ambiguous reference: 'COPCAO'
RH830.PRG(201) Warning C1003  Ambiguous reference: 'COPCAO'
RH830.PRG(204) Warning C1003  Ambiguous reference: 'COPCAO'
RH830.PRG(205) Warning C1001  RETURN statement with no value in function
RH830.PRG(210) Warning C1001  RETURN statement with no value in function
RH830.PRG(217) Warning C1003  Ambiguous reference: 'COPCAO'
RH830.PRG(218) Warning C1003  Ambiguous reference: 'FEVENTO'
RH830.PRG(218) Warning C1004  Ambiguous reference, assuming memvar: 'FEVENTO'
RH830.PRG(219) Warning C1003  Ambiguous reference: 'FEVENTO'
RH830.PRG(223) Warning C1003  Ambiguous reference: 'XNIVEL'
RH830.PRG(225) Warning C1003  Ambiguous reference: 'FCONT_DB'
RH830.PRG(226) Warning C1003  Ambiguous reference: 'XNIVEL'
RH830.PRG(227) Warning C1003  Ambiguous reference: 'XNIVEL'
RH830.PRG(229) Warning C1003  Ambiguous reference: 'FCONT_DB'
RH830.PRG(233) Warning C1003  Ambiguous reference: 'XNIVEL'
RH830.PRG(233) Warning C1003  Ambiguous reference: 'FCONT_DB'
RH830.PRG(234) Warning C1003  Ambiguous reference: 'XNIVEL'
RH830.PRG(237) Warning C1003  Ambiguous reference: 'FCONT_CR'
RH830.PRG(238) Warning C1003  Ambiguous reference: 'XNIVEL'
RH830.PRG(239) Warning C1003  Ambiguous reference: 'XNIVEL'
RH830.PRG(241) Warning C1003  Ambiguous reference: 'FCONT_CR'
RH830.PRG(245) Warning C1003  Ambiguous reference: 'XNIVEL'
RH830.PRG(245) Warning C1003  Ambiguous reference: 'FCONT_CR'
RH830.PRG(246) Warning C1003  Ambiguous reference: 'XNIVEL'
RH830.PRG(249) Warning C1003  Ambiguous reference: 'FCENTRO'
RH830.PRG(250) Warning C1003  Ambiguous reference: 'FCENTRO'
RH830.PRG(254) Warning C1003  Ambiguous reference: 'XNIVEL'
RH830.PRG(268) Warning C1001  RETURN statement with no value in function
127 warnings                
Code size 2897, Symbols 1232, Constants 943
