312K available
Compiling RH840.PRG
RH840.PRG(13)  Warning C1003  Ambiguous reference: 'XNIVEL'
RH840.PRG(13)  Warning C1003  Ambiguous reference: 'XFLAG'
RH840.PRG(15)  Warning C1004  Ambiguous reference, assuming memvar: 'SBLOC1'
RH840.PRG(18)  Warning C1004  Ambiguous reference, assuming memvar: 'AEDICAO'
RH840.PRG(29)  Warning C1003  Ambiguous reference: 'AEDICAO'
RH840.PRG(29)  Warning C1003  Ambiguous reference: 'DDATA_INI'
RH840.PRG(30)  Warning C1003  Ambiguous reference: 'AEDICAO'
RH840.PRG(30)  Warning C1003  Ambiguous reference: 'DDATA_FIM'
RH840.PRG(35)  Warning C1004  Ambiguous reference, assuming memvar: 'XNIVEL'
RH840.PRG(36)  Warning C1003  Ambiguous reference: 'XANOMES'
RH840.PRG(36)  Warning C1004  Ambiguous reference, assuming memvar: 'DDATA_INI'
RH840.PRG(37)  Warning C1003  Ambiguous reference: 'XANOMES'
RH840.PRG(37)  Warning C1004  Ambiguous reference, assuming memvar: 'DDATA_FIM'
RH840.PRG(41)  Warning C1003  Ambiguous reference: 'XNIVEL'
RH840.PRG(41)  Warning C1003  Ambiguous reference: 'XNIVEL'
RH840.PRG(41)  Warning C1003  Ambiguous reference: 'AEDICAO'
RH840.PRG(42)  Warning C1004  Ambiguous reference, assuming memvar: 'AEDICAO'
RH840.PRG(42)  Warning C1003  Ambiguous reference: 'XNIVEL'
RH840.PRG(44)  Warning C1004  Ambiguous reference, assuming memvar: 'AEDICAO'
RH840.PRG(44)  Warning C1003  Ambiguous reference: 'XNIVEL'
RH840.PRG(45)  Warning C1003  Ambiguous reference: 'XFLAG'
RH840.PRG(45)  Warning C1004  Ambiguous reference, assuming memvar: 'XNIVEL'
RH840.PRG(45)  Warning C1004  Ambiguous reference, assuming memvar: 'XNIVEL'
RH840.PRG(45)  Warning C1004  Ambiguous reference, assuming memvar: 'XNIVEL'
RH840.PRG(45)  Warning C1004  Ambiguous reference, assuming memvar: 'XNIVEL'
RH840.PRG(64)  Warning C1003  Ambiguous reference: 'DDATA_INI'
RH840.PRG(65)  Warning C1003  Ambiguous reference: 'XNIVEL'
RH840.PRG(65)  Warning C1003  Ambiguous reference: 'DDATA_FIM'
RH840.PRG(68)  Warning C1003  Ambiguous reference: 'DDATA_FIM'
RH840.PRG(69)  Warning C1003  Ambiguous reference: 'DDATA_INI'
RH840.PRG(69)  Warning C1003  Ambiguous reference: 'DDATA_FIM'
RH840.PRG(83)  Warning C1003  Ambiguous reference: 'BLANC_FILTRO'
RH840.PRG(93)  Warning C1003  Ambiguous reference: 'BBASE_FILTRO'
RH840.PRG(103) Warning C1003  Ambiguous reference: 'BBENEF_FILTRO'
RH840.PRG(113) Warning C1003  Ambiguous reference: 'BSITUA_FILTRO'
RH840.PRG(131) Warning C1003  Ambiguous reference: 'DDATA_INI'
RH840.PRG(131) Warning C1003  Ambiguous reference: 'DDATA_FIM'
RH840.PRG(131) Warning C1004  Ambiguous reference, assuming memvar: 'BLANC_FILTRO'
RH840.PRG(132) Warning C1003  Ambiguous reference: 'DDATA_INI'
RH840.PRG(132) Warning C1003  Ambiguous reference: 'DDATA_FIM'
RH840.PRG(132) Warning C1004  Ambiguous reference, assuming memvar: 'BBASE_FILTRO'
RH840.PRG(133) Warning C1003  Ambiguous reference: 'DDATA_INI'
RH840.PRG(133) Warning C1003  Ambiguous reference: 'DDATA_FIM'
RH840.PRG(133) Warning C1004  Ambiguous reference, assuming memvar: 'BBENEF_FILTRO'
RH840.PRG(134) Warning C1003  Ambiguous reference: 'DDATA_INI'
RH840.PRG(134) Warning C1003  Ambiguous reference: 'DDATA_FIM'
RH840.PRG(134) Warning C1004  Ambiguous reference, assuming memvar: 'BSITUA_FILTRO'
47 warnings                
Code size 1592, Symbols 640, Constants 552
