
EVENT.DBF...: descricao em branco - EVENTO     C    3  0
EVENT.DBF...: descricao em branco - ORDEM      C    3  0
EVENT.DBF...: descricao em branco - FORMULA    C    4  0
EVENT.DBF...: descricao em branco - DESCRICAO  C   40  0
EVENT.DBF...: descricao em branco - TIPO       C    1  0
EVENT.DBF...: descricao em branco - FINALIDADE C    1  0
EVENT.DBF...: descricao em branco - VALOR      N   15  4
EVENT.DBF...: descricao em branco - EDICAO     C   10  0
EVENT.DBF...: descricao em branco - SALFAM     C    1  0
EVENT.DBF...: descricao em branco - INSSMS     C    1  0
EVENT.DBF...: descricao em branco - INSSFR     C    1  0
EVENT.DBF...: descricao em branco - IRRFMS     C    1  0
EVENT.DBF...: descricao em branco - IRRFFR     C    1  0
EVENT.DBF...: descricao em branco - FGTSMS     C    1  0
EVENT.DBF...: descricao em branco - FGTSFR     C    1  0
EVENT.DBF...: descricao em branco - SINDIC     C    1  0
EVENT.DBF...: descricao em branco - RAIS       C    1  0
EVENT.DBF...: descricao em branco - COMBINA    C  200  0
EVENT.DBF...: descricao em branco - CENTRO     C    8  0
AFAST.DBF...: descricao em branco - CODIGO     C    2  0
AFAST.DBF...: descricao em branco - DESCRICAO  C   30  0
AFAST.DBF...: descricao em branco - KIT        C    5  0
AFAST.DBF...: descricao em branco - FORMULA    C    4  0
AFAST.DBF...: descricao em branco - COD_RAIS   C    2  0
AFAST.DBF...: descricao em branco - RETORNO    C    1  0
AFAST.DBF...: descricao em branco - COD_RE     C    1  0
AFAST.DBF...: descricao em branco - COD_CAGED  C    2  0
DIRF.DBF....: descricao em branco - LINHA      C  730  0
PROF.DBF....: descricao em branco - MATRICULA  C    6  0
PROF.DBF....: descricao em branco - EMPRESA    C   50  0
PROF.DBF....: descricao em branco - ENDERECO   C   60  0
PROF.DBF....: descricao em branco - BAIRRO     C   15  0
PROF.DBF....: descricao em branco - CGM_TRAB   C    6  0
PROF.DBF....: descricao em branco - CEP        C    8  0
PROF.DBF....: descricao em branco - DDD        C    4  0
PROF.DBF....: descricao em branco - TELEFONE   C   20  0
PROF.DBF....: descricao em branco - ADMISSAO   D    8  0
PROF.DBF....: descricao em branco - DEMISSAO   D    8  0
PROF.DBF....: descricao em branco - ATIVIDADE  C   53  0
PROF.DBF....: descricao em branco - MOTIVO     C   53  0
GRUPOC.DBF..: descricao em branco - CODIGO     C    4  0
GRUPOC.DBF..: descricao em branco - DESCRICAO  C   30  0
CAGED.DBF...: descricao em branco - LINHA      C  150  0
ACAD.DBF....: descricao em branco - MATRICULA  C    6  0
ACAD.DBF....: descricao em branco - DESCRICAO  C   50  0
ACAD.DBF....: descricao em branco - ESCOLA     C   50  0
ACAD.DBF....: descricao em branco - CGM_FORMA  C    6  0
ACAD.DBF....: descricao em branco - DATA_FORMA D    8  0
ACAD.DBF....: descricao em branco - OBS        C   50  0
PTCFG.DBF...: descricao em branco - CODIGO     C    3  0
PTCFG.DBF...: descricao em branco - DESCRICAO  C   30  0
PTCFG.DBF...: descricao em branco - CP1        C   10  0
PTCFG.DBF...: descricao em branco - CP2        C   10  0
PTCFG.DBF...: descricao em branco - CP3        C   10  0
PTCFG.DBF...: descricao em branco - CP4        C   10  0
PTCFG.DBF...: descricao em branco - CP5        C   10  0
PTCFG.DBF...: descricao em branco - CP6        C   10  0
PTCFG.DBF...: descricao em branco - TP1        C    1  0
PTCFG.DBF...: descricao em branco - TP2        C    1  0
PTCFG.DBF...: descricao em branco - TP3        C    1  0
PTCFG.DBF...: descricao em branco - TP4        C    1  0
PTCFG.DBF...: descricao em branco - TP5        C    1  0
PTCFG.DBF...: descricao em branco - TP6        C    1  0
PTCFG.DBF...: descricao em branco - TM1        N    3  0
PTCFG.DBF...: descricao em branco - TM2        N    3  0
PTCFG.DBF...: descricao em branco - TM3        N    3  0
PTCFG.DBF...: descricao em branco - TM4        N    3  0
PTCFG.DBF...: descricao em branco - TM5        N    3  0
PTCFG.DBF...: descricao em branco - TM6        N    3  0
PTCFG.DBF...: descricao em branco - DC1        N    3  0
PTCFG.DBF...: descricao em branco - DC2        N    3  0
PTCFG.DBF...: descricao em branco - DC3        N    3  0
PTCFG.DBF...: descricao em branco - DC4        N    3  0
PTCFG.DBF...: descricao em branco - DC5        N    3  0
PTCFG.DBF...: descricao em branco - DC6        N    3  0
PTCFG.DBF...: descricao em branco - DS1        C   30  0
PTCFG.DBF...: descricao em branco - DS2        C   30  0
PTCFG.DBF...: descricao em branco - DS3        C   30  0
PTCFG.DBF...: descricao em branco - DS4        C   30  0
PTCFG.DBF...: descricao em branco - DS5        C   30  0
PTCFG.DBF...: descricao em branco - DS6        C   30  0
PTCFG.DBF...: descricao em branco - FM1        C    4  0
PTCFG.DBF...: descricao em branco - FM2        C    4  0
PTCFG.DBF...: descricao em branco - FM3        C    4  0
PTCFG.DBF...: descricao em branco - FM4        C    4  0
PTCFG.DBF...: descricao em branco - FM5        C    4  0
PTCFG.DBF...: descricao em branco - FM6        C    4  0
DEPE.DBF....: descricao em branco - MATRICULA  C    6  0
DEPE.DBF....: descricao em branco - NOME       C   30  0
DEPE.DBF....: descricao em branco - SEXO       C    1  0
DEPE.DBF....: descricao em branco - PARENTESCO C    1  0
DEPE.DBF....: descricao em branco - CPF        C   14  0
DEPE.DBF....: descricao em branco - DATA_NASC  D    8  0
DEPE.DBF....: descricao em branco - NASC_CGM   C    6  0
DEPE.DBF....: descricao em branco - RN_NUM     C    7  0
DEPE.DBF....: descricao em branco - RN_LIV     C    6  0
DEPE.DBF....: descricao em branco - RN_FOL     C    3  0
DEPE.DBF....: descricao em branco - RN_DAT     D    8  0
DEPE.DBF....: descricao em branco - RN_ENT     D    8  0
DEPE.DBF....: descricao em branco - RN_CGM     C    6  0
DEPE.DBF....: descricao em branco - INICIO_DEP D    8  0
DEPE.DBF....: descricao em branco - SF_DATSUSP D    8  0
DEPE.DBF....: descricao em branco - SF_DATREST D    8  0
DEPE.DBF....: descricao em branco - INSTRUCAO  C    1  0
DEPE.DBF....: descricao em branco - BOLSA      C    1  0
DEPE.DBF....: descricao em branco - IRRF       C    1  0
DEPE.DBF....: descricao em branco - SAL_FAM    C    1  0
DEPE.DBF....: descricao em branco - SEG_SAUDE  C    1  0
DEPE.DBF....: descricao em branco - SEG_VIDA   C    1  0
DEPE.DBF....: campo nao utilizado - TE_ZON     C    3  0
DEPE.DBF....: campo nao utilizado - TE_SEC     C    4  0
DEPE.DBF....: campo nao utilizado - TE_NUM     C   14  0
DEPE.DBF....: campo nao utilizado - TE_CGM     C    6  0
DEPE.DBF....: campo nao utilizado - DEF_FIS    C    1  0
DEPE.DBF....: campo nao utilizado - PASTA      C    1  0
DEPE.DBF....: campo nao utilizado - VACINA1    N    1  0
DEPE.DBF....: campo nao utilizado - VACINA2    N    1  0
DEPE.DBF....: campo nao utilizado - VACINA3    N    1  0
DEPE.DBF....: campo nao utilizado - VACINA4    N    1  0
KIT.DBF.....: descricao em branco - CODIGO     C    3  0
KIT.DBF.....: descricao em branco - DESCRICAO  C   30  0
KIT.DBF.....: descricao em branco - EVENTOS    C  150  0
HIST.DBF....: descricao em branco - MATRICULA  C    6  0
HIST.DBF....: descricao em branco - CAMPO      C   12  0
HIST.DBF....: descricao em branco - INICIO     D    8  0
HIST.DBF....: descricao em branco - CONTEUDO   C  100  0
HIST.DBF....: descricao em branco - MOTIVO     C   65  0
LANC.DBF....: descricao em branco - ANOMES     C    4  0
LANC.DBF....: descricao em branco - MATRICULA  C    6  0
LANC.DBF....: descricao em branco - AMBIENTE   C    2  0
LANC.DBF....: descricao em branco - EVENTO     C    3  0
LANC.DBF....: descricao em branco - VALOR      N    9  2
LANC.DBF....: descricao em branco - FRACAO     N    8  4
LANC.DBF....: descricao em branco - FIXA       L    1  0
LANC.DBF....: descricao em branco - AQUISICAO  C    4  0
LANC.DBF....: descricao em branco - INTERFACE  C    1  0
LANC.DBF....: campo nao utilizado - DATA_PG    D    8  0
LANC.DBF....: falta o campo       - INTERFACE  C    1  0
CARGO.DBF...: descricao em branco - CODIGO     C    6  0
CARGO.DBF...: descricao em branco - DESCRICAO  C   40  0
CARGO.DBF...: descricao em branco - CBO_ASSOC  C    7  0
CARGO.DBF...: descricao em branco - KIT_I_MS   C    3  0
CARGO.DBF...: descricao em branco - KIT_E_MS   C    3  0
CARGO.DBF...: descricao em branco - KIT_I_FR   C    3  0
CARGO.DBF...: descricao em branco - KIT_E_FR   C    3  0
CARGO.DBF...: descricao em branco - KIT_I_AD   C    3  0
CARGO.DBF...: descricao em branco - KIT_E_AD   C    3  0
CARGO.DBF...: descricao em branco - KIT_I_DT   C    3  0
CARGO.DBF...: descricao em branco - KIT_E_DT   C    3  0
CARGO.DBF...: descricao em branco - SALARIO    N    9  2
CARGO.DBF...: descricao em branco - SALARIOB   N    9  2
TBIR.DBF....: descricao em branco - ANOMES     C    4  0
TBIR.DBF....: descricao em branco - IR_LIM1    N    9  2
TBIR.DBF....: descricao em branco - IR_ALI1    N    7  4
TBIR.DBF....: descricao em branco - IR_DED1    N    9  2
TBIR.DBF....: descricao em branco - IR_LIM2    N    9  2
TBIR.DBF....: descricao em branco - IR_ALI2    N    7  4
TBIR.DBF....: descricao em branco - IR_DED2    N    9  2
TBIR.DBF....: descricao em branco - IR_LIM3    N    9  2
TBIR.DBF....: descricao em branco - IR_ALI3    N    7  4
TBIR.DBF....: descricao em branco - IR_DED3    N    9  2
TBIR.DBF....: descricao em branco - IR_LIM4    N    9  2
TBIR.DBF....: descricao em branco - IR_ALI4    N    7  4
TBIR.DBF....: descricao em branco - IR_DED4    N    9  2
TBIR.DBF....: descricao em branco - IR_LIM5    N    9  2
TBIR.DBF....: descricao em branco - IR_ALI5    N    7  4
TBIR.DBF....: descricao em branco - IR_DED5    N    9  2
TBIR.DBF....: descricao em branco - IR_LIM6    N    9  2
TBIR.DBF....: descricao em branco - IR_ALI6    N    7  4
TBIR.DBF....: descricao em branco - IR_DED6    N    9  2
TBIR.DBF....: descricao em branco - IR_DESC    N    9  2
SIND.DBF....: descricao em branco - CODIGO     C    4  0
SIND.DBF....: descricao em branco - DESCRICAO  C   40  0
SIND.DBF....: descricao em branco - ENDERECO   C   40  0
SIND.DBF....: descricao em branco - BAIRRO     C   15  0
SIND.DBF....: descricao em branco - CGM        C    6  0
SIND.DBF....: descricao em branco - CEP        C    8  0
SIND.DBF....: descricao em branco - DDD        C    4  0
SIND.DBF....: descricao em branco - TELEFONE   C   20  0
SIND.DBF....: descricao em branco - DATA_BASE  D    8  0
SIND.DBF....: descricao em branco - CONTATO    C   20  0
SIND.DBF....: descricao em branco - PISO       N    9  2
SIND.DBF....: descricao em branco - KIT_I_MS   C    3  0
SIND.DBF....: descricao em branco - KIT_E_MS   C    3  0
SIND.DBF....: descricao em branco - KIT_I_FR   C    3  0
SIND.DBF....: descricao em branco - KIT_E_FR   C    3  0
SIND.DBF....: descricao em branco - KIT_I_AD   C    3  0
SIND.DBF....: descricao em branco - KIT_E_AD   C    3  0
SIND.DBF....: descricao em branco - KIT_I_DT   C    3  0
SIND.DBF....: descricao em branco - KIT_E_DT   C    3  0
SIND.DBF....: campo nao utilizado - CGC        C   18  0
SIND.DBF....: campo nao utilizado - ENTIDADE   C   12  0
FERIAS.DBF..: este arquivo possivelmente nao faz parte do sistema !
CBO.DBF.....: descricao em branco - CODIGO     C    7  0
CBO.DBF.....: descricao em branco - DESCRICAO  C   40  0
CNAE.DBF....: descricao em branco - CODIGO     C    6  0
CNAE.DBF....: descricao em branco - DESCRICAO  C   68  0
DISC.DBF....: descricao em branco - MATRICULA  C    6  0
DISC.DBF....: descricao em branco - DESCRICAO  C   50  0
DISC.DBF....: descricao em branco - DATA_OCORR D    8  0
DISC.DBF....: descricao em branco - HORA_OCORR C    5  0
DISC.DBF....: descricao em branco - TEXTO      M   10  0
TBIF.DBF....: descricao em branco - ANOMES     C    4  0
TBIF.DBF....: descricao em branco - IF_LIM1    N    9  2
TBIF.DBF....: descricao em branco - IF_ALI1    N    7  4
TBIF.DBF....: descricao em branco - IF_LIM2    N    9  2
TBIF.DBF....: descricao em branco - IF_ALI2    N    7  4
TBIF.DBF....: descricao em branco - IF_LIM3    N    9  2
TBIF.DBF....: descricao em branco - IF_ALI3    N    7  4
TBIF.DBF....: descricao em branco - IF_LIM4    N    9  2
TBIF.DBF....: descricao em branco - IF_ALI4    N    7  4
TBIF.DBF....: descricao em branco - IF_LIM5    N    9  2
TBIF.DBF....: descricao em branco - IF_ALI5    N    7  4
TBIF.DBF....: descricao em branco - IF_LIM6    N    9  2
TBIF.DBF....: descricao em branco - IF_ALI6    N    7  4
TBIF.DBF....: descricao em branco - IF_TETO    N    9  2
TBIF.DBF....: descricao em branco - IF_ALIQ    N    7  4
GRUPOV.DBF..: descricao em branco - CODIGO     C    4  0
GRUPOV.DBF..: descricao em branco - MATRICULA  C    6  0
GRUPOV.DBF..: campo nao utilizado - DATA_REF   D    8  0
TBSF.DBF....: descricao em branco - ANOMES     C    4  0
TBSF.DBF....: descricao em branco - SF_LIM1    N    9  2
TBSF.DBF....: descricao em branco - SF_VAL1    N    9  2
TBSF.DBF....: descricao em branco - SF_LIM2    N    9  2
TBSF.DBF....: descricao em branco - SF_VAL2    N    9  2
TBSF.DBF....: descricao em branco - SF_LIM3    N    9  2
TBSF.DBF....: descricao em branco - SF_VAL3    N    9  2
TBSF.DBF....: descricao em branco - SF_LIM4    N    9  2
TBSF.DBF....: descricao em branco - SF_VAL4    N    9  2
TBSF.DBF....: descricao em branco - SF_LIM5    N    9  2
TBSF.DBF....: descricao em branco - SF_VAL5    N    9  2
TBSF.DBF....: descricao em branco - SF_LIM6    N    9  2
TBSF.DBF....: descricao em branco - SF_VAL6    N    9  2
TBIE.DBF....: descricao em branco - ANOMES     C    4  0
TBIE.DBF....: descricao em branco - IE_LIM01   N    2  0
TBIE.DBF....: descricao em branco - IE_ALI01   N    7  4
TBIE.DBF....: descricao em branco - IE_BAS01   N    9  2
TBIE.DBF....: descricao em branco - IE_LIM02   N    2  0
TBIE.DBF....: descricao em branco - IE_ALI02   N    7  4
TBIE.DBF....: descricao em branco - IE_BAS02   N    9  2
TBIE.DBF....: descricao em branco - IE_LIM03   N    2  0
TBIE.DBF....: descricao em branco - IE_ALI03   N    7  4
TBIE.DBF....: descricao em branco - IE_BAS03   N    9  2
TBIE.DBF....: descricao em branco - IE_LIM04   N    2  0
TBIE.DBF....: descricao em branco - IE_ALI04   N    7  4
TBIE.DBF....: descricao em branco - IE_BAS04   N    9  2
TBIE.DBF....: descricao em branco - IE_LIM05   N    2  0
TBIE.DBF....: descricao em branco - IE_ALI05   N    7  4
TBIE.DBF....: descricao em branco - IE_BAS05   N    9  2
TBIE.DBF....: descricao em branco - IE_LIM06   N    2  0
TBIE.DBF....: descricao em branco - IE_ALI06   N    7  4
TBIE.DBF....: descricao em branco - IE_BAS06   N    9  2
TBIE.DBF....: descricao em branco - IE_LIM07   N    2  0
TBIE.DBF....: descricao em branco - IE_ALI07   N    7  4
TBIE.DBF....: descricao em branco - IE_BAS07   N    9  2
TBIE.DBF....: descricao em branco - IE_LIM08   N    2  0
TBIE.DBF....: descricao em branco - IE_ALI08   N    7  4
TBIE.DBF....: descricao em branco - IE_BAS08   N    9  2
TBIE.DBF....: descricao em branco - IE_LIM09   N    2  0
TBIE.DBF....: descricao em branco - IE_ALI09   N    7  4
TBIE.DBF....: descricao em branco - IE_BAS09   N    9  2
TBIE.DBF....: descricao em branco - IE_LIM10   N    2  0
TBIE.DBF....: descricao em branco - IE_ALI10   N    7  4
TBIE.DBF....: descricao em branco - IE_BAS10   N    9  2
HORA.DBF....: descricao em branco - CODIGO     C    4  0
HORA.DBF....: descricao em branco - DESCRICAO  C   30  0
HORA.DBF....: descricao em branco - SEG_ENTRA  C    5  0
HORA.DBF....: descricao em branco - SEG_INTER  C    5  0
HORA.DBF....: descricao em branco - SEG_RETOR  C    5  0
HORA.DBF....: descricao em branco - SEG_SAIDA  C    5  0
HORA.DBF....: descricao em branco - TER_ENTRA  C    5  0
HORA.DBF....: descricao em branco - TER_INTER  C    5  0
HORA.DBF....: descricao em branco - TER_RETOR  C    5  0
HORA.DBF....: descricao em branco - TER_SAIDA  C    5  0
HORA.DBF....: descricao em branco - QUA_ENTRA  C    5  0
HORA.DBF....: descricao em branco - QUA_INTER  C    5  0
HORA.DBF....: descricao em branco - QUA_RETOR  C    5  0
HORA.DBF....: descricao em branco - QUA_SAIDA  C    5  0
HORA.DBF....: descricao em branco - QUI_ENTRA  C    5  0
HORA.DBF....: descricao em branco - QUI_INTER  C    5  0
HORA.DBF....: descricao em branco - QUI_RETOR  C    5  0
HORA.DBF....: descricao em branco - QUI_SAIDA  C    5  0
HORA.DBF....: descricao em branco - SEX_ENTRA  C    5  0
HORA.DBF....: descricao em branco - SEX_INTER  C    5  0
HORA.DBF....: descricao em branco - SEX_RETOR  C    5  0
HORA.DBF....: descricao em branco - SEX_SAIDA  C    5  0
HORA.DBF....: descricao em branco - SAB_ENTRA  C    5  0
HORA.DBF....: descricao em branco - SAB_INTER  C    5  0
HORA.DBF....: descricao em branco - SAB_RETOR  C    5  0
HORA.DBF....: descricao em branco - SAB_SAIDA  C    5  0
HORA.DBF....: descricao em branco - DOM_ENTRA  C    5  0
HORA.DBF....: descricao em branco - DOM_INTER  C    5  0
HORA.DBF....: descricao em branco - DOM_RETOR  C    5  0
HORA.DBF....: descricao em branco - DOM_SAIDA  C    5  0
BENEF.DBF...: descricao em branco - ANOMES     C    4  0
BENEF.DBF...: descricao em branco - EVENTO     C    3  0
BENEF.DBF...: descricao em branco - AMBIENTE   C    2  0
BENEF.DBF...: descricao em branco - MATRICULA  C    6  0
BENEF.DBF...: descricao em branco - VALOR      N    9  2
BENEF.DBF...: descricao em branco - FRACAO     N    8  4
BENEF.DBF...: descricao em branco - FIXA       L    1  0
BENEF.DBF...: descricao em branco - N1         N    3  0
BENEF.DBF...: descricao em branco - N2         N    3  0
BENEF.DBF...: descricao em branco - C1         C    1  0
BENEF.DBF...: descricao em branco - C2         C    1  0
FICHA.DBF...: descricao em branco - ANOMES     C    4  0
FICHA.DBF...: descricao em branco - MATRICULA  C    6  0
FICHA.DBF...: descricao em branco - AMBIENTE   C    2  0
FICHA.DBF...: descricao em branco - EVENTO     C    3  0
FICHA.DBF...: descricao em branco - VALOR      N    9  2
FICHA.DBF...: descricao em branco - FRACAO     N    8  4
FICHA.DBF...: descricao em branco - DURACAO    N    2  0
FICHA.DBF...: descricao em branco - FIXA       L    1  0
FICHA.DBF...: descricao em branco - DATA_PG    D    8  0
FICHA.DBF...: descricao em branco - AQUISICAO  C    4  0
EVCFG.DBF...: descricao em branco - EVENTO     C    3  0
EVCFG.DBF...: descricao em branco - TIPO       C    1  0
EVCFG.DBF...: descricao em branco - REF        N   13  4
INTBANC.DBF.: descricao em branco - BANCO      C   30  0
INTBANC.DBF.: descricao em branco - COD_BANCO  C    4  0
RAIS.DBF....: descricao em branco - LINHA      C  280  0
BASE.DBF....: descricao em branco - MATRICULA  C    6  0
BASE.DBF....: descricao em branco - ANOMES     C    4  0
BASE.DBF....: descricao em branco - SALARIO    N    9  2
BASE.DBF....: descricao em branco - PROV_MS    N    9  2
BASE.DBF....: descricao em branco - DESC_MS    N    9  2
BASE.DBF....: descricao em branco - PROV_AD    N    9  2
BASE.DBF....: descricao em branco - DESC_AD    N    9  2
BASE.DBF....: descricao em branco - PROV_FR    N    9  2
BASE.DBF....: descricao em branco - DESC_FR    N    9  2
BASE.DBF....: descricao em branco - PROV_DT    N    9  2
BASE.DBF....: descricao em branco - DESC_DT    N    9  2
BASE.DBF....: descricao em branco - B_INSSMS   N    9  2
BASE.DBF....: descricao em branco - T_INSSMS   N    9  2
BASE.DBF....: descricao em branco - V_INSSMS   N    9  2
BASE.DBF....: descricao em branco - P_INSSMS   N    5  2
BASE.DBF....: descricao em branco - B_INSSDT   N    9  2
BASE.DBF....: descricao em branco - T_INSSDT   N    9  2
BASE.DBF....: descricao em branco - V_INSSDT   N    9  2
BASE.DBF....: descricao em branco - P_INSSDT   N    5  2
BASE.DBF....: descricao em branco - B_INSS13   N    9  2
BASE.DBF....: descricao em branco - T_INSS13   N    9  2
BASE.DBF....: descricao em branco - V_INSS13   N    9  2
BASE.DBF....: descricao em branco - P_INSS13   N    5  2
BASE.DBF....: descricao em branco - B_INSSFR   N    9  2
BASE.DBF....: descricao em branco - T_INSSFR   N    9  2
BASE.DBF....: descricao em branco - V_INSSFR   N    9  2
BASE.DBF....: descricao em branco - P_INSSFR   N    5  2
BASE.DBF....: descricao em branco - B_IRRFMS   N    9  2
BASE.DBF....: descricao em branco - V_IRRFMS   N    9  2
BASE.DBF....: descricao em branco - P_IRRFMS   N    5  2
BASE.DBF....: descricao em branco - D_IRRFMS   N    9  2
BASE.DBF....: descricao em branco - B_IRRFFR   N    9  2
BASE.DBF....: descricao em branco - V_IRRFFR   N    9  2
BASE.DBF....: descricao em branco - P_IRRFFR   N    5  2
BASE.DBF....: descricao em branco - D_IRRFFR   N    9  2
BASE.DBF....: descricao em branco - B_IRRFDT   N    9  2
BASE.DBF....: descricao em branco - V_IRRFDT   N    9  2
BASE.DBF....: descricao em branco - P_IRRFDT   N    5  2
BASE.DBF....: descricao em branco - D_IRRFDT   N    9  2
BASE.DBF....: descricao em branco - B_IRRF13   N    9  2
BASE.DBF....: descricao em branco - V_IRRF13   N    9  2
BASE.DBF....: descricao em branco - P_IRRF13   N    5  2
BASE.DBF....: descricao em branco - D_IRRF13   N    9  2
BASE.DBF....: descricao em branco - B_FGTSMS   N    9  2
BASE.DBF....: descricao em branco - V_FGTSMS   N    9  2
BASE.DBF....: descricao em branco - P_FGTSMS   N    5  2
BASE.DBF....: descricao em branco - B_FGTSFR   N    9  2
BASE.DBF....: descricao em branco - V_FGTSFR   N    9  2
BASE.DBF....: descricao em branco - P_FGTSFR   N    5  2
BASE.DBF....: descricao em branco - B_FGTSDT   N    9  2
BASE.DBF....: descricao em branco - V_FGTSDT   N    9  2
BASE.DBF....: descricao em branco - P_FGTSDT   N    5  2
BASE.DBF....: descricao em branco - B_FGTS13   N    9  2
BASE.DBF....: descricao em branco - V_FGTS13   N    9  2
BASE.DBF....: descricao em branco - P_FGTS13   N    5  2
BASE.DBF....: descricao em branco - B_SALFAM   N    9  2
BASE.DBF....: descricao em branco - V_SALFAM   N    9  2
BASE.DBF....: descricao em branco - DESC_DEP   N    9  2
BASE.DBF....: descricao em branco - DES_MEDICA N    9  2
BASE.DBF....: descricao em branco - PENSAO_JUD N    9  2
BASE.DBF....: descricao em branco - AUX_NAT    N    9  2
BASE.DBF....: descricao em branco - SAL_MAT    N    9  2
BASE.DBF....: descricao em branco - H_EXTRAS   N    9  2
ATIV.DBF....: descricao em branco - CODIGO     C    4  0
ATIV.DBF....: descricao em branco - DESCRICAO  C   40  0
REFGTSM.DBF.: descricao em branco - LINHA      C  250  0
REFGTSU.DBF.: descricao em branco - LINHA      C  250  0
INTEGRA.DBF.: descricao em branco - LINHA      C  150  0
GRPS.DBF....: descricao em branco - ANOMES     C    4  0
GRPS.DBF....: descricao em branco - CODIGO     C    4  0
GRPS.DBF....: descricao em branco - COD_FPAS   C    3  0
GRPS.DBF....: descricao em branco - COD_TERC   C    4  0
GRPS.DBF....: descricao em branco - COD_SAT    C    9  0
GRPS.DBF....: descricao em branco - DESCRICAO  C   40  0
GRPS.DBF....: descricao em branco - ENDERECO   C   50  0
GRPS.DBF....: descricao em branco - BAIRRO     C   20  0
GRPS.DBF....: descricao em branco - CEP        C    8  0
GRPS.DBF....: descricao em branco - CGM        C    6  0
GRPS.DBF....: descricao em branco - TELEFONE   C   10  0
GRPS.DBF....: descricao em branco - CGC        C   18  0
GRPS.DBF....: descricao em branco - CEI        C   15  0
GRPS.DBF....: descricao em branco - PERC_EMPR  N    5  2
GRPS.DBF....: descricao em branco - PERC_ACID  N    5  2
GRPS.DBF....: descricao em branco - PERC_PROL  N    5  2
GRPS.DBF....: descricao em branco - PERC_TERC  N    5  2
GRPS.DBF....: descricao em branco - PERC_AUTO  N    5  2
GRPS.DBF....: descricao em branco - TERC_01    N    5  2
GRPS.DBF....: descricao em branco - TERC_02    N    5  2
GRPS.DBF....: descricao em branco - TERC_03    N    5  2
GRPS.DBF....: descricao em branco - TERC_04    N    5  2
GRPS.DBF....: descricao em branco - TERC_05    N    5  2
GRPS.DBF....: descricao em branco - TERC_06    N    5  2
GRPS.DBF....: descricao em branco - TERC_07    N    5  2
GRPS.DBF....: descricao em branco - TERC_08    N    5  2
GRPS.DBF....: descricao em branco - TERC_09    N    5  2
GRPS.DBF....: descricao em branco - TERC_10    N    5  2
GRPS.DBF....: descricao em branco - TERC_11    N    5  2
GRPS.DBF....: descricao em branco - MENSA_1    C   60  0
GRPS.DBF....: descricao em branco - MENSA_2    C   60  0
GRPS.DBF....: falta o campo       - ANOMES     C    4  0
CONFIG.DBF..: descricao em branco - DATASYS    D    8  0
CONFIG.DBF..: descricao em branco - DATA_ATUAL D    8  0
CONFIG.DBF..: descricao em branco - TIPO_MAT   C    1  0
CONFIG.DBF..: descricao em branco - MATRICULA  N    6  0
CONFIG.DBF..: descricao em branco - SINC_SAL   C    1  0
CONFIG.DBF..: descricao em branco - AUTO_MS    C    1  0
CONFIG.DBF..: descricao em branco - KIT_I_MS   C    3  0
CONFIG.DBF..: descricao em branco - KIT_E_MS   C    3  0
CONFIG.DBF..: descricao em branco - KIT_I_FR   C    3  0
CONFIG.DBF..: descricao em branco - KIT_E_FR   C    3  0
CONFIG.DBF..: descricao em branco - KIT_I_AD   C    3  0
CONFIG.DBF..: descricao em branco - KIT_E_AD   C    3  0
CONFIG.DBF..: descricao em branco - KIT_I_DT   C    3  0
CONFIG.DBF..: descricao em branco - KIT_E_DT   C    3  0
CONFIG.DBF..: descricao em branco - TIP_KIT    C    1  0
CONFIG.DBF..: descricao em branco - BACKUP     L    1  0
CONFIG.DBF..: descricao em branco - DUPLIC_FER L    1  0
CONFIG.DBF..: descricao em branco - CAMPOADIC  C   20  0
CONFIG.DBF..: descricao em branco - FC_HORA    C    1  0
CONFIG.DBF..: descricao em branco - BANCO_FGTS C    8  0
CONFIG.DBF..: descricao em branco - CONTA_FGTS C   13  0
CONFIG.DBF..: descricao em branco - AGENC_SAL  C    3  0
CONFIG.DBF..: descricao em branco - CONTA_SAL  C    7  0
CONFIG.DBF..: descricao em branco - TIPO_CC    C    1  0
CONFIG.DBF..: descricao em branco - CNAE       C    6  0
CONFIG.DBF..: descricao em branco - DIAS_CTR   N    2  0
CONFIG.DBF..: descricao em branco - MCC1       C   67  0
CONFIG.DBF..: descricao em branco - MCC2       C   67  0
CONFIG.DBF..: descricao em branco - CAGED      C    1  0
CONFIG.DBF..: descricao em branco - DIRF       C    1  0
CONFIG.DBF..: descricao em branco - REFGTS     C    1  0
CONFIG.DBF..: descricao em branco - RAIS       C    1  0
CONFIG.DBF..: descricao em branco - VALE       N    2  0
CONFIG.DBF..: descricao em branco - MES_DTBASE C    2  0
CONFIG.DBF..: descricao em branco - MUNIC_RAIS C    8  0
CONFIG.DBF..: descricao em branco - NATU_JURID C    5  0
CONFIG.DBF..: descricao em branco - PROPRIET   C    2  0
CONFIG.DBF..: descricao em branco - CHAVE_PIB  C    6  0
CONFIG.DBF..: descricao em branco - NUM_PIB    N    6  0
CONFIG.DBF..: descricao em branco - PATHCONTA  C   30  0
CONFIG.DBF..: descricao em branco - PATHSHARE  C   30  0
CONFIG.DBF..: descricao em branco - LOTE_INTER N    3  0
CONFIG.DBF..: descricao em branco - GR_SIMPLES C    1  0
CONFIG.DBF..: falta o campo       - GR_SIMPLES C    1  0
VALE.DBF....: descricao em branco - ANOMES     C    4  0
VALE.DBF....: descricao em branco - CODIGO     C    2  0
VALE.DBF....: descricao em branco - DESCRICAO  C   20  0
VALE.DBF....: descricao em branco - VALOR      N    6  2
EVCONT.DBF..: descricao em branco - EVENTO     C    3  0
EVCONT.DBF..: descricao em branco - CONTAD     C   15  0
EVCONT.DBF..: descricao em branco - CONTAC     C   15  0
EVCONT.DBF..: campo nao utilizado - CONT_DB    C    5  0
EVCONT.DBF..: campo nao utilizado - CONT_CR    C    5  0
EVCONT.DBF..: falta o campo       - CONTAD     C   15  0
EVCONT.DBF..: falta o campo       - CONTAC     C   15  0
TBGR.DBF....: descricao em branco - ANOMES     C    4  0
TBGR.DBF....: descricao em branco - GR_SEGVID  N    9  2
TBGR.DBF....: descricao em branco - GR_INDAUX  N    9  2
TBGR.DBF....: descricao em branco - GR_SALMIN  N    9  2
TBGR.DBF....: descricao em branco - GR_NATALI  N    9  2
TBGR.DBF....: descricao em branco - GR_FGTS    N    5  2
TBGR.DBF....: descricao em branco - GR_CESTA   N    9  2
TBGR.DBF....: descricao em branco - GR_TICKET  N    6  2
TBGR.DBF....: descricao em branco - GR_D_UTIL  N    2  0
TBGR.DBF....: descricao em branco - GR_D_DESC  N    2  0
FUN.DBF.....: descricao em branco - MATRICULA  C    6  0
FUN.DBF.....: descricao em branco - MAT_ASS    C    8  0
FUN.DBF.....: descricao em branco - SITUACAO   C    1  0
FUN.DBF.....: descricao em branco - NOME       C   30  0
FUN.DBF.....: descricao em branco - FILIAL     C    4  0
FUN.DBF.....: descricao em branco - CENTRO     C    8  0
FUN.DBF.....: descricao em branco - DEPTO      C    3  0
FUN.DBF.....: descricao em branco - GRPS       C    4  0
FUN.DBF.....: descricao em branco - PRIM_ADM   C    1  0
FUN.DBF.....: descricao em branco - DATA_ADM   D    8  0
FUN.DBF.....: descricao em branco - DATA_RCTR  D    8  0
FUN.DBF.....: descricao em branco - DATA_FCTR  D    8  0
FUN.DBF.....: descricao em branco - NOME_PAI   C   30  0
FUN.DBF.....: descricao em branco - NOME_MAE   C   30  0
FUN.DBF.....: descricao em branco - NAC_PAI    C    1  0
FUN.DBF.....: descricao em branco - NAC_MAE    C    1  0
FUN.DBF.....: descricao em branco - SANGUE     C    1  0
FUN.DBF.....: descricao em branco - CPF_NUM    C   11  0
FUN.DBF.....: descricao em branco - IDT_NUM    C   18  0
FUN.DBF.....: descricao em branco - IDT_EMI    C    7  0
FUN.DBF.....: descricao em branco - IDT_DAT    D    8  0
FUN.DBF.....: descricao em branco - IDT_CGM    C    6  0
FUN.DBF.....: descricao em branco - IDT_VIA    C    1  0
FUN.DBF.....: descricao em branco - CP_EMIS    D    8  0
FUN.DBF.....: descricao em branco - CP_NUM     C    6  0
FUN.DBF.....: descricao em branco - CP_SERIE   C    5  0
FUN.DBF.....: descricao em branco - CP_CGM     C    6  0
FUN.DBF.....: descricao em branco - CP_PAGINA  C    2  0
FUN.DBF.....: descricao em branco - RES_NUM    C   13  0
FUN.DBF.....: descricao em branco - RES_REG    C    5  0
FUN.DBF.....: descricao em branco - RES_CIR    C    5  0
FUN.DBF.....: descricao em branco - RES_SIT    C    1  0
FUN.DBF.....: descricao em branco - HAB_NUM    C    9  0
FUN.DBF.....: descricao em branco - HAB_CAT    C    4  0
FUN.DBF.....: descricao em branco - HAB_DAT    D    8  0
FUN.DBF.....: descricao em branco - HAB_CGM    C    6  0
FUN.DBF.....: descricao em branco - TE_ZON     C    3  0
FUN.DBF.....: descricao em branco - TE_SEC     C    4  0
FUN.DBF.....: descricao em branco - TE_NUM     C   14  0
FUN.DBF.....: descricao em branco - TE_CGM     C    6  0
FUN.DBF.....: descricao em branco - FGTS_DAT   D    8  0
FUN.DBF.....: descricao em branco - FGTS_TAX   N    1  0
FUN.DBF.....: descricao em branco - FGTS_BAN   C    8  0
FUN.DBF.....: descricao em branco - FGTS_NUM   C    9  0
FUN.DBF.....: descricao em branco - FGTS_FUN   N    9  2
FUN.DBF.....: descricao em branco - FGTS_EMP   N    9  2
FUN.DBF.....: descricao em branco - CSAL_DAT   D    8  0
FUN.DBF.....: descricao em branco - CSAL_BAN   C    8  0
FUN.DBF.....: descricao em branco - CSAL_NUM   C    9  0
FUN.DBF.....: descricao em branco - MODAL_PAG  C    1  0
FUN.DBF.....: descricao em branco - PIS_TIP    C    1  0
FUN.DBF.....: descricao em branco - PIS_BAN    C    8  0
FUN.DBF.....: descricao em branco - PIS_NUM    C   11  0
FUN.DBF.....: descricao em branco - PIS_DAT    D    8  0
FUN.DBF.....: descricao em branco - ENDERECO   C   45  0
FUN.DBF.....: descricao em branco - BAIRRO     C   20  0
FUN.DBF.....: descricao em branco - RESID_CGM  C    6  0
FUN.DBF.....: descricao em branco - CEP        C    8  0
FUN.DBF.....: descricao em branco - DDD        C    4  0
FUN.DBF.....: descricao em branco - TELEFONE   C    7  0
FUN.DBF.....: descricao em branco - NACIONAL   C    1  0
FUN.DBF.....: descricao em branco - NC_DAT     D    8  0
FUN.DBF.....: descricao em branco - NC_CGM     C    6  0
FUN.DBF.....: descricao em branco - NC_19      C    7  0
FUN.DBF.....: descricao em branco - NAT_CGM    C    6  0
FUN.DBF.....: descricao em branco - SEXO       C    1  0
FUN.DBF.....: descricao em branco - EST_CIVIL  C    1  0
FUN.DBF.....: descricao em branco - INSTRUCAO  C    1  0
FUN.DBF.....: descricao em branco - DATA_NASC  D    8  0
FUN.DBF.....: descricao em branco - SIND_COD   C    4  0
FUN.DBF.....: descricao em branco - SIND_SIT   C    1  0
FUN.DBF.....: descricao em branco - SIND_MAT   C    6  0
FUN.DBF.....: descricao em branco - SIND_DAT   D    8  0
FUN.DBF.....: descricao em branco - SIND_TIP   C    1  0
FUN.DBF.....: descricao em branco - HOR_TRAB   N    6  2
FUN.DBF.....: descricao em branco - HOR_SEMA   N    6  2
FUN.DBF.....: descricao em branco - EXAME_MED  D    8  0
FUN.DBF.....: descricao em branco - CTP_ETI    C    1  0
FUN.DBF.....: descricao em branco - CTP_QUA    C    2  0
FUN.DBF.....: descricao em branco - CTP_NUM    C    5  0
FUN.DBF.....: descricao em branco - DATA_INSS  D    8  0
FUN.DBF.....: descricao em branco - MAODEOBRA  C    1  0
FUN.DBF.....: descricao em branco - ESTAB_PROV C    1  0
FUN.DBF.....: descricao em branco - ESTAB_DOC  C   20  0
FUN.DBF.....: descricao em branco - ESTAB_DAT  D    8  0
FUN.DBF.....: descricao em branco - VALE_TRANS C    1  0
FUN.DBF.....: descricao em branco - APOSENTADO C    1  0
FUN.DBF.....: descricao em branco - OBS        C   50  0
FUN.DBF.....: descricao em branco - VOL_CONC   N    9  2
FUN.DBF.....: descricao em branco - VOL_PLAS   N    9  2
FUN.DBF.....: descricao em branco - VOL_BOMB   N    9  2
CFGDISQ.DBF.: descricao em branco - EMPRESA    C    3  0
CFGDISQ.DBF.: descricao em branco - RAZAO      C   50  0
CFGDISQ.DBF.: descricao em branco - CAGED      C    1  0
CFGDISQ.DBF.: descricao em branco - RAIS       C    1  0
CFGDISQ.DBF.: descricao em branco - REFGTS     C    1  0
CFGDISQ.DBF.: descricao em branco - CGCCEI     C   14  0
CFGDISQ.DBF.: descricao em branco - CEP        C    8  0
CFGDISQ.DBF.: descricao em branco - ENDERECO   C   50  0
CFGDISQ.DBF.: descricao em branco - BAIRRO     C   20  0
CFGDISQ.DBF.: descricao em branco - MUNICIPIO  C   30  0
CFGDISQ.DBF.: descricao em branco - ESTADO     C    2  0
CFGDISQ.DBF.: descricao em branco - CONVENIO   C    7  0
CFGDISQ.DBF.: descricao em branco - ENCER_ATIV C    1  0
CFGDISQ.DBF.: descricao em branco - PRIM_DECLA C    1  0
CFGDISQ.DBF.: descricao em branco - CLASSE_EMP C    1  0
CFGDISQ.DBF.: descricao em branco - TIPO_INSC  C    1  0
CFGDISQ.DBF.: descricao em branco - MUDOU_INSC C    1  0
CFGDISQ.DBF.: descricao em branco - CAUSA_ALTE C    1  0
CFGDISQ.DBF.: descricao em branco - INSC_ANTE  C   14  0
CFGDISQ.DBF.: descricao em branco - MUDOU_END  C    1  0
CFGDISQ.DBF.: descricao em branco - MUDOU_ATIV C    1  0
CFGDISQ.DBF.: descricao em branco - MUNIC_RAIS C    8  0
CFGDISQ.DBF.: descricao em branco - NATU_JURID C    5  0
CFGDISQ.DBF.: descricao em branco - PROPRIET   C    2  0
CFGDISQ.DBF.: descricao em branco - MES_DTBASE C    2  0
CFGDISQ.DBF.: descricao em branco - CONTATO    C   20  0
CFGDISQ.DBF.: descricao em branco - TELEFONE   C   11  0
CFGDISQ.DBF.: descricao em branco - CLASSE     C    1  0
CFGDISQ.DBF.: campo nao utilizado - COD_RAIS   C    7  0
FORM.DBF....: descricao em branco - CODIGO     C    4  0
FORM.DBF....: descricao em branco - DESCRICAO  C   40  0
FORM.DBF....: descricao em branco - PARAMETER  C    5  0
FORM.DBF....: descricao em branco - FORMULA    M   10  0
FORM.DBF....: descricao em branco - USR_IDT    C   10  0
FORM.DBF....: descricao em branco - ULT_DATA   D    8  0
FORM.DBF....: descricao em branco - ULT_HORA   C    5  0
SITUA.DBF...: descricao em branco - ANOMES     C    4  0
SITUA.DBF...: descricao em branco - MATRICULA  C    6  0
SITUA.DBF...: descricao em branco - SITUACAO   C    1  0
SITUA.DBF...: descricao em branco - CATEGORIA  C    1  0
SITUA.DBF...: descricao em branco - VINCULO    C    1  0
SITUA.DBF...: descricao em branco - TURNO      C    1  0
SITUA.DBF...: descricao em branco - CARGO      C    6  0
SITUA.DBF...: descricao em branco - CBO        C    7  0
SITUA.DBF...: descricao em branco - TIPO_PGTO  C    1  0
SITUA.DBF...: descricao em branco - HENTRADA   C    5  0
SITUA.DBF...: descricao em branco - HINTERVALO C   11  0
SITUA.DBF...: descricao em branco - HSAIDA     C    5  0
SITUA.DBF...: descricao em branco - HSABADO    C   11  0
SITUA.DBF...: descricao em branco - DESCANSO   C    7  0
SITUA.DBF...: descricao em branco - SALARIO    N    9  2
SITUA.DBF...: descricao em branco - SALARIOMA  N    9  2
SITUA.DBF...: descricao em branco - SALARIOPM  N    9  2
SITUA.DBF...: descricao em branco - SALARIOIN  N    9  2
SITUA.DBF...: descricao em branco - DATA_AUMEN D    8  0
SITUA.DBF...: descricao em branco - AF_COD     C    2  0
SITUA.DBF...: descricao em branco - AF_INI     D    8  0
SITUA.DBF...: descricao em branco - AF_RET     D    8  0
SITUA.DBF...: descricao em branco - INICIO_AV  D    8  0
SITUA.DBF...: descricao em branco - FINAL_AV   D    8  0
SITUA.DBF...: descricao em branco - COD_CAGED  C    4  0
SITUA.DBF...: descricao em branco - CODSAQFGTS C    2  0
SITUA.DBF...: descricao em branco - READMISSAO C    1  0
SITUA.DBF...: descricao em branco - AI_FERIAS  D    8  0
SITUA.DBF...: descricao em branco - AF_FERIAS  D    8  0
SITUA.DBF...: descricao em branco - DI_FERIAS  D    8  0
SITUA.DBF...: descricao em branco - DF_FERIAS  D    8  0
SITUA.DBF...: descricao em branco - PI_FERIAS  D    8  0
SITUA.DBF...: descricao em branco - PF_FERIAS  D    8  0
SITUA.DBF...: descricao em branco - BI_FERIAS  D    8  0
SITUA.DBF...: descricao em branco - BF_FERIAS  D    8  0
SITUA.DBF...: descricao em branco - DEP_BOLSA  N    2  0
SITUA.DBF...: descricao em branco - DEP_IR     N    2  0
SITUA.DBF...: descricao em branco - DEP_FAM    N    2  0
SITUA.DBF...: descricao em branco - DEP_SAUDE  N    2  0
SITUA.DBF...: descricao em branco - DEP_VIDA   N    2  0
SITUA.DBF...: descricao em branco - B_IR_M_ANT N    9  2
SITUA.DBF...: descricao em branco - BLOQ       C   24  0
SITUA.DBF...: descricao em branco - TRAV       C   24  0
SITUA.DBF...: descricao em branco - TRANSF     C    1  0
SITUA.DBF...: descricao em branco - DATA_TRANS D    8  0
SITUA.DBF...: descricao em branco - DEBITO     N    9  2
SITUA.DBF...: descricao em branco - KIT_I_MS   C    3  0
SITUA.DBF...: descricao em branco - KIT_E_MS   C    3  0
SITUA.DBF...: descricao em branco - KIT_I_FR   C    3  0
SITUA.DBF...: descricao em branco - KIT_E_FR   C    3  0
SITUA.DBF...: descricao em branco - KIT_I_AD   C    3  0
SITUA.DBF...: descricao em branco - KIT_E_AD   C    3  0
SITUA.DBF...: descricao em branco - KIT_I_DT   C    3  0
SITUA.DBF...: descricao em branco - KIT_E_DT   C    3  0
DEPART.DBF..: descricao em branco - CODIGO     C    3  0
DEPART.DBF..: descricao em branco - DESCRICAO  C   40  0