Application Internal Error - c:\qsys\qsys2web\qsys2web.exe
Terminated at: 2014.11.14 15:27:47
Unrecoverable error 9001: Error recovery failure
Called from QMENSA(11) in QMENSA_.PRG
Called from QUSE(50) in QUSE_.PRG
Called from GETRECEBER(54) in qsys2web.prg
Called from MAIN(31) in qsys2web.prg
------------------------------------------------------------------------
Application Internal Error - C:\Qsys\qsys2web\qsys2web.exe
Terminated at: 2014.11.14 15:29:39
Unrecoverable error 9001: Error recovery failure
Called from QMENSA(11) in QMENSA_.PRG
Called from QUSE(50) in QUSE_.PRG
Called from GETRECEBER(54) in qsys2web.prg
Called from MAIN(31) in qsys2web.prg
------------------------------------------------------------------------
Application Internal Error - C:\Qsys\qsys2web\qsys2web.exe
Terminated at: 2014.11.14 15:35:17
Unrecoverable error 9001: Error recovery failure
Called from QMENSA(11) in QMENSA_.PRG
Called from QUSE(50) in QUSE_.PRG
Called from GETRECEBER(54) in qsys2web.prg
Called from MAIN(31) in qsys2web.prg
------------------------------------------------------------------------
